Attempting to set static arp entries ...
Tracer: 8 >> Using SRC IP: 10.1.0.194 for any spawned virtual tcp-stacks
Tracer: 8 >> Updating firewall rules to drop outgoing TCP-RST packets
Attempting to set firewall rules ...
Tracer: 8 >> CMD TO RUN: /home/vignesh/VT-S3FNet/csudp/mpi_integral/mpi_int 7 16 10.1.0.194 > /home/vignesh/VT-S3FNet/experiment-data/MPI_LA_Enabled_nemus_16_mpi_int/worker7.log
args[0] = /home/vignesh/VT-S3FNet/csudp/mpi_integral/mpi_int
args[1] = 7
args[2] = 16
args[3] = 10.1.0.194
Setting appropriate environment variables ...
HOME DIRECTORY : /home/vignesh
Parsing TTN config file: /home/vignesh/.ttn/projects.db
Setting VT_L1_INS_CACHE_MISS_CYCLES to: 100
Setting VT_L1_INS_CACHE_LINES to: 64
Setting VT_L1_INS_CACHE_SIZE_KB to: 32
Setting VT_L1_INS_CACHE_ASSOC to: 8
Setting VT_L1_INS_CACHE_REPLACEMENT_POLICY to: LRU
Setting VT_L1_DATA_CACHE_MISS_CYCLES to: 100
Setting VT_L1_DATA_CACHE_LINES to: 64
Setting VT_L1_DATA_CACHE_SIZE_KB to: 128
Setting VT_L1_DATA_CACHE_ASSOC to: 4
Setting VT_L1_DATA_CACHE_REPLACEMENT_POLICY to: LRU
Setting VT_CPU_CYLES_NS to: 2.700000
Setting VT_NIC_SPEED_MBPS to: 1000.000000
Setting VT_TIMING_MODEL to: EMPIRICAL
Setting VT_BBL_LOOKAHEAD_FILE to: /home/vignesh/VT-S3FNet/csudp/mpi_integral/.ttn/lookahead/bbl_lookahead.info
Setting VT_LOOP_LOOKAHEAD_FILE to: /home/vignesh/VT-S3FNet/csudp/mpi_integral/.ttn/lookahead/loop_lookahead.info
Starting command: /home/vignesh/VT-S3FNet/csudp/mpi_integral/mpi_int
Loading orig functions !
Starting executable with Pid = 6
Loading pointers to VTL Logic functions
Loaded pointers to all VTL Logic functions
Now Initializing VT-Management 
Extracting env variables !
Extracted tracer-id: 8
Extracted exp-type: 2
Extracted cpu-cycles-ns: 2.700000
Extracted socket-layer-ip: -1040187126
Starting VT-initialization !
Tracer-ID: 8, Timeline-ID: 8
Tracer registration for EXP_CS complete. TimelineID = 8, Return = 8
Tracer Adding to SQ. Tracer ID = 8
Parsing any provided lookahead information ...
Opening file: /home/vignesh/VT-S3FNet/csudp/mpi_integral/.ttn/lookahead/bbl_lookahead.info
File size: 176
mapped memblock size: 176
Finish offset: 18, Number of values: 18
Returning success !
Loaded BBL lookaheads for 18 basic blocks ...
Opening file: /home/vignesh/VT-S3FNet/csudp/mpi_integral/.ttn/lookahead/loop_lookahead.info
File size: 40
mapped memblock size: 40
Finish offset: 1, Number of values: 1
Returning success !
Loaded Loop lookaheads for 1 loops ...
Parsing any data cache params ...
Flushed Data Cache !

******************* Data Cache Stats *******************
Size (kb)                   :       128
Lines size (bytes)          :       64
Associativity               :       4
Miss cycles                 :       100
Num lines                   :       2048
Num sets                    :       512
Offset start                :       0
Set start                   :       6
Tag start                   :       15
Num hits                    :       0
Num misses                  :       0
Num accesses                :       0
Timing Model                :       EMPIRICAL
VT initialization successfull !
Finished Initializing VT-Management 
Initializing TCP-stack ...
TCP stack unique-id: 86
Starting virtual socket layer stack-thread !
Flushed Data Cache !

******************* Data Cache Stats *******************
Size (kb)                   :       128
Lines size (bytes)          :       64
Associativity               :       4
Miss cycles                 :       100
Num lines                   :       2048
Num sets                    :       512
Offset start                :       0
Set start                   :       6
Tag start                   :       15
Num hits                    :       0
Num misses                  :       0
Num accesses                :       0
Timing Model                :       EMPIRICAL
Flushed Data Cache !
Pthread_create: vtStackThread special case
Successfully initialized VTL-Logic embedded into the executable

------------------------- ACTUAL STDOUT FROM EXECUTABLE STARTS -----------------------------

Rank = 7, Total = 16, IP = 10.1.0.194
Adding new vt-tcp-socket !
Creating vt-tcp socket !
bind through vt-tcp !
Server socket bound to ip:port: 10.1.0.194:10000
Waiting for OK message from other nodes !
Waiting for OK message !
listen through vt-tcp !
Accept through vt-tcp !
Successfully received OK message !

---------------- Waiting for higher ranked nodes to connect --------------
listen through vt-tcp !
Accepting connection from higher ranked node: 15
Accept through vt-tcp !
Accepted connection from higher ranked node: 15
Successfully connected with higher ranked node: 15
Accepting connection from higher ranked node: 14
Accept through vt-tcp !
Accepted connection from higher ranked node: 14
Successfully connected with higher ranked node: 14
Accepting connection from higher ranked node: 13
Accept through vt-tcp !
Accepted connection from higher ranked node: 13
Successfully connected with higher ranked node: 13
Accepting connection from higher ranked node: 12
Accept through vt-tcp !
Accepted connection from higher ranked node: 12
Successfully connected with higher ranked node: 12
Accepting connection from higher ranked node: 11
Accept through vt-tcp !
Accepted connection from higher ranked node: 11
Successfully connected with higher ranked node: 11
Accepting connection from higher ranked node: 10
Accept through vt-tcp !
Accepted connection from higher ranked node: 10
Successfully connected with higher ranked node: 10
Accepting connection from higher ranked node: 9
Accept through vt-tcp !
Accepted connection from higher ranked node: 9
Successfully connected with higher ranked node: 9
Accepting connection from higher ranked node: 8
Accept through vt-tcp !
Accepted connection from higher ranked node: 8
Successfully connected with higher ranked node: 8
Closing server socket: 4097
Clearing all tcp timers !
TCP-done for socket: 4097, err: -103

---------------- Connecting to lowed ranked nodes ! --------------
Adding new vt-tcp-socket !
Creating vt-tcp socket !
Connecting to lower ranked node: 6 at 10.1.0.190:10000
Connecting .. Socket: 4107, src-port: 40001
Socket: 4097 garbage collection
Freeing socket: 4097
Waking up connected socket !
Socket connect success. socket = 4107
Connecting through vt-tcp success !
Successfully connected to lower ranked node: 6 at 10.1.0.190:10000
Adding new vt-tcp-socket !
Creating vt-tcp socket !
Connecting to lower ranked node: 5 at 10.1.0.186:10000
Connecting .. Socket: 4108, src-port: 40002
Waking up connected socket !
Socket connect success. socket = 4108
Connecting through vt-tcp success !
Successfully connected to lower ranked node: 5 at 10.1.0.186:10000
Adding new vt-tcp-socket !
Creating vt-tcp socket !
Connecting to lower ranked node: 4 at 10.1.0.182:10000
Connecting .. Socket: 4109, src-port: 40003
Waking up connected socket !
Socket connect success. socket = 4109
Connecting through vt-tcp success !
Successfully connected to lower ranked node: 4 at 10.1.0.182:10000
Adding new vt-tcp-socket !
Creating vt-tcp socket !
Connecting to lower ranked node: 3 at 10.1.0.130:10000
Connecting .. Socket: 4110, src-port: 40004
Waking up connected socket !
Socket connect success. socket = 4110
Connecting through vt-tcp success !
Successfully connected to lower ranked node: 3 at 10.1.0.130:10000
Adding new vt-tcp-socket !
Creating vt-tcp socket !
Connecting to lower ranked node: 2 at 10.1.0.138:10000
Connecting .. Socket: 4111, src-port: 40005
Waking up connected socket !
Socket connect success. socket = 4111
Connecting through vt-tcp success !
Successfully connected to lower ranked node: 2 at 10.1.0.138:10000
Adding new vt-tcp-socket !
Creating vt-tcp socket !
Connecting to lower ranked node: 1 at 10.1.0.142:10000
Connecting .. Socket: 4112, src-port: 40006
Waking up connected socket !
Socket connect success. socket = 4112
Connecting through vt-tcp success !
Successfully connected to lower ranked node: 1 at 10.1.0.142:10000
Adding new vt-tcp-socket !
Creating vt-tcp socket !
Connecting to lower ranked node: 0 at 10.1.0.146:10000
Connecting .. Socket: 4113, src-port: 40007
Waking up connected socket !
Socket connect success. socket = 4113
Connecting through vt-tcp success !
Successfully connected to lower ranked node: 0 at 10.1.0.146:10000

---------------- Creating listen Thread ! --------------

---------------- MPI-Init success ! --------------
Waiting to receive partition information from master !
Adding new Thread: 8
Signal Burst Completion: Flushing Data Cache !
Flushed Data Cache !
Resuming new Thread with Burst of length: 5400
Trigger syscall finish: 6, currActiveThreadID = 8, myThreadID = 6. Flushing Data Cache !
Flushed Data Cache !
Process 7 computing itegral over my_a = 14.000000, my_b= 14.666667
Called SetLoopLookahead: init: 0, final: 100000000, step: 1, loopDepth: 0, cumulative-num-iterations: 100000000, look-ahead-ns: 518518496
Before rcv-wnd: seq: 1, rcv_nxt: 5
tcp-rto: snd_una: 1, rto: 400, backoff: 1, sock-fd = 4108
tcp-rto: snd_una: 1, rto: 400, backoff: 1, sock-fd = 4110
Avg-Compute-Communication-Ratio = 4320.958333
Process 7 contributed MY_TOTAL = 1075900.615517, my_a = 14.000000, my_b= 14.666667
Integral: 0 computed

------------------------------------------------------------------------------
Waiting to receive partition information from master !
Process 7 computing itegral over my_a = 24.000000, my_b= 24.666667
Called SetLoopLookahead: init: 0, final: 100000000, step: 1, loopDepth: 0, cumulative-num-iterations: 100000000, look-ahead-ns: 518518496
Avg-Compute-Communication-Ratio = 4232.775510
Process 7 contributed MY_TOTAL = 3100482.547831, my_a = 24.000000, my_b= 24.666667
Integral: 1 computed

------------------------------------------------------------------------------
Waiting to receive partition information from master !
Process 7 computing itegral over my_a = 34.000000, my_b= 34.666667
Called SetLoopLookahead: init: 0, final: 100000000, step: 1, loopDepth: 0, cumulative-num-iterations: 100000000, look-ahead-ns: 518518496
Avg-Compute-Communication-Ratio = 4159.213904
Process 7 contributed MY_TOTAL = 6172262.031341, my_a = 34.000000, my_b= 34.666667
Integral: 2 computed

------------------------------------------------------------------------------
Waiting to receive partition information from master !
Process 7 computing itegral over my_a = 44.000000, my_b= 44.666667
Called SetLoopLookahead: init: 0, final: 100000000, step: 1, loopDepth: 0, cumulative-num-iterations: 100000000, look-ahead-ns: 518518496
Avg-Compute-Communication-Ratio = 4115.200397
Process 7 contributed MY_TOTAL = 10291239.066048, my_a = 44.000000, my_b= 44.666667
Integral: 3 computed

------------------------------------------------------------------------------
Waiting to receive partition information from master !
Process 7 computing itegral over my_a = 54.000000, my_b= 54.666667
Called SetLoopLookahead: init: 0, final: 100000000, step: 1, loopDepth: 0, cumulative-num-iterations: 100000000, look-ahead-ns: 518518496
Avg-Compute-Communication-Ratio = 4108.678288
Process 7 contributed MY_TOTAL = 15457413.651952, my_a = 54.000000, my_b= 54.666667
Integral: 4 computed

------------------------------------------------------------------------------
Waiting to receive partition information from master !
Process 7 computing itegral over my_a = 64.000000, my_b= 64.666667
Called SetLoopLookahead: init: 0, final: 100000000, step: 1, loopDepth: 0, cumulative-num-iterations: 100000000, look-ahead-ns: 518518496
Avg-Compute-Communication-Ratio = 4093.540789
Process 7 contributed MY_TOTAL = 21670785.789049, my_a = 64.000000, my_b= 64.666667
Integral: 5 computed

------------------------------------------------------------------------------
Waiting to receive partition information from master !
Process 7 computing itegral over my_a = 74.000000, my_b= 74.666667
Called SetLoopLookahead: init: 0, final: 100000000, step: 1, loopDepth: 0, cumulative-num-iterations: 100000000, look-ahead-ns: 518518496
Avg-Compute-Communication-Ratio = 4101.249718
Process 7 contributed MY_TOTAL = 28931355.477347, my_a = 74.000000, my_b= 74.666667
Integral: 6 computed

------------------------------------------------------------------------------
Waiting to receive partition information from master !
Process 7 computing itegral over my_a = 84.000000, my_b= 84.666667
Called SetLoopLookahead: init: 0, final: 100000000, step: 1, loopDepth: 0, cumulative-num-iterations: 100000000, look-ahead-ns: 518518496
Avg-Compute-Communication-Ratio = 4098.934783
Process 7 contributed MY_TOTAL = 37239122.716839, my_a = 84.000000, my_b= 84.666667
Integral: 7 computed

------------------------------------------------------------------------------
Waiting to receive partition information from master !
Process 7 computing itegral over my_a = 94.000000, my_b= 94.666667
Called SetLoopLookahead: init: 0, final: 100000000, step: 1, loopDepth: 0, cumulative-num-iterations: 100000000, look-ahead-ns: 518518496
Avg-Compute-Communication-Ratio = 4079.228147
Process 7 contributed MY_TOTAL = 46594087.507528, my_a = 94.000000, my_b= 94.666667
Integral: 8 computed

------------------------------------------------------------------------------
Waiting to receive partition information from master !
Process 7 computing itegral over my_a = 104.000000, my_b= 104.666667
Called SetLoopLookahead: init: 0, final: 100000000, step: 1, loopDepth: 0, cumulative-num-iterations: 100000000, look-ahead-ns: 518518496
Exp finishing. Stopping stack thread with id: 6!

------------------------- ACTUAL STDOUT FROM EXECUTABLE ENDED -----------------------------


******************* Data Cache Stats *******************
Size (kb)                   :       128
Lines size (bytes)          :       64
Associativity               :       4
Miss cycles                 :       100
Num lines                   :       2048
Num sets                    :       512
Offset start                :       0
Set start                   :       6
Tag start                   :       15
Num hits                    :       159
Num misses                  :       5
Num accesses                :       164
Miss rate                   :       0.030488
Hit rate                    :       0.969512
Timing Model                :       EMPIRICAL
Process: 6 exiting VT experiment !
Main thread exiting. PID = 6
