Attempting to set static arp entries ...
Tracer: 39 >> Using SRC IP: 10.1.20.218 for any spawned virtual tcp-stacks
Tracer: 39 >> Updating firewall rules to drop outgoing TCP-RST packets
Attempting to set firewall rules ...
Tracer: 39 >> CMD TO RUN: /home/vignesh/VT-S3FNet/csudp/tcp_tgen/tgen client 59 10.1.21.162 7891 rate 100 > /home/vignesh/VT-S3FNet/experiment-data/TCP_LA_Enabled_nemus_100_ratelim_rate_100/client59.log
args[0] = /home/vignesh/VT-S3FNet/csudp/tcp_tgen/tgen
args[1] = client
args[2] = 59
args[3] = 10.1.21.162
args[4] = 7891
args[5] = rate
args[6] = 100
Setting appropriate environment variables ...
HOME DIRECTORY : /home/vignesh
Parsing TTN config file: /home/vignesh/.ttn/projects.db
Setting VT_L1_INS_CACHE_MISS_CYCLES to: 100
Setting VT_L1_INS_CACHE_LINES to: 64
Setting VT_L1_INS_CACHE_SIZE_KB to: 32
Setting VT_L1_INS_CACHE_ASSOC to: 8
Setting VT_L1_INS_CACHE_REPLACEMENT_POLICY to: LRU
Setting VT_L1_DATA_CACHE_MISS_CYCLES to: 100
Setting VT_L1_DATA_CACHE_LINES to: 64
Setting VT_L1_DATA_CACHE_SIZE_KB to: 32
Setting VT_L1_DATA_CACHE_ASSOC to: 8
Setting VT_L1_DATA_CACHE_REPLACEMENT_POLICY to: LRU
Setting VT_CPU_CYLES_NS to: 2.700000
Setting VT_NIC_SPEED_MBPS to: 1000.000000
Setting VT_TIMING_MODEL to: EMPIRICAL
Setting VT_BBL_LOOKAHEAD_FILE to: /home/vignesh/VT-S3FNet/csudp/tcp_tgen/.ttn/lookahead/bbl_lookahead.info
Setting VT_LOOP_LOOKAHEAD_FILE to: /home/vignesh/VT-S3FNet/csudp/tcp_tgen/.ttn/lookahead/loop_lookahead.info
Starting command: /home/vignesh/VT-S3FNet/csudp/tcp_tgen/tgen
Loading orig functions !
Starting executable with Pid = 6
Loading pointers to VTL Logic functions
Loaded pointers to all VTL Logic functions
Now Initializing VT-Management 
Extracting env variables !
Extracted tracer-id: 39
Extracted exp-type: 2
Extracted cpu-cycles-ns: 2.700000
Extracted socket-layer-ip: -636223222
Starting VT-initialization !
Tracer-ID: 39, Timeline-ID: 39
Tracer registration for EXP_CS complete. TimelineID = 39, Return = 39
Tracer Adding to SQ. Tracer ID = 39
Parsing any provided lookahead information ...
Opening file: /home/vignesh/VT-S3FNet/csudp/tcp_tgen/.ttn/lookahead/bbl_lookahead.info
File size: 592
mapped memblock size: 592
Finish offset: 70, Number of values: 70
Returning success !
Loaded BBL lookaheads for 70 basic blocks ...
Opening file: /home/vignesh/VT-S3FNet/csudp/tcp_tgen/.ttn/lookahead/loop_lookahead.info
Failed to parse Loop Lookaheads. Ignoring ...
VT initialization successfull !
Finished Initializing VT-Management 
Initializing TCP-stack ...
TCP stack unique-id: 396
Starting virtual socket layer stack-thread !
Pthread_create: vtStackThread special case
Successfully initialized VTL-Logic embedded into the executable

------------------------- ACTUAL STDOUT FROM EXECUTABLE STARTS -----------------------------

Client: MyPid: 6
Adding new vt-tcp-socket !
Creating vt-tcp socket !
Client socket fd = 4097
setsockopt through vt-tcp !
setsockopt through vt-tcp !
Connecting to server ...
Connecting .. Socket: 4097, src-port: 40001
Waking up connected socket !
Socket connect success. socket = 4097
Connecting through vt-tcp success !
Sending data ...
Sending msgs of size: 1460 to server at rate 100 (Mbps)...
Bytes Sent = 125560, targetBytesSent = 125000, timeLeft (us) = 6590
Bytes Sent = 125560, targetBytesSent = 124440, timeLeft (us) = 6599
Bytes Sent = 124100, targetBytesSent = 123880, timeLeft (us) = 6578
Bytes Sent = 125560, targetBytesSent = 124780, timeLeft (us) = 6609
Bytes Sent = 125560, targetBytesSent = 124220, timeLeft (us) = 6584
Bytes Sent = 124100, targetBytesSent = 123660, timeLeft (us) = 6593
Bytes Sent = 125560, targetBytesSent = 124560, timeLeft (us) = 6584
Bytes Sent = 124100, targetBytesSent = 124000, timeLeft (us) = 6572
Client sent: 1 MBs of data
Bytes Sent = 125560, targetBytesSent = 124900, timeLeft (us) = 6579
Bytes Sent = 125560, targetBytesSent = 124340, timeLeft (us) = 6571
Bytes Sent = 124100, targetBytesSent = 123780, timeLeft (us) = 6575
Bytes Sent = 125560, targetBytesSent = 124680, timeLeft (us) = 6572
Bytes Sent = 125560, targetBytesSent = 124120, timeLeft (us) = 6525
Bytes Sent = 124100, targetBytesSent = 123560, timeLeft (us) = 6522
Bytes Sent = 125560, targetBytesSent = 124460, timeLeft (us) = 6500
Bytes Sent = 124100, targetBytesSent = 123900, timeLeft (us) = 6503
Client sent: 2 MBs of data
Bytes Sent = 125560, targetBytesSent = 124800, timeLeft (us) = 6469
Bytes Sent = 125560, targetBytesSent = 124240, timeLeft (us) = 6491
Bytes Sent = 124100, targetBytesSent = 123680, timeLeft (us) = 6475
Bytes Sent = 125560, targetBytesSent = 124580, timeLeft (us) = 6447
Bytes Sent = 124100, targetBytesSent = 124020, timeLeft (us) = 6466
Bytes Sent = 125560, targetBytesSent = 124920, timeLeft (us) = 6432
Bytes Sent = 125560, targetBytesSent = 124360, timeLeft (us) = 6451
Bytes Sent = 124100, targetBytesSent = 123800, timeLeft (us) = 6438
Client sent: 3 MBs of data
Bytes Sent = 125560, targetBytesSent = 124700, timeLeft (us) = 6417
Bytes Sent = 125560, targetBytesSent = 124140, timeLeft (us) = 6406
Bytes Sent = 124100, targetBytesSent = 123580, timeLeft (us) = 6361
Bytes Sent = 125560, targetBytesSent = 124480, timeLeft (us) = 6388
Bytes Sent = 124100, targetBytesSent = 123920, timeLeft (us) = 6363
Bytes Sent = 125560, targetBytesSent = 124820, timeLeft (us) = 6392
Bytes Sent = 125560, targetBytesSent = 124260, timeLeft (us) = 6416
Bytes Sent = 124100, targetBytesSent = 123700, timeLeft (us) = 6388
Client sent: 4 MBs of data
Bytes Sent = 125560, targetBytesSent = 124600, timeLeft (us) = 6397
Bytes Sent = 124100, targetBytesSent = 124040, timeLeft (us) = 6384
Bytes Sent = 125560, targetBytesSent = 124940, timeLeft (us) = 6402
Bytes Sent = 125560, targetBytesSent = 124380, timeLeft (us) = 6323
Bytes Sent = 124100, targetBytesSent = 123820, timeLeft (us) = 6324
Bytes Sent = 125560, targetBytesSent = 124720, timeLeft (us) = 6307
Bytes Sent = 125560, targetBytesSent = 124160, timeLeft (us) = 6335
Bytes Sent = 124100, targetBytesSent = 123600, timeLeft (us) = 6414
Client sent: 5 MBs of data
Bytes Sent = 125560, targetBytesSent = 124500, timeLeft (us) = 6434
Bytes Sent = 124100, targetBytesSent = 123940, timeLeft (us) = 6448
Bytes Sent = 125560, targetBytesSent = 124840, timeLeft (us) = 6413
Bytes Sent = 125560, targetBytesSent = 124280, timeLeft (us) = 6434
Bytes Sent = 124100, targetBytesSent = 123720, timeLeft (us) = 6424
Bytes Sent = 125560, targetBytesSent = 124620, timeLeft (us) = 6428
Bytes Sent = 124100, targetBytesSent = 124060, timeLeft (us) = 6437
Bytes Sent = 125560, targetBytesSent = 124960, timeLeft (us) = 6412
Client sent: 6 MBs of data
Bytes Sent = 125560, targetBytesSent = 124400, timeLeft (us) = 6412
Bytes Sent = 124100, targetBytesSent = 123840, timeLeft (us) = 6411
Bytes Sent = 125560, targetBytesSent = 124740, timeLeft (us) = 6404
Bytes Sent = 125560, targetBytesSent = 124180, timeLeft (us) = 6445
Bytes Sent = 124100, targetBytesSent = 123620, timeLeft (us) = 6436
Bytes Sent = 125560, targetBytesSent = 124520, timeLeft (us) = 6462
Bytes Sent = 124100, targetBytesSent = 123960, timeLeft (us) = 6469
Bytes Sent = 125560, targetBytesSent = 124860, timeLeft (us) = 6443
Client sent: 7 MBs of data
Bytes Sent = 125560, targetBytesSent = 124300, timeLeft (us) = 6484
Bytes Sent = 124100, targetBytesSent = 123740, timeLeft (us) = 6493
Bytes Sent = 125560, targetBytesSent = 124640, timeLeft (us) = 6472
Bytes Sent = 124100, targetBytesSent = 124080, timeLeft (us) = 6486
Bytes Sent = 125560, targetBytesSent = 124980, timeLeft (us) = 6504
Bytes Sent = 125560, targetBytesSent = 124420, timeLeft (us) = 6509
Bytes Sent = 124100, targetBytesSent = 123860, timeLeft (us) = 6548
Bytes Sent = 125560, targetBytesSent = 124760, timeLeft (us) = 6545
Client sent: 8 MBs of data
Bytes Sent = 125560, targetBytesSent = 124200, timeLeft (us) = 6546
Bytes Sent = 124100, targetBytesSent = 123640, timeLeft (us) = 6547
Bytes Sent = 125560, targetBytesSent = 124540, timeLeft (us) = 6547
Bytes Sent = 124100, targetBytesSent = 123980, timeLeft (us) = 6572
Bytes Sent = 125560, targetBytesSent = 124880, timeLeft (us) = 6555
Bytes Sent = 125560, targetBytesSent = 124320, timeLeft (us) = 6566
Bytes Sent = 124100, targetBytesSent = 123760, timeLeft (us) = 6538
Bytes Sent = 125560, targetBytesSent = 124660, timeLeft (us) = 6555
Client sent: 9 MBs of data
Bytes Sent = 124100, targetBytesSent = 124100, timeLeft (us) = 6528
Bytes Sent = 125560, targetBytesSent = 125000, timeLeft (us) = 6575
Bytes Sent = 125560, targetBytesSent = 124440, timeLeft (us) = 6566
Bytes Sent = 124100, targetBytesSent = 123880, timeLeft (us) = 6568
Bytes Sent = 125560, targetBytesSent = 124780, timeLeft (us) = 6561
Bytes Sent = 125560, targetBytesSent = 124220, timeLeft (us) = 6515
Bytes Sent = 124100, targetBytesSent = 123660, timeLeft (us) = 6528
Bytes Sent = 125560, targetBytesSent = 124560, timeLeft (us) = 6521
Client sent: 10 MBs of data
Bytes Sent = 124100, targetBytesSent = 124000, timeLeft (us) = 6530
Bytes Sent = 125560, targetBytesSent = 124900, timeLeft (us) = 6571
Bytes Sent = 125560, targetBytesSent = 124340, timeLeft (us) = 6535
Bytes Sent = 124100, targetBytesSent = 123780, timeLeft (us) = 6527
Bytes Sent = 125560, targetBytesSent = 124680, timeLeft (us) = 6499
Bytes Sent = 125560, targetBytesSent = 124120, timeLeft (us) = 6507
Bytes Sent = 124100, targetBytesSent = 123560, timeLeft (us) = 6534
Bytes Sent = 125560, targetBytesSent = 124460, timeLeft (us) = 6482
Client sent: 11 MBs of data
Bytes Sent = 124100, targetBytesSent = 123900, timeLeft (us) = 6518
Bytes Sent = 125560, targetBytesSent = 124800, timeLeft (us) = 6508
Bytes Sent = 125560, targetBytesSent = 124240, timeLeft (us) = 6508
Bytes Sent = 124100, targetBytesSent = 123680, timeLeft (us) = 6497
Bytes Sent = 125560, targetBytesSent = 124580, timeLeft (us) = 6470
Bytes Sent = 124100, targetBytesSent = 124020, timeLeft (us) = 6460
Bytes Sent = 125560, targetBytesSent = 124920, timeLeft (us) = 6446
Bytes Sent = 125560, targetBytesSent = 124360, timeLeft (us) = 6377
Client sent: 12 MBs of data
Bytes Sent = 124100, targetBytesSent = 123800, timeLeft (us) = 6378
Bytes Sent = 125560, targetBytesSent = 124700, timeLeft (us) = 6381
Bytes Sent = 125560, targetBytesSent = 124140, timeLeft (us) = 6386
Bytes Sent = 124100, targetBytesSent = 123580, timeLeft (us) = 6391
Bytes Sent = 125560, targetBytesSent = 124480, timeLeft (us) = 6414
Bytes Sent = 124100, targetBytesSent = 123920, timeLeft (us) = 6398
Bytes Sent = 125560, targetBytesSent = 124820, timeLeft (us) = 6404
Bytes Sent = 125560, targetBytesSent = 124260, timeLeft (us) = 6396
Client sent: 13 MBs of data
Bytes Sent = 124100, targetBytesSent = 123700, timeLeft (us) = 6384
Bytes Sent = 125560, targetBytesSent = 124600, timeLeft (us) = 6383
Bytes Sent = 124100, targetBytesSent = 124040, timeLeft (us) = 6418
Bytes Sent = 125560, targetBytesSent = 124940, timeLeft (us) = 6398
Bytes Sent = 125560, targetBytesSent = 124380, timeLeft (us) = 6390
Bytes Sent = 124100, targetBytesSent = 123820, timeLeft (us) = 6391
Bytes Sent = 125560, targetBytesSent = 124720, timeLeft (us) = 6388
Bytes Sent = 125560, targetBytesSent = 124160, timeLeft (us) = 6430
Client sent: 14 MBs of data
Bytes Sent = 124100, targetBytesSent = 123600, timeLeft (us) = 6374
Bytes Sent = 125560, targetBytesSent = 124500, timeLeft (us) = 6408
Bytes Sent = 124100, targetBytesSent = 123940, timeLeft (us) = 6368
Bytes Sent = 125560, targetBytesSent = 124840, timeLeft (us) = 6386
Bytes Sent = 125560, targetBytesSent = 124280, timeLeft (us) = 6376
Bytes Sent = 124100, targetBytesSent = 123720, timeLeft (us) = 6383
Bytes Sent = 125560, targetBytesSent = 124620, timeLeft (us) = 6363
Bytes Sent = 124100, targetBytesSent = 124060, timeLeft (us) = 6410
Client sent: 15 MBs of data
Bytes Sent = 125560, targetBytesSent = 124960, timeLeft (us) = 6404
Bytes Sent = 125560, targetBytesSent = 124400, timeLeft (us) = 6420
Bytes Sent = 124100, targetBytesSent = 123840, timeLeft (us) = 6397
Bytes Sent = 125560, targetBytesSent = 124740, timeLeft (us) = 6380
Bytes Sent = 125560, targetBytesSent = 124180, timeLeft (us) = 6373
Bytes Sent = 124100, targetBytesSent = 123620, timeLeft (us) = 6370
Bytes Sent = 125560, targetBytesSent = 124520, timeLeft (us) = 6388
Bytes Sent = 124100, targetBytesSent = 123960, timeLeft (us) = 6405
Client sent: 16 MBs of data
Bytes Sent = 125560, targetBytesSent = 124860, timeLeft (us) = 6387
Bytes Sent = 125560, targetBytesSent = 124300, timeLeft (us) = 6398
Bytes Sent = 124100, targetBytesSent = 123740, timeLeft (us) = 6423
Bytes Sent = 125560, targetBytesSent = 124640, timeLeft (us) = 6414
Bytes Sent = 124100, targetBytesSent = 124080, timeLeft (us) = 6415
Bytes Sent = 125560, targetBytesSent = 124980, timeLeft (us) = 6424
Bytes Sent = 125560, targetBytesSent = 124420, timeLeft (us) = 6394
Bytes Sent = 124100, targetBytesSent = 123860, timeLeft (us) = 6402
Client sent: 17 MBs of data
Bytes Sent = 125560, targetBytesSent = 124760, timeLeft (us) = 6407
Bytes Sent = 125560, targetBytesSent = 124200, timeLeft (us) = 6458
Bytes Sent = 124100, targetBytesSent = 123640, timeLeft (us) = 6439
Bytes Sent = 125560, targetBytesSent = 124540, timeLeft (us) = 6468
Bytes Sent = 124100, targetBytesSent = 123980, timeLeft (us) = 6478
Bytes Sent = 125560, targetBytesSent = 124880, timeLeft (us) = 6462
Bytes Sent = 125560, targetBytesSent = 124320, timeLeft (us) = 6478
Bytes Sent = 124100, targetBytesSent = 123760, timeLeft (us) = 6456
Client sent: 18 MBs of data
Bytes Sent = 125560, targetBytesSent = 124660, timeLeft (us) = 6473
Bytes Sent = 124100, targetBytesSent = 124100, timeLeft (us) = 6473
Bytes Sent = 125560, targetBytesSent = 125000, timeLeft (us) = 6488
Bytes Sent = 125560, targetBytesSent = 124440, timeLeft (us) = 6478
Bytes Sent = 124100, targetBytesSent = 123880, timeLeft (us) = 6492
Bytes Sent = 125560, targetBytesSent = 124780, timeLeft (us) = 6508
Bytes Sent = 125560, targetBytesSent = 124220, timeLeft (us) = 6499
Bytes Sent = 124100, targetBytesSent = 123660, timeLeft (us) = 6485
Client sent: 19 MBs of data
Bytes Sent = 125560, targetBytesSent = 124560, timeLeft (us) = 6474
Bytes Sent = 124100, targetBytesSent = 124000, timeLeft (us) = 6500
Bytes Sent = 125560, targetBytesSent = 124900, timeLeft (us) = 6532
Bytes Sent = 125560, targetBytesSent = 124340, timeLeft (us) = 6520
Bytes Sent = 124100, targetBytesSent = 123780, timeLeft (us) = 6505
Bytes Sent = 125560, targetBytesSent = 124680, timeLeft (us) = 6506
Bytes Sent = 125560, targetBytesSent = 124120, timeLeft (us) = 6556
Bytes Sent = 124100, targetBytesSent = 123560, timeLeft (us) = 6555
Client sent: 20 MBs of data
Bytes Sent = 125560, targetBytesSent = 124460, timeLeft (us) = 6510
Bytes Sent = 124100, targetBytesSent = 123900, timeLeft (us) = 6572
Bytes Sent = 125560, targetBytesSent = 124800, timeLeft (us) = 6588
Bytes Sent = 125560, targetBytesSent = 124240, timeLeft (us) = 6554
Bytes Sent = 124100, targetBytesSent = 123680, timeLeft (us) = 6546
Bytes Sent = 125560, targetBytesSent = 124580, timeLeft (us) = 6510
Bytes Sent = 124100, targetBytesSent = 124020, timeLeft (us) = 6497
Bytes Sent = 125560, targetBytesSent = 124920, timeLeft (us) = 6482
Client sent: 21 MBs of data
Bytes Sent = 125560, targetBytesSent = 124360, timeLeft (us) = 6498
Bytes Sent = 124100, targetBytesSent = 123800, timeLeft (us) = 6480
Bytes Sent = 125560, targetBytesSent = 124700, timeLeft (us) = 6493
Bytes Sent = 125560, targetBytesSent = 124140, timeLeft (us) = 6480
Bytes Sent = 124100, targetBytesSent = 123580, timeLeft (us) = 6474
Bytes Sent = 125560, targetBytesSent = 124480, timeLeft (us) = 6455
Bytes Sent = 124100, targetBytesSent = 123920, timeLeft (us) = 6446
Bytes Sent = 125560, targetBytesSent = 124820, timeLeft (us) = 6381
Client sent: 22 MBs of data
Bytes Sent = 125560, targetBytesSent = 124260, timeLeft (us) = 6379
Bytes Sent = 124100, targetBytesSent = 123700, timeLeft (us) = 6433
Bytes Sent = 125560, targetBytesSent = 124600, timeLeft (us) = 6409
Bytes Sent = 124100, targetBytesSent = 124040, timeLeft (us) = 6450
Bytes Sent = 125560, targetBytesSent = 124940, timeLeft (us) = 6450
Bytes Sent = 125560, targetBytesSent = 124380, timeLeft (us) = 6439
Bytes Sent = 124100, targetBytesSent = 123820, timeLeft (us) = 6386
Bytes Sent = 125560, targetBytesSent = 124720, timeLeft (us) = 6333
Client sent: 23 MBs of data
Bytes Sent = 125560, targetBytesSent = 124160, timeLeft (us) = 6340
Bytes Sent = 124100, targetBytesSent = 123600, timeLeft (us) = 6379
Bytes Sent = 125560, targetBytesSent = 124500, timeLeft (us) = 6287
Bytes Sent = 124100, targetBytesSent = 123940, timeLeft (us) = 6304
Bytes Sent = 125560, targetBytesSent = 124840, timeLeft (us) = 6229
Bytes Sent = 125560, targetBytesSent = 124280, timeLeft (us) = 6203
Bytes Sent = 124100, targetBytesSent = 123720, timeLeft (us) = 6213
Bytes Sent = 125560, targetBytesSent = 124620, timeLeft (us) = 6246
Client sent: 24 MBs of data
Bytes Sent = 124100, targetBytesSent = 124060, timeLeft (us) = 6281
Bytes Sent = 125560, targetBytesSent = 124960, timeLeft (us) = 6318
Bytes Sent = 125560, targetBytesSent = 124400, timeLeft (us) = 6313
Bytes Sent = 124100, targetBytesSent = 123840, timeLeft (us) = 6271
Bytes Sent = 125560, targetBytesSent = 124740, timeLeft (us) = 6226
Bytes Sent = 125560, targetBytesSent = 124180, timeLeft (us) = 6231
Bytes Sent = 124100, targetBytesSent = 123620, timeLeft (us) = 6239
Bytes Sent = 125560, targetBytesSent = 124520, timeLeft (us) = 6272
Client sent: 25 MBs of data
Bytes Sent = 124100, targetBytesSent = 123960, timeLeft (us) = 6302
Bytes Sent = 125560, targetBytesSent = 124860, timeLeft (us) = 6378
Bytes Sent = 125560, targetBytesSent = 124300, timeLeft (us) = 6348
Bytes Sent = 124100, targetBytesSent = 123740, timeLeft (us) = 6389
Bytes Sent = 125560, targetBytesSent = 124640, timeLeft (us) = 6373
Bytes Sent = 124100, targetBytesSent = 124080, timeLeft (us) = 6321
Bytes Sent = 125560, targetBytesSent = 124980, timeLeft (us) = 6314
Bytes Sent = 125560, targetBytesSent = 124420, timeLeft (us) = 6388
Client sent: 26 MBs of data
Bytes Sent = 124100, targetBytesSent = 123860, timeLeft (us) = 6392
Bytes Sent = 125560, targetBytesSent = 124760, timeLeft (us) = 6421
Bytes Sent = 125560, targetBytesSent = 124200, timeLeft (us) = 6424
Bytes Sent = 124100, targetBytesSent = 123640, timeLeft (us) = 6407
Bytes Sent = 125560, targetBytesSent = 124540, timeLeft (us) = 6416
Bytes Sent = 124100, targetBytesSent = 123980, timeLeft (us) = 6443
Bytes Sent = 125560, targetBytesSent = 124880, timeLeft (us) = 6470
Bytes Sent = 125560, targetBytesSent = 124320, timeLeft (us) = 6462
Client sent: 27 MBs of data
Bytes Sent = 124100, targetBytesSent = 123760, timeLeft (us) = 6452
Bytes Sent = 125560, targetBytesSent = 124660, timeLeft (us) = 6452
Bytes Sent = 124100, targetBytesSent = 124100, timeLeft (us) = 6465
Bytes Sent = 125560, targetBytesSent = 125000, timeLeft (us) = 6441
Bytes Sent = 125560, targetBytesSent = 124440, timeLeft (us) = 6465
Bytes Sent = 124100, targetBytesSent = 123880, timeLeft (us) = 6477
Bytes Sent = 125560, targetBytesSent = 124780, timeLeft (us) = 6471
Bytes Sent = 125560, targetBytesSent = 124220, timeLeft (us) = 6478
Client sent: 28 MBs of data
Bytes Sent = 124100, targetBytesSent = 123660, timeLeft (us) = 6488
Bytes Sent = 125560, targetBytesSent = 124560, timeLeft (us) = 6479
Bytes Sent = 124100, targetBytesSent = 124000, timeLeft (us) = 6459
Bytes Sent = 125560, targetBytesSent = 124900, timeLeft (us) = 6430
Bytes Sent = 125560, targetBytesSent = 124340, timeLeft (us) = 6462
Bytes Sent = 124100, targetBytesSent = 123780, timeLeft (us) = 6467
Bytes Sent = 125560, targetBytesSent = 124680, timeLeft (us) = 6504
Bytes Sent = 125560, targetBytesSent = 124120, timeLeft (us) = 6522
Client sent: 29 MBs of data
Bytes Sent = 124100, targetBytesSent = 123560, timeLeft (us) = 6514
Bytes Sent = 125560, targetBytesSent = 124460, timeLeft (us) = 6464
Bytes Sent = 124100, targetBytesSent = 123900, timeLeft (us) = 6471
Bytes Sent = 125560, targetBytesSent = 124800, timeLeft (us) = 6494
Bytes Sent = 125560, targetBytesSent = 124240, timeLeft (us) = 6481
Bytes Sent = 124100, targetBytesSent = 123680, timeLeft (us) = 6483
Bytes Sent = 125560, targetBytesSent = 124580, timeLeft (us) = 6493
Bytes Sent = 124100, targetBytesSent = 124020, timeLeft (us) = 6486
Client sent: 30 MBs of data
Bytes Sent = 125560, targetBytesSent = 124920, timeLeft (us) = 6492
Bytes Sent = 125560, targetBytesSent = 124360, timeLeft (us) = 6518
Bytes Sent = 124100, targetBytesSent = 123800, timeLeft (us) = 6484
Bytes Sent = 125560, targetBytesSent = 124700, timeLeft (us) = 6504
Bytes Sent = 125560, targetBytesSent = 124140, timeLeft (us) = 6506
Bytes Sent = 124100, targetBytesSent = 123580, timeLeft (us) = 6512
Bytes Sent = 125560, targetBytesSent = 124480, timeLeft (us) = 6478
Bytes Sent = 124100, targetBytesSent = 123920, timeLeft (us) = 6447
Client sent: 31 MBs of data
Bytes Sent = 125560, targetBytesSent = 124820, timeLeft (us) = 6474
Bytes Sent = 125560, targetBytesSent = 124260, timeLeft (us) = 6439
Bytes Sent = 124100, targetBytesSent = 123700, timeLeft (us) = 6376
Bytes Sent = 125560, targetBytesSent = 124600, timeLeft (us) = 6371
Bytes Sent = 124100, targetBytesSent = 124040, timeLeft (us) = 6337
Bytes Sent = 125560, targetBytesSent = 124940, timeLeft (us) = 6359
Bytes Sent = 125560, targetBytesSent = 124380, timeLeft (us) = 6345
Bytes Sent = 124100, targetBytesSent = 123820, timeLeft (us) = 6337
Client sent: 32 MBs of data
Bytes Sent = 125560, targetBytesSent = 124720, timeLeft (us) = 6333
Bytes Sent = 125560, targetBytesSent = 124160, timeLeft (us) = 6287
Bytes Sent = 124100, targetBytesSent = 123600, timeLeft (us) = 6307
Bytes Sent = 125560, targetBytesSent = 124500, timeLeft (us) = 6315
Bytes Sent = 124100, targetBytesSent = 123940, timeLeft (us) = 6254
Bytes Sent = 125560, targetBytesSent = 124840, timeLeft (us) = 6247
Bytes Sent = 125560, targetBytesSent = 124280, timeLeft (us) = 6240
Bytes Sent = 124100, targetBytesSent = 123720, timeLeft (us) = 6240
Client sent: 33 MBs of data
Bytes Sent = 125560, targetBytesSent = 124620, timeLeft (us) = 6273
Bytes Sent = 124100, targetBytesSent = 124060, timeLeft (us) = 6237
Bytes Sent = 125560, targetBytesSent = 124960, timeLeft (us) = 6206
Bytes Sent = 125560, targetBytesSent = 124400, timeLeft (us) = 6231
Bytes Sent = 124100, targetBytesSent = 123840, timeLeft (us) = 6216
Bytes Sent = 125560, targetBytesSent = 124740, timeLeft (us) = 6273
Bytes Sent = 125560, targetBytesSent = 124180, timeLeft (us) = 6271
Bytes Sent = 124100, targetBytesSent = 123620, timeLeft (us) = 6315
Client sent: 34 MBs of data
Bytes Sent = 125560, targetBytesSent = 124520, timeLeft (us) = 6314
Bytes Sent = 124100, targetBytesSent = 123960, timeLeft (us) = 6335
Bytes Sent = 125560, targetBytesSent = 124860, timeLeft (us) = 6278
Bytes Sent = 125560, targetBytesSent = 124300, timeLeft (us) = 6309
Bytes Sent = 124100, targetBytesSent = 123740, timeLeft (us) = 6360
Bytes Sent = 125560, targetBytesSent = 124640, timeLeft (us) = 6343
Bytes Sent = 124100, targetBytesSent = 124080, timeLeft (us) = 6360
Bytes Sent = 125560, targetBytesSent = 124980, timeLeft (us) = 6374
Client sent: 35 MBs of data
Bytes Sent = 125560, targetBytesSent = 124420, timeLeft (us) = 6311
Bytes Sent = 124100, targetBytesSent = 123860, timeLeft (us) = 6267
Bytes Sent = 125560, targetBytesSent = 124760, timeLeft (us) = 6297
Bytes Sent = 125560, targetBytesSent = 124200, timeLeft (us) = 6296
Bytes Sent = 124100, targetBytesSent = 123640, timeLeft (us) = 6310
Bytes Sent = 125560, targetBytesSent = 124540, timeLeft (us) = 6350
Bytes Sent = 124100, targetBytesSent = 123980, timeLeft (us) = 6364
Bytes Sent = 125560, targetBytesSent = 124880, timeLeft (us) = 6347
Client sent: 36 MBs of data
Bytes Sent = 125560, targetBytesSent = 124320, timeLeft (us) = 6335
Bytes Sent = 124100, targetBytesSent = 123760, timeLeft (us) = 6317
Bytes Sent = 125560, targetBytesSent = 124660, timeLeft (us) = 6353
Bytes Sent = 124100, targetBytesSent = 124100, timeLeft (us) = 6384
Bytes Sent = 125560, targetBytesSent = 125000, timeLeft (us) = 6383
Bytes Sent = 125560, targetBytesSent = 124440, timeLeft (us) = 6408
Bytes Sent = 124100, targetBytesSent = 123880, timeLeft (us) = 6416
Bytes Sent = 125560, targetBytesSent = 124780, timeLeft (us) = 6393
Client sent: 37 MBs of data
Bytes Sent = 125560, targetBytesSent = 124220, timeLeft (us) = 6405
Bytes Sent = 124100, targetBytesSent = 123660, timeLeft (us) = 6400
Bytes Sent = 125560, targetBytesSent = 124560, timeLeft (us) = 6427
Bytes Sent = 124100, targetBytesSent = 124000, timeLeft (us) = 6469
Bytes Sent = 125560, targetBytesSent = 124900, timeLeft (us) = 6322
Bytes Sent = 125560, targetBytesSent = 124340, timeLeft (us) = 6356
Bytes Sent = 124100, targetBytesSent = 123780, timeLeft (us) = 6295
Bytes Sent = 125560, targetBytesSent = 124680, timeLeft (us) = 6307
Client sent: 38 MBs of data
Bytes Sent = 125560, targetBytesSent = 124120, timeLeft (us) = 6314
Bytes Sent = 124100, targetBytesSent = 123560, timeLeft (us) = 6317
Bytes Sent = 125560, targetBytesSent = 124460, timeLeft (us) = 6385
Bytes Sent = 124100, targetBytesSent = 123900, timeLeft (us) = 6461
Bytes Sent = 125560, targetBytesSent = 124800, timeLeft (us) = 6443
Bytes Sent = 125560, targetBytesSent = 124240, timeLeft (us) = 6423
Bytes Sent = 124100, targetBytesSent = 123680, timeLeft (us) = 6451
Bytes Sent = 125560, targetBytesSent = 124580, timeLeft (us) = 6436
Client sent: 39 MBs of data
Bytes Sent = 124100, targetBytesSent = 124020, timeLeft (us) = 6412
Bytes Sent = 125560, targetBytesSent = 124920, timeLeft (us) = 6399
Bytes Sent = 125560, targetBytesSent = 124360, timeLeft (us) = 6365
Bytes Sent = 124100, targetBytesSent = 123800, timeLeft (us) = 6387
Bytes Sent = 125560, targetBytesSent = 124700, timeLeft (us) = 6363
Bytes Sent = 125560, targetBytesSent = 124140, timeLeft (us) = 6389
Bytes Sent = 124100, targetBytesSent = 123580, timeLeft (us) = 6352
Bytes Sent = 125560, targetBytesSent = 124480, timeLeft (us) = 6389
Client sent: 40 MBs of data
Bytes Sent = 124100, targetBytesSent = 123920, timeLeft (us) = 6353
Bytes Sent = 125560, targetBytesSent = 124820, timeLeft (us) = 6362
Bytes Sent = 125560, targetBytesSent = 124260, timeLeft (us) = 6384
Bytes Sent = 124100, targetBytesSent = 123700, timeLeft (us) = 6347
Bytes Sent = 125560, targetBytesSent = 124600, timeLeft (us) = 6377
Bytes Sent = 124100, targetBytesSent = 124040, timeLeft (us) = 6394
Bytes Sent = 125560, targetBytesSent = 124940, timeLeft (us) = 6467
Bytes Sent = 125560, targetBytesSent = 124380, timeLeft (us) = 6452
Client sent: 41 MBs of data
Bytes Sent = 124100, targetBytesSent = 123820, timeLeft (us) = 6469
Bytes Sent = 125560, targetBytesSent = 124720, timeLeft (us) = 6463
Bytes Sent = 125560, targetBytesSent = 124160, timeLeft (us) = 6396
Bytes Sent = 124100, targetBytesSent = 123600, timeLeft (us) = 6401
Bytes Sent = 125560, targetBytesSent = 124500, timeLeft (us) = 6377
Bytes Sent = 124100, targetBytesSent = 123940, timeLeft (us) = 6424
Bytes Sent = 125560, targetBytesSent = 124840, timeLeft (us) = 6433
Bytes Sent = 125560, targetBytesSent = 124280, timeLeft (us) = 6421
Client sent: 42 MBs of data
Bytes Sent = 124100, targetBytesSent = 123720, timeLeft (us) = 6371
Bytes Sent = 125560, targetBytesSent = 124620, timeLeft (us) = 6406
Bytes Sent = 124100, targetBytesSent = 124060, timeLeft (us) = 6445
Bytes Sent = 125560, targetBytesSent = 124960, timeLeft (us) = 6433
Bytes Sent = 125560, targetBytesSent = 124400, timeLeft (us) = 6334
Bytes Sent = 124100, targetBytesSent = 123840, timeLeft (us) = 6376
Bytes Sent = 125560, targetBytesSent = 124740, timeLeft (us) = 6401
Bytes Sent = 125560, targetBytesSent = 124180, timeLeft (us) = 6410
Client sent: 43 MBs of data
Bytes Sent = 124100, targetBytesSent = 123620, timeLeft (us) = 6423
Bytes Sent = 125560, targetBytesSent = 124520, timeLeft (us) = 6423
Bytes Sent = 124100, targetBytesSent = 123960, timeLeft (us) = 6427
Bytes Sent = 125560, targetBytesSent = 124860, timeLeft (us) = 6419
Bytes Sent = 125560, targetBytesSent = 124300, timeLeft (us) = 6456
Bytes Sent = 124100, targetBytesSent = 123740, timeLeft (us) = 6441
Bytes Sent = 125560, targetBytesSent = 124640, timeLeft (us) = 6368
Bytes Sent = 124100, targetBytesSent = 124080, timeLeft (us) = 6377
Client sent: 44 MBs of data
Bytes Sent = 125560, targetBytesSent = 124980, timeLeft (us) = 6346
Bytes Sent = 125560, targetBytesSent = 124420, timeLeft (us) = 6344
Bytes Sent = 124100, targetBytesSent = 123860, timeLeft (us) = 6314
Bytes Sent = 125560, targetBytesSent = 124760, timeLeft (us) = 6371
Bytes Sent = 125560, targetBytesSent = 124200, timeLeft (us) = 6381
Bytes Sent = 124100, targetBytesSent = 123640, timeLeft (us) = 6368
Bytes Sent = 125560, targetBytesSent = 124540, timeLeft (us) = 6340
Bytes Sent = 124100, targetBytesSent = 123980, timeLeft (us) = 6359
Client sent: 45 MBs of data
Bytes Sent = 125560, targetBytesSent = 124880, timeLeft (us) = 6378
Bytes Sent = 125560, targetBytesSent = 124320, timeLeft (us) = 6396
Bytes Sent = 124100, targetBytesSent = 123760, timeLeft (us) = 6459
Bytes Sent = 125560, targetBytesSent = 124660, timeLeft (us) = 6415
Bytes Sent = 124100, targetBytesSent = 124100, timeLeft (us) = 6444
Bytes Sent = 125560, targetBytesSent = 125000, timeLeft (us) = 6425
Bytes Sent = 125560, targetBytesSent = 124440, timeLeft (us) = 6452
Bytes Sent = 124100, targetBytesSent = 123880, timeLeft (us) = 6455
Client sent: 46 MBs of data
Bytes Sent = 125560, targetBytesSent = 124780, timeLeft (us) = 6447
Bytes Sent = 125560, targetBytesSent = 124220, timeLeft (us) = 6419
Bytes Sent = 124100, targetBytesSent = 123660, timeLeft (us) = 6401
Bytes Sent = 125560, targetBytesSent = 124560, timeLeft (us) = 6397
Bytes Sent = 124100, targetBytesSent = 124000, timeLeft (us) = 6396
Bytes Sent = 125560, targetBytesSent = 124900, timeLeft (us) = 6346
Bytes Sent = 125560, targetBytesSent = 124340, timeLeft (us) = 6354
Bytes Sent = 124100, targetBytesSent = 123780, timeLeft (us) = 6401
Client sent: 47 MBs of data
Bytes Sent = 125560, targetBytesSent = 124680, timeLeft (us) = 6365
Bytes Sent = 125560, targetBytesSent = 124120, timeLeft (us) = 6385
Bytes Sent = 124100, targetBytesSent = 123560, timeLeft (us) = 6371
Bytes Sent = 125560, targetBytesSent = 124460, timeLeft (us) = 6400
Bytes Sent = 124100, targetBytesSent = 123900, timeLeft (us) = 6380
Bytes Sent = 125560, targetBytesSent = 124800, timeLeft (us) = 6410
Bytes Sent = 125560, targetBytesSent = 124240, timeLeft (us) = 6401
Bytes Sent = 124100, targetBytesSent = 123680, timeLeft (us) = 6426
Client sent: 48 MBs of data
Bytes Sent = 125560, targetBytesSent = 124580, timeLeft (us) = 6431
Bytes Sent = 124100, targetBytesSent = 124020, timeLeft (us) = 6406
Bytes Sent = 125560, targetBytesSent = 124920, timeLeft (us) = 6412
Bytes Sent = 125560, targetBytesSent = 124360, timeLeft (us) = 6422
Bytes Sent = 124100, targetBytesSent = 123800, timeLeft (us) = 6424
Bytes Sent = 125560, targetBytesSent = 124700, timeLeft (us) = 6450
Bytes Sent = 125560, targetBytesSent = 124140, timeLeft (us) = 6454
Bytes Sent = 124100, targetBytesSent = 123580, timeLeft (us) = 6414
Client sent: 49 MBs of data
Bytes Sent = 125560, targetBytesSent = 124480, timeLeft (us) = 6429
Bytes Sent = 124100, targetBytesSent = 123920, timeLeft (us) = 6451
Bytes Sent = 125560, targetBytesSent = 124820, timeLeft (us) = 6489
Bytes Sent = 125560, targetBytesSent = 124260, timeLeft (us) = 6476
Bytes Sent = 124100, targetBytesSent = 123700, timeLeft (us) = 6492
Bytes Sent = 125560, targetBytesSent = 124600, timeLeft (us) = 6495
Bytes Sent = 124100, targetBytesSent = 124040, timeLeft (us) = 6542
Bytes Sent = 125560, targetBytesSent = 124940, timeLeft (us) = 6515
Client sent: 50 MBs of data
Bytes Sent = 125560, targetBytesSent = 124380, timeLeft (us) = 6477
Bytes Sent = 124100, targetBytesSent = 123820, timeLeft (us) = 6475
Bytes Sent = 125560, targetBytesSent = 124720, timeLeft (us) = 6495
Bytes Sent = 125560, targetBytesSent = 124160, timeLeft (us) = 6505
Bytes Sent = 124100, targetBytesSent = 123600, timeLeft (us) = 6526
Bytes Sent = 125560, targetBytesSent = 124500, timeLeft (us) = 6523
Bytes Sent = 124100, targetBytesSent = 123940, timeLeft (us) = 6506
Bytes Sent = 125560, targetBytesSent = 124840, timeLeft (us) = 6539
Client sent: 51 MBs of data
Bytes Sent = 125560, targetBytesSent = 124280, timeLeft (us) = 6501
Bytes Sent = 124100, targetBytesSent = 123720, timeLeft (us) = 6505
Bytes Sent = 125560, targetBytesSent = 124620, timeLeft (us) = 6499
Bytes Sent = 124100, targetBytesSent = 124060, timeLeft (us) = 6515
Bytes Sent = 125560, targetBytesSent = 124960, timeLeft (us) = 6516
Bytes Sent = 125560, targetBytesSent = 124400, timeLeft (us) = 6495
Bytes Sent = 124100, targetBytesSent = 123840, timeLeft (us) = 6473
Bytes Sent = 125560, targetBytesSent = 124740, timeLeft (us) = 6462
Client sent: 52 MBs of data
Bytes Sent = 125560, targetBytesSent = 124180, timeLeft (us) = 6496
Bytes Sent = 124100, targetBytesSent = 123620, timeLeft (us) = 6512
Bytes Sent = 125560, targetBytesSent = 124520, timeLeft (us) = 6505
Bytes Sent = 124100, targetBytesSent = 123960, timeLeft (us) = 6477
Bytes Sent = 125560, targetBytesSent = 124860, timeLeft (us) = 6478
Bytes Sent = 125560, targetBytesSent = 124300, timeLeft (us) = 6446
Bytes Sent = 124100, targetBytesSent = 123740, timeLeft (us) = 6432
Bytes Sent = 125560, targetBytesSent = 124640, timeLeft (us) = 6445
Client sent: 53 MBs of data
Bytes Sent = 124100, targetBytesSent = 124080, timeLeft (us) = 6415
Bytes Sent = 125560, targetBytesSent = 124980, timeLeft (us) = 6459
Bytes Sent = 125560, targetBytesSent = 124420, timeLeft (us) = 6466
Bytes Sent = 124100, targetBytesSent = 123860, timeLeft (us) = 6454
Bytes Sent = 125560, targetBytesSent = 124760, timeLeft (us) = 6473
Bytes Sent = 125560, targetBytesSent = 124200, timeLeft (us) = 6447
Bytes Sent = 124100, targetBytesSent = 123640, timeLeft (us) = 6448
Bytes Sent = 125560, targetBytesSent = 124540, timeLeft (us) = 6467
Client sent: 54 MBs of data
Bytes Sent = 124100, targetBytesSent = 123980, timeLeft (us) = 6430
Bytes Sent = 125560, targetBytesSent = 124880, timeLeft (us) = 6476
Bytes Sent = 125560, targetBytesSent = 124320, timeLeft (us) = 6455
Bytes Sent = 124100, targetBytesSent = 123760, timeLeft (us) = 6439
Bytes Sent = 125560, targetBytesSent = 124660, timeLeft (us) = 6461
Bytes Sent = 124100, targetBytesSent = 124100, timeLeft (us) = 6427
Bytes Sent = 125560, targetBytesSent = 125000, timeLeft (us) = 6455
Bytes Sent = 125560, targetBytesSent = 124440, timeLeft (us) = 6466
Client sent: 55 MBs of data
Bytes Sent = 124100, targetBytesSent = 123880, timeLeft (us) = 6482
Bytes Sent = 125560, targetBytesSent = 124780, timeLeft (us) = 6476
Bytes Sent = 125560, targetBytesSent = 124220, timeLeft (us) = 6438
Bytes Sent = 124100, targetBytesSent = 123660, timeLeft (us) = 6439
Bytes Sent = 125560, targetBytesSent = 124560, timeLeft (us) = 6412
Bytes Sent = 124100, targetBytesSent = 124000, timeLeft (us) = 6436
Bytes Sent = 125560, targetBytesSent = 124900, timeLeft (us) = 6475
Bytes Sent = 125560, targetBytesSent = 124340, timeLeft (us) = 6487
Client sent: 56 MBs of data
Bytes Sent = 124100, targetBytesSent = 123780, timeLeft (us) = 6503
Bytes Sent = 125560, targetBytesSent = 124680, timeLeft (us) = 6485
Bytes Sent = 125560, targetBytesSent = 124120, timeLeft (us) = 6406
Bytes Sent = 124100, targetBytesSent = 123560, timeLeft (us) = 6415
Bytes Sent = 125560, targetBytesSent = 124460, timeLeft (us) = 6405
Bytes Sent = 124100, targetBytesSent = 123900, timeLeft (us) = 6405
Bytes Sent = 125560, targetBytesSent = 124800, timeLeft (us) = 6418
Bytes Sent = 125560, targetBytesSent = 124240, timeLeft (us) = 6432
Client sent: 57 MBs of data
Bytes Sent = 124100, targetBytesSent = 123680, timeLeft (us) = 6426
Bytes Sent = 125560, targetBytesSent = 124580, timeLeft (us) = 6392
Bytes Sent = 124100, targetBytesSent = 124020, timeLeft (us) = 6413
Bytes Sent = 125560, targetBytesSent = 124920, timeLeft (us) = 6418
Bytes Sent = 125560, targetBytesSent = 124360, timeLeft (us) = 6421
Bytes Sent = 124100, targetBytesSent = 123800, timeLeft (us) = 6466
Bytes Sent = 125560, targetBytesSent = 124700, timeLeft (us) = 6418
Bytes Sent = 125560, targetBytesSent = 124140, timeLeft (us) = 6415
Client sent: 58 MBs of data
Bytes Sent = 124100, targetBytesSent = 123580, timeLeft (us) = 6475
Bytes Sent = 125560, targetBytesSent = 124480, timeLeft (us) = 6471
Bytes Sent = 124100, targetBytesSent = 123920, timeLeft (us) = 6450
Bytes Sent = 125560, targetBytesSent = 124820, timeLeft (us) = 6500
Bytes Sent = 125560, targetBytesSent = 124260, timeLeft (us) = 6480
Bytes Sent = 124100, targetBytesSent = 123700, timeLeft (us) = 6517
Bytes Sent = 125560, targetBytesSent = 124600, timeLeft (us) = 6480
Bytes Sent = 124100, targetBytesSent = 124040, timeLeft (us) = 6513
Client sent: 59 MBs of data
Bytes Sent = 125560, targetBytesSent = 124940, timeLeft (us) = 6497
Bytes Sent = 125560, targetBytesSent = 124380, timeLeft (us) = 6491
Bytes Sent = 124100, targetBytesSent = 123820, timeLeft (us) = 6503
Bytes Sent = 125560, targetBytesSent = 124720, timeLeft (us) = 6487
Bytes Sent = 125560, targetBytesSent = 124160, timeLeft (us) = 6481
Bytes Sent = 124100, targetBytesSent = 123600, timeLeft (us) = 6488
Bytes Sent = 125560, targetBytesSent = 124500, timeLeft (us) = 6483
Bytes Sent = 124100, targetBytesSent = 123940, timeLeft (us) = 6481
Client sent: 60 MBs of data
Bytes Sent = 125560, targetBytesSent = 124840, timeLeft (us) = 6458
Bytes Sent = 125560, targetBytesSent = 124280, timeLeft (us) = 6459
Bytes Sent = 124100, targetBytesSent = 123720, timeLeft (us) = 6481
Bytes Sent = 125560, targetBytesSent = 124620, timeLeft (us) = 6450
Bytes Sent = 124100, targetBytesSent = 124060, timeLeft (us) = 6439
Bytes Sent = 125560, targetBytesSent = 124960, timeLeft (us) = 6368
Bytes Sent = 125560, targetBytesSent = 124400, timeLeft (us) = 6399
Bytes Sent = 124100, targetBytesSent = 123840, timeLeft (us) = 6419
Client sent: 61 MBs of data
Bytes Sent = 125560, targetBytesSent = 124740, timeLeft (us) = 6420
Bytes Sent = 125560, targetBytesSent = 124180, timeLeft (us) = 6429
Bytes Sent = 124100, targetBytesSent = 123620, timeLeft (us) = 6430
Bytes Sent = 125560, targetBytesSent = 124520, timeLeft (us) = 6442
Bytes Sent = 124100, targetBytesSent = 123960, timeLeft (us) = 6455
Bytes Sent = 125560, targetBytesSent = 124860, timeLeft (us) = 6459
Bytes Sent = 125560, targetBytesSent = 124300, timeLeft (us) = 6420
Bytes Sent = 124100, targetBytesSent = 123740, timeLeft (us) = 6453
Client sent: 62 MBs of data
Bytes Sent = 125560, targetBytesSent = 124640, timeLeft (us) = 6477
Bytes Sent = 124100, targetBytesSent = 124080, timeLeft (us) = 6450
Bytes Sent = 125560, targetBytesSent = 124980, timeLeft (us) = 6446
Bytes Sent = 125560, targetBytesSent = 124420, timeLeft (us) = 6469
Bytes Sent = 124100, targetBytesSent = 123860, timeLeft (us) = 6438
Bytes Sent = 125560, targetBytesSent = 124760, timeLeft (us) = 6446
Bytes Sent = 125560, targetBytesSent = 124200, timeLeft (us) = 6413
Bytes Sent = 124100, targetBytesSent = 123640, timeLeft (us) = 6370
Client sent: 63 MBs of data
Bytes Sent = 125560, targetBytesSent = 124540, timeLeft (us) = 6378
Bytes Sent = 124100, targetBytesSent = 123980, timeLeft (us) = 6370
Bytes Sent = 125560, targetBytesSent = 124880, timeLeft (us) = 6383
Bytes Sent = 125560, targetBytesSent = 124320, timeLeft (us) = 6389
Bytes Sent = 124100, targetBytesSent = 123760, timeLeft (us) = 6450
Bytes Sent = 125560, targetBytesSent = 124660, timeLeft (us) = 6471
Bytes Sent = 124100, targetBytesSent = 124100, timeLeft (us) = 6442
Bytes Sent = 125560, targetBytesSent = 125000, timeLeft (us) = 6451
Client sent: 64 MBs of data
Bytes Sent = 125560, targetBytesSent = 124440, timeLeft (us) = 6471
Bytes Sent = 124100, targetBytesSent = 123880, timeLeft (us) = 6475
Bytes Sent = 125560, targetBytesSent = 124780, timeLeft (us) = 6493
Bytes Sent = 125560, targetBytesSent = 124220, timeLeft (us) = 6488
Bytes Sent = 124100, targetBytesSent = 123660, timeLeft (us) = 6490
Bytes Sent = 125560, targetBytesSent = 124560, timeLeft (us) = 6525
Bytes Sent = 124100, targetBytesSent = 124000, timeLeft (us) = 6459
Bytes Sent = 125560, targetBytesSent = 124900, timeLeft (us) = 6481
Client sent: 65 MBs of data
Bytes Sent = 125560, targetBytesSent = 124340, timeLeft (us) = 6473
Bytes Sent = 124100, targetBytesSent = 123780, timeLeft (us) = 6493
Bytes Sent = 125560, targetBytesSent = 124680, timeLeft (us) = 6465
Bytes Sent = 125560, targetBytesSent = 124120, timeLeft (us) = 6497
Bytes Sent = 124100, targetBytesSent = 123560, timeLeft (us) = 6507
Bytes Sent = 125560, targetBytesSent = 124460, timeLeft (us) = 6476
Bytes Sent = 124100, targetBytesSent = 123900, timeLeft (us) = 6518
Bytes Sent = 125560, targetBytesSent = 124800, timeLeft (us) = 6517
Client sent: 66 MBs of data
Bytes Sent = 125560, targetBytesSent = 124240, timeLeft (us) = 6525
Bytes Sent = 124100, targetBytesSent = 123680, timeLeft (us) = 6476
Bytes Sent = 125560, targetBytesSent = 124580, timeLeft (us) = 6464
Bytes Sent = 124100, targetBytesSent = 124020, timeLeft (us) = 6480
Bytes Sent = 125560, targetBytesSent = 124920, timeLeft (us) = 6460
Bytes Sent = 125560, targetBytesSent = 124360, timeLeft (us) = 6433
Bytes Sent = 124100, targetBytesSent = 123800, timeLeft (us) = 6438
Bytes Sent = 125560, targetBytesSent = 124700, timeLeft (us) = 6449
Client sent: 67 MBs of data
Bytes Sent = 125560, targetBytesSent = 124140, timeLeft (us) = 6487
Bytes Sent = 124100, targetBytesSent = 123580, timeLeft (us) = 6491
Bytes Sent = 125560, targetBytesSent = 124480, timeLeft (us) = 6516
Bytes Sent = 124100, targetBytesSent = 123920, timeLeft (us) = 6526
Bytes Sent = 125560, targetBytesSent = 124820, timeLeft (us) = 6537
Bytes Sent = 125560, targetBytesSent = 124260, timeLeft (us) = 6489
Bytes Sent = 124100, targetBytesSent = 123700, timeLeft (us) = 6498
Bytes Sent = 125560, targetBytesSent = 124600, timeLeft (us) = 6471
Client sent: 68 MBs of data
Bytes Sent = 124100, targetBytesSent = 124040, timeLeft (us) = 6532
Bytes Sent = 125560, targetBytesSent = 124940, timeLeft (us) = 6512
Bytes Sent = 125560, targetBytesSent = 124380, timeLeft (us) = 6481
Bytes Sent = 124100, targetBytesSent = 123820, timeLeft (us) = 6465
Bytes Sent = 125560, targetBytesSent = 124720, timeLeft (us) = 6464
Bytes Sent = 125560, targetBytesSent = 124160, timeLeft (us) = 6441
Bytes Sent = 124100, targetBytesSent = 123600, timeLeft (us) = 6428
Bytes Sent = 125560, targetBytesSent = 124500, timeLeft (us) = 6393
Client sent: 69 MBs of data
Bytes Sent = 124100, targetBytesSent = 123940, timeLeft (us) = 6371
Bytes Sent = 125560, targetBytesSent = 124840, timeLeft (us) = 6412
Bytes Sent = 125560, targetBytesSent = 124280, timeLeft (us) = 6471
Bytes Sent = 124100, targetBytesSent = 123720, timeLeft (us) = 6491
Bytes Sent = 125560, targetBytesSent = 124620, timeLeft (us) = 6463
Bytes Sent = 124100, targetBytesSent = 124060, timeLeft (us) = 6501
Bytes Sent = 125560, targetBytesSent = 124960, timeLeft (us) = 6487
Bytes Sent = 125560, targetBytesSent = 124400, timeLeft (us) = 6485
Client sent: 70 MBs of data
Bytes Sent = 124100, targetBytesSent = 123840, timeLeft (us) = 6465
Bytes Sent = 125560, targetBytesSent = 124740, timeLeft (us) = 6487
Bytes Sent = 125560, targetBytesSent = 124180, timeLeft (us) = 6478
Bytes Sent = 124100, targetBytesSent = 123620, timeLeft (us) = 6462
Bytes Sent = 125560, targetBytesSent = 124520, timeLeft (us) = 6453
Bytes Sent = 124100, targetBytesSent = 123960, timeLeft (us) = 6438
Bytes Sent = 125560, targetBytesSent = 124860, timeLeft (us) = 6469
Bytes Sent = 125560, targetBytesSent = 124300, timeLeft (us) = 6447
Client sent: 71 MBs of data
Bytes Sent = 124100, targetBytesSent = 123740, timeLeft (us) = 6480
Bytes Sent = 125560, targetBytesSent = 124640, timeLeft (us) = 6479
Bytes Sent = 124100, targetBytesSent = 124080, timeLeft (us) = 6483
Bytes Sent = 125560, targetBytesSent = 124980, timeLeft (us) = 6493
Bytes Sent = 125560, targetBytesSent = 124420, timeLeft (us) = 6462
Bytes Sent = 124100, targetBytesSent = 123860, timeLeft (us) = 6482
Bytes Sent = 125560, targetBytesSent = 124760, timeLeft (us) = 6475
Bytes Sent = 125560, targetBytesSent = 124200, timeLeft (us) = 6494
Client sent: 72 MBs of data
Bytes Sent = 124100, targetBytesSent = 123640, timeLeft (us) = 6522
Bytes Sent = 125560, targetBytesSent = 124540, timeLeft (us) = 6508
Bytes Sent = 124100, targetBytesSent = 123980, timeLeft (us) = 6502
Bytes Sent = 125560, targetBytesSent = 124880, timeLeft (us) = 6491
Bytes Sent = 125560, targetBytesSent = 124320, timeLeft (us) = 6480
Bytes Sent = 124100, targetBytesSent = 123760, timeLeft (us) = 6479
Bytes Sent = 125560, targetBytesSent = 124660, timeLeft (us) = 6465
Bytes Sent = 124100, targetBytesSent = 124100, timeLeft (us) = 6455
Client sent: 73 MBs of data
Bytes Sent = 125560, targetBytesSent = 125000, timeLeft (us) = 6437
Bytes Sent = 125560, targetBytesSent = 124440, timeLeft (us) = 6452
Bytes Sent = 124100, targetBytesSent = 123880, timeLeft (us) = 6466
Bytes Sent = 125560, targetBytesSent = 124780, timeLeft (us) = 6477
Bytes Sent = 125560, targetBytesSent = 124220, timeLeft (us) = 6441
Bytes Sent = 124100, targetBytesSent = 123660, timeLeft (us) = 6400
Bytes Sent = 125560, targetBytesSent = 124560, timeLeft (us) = 6400
Bytes Sent = 124100, targetBytesSent = 124000, timeLeft (us) = 6411
Client sent: 74 MBs of data
Bytes Sent = 125560, targetBytesSent = 124900, timeLeft (us) = 6391
Bytes Sent = 125560, targetBytesSent = 124340, timeLeft (us) = 6423
Bytes Sent = 124100, targetBytesSent = 123780, timeLeft (us) = 6400
Bytes Sent = 125560, targetBytesSent = 124680, timeLeft (us) = 6402
Bytes Sent = 125560, targetBytesSent = 124120, timeLeft (us) = 6406
Bytes Sent = 124100, targetBytesSent = 123560, timeLeft (us) = 6435
Bytes Sent = 125560, targetBytesSent = 124460, timeLeft (us) = 6433
Bytes Sent = 124100, targetBytesSent = 123900, timeLeft (us) = 6415
Client sent: 75 MBs of data
Bytes Sent = 125560, targetBytesSent = 124800, timeLeft (us) = 6352
Bytes Sent = 125560, targetBytesSent = 124240, timeLeft (us) = 6321
Bytes Sent = 124100, targetBytesSent = 123680, timeLeft (us) = 6327
Bytes Sent = 125560, targetBytesSent = 124580, timeLeft (us) = 6325
Bytes Sent = 124100, targetBytesSent = 124020, timeLeft (us) = 6318
Bytes Sent = 125560, targetBytesSent = 124920, timeLeft (us) = 6333
Bytes Sent = 125560, targetBytesSent = 124360, timeLeft (us) = 6366
Bytes Sent = 124100, targetBytesSent = 123800, timeLeft (us) = 6351
Client sent: 76 MBs of data
Bytes Sent = 125560, targetBytesSent = 124700, timeLeft (us) = 6366
Bytes Sent = 125560, targetBytesSent = 124140, timeLeft (us) = 6405
Bytes Sent = 124100, targetBytesSent = 123580, timeLeft (us) = 6422
Bytes Sent = 125560, targetBytesSent = 124480, timeLeft (us) = 6417
Bytes Sent = 124100, targetBytesSent = 123920, timeLeft (us) = 6414
Bytes Sent = 125560, targetBytesSent = 124820, timeLeft (us) = 6456
Bytes Sent = 125560, targetBytesSent = 124260, timeLeft (us) = 6440
Bytes Sent = 124100, targetBytesSent = 123700, timeLeft (us) = 6484
Client sent: 77 MBs of data
Bytes Sent = 125560, targetBytesSent = 124600, timeLeft (us) = 6467
Bytes Sent = 124100, targetBytesSent = 124040, timeLeft (us) = 6440
Bytes Sent = 125560, targetBytesSent = 124940, timeLeft (us) = 6439
Bytes Sent = 125560, targetBytesSent = 124380, timeLeft (us) = 6445
Bytes Sent = 124100, targetBytesSent = 123820, timeLeft (us) = 6449
Bytes Sent = 125560, targetBytesSent = 124720, timeLeft (us) = 6407
Bytes Sent = 125560, targetBytesSent = 124160, timeLeft (us) = 6390
Bytes Sent = 124100, targetBytesSent = 123600, timeLeft (us) = 6430
Client sent: 78 MBs of data
Bytes Sent = 125560, targetBytesSent = 124500, timeLeft (us) = 6428
Bytes Sent = 124100, targetBytesSent = 123940, timeLeft (us) = 6405
Bytes Sent = 125560, targetBytesSent = 124840, timeLeft (us) = 6426
Bytes Sent = 125560, targetBytesSent = 124280, timeLeft (us) = 6426
Bytes Sent = 124100, targetBytesSent = 123720, timeLeft (us) = 6427
Bytes Sent = 125560, targetBytesSent = 124620, timeLeft (us) = 6435
Bytes Sent = 124100, targetBytesSent = 124060, timeLeft (us) = 6449
Bytes Sent = 125560, targetBytesSent = 124960, timeLeft (us) = 6408
Client sent: 79 MBs of data
Bytes Sent = 125560, targetBytesSent = 124400, timeLeft (us) = 6398
Bytes Sent = 124100, targetBytesSent = 123840, timeLeft (us) = 6407
Bytes Sent = 125560, targetBytesSent = 124740, timeLeft (us) = 6420
Bytes Sent = 125560, targetBytesSent = 124180, timeLeft (us) = 6382
Bytes Sent = 124100, targetBytesSent = 123620, timeLeft (us) = 6453
Bytes Sent = 125560, targetBytesSent = 124520, timeLeft (us) = 6417
Bytes Sent = 124100, targetBytesSent = 123960, timeLeft (us) = 6416
Bytes Sent = 125560, targetBytesSent = 124860, timeLeft (us) = 6418
Client sent: 80 MBs of data
Bytes Sent = 125560, targetBytesSent = 124300, timeLeft (us) = 6410
Bytes Sent = 124100, targetBytesSent = 123740, timeLeft (us) = 6451
Bytes Sent = 125560, targetBytesSent = 124640, timeLeft (us) = 6457
Bytes Sent = 124100, targetBytesSent = 124080, timeLeft (us) = 6475
Bytes Sent = 125560, targetBytesSent = 124980, timeLeft (us) = 6471
Bytes Sent = 125560, targetBytesSent = 124420, timeLeft (us) = 6489
Bytes Sent = 124100, targetBytesSent = 123860, timeLeft (us) = 6484
Bytes Sent = 125560, targetBytesSent = 124760, timeLeft (us) = 6472
Client sent: 81 MBs of data
Bytes Sent = 125560, targetBytesSent = 124200, timeLeft (us) = 6489
Bytes Sent = 124100, targetBytesSent = 123640, timeLeft (us) = 6505
Bytes Sent = 125560, targetBytesSent = 124540, timeLeft (us) = 6469
Bytes Sent = 124100, targetBytesSent = 123980, timeLeft (us) = 6442
Bytes Sent = 125560, targetBytesSent = 124880, timeLeft (us) = 6400
Bytes Sent = 125560, targetBytesSent = 124320, timeLeft (us) = 6459
Bytes Sent = 124100, targetBytesSent = 123760, timeLeft (us) = 6467
Bytes Sent = 125560, targetBytesSent = 124660, timeLeft (us) = 6446
Client sent: 82 MBs of data
Bytes Sent = 124100, targetBytesSent = 124100, timeLeft (us) = 6480
Bytes Sent = 125560, targetBytesSent = 125000, timeLeft (us) = 6454
Bytes Sent = 125560, targetBytesSent = 124440, timeLeft (us) = 6446
Bytes Sent = 124100, targetBytesSent = 123880, timeLeft (us) = 6454
Bytes Sent = 125560, targetBytesSent = 124780, timeLeft (us) = 6430
Bytes Sent = 125560, targetBytesSent = 124220, timeLeft (us) = 6414
Bytes Sent = 124100, targetBytesSent = 123660, timeLeft (us) = 6409
Bytes Sent = 125560, targetBytesSent = 124560, timeLeft (us) = 6403
Client sent: 83 MBs of data
Bytes Sent = 124100, targetBytesSent = 124000, timeLeft (us) = 6396
Bytes Sent = 125560, targetBytesSent = 124900, timeLeft (us) = 6451
Bytes Sent = 125560, targetBytesSent = 124340, timeLeft (us) = 6477
Bytes Sent = 124100, targetBytesSent = 123780, timeLeft (us) = 6470
Bytes Sent = 125560, targetBytesSent = 124680, timeLeft (us) = 6459
Bytes Sent = 125560, targetBytesSent = 124120, timeLeft (us) = 6463
Bytes Sent = 124100, targetBytesSent = 123560, timeLeft (us) = 6486
Bytes Sent = 125560, targetBytesSent = 124460, timeLeft (us) = 6468
Client sent: 84 MBs of data
Bytes Sent = 124100, targetBytesSent = 123900, timeLeft (us) = 6481
Bytes Sent = 125560, targetBytesSent = 124800, timeLeft (us) = 6445
Bytes Sent = 125560, targetBytesSent = 124240, timeLeft (us) = 6472
Bytes Sent = 124100, targetBytesSent = 123680, timeLeft (us) = 6465
Bytes Sent = 125560, targetBytesSent = 124580, timeLeft (us) = 6469
Bytes Sent = 124100, targetBytesSent = 124020, timeLeft (us) = 6468
Bytes Sent = 125560, targetBytesSent = 124920, timeLeft (us) = 6472
Bytes Sent = 125560, targetBytesSent = 124360, timeLeft (us) = 6451
Client sent: 85 MBs of data
Bytes Sent = 124100, targetBytesSent = 123800, timeLeft (us) = 6465
Bytes Sent = 125560, targetBytesSent = 124700, timeLeft (us) = 6487
Bytes Sent = 125560, targetBytesSent = 124140, timeLeft (us) = 6464
Bytes Sent = 124100, targetBytesSent = 123580, timeLeft (us) = 6428
Bytes Sent = 125560, targetBytesSent = 124480, timeLeft (us) = 6423
Bytes Sent = 124100, targetBytesSent = 123920, timeLeft (us) = 6464
Bytes Sent = 125560, targetBytesSent = 124820, timeLeft (us) = 6472
Bytes Sent = 125560, targetBytesSent = 124260, timeLeft (us) = 6466
Client sent: 86 MBs of data
Bytes Sent = 124100, targetBytesSent = 123700, timeLeft (us) = 6469
Bytes Sent = 125560, targetBytesSent = 124600, timeLeft (us) = 6472
Bytes Sent = 124100, targetBytesSent = 124040, timeLeft (us) = 6461
Bytes Sent = 125560, targetBytesSent = 124940, timeLeft (us) = 6470
Bytes Sent = 125560, targetBytesSent = 124380, timeLeft (us) = 6475
Bytes Sent = 124100, targetBytesSent = 123820, timeLeft (us) = 6451
Bytes Sent = 125560, targetBytesSent = 124720, timeLeft (us) = 6420
Bytes Sent = 125560, targetBytesSent = 124160, timeLeft (us) = 6422
Client sent: 87 MBs of data
Bytes Sent = 124100, targetBytesSent = 123600, timeLeft (us) = 6429
Bytes Sent = 125560, targetBytesSent = 124500, timeLeft (us) = 6429
Bytes Sent = 124100, targetBytesSent = 123940, timeLeft (us) = 6406
Bytes Sent = 125560, targetBytesSent = 124840, timeLeft (us) = 6430
Bytes Sent = 125560, targetBytesSent = 124280, timeLeft (us) = 6397
Bytes Sent = 124100, targetBytesSent = 123720, timeLeft (us) = 6371
Bytes Sent = 125560, targetBytesSent = 124620, timeLeft (us) = 6399
Bytes Sent = 124100, targetBytesSent = 124060, timeLeft (us) = 6331
Client sent: 88 MBs of data
Bytes Sent = 125560, targetBytesSent = 124960, timeLeft (us) = 6388
Bytes Sent = 125560, targetBytesSent = 124400, timeLeft (us) = 6390
Bytes Sent = 124100, targetBytesSent = 123840, timeLeft (us) = 6354
Bytes Sent = 125560, targetBytesSent = 124740, timeLeft (us) = 6347
Bytes Sent = 125560, targetBytesSent = 124180, timeLeft (us) = 6348
Bytes Sent = 124100, targetBytesSent = 123620, timeLeft (us) = 6412
Bytes Sent = 125560, targetBytesSent = 124520, timeLeft (us) = 6408
Bytes Sent = 124100, targetBytesSent = 123960, timeLeft (us) = 6400
Client sent: 89 MBs of data
Bytes Sent = 125560, targetBytesSent = 124860, timeLeft (us) = 6475
Bytes Sent = 125560, targetBytesSent = 124300, timeLeft (us) = 6430
Bytes Sent = 124100, targetBytesSent = 123740, timeLeft (us) = 6429
Bytes Sent = 125560, targetBytesSent = 124640, timeLeft (us) = 6451
Bytes Sent = 124100, targetBytesSent = 124080, timeLeft (us) = 6448
Bytes Sent = 125560, targetBytesSent = 124980, timeLeft (us) = 6462
Bytes Sent = 125560, targetBytesSent = 124420, timeLeft (us) = 6464
Bytes Sent = 124100, targetBytesSent = 123860, timeLeft (us) = 6478
Client sent: 90 MBs of data
Bytes Sent = 125560, targetBytesSent = 124760, timeLeft (us) = 6452
Bytes Sent = 125560, targetBytesSent = 124200, timeLeft (us) = 6451
Bytes Sent = 124100, targetBytesSent = 123640, timeLeft (us) = 6470
Bytes Sent = 125560, targetBytesSent = 124540, timeLeft (us) = 6462
Bytes Sent = 124100, targetBytesSent = 123980, timeLeft (us) = 6389
Bytes Sent = 125560, targetBytesSent = 124880, timeLeft (us) = 6439
Bytes Sent = 125560, targetBytesSent = 124320, timeLeft (us) = 6432
Bytes Sent = 124100, targetBytesSent = 123760, timeLeft (us) = 6410
Client sent: 91 MBs of data
Bytes Sent = 125560, targetBytesSent = 124660, timeLeft (us) = 6419
Bytes Sent = 124100, targetBytesSent = 124100, timeLeft (us) = 6410
Bytes Sent = 125560, targetBytesSent = 125000, timeLeft (us) = 6421
Bytes Sent = 125560, targetBytesSent = 124440, timeLeft (us) = 6398
Bytes Sent = 124100, targetBytesSent = 123880, timeLeft (us) = 6383
Bytes Sent = 125560, targetBytesSent = 124780, timeLeft (us) = 6416
Bytes Sent = 125560, targetBytesSent = 124220, timeLeft (us) = 6443
Bytes Sent = 124100, targetBytesSent = 123660, timeLeft (us) = 6444
Client sent: 92 MBs of data
Bytes Sent = 125560, targetBytesSent = 124560, timeLeft (us) = 6445
Bytes Sent = 124100, targetBytesSent = 124000, timeLeft (us) = 6480
Bytes Sent = 125560, targetBytesSent = 124900, timeLeft (us) = 6478
Bytes Sent = 125560, targetBytesSent = 124340, timeLeft (us) = 6484
Bytes Sent = 124100, targetBytesSent = 123780, timeLeft (us) = 6497
Bytes Sent = 125560, targetBytesSent = 124680, timeLeft (us) = 6477
Bytes Sent = 125560, targetBytesSent = 124120, timeLeft (us) = 6481
Bytes Sent = 124100, targetBytesSent = 123560, timeLeft (us) = 6495
Client sent: 93 MBs of data
Bytes Sent = 125560, targetBytesSent = 124460, timeLeft (us) = 6498
Bytes Sent = 124100, targetBytesSent = 123900, timeLeft (us) = 6480
Bytes Sent = 125560, targetBytesSent = 124800, timeLeft (us) = 6443
Bytes Sent = 125560, targetBytesSent = 124240, timeLeft (us) = 6481
Bytes Sent = 124100, targetBytesSent = 123680, timeLeft (us) = 6496
Bytes Sent = 125560, targetBytesSent = 124580, timeLeft (us) = 6534
Bytes Sent = 124100, targetBytesSent = 124020, timeLeft (us) = 6368
Bytes Sent = 125560, targetBytesSent = 124920, timeLeft (us) = 6408
Client sent: 94 MBs of data
Bytes Sent = 125560, targetBytesSent = 124360, timeLeft (us) = 6393
Bytes Sent = 124100, targetBytesSent = 123800, timeLeft (us) = 6432
Bytes Sent = 125560, targetBytesSent = 124700, timeLeft (us) = 6441
Bytes Sent = 125560, targetBytesSent = 124140, timeLeft (us) = 6433
Bytes Sent = 124100, targetBytesSent = 123580, timeLeft (us) = 6424
Bytes Sent = 125560, targetBytesSent = 124480, timeLeft (us) = 6426
Bytes Sent = 124100, targetBytesSent = 123920, timeLeft (us) = 6443
Bytes Sent = 125560, targetBytesSent = 124820, timeLeft (us) = 6451
Client sent: 95 MBs of data
Bytes Sent = 125560, targetBytesSent = 124260, timeLeft (us) = 6427
Bytes Sent = 124100, targetBytesSent = 123700, timeLeft (us) = 6424
Bytes Sent = 125560, targetBytesSent = 124600, timeLeft (us) = 6416
Bytes Sent = 124100, targetBytesSent = 124040, timeLeft (us) = 6436
Bytes Sent = 125560, targetBytesSent = 124940, timeLeft (us) = 6426
Bytes Sent = 125560, targetBytesSent = 124380, timeLeft (us) = 6422
Bytes Sent = 124100, targetBytesSent = 123820, timeLeft (us) = 6429
Bytes Sent = 125560, targetBytesSent = 124720, timeLeft (us) = 6414
Client sent: 96 MBs of data
Bytes Sent = 125560, targetBytesSent = 124160, timeLeft (us) = 6384
Bytes Sent = 124100, targetBytesSent = 123600, timeLeft (us) = 6396
Bytes Sent = 125560, targetBytesSent = 124500, timeLeft (us) = 6402
Bytes Sent = 124100, targetBytesSent = 123940, timeLeft (us) = 6384
Bytes Sent = 125560, targetBytesSent = 124840, timeLeft (us) = 6374
Bytes Sent = 125560, targetBytesSent = 124280, timeLeft (us) = 6369
Bytes Sent = 124100, targetBytesSent = 123720, timeLeft (us) = 6359
Bytes Sent = 125560, targetBytesSent = 124620, timeLeft (us) = 6445
Client sent: 97 MBs of data
Bytes Sent = 124100, targetBytesSent = 124060, timeLeft (us) = 6469
Bytes Sent = 125560, targetBytesSent = 124960, timeLeft (us) = 6514
Bytes Sent = 125560, targetBytesSent = 124400, timeLeft (us) = 6502
Bytes Sent = 124100, targetBytesSent = 123840, timeLeft (us) = 6487
Bytes Sent = 125560, targetBytesSent = 124740, timeLeft (us) = 6475
Bytes Sent = 125560, targetBytesSent = 124180, timeLeft (us) = 6475
Bytes Sent = 124100, targetBytesSent = 123620, timeLeft (us) = 6477
Bytes Sent = 125560, targetBytesSent = 124520, timeLeft (us) = 6461
Client sent: 98 MBs of data
Bytes Sent = 124100, targetBytesSent = 123960, timeLeft (us) = 6504
Bytes Sent = 125560, targetBytesSent = 124860, timeLeft (us) = 6484
Bytes Sent = 125560, targetBytesSent = 124300, timeLeft (us) = 6479
Bytes Sent = 124100, targetBytesSent = 123740, timeLeft (us) = 6500
Bytes Sent = 125560, targetBytesSent = 124640, timeLeft (us) = 6488
Bytes Sent = 124100, targetBytesSent = 124080, timeLeft (us) = 6498
Bytes Sent = 125560, targetBytesSent = 124980, timeLeft (us) = 6482
Bytes Sent = 125560, targetBytesSent = 124420, timeLeft (us) = 6480
Client sent: 99 MBs of data
Bytes Sent = 124100, targetBytesSent = 123860, timeLeft (us) = 6497
Bytes Sent = 125560, targetBytesSent = 124760, timeLeft (us) = 6484
Bytes Sent = 125560, targetBytesSent = 124200, timeLeft (us) = 6490
Bytes Sent = 124100, targetBytesSent = 123640, timeLeft (us) = 6473
Bytes Sent = 125560, targetBytesSent = 124540, timeLeft (us) = 6452
Bytes Sent = 124100, targetBytesSent = 123980, timeLeft (us) = 6447
Bytes Sent = 125560, targetBytesSent = 124880, timeLeft (us) = 6464
Bytes Sent = 125560, targetBytesSent = 124320, timeLeft (us) = 6439
Client sent: 100 MBs of data
Bytes Sent = 124100, targetBytesSent = 123760, timeLeft (us) = 6400
Bytes Sent = 125560, targetBytesSent = 124660, timeLeft (us) = 6401
Bytes Sent = 124100, targetBytesSent = 124100, timeLeft (us) = 6382
Bytes Sent = 125560, targetBytesSent = 125000, timeLeft (us) = 6418
Bytes Sent = 125560, targetBytesSent = 124440, timeLeft (us) = 6439
Bytes Sent = 124100, targetBytesSent = 123880, timeLeft (us) = 6403
Bytes Sent = 125560, targetBytesSent = 124780, timeLeft (us) = 6392
Bytes Sent = 125560, targetBytesSent = 124220, timeLeft (us) = 6407
Client sent: 101 MBs of data
Bytes Sent = 124100, targetBytesSent = 123660, timeLeft (us) = 6437
Bytes Sent = 125560, targetBytesSent = 124560, timeLeft (us) = 6435
Bytes Sent = 124100, targetBytesSent = 124000, timeLeft (us) = 6455
Bytes Sent = 125560, targetBytesSent = 124900, timeLeft (us) = 6458
Bytes Sent = 125560, targetBytesSent = 124340, timeLeft (us) = 6463
Bytes Sent = 124100, targetBytesSent = 123780, timeLeft (us) = 6461
Bytes Sent = 125560, targetBytesSent = 124680, timeLeft (us) = 6465
Bytes Sent = 125560, targetBytesSent = 124120, timeLeft (us) = 6459
Client sent: 102 MBs of data
Bytes Sent = 124100, targetBytesSent = 123560, timeLeft (us) = 6466
Bytes Sent = 125560, targetBytesSent = 124460, timeLeft (us) = 6479
Bytes Sent = 124100, targetBytesSent = 123900, timeLeft (us) = 6485
Bytes Sent = 125560, targetBytesSent = 124800, timeLeft (us) = 6443
Bytes Sent = 125560, targetBytesSent = 124240, timeLeft (us) = 6398
Bytes Sent = 124100, targetBytesSent = 123680, timeLeft (us) = 6396
Bytes Sent = 125560, targetBytesSent = 124580, timeLeft (us) = 6435
Bytes Sent = 124100, targetBytesSent = 124020, timeLeft (us) = 6401
Client sent: 103 MBs of data
Bytes Sent = 125560, targetBytesSent = 124920, timeLeft (us) = 6383
Bytes Sent = 125560, targetBytesSent = 124360, timeLeft (us) = 6427
Bytes Sent = 124100, targetBytesSent = 123800, timeLeft (us) = 6419
Bytes Sent = 125560, targetBytesSent = 124700, timeLeft (us) = 6412
Bytes Sent = 125560, targetBytesSent = 124140, timeLeft (us) = 6420
Bytes Sent = 124100, targetBytesSent = 123580, timeLeft (us) = 6438
Bytes Sent = 125560, targetBytesSent = 124480, timeLeft (us) = 6489
Bytes Sent = 124100, targetBytesSent = 123920, timeLeft (us) = 6483
Client sent: 104 MBs of data
Bytes Sent = 125560, targetBytesSent = 124820, timeLeft (us) = 6490
Bytes Sent = 125560, targetBytesSent = 124260, timeLeft (us) = 6484
Bytes Sent = 124100, targetBytesSent = 123700, timeLeft (us) = 6445
Bytes Sent = 125560, targetBytesSent = 124600, timeLeft (us) = 6436
Bytes Sent = 124100, targetBytesSent = 124040, timeLeft (us) = 6448
Bytes Sent = 125560, targetBytesSent = 124940, timeLeft (us) = 6426
Bytes Sent = 125560, targetBytesSent = 124380, timeLeft (us) = 6428
Bytes Sent = 124100, targetBytesSent = 123820, timeLeft (us) = 6412
Client sent: 105 MBs of data
Bytes Sent = 125560, targetBytesSent = 124720, timeLeft (us) = 6426
Bytes Sent = 125560, targetBytesSent = 124160, timeLeft (us) = 6395
Bytes Sent = 124100, targetBytesSent = 123600, timeLeft (us) = 6402
Bytes Sent = 125560, targetBytesSent = 124500, timeLeft (us) = 6411
Bytes Sent = 124100, targetBytesSent = 123940, timeLeft (us) = 6438
Bytes Sent = 125560, targetBytesSent = 124840, timeLeft (us) = 6455
Bytes Sent = 125560, targetBytesSent = 124280, timeLeft (us) = 6484
Bytes Sent = 124100, targetBytesSent = 123720, timeLeft (us) = 6488
Client sent: 106 MBs of data
Bytes Sent = 125560, targetBytesSent = 124620, timeLeft (us) = 6533
Bytes Sent = 124100, targetBytesSent = 124060, timeLeft (us) = 6547
Bytes Sent = 125560, targetBytesSent = 124960, timeLeft (us) = 6496
Bytes Sent = 125560, targetBytesSent = 124400, timeLeft (us) = 6468
Bytes Sent = 124100, targetBytesSent = 123840, timeLeft (us) = 6478
Bytes Sent = 125560, targetBytesSent = 124740, timeLeft (us) = 6464
Bytes Sent = 125560, targetBytesSent = 124180, timeLeft (us) = 6511
Bytes Sent = 124100, targetBytesSent = 123620, timeLeft (us) = 6485
Client sent: 107 MBs of data
Bytes Sent = 125560, targetBytesSent = 124520, timeLeft (us) = 6467
Bytes Sent = 124100, targetBytesSent = 123960, timeLeft (us) = 6460
Bytes Sent = 125560, targetBytesSent = 124860, timeLeft (us) = 6469
Bytes Sent = 125560, targetBytesSent = 124300, timeLeft (us) = 6464
Bytes Sent = 124100, targetBytesSent = 123740, timeLeft (us) = 6495
Bytes Sent = 125560, targetBytesSent = 124640, timeLeft (us) = 6476
Bytes Sent = 124100, targetBytesSent = 124080, timeLeft (us) = 6497
Bytes Sent = 125560, targetBytesSent = 124980, timeLeft (us) = 6508
Client sent: 108 MBs of data
Bytes Sent = 125560, targetBytesSent = 124420, timeLeft (us) = 6519
Bytes Sent = 124100, targetBytesSent = 123860, timeLeft (us) = 6519
Bytes Sent = 125560, targetBytesSent = 124760, timeLeft (us) = 6527
Bytes Sent = 125560, targetBytesSent = 124200, timeLeft (us) = 6578
Bytes Sent = 124100, targetBytesSent = 123640, timeLeft (us) = 6542
Bytes Sent = 125560, targetBytesSent = 124540, timeLeft (us) = 6538
Bytes Sent = 124100, targetBytesSent = 123980, timeLeft (us) = 6550
Bytes Sent = 125560, targetBytesSent = 124880, timeLeft (us) = 6535
Client sent: 109 MBs of data
Bytes Sent = 125560, targetBytesSent = 124320, timeLeft (us) = 6551
Bytes Sent = 124100, targetBytesSent = 123760, timeLeft (us) = 6570
Bytes Sent = 125560, targetBytesSent = 124660, timeLeft (us) = 6538
Bytes Sent = 124100, targetBytesSent = 124100, timeLeft (us) = 6569
Bytes Sent = 125560, targetBytesSent = 125000, timeLeft (us) = 6568
Bytes Sent = 125560, targetBytesSent = 124440, timeLeft (us) = 6554
Bytes Sent = 124100, targetBytesSent = 123880, timeLeft (us) = 6537
Bytes Sent = 125560, targetBytesSent = 124780, timeLeft (us) = 6514
Client sent: 110 MBs of data
Bytes Sent = 125560, targetBytesSent = 124220, timeLeft (us) = 6491
Bytes Sent = 124100, targetBytesSent = 123660, timeLeft (us) = 6464
Bytes Sent = 125560, targetBytesSent = 124560, timeLeft (us) = 6475
Bytes Sent = 124100, targetBytesSent = 124000, timeLeft (us) = 6493
Bytes Sent = 125560, targetBytesSent = 124900, timeLeft (us) = 6490
Bytes Sent = 125560, targetBytesSent = 124340, timeLeft (us) = 6505
Bytes Sent = 124100, targetBytesSent = 123780, timeLeft (us) = 6507
Bytes Sent = 125560, targetBytesSent = 124680, timeLeft (us) = 6484
Client sent: 111 MBs of data
Bytes Sent = 125560, targetBytesSent = 124120, timeLeft (us) = 6465
Bytes Sent = 124100, targetBytesSent = 123560, timeLeft (us) = 6480
Bytes Sent = 125560, targetBytesSent = 124460, timeLeft (us) = 6401
Bytes Sent = 124100, targetBytesSent = 123900, timeLeft (us) = 6440
Bytes Sent = 125560, targetBytesSent = 124800, timeLeft (us) = 6435
Bytes Sent = 125560, targetBytesSent = 124240, timeLeft (us) = 6443
Bytes Sent = 124100, targetBytesSent = 123680, timeLeft (us) = 6369
Bytes Sent = 125560, targetBytesSent = 124580, timeLeft (us) = 6385
Client sent: 112 MBs of data
Bytes Sent = 124100, targetBytesSent = 124020, timeLeft (us) = 6350
Bytes Sent = 125560, targetBytesSent = 124920, timeLeft (us) = 6370
Bytes Sent = 125560, targetBytesSent = 124360, timeLeft (us) = 6357
Bytes Sent = 124100, targetBytesSent = 123800, timeLeft (us) = 6348
Bytes Sent = 125560, targetBytesSent = 124700, timeLeft (us) = 6388
Bytes Sent = 125560, targetBytesSent = 124140, timeLeft (us) = 6391
Bytes Sent = 124100, targetBytesSent = 123580, timeLeft (us) = 6401
Bytes Sent = 125560, targetBytesSent = 124480, timeLeft (us) = 6417
Client sent: 113 MBs of data
Bytes Sent = 124100, targetBytesSent = 123920, timeLeft (us) = 6423
Bytes Sent = 125560, targetBytesSent = 124820, timeLeft (us) = 6439
Bytes Sent = 125560, targetBytesSent = 124260, timeLeft (us) = 6478
Bytes Sent = 124100, targetBytesSent = 123700, timeLeft (us) = 6440
Bytes Sent = 125560, targetBytesSent = 124600, timeLeft (us) = 6413
Bytes Sent = 124100, targetBytesSent = 124040, timeLeft (us) = 6438
Bytes Sent = 125560, targetBytesSent = 124940, timeLeft (us) = 6445
Bytes Sent = 125560, targetBytesSent = 124380, timeLeft (us) = 6434
Client sent: 114 MBs of data
Bytes Sent = 124100, targetBytesSent = 123820, timeLeft (us) = 6447
Bytes Sent = 125560, targetBytesSent = 124720, timeLeft (us) = 6419
Bytes Sent = 125560, targetBytesSent = 124160, timeLeft (us) = 6435
Bytes Sent = 124100, targetBytesSent = 123600, timeLeft (us) = 6457
Bytes Sent = 125560, targetBytesSent = 124500, timeLeft (us) = 6506
Bytes Sent = 124100, targetBytesSent = 123940, timeLeft (us) = 6493
Bytes Sent = 125560, targetBytesSent = 124840, timeLeft (us) = 6528
Bytes Sent = 125560, targetBytesSent = 124280, timeLeft (us) = 6538
Client sent: 115 MBs of data
Bytes Sent = 124100, targetBytesSent = 123720, timeLeft (us) = 6476
Bytes Sent = 125560, targetBytesSent = 124620, timeLeft (us) = 6537
Bytes Sent = 124100, targetBytesSent = 124060, timeLeft (us) = 6521
Bytes Sent = 125560, targetBytesSent = 124960, timeLeft (us) = 6506
Bytes Sent = 125560, targetBytesSent = 124400, timeLeft (us) = 6526
Bytes Sent = 124100, targetBytesSent = 123840, timeLeft (us) = 6532
Bytes Sent = 125560, targetBytesSent = 124740, timeLeft (us) = 6504
Bytes Sent = 125560, targetBytesSent = 124180, timeLeft (us) = 6526
Client sent: 116 MBs of data
Bytes Sent = 124100, targetBytesSent = 123620, timeLeft (us) = 6495
Bytes Sent = 125560, targetBytesSent = 124520, timeLeft (us) = 6494
Bytes Sent = 124100, targetBytesSent = 123960, timeLeft (us) = 6516
Bytes Sent = 125560, targetBytesSent = 124860, timeLeft (us) = 6491
Bytes Sent = 125560, targetBytesSent = 124300, timeLeft (us) = 6493
Bytes Sent = 124100, targetBytesSent = 123740, timeLeft (us) = 6503
Bytes Sent = 125560, targetBytesSent = 124640, timeLeft (us) = 6507
Bytes Sent = 124100, targetBytesSent = 124080, timeLeft (us) = 6459
Client sent: 117 MBs of data
Bytes Sent = 125560, targetBytesSent = 124980, timeLeft (us) = 6505
Bytes Sent = 125560, targetBytesSent = 124420, timeLeft (us) = 6521
Bytes Sent = 124100, targetBytesSent = 123860, timeLeft (us) = 6506
Bytes Sent = 125560, targetBytesSent = 124760, timeLeft (us) = 6547
Bytes Sent = 125560, targetBytesSent = 124200, timeLeft (us) = 6524
Bytes Sent = 124100, targetBytesSent = 123640, timeLeft (us) = 6495
Bytes Sent = 125560, targetBytesSent = 124540, timeLeft (us) = 6477
Bytes Sent = 124100, targetBytesSent = 123980, timeLeft (us) = 6505
Client sent: 118 MBs of data
Bytes Sent = 125560, targetBytesSent = 124880, timeLeft (us) = 6509
Bytes Sent = 125560, targetBytesSent = 124320, timeLeft (us) = 6517
Bytes Sent = 124100, targetBytesSent = 123760, timeLeft (us) = 6523
Bytes Sent = 125560, targetBytesSent = 124660, timeLeft (us) = 6512
Bytes Sent = 124100, targetBytesSent = 124100, timeLeft (us) = 6478
Bytes Sent = 125560, targetBytesSent = 125000, timeLeft (us) = 6479
Bytes Sent = 125560, targetBytesSent = 124440, timeLeft (us) = 6400
Bytes Sent = 124100, targetBytesSent = 123880, timeLeft (us) = 6408
Client sent: 119 MBs of data
Bytes Sent = 125560, targetBytesSent = 124780, timeLeft (us) = 6376
Bytes Sent = 125560, targetBytesSent = 124220, timeLeft (us) = 6361
Bytes Sent = 124100, targetBytesSent = 123660, timeLeft (us) = 6394
Bytes Sent = 125560, targetBytesSent = 124560, timeLeft (us) = 6398
Bytes Sent = 124100, targetBytesSent = 124000, timeLeft (us) = 6421
Bytes Sent = 125560, targetBytesSent = 124900, timeLeft (us) = 6414
Bytes Sent = 125560, targetBytesSent = 124340, timeLeft (us) = 6394
Bytes Sent = 124100, targetBytesSent = 123780, timeLeft (us) = 6410
Client sent: 120 MBs of data
Bytes Sent = 125560, targetBytesSent = 124680, timeLeft (us) = 6402
Bytes Sent = 125560, targetBytesSent = 124120, timeLeft (us) = 6389
Bytes Sent = 124100, targetBytesSent = 123560, timeLeft (us) = 6424
Bytes Sent = 125560, targetBytesSent = 124460, timeLeft (us) = 6408
Bytes Sent = 124100, targetBytesSent = 123900, timeLeft (us) = 6409
Bytes Sent = 125560, targetBytesSent = 124800, timeLeft (us) = 6390
Bytes Sent = 125560, targetBytesSent = 124240, timeLeft (us) = 6408
Bytes Sent = 124100, targetBytesSent = 123680, timeLeft (us) = 6419
Client sent: 121 MBs of data
Bytes Sent = 125560, targetBytesSent = 124580, timeLeft (us) = 6385
Bytes Sent = 124100, targetBytesSent = 124020, timeLeft (us) = 6397
Bytes Sent = 125560, targetBytesSent = 124920, timeLeft (us) = 6379
Bytes Sent = 125560, targetBytesSent = 124360, timeLeft (us) = 6385
Bytes Sent = 124100, targetBytesSent = 123800, timeLeft (us) = 6337
Bytes Sent = 125560, targetBytesSent = 124700, timeLeft (us) = 6324
Bytes Sent = 125560, targetBytesSent = 124140, timeLeft (us) = 6329
Bytes Sent = 124100, targetBytesSent = 123580, timeLeft (us) = 6340
Client sent: 122 MBs of data
Bytes Sent = 125560, targetBytesSent = 124480, timeLeft (us) = 6326
Bytes Sent = 124100, targetBytesSent = 123920, timeLeft (us) = 6375
Bytes Sent = 125560, targetBytesSent = 124820, timeLeft (us) = 6395
Bytes Sent = 125560, targetBytesSent = 124260, timeLeft (us) = 6415
Bytes Sent = 124100, targetBytesSent = 123700, timeLeft (us) = 6412
Bytes Sent = 125560, targetBytesSent = 124600, timeLeft (us) = 6423
Bytes Sent = 124100, targetBytesSent = 124040, timeLeft (us) = 6418
Bytes Sent = 125560, targetBytesSent = 124940, timeLeft (us) = 6435
Client sent: 123 MBs of data
Bytes Sent = 125560, targetBytesSent = 124380, timeLeft (us) = 6413
Bytes Sent = 124100, targetBytesSent = 123820, timeLeft (us) = 6386
Bytes Sent = 125560, targetBytesSent = 124720, timeLeft (us) = 6398
Bytes Sent = 125560, targetBytesSent = 124160, timeLeft (us) = 6396
Bytes Sent = 124100, targetBytesSent = 123600, timeLeft (us) = 6418
Bytes Sent = 125560, targetBytesSent = 124500, timeLeft (us) = 6454
Bytes Sent = 124100, targetBytesSent = 123940, timeLeft (us) = 6455
Bytes Sent = 125560, targetBytesSent = 124840, timeLeft (us) = 6450
Client sent: 124 MBs of data
Bytes Sent = 125560, targetBytesSent = 124280, timeLeft (us) = 6480
Bytes Sent = 124100, targetBytesSent = 123720, timeLeft (us) = 6475
Bytes Sent = 125560, targetBytesSent = 124620, timeLeft (us) = 6469
Bytes Sent = 124100, targetBytesSent = 124060, timeLeft (us) = 6460
Bytes Sent = 125560, targetBytesSent = 124960, timeLeft (us) = 6481
Bytes Sent = 125560, targetBytesSent = 124400, timeLeft (us) = 6467
Bytes Sent = 124100, targetBytesSent = 123840, timeLeft (us) = 6477
Bytes Sent = 125560, targetBytesSent = 124740, timeLeft (us) = 6443
Client sent: 125 MBs of data
Bytes Sent = 125560, targetBytesSent = 124180, timeLeft (us) = 6255
Bytes Sent = 124100, targetBytesSent = 123620, timeLeft (us) = 6285
Bytes Sent = 125560, targetBytesSent = 124520, timeLeft (us) = 6284
Bytes Sent = 124100, targetBytesSent = 123960, timeLeft (us) = 6327
Bytes Sent = 125560, targetBytesSent = 124860, timeLeft (us) = 6320
Bytes Sent = 125560, targetBytesSent = 124300, timeLeft (us) = 6340
Bytes Sent = 124100, targetBytesSent = 123740, timeLeft (us) = 6290
Bytes Sent = 125560, targetBytesSent = 124640, timeLeft (us) = 6348
Client sent: 126 MBs of data
Bytes Sent = 124100, targetBytesSent = 124080, timeLeft (us) = 6348
Bytes Sent = 125560, targetBytesSent = 124980, timeLeft (us) = 6381
Exp finishing. Stopping stack thread with id: 6!
VT-sleep-for exiting !

------------------------- ACTUAL STDOUT FROM EXECUTABLE ENDED -----------------------------

Process: 6 exiting VT experiment !
Main thread exiting. PID = 6
