Attempting to set static arp entries ...
Tracer: 35 >> Using SRC IP: 10.1.20.202 for any spawned virtual tcp-stacks
Tracer: 35 >> Updating firewall rules to drop outgoing TCP-RST packets
Attempting to set firewall rules ...
Tracer: 35 >> CMD TO RUN: /home/vignesh/VT-S3FNet/csudp/tcp_tgen/tgen client 55 10.1.21.146 7891 rate 100 > /home/vignesh/VT-S3FNet/experiment-data/TCP_LA_Enabled_nemus_100_ratelim_rate_100/client55.log
args[0] = /home/vignesh/VT-S3FNet/csudp/tcp_tgen/tgen
args[1] = client
args[2] = 55
args[3] = 10.1.21.146
args[4] = 7891
args[5] = rate
args[6] = 100
Setting appropriate environment variables ...
HOME DIRECTORY : /home/vignesh
Parsing TTN config file: /home/vignesh/.ttn/projects.db
Setting VT_L1_INS_CACHE_MISS_CYCLES to: 100
Setting VT_L1_INS_CACHE_LINES to: 64
Setting VT_L1_INS_CACHE_SIZE_KB to: 32
Setting VT_L1_INS_CACHE_ASSOC to: 8
Setting VT_L1_INS_CACHE_REPLACEMENT_POLICY to: LRU
Setting VT_L1_DATA_CACHE_MISS_CYCLES to: 100
Setting VT_L1_DATA_CACHE_LINES to: 64
Setting VT_L1_DATA_CACHE_SIZE_KB to: 32
Setting VT_L1_DATA_CACHE_ASSOC to: 8
Setting VT_L1_DATA_CACHE_REPLACEMENT_POLICY to: LRU
Setting VT_CPU_CYLES_NS to: 2.700000
Setting VT_NIC_SPEED_MBPS to: 1000.000000
Setting VT_TIMING_MODEL to: EMPIRICAL
Setting VT_BBL_LOOKAHEAD_FILE to: /home/vignesh/VT-S3FNet/csudp/tcp_tgen/.ttn/lookahead/bbl_lookahead.info
Setting VT_LOOP_LOOKAHEAD_FILE to: /home/vignesh/VT-S3FNet/csudp/tcp_tgen/.ttn/lookahead/loop_lookahead.info
Starting command: /home/vignesh/VT-S3FNet/csudp/tcp_tgen/tgen
Loading orig functions !
Starting executable with Pid = 6
Loading pointers to VTL Logic functions
Loaded pointers to all VTL Logic functions
Now Initializing VT-Management 
Extracting env variables !
Extracted tracer-id: 35
Extracted exp-type: 2
Extracted cpu-cycles-ns: 2.700000
Extracted socket-layer-ip: -904658678
Starting VT-initialization !
Tracer-ID: 35, Timeline-ID: 35
Tracer registration for EXP_CS complete. TimelineID = 35, Return = 35
Tracer Adding to SQ. Tracer ID = 35
Parsing any provided lookahead information ...
Opening file: /home/vignesh/VT-S3FNet/csudp/tcp_tgen/.ttn/lookahead/bbl_lookahead.info
File size: 592
mapped memblock size: 592
Finish offset: 70, Number of values: 70
Returning success !
Loaded BBL lookaheads for 70 basic blocks ...
Opening file: /home/vignesh/VT-S3FNet/csudp/tcp_tgen/.ttn/lookahead/loop_lookahead.info
Failed to parse Loop Lookaheads. Ignoring ...
VT initialization successfull !
Finished Initializing VT-Management 
Initializing TCP-stack ...
TCP stack unique-id: 356
Starting virtual socket layer stack-thread !
Pthread_create: vtStackThread special case
Successfully initialized VTL-Logic embedded into the executable

------------------------- ACTUAL STDOUT FROM EXECUTABLE STARTS -----------------------------

Client: MyPid: 6
Adding new vt-tcp-socket !
Creating vt-tcp socket !
Client socket fd = 4097
setsockopt through vt-tcp !
setsockopt through vt-tcp !
Connecting to server ...
Connecting .. Socket: 4097, src-port: 40001
Waking up connected socket !
Socket connect success. socket = 4097
Connecting through vt-tcp success !
Sending data ...
Sending msgs of size: 1460 to server at rate 100 (Mbps)...
Bytes Sent = 125560, targetBytesSent = 125000, timeLeft (us) = 6701
Bytes Sent = 125560, targetBytesSent = 124440, timeLeft (us) = 6742
Bytes Sent = 124100, targetBytesSent = 123880, timeLeft (us) = 6720
Bytes Sent = 125560, targetBytesSent = 124780, timeLeft (us) = 6737
Bytes Sent = 125560, targetBytesSent = 124220, timeLeft (us) = 6671
Bytes Sent = 124100, targetBytesSent = 123660, timeLeft (us) = 6722
Bytes Sent = 125560, targetBytesSent = 124560, timeLeft (us) = 6759
Bytes Sent = 124100, targetBytesSent = 124000, timeLeft (us) = 6783
Client sent: 1 MBs of data
Bytes Sent = 125560, targetBytesSent = 124900, timeLeft (us) = 6711
Bytes Sent = 125560, targetBytesSent = 124340, timeLeft (us) = 6700
Bytes Sent = 124100, targetBytesSent = 123780, timeLeft (us) = 6696
Bytes Sent = 125560, targetBytesSent = 124680, timeLeft (us) = 6695
Bytes Sent = 125560, targetBytesSent = 124120, timeLeft (us) = 6761
Bytes Sent = 124100, targetBytesSent = 123560, timeLeft (us) = 6753
Bytes Sent = 125560, targetBytesSent = 124460, timeLeft (us) = 6783
Bytes Sent = 124100, targetBytesSent = 123900, timeLeft (us) = 6768
Client sent: 2 MBs of data
Bytes Sent = 125560, targetBytesSent = 124800, timeLeft (us) = 6744
Bytes Sent = 125560, targetBytesSent = 124240, timeLeft (us) = 6749
Bytes Sent = 124100, targetBytesSent = 123680, timeLeft (us) = 6724
Bytes Sent = 125560, targetBytesSent = 124580, timeLeft (us) = 6711
Bytes Sent = 124100, targetBytesSent = 124020, timeLeft (us) = 6739
Bytes Sent = 125560, targetBytesSent = 124920, timeLeft (us) = 6702
Bytes Sent = 125560, targetBytesSent = 124360, timeLeft (us) = 6755
Bytes Sent = 124100, targetBytesSent = 123800, timeLeft (us) = 6729
Client sent: 3 MBs of data
Bytes Sent = 125560, targetBytesSent = 124700, timeLeft (us) = 6721
Bytes Sent = 125560, targetBytesSent = 124140, timeLeft (us) = 6726
Bytes Sent = 124100, targetBytesSent = 123580, timeLeft (us) = 6733
Bytes Sent = 125560, targetBytesSent = 124480, timeLeft (us) = 6664
Bytes Sent = 124100, targetBytesSent = 123920, timeLeft (us) = 6649
Bytes Sent = 125560, targetBytesSent = 124820, timeLeft (us) = 6620
Bytes Sent = 125560, targetBytesSent = 124260, timeLeft (us) = 6589
Bytes Sent = 124100, targetBytesSent = 123700, timeLeft (us) = 6610
Client sent: 4 MBs of data
Bytes Sent = 125560, targetBytesSent = 124600, timeLeft (us) = 6571
Bytes Sent = 124100, targetBytesSent = 124040, timeLeft (us) = 6663
Bytes Sent = 125560, targetBytesSent = 124940, timeLeft (us) = 6583
Bytes Sent = 125560, targetBytesSent = 124380, timeLeft (us) = 6715
Bytes Sent = 124100, targetBytesSent = 123820, timeLeft (us) = 6715
Bytes Sent = 125560, targetBytesSent = 124720, timeLeft (us) = 6687
Bytes Sent = 125560, targetBytesSent = 124160, timeLeft (us) = 6685
Bytes Sent = 124100, targetBytesSent = 123600, timeLeft (us) = 6696
Client sent: 5 MBs of data
Bytes Sent = 125560, targetBytesSent = 124500, timeLeft (us) = 6656
Bytes Sent = 124100, targetBytesSent = 123940, timeLeft (us) = 6650
Bytes Sent = 125560, targetBytesSent = 124840, timeLeft (us) = 6693
Bytes Sent = 125560, targetBytesSent = 124280, timeLeft (us) = 6666
Bytes Sent = 124100, targetBytesSent = 123720, timeLeft (us) = 6698
Bytes Sent = 125560, targetBytesSent = 124620, timeLeft (us) = 6646
Bytes Sent = 124100, targetBytesSent = 124060, timeLeft (us) = 6607
Bytes Sent = 125560, targetBytesSent = 124960, timeLeft (us) = 6590
Client sent: 6 MBs of data
Bytes Sent = 125560, targetBytesSent = 124400, timeLeft (us) = 6577
Bytes Sent = 124100, targetBytesSent = 123840, timeLeft (us) = 6550
Bytes Sent = 125560, targetBytesSent = 124740, timeLeft (us) = 6631
Bytes Sent = 125560, targetBytesSent = 124180, timeLeft (us) = 6620
Bytes Sent = 124100, targetBytesSent = 123620, timeLeft (us) = 6651
Bytes Sent = 125560, targetBytesSent = 124520, timeLeft (us) = 6581
Bytes Sent = 124100, targetBytesSent = 123960, timeLeft (us) = 6569
Bytes Sent = 125560, targetBytesSent = 124860, timeLeft (us) = 6594
Client sent: 7 MBs of data
Bytes Sent = 125560, targetBytesSent = 124300, timeLeft (us) = 6579
Bytes Sent = 124100, targetBytesSent = 123740, timeLeft (us) = 6641
Bytes Sent = 125560, targetBytesSent = 124640, timeLeft (us) = 6587
Bytes Sent = 124100, targetBytesSent = 124080, timeLeft (us) = 6591
Bytes Sent = 125560, targetBytesSent = 124980, timeLeft (us) = 6594
Bytes Sent = 125560, targetBytesSent = 124420, timeLeft (us) = 6592
Bytes Sent = 124100, targetBytesSent = 123860, timeLeft (us) = 6588
Bytes Sent = 125560, targetBytesSent = 124760, timeLeft (us) = 6620
Client sent: 8 MBs of data
Bytes Sent = 125560, targetBytesSent = 124200, timeLeft (us) = 6596
Bytes Sent = 124100, targetBytesSent = 123640, timeLeft (us) = 6616
Bytes Sent = 125560, targetBytesSent = 124540, timeLeft (us) = 6603
Bytes Sent = 124100, targetBytesSent = 123980, timeLeft (us) = 6609
Bytes Sent = 125560, targetBytesSent = 124880, timeLeft (us) = 6633
Bytes Sent = 125560, targetBytesSent = 124320, timeLeft (us) = 6637
Bytes Sent = 124100, targetBytesSent = 123760, timeLeft (us) = 6623
Bytes Sent = 125560, targetBytesSent = 124660, timeLeft (us) = 6612
Client sent: 9 MBs of data
Bytes Sent = 124100, targetBytesSent = 124100, timeLeft (us) = 6626
Bytes Sent = 125560, targetBytesSent = 125000, timeLeft (us) = 6602
Bytes Sent = 125560, targetBytesSent = 124440, timeLeft (us) = 6577
Bytes Sent = 124100, targetBytesSent = 123880, timeLeft (us) = 6649
Bytes Sent = 125560, targetBytesSent = 124780, timeLeft (us) = 6601
Bytes Sent = 125560, targetBytesSent = 124220, timeLeft (us) = 6623
Bytes Sent = 124100, targetBytesSent = 123660, timeLeft (us) = 6588
Bytes Sent = 125560, targetBytesSent = 124560, timeLeft (us) = 6619
Client sent: 10 MBs of data
Bytes Sent = 124100, targetBytesSent = 124000, timeLeft (us) = 6603
Bytes Sent = 125560, targetBytesSent = 124900, timeLeft (us) = 6623
Bytes Sent = 125560, targetBytesSent = 124340, timeLeft (us) = 6614
Bytes Sent = 124100, targetBytesSent = 123780, timeLeft (us) = 6610
Bytes Sent = 125560, targetBytesSent = 124680, timeLeft (us) = 6611
Bytes Sent = 125560, targetBytesSent = 124120, timeLeft (us) = 6632
Bytes Sent = 124100, targetBytesSent = 123560, timeLeft (us) = 6600
Bytes Sent = 125560, targetBytesSent = 124460, timeLeft (us) = 6609
Client sent: 11 MBs of data
Bytes Sent = 124100, targetBytesSent = 123900, timeLeft (us) = 6609
Bytes Sent = 125560, targetBytesSent = 124800, timeLeft (us) = 6614
Bytes Sent = 125560, targetBytesSent = 124240, timeLeft (us) = 6583
Bytes Sent = 124100, targetBytesSent = 123680, timeLeft (us) = 6599
Bytes Sent = 125560, targetBytesSent = 124580, timeLeft (us) = 6661
Bytes Sent = 124100, targetBytesSent = 124020, timeLeft (us) = 6627
Bytes Sent = 125560, targetBytesSent = 124920, timeLeft (us) = 6672
Bytes Sent = 125560, targetBytesSent = 124360, timeLeft (us) = 6746
Client sent: 12 MBs of data
Bytes Sent = 124100, targetBytesSent = 123800, timeLeft (us) = 6714
Bytes Sent = 125560, targetBytesSent = 124700, timeLeft (us) = 6750
Bytes Sent = 125560, targetBytesSent = 124140, timeLeft (us) = 6702
Bytes Sent = 124100, targetBytesSent = 123580, timeLeft (us) = 6724
Bytes Sent = 125560, targetBytesSent = 124480, timeLeft (us) = 6691
Bytes Sent = 124100, targetBytesSent = 123920, timeLeft (us) = 6633
Bytes Sent = 125560, targetBytesSent = 124820, timeLeft (us) = 6714
Bytes Sent = 125560, targetBytesSent = 124260, timeLeft (us) = 6663
Client sent: 13 MBs of data
Bytes Sent = 124100, targetBytesSent = 123700, timeLeft (us) = 6691
Bytes Sent = 125560, targetBytesSent = 124600, timeLeft (us) = 6698
Bytes Sent = 124100, targetBytesSent = 124040, timeLeft (us) = 6712
Bytes Sent = 125560, targetBytesSent = 124940, timeLeft (us) = 6677
Bytes Sent = 125560, targetBytesSent = 124380, timeLeft (us) = 6664
Bytes Sent = 124100, targetBytesSent = 123820, timeLeft (us) = 6709
Bytes Sent = 125560, targetBytesSent = 124720, timeLeft (us) = 6638
Bytes Sent = 125560, targetBytesSent = 124160, timeLeft (us) = 6613
Client sent: 14 MBs of data
Bytes Sent = 124100, targetBytesSent = 123600, timeLeft (us) = 6624
Bytes Sent = 125560, targetBytesSent = 124500, timeLeft (us) = 6609
Bytes Sent = 124100, targetBytesSent = 123940, timeLeft (us) = 6610
Bytes Sent = 125560, targetBytesSent = 124840, timeLeft (us) = 6596
Bytes Sent = 125560, targetBytesSent = 124280, timeLeft (us) = 6620
Bytes Sent = 124100, targetBytesSent = 123720, timeLeft (us) = 6621
Bytes Sent = 125560, targetBytesSent = 124620, timeLeft (us) = 6616
Bytes Sent = 124100, targetBytesSent = 124060, timeLeft (us) = 6618
Client sent: 15 MBs of data
Bytes Sent = 125560, targetBytesSent = 124960, timeLeft (us) = 6582
Bytes Sent = 125560, targetBytesSent = 124400, timeLeft (us) = 6585
Bytes Sent = 124100, targetBytesSent = 123840, timeLeft (us) = 6573
Bytes Sent = 125560, targetBytesSent = 124740, timeLeft (us) = 6606
Bytes Sent = 125560, targetBytesSent = 124180, timeLeft (us) = 6583
Bytes Sent = 124100, targetBytesSent = 123620, timeLeft (us) = 6672
Bytes Sent = 125560, targetBytesSent = 124520, timeLeft (us) = 6680
Bytes Sent = 124100, targetBytesSent = 123960, timeLeft (us) = 6668
Client sent: 16 MBs of data
Bytes Sent = 125560, targetBytesSent = 124860, timeLeft (us) = 6708
Bytes Sent = 125560, targetBytesSent = 124300, timeLeft (us) = 6683
Bytes Sent = 124100, targetBytesSent = 123740, timeLeft (us) = 6634
Bytes Sent = 125560, targetBytesSent = 124640, timeLeft (us) = 6656
Bytes Sent = 124100, targetBytesSent = 124080, timeLeft (us) = 6658
Bytes Sent = 125560, targetBytesSent = 124980, timeLeft (us) = 6660
Bytes Sent = 125560, targetBytesSent = 124420, timeLeft (us) = 6730
Bytes Sent = 124100, targetBytesSent = 123860, timeLeft (us) = 6670
Client sent: 17 MBs of data
Bytes Sent = 125560, targetBytesSent = 124760, timeLeft (us) = 6695
Bytes Sent = 125560, targetBytesSent = 124200, timeLeft (us) = 6628
Bytes Sent = 124100, targetBytesSent = 123640, timeLeft (us) = 6649
Bytes Sent = 125560, targetBytesSent = 124540, timeLeft (us) = 6673
Bytes Sent = 124100, targetBytesSent = 123980, timeLeft (us) = 6624
Bytes Sent = 125560, targetBytesSent = 124880, timeLeft (us) = 6701
Bytes Sent = 125560, targetBytesSent = 124320, timeLeft (us) = 6677
Bytes Sent = 124100, targetBytesSent = 123760, timeLeft (us) = 6596
Client sent: 18 MBs of data
Bytes Sent = 125560, targetBytesSent = 124660, timeLeft (us) = 6605
Bytes Sent = 124100, targetBytesSent = 124100, timeLeft (us) = 6611
Bytes Sent = 125560, targetBytesSent = 125000, timeLeft (us) = 6614
Bytes Sent = 125560, targetBytesSent = 124440, timeLeft (us) = 6615
Bytes Sent = 124100, targetBytesSent = 123880, timeLeft (us) = 6608
Bytes Sent = 125560, targetBytesSent = 124780, timeLeft (us) = 6686
Bytes Sent = 125560, targetBytesSent = 124220, timeLeft (us) = 6586
Bytes Sent = 124100, targetBytesSent = 123660, timeLeft (us) = 6589
Client sent: 19 MBs of data
Bytes Sent = 125560, targetBytesSent = 124560, timeLeft (us) = 6598
Bytes Sent = 124100, targetBytesSent = 124000, timeLeft (us) = 6603
Bytes Sent = 125560, targetBytesSent = 124900, timeLeft (us) = 6579
Bytes Sent = 125560, targetBytesSent = 124340, timeLeft (us) = 6622
Bytes Sent = 124100, targetBytesSent = 123780, timeLeft (us) = 6589
Bytes Sent = 125560, targetBytesSent = 124680, timeLeft (us) = 6593
Bytes Sent = 125560, targetBytesSent = 124120, timeLeft (us) = 6634
Bytes Sent = 124100, targetBytesSent = 123560, timeLeft (us) = 6590
Client sent: 20 MBs of data
Bytes Sent = 125560, targetBytesSent = 124460, timeLeft (us) = 6590
Bytes Sent = 124100, targetBytesSent = 123900, timeLeft (us) = 6596
Bytes Sent = 125560, targetBytesSent = 124800, timeLeft (us) = 6615
Bytes Sent = 125560, targetBytesSent = 124240, timeLeft (us) = 6635
Bytes Sent = 124100, targetBytesSent = 123680, timeLeft (us) = 6621
Bytes Sent = 125560, targetBytesSent = 124580, timeLeft (us) = 6627
Bytes Sent = 124100, targetBytesSent = 124020, timeLeft (us) = 6588
Bytes Sent = 125560, targetBytesSent = 124920, timeLeft (us) = 6635
Client sent: 21 MBs of data
Bytes Sent = 125560, targetBytesSent = 124360, timeLeft (us) = 6674
Bytes Sent = 124100, targetBytesSent = 123800, timeLeft (us) = 6718
Bytes Sent = 125560, targetBytesSent = 124700, timeLeft (us) = 6733
Bytes Sent = 125560, targetBytesSent = 124140, timeLeft (us) = 6755
Bytes Sent = 124100, targetBytesSent = 123580, timeLeft (us) = 6701
Bytes Sent = 125560, targetBytesSent = 124480, timeLeft (us) = 6682
Bytes Sent = 124100, targetBytesSent = 123920, timeLeft (us) = 6702
Bytes Sent = 125560, targetBytesSent = 124820, timeLeft (us) = 6697
Client sent: 22 MBs of data
Bytes Sent = 125560, targetBytesSent = 124260, timeLeft (us) = 6763
Bytes Sent = 124100, targetBytesSent = 123700, timeLeft (us) = 6754
Bytes Sent = 125560, targetBytesSent = 124600, timeLeft (us) = 6757
Bytes Sent = 124100, targetBytesSent = 124040, timeLeft (us) = 6797
Bytes Sent = 125560, targetBytesSent = 124940, timeLeft (us) = 6765
Bytes Sent = 125560, targetBytesSent = 124380, timeLeft (us) = 6795
Bytes Sent = 124100, targetBytesSent = 123820, timeLeft (us) = 6827
Bytes Sent = 125560, targetBytesSent = 124720, timeLeft (us) = 6772
Client sent: 23 MBs of data
Bytes Sent = 125560, targetBytesSent = 124160, timeLeft (us) = 6791
Bytes Sent = 124100, targetBytesSent = 123600, timeLeft (us) = 6795
Bytes Sent = 125560, targetBytesSent = 124500, timeLeft (us) = 6766
Bytes Sent = 124100, targetBytesSent = 123940, timeLeft (us) = 6749
Bytes Sent = 125560, targetBytesSent = 124840, timeLeft (us) = 6715
Bytes Sent = 125560, targetBytesSent = 124280, timeLeft (us) = 6703
Bytes Sent = 124100, targetBytesSent = 123720, timeLeft (us) = 6693
Bytes Sent = 125560, targetBytesSent = 124620, timeLeft (us) = 6707
Client sent: 24 MBs of data
Bytes Sent = 124100, targetBytesSent = 124060, timeLeft (us) = 6681
Bytes Sent = 125560, targetBytesSent = 124960, timeLeft (us) = 6759
Bytes Sent = 125560, targetBytesSent = 124400, timeLeft (us) = 6709
Bytes Sent = 124100, targetBytesSent = 123840, timeLeft (us) = 6745
Bytes Sent = 125560, targetBytesSent = 124740, timeLeft (us) = 6710
Bytes Sent = 125560, targetBytesSent = 124180, timeLeft (us) = 6752
Bytes Sent = 124100, targetBytesSent = 123620, timeLeft (us) = 6756
Bytes Sent = 125560, targetBytesSent = 124520, timeLeft (us) = 6742
Client sent: 25 MBs of data
Bytes Sent = 124100, targetBytesSent = 123960, timeLeft (us) = 6696
Bytes Sent = 125560, targetBytesSent = 124860, timeLeft (us) = 6706
Bytes Sent = 125560, targetBytesSent = 124300, timeLeft (us) = 6682
Bytes Sent = 124100, targetBytesSent = 123740, timeLeft (us) = 6634
Bytes Sent = 125560, targetBytesSent = 124640, timeLeft (us) = 6694
Bytes Sent = 124100, targetBytesSent = 124080, timeLeft (us) = 6661
Bytes Sent = 125560, targetBytesSent = 124980, timeLeft (us) = 6577
Bytes Sent = 125560, targetBytesSent = 124420, timeLeft (us) = 6562
Client sent: 26 MBs of data
Bytes Sent = 124100, targetBytesSent = 123860, timeLeft (us) = 6524
Bytes Sent = 125560, targetBytesSent = 124760, timeLeft (us) = 6513
Bytes Sent = 125560, targetBytesSent = 124200, timeLeft (us) = 6520
Bytes Sent = 124100, targetBytesSent = 123640, timeLeft (us) = 6480
Bytes Sent = 125560, targetBytesSent = 124540, timeLeft (us) = 6511
Bytes Sent = 124100, targetBytesSent = 123980, timeLeft (us) = 6526
Bytes Sent = 125560, targetBytesSent = 124880, timeLeft (us) = 6556
Bytes Sent = 125560, targetBytesSent = 124320, timeLeft (us) = 6566
Client sent: 27 MBs of data
Bytes Sent = 124100, targetBytesSent = 123760, timeLeft (us) = 6539
Bytes Sent = 125560, targetBytesSent = 124660, timeLeft (us) = 6526
Bytes Sent = 124100, targetBytesSent = 124100, timeLeft (us) = 6542
Bytes Sent = 125560, targetBytesSent = 125000, timeLeft (us) = 6529
Bytes Sent = 125560, targetBytesSent = 124440, timeLeft (us) = 6538
Bytes Sent = 124100, targetBytesSent = 123880, timeLeft (us) = 6572
Bytes Sent = 125560, targetBytesSent = 124780, timeLeft (us) = 6555
Bytes Sent = 125560, targetBytesSent = 124220, timeLeft (us) = 6554
Client sent: 28 MBs of data
Bytes Sent = 124100, targetBytesSent = 123660, timeLeft (us) = 6552
Bytes Sent = 125560, targetBytesSent = 124560, timeLeft (us) = 6543
Bytes Sent = 124100, targetBytesSent = 124000, timeLeft (us) = 6539
Bytes Sent = 125560, targetBytesSent = 124900, timeLeft (us) = 6524
Bytes Sent = 125560, targetBytesSent = 124340, timeLeft (us) = 6555
Bytes Sent = 124100, targetBytesSent = 123780, timeLeft (us) = 6525
Bytes Sent = 125560, targetBytesSent = 124680, timeLeft (us) = 6582
Bytes Sent = 125560, targetBytesSent = 124120, timeLeft (us) = 6610
Client sent: 29 MBs of data
Bytes Sent = 124100, targetBytesSent = 123560, timeLeft (us) = 6604
Bytes Sent = 125560, targetBytesSent = 124460, timeLeft (us) = 6582
Bytes Sent = 124100, targetBytesSent = 123900, timeLeft (us) = 6644
Bytes Sent = 125560, targetBytesSent = 124800, timeLeft (us) = 6626
Bytes Sent = 125560, targetBytesSent = 124240, timeLeft (us) = 6644
Bytes Sent = 124100, targetBytesSent = 123680, timeLeft (us) = 6634
Bytes Sent = 125560, targetBytesSent = 124580, timeLeft (us) = 6628
Bytes Sent = 124100, targetBytesSent = 124020, timeLeft (us) = 6684
Client sent: 30 MBs of data
Bytes Sent = 125560, targetBytesSent = 124920, timeLeft (us) = 6691
Bytes Sent = 125560, targetBytesSent = 124360, timeLeft (us) = 6644
Bytes Sent = 124100, targetBytesSent = 123800, timeLeft (us) = 6665
Bytes Sent = 125560, targetBytesSent = 124700, timeLeft (us) = 6670
Bytes Sent = 125560, targetBytesSent = 124140, timeLeft (us) = 6635
Bytes Sent = 124100, targetBytesSent = 123580, timeLeft (us) = 6619
Bytes Sent = 125560, targetBytesSent = 124480, timeLeft (us) = 6614
Bytes Sent = 124100, targetBytesSent = 123920, timeLeft (us) = 6602
Client sent: 31 MBs of data
Bytes Sent = 125560, targetBytesSent = 124820, timeLeft (us) = 6585
Bytes Sent = 125560, targetBytesSent = 124260, timeLeft (us) = 6643
Bytes Sent = 124100, targetBytesSent = 123700, timeLeft (us) = 6654
Bytes Sent = 125560, targetBytesSent = 124600, timeLeft (us) = 6632
Bytes Sent = 124100, targetBytesSent = 124040, timeLeft (us) = 6687
Bytes Sent = 125560, targetBytesSent = 124940, timeLeft (us) = 6603
Bytes Sent = 125560, targetBytesSent = 124380, timeLeft (us) = 6654
Bytes Sent = 124100, targetBytesSent = 123820, timeLeft (us) = 6554
Client sent: 32 MBs of data
Bytes Sent = 125560, targetBytesSent = 124720, timeLeft (us) = 6574
Bytes Sent = 125560, targetBytesSent = 124160, timeLeft (us) = 6683
Bytes Sent = 124100, targetBytesSent = 123600, timeLeft (us) = 6640
Bytes Sent = 125560, targetBytesSent = 124500, timeLeft (us) = 6577
Bytes Sent = 124100, targetBytesSent = 123940, timeLeft (us) = 6633
Bytes Sent = 125560, targetBytesSent = 124840, timeLeft (us) = 6619
Bytes Sent = 125560, targetBytesSent = 124280, timeLeft (us) = 6638
Bytes Sent = 124100, targetBytesSent = 123720, timeLeft (us) = 6637
Client sent: 33 MBs of data
Bytes Sent = 125560, targetBytesSent = 124620, timeLeft (us) = 6653
Bytes Sent = 124100, targetBytesSent = 124060, timeLeft (us) = 6630
Bytes Sent = 125560, targetBytesSent = 124960, timeLeft (us) = 6686
Bytes Sent = 125560, targetBytesSent = 124400, timeLeft (us) = 6656
Bytes Sent = 124100, targetBytesSent = 123840, timeLeft (us) = 6673
Bytes Sent = 125560, targetBytesSent = 124740, timeLeft (us) = 6662
Bytes Sent = 125560, targetBytesSent = 124180, timeLeft (us) = 6723
Bytes Sent = 124100, targetBytesSent = 123620, timeLeft (us) = 6766
Client sent: 34 MBs of data
Bytes Sent = 125560, targetBytesSent = 124520, timeLeft (us) = 6666
Bytes Sent = 124100, targetBytesSent = 123960, timeLeft (us) = 6694
Bytes Sent = 125560, targetBytesSent = 124860, timeLeft (us) = 6695
Bytes Sent = 125560, targetBytesSent = 124300, timeLeft (us) = 6777
Bytes Sent = 124100, targetBytesSent = 123740, timeLeft (us) = 6750
Bytes Sent = 125560, targetBytesSent = 124640, timeLeft (us) = 6713
Bytes Sent = 124100, targetBytesSent = 124080, timeLeft (us) = 6691
Bytes Sent = 125560, targetBytesSent = 124980, timeLeft (us) = 6743
Client sent: 35 MBs of data
Bytes Sent = 125560, targetBytesSent = 124420, timeLeft (us) = 6697
Bytes Sent = 124100, targetBytesSent = 123860, timeLeft (us) = 6729
Bytes Sent = 125560, targetBytesSent = 124760, timeLeft (us) = 6721
Bytes Sent = 125560, targetBytesSent = 124200, timeLeft (us) = 6745
Bytes Sent = 124100, targetBytesSent = 123640, timeLeft (us) = 6735
Bytes Sent = 125560, targetBytesSent = 124540, timeLeft (us) = 6722
Bytes Sent = 124100, targetBytesSent = 123980, timeLeft (us) = 6701
Bytes Sent = 125560, targetBytesSent = 124880, timeLeft (us) = 6714
Client sent: 36 MBs of data
Bytes Sent = 125560, targetBytesSent = 124320, timeLeft (us) = 6728
Bytes Sent = 124100, targetBytesSent = 123760, timeLeft (us) = 6731
Bytes Sent = 125560, targetBytesSent = 124660, timeLeft (us) = 6724
Bytes Sent = 124100, targetBytesSent = 124100, timeLeft (us) = 6651
Bytes Sent = 125560, targetBytesSent = 125000, timeLeft (us) = 6612
Bytes Sent = 125560, targetBytesSent = 124440, timeLeft (us) = 6631
Bytes Sent = 124100, targetBytesSent = 123880, timeLeft (us) = 6590
Bytes Sent = 125560, targetBytesSent = 124780, timeLeft (us) = 6613
Client sent: 37 MBs of data
Bytes Sent = 125560, targetBytesSent = 124220, timeLeft (us) = 6602
Bytes Sent = 124100, targetBytesSent = 123660, timeLeft (us) = 6642
Bytes Sent = 125560, targetBytesSent = 124560, timeLeft (us) = 6625
Bytes Sent = 124100, targetBytesSent = 124000, timeLeft (us) = 6602
Bytes Sent = 125560, targetBytesSent = 124900, timeLeft (us) = 6609
Bytes Sent = 125560, targetBytesSent = 124340, timeLeft (us) = 6571
Bytes Sent = 124100, targetBytesSent = 123780, timeLeft (us) = 6629
Bytes Sent = 125560, targetBytesSent = 124680, timeLeft (us) = 6710
Client sent: 38 MBs of data
Bytes Sent = 125560, targetBytesSent = 124120, timeLeft (us) = 6636
Bytes Sent = 124100, targetBytesSent = 123560, timeLeft (us) = 6701
Bytes Sent = 125560, targetBytesSent = 124460, timeLeft (us) = 6685
Bytes Sent = 124100, targetBytesSent = 123900, timeLeft (us) = 6575
Bytes Sent = 125560, targetBytesSent = 124800, timeLeft (us) = 6571
Bytes Sent = 125560, targetBytesSent = 124240, timeLeft (us) = 6552
Bytes Sent = 124100, targetBytesSent = 123680, timeLeft (us) = 6563
Bytes Sent = 125560, targetBytesSent = 124580, timeLeft (us) = 6565
Client sent: 39 MBs of data
Bytes Sent = 124100, targetBytesSent = 124020, timeLeft (us) = 6544
Bytes Sent = 125560, targetBytesSent = 124920, timeLeft (us) = 6566
Bytes Sent = 125560, targetBytesSent = 124360, timeLeft (us) = 6608
Bytes Sent = 124100, targetBytesSent = 123800, timeLeft (us) = 6600
Bytes Sent = 125560, targetBytesSent = 124700, timeLeft (us) = 6618
Bytes Sent = 125560, targetBytesSent = 124140, timeLeft (us) = 6545
Bytes Sent = 124100, targetBytesSent = 123580, timeLeft (us) = 6577
Bytes Sent = 125560, targetBytesSent = 124480, timeLeft (us) = 6585
Client sent: 40 MBs of data
Bytes Sent = 124100, targetBytesSent = 123920, timeLeft (us) = 6589
Bytes Sent = 125560, targetBytesSent = 124820, timeLeft (us) = 6559
Bytes Sent = 125560, targetBytesSent = 124260, timeLeft (us) = 6636
Bytes Sent = 124100, targetBytesSent = 123700, timeLeft (us) = 6610
Bytes Sent = 125560, targetBytesSent = 124600, timeLeft (us) = 6627
Bytes Sent = 124100, targetBytesSent = 124040, timeLeft (us) = 6644
Bytes Sent = 125560, targetBytesSent = 124940, timeLeft (us) = 6580
Bytes Sent = 125560, targetBytesSent = 124380, timeLeft (us) = 6557
Client sent: 41 MBs of data
Bytes Sent = 124100, targetBytesSent = 123820, timeLeft (us) = 6545
Bytes Sent = 125560, targetBytesSent = 124720, timeLeft (us) = 6546
Bytes Sent = 125560, targetBytesSent = 124160, timeLeft (us) = 6481
Bytes Sent = 124100, targetBytesSent = 123600, timeLeft (us) = 6504
Bytes Sent = 125560, targetBytesSent = 124500, timeLeft (us) = 6530
Bytes Sent = 124100, targetBytesSent = 123940, timeLeft (us) = 6534
Bytes Sent = 125560, targetBytesSent = 124840, timeLeft (us) = 6542
Bytes Sent = 125560, targetBytesSent = 124280, timeLeft (us) = 6547
Client sent: 42 MBs of data
Bytes Sent = 124100, targetBytesSent = 123720, timeLeft (us) = 6572
Bytes Sent = 125560, targetBytesSent = 124620, timeLeft (us) = 6554
Bytes Sent = 124100, targetBytesSent = 124060, timeLeft (us) = 6537
Bytes Sent = 125560, targetBytesSent = 124960, timeLeft (us) = 6545
Bytes Sent = 125560, targetBytesSent = 124400, timeLeft (us) = 6506
Bytes Sent = 124100, targetBytesSent = 123840, timeLeft (us) = 6511
Bytes Sent = 125560, targetBytesSent = 124740, timeLeft (us) = 6578
Bytes Sent = 125560, targetBytesSent = 124180, timeLeft (us) = 6550
Client sent: 43 MBs of data
Bytes Sent = 124100, targetBytesSent = 123620, timeLeft (us) = 6590
Bytes Sent = 125560, targetBytesSent = 124520, timeLeft (us) = 6620
Bytes Sent = 124100, targetBytesSent = 123960, timeLeft (us) = 6557
Bytes Sent = 125560, targetBytesSent = 124860, timeLeft (us) = 6532
Bytes Sent = 125560, targetBytesSent = 124300, timeLeft (us) = 6559
Bytes Sent = 124100, targetBytesSent = 123740, timeLeft (us) = 6554
Bytes Sent = 125560, targetBytesSent = 124640, timeLeft (us) = 6532
Bytes Sent = 124100, targetBytesSent = 124080, timeLeft (us) = 6588
Client sent: 44 MBs of data
Bytes Sent = 125560, targetBytesSent = 124980, timeLeft (us) = 6624
Bytes Sent = 125560, targetBytesSent = 124420, timeLeft (us) = 6713
Bytes Sent = 124100, targetBytesSent = 123860, timeLeft (us) = 6677
Bytes Sent = 125560, targetBytesSent = 124760, timeLeft (us) = 6725
Bytes Sent = 125560, targetBytesSent = 124200, timeLeft (us) = 6730
Bytes Sent = 124100, targetBytesSent = 123640, timeLeft (us) = 6700
Bytes Sent = 125560, targetBytesSent = 124540, timeLeft (us) = 6729
Bytes Sent = 124100, targetBytesSent = 123980, timeLeft (us) = 6740
Client sent: 45 MBs of data
Bytes Sent = 125560, targetBytesSent = 124880, timeLeft (us) = 6721
Bytes Sent = 125560, targetBytesSent = 124320, timeLeft (us) = 6758
Bytes Sent = 124100, targetBytesSent = 123760, timeLeft (us) = 6775
Bytes Sent = 125560, targetBytesSent = 124660, timeLeft (us) = 6783
Bytes Sent = 124100, targetBytesSent = 124100, timeLeft (us) = 6741
Bytes Sent = 125560, targetBytesSent = 125000, timeLeft (us) = 6799
Bytes Sent = 125560, targetBytesSent = 124440, timeLeft (us) = 6753
Bytes Sent = 124100, targetBytesSent = 123880, timeLeft (us) = 6785
Client sent: 46 MBs of data
Bytes Sent = 125560, targetBytesSent = 124780, timeLeft (us) = 6780
Bytes Sent = 125560, targetBytesSent = 124220, timeLeft (us) = 6732
Bytes Sent = 124100, targetBytesSent = 123660, timeLeft (us) = 6756
Bytes Sent = 125560, targetBytesSent = 124560, timeLeft (us) = 6742
Bytes Sent = 124100, targetBytesSent = 124000, timeLeft (us) = 6737
Bytes Sent = 125560, targetBytesSent = 124900, timeLeft (us) = 6722
Bytes Sent = 125560, targetBytesSent = 124340, timeLeft (us) = 6715
Bytes Sent = 124100, targetBytesSent = 123780, timeLeft (us) = 6709
Client sent: 47 MBs of data
Bytes Sent = 125560, targetBytesSent = 124680, timeLeft (us) = 6735
Bytes Sent = 125560, targetBytesSent = 124120, timeLeft (us) = 6694
Bytes Sent = 124100, targetBytesSent = 123560, timeLeft (us) = 6688
Bytes Sent = 125560, targetBytesSent = 124460, timeLeft (us) = 6629
Bytes Sent = 124100, targetBytesSent = 123900, timeLeft (us) = 6628
Bytes Sent = 125560, targetBytesSent = 124800, timeLeft (us) = 6588
Bytes Sent = 125560, targetBytesSent = 124240, timeLeft (us) = 6584
Bytes Sent = 124100, targetBytesSent = 123680, timeLeft (us) = 6540
Client sent: 48 MBs of data
Bytes Sent = 125560, targetBytesSent = 124580, timeLeft (us) = 6545
Bytes Sent = 124100, targetBytesSent = 124020, timeLeft (us) = 6505
Bytes Sent = 125560, targetBytesSent = 124920, timeLeft (us) = 6531
Bytes Sent = 125560, targetBytesSent = 124360, timeLeft (us) = 6530
Bytes Sent = 124100, targetBytesSent = 123800, timeLeft (us) = 6527
Bytes Sent = 125560, targetBytesSent = 124700, timeLeft (us) = 6536
Bytes Sent = 125560, targetBytesSent = 124140, timeLeft (us) = 6514
Bytes Sent = 124100, targetBytesSent = 123580, timeLeft (us) = 6516
Client sent: 49 MBs of data
Bytes Sent = 125560, targetBytesSent = 124480, timeLeft (us) = 6526
Bytes Sent = 124100, targetBytesSent = 123920, timeLeft (us) = 6549
Bytes Sent = 125560, targetBytesSent = 124820, timeLeft (us) = 6559
Bytes Sent = 125560, targetBytesSent = 124260, timeLeft (us) = 6566
Bytes Sent = 124100, targetBytesSent = 123700, timeLeft (us) = 6565
Bytes Sent = 125560, targetBytesSent = 124600, timeLeft (us) = 6583
Bytes Sent = 124100, targetBytesSent = 124040, timeLeft (us) = 6621
Bytes Sent = 125560, targetBytesSent = 124940, timeLeft (us) = 6611
Client sent: 50 MBs of data
Bytes Sent = 125560, targetBytesSent = 124380, timeLeft (us) = 6579
Bytes Sent = 124100, targetBytesSent = 123820, timeLeft (us) = 6576
Bytes Sent = 125560, targetBytesSent = 124720, timeLeft (us) = 6591
Bytes Sent = 125560, targetBytesSent = 124160, timeLeft (us) = 6592
Bytes Sent = 124100, targetBytesSent = 123600, timeLeft (us) = 6597
Bytes Sent = 125560, targetBytesSent = 124500, timeLeft (us) = 6603
Bytes Sent = 124100, targetBytesSent = 123940, timeLeft (us) = 6572
Bytes Sent = 125560, targetBytesSent = 124840, timeLeft (us) = 6611
Client sent: 51 MBs of data
Bytes Sent = 125560, targetBytesSent = 124280, timeLeft (us) = 6573
Bytes Sent = 124100, targetBytesSent = 123720, timeLeft (us) = 6581
Bytes Sent = 125560, targetBytesSent = 124620, timeLeft (us) = 6591
Bytes Sent = 124100, targetBytesSent = 124060, timeLeft (us) = 6580
Bytes Sent = 125560, targetBytesSent = 124960, timeLeft (us) = 6586
Bytes Sent = 125560, targetBytesSent = 124400, timeLeft (us) = 6581
Bytes Sent = 124100, targetBytesSent = 123840, timeLeft (us) = 6571
Bytes Sent = 125560, targetBytesSent = 124740, timeLeft (us) = 6579
Client sent: 52 MBs of data
Bytes Sent = 125560, targetBytesSent = 124180, timeLeft (us) = 6591
Bytes Sent = 124100, targetBytesSent = 123620, timeLeft (us) = 6603
Bytes Sent = 125560, targetBytesSent = 124520, timeLeft (us) = 6592
Bytes Sent = 124100, targetBytesSent = 123960, timeLeft (us) = 6573
Bytes Sent = 125560, targetBytesSent = 124860, timeLeft (us) = 6568
Bytes Sent = 125560, targetBytesSent = 124300, timeLeft (us) = 6551
Bytes Sent = 124100, targetBytesSent = 123740, timeLeft (us) = 6556
Bytes Sent = 125560, targetBytesSent = 124640, timeLeft (us) = 6578
Client sent: 53 MBs of data
Bytes Sent = 124100, targetBytesSent = 124080, timeLeft (us) = 6544
Bytes Sent = 125560, targetBytesSent = 124980, timeLeft (us) = 6572
Bytes Sent = 125560, targetBytesSent = 124420, timeLeft (us) = 6565
Bytes Sent = 124100, targetBytesSent = 123860, timeLeft (us) = 6559
Bytes Sent = 125560, targetBytesSent = 124760, timeLeft (us) = 6585
Bytes Sent = 125560, targetBytesSent = 124200, timeLeft (us) = 6560
Bytes Sent = 124100, targetBytesSent = 123640, timeLeft (us) = 6604
Bytes Sent = 125560, targetBytesSent = 124540, timeLeft (us) = 6553
Client sent: 54 MBs of data
Bytes Sent = 124100, targetBytesSent = 123980, timeLeft (us) = 6635
Bytes Sent = 125560, targetBytesSent = 124880, timeLeft (us) = 6618
Bytes Sent = 125560, targetBytesSent = 124320, timeLeft (us) = 6613
Bytes Sent = 124100, targetBytesSent = 123760, timeLeft (us) = 6611
Bytes Sent = 125560, targetBytesSent = 124660, timeLeft (us) = 6617
Bytes Sent = 124100, targetBytesSent = 124100, timeLeft (us) = 6633
Bytes Sent = 125560, targetBytesSent = 125000, timeLeft (us) = 6577
Bytes Sent = 125560, targetBytesSent = 124440, timeLeft (us) = 6589
Client sent: 55 MBs of data
Bytes Sent = 124100, targetBytesSent = 123880, timeLeft (us) = 6571
Bytes Sent = 125560, targetBytesSent = 124780, timeLeft (us) = 6574
Bytes Sent = 125560, targetBytesSent = 124220, timeLeft (us) = 6575
Bytes Sent = 124100, targetBytesSent = 123660, timeLeft (us) = 6547
Bytes Sent = 125560, targetBytesSent = 124560, timeLeft (us) = 6524
Bytes Sent = 124100, targetBytesSent = 124000, timeLeft (us) = 6536
Bytes Sent = 125560, targetBytesSent = 124900, timeLeft (us) = 6545
Bytes Sent = 125560, targetBytesSent = 124340, timeLeft (us) = 6560
Client sent: 56 MBs of data
Bytes Sent = 124100, targetBytesSent = 123780, timeLeft (us) = 6572
Bytes Sent = 125560, targetBytesSent = 124680, timeLeft (us) = 6554
Bytes Sent = 125560, targetBytesSent = 124120, timeLeft (us) = 6493
Bytes Sent = 124100, targetBytesSent = 123560, timeLeft (us) = 6472
Bytes Sent = 125560, targetBytesSent = 124460, timeLeft (us) = 6467
Bytes Sent = 124100, targetBytesSent = 123900, timeLeft (us) = 6474
Bytes Sent = 125560, targetBytesSent = 124800, timeLeft (us) = 6493
Bytes Sent = 125560, targetBytesSent = 124240, timeLeft (us) = 6509
Client sent: 57 MBs of data
Bytes Sent = 124100, targetBytesSent = 123680, timeLeft (us) = 6501
Bytes Sent = 125560, targetBytesSent = 124580, timeLeft (us) = 6466
Bytes Sent = 124100, targetBytesSent = 124020, timeLeft (us) = 6474
Bytes Sent = 125560, targetBytesSent = 124920, timeLeft (us) = 6467
Bytes Sent = 125560, targetBytesSent = 124360, timeLeft (us) = 6466
Bytes Sent = 124100, targetBytesSent = 123800, timeLeft (us) = 6508
Bytes Sent = 125560, targetBytesSent = 124700, timeLeft (us) = 6461
Bytes Sent = 125560, targetBytesSent = 124140, timeLeft (us) = 6483
Client sent: 58 MBs of data
Bytes Sent = 124100, targetBytesSent = 123580, timeLeft (us) = 6510
Bytes Sent = 125560, targetBytesSent = 124480, timeLeft (us) = 6543
Bytes Sent = 124100, targetBytesSent = 123920, timeLeft (us) = 6533
Bytes Sent = 125560, targetBytesSent = 124820, timeLeft (us) = 6569
Bytes Sent = 125560, targetBytesSent = 124260, timeLeft (us) = 6549
Bytes Sent = 124100, targetBytesSent = 123700, timeLeft (us) = 6543
Bytes Sent = 125560, targetBytesSent = 124600, timeLeft (us) = 6560
Bytes Sent = 124100, targetBytesSent = 124040, timeLeft (us) = 6559
Client sent: 59 MBs of data
Bytes Sent = 125560, targetBytesSent = 124940, timeLeft (us) = 6577
Bytes Sent = 125560, targetBytesSent = 124380, timeLeft (us) = 6548
Bytes Sent = 124100, targetBytesSent = 123820, timeLeft (us) = 6603
Bytes Sent = 125560, targetBytesSent = 124720, timeLeft (us) = 6566
Bytes Sent = 125560, targetBytesSent = 124160, timeLeft (us) = 6573
Bytes Sent = 124100, targetBytesSent = 123600, timeLeft (us) = 6578
Bytes Sent = 125560, targetBytesSent = 124500, timeLeft (us) = 6573
Bytes Sent = 124100, targetBytesSent = 123940, timeLeft (us) = 6574
Client sent: 60 MBs of data
Bytes Sent = 125560, targetBytesSent = 124840, timeLeft (us) = 6563
Bytes Sent = 125560, targetBytesSent = 124280, timeLeft (us) = 6561
Bytes Sent = 124100, targetBytesSent = 123720, timeLeft (us) = 6577
Bytes Sent = 125560, targetBytesSent = 124620, timeLeft (us) = 6612
Bytes Sent = 124100, targetBytesSent = 124060, timeLeft (us) = 6616
Bytes Sent = 125560, targetBytesSent = 124960, timeLeft (us) = 6598
Bytes Sent = 125560, targetBytesSent = 124400, timeLeft (us) = 6625
Bytes Sent = 124100, targetBytesSent = 123840, timeLeft (us) = 6682
Client sent: 61 MBs of data
Bytes Sent = 125560, targetBytesSent = 124740, timeLeft (us) = 6693
Bytes Sent = 125560, targetBytesSent = 124180, timeLeft (us) = 6691
Bytes Sent = 124100, targetBytesSent = 123620, timeLeft (us) = 6664
Bytes Sent = 125560, targetBytesSent = 124520, timeLeft (us) = 6714
Bytes Sent = 124100, targetBytesSent = 123960, timeLeft (us) = 6678
Bytes Sent = 125560, targetBytesSent = 124860, timeLeft (us) = 6703
Bytes Sent = 125560, targetBytesSent = 124300, timeLeft (us) = 6612
Bytes Sent = 124100, targetBytesSent = 123740, timeLeft (us) = 6621
Client sent: 62 MBs of data
Bytes Sent = 125560, targetBytesSent = 124640, timeLeft (us) = 6575
Bytes Sent = 124100, targetBytesSent = 124080, timeLeft (us) = 6565
Bytes Sent = 125560, targetBytesSent = 124980, timeLeft (us) = 6541
Bytes Sent = 125560, targetBytesSent = 124420, timeLeft (us) = 6545
Bytes Sent = 124100, targetBytesSent = 123860, timeLeft (us) = 6521
Bytes Sent = 125560, targetBytesSent = 124760, timeLeft (us) = 6575
Bytes Sent = 125560, targetBytesSent = 124200, timeLeft (us) = 6577
Bytes Sent = 124100, targetBytesSent = 123640, timeLeft (us) = 6639
Client sent: 63 MBs of data
Bytes Sent = 125560, targetBytesSent = 124540, timeLeft (us) = 6598
Bytes Sent = 124100, targetBytesSent = 123980, timeLeft (us) = 6584
Bytes Sent = 125560, targetBytesSent = 124880, timeLeft (us) = 6639
Bytes Sent = 125560, targetBytesSent = 124320, timeLeft (us) = 6595
Bytes Sent = 124100, targetBytesSent = 123760, timeLeft (us) = 6625
Bytes Sent = 125560, targetBytesSent = 124660, timeLeft (us) = 6601
Bytes Sent = 124100, targetBytesSent = 124100, timeLeft (us) = 6602
Bytes Sent = 125560, targetBytesSent = 125000, timeLeft (us) = 6576
Client sent: 64 MBs of data
Bytes Sent = 125560, targetBytesSent = 124440, timeLeft (us) = 6581
Bytes Sent = 124100, targetBytesSent = 123880, timeLeft (us) = 6593
Bytes Sent = 125560, targetBytesSent = 124780, timeLeft (us) = 6573
Bytes Sent = 125560, targetBytesSent = 124220, timeLeft (us) = 6539
Bytes Sent = 124100, targetBytesSent = 123660, timeLeft (us) = 6557
Bytes Sent = 125560, targetBytesSent = 124560, timeLeft (us) = 6586
Bytes Sent = 124100, targetBytesSent = 124000, timeLeft (us) = 6538
Bytes Sent = 125560, targetBytesSent = 124900, timeLeft (us) = 6556
Client sent: 65 MBs of data
Bytes Sent = 125560, targetBytesSent = 124340, timeLeft (us) = 6539
Bytes Sent = 124100, targetBytesSent = 123780, timeLeft (us) = 6570
Bytes Sent = 125560, targetBytesSent = 124680, timeLeft (us) = 6539
Bytes Sent = 125560, targetBytesSent = 124120, timeLeft (us) = 6539
Bytes Sent = 124100, targetBytesSent = 123560, timeLeft (us) = 6578
Bytes Sent = 125560, targetBytesSent = 124460, timeLeft (us) = 6574
Bytes Sent = 124100, targetBytesSent = 123900, timeLeft (us) = 6598
Bytes Sent = 125560, targetBytesSent = 124800, timeLeft (us) = 6596
Client sent: 66 MBs of data
Bytes Sent = 125560, targetBytesSent = 124240, timeLeft (us) = 6581
Bytes Sent = 124100, targetBytesSent = 123680, timeLeft (us) = 6537
Bytes Sent = 125560, targetBytesSent = 124580, timeLeft (us) = 6537
Bytes Sent = 124100, targetBytesSent = 124020, timeLeft (us) = 6538
Bytes Sent = 125560, targetBytesSent = 124920, timeLeft (us) = 6515
Bytes Sent = 125560, targetBytesSent = 124360, timeLeft (us) = 6520
Bytes Sent = 124100, targetBytesSent = 123800, timeLeft (us) = 6499
Bytes Sent = 125560, targetBytesSent = 124700, timeLeft (us) = 6507
Client sent: 67 MBs of data
Bytes Sent = 125560, targetBytesSent = 124140, timeLeft (us) = 6558
Bytes Sent = 124100, targetBytesSent = 123580, timeLeft (us) = 6580
Bytes Sent = 125560, targetBytesSent = 124480, timeLeft (us) = 6600
Bytes Sent = 124100, targetBytesSent = 123920, timeLeft (us) = 6588
Bytes Sent = 125560, targetBytesSent = 124820, timeLeft (us) = 6608
Bytes Sent = 125560, targetBytesSent = 124260, timeLeft (us) = 6543
Bytes Sent = 124100, targetBytesSent = 123700, timeLeft (us) = 6537
Bytes Sent = 125560, targetBytesSent = 124600, timeLeft (us) = 6545
Client sent: 68 MBs of data
Bytes Sent = 124100, targetBytesSent = 124040, timeLeft (us) = 6580
Bytes Sent = 125560, targetBytesSent = 124940, timeLeft (us) = 6552
Bytes Sent = 125560, targetBytesSent = 124380, timeLeft (us) = 6566
Bytes Sent = 124100, targetBytesSent = 123820, timeLeft (us) = 6520
Bytes Sent = 125560, targetBytesSent = 124720, timeLeft (us) = 6568
Bytes Sent = 125560, targetBytesSent = 124160, timeLeft (us) = 6539
Bytes Sent = 124100, targetBytesSent = 123600, timeLeft (us) = 6495
Bytes Sent = 125560, targetBytesSent = 124500, timeLeft (us) = 6472
Client sent: 69 MBs of data
Bytes Sent = 124100, targetBytesSent = 123940, timeLeft (us) = 6451
Bytes Sent = 125560, targetBytesSent = 124840, timeLeft (us) = 6484
Bytes Sent = 125560, targetBytesSent = 124280, timeLeft (us) = 6525
Bytes Sent = 124100, targetBytesSent = 123720, timeLeft (us) = 6540
Bytes Sent = 125560, targetBytesSent = 124620, timeLeft (us) = 6535
Bytes Sent = 124100, targetBytesSent = 124060, timeLeft (us) = 6562
Bytes Sent = 125560, targetBytesSent = 124960, timeLeft (us) = 6563
Bytes Sent = 125560, targetBytesSent = 124400, timeLeft (us) = 6557
Client sent: 70 MBs of data
Bytes Sent = 124100, targetBytesSent = 123840, timeLeft (us) = 6544
Bytes Sent = 125560, targetBytesSent = 124740, timeLeft (us) = 6560
Bytes Sent = 125560, targetBytesSent = 124180, timeLeft (us) = 6563
Bytes Sent = 124100, targetBytesSent = 123620, timeLeft (us) = 6547
Bytes Sent = 125560, targetBytesSent = 124520, timeLeft (us) = 6540
Bytes Sent = 124100, targetBytesSent = 123960, timeLeft (us) = 6547
Bytes Sent = 125560, targetBytesSent = 124860, timeLeft (us) = 6620
Bytes Sent = 125560, targetBytesSent = 124300, timeLeft (us) = 6608
Client sent: 71 MBs of data
Bytes Sent = 124100, targetBytesSent = 123740, timeLeft (us) = 6608
Bytes Sent = 125560, targetBytesSent = 124640, timeLeft (us) = 6630
Bytes Sent = 124100, targetBytesSent = 124080, timeLeft (us) = 6593
Bytes Sent = 125560, targetBytesSent = 124980, timeLeft (us) = 6609
Bytes Sent = 125560, targetBytesSent = 124420, timeLeft (us) = 6687
Bytes Sent = 124100, targetBytesSent = 123860, timeLeft (us) = 6644
Bytes Sent = 125560, targetBytesSent = 124760, timeLeft (us) = 6703
Bytes Sent = 125560, targetBytesSent = 124200, timeLeft (us) = 6657
Client sent: 72 MBs of data
Bytes Sent = 124100, targetBytesSent = 123640, timeLeft (us) = 6623
Bytes Sent = 125560, targetBytesSent = 124540, timeLeft (us) = 6680
Bytes Sent = 124100, targetBytesSent = 123980, timeLeft (us) = 6682
Bytes Sent = 125560, targetBytesSent = 124880, timeLeft (us) = 6674
Bytes Sent = 125560, targetBytesSent = 124320, timeLeft (us) = 6685
Bytes Sent = 124100, targetBytesSent = 123760, timeLeft (us) = 6624
Bytes Sent = 125560, targetBytesSent = 124660, timeLeft (us) = 6612
Bytes Sent = 124100, targetBytesSent = 124100, timeLeft (us) = 6613
Client sent: 73 MBs of data
Bytes Sent = 125560, targetBytesSent = 125000, timeLeft (us) = 6633
Bytes Sent = 125560, targetBytesSent = 124440, timeLeft (us) = 6591
Bytes Sent = 124100, targetBytesSent = 123880, timeLeft (us) = 6591
Bytes Sent = 125560, targetBytesSent = 124780, timeLeft (us) = 6587
Bytes Sent = 125560, targetBytesSent = 124220, timeLeft (us) = 6564
Bytes Sent = 124100, targetBytesSent = 123660, timeLeft (us) = 6610
Bytes Sent = 125560, targetBytesSent = 124560, timeLeft (us) = 6644
Bytes Sent = 124100, targetBytesSent = 124000, timeLeft (us) = 6586
Client sent: 74 MBs of data
Bytes Sent = 125560, targetBytesSent = 124900, timeLeft (us) = 6618
Bytes Sent = 125560, targetBytesSent = 124340, timeLeft (us) = 6646
Bytes Sent = 124100, targetBytesSent = 123780, timeLeft (us) = 6606
Bytes Sent = 125560, targetBytesSent = 124680, timeLeft (us) = 6642
Bytes Sent = 125560, targetBytesSent = 124120, timeLeft (us) = 6598
Bytes Sent = 124100, targetBytesSent = 123560, timeLeft (us) = 6653
Bytes Sent = 125560, targetBytesSent = 124460, timeLeft (us) = 6650
Bytes Sent = 124100, targetBytesSent = 123900, timeLeft (us) = 6615
Client sent: 75 MBs of data
Bytes Sent = 125560, targetBytesSent = 124800, timeLeft (us) = 6571
Bytes Sent = 125560, targetBytesSent = 124240, timeLeft (us) = 6549
Bytes Sent = 124100, targetBytesSent = 123680, timeLeft (us) = 6570
Bytes Sent = 125560, targetBytesSent = 124580, timeLeft (us) = 6653
Bytes Sent = 124100, targetBytesSent = 124020, timeLeft (us) = 6644
Bytes Sent = 125560, targetBytesSent = 124920, timeLeft (us) = 6646
Bytes Sent = 125560, targetBytesSent = 124360, timeLeft (us) = 6684
Bytes Sent = 124100, targetBytesSent = 123800, timeLeft (us) = 6681
Client sent: 76 MBs of data
Bytes Sent = 125560, targetBytesSent = 124700, timeLeft (us) = 6653
Bytes Sent = 125560, targetBytesSent = 124140, timeLeft (us) = 6731
Bytes Sent = 124100, targetBytesSent = 123580, timeLeft (us) = 6635
Bytes Sent = 125560, targetBytesSent = 124480, timeLeft (us) = 6665
Bytes Sent = 124100, targetBytesSent = 123920, timeLeft (us) = 6636
Bytes Sent = 125560, targetBytesSent = 124820, timeLeft (us) = 6667
Bytes Sent = 125560, targetBytesSent = 124260, timeLeft (us) = 6612
Bytes Sent = 124100, targetBytesSent = 123700, timeLeft (us) = 6615
Client sent: 77 MBs of data
Bytes Sent = 125560, targetBytesSent = 124600, timeLeft (us) = 6612
Bytes Sent = 124100, targetBytesSent = 124040, timeLeft (us) = 6633
Bytes Sent = 125560, targetBytesSent = 124940, timeLeft (us) = 6726
Bytes Sent = 125560, targetBytesSent = 124380, timeLeft (us) = 6646
Bytes Sent = 124100, targetBytesSent = 123820, timeLeft (us) = 6662
Bytes Sent = 125560, targetBytesSent = 124720, timeLeft (us) = 6650
Bytes Sent = 125560, targetBytesSent = 124160, timeLeft (us) = 6740
Bytes Sent = 124100, targetBytesSent = 123600, timeLeft (us) = 6678
Client sent: 78 MBs of data
Bytes Sent = 125560, targetBytesSent = 124500, timeLeft (us) = 6695
Bytes Sent = 124100, targetBytesSent = 123940, timeLeft (us) = 6709
Bytes Sent = 125560, targetBytesSent = 124840, timeLeft (us) = 6663
Bytes Sent = 125560, targetBytesSent = 124280, timeLeft (us) = 6651
Bytes Sent = 124100, targetBytesSent = 123720, timeLeft (us) = 6710
Bytes Sent = 125560, targetBytesSent = 124620, timeLeft (us) = 6705
Bytes Sent = 124100, targetBytesSent = 124060, timeLeft (us) = 6692
Bytes Sent = 125560, targetBytesSent = 124960, timeLeft (us) = 6731
Client sent: 79 MBs of data
Bytes Sent = 125560, targetBytesSent = 124400, timeLeft (us) = 6741
Bytes Sent = 124100, targetBytesSent = 123840, timeLeft (us) = 6708
Bytes Sent = 125560, targetBytesSent = 124740, timeLeft (us) = 6688
Bytes Sent = 125560, targetBytesSent = 124180, timeLeft (us) = 6705
Bytes Sent = 124100, targetBytesSent = 123620, timeLeft (us) = 6664
Bytes Sent = 125560, targetBytesSent = 124520, timeLeft (us) = 6668
Bytes Sent = 124100, targetBytesSent = 123960, timeLeft (us) = 6743
Bytes Sent = 125560, targetBytesSent = 124860, timeLeft (us) = 6678
Client sent: 80 MBs of data
Bytes Sent = 125560, targetBytesSent = 124300, timeLeft (us) = 6706
Bytes Sent = 124100, targetBytesSent = 123740, timeLeft (us) = 6703
Bytes Sent = 125560, targetBytesSent = 124640, timeLeft (us) = 6709
Bytes Sent = 124100, targetBytesSent = 124080, timeLeft (us) = 6704
Bytes Sent = 125560, targetBytesSent = 124980, timeLeft (us) = 6668
Bytes Sent = 125560, targetBytesSent = 124420, timeLeft (us) = 6615
Bytes Sent = 124100, targetBytesSent = 123860, timeLeft (us) = 6656
Bytes Sent = 125560, targetBytesSent = 124760, timeLeft (us) = 6643
Client sent: 81 MBs of data
Bytes Sent = 125560, targetBytesSent = 124200, timeLeft (us) = 6614
Bytes Sent = 124100, targetBytesSent = 123640, timeLeft (us) = 6674
Bytes Sent = 125560, targetBytesSent = 124540, timeLeft (us) = 6597
Bytes Sent = 124100, targetBytesSent = 123980, timeLeft (us) = 6617
Bytes Sent = 125560, targetBytesSent = 124880, timeLeft (us) = 6620
Bytes Sent = 125560, targetBytesSent = 124320, timeLeft (us) = 6688
Bytes Sent = 124100, targetBytesSent = 123760, timeLeft (us) = 6668
Bytes Sent = 125560, targetBytesSent = 124660, timeLeft (us) = 6695
Client sent: 82 MBs of data
Bytes Sent = 124100, targetBytesSent = 124100, timeLeft (us) = 6662
Bytes Sent = 125560, targetBytesSent = 125000, timeLeft (us) = 6686
Bytes Sent = 125560, targetBytesSent = 124440, timeLeft (us) = 6676
Bytes Sent = 124100, targetBytesSent = 123880, timeLeft (us) = 6667
Bytes Sent = 125560, targetBytesSent = 124780, timeLeft (us) = 6637
Bytes Sent = 125560, targetBytesSent = 124220, timeLeft (us) = 6650
Bytes Sent = 124100, targetBytesSent = 123660, timeLeft (us) = 6636
Bytes Sent = 125560, targetBytesSent = 124560, timeLeft (us) = 6562
Client sent: 83 MBs of data
Bytes Sent = 124100, targetBytesSent = 124000, timeLeft (us) = 6566
Bytes Sent = 125560, targetBytesSent = 124900, timeLeft (us) = 6582
Bytes Sent = 125560, targetBytesSent = 124340, timeLeft (us) = 6556
Bytes Sent = 124100, targetBytesSent = 123780, timeLeft (us) = 6565
Bytes Sent = 125560, targetBytesSent = 124680, timeLeft (us) = 6575
Bytes Sent = 125560, targetBytesSent = 124120, timeLeft (us) = 6569
Bytes Sent = 124100, targetBytesSent = 123560, timeLeft (us) = 6592
Bytes Sent = 125560, targetBytesSent = 124460, timeLeft (us) = 6587
Client sent: 84 MBs of data
Bytes Sent = 124100, targetBytesSent = 123900, timeLeft (us) = 6601
Bytes Sent = 125560, targetBytesSent = 124800, timeLeft (us) = 6578
Bytes Sent = 125560, targetBytesSent = 124240, timeLeft (us) = 6608
Bytes Sent = 124100, targetBytesSent = 123680, timeLeft (us) = 6610
Bytes Sent = 125560, targetBytesSent = 124580, timeLeft (us) = 6624
Bytes Sent = 124100, targetBytesSent = 124020, timeLeft (us) = 6619
Bytes Sent = 125560, targetBytesSent = 124920, timeLeft (us) = 6585
Bytes Sent = 125560, targetBytesSent = 124360, timeLeft (us) = 6548
Client sent: 85 MBs of data
Bytes Sent = 124100, targetBytesSent = 123800, timeLeft (us) = 6585
Bytes Sent = 125560, targetBytesSent = 124700, timeLeft (us) = 6547
Bytes Sent = 125560, targetBytesSent = 124140, timeLeft (us) = 6580
Bytes Sent = 124100, targetBytesSent = 123580, timeLeft (us) = 6577
Bytes Sent = 125560, targetBytesSent = 124480, timeLeft (us) = 6581
Bytes Sent = 124100, targetBytesSent = 123920, timeLeft (us) = 6592
Bytes Sent = 125560, targetBytesSent = 124820, timeLeft (us) = 6623
Bytes Sent = 125560, targetBytesSent = 124260, timeLeft (us) = 6672
Client sent: 86 MBs of data
Bytes Sent = 124100, targetBytesSent = 123700, timeLeft (us) = 6675
Bytes Sent = 125560, targetBytesSent = 124600, timeLeft (us) = 6701
Bytes Sent = 124100, targetBytesSent = 124040, timeLeft (us) = 6744
Bytes Sent = 125560, targetBytesSent = 124940, timeLeft (us) = 6768
Bytes Sent = 125560, targetBytesSent = 124380, timeLeft (us) = 6726
Bytes Sent = 124100, targetBytesSent = 123820, timeLeft (us) = 6737
Bytes Sent = 125560, targetBytesSent = 124720, timeLeft (us) = 6615
Bytes Sent = 125560, targetBytesSent = 124160, timeLeft (us) = 6673
Client sent: 87 MBs of data
Bytes Sent = 124100, targetBytesSent = 123600, timeLeft (us) = 6697
Bytes Sent = 125560, targetBytesSent = 124500, timeLeft (us) = 6679
Bytes Sent = 124100, targetBytesSent = 123940, timeLeft (us) = 6554
Bytes Sent = 125560, targetBytesSent = 124840, timeLeft (us) = 6614
Bytes Sent = 125560, targetBytesSent = 124280, timeLeft (us) = 6591
Bytes Sent = 124100, targetBytesSent = 123720, timeLeft (us) = 6582
Bytes Sent = 125560, targetBytesSent = 124620, timeLeft (us) = 6579
Bytes Sent = 124100, targetBytesSent = 124060, timeLeft (us) = 6620
Client sent: 88 MBs of data
Bytes Sent = 125560, targetBytesSent = 124960, timeLeft (us) = 6626
Bytes Sent = 125560, targetBytesSent = 124400, timeLeft (us) = 6618
Bytes Sent = 124100, targetBytesSent = 123840, timeLeft (us) = 6597
Bytes Sent = 125560, targetBytesSent = 124740, timeLeft (us) = 6579
Bytes Sent = 125560, targetBytesSent = 124180, timeLeft (us) = 6560
Bytes Sent = 124100, targetBytesSent = 123620, timeLeft (us) = 6571
Bytes Sent = 125560, targetBytesSent = 124520, timeLeft (us) = 6581
Bytes Sent = 124100, targetBytesSent = 123960, timeLeft (us) = 6533
Client sent: 89 MBs of data
Bytes Sent = 125560, targetBytesSent = 124860, timeLeft (us) = 6541
Bytes Sent = 125560, targetBytesSent = 124300, timeLeft (us) = 6538
Bytes Sent = 124100, targetBytesSent = 123740, timeLeft (us) = 6510
Bytes Sent = 125560, targetBytesSent = 124640, timeLeft (us) = 6536
Bytes Sent = 124100, targetBytesSent = 124080, timeLeft (us) = 6543
Bytes Sent = 125560, targetBytesSent = 124980, timeLeft (us) = 6559
Bytes Sent = 125560, targetBytesSent = 124420, timeLeft (us) = 6568
Bytes Sent = 124100, targetBytesSent = 123860, timeLeft (us) = 6563
Client sent: 90 MBs of data
Bytes Sent = 125560, targetBytesSent = 124760, timeLeft (us) = 6535
Bytes Sent = 125560, targetBytesSent = 124200, timeLeft (us) = 6527
Bytes Sent = 124100, targetBytesSent = 123640, timeLeft (us) = 6517
Bytes Sent = 125560, targetBytesSent = 124540, timeLeft (us) = 6550
Bytes Sent = 124100, targetBytesSent = 123980, timeLeft (us) = 6567
Bytes Sent = 125560, targetBytesSent = 124880, timeLeft (us) = 6529
Bytes Sent = 125560, targetBytesSent = 124320, timeLeft (us) = 6506
Bytes Sent = 124100, targetBytesSent = 123760, timeLeft (us) = 6515
Client sent: 91 MBs of data
Bytes Sent = 125560, targetBytesSent = 124660, timeLeft (us) = 6502
Bytes Sent = 124100, targetBytesSent = 124100, timeLeft (us) = 6522
Bytes Sent = 125560, targetBytesSent = 125000, timeLeft (us) = 6512
Bytes Sent = 125560, targetBytesSent = 124440, timeLeft (us) = 6520
Bytes Sent = 124100, targetBytesSent = 123880, timeLeft (us) = 6528
Bytes Sent = 125560, targetBytesSent = 124780, timeLeft (us) = 6531
Bytes Sent = 125560, targetBytesSent = 124220, timeLeft (us) = 6530
Bytes Sent = 124100, targetBytesSent = 123660, timeLeft (us) = 6528
Client sent: 92 MBs of data
Bytes Sent = 125560, targetBytesSent = 124560, timeLeft (us) = 6525
Bytes Sent = 124100, targetBytesSent = 124000, timeLeft (us) = 6571
Bytes Sent = 125560, targetBytesSent = 124900, timeLeft (us) = 6574
Bytes Sent = 125560, targetBytesSent = 124340, timeLeft (us) = 6589
Bytes Sent = 124100, targetBytesSent = 123780, timeLeft (us) = 6613
Bytes Sent = 125560, targetBytesSent = 124680, timeLeft (us) = 6583
Bytes Sent = 125560, targetBytesSent = 124120, timeLeft (us) = 6592
Bytes Sent = 124100, targetBytesSent = 123560, timeLeft (us) = 6603
Client sent: 93 MBs of data
Bytes Sent = 125560, targetBytesSent = 124460, timeLeft (us) = 6583
Bytes Sent = 124100, targetBytesSent = 123900, timeLeft (us) = 6657
Bytes Sent = 125560, targetBytesSent = 124800, timeLeft (us) = 6679
Bytes Sent = 125560, targetBytesSent = 124240, timeLeft (us) = 6670
Bytes Sent = 124100, targetBytesSent = 123680, timeLeft (us) = 6694
Bytes Sent = 125560, targetBytesSent = 124580, timeLeft (us) = 6634
Bytes Sent = 124100, targetBytesSent = 124020, timeLeft (us) = 6623
Bytes Sent = 125560, targetBytesSent = 124920, timeLeft (us) = 6695
Client sent: 94 MBs of data
Bytes Sent = 125560, targetBytesSent = 124360, timeLeft (us) = 6724
Bytes Sent = 124100, targetBytesSent = 123800, timeLeft (us) = 6650
Bytes Sent = 125560, targetBytesSent = 124700, timeLeft (us) = 6687
Bytes Sent = 125560, targetBytesSent = 124140, timeLeft (us) = 6663
Bytes Sent = 124100, targetBytesSent = 123580, timeLeft (us) = 6692
Bytes Sent = 125560, targetBytesSent = 124480, timeLeft (us) = 6734
Bytes Sent = 124100, targetBytesSent = 123920, timeLeft (us) = 6727
Bytes Sent = 125560, targetBytesSent = 124820, timeLeft (us) = 6758
Client sent: 95 MBs of data
Bytes Sent = 125560, targetBytesSent = 124260, timeLeft (us) = 6755
Bytes Sent = 124100, targetBytesSent = 123700, timeLeft (us) = 6744
Bytes Sent = 125560, targetBytesSent = 124600, timeLeft (us) = 6720
Bytes Sent = 124100, targetBytesSent = 124040, timeLeft (us) = 6798
Bytes Sent = 125560, targetBytesSent = 124940, timeLeft (us) = 6789
Bytes Sent = 125560, targetBytesSent = 124380, timeLeft (us) = 6763
Bytes Sent = 124100, targetBytesSent = 123820, timeLeft (us) = 6732
Bytes Sent = 125560, targetBytesSent = 124720, timeLeft (us) = 6722
Client sent: 96 MBs of data
Bytes Sent = 125560, targetBytesSent = 124160, timeLeft (us) = 6743
Bytes Sent = 124100, targetBytesSent = 123600, timeLeft (us) = 6752
Bytes Sent = 125560, targetBytesSent = 124500, timeLeft (us) = 6684
Bytes Sent = 124100, targetBytesSent = 123940, timeLeft (us) = 6739
Bytes Sent = 125560, targetBytesSent = 124840, timeLeft (us) = 6734
Bytes Sent = 125560, targetBytesSent = 124280, timeLeft (us) = 6746
Bytes Sent = 124100, targetBytesSent = 123720, timeLeft (us) = 6706
Bytes Sent = 125560, targetBytesSent = 124620, timeLeft (us) = 6745
Client sent: 97 MBs of data
Bytes Sent = 124100, targetBytesSent = 124060, timeLeft (us) = 6638
Bytes Sent = 125560, targetBytesSent = 124960, timeLeft (us) = 6694
Bytes Sent = 125560, targetBytesSent = 124400, timeLeft (us) = 6715
Bytes Sent = 124100, targetBytesSent = 123840, timeLeft (us) = 6718
Bytes Sent = 125560, targetBytesSent = 124740, timeLeft (us) = 6704
Bytes Sent = 125560, targetBytesSent = 124180, timeLeft (us) = 6681
Bytes Sent = 124100, targetBytesSent = 123620, timeLeft (us) = 6612
Bytes Sent = 125560, targetBytesSent = 124520, timeLeft (us) = 6607
Client sent: 98 MBs of data
Bytes Sent = 124100, targetBytesSent = 123960, timeLeft (us) = 6574
Bytes Sent = 125560, targetBytesSent = 124860, timeLeft (us) = 6587
Bytes Sent = 125560, targetBytesSent = 124300, timeLeft (us) = 6579
Bytes Sent = 124100, targetBytesSent = 123740, timeLeft (us) = 6594
Bytes Sent = 125560, targetBytesSent = 124640, timeLeft (us) = 6581
Bytes Sent = 124100, targetBytesSent = 124080, timeLeft (us) = 6577
Bytes Sent = 125560, targetBytesSent = 124980, timeLeft (us) = 6543
Bytes Sent = 125560, targetBytesSent = 124420, timeLeft (us) = 6549
Client sent: 99 MBs of data
Bytes Sent = 124100, targetBytesSent = 123860, timeLeft (us) = 6591
Bytes Sent = 125560, targetBytesSent = 124760, timeLeft (us) = 6574
Bytes Sent = 125560, targetBytesSent = 124200, timeLeft (us) = 6585
Bytes Sent = 124100, targetBytesSent = 123640, timeLeft (us) = 6592
Bytes Sent = 125560, targetBytesSent = 124540, timeLeft (us) = 6571
Bytes Sent = 124100, targetBytesSent = 123980, timeLeft (us) = 6603
Bytes Sent = 125560, targetBytesSent = 124880, timeLeft (us) = 6564
Bytes Sent = 125560, targetBytesSent = 124320, timeLeft (us) = 6557
Client sent: 100 MBs of data
Bytes Sent = 124100, targetBytesSent = 123760, timeLeft (us) = 6522
Bytes Sent = 125560, targetBytesSent = 124660, timeLeft (us) = 6552
Bytes Sent = 124100, targetBytesSent = 124100, timeLeft (us) = 6517
Bytes Sent = 125560, targetBytesSent = 125000, timeLeft (us) = 6531
Bytes Sent = 125560, targetBytesSent = 124440, timeLeft (us) = 6538
Bytes Sent = 124100, targetBytesSent = 123880, timeLeft (us) = 6521
Bytes Sent = 125560, targetBytesSent = 124780, timeLeft (us) = 6503
Bytes Sent = 125560, targetBytesSent = 124220, timeLeft (us) = 6504
Client sent: 101 MBs of data
Bytes Sent = 124100, targetBytesSent = 123660, timeLeft (us) = 6514
Bytes Sent = 125560, targetBytesSent = 124560, timeLeft (us) = 6519
Bytes Sent = 124100, targetBytesSent = 124000, timeLeft (us) = 6550
Bytes Sent = 125560, targetBytesSent = 124900, timeLeft (us) = 6551
Bytes Sent = 125560, targetBytesSent = 124340, timeLeft (us) = 6563
Bytes Sent = 124100, targetBytesSent = 123780, timeLeft (us) = 6557
Bytes Sent = 125560, targetBytesSent = 124680, timeLeft (us) = 6550
Bytes Sent = 125560, targetBytesSent = 124120, timeLeft (us) = 6555
Client sent: 102 MBs of data
Bytes Sent = 124100, targetBytesSent = 123560, timeLeft (us) = 6552
Bytes Sent = 125560, targetBytesSent = 124460, timeLeft (us) = 6620
Bytes Sent = 124100, targetBytesSent = 123900, timeLeft (us) = 6578
Bytes Sent = 125560, targetBytesSent = 124800, timeLeft (us) = 6566
Bytes Sent = 125560, targetBytesSent = 124240, timeLeft (us) = 6557
Bytes Sent = 124100, targetBytesSent = 123680, timeLeft (us) = 6537
Bytes Sent = 125560, targetBytesSent = 124580, timeLeft (us) = 6534
Bytes Sent = 124100, targetBytesSent = 124020, timeLeft (us) = 6586
Client sent: 103 MBs of data
Bytes Sent = 125560, targetBytesSent = 124920, timeLeft (us) = 6573
Bytes Sent = 125560, targetBytesSent = 124360, timeLeft (us) = 6647
Bytes Sent = 124100, targetBytesSent = 123800, timeLeft (us) = 6657
Bytes Sent = 125560, targetBytesSent = 124700, timeLeft (us) = 6676
Bytes Sent = 125560, targetBytesSent = 124140, timeLeft (us) = 6639
Bytes Sent = 124100, targetBytesSent = 123580, timeLeft (us) = 6557
Bytes Sent = 125560, targetBytesSent = 124480, timeLeft (us) = 6566
Bytes Sent = 124100, targetBytesSent = 123920, timeLeft (us) = 6565
Client sent: 104 MBs of data
Bytes Sent = 125560, targetBytesSent = 124820, timeLeft (us) = 6591
Bytes Sent = 125560, targetBytesSent = 124260, timeLeft (us) = 6584
Bytes Sent = 124100, targetBytesSent = 123700, timeLeft (us) = 6550
Bytes Sent = 125560, targetBytesSent = 124600, timeLeft (us) = 6554
Bytes Sent = 124100, targetBytesSent = 124040, timeLeft (us) = 6569
Bytes Sent = 125560, targetBytesSent = 124940, timeLeft (us) = 6575
Bytes Sent = 125560, targetBytesSent = 124380, timeLeft (us) = 6619
Bytes Sent = 124100, targetBytesSent = 123820, timeLeft (us) = 6680
Client sent: 105 MBs of data
Bytes Sent = 125560, targetBytesSent = 124720, timeLeft (us) = 6677
Bytes Sent = 125560, targetBytesSent = 124160, timeLeft (us) = 6641
Bytes Sent = 124100, targetBytesSent = 123600, timeLeft (us) = 6683
Bytes Sent = 125560, targetBytesSent = 124500, timeLeft (us) = 6639
Bytes Sent = 124100, targetBytesSent = 123940, timeLeft (us) = 6641
Bytes Sent = 125560, targetBytesSent = 124840, timeLeft (us) = 6599
Bytes Sent = 125560, targetBytesSent = 124280, timeLeft (us) = 6583
Bytes Sent = 124100, targetBytesSent = 123720, timeLeft (us) = 6613
Client sent: 106 MBs of data
Bytes Sent = 125560, targetBytesSent = 124620, timeLeft (us) = 6603
Bytes Sent = 124100, targetBytesSent = 124060, timeLeft (us) = 6595
Bytes Sent = 125560, targetBytesSent = 124960, timeLeft (us) = 6563
Bytes Sent = 125560, targetBytesSent = 124400, timeLeft (us) = 6565
Bytes Sent = 124100, targetBytesSent = 123840, timeLeft (us) = 6569
Bytes Sent = 125560, targetBytesSent = 124740, timeLeft (us) = 6557
Bytes Sent = 125560, targetBytesSent = 124180, timeLeft (us) = 6602
Bytes Sent = 124100, targetBytesSent = 123620, timeLeft (us) = 6562
Client sent: 107 MBs of data
Bytes Sent = 125560, targetBytesSent = 124520, timeLeft (us) = 6576
Bytes Sent = 124100, targetBytesSent = 123960, timeLeft (us) = 6564
Bytes Sent = 125560, targetBytesSent = 124860, timeLeft (us) = 6531
Bytes Sent = 125560, targetBytesSent = 124300, timeLeft (us) = 6583
Bytes Sent = 124100, targetBytesSent = 123740, timeLeft (us) = 6549
Bytes Sent = 125560, targetBytesSent = 124640, timeLeft (us) = 6527
Bytes Sent = 124100, targetBytesSent = 124080, timeLeft (us) = 6541
Bytes Sent = 125560, targetBytesSent = 124980, timeLeft (us) = 6554
Client sent: 108 MBs of data
Bytes Sent = 125560, targetBytesSent = 124420, timeLeft (us) = 6563
Bytes Sent = 124100, targetBytesSent = 123860, timeLeft (us) = 6580
Bytes Sent = 125560, targetBytesSent = 124760, timeLeft (us) = 6583
Bytes Sent = 125560, targetBytesSent = 124200, timeLeft (us) = 6590
Bytes Sent = 124100, targetBytesSent = 123640, timeLeft (us) = 6614
Bytes Sent = 125560, targetBytesSent = 124540, timeLeft (us) = 6604
Bytes Sent = 124100, targetBytesSent = 123980, timeLeft (us) = 6593
Bytes Sent = 125560, targetBytesSent = 124880, timeLeft (us) = 6610
Client sent: 109 MBs of data
Bytes Sent = 125560, targetBytesSent = 124320, timeLeft (us) = 6626
Bytes Sent = 124100, targetBytesSent = 123760, timeLeft (us) = 6626
Bytes Sent = 125560, targetBytesSent = 124660, timeLeft (us) = 6587
Bytes Sent = 124100, targetBytesSent = 124100, timeLeft (us) = 6601
Bytes Sent = 125560, targetBytesSent = 125000, timeLeft (us) = 6616
Bytes Sent = 125560, targetBytesSent = 124440, timeLeft (us) = 6614
Bytes Sent = 124100, targetBytesSent = 123880, timeLeft (us) = 6606
Bytes Sent = 125560, targetBytesSent = 124780, timeLeft (us) = 6567
Client sent: 110 MBs of data
Bytes Sent = 125560, targetBytesSent = 124220, timeLeft (us) = 6578
Bytes Sent = 124100, targetBytesSent = 123660, timeLeft (us) = 6517
Bytes Sent = 125560, targetBytesSent = 124560, timeLeft (us) = 6548
Bytes Sent = 124100, targetBytesSent = 124000, timeLeft (us) = 6584
Bytes Sent = 125560, targetBytesSent = 124900, timeLeft (us) = 6608
Bytes Sent = 125560, targetBytesSent = 124340, timeLeft (us) = 6578
Bytes Sent = 124100, targetBytesSent = 123780, timeLeft (us) = 6620
Bytes Sent = 125560, targetBytesSent = 124680, timeLeft (us) = 6582
Client sent: 111 MBs of data
Bytes Sent = 125560, targetBytesSent = 124120, timeLeft (us) = 6574
Bytes Sent = 124100, targetBytesSent = 123560, timeLeft (us) = 6584
Bytes Sent = 125560, targetBytesSent = 124460, timeLeft (us) = 6574
Bytes Sent = 124100, targetBytesSent = 123900, timeLeft (us) = 6582
Bytes Sent = 125560, targetBytesSent = 124800, timeLeft (us) = 6615
Bytes Sent = 125560, targetBytesSent = 124240, timeLeft (us) = 6606
Bytes Sent = 124100, targetBytesSent = 123680, timeLeft (us) = 6595
Bytes Sent = 125560, targetBytesSent = 124580, timeLeft (us) = 6639
Client sent: 112 MBs of data
Bytes Sent = 124100, targetBytesSent = 124020, timeLeft (us) = 6703
Bytes Sent = 125560, targetBytesSent = 124920, timeLeft (us) = 6681
Bytes Sent = 125560, targetBytesSent = 124360, timeLeft (us) = 6664
Bytes Sent = 124100, targetBytesSent = 123800, timeLeft (us) = 6711
Bytes Sent = 125560, targetBytesSent = 124700, timeLeft (us) = 6716
Bytes Sent = 125560, targetBytesSent = 124140, timeLeft (us) = 6679
Bytes Sent = 124100, targetBytesSent = 123580, timeLeft (us) = 6735
Bytes Sent = 125560, targetBytesSent = 124480, timeLeft (us) = 6721
Client sent: 113 MBs of data
Bytes Sent = 124100, targetBytesSent = 123920, timeLeft (us) = 6670
Bytes Sent = 125560, targetBytesSent = 124820, timeLeft (us) = 6719
Bytes Sent = 125560, targetBytesSent = 124260, timeLeft (us) = 6707
Bytes Sent = 124100, targetBytesSent = 123700, timeLeft (us) = 6762
Bytes Sent = 125560, targetBytesSent = 124600, timeLeft (us) = 6623
Bytes Sent = 124100, targetBytesSent = 124040, timeLeft (us) = 6675
Bytes Sent = 125560, targetBytesSent = 124940, timeLeft (us) = 6647
Bytes Sent = 125560, targetBytesSent = 124380, timeLeft (us) = 6630
Client sent: 114 MBs of data
Bytes Sent = 124100, targetBytesSent = 123820, timeLeft (us) = 6643
Bytes Sent = 125560, targetBytesSent = 124720, timeLeft (us) = 6605
Bytes Sent = 125560, targetBytesSent = 124160, timeLeft (us) = 6606
Bytes Sent = 124100, targetBytesSent = 123600, timeLeft (us) = 6596
Bytes Sent = 125560, targetBytesSent = 124500, timeLeft (us) = 6612
Bytes Sent = 124100, targetBytesSent = 123940, timeLeft (us) = 6599
Bytes Sent = 125560, targetBytesSent = 124840, timeLeft (us) = 6614
Bytes Sent = 125560, targetBytesSent = 124280, timeLeft (us) = 6583
Client sent: 115 MBs of data
Bytes Sent = 124100, targetBytesSent = 123720, timeLeft (us) = 6553
Bytes Sent = 125560, targetBytesSent = 124620, timeLeft (us) = 6576
Bytes Sent = 124100, targetBytesSent = 124060, timeLeft (us) = 6584
Bytes Sent = 125560, targetBytesSent = 124960, timeLeft (us) = 6605
Bytes Sent = 125560, targetBytesSent = 124400, timeLeft (us) = 6591
Bytes Sent = 124100, targetBytesSent = 123840, timeLeft (us) = 6577
Bytes Sent = 125560, targetBytesSent = 124740, timeLeft (us) = 6597
Bytes Sent = 125560, targetBytesSent = 124180, timeLeft (us) = 6588
Client sent: 116 MBs of data
Bytes Sent = 124100, targetBytesSent = 123620, timeLeft (us) = 6564
Bytes Sent = 125560, targetBytesSent = 124520, timeLeft (us) = 6590
Bytes Sent = 124100, targetBytesSent = 123960, timeLeft (us) = 6563
Bytes Sent = 125560, targetBytesSent = 124860, timeLeft (us) = 6562
Bytes Sent = 125560, targetBytesSent = 124300, timeLeft (us) = 6544
Bytes Sent = 124100, targetBytesSent = 123740, timeLeft (us) = 6590
Bytes Sent = 125560, targetBytesSent = 124640, timeLeft (us) = 6585
Bytes Sent = 124100, targetBytesSent = 124080, timeLeft (us) = 6590
Client sent: 117 MBs of data
Bytes Sent = 125560, targetBytesSent = 124980, timeLeft (us) = 6607
Bytes Sent = 125560, targetBytesSent = 124420, timeLeft (us) = 6618
Bytes Sent = 124100, targetBytesSent = 123860, timeLeft (us) = 6622
Bytes Sent = 125560, targetBytesSent = 124760, timeLeft (us) = 6617
Bytes Sent = 125560, targetBytesSent = 124200, timeLeft (us) = 6624
Bytes Sent = 124100, targetBytesSent = 123640, timeLeft (us) = 6656
Bytes Sent = 125560, targetBytesSent = 124540, timeLeft (us) = 6691
Bytes Sent = 124100, targetBytesSent = 123980, timeLeft (us) = 6646
Client sent: 118 MBs of data
Bytes Sent = 125560, targetBytesSent = 124880, timeLeft (us) = 6636
Bytes Sent = 125560, targetBytesSent = 124320, timeLeft (us) = 6711
Bytes Sent = 124100, targetBytesSent = 123760, timeLeft (us) = 6616
Bytes Sent = 125560, targetBytesSent = 124660, timeLeft (us) = 6587
Bytes Sent = 124100, targetBytesSent = 124100, timeLeft (us) = 6576
Bytes Sent = 125560, targetBytesSent = 125000, timeLeft (us) = 6581
Bytes Sent = 125560, targetBytesSent = 124440, timeLeft (us) = 6490
Bytes Sent = 124100, targetBytesSent = 123880, timeLeft (us) = 6482
Client sent: 119 MBs of data
Bytes Sent = 125560, targetBytesSent = 124780, timeLeft (us) = 6448
Bytes Sent = 125560, targetBytesSent = 124220, timeLeft (us) = 6466
Bytes Sent = 124100, targetBytesSent = 123660, timeLeft (us) = 6486
Bytes Sent = 125560, targetBytesSent = 124560, timeLeft (us) = 6490
Bytes Sent = 124100, targetBytesSent = 124000, timeLeft (us) = 6512
Bytes Sent = 125560, targetBytesSent = 124900, timeLeft (us) = 6513
Bytes Sent = 125560, targetBytesSent = 124340, timeLeft (us) = 6475
Bytes Sent = 124100, targetBytesSent = 123780, timeLeft (us) = 6485
Client sent: 120 MBs of data
Bytes Sent = 125560, targetBytesSent = 124680, timeLeft (us) = 6473
Bytes Sent = 125560, targetBytesSent = 124120, timeLeft (us) = 6482
Bytes Sent = 124100, targetBytesSent = 123560, timeLeft (us) = 6530
Bytes Sent = 125560, targetBytesSent = 124460, timeLeft (us) = 6503
Bytes Sent = 124100, targetBytesSent = 123900, timeLeft (us) = 6496
Bytes Sent = 125560, targetBytesSent = 124800, timeLeft (us) = 6482
Bytes Sent = 125560, targetBytesSent = 124240, timeLeft (us) = 6489
Bytes Sent = 124100, targetBytesSent = 123680, timeLeft (us) = 6475
Client sent: 121 MBs of data
Bytes Sent = 125560, targetBytesSent = 124580, timeLeft (us) = 6496
Bytes Sent = 124100, targetBytesSent = 124020, timeLeft (us) = 6487
Bytes Sent = 125560, targetBytesSent = 124920, timeLeft (us) = 6457
Bytes Sent = 125560, targetBytesSent = 124360, timeLeft (us) = 6554
Bytes Sent = 124100, targetBytesSent = 123800, timeLeft (us) = 6647
Bytes Sent = 125560, targetBytesSent = 124700, timeLeft (us) = 6636
Bytes Sent = 125560, targetBytesSent = 124140, timeLeft (us) = 6589
Bytes Sent = 124100, targetBytesSent = 123580, timeLeft (us) = 6579
Client sent: 122 MBs of data
Bytes Sent = 125560, targetBytesSent = 124480, timeLeft (us) = 6584
Bytes Sent = 124100, targetBytesSent = 123920, timeLeft (us) = 6563
Bytes Sent = 125560, targetBytesSent = 124820, timeLeft (us) = 6544
Bytes Sent = 125560, targetBytesSent = 124260, timeLeft (us) = 6573
Bytes Sent = 124100, targetBytesSent = 123700, timeLeft (us) = 6531
Bytes Sent = 125560, targetBytesSent = 124600, timeLeft (us) = 6560
Bytes Sent = 124100, targetBytesSent = 124040, timeLeft (us) = 6515
Bytes Sent = 125560, targetBytesSent = 124940, timeLeft (us) = 6545
Client sent: 123 MBs of data
Bytes Sent = 125560, targetBytesSent = 124380, timeLeft (us) = 6494
Bytes Sent = 124100, targetBytesSent = 123820, timeLeft (us) = 6601
Bytes Sent = 125560, targetBytesSent = 124720, timeLeft (us) = 6612
Bytes Sent = 125560, targetBytesSent = 124160, timeLeft (us) = 6573
Bytes Sent = 124100, targetBytesSent = 123600, timeLeft (us) = 6606
Bytes Sent = 125560, targetBytesSent = 124500, timeLeft (us) = 6610
Bytes Sent = 124100, targetBytesSent = 123940, timeLeft (us) = 6590
Bytes Sent = 125560, targetBytesSent = 124840, timeLeft (us) = 6579
Client sent: 124 MBs of data
Bytes Sent = 125560, targetBytesSent = 124280, timeLeft (us) = 6606
Bytes Sent = 124100, targetBytesSent = 123720, timeLeft (us) = 6559
Bytes Sent = 125560, targetBytesSent = 124620, timeLeft (us) = 6562
Bytes Sent = 124100, targetBytesSent = 124060, timeLeft (us) = 6558
Bytes Sent = 125560, targetBytesSent = 124960, timeLeft (us) = 6573
Bytes Sent = 125560, targetBytesSent = 124400, timeLeft (us) = 6538
Bytes Sent = 124100, targetBytesSent = 123840, timeLeft (us) = 6557
Bytes Sent = 125560, targetBytesSent = 124740, timeLeft (us) = 6519
Client sent: 125 MBs of data
Bytes Sent = 125560, targetBytesSent = 124180, timeLeft (us) = 6339
Bytes Sent = 124100, targetBytesSent = 123620, timeLeft (us) = 6359
Bytes Sent = 125560, targetBytesSent = 124520, timeLeft (us) = 6353
Bytes Sent = 124100, targetBytesSent = 123960, timeLeft (us) = 6389
Bytes Sent = 125560, targetBytesSent = 124860, timeLeft (us) = 6382
Bytes Sent = 125560, targetBytesSent = 124300, timeLeft (us) = 6423
Bytes Sent = 124100, targetBytesSent = 123740, timeLeft (us) = 6350
Bytes Sent = 125560, targetBytesSent = 124640, timeLeft (us) = 6419
Client sent: 126 MBs of data
Bytes Sent = 124100, targetBytesSent = 124080, timeLeft (us) = 6427
Bytes Sent = 125560, targetBytesSent = 124980, timeLeft (us) = 6476
Exp finishing. Stopping stack thread with id: 6!
VT-sleep-for exiting !

------------------------- ACTUAL STDOUT FROM EXECUTABLE ENDED -----------------------------

Process: 6 exiting VT experiment !
Main thread exiting. PID = 6
