Attempting to set static arp entries ...
Tracer: 13 >> Using SRC IP: 10.1.38.158 for any spawned virtual tcp-stacks
Tracer: 13 >> Updating firewall rules to drop outgoing TCP-RST packets
Attempting to set firewall rules ...
Tracer: 13 >> CMD TO RUN: /home/vignesh/VT-S3FNet/csudp/mpi_integral/mpi_int 12 81 10.1.38.158 > /home/vignesh/VT-S3FNet/experiment-data/MPI_LA_Disabled_nemus_81_mpi_int/worker12.log
args[0] = /home/vignesh/VT-S3FNet/csudp/mpi_integral/mpi_int
args[1] = 12
args[2] = 81
args[3] = 10.1.38.158
Setting appropriate environment variables ...
HOME DIRECTORY : /home/vignesh
Parsing TTN config file: /home/vignesh/.ttn/projects.db
Setting VT_L1_INS_CACHE_MISS_CYCLES to: 100
Setting VT_L1_INS_CACHE_LINES to: 64
Setting VT_L1_INS_CACHE_SIZE_KB to: 32
Setting VT_L1_INS_CACHE_ASSOC to: 8
Setting VT_L1_INS_CACHE_REPLACEMENT_POLICY to: LRU
Setting VT_L1_DATA_CACHE_MISS_CYCLES to: 100
Setting VT_L1_DATA_CACHE_LINES to: 64
Setting VT_L1_DATA_CACHE_SIZE_KB to: 32
Setting VT_L1_DATA_CACHE_ASSOC to: 8
Setting VT_L1_DATA_CACHE_REPLACEMENT_POLICY to: LRU
Setting VT_CPU_CYLES_NS to: 2.700000
Setting VT_NIC_SPEED_MBPS to: 1000.000000
Setting VT_TIMING_MODEL to: EMPIRICAL
Setting VT_BBL_LOOKAHEAD_FILE to: /home/vignesh/VT-S3FNet/csudp/mpi_integral/.ttn/lookahead/bbl_lookahead.info
Setting VT_LOOP_LOOKAHEAD_FILE to: /home/vignesh/VT-S3FNet/csudp/mpi_integral/.ttn/lookahead/loop_lookahead.info
Starting command: /home/vignesh/VT-S3FNet/csudp/mpi_integral/mpi_int
Loading orig functions !
Starting executable with Pid = 6
Loading pointers to VTL Logic functions
Loaded pointers to all VTL Logic functions
Now Initializing VT-Management 
Extracting env variables !
Extracted tracer-id: 13
Extracted exp-type: 2
Extracted cpu-cycles-ns: 2.700000
Extracted socket-layer-ip: -1641676534
Starting VT-initialization !
Tracer-ID: 13, Timeline-ID: 13
Tracer registration for EXP_CS complete. TimelineID = 13, Return = 13
Tracer Adding to SQ. Tracer ID = 13
Parsing any provided lookahead information ...
Opening file: /home/vignesh/VT-S3FNet/csudp/mpi_integral/.ttn/lookahead/bbl_lookahead.info
File size: 176
mapped memblock size: 176
Finish offset: 18, Number of values: 18
Returning success !
Loaded BBL lookaheads for 18 basic blocks ...
Opening file: /home/vignesh/VT-S3FNet/csudp/mpi_integral/.ttn/lookahead/loop_lookahead.info
File size: 40
mapped memblock size: 40
Finish offset: 1, Number of values: 1
Returning success !
Loaded Loop lookaheads for 1 loops ...
VT initialization successfull !
Finished Initializing VT-Management 
Initializing TCP-stack ...
TCP stack unique-id: 136
Starting virtual socket layer stack-thread !
Pthread_create: vtStackThread special case
Successfully initialized VTL-Logic embedded into the executable

------------------------- ACTUAL STDOUT FROM EXECUTABLE STARTS -----------------------------

Rank = 12, Total = 81, IP = 10.1.38.158
Adding new vt-tcp-socket !
Creating vt-tcp socket !
bind through vt-tcp !
Server socket bound to ip:port: 10.1.38.158:10000
Waiting for OK message from other nodes !
Waiting for OK message !
listen through vt-tcp !
Accept through vt-tcp !
Successfully received OK message !

---------------- Waiting for higher ranked nodes to connect --------------
listen through vt-tcp !
Accepting connection from higher ranked node: 80
Accept through vt-tcp !
Accepted connection from higher ranked node: 80
Successfully connected with higher ranked node: 80
Accepting connection from higher ranked node: 79
Accept through vt-tcp !
Accepted connection from higher ranked node: 79
Successfully connected with higher ranked node: 79
Accepting connection from higher ranked node: 78
Accept through vt-tcp !
Accepted connection from higher ranked node: 78
Successfully connected with higher ranked node: 78
Accepting connection from higher ranked node: 77
Accept through vt-tcp !
Accepted connection from higher ranked node: 77
Successfully connected with higher ranked node: 77
Accepting connection from higher ranked node: 76
Accept through vt-tcp !
Accepted connection from higher ranked node: 76
Successfully connected with higher ranked node: 76
Accepting connection from higher ranked node: 75
Accept through vt-tcp !
Accepted connection from higher ranked node: 75
Successfully connected with higher ranked node: 75
Accepting connection from higher ranked node: 74
Accept through vt-tcp !
Accepted connection from higher ranked node: 74
Successfully connected with higher ranked node: 74
Accepting connection from higher ranked node: 73
Accept through vt-tcp !
Accepted connection from higher ranked node: 73
Successfully connected with higher ranked node: 73
Accepting connection from higher ranked node: 72
Accept through vt-tcp !
Accepted connection from higher ranked node: 72
Successfully connected with higher ranked node: 72
Accepting connection from higher ranked node: 71
Accept through vt-tcp !
Accepted connection from higher ranked node: 71
Successfully connected with higher ranked node: 71
Accepting connection from higher ranked node: 70
Accept through vt-tcp !
Accepted connection from higher ranked node: 70
Successfully connected with higher ranked node: 70
Accepting connection from higher ranked node: 69
Accept through vt-tcp !
Accepted connection from higher ranked node: 69
Successfully connected with higher ranked node: 69
Accepting connection from higher ranked node: 68
Accept through vt-tcp !
Accepted connection from higher ranked node: 68
Successfully connected with higher ranked node: 68
Accepting connection from higher ranked node: 67
Accept through vt-tcp !
Accepted connection from higher ranked node: 67
Successfully connected with higher ranked node: 67
Accepting connection from higher ranked node: 66
Accept through vt-tcp !
Accepted connection from higher ranked node: 66
Successfully connected with higher ranked node: 66
Accepting connection from higher ranked node: 65
Accept through vt-tcp !
Accepted connection from higher ranked node: 65
Successfully connected with higher ranked node: 65
Accepting connection from higher ranked node: 64
Accept through vt-tcp !
Accepted connection from higher ranked node: 64
Successfully connected with higher ranked node: 64
Accepting connection from higher ranked node: 63
Accept through vt-tcp !
Accepted connection from higher ranked node: 63
Successfully connected with higher ranked node: 63
Accepting connection from higher ranked node: 62
Accept through vt-tcp !
Accepted connection from higher ranked node: 62
Successfully connected with higher ranked node: 62
Accepting connection from higher ranked node: 61
Accept through vt-tcp !
Accepted connection from higher ranked node: 61
Successfully connected with higher ranked node: 61
Accepting connection from higher ranked node: 60
Accept through vt-tcp !
Accepted connection from higher ranked node: 60
Successfully connected with higher ranked node: 60
Accepting connection from higher ranked node: 59
Accept through vt-tcp !
Accepted connection from higher ranked node: 59
Successfully connected with higher ranked node: 59
Accepting connection from higher ranked node: 58
Accept through vt-tcp !
Accepted connection from higher ranked node: 58
Successfully connected with higher ranked node: 58
Accepting connection from higher ranked node: 57
Accept through vt-tcp !
Accepted connection from higher ranked node: 57
Successfully connected with higher ranked node: 57
Accepting connection from higher ranked node: 56
Accept through vt-tcp !
Accepted connection from higher ranked node: 56
Successfully connected with higher ranked node: 56
Accepting connection from higher ranked node: 55
Accept through vt-tcp !
Accepted connection from higher ranked node: 55
Successfully connected with higher ranked node: 55
Accepting connection from higher ranked node: 54
Accept through vt-tcp !
Accepted connection from higher ranked node: 54
Successfully connected with higher ranked node: 54
Accepting connection from higher ranked node: 53
Accept through vt-tcp !
Accepted connection from higher ranked node: 53
Successfully connected with higher ranked node: 53
Accepting connection from higher ranked node: 52
Accept through vt-tcp !
Accepted connection from higher ranked node: 52
Successfully connected with higher ranked node: 52
Accepting connection from higher ranked node: 51
Accept through vt-tcp !
Accepted connection from higher ranked node: 51
Successfully connected with higher ranked node: 51
Accepting connection from higher ranked node: 50
Accept through vt-tcp !
Accepted connection from higher ranked node: 50
Successfully connected with higher ranked node: 50
Accepting connection from higher ranked node: 49
Accept through vt-tcp !
Accepted connection from higher ranked node: 49
Successfully connected with higher ranked node: 49
Accepting connection from higher ranked node: 48
Accept through vt-tcp !
Accepted connection from higher ranked node: 48
Successfully connected with higher ranked node: 48
Accepting connection from higher ranked node: 47
Accept through vt-tcp !
Accepted connection from higher ranked node: 47
Successfully connected with higher ranked node: 47
Accepting connection from higher ranked node: 46
Accept through vt-tcp !
Accepted connection from higher ranked node: 46
Successfully connected with higher ranked node: 46
Accepting connection from higher ranked node: 45
Accept through vt-tcp !
Accepted connection from higher ranked node: 45
Successfully connected with higher ranked node: 45
Accepting connection from higher ranked node: 44
Accept through vt-tcp !
Accepted connection from higher ranked node: 44
Successfully connected with higher ranked node: 44
Accepting connection from higher ranked node: 43
Accept through vt-tcp !
Accepted connection from higher ranked node: 43
Successfully connected with higher ranked node: 43
Accepting connection from higher ranked node: 42
Accept through vt-tcp !
Accepted connection from higher ranked node: 42
Successfully connected with higher ranked node: 42
Accepting connection from higher ranked node: 41
Accept through vt-tcp !
Accepted connection from higher ranked node: 41
Successfully connected with higher ranked node: 41
Accepting connection from higher ranked node: 40
Accept through vt-tcp !
Accepted connection from higher ranked node: 40
Successfully connected with higher ranked node: 40
Accepting connection from higher ranked node: 39
Accept through vt-tcp !
Accepted connection from higher ranked node: 39
Successfully connected with higher ranked node: 39
Accepting connection from higher ranked node: 38
Accept through vt-tcp !
Accepted connection from higher ranked node: 38
Successfully connected with higher ranked node: 38
Accepting connection from higher ranked node: 37
Accept through vt-tcp !
Accepted connection from higher ranked node: 37
Successfully connected with higher ranked node: 37
Accepting connection from higher ranked node: 36
Accept through vt-tcp !
Accepted connection from higher ranked node: 36
Successfully connected with higher ranked node: 36
Accepting connection from higher ranked node: 35
Accept through vt-tcp !
Accepted connection from higher ranked node: 35
Successfully connected with higher ranked node: 35
Accepting connection from higher ranked node: 34
Accept through vt-tcp !
Accepted connection from higher ranked node: 34
Successfully connected with higher ranked node: 34
Accepting connection from higher ranked node: 33
Accept through vt-tcp !
Accepted connection from higher ranked node: 33
Successfully connected with higher ranked node: 33
Accepting connection from higher ranked node: 32
Accept through vt-tcp !
Accepted connection from higher ranked node: 32
Successfully connected with higher ranked node: 32
Accepting connection from higher ranked node: 31
Accept through vt-tcp !
Accepted connection from higher ranked node: 31
Successfully connected with higher ranked node: 31
Accepting connection from higher ranked node: 30
Accept through vt-tcp !
Accepted connection from higher ranked node: 30
Successfully connected with higher ranked node: 30
Accepting connection from higher ranked node: 29
Accept through vt-tcp !
Accepted connection from higher ranked node: 29
Successfully connected with higher ranked node: 29
Accepting connection from higher ranked node: 28
Accept through vt-tcp !
Accepted connection from higher ranked node: 28
Successfully connected with higher ranked node: 28
Accepting connection from higher ranked node: 27
Accept through vt-tcp !
Accepted connection from higher ranked node: 27
Successfully connected with higher ranked node: 27
Accepting connection from higher ranked node: 26
Accept through vt-tcp !
Accepted connection from higher ranked node: 26
Successfully connected with higher ranked node: 26
Accepting connection from higher ranked node: 25
Accept through vt-tcp !
Accepted connection from higher ranked node: 25
Successfully connected with higher ranked node: 25
Accepting connection from higher ranked node: 24
Accept through vt-tcp !
Accepted connection from higher ranked node: 24
Successfully connected with higher ranked node: 24
Accepting connection from higher ranked node: 23
Accept through vt-tcp !
Accepted connection from higher ranked node: 23
Successfully connected with higher ranked node: 23
Accepting connection from higher ranked node: 22
Accept through vt-tcp !
Accepted connection from higher ranked node: 22
Successfully connected with higher ranked node: 22
Accepting connection from higher ranked node: 21
Accept through vt-tcp !
Accepted connection from higher ranked node: 21
Successfully connected with higher ranked node: 21
Accepting connection from higher ranked node: 20
Accept through vt-tcp !
Accepted connection from higher ranked node: 20
Successfully connected with higher ranked node: 20
Accepting connection from higher ranked node: 19
Accept through vt-tcp !
Accepted connection from higher ranked node: 19
Successfully connected with higher ranked node: 19
Accepting connection from higher ranked node: 18
Accept through vt-tcp !
Accepted connection from higher ranked node: 18
Successfully connected with higher ranked node: 18
Accepting connection from higher ranked node: 17
Accept through vt-tcp !
Accepted connection from higher ranked node: 17
Successfully connected with higher ranked node: 17
Accepting connection from higher ranked node: 16
Accept through vt-tcp !
Accepted connection from higher ranked node: 16
Successfully connected with higher ranked node: 16
Accepting connection from higher ranked node: 15
Accept through vt-tcp !
Accepted connection from higher ranked node: 15
Successfully connected with higher ranked node: 15
Accepting connection from higher ranked node: 14
Accept through vt-tcp !
Accepted connection from higher ranked node: 14
Successfully connected with higher ranked node: 14
Accepting connection from higher ranked node: 13
Accept through vt-tcp !
Accepted connection from higher ranked node: 13
Successfully connected with higher ranked node: 13
Closing server socket: 4097
Clearing all tcp timers !
TCP-done for socket: 4097, err: -103

---------------- Connecting to lowed ranked nodes ! --------------
Adding new vt-tcp-socket !
Creating vt-tcp socket !
Connecting to lower ranked node: 11 at 10.1.38.162:10000
Connecting .. Socket: 4167, src-port: 40001
Socket: 4097 garbage collection
Freeing socket: 4097
Waking up connected socket !
Socket connect success. socket = 4167
Connecting through vt-tcp success !
Successfully connected to lower ranked node: 11 at 10.1.38.162:10000
Adding new vt-tcp-socket !
Creating vt-tcp socket !
Connecting to lower ranked node: 10 at 10.1.38.166:10000
Connecting .. Socket: 4168, src-port: 40002
Waking up connected socket !
Socket connect success. socket = 4168
Connecting through vt-tcp success !
Successfully connected to lower ranked node: 10 at 10.1.38.166:10000
Adding new vt-tcp-socket !
Creating vt-tcp socket !
Connecting to lower ranked node: 9 at 10.1.38.170:10000
Connecting .. Socket: 4169, src-port: 40003
Waking up connected socket !
Socket connect success. socket = 4169
Connecting through vt-tcp success !
Successfully connected to lower ranked node: 9 at 10.1.38.170:10000
Adding new vt-tcp-socket !
Creating vt-tcp socket !
Connecting to lower ranked node: 8 at 10.1.38.174:10000
Connecting .. Socket: 4170, src-port: 40004
Waking up connected socket !
Socket connect success. socket = 4170
Connecting through vt-tcp success !
Successfully connected to lower ranked node: 8 at 10.1.38.174:10000
Adding new vt-tcp-socket !
Creating vt-tcp socket !
Connecting to lower ranked node: 7 at 10.1.37.174:10000
Connecting .. Socket: 4171, src-port: 40005
Waking up connected socket !
Socket connect success. socket = 4171
Connecting through vt-tcp success !
Successfully connected to lower ranked node: 7 at 10.1.37.174:10000
Adding new vt-tcp-socket !
Creating vt-tcp socket !
Connecting to lower ranked node: 6 at 10.1.36.246:10000
Connecting .. Socket: 4172, src-port: 40006
Waking up connected socket !
Socket connect success. socket = 4172
Connecting through vt-tcp success !
Successfully connected to lower ranked node: 6 at 10.1.36.246:10000
Adding new vt-tcp-socket !
Creating vt-tcp socket !
Connecting to lower ranked node: 5 at 10.1.36.250:10000
Connecting .. Socket: 4173, src-port: 40007
Waking up connected socket !
Socket connect success. socket = 4173
Connecting through vt-tcp success !
Successfully connected to lower ranked node: 5 at 10.1.36.250:10000
Adding new vt-tcp-socket !
Creating vt-tcp socket !
Connecting to lower ranked node: 4 at 10.1.36.254:10000
Connecting .. Socket: 4174, src-port: 40008
Waking up connected socket !
Socket connect success. socket = 4174
Connecting through vt-tcp success !
Successfully connected to lower ranked node: 4 at 10.1.36.254:10000
Adding new vt-tcp-socket !
Creating vt-tcp socket !
Connecting to lower ranked node: 3 at 10.1.37.2:10000
Connecting .. Socket: 4175, src-port: 40009
Waking up connected socket !
Socket connect success. socket = 4175
Connecting through vt-tcp success !
Successfully connected to lower ranked node: 3 at 10.1.37.2:10000
Adding new vt-tcp-socket !
Creating vt-tcp socket !
Connecting to lower ranked node: 2 at 10.1.37.6:10000
Connecting .. Socket: 4176, src-port: 40010
Waking up connected socket !
Socket connect success. socket = 4176
Connecting through vt-tcp success !
Successfully connected to lower ranked node: 2 at 10.1.37.6:10000
Adding new vt-tcp-socket !
Creating vt-tcp socket !
Connecting to lower ranked node: 1 at 10.1.37.10:10000
Connecting .. Socket: 4177, src-port: 40011
Waking up connected socket !
Socket connect success. socket = 4177
Connecting through vt-tcp success !
Successfully connected to lower ranked node: 1 at 10.1.37.10:10000
Adding new vt-tcp-socket !
Creating vt-tcp socket !
Connecting to lower ranked node: 0 at 10.1.37.14:10000
Connecting .. Socket: 4178, src-port: 40012
Waking up connected socket !
Socket connect success. socket = 4178
Connecting through vt-tcp success !
Successfully connected to lower ranked node: 0 at 10.1.37.14:10000

---------------- Creating listen Thread ! --------------

---------------- MPI-Init success ! --------------
Waiting to receive partition information from master !
Adding new Thread: 8
Signal Burst Completion: Flushing Data Cache !
Resuming new Thread with Burst of length: 5400
Trigger syscall finish: 6, currActiveThreadID = 8, myThreadID = 6. Flushing Data Cache !
Process 12 computing itegral over my_a = 11.375000, my_b= 11.500000
Called SetLoopLookahead: init: 0, final: 100000000, step: 1, loopDepth: 0, cumulative-num-iterations: 100000000, look-ahead-ns: 518518496
Before rcv-wnd: seq: 1, rcv_nxt: 5
Before rcv-wnd: seq: 1, rcv_nxt: 5
Before rcv-wnd: seq: 1, rcv_nxt: 5
Before rcv-wnd: seq: 1, rcv_nxt: 5
Before rcv-wnd: seq: 1, rcv_nxt: 5
Before rcv-wnd: seq: 1, rcv_nxt: 5
Before rcv-wnd: seq: 1, rcv_nxt: 5
Before rcv-wnd: seq: 1, rcv_nxt: 5
Avg-Compute-Communication-Ratio = 2233.336207
Process 12 contributed MY_TOTAL = 0.180473, my_a = 11.375000, my_b= 11.500000
Integral: 0 computed

------------------------------------------------------------------------------
Waiting to receive partition information from master !
Process 12 computing itegral over my_a = 21.375000, my_b= 21.500000
Called SetLoopLookahead: init: 0, final: 100000000, step: 1, loopDepth: 0, cumulative-num-iterations: 100000000, look-ahead-ns: 518518496
Avg-Compute-Communication-Ratio = 1660.685897
Process 12 contributed MY_TOTAL = 0.630800, my_a = 21.375000, my_b= 21.500000
Integral: 1 computed

------------------------------------------------------------------------------
Waiting to receive partition information from master !
Process 12 computing itegral over my_a = 31.375000, my_b= 31.500000
Called SetLoopLookahead: init: 0, final: 100000000, step: 1, loopDepth: 0, cumulative-num-iterations: 100000000, look-ahead-ns: 518518496
Avg-Compute-Communication-Ratio = 1512.064202
Process 12 contributed MY_TOTAL = 1.354054, my_a = 31.375000, my_b= 31.500000
Integral: 2 computed

------------------------------------------------------------------------------
Waiting to receive partition information from master !
Process 12 computing itegral over my_a = 41.375000, my_b= 41.500000
Called SetLoopLookahead: init: 0, final: 100000000, step: 1, loopDepth: 0, cumulative-num-iterations: 100000000, look-ahead-ns: 518518496
Avg-Compute-Communication-Ratio = 1453.391304
Process 12 contributed MY_TOTAL = 2.350233, my_a = 41.375000, my_b= 41.500000
Integral: 3 computed

------------------------------------------------------------------------------
Waiting to receive partition information from master !
Process 12 computing itegral over my_a = 51.375000, my_b= 51.500000
Called SetLoopLookahead: init: 0, final: 100000000, step: 1, loopDepth: 0, cumulative-num-iterations: 100000000, look-ahead-ns: 518518496
Avg-Compute-Communication-Ratio = 1412.579062
Process 12 contributed MY_TOTAL = 3.619339, my_a = 51.375000, my_b= 51.500000
Integral: 4 computed

------------------------------------------------------------------------------
Waiting to receive partition information from master !
Process 12 computing itegral over my_a = 61.375000, my_b= 61.500000
Called SetLoopLookahead: init: 0, final: 100000000, step: 1, loopDepth: 0, cumulative-num-iterations: 100000000, look-ahead-ns: 518518496
Avg-Compute-Communication-Ratio = 1387.858929
Process 12 contributed MY_TOTAL = 5.161370, my_a = 61.375000, my_b= 61.500000
Integral: 5 computed

------------------------------------------------------------------------------
Waiting to receive partition information from master !
Process 12 computing itegral over my_a = 71.375000, my_b= 71.500000
Called SetLoopLookahead: init: 0, final: 100000000, step: 1, loopDepth: 0, cumulative-num-iterations: 100000000, look-ahead-ns: 518518496
Avg-Compute-Communication-Ratio = 1370.724868
Process 12 contributed MY_TOTAL = 6.976327, my_a = 71.375000, my_b= 71.500000
Integral: 6 computed

------------------------------------------------------------------------------
Waiting to receive partition information from master !
Process 12 computing itegral over my_a = 81.375000, my_b= 81.500000
Called SetLoopLookahead: init: 0, final: 100000000, step: 1, loopDepth: 0, cumulative-num-iterations: 100000000, look-ahead-ns: 518518496
Avg-Compute-Communication-Ratio = 1360.824688
Process 12 contributed MY_TOTAL = 9.064210, my_a = 81.375000, my_b= 81.500000
Integral: 7 computed

------------------------------------------------------------------------------
Waiting to receive partition information from master !
Process 12 computing itegral over my_a = 91.375000, my_b= 91.500000
Called SetLoopLookahead: init: 0, final: 100000000, step: 1, loopDepth: 0, cumulative-num-iterations: 100000000, look-ahead-ns: 518518496
Avg-Compute-Communication-Ratio = 1348.526894
Process 12 contributed MY_TOTAL = 11.425018, my_a = 91.375000, my_b= 91.500000
Integral: 8 computed

------------------------------------------------------------------------------
Waiting to receive partition information from master !
Process 12 computing itegral over my_a = 101.375000, my_b= 101.500000
Called SetLoopLookahead: init: 0, final: 100000000, step: 1, loopDepth: 0, cumulative-num-iterations: 100000000, look-ahead-ns: 518518496
Exp finishing. Stopping stack thread with id: 6!

------------------------- ACTUAL STDOUT FROM EXECUTABLE ENDED -----------------------------

Process: 6 exiting VT experiment !
Main thread exiting. PID = 6
