Attempting to set static arp entries ...
Tracer: 35 >> Using SRC IP: 10.1.21.190 for any spawned virtual tcp-stacks
Tracer: 35 >> Updating firewall rules to drop outgoing TCP-RST packets
Attempting to set firewall rules ...
Tracer: 35 >> CMD TO RUN: /home/vignesh/VT-S3FNet/csudp/tcp_tgen/tgen client 55 10.1.21.126 7891 poisson 200000 256 > /home/vignesh/VT-S3FNet/experiment-data/TCP_LA_Disabled_nemus_80_poisson_mu_200000_txsize_256/client55.log
args[0] = /home/vignesh/VT-S3FNet/csudp/tcp_tgen/tgen
args[1] = client
args[2] = 55
args[3] = 10.1.21.126
args[4] = 7891
args[5] = poisson
args[6] = 200000
args[7] = 256
Setting appropriate environment variables ...
HOME DIRECTORY : /home/vignesh
Parsing TTN config file: /home/vignesh/.ttn/projects.db
Setting VT_L1_INS_CACHE_MISS_CYCLES to: 100
Setting VT_L1_INS_CACHE_LINES to: 64
Setting VT_L1_INS_CACHE_SIZE_KB to: 32
Setting VT_L1_INS_CACHE_ASSOC to: 8
Setting VT_L1_INS_CACHE_REPLACEMENT_POLICY to: LRU
Setting VT_L1_DATA_CACHE_MISS_CYCLES to: 100
Setting VT_L1_DATA_CACHE_LINES to: 64
Setting VT_L1_DATA_CACHE_SIZE_KB to: 32
Setting VT_L1_DATA_CACHE_ASSOC to: 8
Setting VT_L1_DATA_CACHE_REPLACEMENT_POLICY to: LRU
Setting VT_CPU_CYLES_NS to: 2.700000
Setting VT_NIC_SPEED_MBPS to: 1000.000000
Setting VT_TIMING_MODEL to: EMPIRICAL
Setting VT_BBL_LOOKAHEAD_FILE to: /home/vignesh/VT-S3FNet/csudp/tcp_tgen/.ttn/lookahead/bbl_lookahead.info
Setting VT_LOOP_LOOKAHEAD_FILE to: /home/vignesh/VT-S3FNet/csudp/tcp_tgen/.ttn/lookahead/loop_lookahead.info
Starting command: /home/vignesh/VT-S3FNet/csudp/tcp_tgen/tgen
Loading orig functions !
Starting executable with Pid = 6
Loading pointers to VTL Logic functions
Loaded pointers to all VTL Logic functions
Now Initializing VT-Management 
Extracting env variables !
Extracted tracer-id: 35
Extracted exp-type: 2
Extracted cpu-cycles-ns: 2.700000
Extracted socket-layer-ip: -1105919734
Starting VT-initialization !
Tracer-ID: 35, Timeline-ID: 35
Tracer registration for EXP_CS complete. TimelineID = 35, Return = 35
Tracer Adding to SQ. Tracer ID = 35
Parsing any provided lookahead information ...
Opening file: /home/vignesh/VT-S3FNet/csudp/tcp_tgen/.ttn/lookahead/bbl_lookahead.info
File size: 592
mapped memblock size: 592
Finish offset: 70, Number of values: 70
Returning success !
Loaded BBL lookaheads for 70 basic blocks ...
Opening file: /home/vignesh/VT-S3FNet/csudp/tcp_tgen/.ttn/lookahead/loop_lookahead.info
Failed to parse Loop Lookaheads. Ignoring ...
VT initialization successfull !
Finished Initializing VT-Management 
Initializing TCP-stack ...
TCP stack unique-id: 356
Starting virtual socket layer stack-thread !
Pthread_create: vtStackThread special case
Successfully initialized VTL-Logic embedded into the executable

------------------------- ACTUAL STDOUT FROM EXECUTABLE STARTS -----------------------------

Client: MyPid: 6
Adding new vt-tcp-socket !
Creating vt-tcp socket !
Client socket fd = 4097
setsockopt through vt-tcp !
setsockopt through vt-tcp !
Connecting to server ...
Connecting .. Socket: 4097, src-port: 40001
Waking up connected socket !
Socket connect success. socket = 4097
Connecting through vt-tcp success !
Sending data ...
Sending msgs of size: 1460 to server ...
Sent: 256 KB after: 0.163142 secs
Sent: 256 KB after: 0.150431 secs
Sent: 256 KB after: 0.047974 secs
Sent: 256 KB after: 0.526088 secs
Sent: 256 KB after: 0.813934 secs
Sent: 256 KB after: 0.016378 secs
Sent: 256 KB after: 0.866473 secs
Sent: 256 KB after: 0.135186 secs
Sent: 256 KB after: 0.251153 secs
Sent: 256 KB after: 0.183407 secs
Sent: 256 KB after: 0.350411 secs
Sent: 256 KB after: 0.178325 secs
Sent: 256 KB after: 0.076095 secs
Sent: 256 KB after: 0.095927 secs
Sent: 256 KB after: 0.639653 secs
Sent: 256 KB after: 0.170215 secs
Sent: 256 KB after: 0.020179 secs
Sent: 256 KB after: 0.003778 secs
Sent: 256 KB after: 0.053313 secs
Sent: 256 KB after: 0.011134 secs
Sent: 256 KB after: 0.042096 secs
Sent: 256 KB after: 0.059131 secs
Sent: 256 KB after: 0.029036 secs
Sent: 256 KB after: 0.153171 secs
Sent: 256 KB after: 0.230473 secs
Sent: 256 KB after: 0.011975 secs
Sent: 256 KB after: 0.015927 secs
Sent: 256 KB after: 0.154661 secs
Sent: 256 KB after: 0.383148 secs
Sent: 256 KB after: 0.022438 secs
Sent: 256 KB after: 0.052328 secs
Sent: 256 KB after: 0.105677 secs
Sent: 256 KB after: 0.201448 secs
Sent: 256 KB after: 0.117212 secs
Sent: 256 KB after: 0.082618 secs
Sent: 256 KB after: 0.192306 secs
Sent: 256 KB after: 0.147674 secs
Sent: 256 KB after: 0.078685 secs
Sent: 256 KB after: 0.023084 secs
Sent: 256 KB after: 0.054165 secs
Sent: 256 KB after: 0.519545 secs
Sent: 256 KB after: 0.548503 secs
Sent: 256 KB after: 0.351196 secs
Sent: 256 KB after: 0.055419 secs
Sent: 256 KB after: 0.076130 secs
Sent: 256 KB after: 0.308757 secs
Sent: 256 KB after: 0.337549 secs
Sent: 256 KB after: 0.106395 secs
Sent: 256 KB after: 0.327097 secs
Sent: 256 KB after: 0.010061 secs
Sent: 256 KB after: 0.125736 secs
Exp finishing. Stopping stack thread with id: 6!
VT-sleep-for exiting !

------------------------- ACTUAL STDOUT FROM EXECUTABLE ENDED -----------------------------

Process: 6 exiting VT experiment !
Main thread exiting. PID = 6
