Attempting to set static arp entries ...
Tracer: 24 >> Using SRC IP: 10.1.37.114 for any spawned virtual tcp-stacks
Tracer: 24 >> Updating firewall rules to drop outgoing TCP-RST packets
Attempting to set firewall rules ...
Tracer: 24 >> CMD TO RUN: /home/vignesh/VT-S3FNet/csudp/mpi_integral/mpi_int 23 41 10.1.37.114 > /home/vignesh/VT-S3FNet/experiment-data/MPI_LA_Enabled_nemus_41_mpi_int/worker23.log
args[0] = /home/vignesh/VT-S3FNet/csudp/mpi_integral/mpi_int
args[1] = 23
args[2] = 41
args[3] = 10.1.37.114
Setting appropriate environment variables ...
HOME DIRECTORY : /home/vignesh
Parsing TTN config file: /home/vignesh/.ttn/projects.db
Setting VT_L1_INS_CACHE_MISS_CYCLES to: 100
Setting VT_L1_INS_CACHE_LINES to: 64
Setting VT_L1_INS_CACHE_SIZE_KB to: 32
Setting VT_L1_INS_CACHE_ASSOC to: 8
Setting VT_L1_INS_CACHE_REPLACEMENT_POLICY to: LRU
Setting VT_L1_DATA_CACHE_MISS_CYCLES to: 100
Setting VT_L1_DATA_CACHE_LINES to: 64
Setting VT_L1_DATA_CACHE_SIZE_KB to: 32
Setting VT_L1_DATA_CACHE_ASSOC to: 8
Setting VT_L1_DATA_CACHE_REPLACEMENT_POLICY to: LRU
Setting VT_CPU_CYLES_NS to: 2.700000
Setting VT_NIC_SPEED_MBPS to: 1000.000000
Setting VT_TIMING_MODEL to: EMPIRICAL
Setting VT_BBL_LOOKAHEAD_FILE to: /home/vignesh/VT-S3FNet/csudp/mpi_integral/.ttn/lookahead/bbl_lookahead.info
Setting VT_LOOP_LOOKAHEAD_FILE to: /home/vignesh/VT-S3FNet/csudp/mpi_integral/.ttn/lookahead/loop_lookahead.info
Starting command: /home/vignesh/VT-S3FNet/csudp/mpi_integral/mpi_int
Loading orig functions !
Starting executable with Pid = 6
Loading pointers to VTL Logic functions
Loaded pointers to all VTL Logic functions
Now Initializing VT-Management 
Extracting env variables !
Extracted tracer-id: 24
Extracted exp-type: 2
Extracted cpu-cycles-ns: 2.700000
Extracted socket-layer-ip: 1915027722
Starting VT-initialization !
Tracer-ID: 24, Timeline-ID: 24
Tracer registration for EXP_CS complete. TimelineID = 24, Return = 24
Tracer Adding to SQ. Tracer ID = 24
Parsing any provided lookahead information ...
Opening file: /home/vignesh/VT-S3FNet/csudp/mpi_integral/.ttn/lookahead/bbl_lookahead.info
File size: 176
mapped memblock size: 176
Finish offset: 18, Number of values: 18
Returning success !
Loaded BBL lookaheads for 18 basic blocks ...
Opening file: /home/vignesh/VT-S3FNet/csudp/mpi_integral/.ttn/lookahead/loop_lookahead.info
File size: 40
mapped memblock size: 40
Finish offset: 1, Number of values: 1
Returning success !
Loaded Loop lookaheads for 1 loops ...
VT initialization successfull !
Finished Initializing VT-Management 
Initializing TCP-stack ...
TCP stack unique-id: 246
Starting virtual socket layer stack-thread !
Pthread_create: vtStackThread special case
Successfully initialized VTL-Logic embedded into the executable

------------------------- ACTUAL STDOUT FROM EXECUTABLE STARTS -----------------------------

Rank = 23, Total = 41, IP = 10.1.37.114
Adding new vt-tcp-socket !
Creating vt-tcp socket !
bind through vt-tcp !
Server socket bound to ip:port: 10.1.37.114:10000
Waiting for OK message from other nodes !
Waiting for OK message !
listen through vt-tcp !
Accept through vt-tcp !
Successfully received OK message !

---------------- Waiting for higher ranked nodes to connect --------------
listen through vt-tcp !
Accepting connection from higher ranked node: 40
Accept through vt-tcp !
Entering time-wait from FIN_WAIT_2
Clearing all tcp timers !
Adding TcpLinger !
Accepted connection from higher ranked node: 40
Successfully connected with higher ranked node: 40
Accepting connection from higher ranked node: 39
Accept through vt-tcp !
Accepted connection from higher ranked node: 39
Successfully connected with higher ranked node: 39
Accepting connection from higher ranked node: 38
Accept through vt-tcp !
Accepted connection from higher ranked node: 38
Successfully connected with higher ranked node: 38
Accepting connection from higher ranked node: 37
Accept through vt-tcp !
Accepted connection from higher ranked node: 37
Successfully connected with higher ranked node: 37
Accepting connection from higher ranked node: 36
Accept through vt-tcp !
Accepted connection from higher ranked node: 36
Successfully connected with higher ranked node: 36
Accepting connection from higher ranked node: 35
Accept through vt-tcp !
Accepted connection from higher ranked node: 35
Successfully connected with higher ranked node: 35
Accepting connection from higher ranked node: 34
Accept through vt-tcp !
Accepted connection from higher ranked node: 34
Successfully connected with higher ranked node: 34
Accepting connection from higher ranked node: 33
Accept through vt-tcp !
Accepted connection from higher ranked node: 33
Successfully connected with higher ranked node: 33
Accepting connection from higher ranked node: 32
Accept through vt-tcp !
Accepted connection from higher ranked node: 32
Successfully connected with higher ranked node: 32
Accepting connection from higher ranked node: 31
Accept through vt-tcp !
Accepted connection from higher ranked node: 31
Successfully connected with higher ranked node: 31
Accepting connection from higher ranked node: 30
Accept through vt-tcp !
Accepted connection from higher ranked node: 30
Successfully connected with higher ranked node: 30
Accepting connection from higher ranked node: 29
Accept through vt-tcp !
Accepted connection from higher ranked node: 29
Successfully connected with higher ranked node: 29
Accepting connection from higher ranked node: 28
Accept through vt-tcp !
Accepted connection from higher ranked node: 28
Successfully connected with higher ranked node: 28
Accepting connection from higher ranked node: 27
Accept through vt-tcp !
Accepted connection from higher ranked node: 27
Successfully connected with higher ranked node: 27
Accepting connection from higher ranked node: 26
Accept through vt-tcp !
Accepted connection from higher ranked node: 26
Successfully connected with higher ranked node: 26
Accepting connection from higher ranked node: 25
Accept through vt-tcp !
Accepted connection from higher ranked node: 25
Successfully connected with higher ranked node: 25
Accepting connection from higher ranked node: 24
Accept through vt-tcp !
Accepted connection from higher ranked node: 24
Successfully connected with higher ranked node: 24
Closing server socket: 4097
Clearing all tcp timers !
TCP-done for socket: 4097, err: -103

---------------- Connecting to lowed ranked nodes ! --------------
Adding new vt-tcp-socket !
Creating vt-tcp socket !
Connecting to lower ranked node: 22 at 10.1.37.118:10000
Connecting .. Socket: 4116, src-port: 40001
Socket: 4097 garbage collection
Freeing socket: 4097
Waking up connected socket !
Socket connect success. socket = 4116
Connecting through vt-tcp success !
Successfully connected to lower ranked node: 22 at 10.1.37.118:10000
Adding new vt-tcp-socket !
Creating vt-tcp socket !
Connecting to lower ranked node: 21 at 10.1.37.122:10000
Connecting .. Socket: 4117, src-port: 40002
Waking up connected socket !
Socket connect success. socket = 4117
Connecting through vt-tcp success !
Successfully connected to lower ranked node: 21 at 10.1.37.122:10000
Adding new vt-tcp-socket !
Creating vt-tcp socket !
Connecting to lower ranked node: 20 at 10.1.37.126:10000
Connecting .. Socket: 4118, src-port: 40003
Waking up connected socket !
Socket connect success. socket = 4118
Connecting through vt-tcp success !
Successfully connected to lower ranked node: 20 at 10.1.37.126:10000
Adding new vt-tcp-socket !
Creating vt-tcp socket !
Connecting to lower ranked node: 19 at 10.1.37.130:10000
Connecting .. Socket: 4119, src-port: 40004
Waking up connected socket !
Socket connect success. socket = 4119
Connecting through vt-tcp success !
Successfully connected to lower ranked node: 19 at 10.1.37.130:10000
Adding new vt-tcp-socket !
Creating vt-tcp socket !
Connecting to lower ranked node: 18 at 10.1.37.134:10000
Connecting .. Socket: 4120, src-port: 40005
Waking up connected socket !
Socket connect success. socket = 4120
Connecting through vt-tcp success !
Successfully connected to lower ranked node: 18 at 10.1.37.134:10000
Adding new vt-tcp-socket !
Creating vt-tcp socket !
Connecting to lower ranked node: 17 at 10.1.37.138:10000
Connecting .. Socket: 4121, src-port: 40006
Waking up connected socket !
Socket connect success. socket = 4121
Connecting through vt-tcp success !
Successfully connected to lower ranked node: 17 at 10.1.37.138:10000
Adding new vt-tcp-socket !
Creating vt-tcp socket !
Connecting to lower ranked node: 16 at 10.1.37.142:10000
Connecting .. Socket: 4122, src-port: 40007
Waking up connected socket !
Socket connect success. socket = 4122
Connecting through vt-tcp success !
Successfully connected to lower ranked node: 16 at 10.1.37.142:10000
Adding new vt-tcp-socket !
Creating vt-tcp socket !
Connecting to lower ranked node: 15 at 10.1.37.110:10000
Connecting .. Socket: 4123, src-port: 40008
Waking up connected socket !
Socket connect success. socket = 4123
Connecting through vt-tcp success !
Successfully connected to lower ranked node: 15 at 10.1.37.110:10000
Adding new vt-tcp-socket !
Creating vt-tcp socket !
Connecting to lower ranked node: 14 at 10.1.37.150:10000
Connecting .. Socket: 4124, src-port: 40009
Waking up connected socket !
Socket connect success. socket = 4124
Connecting through vt-tcp success !
Successfully connected to lower ranked node: 14 at 10.1.37.150:10000
Adding new vt-tcp-socket !
Creating vt-tcp socket !
Connecting to lower ranked node: 13 at 10.1.37.154:10000
Connecting .. Socket: 4125, src-port: 40010
Waking up connected socket !
Socket connect success. socket = 4125
Connecting through vt-tcp success !
Successfully connected to lower ranked node: 13 at 10.1.37.154:10000
Adding new vt-tcp-socket !
Creating vt-tcp socket !
Connecting to lower ranked node: 12 at 10.1.37.158:10000
Connecting .. Socket: 4126, src-port: 40011
Waking up connected socket !
Socket connect success. socket = 4126
Connecting through vt-tcp success !
Successfully connected to lower ranked node: 12 at 10.1.37.158:10000
Adding new vt-tcp-socket !
Creating vt-tcp socket !
Connecting to lower ranked node: 11 at 10.1.37.162:10000
Connecting .. Socket: 4127, src-port: 40012
Waking up connected socket !
Socket connect success. socket = 4127
Connecting through vt-tcp success !
Successfully connected to lower ranked node: 11 at 10.1.37.162:10000
Adding new vt-tcp-socket !
Creating vt-tcp socket !
Connecting to lower ranked node: 10 at 10.1.37.166:10000
Connecting .. Socket: 4128, src-port: 40013
Waking up connected socket !
Socket connect success. socket = 4128
Connecting through vt-tcp success !
Successfully connected to lower ranked node: 10 at 10.1.37.166:10000
Adding new vt-tcp-socket !
Creating vt-tcp socket !
Connecting to lower ranked node: 9 at 10.1.37.170:10000
Connecting .. Socket: 4129, src-port: 40014
Waking up connected socket !
Socket connect success. socket = 4129
Connecting through vt-tcp success !
Successfully connected to lower ranked node: 9 at 10.1.37.170:10000
Adding new vt-tcp-socket !
Creating vt-tcp socket !
Connecting to lower ranked node: 8 at 10.1.37.174:10000
Connecting .. Socket: 4130, src-port: 40015
Waking up connected socket !
Socket connect success. socket = 4130
Connecting through vt-tcp success !
Successfully connected to lower ranked node: 8 at 10.1.37.174:10000
Adding new vt-tcp-socket !
Creating vt-tcp socket !
Connecting to lower ranked node: 7 at 10.1.37.178:10000
Connecting .. Socket: 4131, src-port: 40016
Waking up connected socket !
Socket connect success. socket = 4131
Connecting through vt-tcp success !
Successfully connected to lower ranked node: 7 at 10.1.37.178:10000
Adding new vt-tcp-socket !
Creating vt-tcp socket !
Connecting to lower ranked node: 6 at 10.1.37.218:10000
Connecting .. Socket: 4132, src-port: 40017
Waking up connected socket !
Socket connect success. socket = 4132
Connecting through vt-tcp success !
Successfully connected to lower ranked node: 6 at 10.1.37.218:10000
Adding new vt-tcp-socket !
Creating vt-tcp socket !
Connecting to lower ranked node: 5 at 10.1.38.66:10000
Connecting .. Socket: 4133, src-port: 40018
Waking up connected socket !
Socket connect success. socket = 4133
Connecting through vt-tcp success !
Successfully connected to lower ranked node: 5 at 10.1.38.66:10000
Adding new vt-tcp-socket !
Creating vt-tcp socket !
Connecting to lower ranked node: 4 at 10.1.38.70:10000
Connecting .. Socket: 4134, src-port: 40019
Waking up connected socket !
Socket connect success. socket = 4134
Connecting through vt-tcp success !
Successfully connected to lower ranked node: 4 at 10.1.38.70:10000
Adding new vt-tcp-socket !
Creating vt-tcp socket !
Connecting to lower ranked node: 3 at 10.1.38.74:10000
Connecting .. Socket: 4135, src-port: 40020
Waking up connected socket !
Socket connect success. socket = 4135
Connecting through vt-tcp success !
Successfully connected to lower ranked node: 3 at 10.1.38.74:10000
Adding new vt-tcp-socket !
Creating vt-tcp socket !
Connecting to lower ranked node: 2 at 10.1.38.78:10000
Connecting .. Socket: 4136, src-port: 40021
Waking up connected socket !
Socket connect success. socket = 4136
Connecting through vt-tcp success !
Successfully connected to lower ranked node: 2 at 10.1.38.78:10000
Adding new vt-tcp-socket !
Creating vt-tcp socket !
Connecting to lower ranked node: 1 at 10.1.38.82:10000
Connecting .. Socket: 4137, src-port: 40022
Waking up connected socket !
Socket connect success. socket = 4137
Connecting through vt-tcp success !
Successfully connected to lower ranked node: 1 at 10.1.38.82:10000
Adding new vt-tcp-socket !
Creating vt-tcp socket !
Connecting to lower ranked node: 0 at 10.1.38.86:10000
Connecting .. Socket: 4138, src-port: 40023
Waking up connected socket !
Socket connect success. socket = 4138
Connecting through vt-tcp success !
Successfully connected to lower ranked node: 0 at 10.1.38.86:10000

---------------- Creating listen Thread ! --------------

---------------- MPI-Init success ! --------------
Waiting to receive partition information from master !
Adding new Thread: 8
Resuming new Thread with Burst of length: 5400
Process 23 computing itegral over my_a = 15.500000, my_b= 15.750000
Called SetLoopLookahead: init: 0, final: 100000000, step: 1, loopDepth: 0, cumulative-num-iterations: 100000000, look-ahead-ns: 518518496
tcp-linger 
Clearing all tcp timers !
TCP-done for socket: 4098, err: -110
Socket: 4098 garbage collection
Freeing socket: 4098
Avg-Compute-Communication-Ratio = 1552.440120
Process 23 contributed MY_TOTAL = -nan, my_a = 15.500000, my_b= 15.750000
Integral: 0 computed

------------------------------------------------------------------------------
Waiting to receive partition information from master !
Process 23 computing itegral over my_a = 25.500000, my_b= 25.750000
Called SetLoopLookahead: init: 0, final: 100000000, step: 1, loopDepth: 0, cumulative-num-iterations: 100000000, look-ahead-ns: 518518496
Before rcv-wnd: seq: 1, rcv_nxt: 5
tcp-rto: snd_una: 1, rto: 2000, backoff: 1
tcp-rto: snd_una: 1, rto: 2000, backoff: 1
tcp-rto: snd_una: 1, rto: 2000, backoff: 1
tcp-rto: snd_una: 1, rto: 2000, backoff: 1
tcp-rto: snd_una: 1, rto: 2000, backoff: 1
tcp-rto: snd_una: 1, rto: 2000, backoff: 1
Avg-Compute-Communication-Ratio = 1797.272097
Process 23 contributed MY_TOTAL = -nan, my_a = 25.500000, my_b= 25.750000
Integral: 1 computed

------------------------------------------------------------------------------
Waiting to receive partition information from master !
Process 23 computing itegral over my_a = 35.500000, my_b= 35.750000
Called SetLoopLookahead: init: 0, final: 100000000, step: 1, loopDepth: 0, cumulative-num-iterations: 100000000, look-ahead-ns: 518518496
Avg-Compute-Communication-Ratio = 1915.690887
Process 23 contributed MY_TOTAL = -nan, my_a = 35.500000, my_b= 35.750000
Integral: 2 computed

------------------------------------------------------------------------------
Waiting to receive partition information from master !
Process 23 computing itegral over my_a = 45.500000, my_b= 45.750000
Called SetLoopLookahead: init: 0, final: 100000000, step: 1, loopDepth: 0, cumulative-num-iterations: 100000000, look-ahead-ns: 518518496
Avg-Compute-Communication-Ratio = 1954.813384
Process 23 contributed MY_TOTAL = -nan, my_a = 45.500000, my_b= 45.750000
Integral: 3 computed

------------------------------------------------------------------------------
Waiting to receive partition information from master !
Process 23 computing itegral over my_a = 55.500000, my_b= 55.750000
Called SetLoopLookahead: init: 0, final: 100000000, step: 1, loopDepth: 0, cumulative-num-iterations: 100000000, look-ahead-ns: 518518496
Avg-Compute-Communication-Ratio = 1992.753267
Process 23 contributed MY_TOTAL = -nan, my_a = 55.500000, my_b= 55.750000
Integral: 4 computed

------------------------------------------------------------------------------
Waiting to receive partition information from master !
Process 23 computing itegral over my_a = 65.500000, my_b= 65.750000
Called SetLoopLookahead: init: 0, final: 100000000, step: 1, loopDepth: 0, cumulative-num-iterations: 100000000, look-ahead-ns: 518518496
Avg-Compute-Communication-Ratio = 2007.152903
Process 23 contributed MY_TOTAL = -nan, my_a = 65.500000, my_b= 65.750000
Integral: 5 computed

------------------------------------------------------------------------------
Waiting to receive partition information from master !
Process 23 computing itegral over my_a = 75.500000, my_b= 75.750000
Called SetLoopLookahead: init: 0, final: 100000000, step: 1, loopDepth: 0, cumulative-num-iterations: 100000000, look-ahead-ns: 518518496
Avg-Compute-Communication-Ratio = 2031.114717
Process 23 contributed MY_TOTAL = -nan, my_a = 75.500000, my_b= 75.750000
Integral: 6 computed

------------------------------------------------------------------------------
Waiting to receive partition information from master !
Process 23 computing itegral over my_a = 85.500000, my_b= 85.750000
Called SetLoopLookahead: init: 0, final: 100000000, step: 1, loopDepth: 0, cumulative-num-iterations: 100000000, look-ahead-ns: 518518496
Avg-Compute-Communication-Ratio = 2040.392523
Process 23 contributed MY_TOTAL = -nan, my_a = 85.500000, my_b= 85.750000
Integral: 7 computed

------------------------------------------------------------------------------
Waiting to receive partition information from master !
Process 23 computing itegral over my_a = 95.500000, my_b= 95.750000
Called SetLoopLookahead: init: 0, final: 100000000, step: 1, loopDepth: 0, cumulative-num-iterations: 100000000, look-ahead-ns: 518518496
Avg-Compute-Communication-Ratio = 2045.871548
Process 23 contributed MY_TOTAL = -nan, my_a = 95.500000, my_b= 95.750000
Integral: 8 computed

------------------------------------------------------------------------------
Waiting to receive partition information from master !
Process 23 computing itegral over my_a = 105.500000, my_b= 105.750000
Called SetLoopLookahead: init: 0, final: 100000000, step: 1, loopDepth: 0, cumulative-num-iterations: 100000000, look-ahead-ns: 518518496
Avg-Compute-Communication-Ratio = 2059.232724
Process 23 contributed MY_TOTAL = -nan, my_a = 105.500000, my_b= 105.750000
Integral: 9 computed

------------------------------------------------------------------------------
Waiting to receive partition information from master !
Process 23 computing itegral over my_a = 115.500000, my_b= 115.750000
Called SetLoopLookahead: init: 0, final: 100000000, step: 1, loopDepth: 0, cumulative-num-iterations: 100000000, look-ahead-ns: 518518496
Avg-Compute-Communication-Ratio = 2068.793254
Process 23 contributed MY_TOTAL = -nan, my_a = 115.500000, my_b= 115.750000
Integral: 10 computed

------------------------------------------------------------------------------
Waiting to receive partition information from master !
Process 23 computing itegral over my_a = 125.500000, my_b= 125.750000
Called SetLoopLookahead: init: 0, final: 100000000, step: 1, loopDepth: 0, cumulative-num-iterations: 100000000, look-ahead-ns: 518518496
Avg-Compute-Communication-Ratio = 2072.677881
Process 23 contributed MY_TOTAL = -nan, my_a = 125.500000, my_b= 125.750000
Integral: 11 computed

------------------------------------------------------------------------------
Waiting to receive partition information from master !
Process 23 computing itegral over my_a = 135.500000, my_b= 135.750000
Called SetLoopLookahead: init: 0, final: 100000000, step: 1, loopDepth: 0, cumulative-num-iterations: 100000000, look-ahead-ns: 518518496
Avg-Compute-Communication-Ratio = 2077.895808
Process 23 contributed MY_TOTAL = -nan, my_a = 135.500000, my_b= 135.750000
Integral: 12 computed

------------------------------------------------------------------------------
Waiting to receive partition information from master !
Process 23 computing itegral over my_a = 145.500000, my_b= 145.750000
Called SetLoopLookahead: init: 0, final: 100000000, step: 1, loopDepth: 0, cumulative-num-iterations: 100000000, look-ahead-ns: 518518496
Avg-Compute-Communication-Ratio = 2085.380350
Process 23 contributed MY_TOTAL = -nan, my_a = 145.500000, my_b= 145.750000
Integral: 13 computed

------------------------------------------------------------------------------
Waiting to receive partition information from master !
Process 23 computing itegral over my_a = 155.500000, my_b= 155.750000
Called SetLoopLookahead: init: 0, final: 100000000, step: 1, loopDepth: 0, cumulative-num-iterations: 100000000, look-ahead-ns: 518518496
Avg-Compute-Communication-Ratio = 2085.739877
Process 23 contributed MY_TOTAL = -nan, my_a = 155.500000, my_b= 155.750000
Integral: 14 computed

------------------------------------------------------------------------------
Waiting to receive partition information from master !
Process 23 computing itegral over my_a = 165.500000, my_b= 165.750000
Called SetLoopLookahead: init: 0, final: 100000000, step: 1, loopDepth: 0, cumulative-num-iterations: 100000000, look-ahead-ns: 518518496
Avg-Compute-Communication-Ratio = 2092.896065
Process 23 contributed MY_TOTAL = -nan, my_a = 165.500000, my_b= 165.750000
Integral: 15 computed

------------------------------------------------------------------------------
Waiting to receive partition information from master !
Process 23 computing itegral over my_a = 175.500000, my_b= 175.750000
Called SetLoopLookahead: init: 0, final: 100000000, step: 1, loopDepth: 0, cumulative-num-iterations: 100000000, look-ahead-ns: 518518496
Avg-Compute-Communication-Ratio = 2093.766033
Process 23 contributed MY_TOTAL = -nan, my_a = 175.500000, my_b= 175.750000
Integral: 16 computed

------------------------------------------------------------------------------
Waiting to receive partition information from master !
Process 23 computing itegral over my_a = 185.500000, my_b= 185.750000
Called SetLoopLookahead: init: 0, final: 100000000, step: 1, loopDepth: 0, cumulative-num-iterations: 100000000, look-ahead-ns: 518518496
Avg-Compute-Communication-Ratio = 2097.835469
Process 23 contributed MY_TOTAL = -nan, my_a = 185.500000, my_b= 185.750000
Integral: 17 computed

------------------------------------------------------------------------------
Waiting to receive partition information from master !
Process 23 computing itegral over my_a = 195.500000, my_b= 195.750000
Called SetLoopLookahead: init: 0, final: 100000000, step: 1, loopDepth: 0, cumulative-num-iterations: 100000000, look-ahead-ns: 518518496
Avg-Compute-Communication-Ratio = 2103.733718
Process 23 contributed MY_TOTAL = -nan, my_a = 195.500000, my_b= 195.750000
Integral: 18 computed

------------------------------------------------------------------------------
Waiting to receive partition information from master !
Process 23 computing itegral over my_a = 205.500000, my_b= 205.750000
Called SetLoopLookahead: init: 0, final: 100000000, step: 1, loopDepth: 0, cumulative-num-iterations: 100000000, look-ahead-ns: 518518496
Avg-Compute-Communication-Ratio = 2105.217215
Process 23 contributed MY_TOTAL = -nan, my_a = 205.500000, my_b= 205.750000
Integral: 19 computed

------------------------------------------------------------------------------
Waiting to receive partition information from master !
Process 23 computing itegral over my_a = 215.500000, my_b= 215.750000
Called SetLoopLookahead: init: 0, final: 100000000, step: 1, loopDepth: 0, cumulative-num-iterations: 100000000, look-ahead-ns: 518518496
Avg-Compute-Communication-Ratio = 2107.376621
Process 23 contributed MY_TOTAL = -nan, my_a = 215.500000, my_b= 215.750000
Integral: 20 computed

------------------------------------------------------------------------------
Waiting to receive partition information from master !
Process 23 computing itegral over my_a = 225.500000, my_b= 225.750000
Called SetLoopLookahead: init: 0, final: 100000000, step: 1, loopDepth: 0, cumulative-num-iterations: 100000000, look-ahead-ns: 518518496
Avg-Compute-Communication-Ratio = 2109.343565
Process 23 contributed MY_TOTAL = -nan, my_a = 225.500000, my_b= 225.750000
Integral: 21 computed

------------------------------------------------------------------------------
Waiting to receive partition information from master !
Process 23 computing itegral over my_a = 235.500000, my_b= 235.750000
Called SetLoopLookahead: init: 0, final: 100000000, step: 1, loopDepth: 0, cumulative-num-iterations: 100000000, look-ahead-ns: 518518496
Avg-Compute-Communication-Ratio = 2111.890384
Process 23 contributed MY_TOTAL = -nan, my_a = 235.500000, my_b= 235.750000
Integral: 22 computed

------------------------------------------------------------------------------
Waiting to receive partition information from master !
Process 23 computing itegral over my_a = 245.500000, my_b= 245.750000
Called SetLoopLookahead: init: 0, final: 100000000, step: 1, loopDepth: 0, cumulative-num-iterations: 100000000, look-ahead-ns: 518518496
Avg-Compute-Communication-Ratio = 2110.644505
Process 23 contributed MY_TOTAL = -nan, my_a = 245.500000, my_b= 245.750000
Integral: 23 computed

------------------------------------------------------------------------------
Waiting to receive partition information from master !
Process 23 computing itegral over my_a = 255.500000, my_b= 255.750000
Called SetLoopLookahead: init: 0, final: 100000000, step: 1, loopDepth: 0, cumulative-num-iterations: 100000000, look-ahead-ns: 518518496
Avg-Compute-Communication-Ratio = 2113.627099
Process 23 contributed MY_TOTAL = -nan, my_a = 255.500000, my_b= 255.750000
Integral: 24 computed

------------------------------------------------------------------------------
Waiting to receive partition information from master !
Process 23 computing itegral over my_a = 265.500000, my_b= 265.750000
Called SetLoopLookahead: init: 0, final: 100000000, step: 1, loopDepth: 0, cumulative-num-iterations: 100000000, look-ahead-ns: 518518496
Avg-Compute-Communication-Ratio = 2116.387755
Process 23 contributed MY_TOTAL = -nan, my_a = 265.500000, my_b= 265.750000
Integral: 25 computed

------------------------------------------------------------------------------
Waiting to receive partition information from master !
Process 23 computing itegral over my_a = 275.500000, my_b= 275.750000
Called SetLoopLookahead: init: 0, final: 100000000, step: 1, loopDepth: 0, cumulative-num-iterations: 100000000, look-ahead-ns: 518518496
Avg-Compute-Communication-Ratio = 2118.629691
Process 23 contributed MY_TOTAL = -nan, my_a = 275.500000, my_b= 275.750000
Integral: 26 computed

------------------------------------------------------------------------------
Waiting to receive partition information from master !
Process 23 computing itegral over my_a = 285.500000, my_b= 285.750000
Called SetLoopLookahead: init: 0, final: 100000000, step: 1, loopDepth: 0, cumulative-num-iterations: 100000000, look-ahead-ns: 518518496
Avg-Compute-Communication-Ratio = 2121.025566
Process 23 contributed MY_TOTAL = -nan, my_a = 285.500000, my_b= 285.750000
Integral: 27 computed

------------------------------------------------------------------------------
Waiting to receive partition information from master !
Process 23 computing itegral over my_a = 295.500000, my_b= 295.750000
Called SetLoopLookahead: init: 0, final: 100000000, step: 1, loopDepth: 0, cumulative-num-iterations: 100000000, look-ahead-ns: 518518496
Avg-Compute-Communication-Ratio = 2119.072012
Process 23 contributed MY_TOTAL = -nan, my_a = 295.500000, my_b= 295.750000
Integral: 28 computed

------------------------------------------------------------------------------
Waiting to receive partition information from master !
Process 23 computing itegral over my_a = 305.500000, my_b= 305.750000
Called SetLoopLookahead: init: 0, final: 100000000, step: 1, loopDepth: 0, cumulative-num-iterations: 100000000, look-ahead-ns: 518518496
Avg-Compute-Communication-Ratio = 2120.137658
Process 23 contributed MY_TOTAL = -nan, my_a = 305.500000, my_b= 305.750000
Integral: 29 computed

------------------------------------------------------------------------------
Waiting to receive partition information from master !
Process 23 computing itegral over my_a = 315.500000, my_b= 315.750000
Called SetLoopLookahead: init: 0, final: 100000000, step: 1, loopDepth: 0, cumulative-num-iterations: 100000000, look-ahead-ns: 518518496
Avg-Compute-Communication-Ratio = 2121.695486
Process 23 contributed MY_TOTAL = -nan, my_a = 315.500000, my_b= 315.750000
Integral: 30 computed

------------------------------------------------------------------------------
Waiting to receive partition information from master !
Process 23 computing itegral over my_a = 325.500000, my_b= 325.750000
Called SetLoopLookahead: init: 0, final: 100000000, step: 1, loopDepth: 0, cumulative-num-iterations: 100000000, look-ahead-ns: 518518496
Avg-Compute-Communication-Ratio = 2122.886387
Process 23 contributed MY_TOTAL = -nan, my_a = 325.500000, my_b= 325.750000
Integral: 31 computed

------------------------------------------------------------------------------
Waiting to receive partition information from master !
Process 23 computing itegral over my_a = 335.500000, my_b= 335.750000
Called SetLoopLookahead: init: 0, final: 100000000, step: 1, loopDepth: 0, cumulative-num-iterations: 100000000, look-ahead-ns: 518518496
Avg-Compute-Communication-Ratio = 2124.533772
Process 23 contributed MY_TOTAL = -nan, my_a = 335.500000, my_b= 335.750000
Integral: 32 computed

------------------------------------------------------------------------------
Waiting to receive partition information from master !
Process 23 computing itegral over my_a = 345.500000, my_b= 345.750000
Called SetLoopLookahead: init: 0, final: 100000000, step: 1, loopDepth: 0, cumulative-num-iterations: 100000000, look-ahead-ns: 518518496
Avg-Compute-Communication-Ratio = 2124.805351
Process 23 contributed MY_TOTAL = -nan, my_a = 345.500000, my_b= 345.750000
Integral: 33 computed

------------------------------------------------------------------------------
Waiting to receive partition information from master !
Process 23 computing itegral over my_a = 355.500000, my_b= 355.750000
Called SetLoopLookahead: init: 0, final: 100000000, step: 1, loopDepth: 0, cumulative-num-iterations: 100000000, look-ahead-ns: 518518496
Avg-Compute-Communication-Ratio = 2126.555543
Process 23 contributed MY_TOTAL = -nan, my_a = 355.500000, my_b= 355.750000
Integral: 34 computed

------------------------------------------------------------------------------
Waiting to receive partition information from master !
Process 23 computing itegral over my_a = 365.500000, my_b= 365.750000
Called SetLoopLookahead: init: 0, final: 100000000, step: 1, loopDepth: 0, cumulative-num-iterations: 100000000, look-ahead-ns: 518518496
Avg-Compute-Communication-Ratio = 2126.271785
Process 23 contributed MY_TOTAL = -nan, my_a = 365.500000, my_b= 365.750000
Integral: 35 computed

------------------------------------------------------------------------------
Waiting to receive partition information from master !
Process 23 computing itegral over my_a = 375.500000, my_b= 375.750000
Called SetLoopLookahead: init: 0, final: 100000000, step: 1, loopDepth: 0, cumulative-num-iterations: 100000000, look-ahead-ns: 518518496
Avg-Compute-Communication-Ratio = 2127.418053
Process 23 contributed MY_TOTAL = -nan, my_a = 375.500000, my_b= 375.750000
Integral: 36 computed

------------------------------------------------------------------------------
Waiting to receive partition information from master !
Process 23 computing itegral over my_a = 385.500000, my_b= 385.750000
Called SetLoopLookahead: init: 0, final: 100000000, step: 1, loopDepth: 0, cumulative-num-iterations: 100000000, look-ahead-ns: 518518496
Avg-Compute-Communication-Ratio = 2128.275113
Process 23 contributed MY_TOTAL = -nan, my_a = 385.500000, my_b= 385.750000
Integral: 37 computed

------------------------------------------------------------------------------
Waiting to receive partition information from master !
Process 23 computing itegral over my_a = 395.500000, my_b= 395.750000
Called SetLoopLookahead: init: 0, final: 100000000, step: 1, loopDepth: 0, cumulative-num-iterations: 100000000, look-ahead-ns: 518518496
Exp finishing. Stopping stack thread with id: 6!

------------------------- ACTUAL STDOUT FROM EXECUTABLE ENDED -----------------------------

Process: 6 exiting VT experiment !
Main thread exiting. PID = 6
