Attempting to set static arp entries ...
Tracer: 32 >> Using SRC IP: 10.1.37.222 for any spawned virtual tcp-stacks
Tracer: 32 >> Updating firewall rules to drop outgoing TCP-RST packets
Attempting to set firewall rules ...
Tracer: 32 >> CMD TO RUN: /home/vignesh/VT-S3FNet/csudp/mpi_integral/mpi_int 31 41 10.1.37.222 > /home/vignesh/VT-S3FNet/experiment-data/MPI_LA_Enabled_nemus_41_mpi_int/worker31.log
args[0] = /home/vignesh/VT-S3FNet/csudp/mpi_integral/mpi_int
args[1] = 31
args[2] = 41
args[3] = 10.1.37.222
Setting appropriate environment variables ...
HOME DIRECTORY : /home/vignesh
Parsing TTN config file: /home/vignesh/.ttn/projects.db
Setting VT_L1_INS_CACHE_MISS_CYCLES to: 100
Setting VT_L1_INS_CACHE_LINES to: 64
Setting VT_L1_INS_CACHE_SIZE_KB to: 32
Setting VT_L1_INS_CACHE_ASSOC to: 8
Setting VT_L1_INS_CACHE_REPLACEMENT_POLICY to: LRU
Setting VT_L1_DATA_CACHE_MISS_CYCLES to: 100
Setting VT_L1_DATA_CACHE_LINES to: 64
Setting VT_L1_DATA_CACHE_SIZE_KB to: 32
Setting VT_L1_DATA_CACHE_ASSOC to: 8
Setting VT_L1_DATA_CACHE_REPLACEMENT_POLICY to: LRU
Setting VT_CPU_CYLES_NS to: 2.700000
Setting VT_NIC_SPEED_MBPS to: 1000.000000
Setting VT_TIMING_MODEL to: EMPIRICAL
Setting VT_BBL_LOOKAHEAD_FILE to: /home/vignesh/VT-S3FNet/csudp/mpi_integral/.ttn/lookahead/bbl_lookahead.info
Setting VT_LOOP_LOOKAHEAD_FILE to: /home/vignesh/VT-S3FNet/csudp/mpi_integral/.ttn/lookahead/loop_lookahead.info
Starting command: /home/vignesh/VT-S3FNet/csudp/mpi_integral/mpi_int
Loading orig functions !
Starting executable with Pid = 6
Loading pointers to VTL Logic functions
Loaded pointers to all VTL Logic functions
Now Initializing VT-Management 
Extracting env variables !
Extracted tracer-id: 32
Extracted exp-type: 2
Extracted cpu-cycles-ns: 2.700000
Extracted socket-layer-ip: -568000246
Starting VT-initialization !
Tracer-ID: 32, Timeline-ID: 32
Tracer registration for EXP_CS complete. TimelineID = 32, Return = 32
Tracer Adding to SQ. Tracer ID = 32
Parsing any provided lookahead information ...
Opening file: /home/vignesh/VT-S3FNet/csudp/mpi_integral/.ttn/lookahead/bbl_lookahead.info
File size: 176
mapped memblock size: 176
Finish offset: 18, Number of values: 18
Returning success !
Loaded BBL lookaheads for 18 basic blocks ...
Opening file: /home/vignesh/VT-S3FNet/csudp/mpi_integral/.ttn/lookahead/loop_lookahead.info
File size: 40
mapped memblock size: 40
Finish offset: 1, Number of values: 1
Returning success !
Loaded Loop lookaheads for 1 loops ...
VT initialization successfull !
Finished Initializing VT-Management 
Initializing TCP-stack ...
TCP stack unique-id: 326
Starting virtual socket layer stack-thread !
Pthread_create: vtStackThread special case
Successfully initialized VTL-Logic embedded into the executable

------------------------- ACTUAL STDOUT FROM EXECUTABLE STARTS -----------------------------

Rank = 31, Total = 41, IP = 10.1.37.222
Adding new vt-tcp-socket !
Creating vt-tcp socket !
bind through vt-tcp !
Server socket bound to ip:port: 10.1.37.222:10000
Waiting for OK message from other nodes !
Waiting for OK message !
listen through vt-tcp !
Accept through vt-tcp !
Successfully received OK message !

---------------- Waiting for higher ranked nodes to connect --------------
listen through vt-tcp !
Accepting connection from higher ranked node: 40
Accept through vt-tcp !
Entering time-wait from FIN_WAIT_2
Clearing all tcp timers !
Adding TcpLinger !
Accepted connection from higher ranked node: 40
Successfully connected with higher ranked node: 40
Accepting connection from higher ranked node: 39
Accept through vt-tcp !
Accepted connection from higher ranked node: 39
Successfully connected with higher ranked node: 39
Accepting connection from higher ranked node: 38
Accept through vt-tcp !
Accepted connection from higher ranked node: 38
Successfully connected with higher ranked node: 38
Accepting connection from higher ranked node: 37
Accept through vt-tcp !
Accepted connection from higher ranked node: 37
Successfully connected with higher ranked node: 37
Accepting connection from higher ranked node: 36
Accept through vt-tcp !
Accepted connection from higher ranked node: 36
Successfully connected with higher ranked node: 36
Accepting connection from higher ranked node: 35
Accept through vt-tcp !
Accepted connection from higher ranked node: 35
Successfully connected with higher ranked node: 35
Accepting connection from higher ranked node: 34
Accept through vt-tcp !
Accepted connection from higher ranked node: 34
Successfully connected with higher ranked node: 34
Accepting connection from higher ranked node: 33
Accept through vt-tcp !
Accepted connection from higher ranked node: 33
Successfully connected with higher ranked node: 33
Accepting connection from higher ranked node: 32
Accept through vt-tcp !
Accepted connection from higher ranked node: 32
Successfully connected with higher ranked node: 32
Closing server socket: 4097
Clearing all tcp timers !
TCP-done for socket: 4097, err: -103

---------------- Connecting to lowed ranked nodes ! --------------
Adding new vt-tcp-socket !
Creating vt-tcp socket !
Connecting to lower ranked node: 30 at 10.1.37.226:10000
Connecting .. Socket: 4108, src-port: 40001
Socket: 4097 garbage collection
Freeing socket: 4097
Waking up connected socket !
Socket connect success. socket = 4108
Connecting through vt-tcp success !
Successfully connected to lower ranked node: 30 at 10.1.37.226:10000
Adding new vt-tcp-socket !
Creating vt-tcp socket !
Connecting to lower ranked node: 29 at 10.1.37.230:10000
Connecting .. Socket: 4109, src-port: 40002
Waking up connected socket !
Socket connect success. socket = 4109
Connecting through vt-tcp success !
Successfully connected to lower ranked node: 29 at 10.1.37.230:10000
Adding new vt-tcp-socket !
Creating vt-tcp socket !
Connecting to lower ranked node: 28 at 10.1.37.234:10000
Connecting .. Socket: 4110, src-port: 40003
Waking up connected socket !
Socket connect success. socket = 4110
Connecting through vt-tcp success !
Successfully connected to lower ranked node: 28 at 10.1.37.234:10000
Adding new vt-tcp-socket !
Creating vt-tcp socket !
Connecting to lower ranked node: 27 at 10.1.37.238:10000
Connecting .. Socket: 4111, src-port: 40004
Waking up connected socket !
Socket connect success. socket = 4111
Connecting through vt-tcp success !
Successfully connected to lower ranked node: 27 at 10.1.37.238:10000
Adding new vt-tcp-socket !
Creating vt-tcp socket !
Connecting to lower ranked node: 26 at 10.1.37.242:10000
Connecting .. Socket: 4112, src-port: 40005
Waking up connected socket !
Socket connect success. socket = 4112
Connecting through vt-tcp success !
Successfully connected to lower ranked node: 26 at 10.1.37.242:10000
Adding new vt-tcp-socket !
Creating vt-tcp socket !
Connecting to lower ranked node: 25 at 10.1.37.246:10000
Connecting .. Socket: 4113, src-port: 40006
Waking up connected socket !
Socket connect success. socket = 4113
Connecting through vt-tcp success !
Successfully connected to lower ranked node: 25 at 10.1.37.246:10000
Adding new vt-tcp-socket !
Creating vt-tcp socket !
Connecting to lower ranked node: 24 at 10.1.37.146:10000
Connecting .. Socket: 4114, src-port: 40007
Waking up connected socket !
Socket connect success. socket = 4114
Connecting through vt-tcp success !
Successfully connected to lower ranked node: 24 at 10.1.37.146:10000
Adding new vt-tcp-socket !
Creating vt-tcp socket !
Connecting to lower ranked node: 23 at 10.1.37.114:10000
Connecting .. Socket: 4115, src-port: 40008
Waking up connected socket !
Socket connect success. socket = 4115
Connecting through vt-tcp success !
Successfully connected to lower ranked node: 23 at 10.1.37.114:10000
Adding new vt-tcp-socket !
Creating vt-tcp socket !
Connecting to lower ranked node: 22 at 10.1.37.118:10000
Connecting .. Socket: 4116, src-port: 40009
Waking up connected socket !
Socket connect success. socket = 4116
Connecting through vt-tcp success !
Successfully connected to lower ranked node: 22 at 10.1.37.118:10000
Adding new vt-tcp-socket !
Creating vt-tcp socket !
Connecting to lower ranked node: 21 at 10.1.37.122:10000
Connecting .. Socket: 4117, src-port: 40010
Waking up connected socket !
Socket connect success. socket = 4117
Connecting through vt-tcp success !
Successfully connected to lower ranked node: 21 at 10.1.37.122:10000
Adding new vt-tcp-socket !
Creating vt-tcp socket !
Connecting to lower ranked node: 20 at 10.1.37.126:10000
Connecting .. Socket: 4118, src-port: 40011
Waking up connected socket !
Socket connect success. socket = 4118
Connecting through vt-tcp success !
Successfully connected to lower ranked node: 20 at 10.1.37.126:10000
Adding new vt-tcp-socket !
Creating vt-tcp socket !
Connecting to lower ranked node: 19 at 10.1.37.130:10000
Connecting .. Socket: 4119, src-port: 40012
Waking up connected socket !
Socket connect success. socket = 4119
Connecting through vt-tcp success !
Successfully connected to lower ranked node: 19 at 10.1.37.130:10000
Adding new vt-tcp-socket !
Creating vt-tcp socket !
Connecting to lower ranked node: 18 at 10.1.37.134:10000
Connecting .. Socket: 4120, src-port: 40013
Waking up connected socket !
Socket connect success. socket = 4120
Connecting through vt-tcp success !
Successfully connected to lower ranked node: 18 at 10.1.37.134:10000
Adding new vt-tcp-socket !
Creating vt-tcp socket !
Connecting to lower ranked node: 17 at 10.1.37.138:10000
Connecting .. Socket: 4121, src-port: 40014
Waking up connected socket !
Socket connect success. socket = 4121
Connecting through vt-tcp success !
Successfully connected to lower ranked node: 17 at 10.1.37.138:10000
Adding new vt-tcp-socket !
Creating vt-tcp socket !
Connecting to lower ranked node: 16 at 10.1.37.142:10000
Connecting .. Socket: 4122, src-port: 40015
Waking up connected socket !
Socket connect success. socket = 4122
Connecting through vt-tcp success !
Successfully connected to lower ranked node: 16 at 10.1.37.142:10000
Adding new vt-tcp-socket !
Creating vt-tcp socket !
Connecting to lower ranked node: 15 at 10.1.37.110:10000
Connecting .. Socket: 4123, src-port: 40016
Waking up connected socket !
Socket connect success. socket = 4123
Connecting through vt-tcp success !
Successfully connected to lower ranked node: 15 at 10.1.37.110:10000
Adding new vt-tcp-socket !
Creating vt-tcp socket !
Connecting to lower ranked node: 14 at 10.1.37.150:10000
Connecting .. Socket: 4124, src-port: 40017
Waking up connected socket !
Socket connect success. socket = 4124
Connecting through vt-tcp success !
Successfully connected to lower ranked node: 14 at 10.1.37.150:10000
Adding new vt-tcp-socket !
Creating vt-tcp socket !
Connecting to lower ranked node: 13 at 10.1.37.154:10000
Connecting .. Socket: 4125, src-port: 40018
Waking up connected socket !
Socket connect success. socket = 4125
Connecting through vt-tcp success !
Successfully connected to lower ranked node: 13 at 10.1.37.154:10000
Adding new vt-tcp-socket !
Creating vt-tcp socket !
Connecting to lower ranked node: 12 at 10.1.37.158:10000
Connecting .. Socket: 4126, src-port: 40019
Waking up connected socket !
Socket connect success. socket = 4126
Connecting through vt-tcp success !
Successfully connected to lower ranked node: 12 at 10.1.37.158:10000
Adding new vt-tcp-socket !
Creating vt-tcp socket !
Connecting to lower ranked node: 11 at 10.1.37.162:10000
Connecting .. Socket: 4127, src-port: 40020
Waking up connected socket !
Socket connect success. socket = 4127
Connecting through vt-tcp success !
Successfully connected to lower ranked node: 11 at 10.1.37.162:10000
Adding new vt-tcp-socket !
Creating vt-tcp socket !
Connecting to lower ranked node: 10 at 10.1.37.166:10000
Connecting .. Socket: 4128, src-port: 40021
Waking up connected socket !
Socket connect success. socket = 4128
Connecting through vt-tcp success !
Successfully connected to lower ranked node: 10 at 10.1.37.166:10000
Adding new vt-tcp-socket !
Creating vt-tcp socket !
Connecting to lower ranked node: 9 at 10.1.37.170:10000
Connecting .. Socket: 4129, src-port: 40022
Waking up connected socket !
Socket connect success. socket = 4129
Connecting through vt-tcp success !
Successfully connected to lower ranked node: 9 at 10.1.37.170:10000
Adding new vt-tcp-socket !
Creating vt-tcp socket !
Connecting to lower ranked node: 8 at 10.1.37.174:10000
Connecting .. Socket: 4130, src-port: 40023
Waking up connected socket !
Socket connect success. socket = 4130
Connecting through vt-tcp success !
Successfully connected to lower ranked node: 8 at 10.1.37.174:10000
Adding new vt-tcp-socket !
Creating vt-tcp socket !
Connecting to lower ranked node: 7 at 10.1.37.178:10000
Connecting .. Socket: 4131, src-port: 40024
Waking up connected socket !
Socket connect success. socket = 4131
Connecting through vt-tcp success !
Successfully connected to lower ranked node: 7 at 10.1.37.178:10000
Adding new vt-tcp-socket !
Creating vt-tcp socket !
Connecting to lower ranked node: 6 at 10.1.37.218:10000
Connecting .. Socket: 4132, src-port: 40025
Waking up connected socket !
Socket connect success. socket = 4132
Connecting through vt-tcp success !
Successfully connected to lower ranked node: 6 at 10.1.37.218:10000
Adding new vt-tcp-socket !
Creating vt-tcp socket !
Connecting to lower ranked node: 5 at 10.1.38.66:10000
Connecting .. Socket: 4133, src-port: 40026
Waking up connected socket !
Socket connect success. socket = 4133
Connecting through vt-tcp success !
Successfully connected to lower ranked node: 5 at 10.1.38.66:10000
Adding new vt-tcp-socket !
Creating vt-tcp socket !
Connecting to lower ranked node: 4 at 10.1.38.70:10000
Connecting .. Socket: 4134, src-port: 40027
Waking up connected socket !
Socket connect success. socket = 4134
Connecting through vt-tcp success !
Successfully connected to lower ranked node: 4 at 10.1.38.70:10000
Adding new vt-tcp-socket !
Creating vt-tcp socket !
Connecting to lower ranked node: 3 at 10.1.38.74:10000
Connecting .. Socket: 4135, src-port: 40028
Waking up connected socket !
Socket connect success. socket = 4135
Connecting through vt-tcp success !
Successfully connected to lower ranked node: 3 at 10.1.38.74:10000
Adding new vt-tcp-socket !
Creating vt-tcp socket !
Connecting to lower ranked node: 2 at 10.1.38.78:10000
Connecting .. Socket: 4136, src-port: 40029
Waking up connected socket !
Socket connect success. socket = 4136
Connecting through vt-tcp success !
Successfully connected to lower ranked node: 2 at 10.1.38.78:10000
Adding new vt-tcp-socket !
Creating vt-tcp socket !
Connecting to lower ranked node: 1 at 10.1.38.82:10000
Connecting .. Socket: 4137, src-port: 40030
Waking up connected socket !
Socket connect success. socket = 4137
Connecting through vt-tcp success !
Successfully connected to lower ranked node: 1 at 10.1.38.82:10000
Adding new vt-tcp-socket !
Creating vt-tcp socket !
Connecting to lower ranked node: 0 at 10.1.38.86:10000
Connecting .. Socket: 4138, src-port: 40031
Waking up connected socket !
Socket connect success. socket = 4138
Connecting through vt-tcp success !
Successfully connected to lower ranked node: 0 at 10.1.38.86:10000

---------------- Creating listen Thread ! --------------

---------------- MPI-Init success ! --------------
Waiting to receive partition information from master !
Adding new Thread: 8
Resuming new Thread with Burst of length: 5400
Process 31 computing itegral over my_a = 17.500000, my_b= 17.750000
Called SetLoopLookahead: init: 0, final: 100000000, step: 1, loopDepth: 0, cumulative-num-iterations: 100000000, look-ahead-ns: 518518496
tcp-linger 
Clearing all tcp timers !
TCP-done for socket: 4098, err: -110
Socket: 4098 garbage collection
Freeing socket: 4098
Avg-Compute-Communication-Ratio = 1132.128821
Process 31 contributed MY_TOTAL = -nan, my_a = 17.500000, my_b= 17.750000
Integral: 0 computed

------------------------------------------------------------------------------
Waiting to receive partition information from master !
Process 31 computing itegral over my_a = 27.500000, my_b= 27.750000
Called SetLoopLookahead: init: 0, final: 100000000, step: 1, loopDepth: 0, cumulative-num-iterations: 100000000, look-ahead-ns: 518518496
Before rcv-wnd: seq: 1, rcv_nxt: 5
Before rcv-wnd: seq: 1, rcv_nxt: 5
Before rcv-wnd: seq: 1, rcv_nxt: 5
tcp-rto: snd_una: 1, rto: 2000, backoff: 1
tcp-rto: snd_una: 1, rto: 2000, backoff: 1
tcp-rto: snd_una: 1, rto: 2000, backoff: 1
Avg-Compute-Communication-Ratio = 1479.352354
Process 31 contributed MY_TOTAL = -nan, my_a = 27.500000, my_b= 27.750000
Integral: 1 computed

------------------------------------------------------------------------------
Waiting to receive partition information from master !
Process 31 computing itegral over my_a = 37.500000, my_b= 37.750000
Called SetLoopLookahead: init: 0, final: 100000000, step: 1, loopDepth: 0, cumulative-num-iterations: 100000000, look-ahead-ns: 518518496
Avg-Compute-Communication-Ratio = 1644.335095
Process 31 contributed MY_TOTAL = -nan, my_a = 37.500000, my_b= 37.750000
Integral: 2 computed

------------------------------------------------------------------------------
Waiting to receive partition information from master !
Process 31 computing itegral over my_a = 47.500000, my_b= 47.750000
Called SetLoopLookahead: init: 0, final: 100000000, step: 1, loopDepth: 0, cumulative-num-iterations: 100000000, look-ahead-ns: 518518496
Avg-Compute-Communication-Ratio = 1744.370900
Process 31 contributed MY_TOTAL = -nan, my_a = 47.500000, my_b= 47.750000
Integral: 3 computed

------------------------------------------------------------------------------
Waiting to receive partition information from master !
Process 31 computing itegral over my_a = 57.500000, my_b= 57.750000
Called SetLoopLookahead: init: 0, final: 100000000, step: 1, loopDepth: 0, cumulative-num-iterations: 100000000, look-ahead-ns: 518518496
Avg-Compute-Communication-Ratio = 1806.670383
Process 31 contributed MY_TOTAL = -nan, my_a = 57.500000, my_b= 57.750000
Integral: 4 computed

------------------------------------------------------------------------------
Waiting to receive partition information from master !
Process 31 computing itegral over my_a = 67.500000, my_b= 67.750000
Called SetLoopLookahead: init: 0, final: 100000000, step: 1, loopDepth: 0, cumulative-num-iterations: 100000000, look-ahead-ns: 518518496
Avg-Compute-Communication-Ratio = 1858.474910
Process 31 contributed MY_TOTAL = -nan, my_a = 67.500000, my_b= 67.750000
Integral: 5 computed

------------------------------------------------------------------------------
Waiting to receive partition information from master !
Process 31 computing itegral over my_a = 77.500000, my_b= 77.750000
Called SetLoopLookahead: init: 0, final: 100000000, step: 1, loopDepth: 0, cumulative-num-iterations: 100000000, look-ahead-ns: 518518496
Avg-Compute-Communication-Ratio = 1896.343783
Process 31 contributed MY_TOTAL = -nan, my_a = 77.500000, my_b= 77.750000
Integral: 6 computed

------------------------------------------------------------------------------
Waiting to receive partition information from master !
Process 31 computing itegral over my_a = 87.500000, my_b= 87.750000
Called SetLoopLookahead: init: 0, final: 100000000, step: 1, loopDepth: 0, cumulative-num-iterations: 100000000, look-ahead-ns: 518518496
Avg-Compute-Communication-Ratio = 1917.761442
Process 31 contributed MY_TOTAL = -nan, my_a = 87.500000, my_b= 87.750000
Integral: 7 computed

------------------------------------------------------------------------------
Waiting to receive partition information from master !
Process 31 computing itegral over my_a = 97.500000, my_b= 97.750000
Called SetLoopLookahead: init: 0, final: 100000000, step: 1, loopDepth: 0, cumulative-num-iterations: 100000000, look-ahead-ns: 518518496
Avg-Compute-Communication-Ratio = 1940.387942
Process 31 contributed MY_TOTAL = -nan, my_a = 97.500000, my_b= 97.750000
Integral: 8 computed

------------------------------------------------------------------------------
Waiting to receive partition information from master !
Process 31 computing itegral over my_a = 107.500000, my_b= 107.750000
Called SetLoopLookahead: init: 0, final: 100000000, step: 1, loopDepth: 0, cumulative-num-iterations: 100000000, look-ahead-ns: 518518496
Avg-Compute-Communication-Ratio = 1961.099849
Process 31 contributed MY_TOTAL = -nan, my_a = 107.500000, my_b= 107.750000
Integral: 9 computed

------------------------------------------------------------------------------
Waiting to receive partition information from master !
Process 31 computing itegral over my_a = 117.500000, my_b= 117.750000
Called SetLoopLookahead: init: 0, final: 100000000, step: 1, loopDepth: 0, cumulative-num-iterations: 100000000, look-ahead-ns: 518518496
Avg-Compute-Communication-Ratio = 1977.006239
Process 31 contributed MY_TOTAL = -nan, my_a = 117.500000, my_b= 117.750000
Integral: 10 computed

------------------------------------------------------------------------------
Waiting to receive partition information from master !
Process 31 computing itegral over my_a = 127.500000, my_b= 127.750000
Called SetLoopLookahead: init: 0, final: 100000000, step: 1, loopDepth: 0, cumulative-num-iterations: 100000000, look-ahead-ns: 518518496
Avg-Compute-Communication-Ratio = 1993.010570
Process 31 contributed MY_TOTAL = -nan, my_a = 127.500000, my_b= 127.750000
Integral: 11 computed

------------------------------------------------------------------------------
Waiting to receive partition information from master !
Process 31 computing itegral over my_a = 137.500000, my_b= 137.750000
Called SetLoopLookahead: init: 0, final: 100000000, step: 1, loopDepth: 0, cumulative-num-iterations: 100000000, look-ahead-ns: 518518496
Avg-Compute-Communication-Ratio = 2001.393705
Process 31 contributed MY_TOTAL = -nan, my_a = 137.500000, my_b= 137.750000
Integral: 12 computed

------------------------------------------------------------------------------
Waiting to receive partition information from master !
Process 31 computing itegral over my_a = 147.500000, my_b= 147.750000
Called SetLoopLookahead: init: 0, final: 100000000, step: 1, loopDepth: 0, cumulative-num-iterations: 100000000, look-ahead-ns: 518518496
Avg-Compute-Communication-Ratio = 2009.191531
Process 31 contributed MY_TOTAL = -nan, my_a = 147.500000, my_b= 147.750000
Integral: 13 computed

------------------------------------------------------------------------------
Waiting to receive partition information from master !
Process 31 computing itegral over my_a = 157.500000, my_b= 157.750000
Called SetLoopLookahead: init: 0, final: 100000000, step: 1, loopDepth: 0, cumulative-num-iterations: 100000000, look-ahead-ns: 518518496
Avg-Compute-Communication-Ratio = 2019.139148
Process 31 contributed MY_TOTAL = -nan, my_a = 157.500000, my_b= 157.750000
Integral: 14 computed

------------------------------------------------------------------------------
Waiting to receive partition information from master !
Process 31 computing itegral over my_a = 167.500000, my_b= 167.750000
Called SetLoopLookahead: init: 0, final: 100000000, step: 1, loopDepth: 0, cumulative-num-iterations: 100000000, look-ahead-ns: 518518496
Avg-Compute-Communication-Ratio = 2028.420538
Process 31 contributed MY_TOTAL = -nan, my_a = 167.500000, my_b= 167.750000
Integral: 15 computed

------------------------------------------------------------------------------
Waiting to receive partition information from master !
Process 31 computing itegral over my_a = 177.500000, my_b= 177.750000
Called SetLoopLookahead: init: 0, final: 100000000, step: 1, loopDepth: 0, cumulative-num-iterations: 100000000, look-ahead-ns: 518518496
Avg-Compute-Communication-Ratio = 2032.923201
Process 31 contributed MY_TOTAL = -nan, my_a = 177.500000, my_b= 177.750000
Integral: 16 computed

------------------------------------------------------------------------------
Waiting to receive partition information from master !
Process 31 computing itegral over my_a = 187.500000, my_b= 187.750000
Called SetLoopLookahead: init: 0, final: 100000000, step: 1, loopDepth: 0, cumulative-num-iterations: 100000000, look-ahead-ns: 518518496
Avg-Compute-Communication-Ratio = 2042.738017
Process 31 contributed MY_TOTAL = -nan, my_a = 187.500000, my_b= 187.750000
Integral: 17 computed

------------------------------------------------------------------------------
Waiting to receive partition information from master !
Process 31 computing itegral over my_a = 197.500000, my_b= 197.750000
Called SetLoopLookahead: init: 0, final: 100000000, step: 1, loopDepth: 0, cumulative-num-iterations: 100000000, look-ahead-ns: 518518496
Avg-Compute-Communication-Ratio = 2047.762419
Process 31 contributed MY_TOTAL = -nan, my_a = 197.500000, my_b= 197.750000
Integral: 18 computed

------------------------------------------------------------------------------
Waiting to receive partition information from master !
Process 31 computing itegral over my_a = 207.500000, my_b= 207.750000
Called SetLoopLookahead: init: 0, final: 100000000, step: 1, loopDepth: 0, cumulative-num-iterations: 100000000, look-ahead-ns: 518518496
Avg-Compute-Communication-Ratio = 2053.524752
Process 31 contributed MY_TOTAL = -nan, my_a = 207.500000, my_b= 207.750000
Integral: 19 computed

------------------------------------------------------------------------------
Waiting to receive partition information from master !
Process 31 computing itegral over my_a = 217.500000, my_b= 217.750000
Called SetLoopLookahead: init: 0, final: 100000000, step: 1, loopDepth: 0, cumulative-num-iterations: 100000000, look-ahead-ns: 518518496
Avg-Compute-Communication-Ratio = 2058.766307
Process 31 contributed MY_TOTAL = -nan, my_a = 217.500000, my_b= 217.750000
Integral: 20 computed

------------------------------------------------------------------------------
Waiting to receive partition information from master !
Process 31 computing itegral over my_a = 227.500000, my_b= 227.750000
Called SetLoopLookahead: init: 0, final: 100000000, step: 1, loopDepth: 0, cumulative-num-iterations: 100000000, look-ahead-ns: 518518496
Avg-Compute-Communication-Ratio = 2061.317311
Process 31 contributed MY_TOTAL = -nan, my_a = 227.500000, my_b= 227.750000
Integral: 21 computed

------------------------------------------------------------------------------
Waiting to receive partition information from master !
Process 31 computing itegral over my_a = 237.500000, my_b= 237.750000
Called SetLoopLookahead: init: 0, final: 100000000, step: 1, loopDepth: 0, cumulative-num-iterations: 100000000, look-ahead-ns: 518518496
Avg-Compute-Communication-Ratio = 2062.938073
Process 31 contributed MY_TOTAL = -nan, my_a = 237.500000, my_b= 237.750000
Integral: 22 computed

------------------------------------------------------------------------------
Waiting to receive partition information from master !
Process 31 computing itegral over my_a = 247.500000, my_b= 247.750000
Called SetLoopLookahead: init: 0, final: 100000000, step: 1, loopDepth: 0, cumulative-num-iterations: 100000000, look-ahead-ns: 518518496
Avg-Compute-Communication-Ratio = 2068.543883
Process 31 contributed MY_TOTAL = -nan, my_a = 247.500000, my_b= 247.750000
Integral: 23 computed

------------------------------------------------------------------------------
Waiting to receive partition information from master !
Process 31 computing itegral over my_a = 257.500000, my_b= 257.750000
Called SetLoopLookahead: init: 0, final: 100000000, step: 1, loopDepth: 0, cumulative-num-iterations: 100000000, look-ahead-ns: 518518496
Avg-Compute-Communication-Ratio = 2071.739652
Process 31 contributed MY_TOTAL = -nan, my_a = 257.500000, my_b= 257.750000
Integral: 24 computed

------------------------------------------------------------------------------
Waiting to receive partition information from master !
Process 31 computing itegral over my_a = 267.500000, my_b= 267.750000
Called SetLoopLookahead: init: 0, final: 100000000, step: 1, loopDepth: 0, cumulative-num-iterations: 100000000, look-ahead-ns: 518518496
Avg-Compute-Communication-Ratio = 2075.337131
Process 31 contributed MY_TOTAL = -nan, my_a = 267.500000, my_b= 267.750000
Integral: 25 computed

------------------------------------------------------------------------------
Waiting to receive partition information from master !
Process 31 computing itegral over my_a = 277.500000, my_b= 277.750000
Called SetLoopLookahead: init: 0, final: 100000000, step: 1, loopDepth: 0, cumulative-num-iterations: 100000000, look-ahead-ns: 518518496
Avg-Compute-Communication-Ratio = 2083.319196
Process 31 contributed MY_TOTAL = -nan, my_a = 277.500000, my_b= 277.750000
Integral: 26 computed

------------------------------------------------------------------------------
Waiting to receive partition information from master !
Process 31 computing itegral over my_a = 287.500000, my_b= 287.750000
Called SetLoopLookahead: init: 0, final: 100000000, step: 1, loopDepth: 0, cumulative-num-iterations: 100000000, look-ahead-ns: 518518496
Avg-Compute-Communication-Ratio = 2082.090922
Process 31 contributed MY_TOTAL = -nan, my_a = 287.500000, my_b= 287.750000
Integral: 27 computed

------------------------------------------------------------------------------
Waiting to receive partition information from master !
Process 31 computing itegral over my_a = 297.500000, my_b= 297.750000
Called SetLoopLookahead: init: 0, final: 100000000, step: 1, loopDepth: 0, cumulative-num-iterations: 100000000, look-ahead-ns: 518518496
Avg-Compute-Communication-Ratio = 2083.255057
Process 31 contributed MY_TOTAL = -nan, my_a = 297.500000, my_b= 297.750000
Integral: 28 computed

------------------------------------------------------------------------------
Waiting to receive partition information from master !
Process 31 computing itegral over my_a = 307.500000, my_b= 307.750000
Called SetLoopLookahead: init: 0, final: 100000000, step: 1, loopDepth: 0, cumulative-num-iterations: 100000000, look-ahead-ns: 518518496
Avg-Compute-Communication-Ratio = 2085.460517
Process 31 contributed MY_TOTAL = -nan, my_a = 307.500000, my_b= 307.750000
Integral: 29 computed

------------------------------------------------------------------------------
Waiting to receive partition information from master !
Process 31 computing itegral over my_a = 317.500000, my_b= 317.750000
Called SetLoopLookahead: init: 0, final: 100000000, step: 1, loopDepth: 0, cumulative-num-iterations: 100000000, look-ahead-ns: 518518496
Avg-Compute-Communication-Ratio = 2085.902543
Process 31 contributed MY_TOTAL = -nan, my_a = 317.500000, my_b= 317.750000
Integral: 30 computed

------------------------------------------------------------------------------
Waiting to receive partition information from master !
Process 31 computing itegral over my_a = 327.500000, my_b= 327.750000
Called SetLoopLookahead: init: 0, final: 100000000, step: 1, loopDepth: 0, cumulative-num-iterations: 100000000, look-ahead-ns: 518518496
Avg-Compute-Communication-Ratio = 2089.469840
Process 31 contributed MY_TOTAL = -nan, my_a = 327.500000, my_b= 327.750000
Integral: 31 computed

------------------------------------------------------------------------------
Waiting to receive partition information from master !
Process 31 computing itegral over my_a = 337.500000, my_b= 337.750000
Called SetLoopLookahead: init: 0, final: 100000000, step: 1, loopDepth: 0, cumulative-num-iterations: 100000000, look-ahead-ns: 518518496
Avg-Compute-Communication-Ratio = 2091.808680
Process 31 contributed MY_TOTAL = -nan, my_a = 337.500000, my_b= 337.750000
Integral: 32 computed

------------------------------------------------------------------------------
Waiting to receive partition information from master !
Process 31 computing itegral over my_a = 347.500000, my_b= 347.750000
Called SetLoopLookahead: init: 0, final: 100000000, step: 1, loopDepth: 0, cumulative-num-iterations: 100000000, look-ahead-ns: 518518496
Avg-Compute-Communication-Ratio = 2094.014729
Process 31 contributed MY_TOTAL = -nan, my_a = 347.500000, my_b= 347.750000
Integral: 33 computed

------------------------------------------------------------------------------
Waiting to receive partition information from master !
Process 31 computing itegral over my_a = 357.500000, my_b= 357.750000
Called SetLoopLookahead: init: 0, final: 100000000, step: 1, loopDepth: 0, cumulative-num-iterations: 100000000, look-ahead-ns: 518518496
Avg-Compute-Communication-Ratio = 2094.647391
Process 31 contributed MY_TOTAL = -nan, my_a = 357.500000, my_b= 357.750000
Integral: 34 computed

------------------------------------------------------------------------------
Waiting to receive partition information from master !
Process 31 computing itegral over my_a = 367.500000, my_b= 367.750000
Called SetLoopLookahead: init: 0, final: 100000000, step: 1, loopDepth: 0, cumulative-num-iterations: 100000000, look-ahead-ns: 518518496
Avg-Compute-Communication-Ratio = 2096.186412
Process 31 contributed MY_TOTAL = -nan, my_a = 367.500000, my_b= 367.750000
Integral: 35 computed

------------------------------------------------------------------------------
Waiting to receive partition information from master !
Process 31 computing itegral over my_a = 377.500000, my_b= 377.750000
Called SetLoopLookahead: init: 0, final: 100000000, step: 1, loopDepth: 0, cumulative-num-iterations: 100000000, look-ahead-ns: 518518496
Avg-Compute-Communication-Ratio = 2099.021444
Process 31 contributed MY_TOTAL = -nan, my_a = 377.500000, my_b= 377.750000
Integral: 36 computed

------------------------------------------------------------------------------
Waiting to receive partition information from master !
Process 31 computing itegral over my_a = 387.500000, my_b= 387.750000
Called SetLoopLookahead: init: 0, final: 100000000, step: 1, loopDepth: 0, cumulative-num-iterations: 100000000, look-ahead-ns: 518518496
Avg-Compute-Communication-Ratio = 2099.698529
Process 31 contributed MY_TOTAL = -nan, my_a = 387.500000, my_b= 387.750000
Integral: 37 computed

------------------------------------------------------------------------------
Waiting to receive partition information from master !
Process 31 computing itegral over my_a = 397.500000, my_b= 397.750000
Called SetLoopLookahead: init: 0, final: 100000000, step: 1, loopDepth: 0, cumulative-num-iterations: 100000000, look-ahead-ns: 518518496
Exp finishing. Stopping stack thread with id: 6!

------------------------- ACTUAL STDOUT FROM EXECUTABLE ENDED -----------------------------

Process: 6 exiting VT experiment !
Main thread exiting. PID = 6
