Attempting to set static arp entries ...
Tracer: 4 >> Using SRC IP: 10.1.37.62 for any spawned virtual tcp-stacks
Tracer: 4 >> Updating firewall rules to drop outgoing TCP-RST packets
Attempting to set firewall rules ...
Tracer: 4 >> CMD TO RUN: /home/vignesh/VT-S3FNet/csudp/mpi_norm/mpi_norm 3 21 10.1.37.62 > /home/vignesh/VT-S3FNet/experiment-data/MPI_LA_Enabled_nemus_21_mpi_norm/worker3.log
args[0] = /home/vignesh/VT-S3FNet/csudp/mpi_norm/mpi_norm
args[1] = 3
args[2] = 21
args[3] = 10.1.37.62
Setting appropriate environment variables ...
HOME DIRECTORY : /home/vignesh
Parsing TTN config file: /home/vignesh/.ttn/projects.db
Setting VT_L1_INS_CACHE_MISS_CYCLES to: 100
Setting VT_L1_INS_CACHE_LINES to: 64
Setting VT_L1_INS_CACHE_SIZE_KB to: 32
Setting VT_L1_INS_CACHE_ASSOC to: 8
Setting VT_L1_INS_CACHE_REPLACEMENT_POLICY to: LRU
Setting VT_L1_DATA_CACHE_MISS_CYCLES to: 100
Setting VT_L1_DATA_CACHE_LINES to: 64
Setting VT_L1_DATA_CACHE_SIZE_KB to: 32
Setting VT_L1_DATA_CACHE_ASSOC to: 8
Setting VT_L1_DATA_CACHE_REPLACEMENT_POLICY to: LRU
Setting VT_CPU_CYLES_NS to: 2.700000
Setting VT_NIC_SPEED_MBPS to: 1000.000000
Setting VT_TIMING_MODEL to: EMPIRICAL
Setting VT_BBL_LOOKAHEAD_FILE to: /home/vignesh/VT-S3FNet/csudp/mpi_norm/.ttn/lookahead/bbl_lookahead.info
Setting VT_LOOP_LOOKAHEAD_FILE to: /home/vignesh/VT-S3FNet/csudp/mpi_norm/.ttn/lookahead/loop_lookahead.info
Starting command: /home/vignesh/VT-S3FNet/csudp/mpi_norm/mpi_norm
Loading orig functions !
Starting executable with Pid = 6
Loading pointers to VTL Logic functions
Loaded pointers to all VTL Logic functions
Now Initializing VT-Management 
Extracting env variables !
Extracted tracer-id: 4
Extracted exp-type: 2
Extracted cpu-cycles-ns: 2.700000
Extracted socket-layer-ip: 1042612490
Starting VT-initialization !
Tracer-ID: 4, Timeline-ID: 4
Tracer registration for EXP_CS complete. TimelineID = 4, Return = 4
Tracer Adding to SQ. Tracer ID = 4
Parsing any provided lookahead information ...
Opening file: /home/vignesh/VT-S3FNet/csudp/mpi_norm/.ttn/lookahead/bbl_lookahead.info
File size: 360
mapped memblock size: 360
Finish offset: 41, Number of values: 41
Returning success !
Loaded BBL lookaheads for 41 basic blocks ...
Opening file: /home/vignesh/VT-S3FNet/csudp/mpi_norm/.ttn/lookahead/loop_lookahead.info
File size: 128
mapped memblock size: 128
Finish offset: 12, Number of values: 12
Returning success !
Loaded Loop lookaheads for 12 loops ...
VT initialization successfull !
Finished Initializing VT-Management 
Initializing TCP-stack ...
TCP stack unique-id: 46
Starting virtual socket layer stack-thread !
Pthread_create: vtStackThread special case
Successfully initialized VTL-Logic embedded into the executable

------------------------- ACTUAL STDOUT FROM EXECUTABLE STARTS -----------------------------

Rank = 3, Total = 21, IP = 10.1.37.62
Adding new vt-tcp-socket !
Creating vt-tcp socket !
bind through vt-tcp !
Server socket bound to ip:port: 10.1.37.62:10000
Waiting for OK message from other nodes !
Waiting for OK message !
listen through vt-tcp !
Accept through vt-tcp !
Successfully received OK message !

---------------- Waiting for higher ranked nodes to connect --------------
listen through vt-tcp !
Accepting connection from higher ranked node: 20
Accept through vt-tcp !
Accepted connection from higher ranked node: 20
Successfully connected with higher ranked node: 20
Accepting connection from higher ranked node: 19
Accept through vt-tcp !
Accepted connection from higher ranked node: 19
Successfully connected with higher ranked node: 19
Accepting connection from higher ranked node: 18
Accept through vt-tcp !
Accepted connection from higher ranked node: 18
Successfully connected with higher ranked node: 18
Accepting connection from higher ranked node: 17
Accept through vt-tcp !
Accepted connection from higher ranked node: 17
Successfully connected with higher ranked node: 17
Accepting connection from higher ranked node: 16
Accept through vt-tcp !
Accepted connection from higher ranked node: 16
Successfully connected with higher ranked node: 16
Accepting connection from higher ranked node: 15
Accept through vt-tcp !
Accepted connection from higher ranked node: 15
Successfully connected with higher ranked node: 15
Accepting connection from higher ranked node: 14
Accept through vt-tcp !
Accepted connection from higher ranked node: 14
Successfully connected with higher ranked node: 14
Accepting connection from higher ranked node: 13
Accept through vt-tcp !
Accepted connection from higher ranked node: 13
Successfully connected with higher ranked node: 13
Accepting connection from higher ranked node: 12
Accept through vt-tcp !
Accepted connection from higher ranked node: 12
Successfully connected with higher ranked node: 12
Accepting connection from higher ranked node: 11
Accept through vt-tcp !
Accepted connection from higher ranked node: 11
Successfully connected with higher ranked node: 11
Accepting connection from higher ranked node: 10
Accept through vt-tcp !
Accepted connection from higher ranked node: 10
Successfully connected with higher ranked node: 10
Accepting connection from higher ranked node: 9
Accept through vt-tcp !
Accepted connection from higher ranked node: 9
Successfully connected with higher ranked node: 9
Accepting connection from higher ranked node: 8
Accept through vt-tcp !
Accepted connection from higher ranked node: 8
Successfully connected with higher ranked node: 8
Accepting connection from higher ranked node: 7
Accept through vt-tcp !
Accepted connection from higher ranked node: 7
Successfully connected with higher ranked node: 7
Accepting connection from higher ranked node: 6
Accept through vt-tcp !
Accepted connection from higher ranked node: 6
Successfully connected with higher ranked node: 6
Accepting connection from higher ranked node: 5
Accept through vt-tcp !
Accepted connection from higher ranked node: 5
Successfully connected with higher ranked node: 5
Accepting connection from higher ranked node: 4
Accept through vt-tcp !
Accepted connection from higher ranked node: 4
Successfully connected with higher ranked node: 4
Closing server socket: 4097
Clearing all tcp timers !
TCP-done for socket: 4097, err: -103

---------------- Connecting to lowed ranked nodes ! --------------
Adding new vt-tcp-socket !
Creating vt-tcp socket !
Connecting to lower ranked node: 2 at 10.1.37.66:10000
Connecting .. Socket: 4116, src-port: 40001
Socket: 4097 garbage collection
Freeing socket: 4097
Waking up connected socket !
Socket connect success. socket = 4116
Connecting through vt-tcp success !
Successfully connected to lower ranked node: 2 at 10.1.37.66:10000
Adding new vt-tcp-socket !
Creating vt-tcp socket !
Connecting to lower ranked node: 1 at 10.1.37.70:10000
Connecting .. Socket: 4117, src-port: 40002
Waking up connected socket !
Socket connect success. socket = 4117
Connecting through vt-tcp success !
Successfully connected to lower ranked node: 1 at 10.1.37.70:10000
Adding new vt-tcp-socket !
Creating vt-tcp socket !
Connecting to lower ranked node: 0 at 10.1.37.74:10000
Connecting .. Socket: 4118, src-port: 40003
Waking up connected socket !
Socket connect success. socket = 4118
Connecting through vt-tcp success !
Successfully connected to lower ranked node: 0 at 10.1.37.74:10000

---------------- Creating listen Thread ! --------------

---------------- MPI-Init success ! --------------
Adding new Thread: 8
Resuming new Thread with Burst of length: 5400
Received matrix-A partition size: 100 from master !

******************************************************
Received vector X from master 
Called SetLoopLookahead: init: 0, final: 16000, step: 8, loopDepth: 1, cumulative-num-iterations: 200000, look-ahead-ns: 370370
Called SetLoopLookahead: init: 0, final: 100, step: 1, loopDepth: 1, cumulative-num-iterations: 200000, look-ahead-ns: 1185185
Called SetLoopLookahead: init: 0, final: 2000, step: 1, loopDepth: 2, cumulative-num-iterations: 400000000, look-ahead-ns: 888888896
Called SetLoopLookahead: init: 0, final: 2000, step: 1, loopDepth: 1, cumulative-num-iterations: 200000, look-ahead-ns: 370370
Sending offset = 200 to master !
Sending rows = 100 to master !
Sending all rows to master!
Sent results to master 
MSG: 0 Done.
Avg-Compute-Communication-Ratio = 314.865896

******************************************************
Received vector X from master 
Called SetLoopLookahead: init: 0, final: 16000, step: 8, loopDepth: 1, cumulative-num-iterations: 200000, look-ahead-ns: 370370
Called SetLoopLookahead: init: 0, final: 100, step: 1, loopDepth: 1, cumulative-num-iterations: 200000, look-ahead-ns: 1185185
Called SetLoopLookahead: init: 0, final: 2000, step: 1, loopDepth: 2, cumulative-num-iterations: 400000000, look-ahead-ns: 888888896
Before rcv-wnd: seq: 1, rcv_nxt: 5
Before rcv-wnd: seq: 1, rcv_nxt: 5
Before rcv-wnd: seq: 1, rcv_nxt: 5
Before rcv-wnd: seq: 1, rcv_nxt: 5
Before rcv-wnd: seq: 1, rcv_nxt: 5
Called SetLoopLookahead: init: 0, final: 2000, step: 1, loopDepth: 1, cumulative-num-iterations: 200000, look-ahead-ns: 370370
Sending offset = 200 to master !
Sending rows = 100 to master !
Sending all rows to master!
Sent results to master 
MSG: 1 Done.
Avg-Compute-Communication-Ratio = 221.628219

******************************************************
Received vector X from master 
Called SetLoopLookahead: init: 0, final: 16000, step: 8, loopDepth: 1, cumulative-num-iterations: 200000, look-ahead-ns: 370370
Called SetLoopLookahead: init: 0, final: 100, step: 1, loopDepth: 1, cumulative-num-iterations: 200000, look-ahead-ns: 1185185
Called SetLoopLookahead: init: 0, final: 2000, step: 1, loopDepth: 2, cumulative-num-iterations: 400000000, look-ahead-ns: 888888896
Called SetLoopLookahead: init: 0, final: 2000, step: 1, loopDepth: 1, cumulative-num-iterations: 200000, look-ahead-ns: 370370
Sending offset = 200 to master !
Sending rows = 100 to master !
Sending all rows to master!
Sent results to master 
MSG: 2 Done.
Avg-Compute-Communication-Ratio = 230.440762

******************************************************
Received vector X from master 
Called SetLoopLookahead: init: 0, final: 16000, step: 8, loopDepth: 1, cumulative-num-iterations: 200000, look-ahead-ns: 370370
Called SetLoopLookahead: init: 0, final: 100, step: 1, loopDepth: 1, cumulative-num-iterations: 200000, look-ahead-ns: 1185185
Called SetLoopLookahead: init: 0, final: 2000, step: 1, loopDepth: 2, cumulative-num-iterations: 400000000, look-ahead-ns: 888888896
Called SetLoopLookahead: init: 0, final: 2000, step: 1, loopDepth: 1, cumulative-num-iterations: 200000, look-ahead-ns: 370370
Sending offset = 200 to master !
Sending rows = 100 to master !
Sending all rows to master!
Sent results to master 
MSG: 3 Done.
Avg-Compute-Communication-Ratio = 222.271952

******************************************************
Received vector X from master 
Called SetLoopLookahead: init: 0, final: 16000, step: 8, loopDepth: 1, cumulative-num-iterations: 200000, look-ahead-ns: 370370
Called SetLoopLookahead: init: 0, final: 100, step: 1, loopDepth: 1, cumulative-num-iterations: 200000, look-ahead-ns: 1185185
Called SetLoopLookahead: init: 0, final: 2000, step: 1, loopDepth: 2, cumulative-num-iterations: 400000000, look-ahead-ns: 888888896
Called SetLoopLookahead: init: 0, final: 2000, step: 1, loopDepth: 1, cumulative-num-iterations: 200000, look-ahead-ns: 370370
Sending offset = 200 to master !
Sending rows = 100 to master !
Sending all rows to master!
Sent results to master 
MSG: 4 Done.
Avg-Compute-Communication-Ratio = 214.640300

******************************************************
Received vector X from master 
Called SetLoopLookahead: init: 0, final: 16000, step: 8, loopDepth: 1, cumulative-num-iterations: 200000, look-ahead-ns: 370370
Called SetLoopLookahead: init: 0, final: 100, step: 1, loopDepth: 1, cumulative-num-iterations: 200000, look-ahead-ns: 1185185
Called SetLoopLookahead: init: 0, final: 2000, step: 1, loopDepth: 2, cumulative-num-iterations: 400000000, look-ahead-ns: 888888896
Called SetLoopLookahead: init: 0, final: 2000, step: 1, loopDepth: 1, cumulative-num-iterations: 200000, look-ahead-ns: 370370
Sending offset = 200 to master !
Sending rows = 100 to master !
Sending all rows to master!
Sent results to master 
MSG: 5 Done.
Avg-Compute-Communication-Ratio = 217.527133

******************************************************
Received vector X from master 
Called SetLoopLookahead: init: 0, final: 16000, step: 8, loopDepth: 1, cumulative-num-iterations: 200000, look-ahead-ns: 370370
Called SetLoopLookahead: init: 0, final: 100, step: 1, loopDepth: 1, cumulative-num-iterations: 200000, look-ahead-ns: 1185185
Called SetLoopLookahead: init: 0, final: 2000, step: 1, loopDepth: 2, cumulative-num-iterations: 400000000, look-ahead-ns: 888888896
Called SetLoopLookahead: init: 0, final: 2000, step: 1, loopDepth: 1, cumulative-num-iterations: 200000, look-ahead-ns: 370370
Sending offset = 200 to master !
Sending rows = 100 to master !
Sending all rows to master!
Sent results to master 
MSG: 6 Done.
Avg-Compute-Communication-Ratio = 214.942293

******************************************************
Received vector X from master 
Called SetLoopLookahead: init: 0, final: 16000, step: 8, loopDepth: 1, cumulative-num-iterations: 200000, look-ahead-ns: 370370
Called SetLoopLookahead: init: 0, final: 100, step: 1, loopDepth: 1, cumulative-num-iterations: 200000, look-ahead-ns: 1185185
Called SetLoopLookahead: init: 0, final: 2000, step: 1, loopDepth: 2, cumulative-num-iterations: 400000000, look-ahead-ns: 888888896
Called SetLoopLookahead: init: 0, final: 2000, step: 1, loopDepth: 1, cumulative-num-iterations: 200000, look-ahead-ns: 370370
Sending offset = 200 to master !
Sending rows = 100 to master !
Sending all rows to master!
Sent results to master 
MSG: 7 Done.
Avg-Compute-Communication-Ratio = 213.024696

******************************************************
Received vector X from master 
Called SetLoopLookahead: init: 0, final: 16000, step: 8, loopDepth: 1, cumulative-num-iterations: 200000, look-ahead-ns: 370370
Called SetLoopLookahead: init: 0, final: 100, step: 1, loopDepth: 1, cumulative-num-iterations: 200000, look-ahead-ns: 1185185
Called SetLoopLookahead: init: 0, final: 2000, step: 1, loopDepth: 2, cumulative-num-iterations: 400000000, look-ahead-ns: 888888896
Called SetLoopLookahead: init: 0, final: 2000, step: 1, loopDepth: 1, cumulative-num-iterations: 200000, look-ahead-ns: 370370
Sending offset = 200 to master !
Sending rows = 100 to master !
Sending all rows to master!
Sent results to master 
MSG: 8 Done.
Avg-Compute-Communication-Ratio = 211.612064

******************************************************
Received vector X from master 
Called SetLoopLookahead: init: 0, final: 16000, step: 8, loopDepth: 1, cumulative-num-iterations: 200000, look-ahead-ns: 370370
Called SetLoopLookahead: init: 0, final: 100, step: 1, loopDepth: 1, cumulative-num-iterations: 200000, look-ahead-ns: 1185185
Called SetLoopLookahead: init: 0, final: 2000, step: 1, loopDepth: 2, cumulative-num-iterations: 400000000, look-ahead-ns: 888888896
Called SetLoopLookahead: init: 0, final: 2000, step: 1, loopDepth: 1, cumulative-num-iterations: 200000, look-ahead-ns: 370370
Sending offset = 200 to master !
Sending rows = 100 to master !
Sending all rows to master!
Sent results to master 
MSG: 9 Done.
Avg-Compute-Communication-Ratio = 209.959678

******************************************************
Received vector X from master 
Called SetLoopLookahead: init: 0, final: 16000, step: 8, loopDepth: 1, cumulative-num-iterations: 200000, look-ahead-ns: 370370
Called SetLoopLookahead: init: 0, final: 100, step: 1, loopDepth: 1, cumulative-num-iterations: 200000, look-ahead-ns: 1185185
Called SetLoopLookahead: init: 0, final: 2000, step: 1, loopDepth: 2, cumulative-num-iterations: 400000000, look-ahead-ns: 888888896
Called SetLoopLookahead: init: 0, final: 2000, step: 1, loopDepth: 1, cumulative-num-iterations: 200000, look-ahead-ns: 370370
Sending offset = 200 to master !
Sending rows = 100 to master !
Sending all rows to master!
Sent results to master 
MSG: 10 Done.
Avg-Compute-Communication-Ratio = 209.041209

******************************************************
Received vector X from master 
Called SetLoopLookahead: init: 0, final: 16000, step: 8, loopDepth: 1, cumulative-num-iterations: 200000, look-ahead-ns: 370370
Called SetLoopLookahead: init: 0, final: 100, step: 1, loopDepth: 1, cumulative-num-iterations: 200000, look-ahead-ns: 1185185
Called SetLoopLookahead: init: 0, final: 2000, step: 1, loopDepth: 2, cumulative-num-iterations: 400000000, look-ahead-ns: 888888896
Called SetLoopLookahead: init: 0, final: 2000, step: 1, loopDepth: 1, cumulative-num-iterations: 200000, look-ahead-ns: 370370
Sending offset = 200 to master !
Sending rows = 100 to master !
Sending all rows to master!
Sent results to master 
MSG: 11 Done.
Avg-Compute-Communication-Ratio = 208.721050

******************************************************
Received vector X from master 
Called SetLoopLookahead: init: 0, final: 16000, step: 8, loopDepth: 1, cumulative-num-iterations: 200000, look-ahead-ns: 370370
Called SetLoopLookahead: init: 0, final: 100, step: 1, loopDepth: 1, cumulative-num-iterations: 200000, look-ahead-ns: 1185185
Called SetLoopLookahead: init: 0, final: 2000, step: 1, loopDepth: 2, cumulative-num-iterations: 400000000, look-ahead-ns: 888888896
Called SetLoopLookahead: init: 0, final: 2000, step: 1, loopDepth: 1, cumulative-num-iterations: 200000, look-ahead-ns: 370370
Sending offset = 200 to master !
Sending rows = 100 to master !
Sending all rows to master!
Sent results to master 
MSG: 12 Done.
Avg-Compute-Communication-Ratio = 207.669604

******************************************************
Received vector X from master 
Called SetLoopLookahead: init: 0, final: 16000, step: 8, loopDepth: 1, cumulative-num-iterations: 200000, look-ahead-ns: 370370
Called SetLoopLookahead: init: 0, final: 100, step: 1, loopDepth: 1, cumulative-num-iterations: 200000, look-ahead-ns: 1185185
Called SetLoopLookahead: init: 0, final: 2000, step: 1, loopDepth: 2, cumulative-num-iterations: 400000000, look-ahead-ns: 888888896
Called SetLoopLookahead: init: 0, final: 2000, step: 1, loopDepth: 1, cumulative-num-iterations: 200000, look-ahead-ns: 370370
Sending offset = 200 to master !
Sending rows = 100 to master !
Sending all rows to master!
Sent results to master 
MSG: 13 Done.
Avg-Compute-Communication-Ratio = 207.393285

******************************************************
Received vector X from master 
Called SetLoopLookahead: init: 0, final: 16000, step: 8, loopDepth: 1, cumulative-num-iterations: 200000, look-ahead-ns: 370370
Called SetLoopLookahead: init: 0, final: 100, step: 1, loopDepth: 1, cumulative-num-iterations: 200000, look-ahead-ns: 1185185
Called SetLoopLookahead: init: 0, final: 2000, step: 1, loopDepth: 2, cumulative-num-iterations: 400000000, look-ahead-ns: 888888896
Called SetLoopLookahead: init: 0, final: 2000, step: 1, loopDepth: 1, cumulative-num-iterations: 200000, look-ahead-ns: 370370
Sending offset = 200 to master !
Sending rows = 100 to master !
Sending all rows to master!
Sent results to master 
MSG: 14 Done.
Avg-Compute-Communication-Ratio = 206.950996

******************************************************
Received vector X from master 
Called SetLoopLookahead: init: 0, final: 16000, step: 8, loopDepth: 1, cumulative-num-iterations: 200000, look-ahead-ns: 370370
Called SetLoopLookahead: init: 0, final: 100, step: 1, loopDepth: 1, cumulative-num-iterations: 200000, look-ahead-ns: 1185185
Called SetLoopLookahead: init: 0, final: 2000, step: 1, loopDepth: 2, cumulative-num-iterations: 400000000, look-ahead-ns: 888888896
Called SetLoopLookahead: init: 0, final: 2000, step: 1, loopDepth: 1, cumulative-num-iterations: 200000, look-ahead-ns: 370370
Sending offset = 200 to master !
Sending rows = 100 to master !
Sending all rows to master!
Sent results to master 
MSG: 15 Done.
Avg-Compute-Communication-Ratio = 206.639705

******************************************************
Received vector X from master 
Called SetLoopLookahead: init: 0, final: 16000, step: 8, loopDepth: 1, cumulative-num-iterations: 200000, look-ahead-ns: 370370
Called SetLoopLookahead: init: 0, final: 100, step: 1, loopDepth: 1, cumulative-num-iterations: 200000, look-ahead-ns: 1185185
Called SetLoopLookahead: init: 0, final: 2000, step: 1, loopDepth: 2, cumulative-num-iterations: 400000000, look-ahead-ns: 888888896
Called SetLoopLookahead: init: 0, final: 2000, step: 1, loopDepth: 1, cumulative-num-iterations: 200000, look-ahead-ns: 370370
Sending offset = 200 to master !
Sending rows = 100 to master !
Sending all rows to master!
Sent results to master 
MSG: 16 Done.
Avg-Compute-Communication-Ratio = 203.761016

******************************************************
Received vector X from master 
Called SetLoopLookahead: init: 0, final: 16000, step: 8, loopDepth: 1, cumulative-num-iterations: 200000, look-ahead-ns: 370370
Called SetLoopLookahead: init: 0, final: 100, step: 1, loopDepth: 1, cumulative-num-iterations: 200000, look-ahead-ns: 1185185
Called SetLoopLookahead: init: 0, final: 2000, step: 1, loopDepth: 2, cumulative-num-iterations: 400000000, look-ahead-ns: 888888896
Called SetLoopLookahead: init: 0, final: 2000, step: 1, loopDepth: 1, cumulative-num-iterations: 200000, look-ahead-ns: 370370
Sending offset = 200 to master !
Sending rows = 100 to master !
Sending all rows to master!
Sent results to master 
MSG: 17 Done.
Avg-Compute-Communication-Ratio = 205.839885

******************************************************
Received vector X from master 
Called SetLoopLookahead: init: 0, final: 16000, step: 8, loopDepth: 1, cumulative-num-iterations: 200000, look-ahead-ns: 370370
Called SetLoopLookahead: init: 0, final: 100, step: 1, loopDepth: 1, cumulative-num-iterations: 200000, look-ahead-ns: 1185185
Called SetLoopLookahead: init: 0, final: 2000, step: 1, loopDepth: 2, cumulative-num-iterations: 400000000, look-ahead-ns: 888888896
Called SetLoopLookahead: init: 0, final: 2000, step: 1, loopDepth: 1, cumulative-num-iterations: 200000, look-ahead-ns: 370370
Sending offset = 200 to master !
Sending rows = 100 to master !
Sending all rows to master!
Sent results to master 
MSG: 18 Done.
Avg-Compute-Communication-Ratio = 205.532154

******************************************************
Received vector X from master 
Called SetLoopLookahead: init: 0, final: 16000, step: 8, loopDepth: 1, cumulative-num-iterations: 200000, look-ahead-ns: 370370
Called SetLoopLookahead: init: 0, final: 100, step: 1, loopDepth: 1, cumulative-num-iterations: 200000, look-ahead-ns: 1185185
Called SetLoopLookahead: init: 0, final: 2000, step: 1, loopDepth: 2, cumulative-num-iterations: 400000000, look-ahead-ns: 888888896
Called SetLoopLookahead: init: 0, final: 2000, step: 1, loopDepth: 1, cumulative-num-iterations: 200000, look-ahead-ns: 370370
Sending offset = 200 to master !
Sending rows = 100 to master !
Sending all rows to master!
Sent results to master 
MSG: 19 Done.
Avg-Compute-Communication-Ratio = 205.241929

******************************************************
Received vector X from master 
Called SetLoopLookahead: init: 0, final: 16000, step: 8, loopDepth: 1, cumulative-num-iterations: 200000, look-ahead-ns: 370370
Called SetLoopLookahead: init: 0, final: 100, step: 1, loopDepth: 1, cumulative-num-iterations: 200000, look-ahead-ns: 1185185
Called SetLoopLookahead: init: 0, final: 2000, step: 1, loopDepth: 2, cumulative-num-iterations: 400000000, look-ahead-ns: 888888896
Called SetLoopLookahead: init: 0, final: 2000, step: 1, loopDepth: 1, cumulative-num-iterations: 200000, look-ahead-ns: 370370
Sending offset = 200 to master !
Sending rows = 100 to master !
Sending all rows to master!
Sent results to master 
MSG: 20 Done.
Avg-Compute-Communication-Ratio = 204.986735

******************************************************
Received vector X from master 
Called SetLoopLookahead: init: 0, final: 16000, step: 8, loopDepth: 1, cumulative-num-iterations: 200000, look-ahead-ns: 370370
Called SetLoopLookahead: init: 0, final: 100, step: 1, loopDepth: 1, cumulative-num-iterations: 200000, look-ahead-ns: 1185185
Called SetLoopLookahead: init: 0, final: 2000, step: 1, loopDepth: 2, cumulative-num-iterations: 400000000, look-ahead-ns: 888888896
Called SetLoopLookahead: init: 0, final: 2000, step: 1, loopDepth: 1, cumulative-num-iterations: 200000, look-ahead-ns: 370370
Sending offset = 200 to master !
Sending rows = 100 to master !
Sending all rows to master!
Sent results to master 
MSG: 21 Done.
Avg-Compute-Communication-Ratio = 204.748924

******************************************************
Received vector X from master 
Called SetLoopLookahead: init: 0, final: 16000, step: 8, loopDepth: 1, cumulative-num-iterations: 200000, look-ahead-ns: 370370
Called SetLoopLookahead: init: 0, final: 100, step: 1, loopDepth: 1, cumulative-num-iterations: 200000, look-ahead-ns: 1185185
Called SetLoopLookahead: init: 0, final: 2000, step: 1, loopDepth: 2, cumulative-num-iterations: 400000000, look-ahead-ns: 888888896
Exp finishing. Stopping stack thread with id: 6!

------------------------- ACTUAL STDOUT FROM EXECUTABLE ENDED -----------------------------

Process: 6 exiting VT experiment !
Main thread exiting. PID = 6
