Attempting to set static arp entries ...
Tracer: 10 >> Using SRC IP: 10.1.20.158 for any spawned virtual tcp-stacks
Tracer: 10 >> Updating firewall rules to drop outgoing TCP-RST packets
Attempting to set firewall rules ...
Tracer: 10 >> CMD TO RUN: /home/vignesh/VT-S3FNet/csudp/tcp_tgen/tgen client 30 10.1.21.14 7891 poisson 200000 8 > /home/vignesh/VT-S3FNet/experiment-data/TCP_LA_Enabled_nemus_40_poisson_mu_200000_txsize_8/client30.log
args[0] = /home/vignesh/VT-S3FNet/csudp/tcp_tgen/tgen
args[1] = client
args[2] = 30
args[3] = 10.1.21.14
args[4] = 7891
args[5] = poisson
args[6] = 200000
args[7] = 8
Setting appropriate environment variables ...
HOME DIRECTORY : /home/vignesh
Parsing TTN config file: /home/vignesh/.ttn/projects.db
Setting VT_L1_INS_CACHE_MISS_CYCLES to: 100
Setting VT_L1_INS_CACHE_LINES to: 64
Setting VT_L1_INS_CACHE_SIZE_KB to: 32
Setting VT_L1_INS_CACHE_ASSOC to: 8
Setting VT_L1_INS_CACHE_REPLACEMENT_POLICY to: LRU
Setting VT_L1_DATA_CACHE_MISS_CYCLES to: 100
Setting VT_L1_DATA_CACHE_LINES to: 64
Setting VT_L1_DATA_CACHE_SIZE_KB to: 32
Setting VT_L1_DATA_CACHE_ASSOC to: 8
Setting VT_L1_DATA_CACHE_REPLACEMENT_POLICY to: LRU
Setting VT_CPU_CYLES_NS to: 2.700000
Setting VT_NIC_SPEED_MBPS to: 1000.000000
Setting VT_TIMING_MODEL to: EMPIRICAL
Setting VT_BBL_LOOKAHEAD_FILE to: /home/vignesh/VT-S3FNet/csudp/tcp_tgen/.ttn/lookahead/bbl_lookahead.info
Setting VT_LOOP_LOOKAHEAD_FILE to: /home/vignesh/VT-S3FNet/csudp/tcp_tgen/.ttn/lookahead/loop_lookahead.info
Starting command: /home/vignesh/VT-S3FNet/csudp/tcp_tgen/tgen
Loading orig functions !
Starting executable with Pid = 6
Loading pointers to VTL Logic functions
Loaded pointers to all VTL Logic functions
Now Initializing VT-Management 
Extracting env variables !
Extracted tracer-id: 10
Extracted exp-type: 2
Extracted cpu-cycles-ns: 2.700000
Extracted socket-layer-ip: -1642856182
Starting VT-initialization !
Tracer-ID: 10, Timeline-ID: 10
Tracer registration for EXP_CS complete. TimelineID = 10, Return = 10
Tracer Adding to SQ. Tracer ID = 10
Parsing any provided lookahead information ...
Opening file: /home/vignesh/VT-S3FNet/csudp/tcp_tgen/.ttn/lookahead/bbl_lookahead.info
File size: 592
mapped memblock size: 592
Finish offset: 70, Number of values: 70
Returning success !
Loaded BBL lookaheads for 70 basic blocks ...
Opening file: /home/vignesh/VT-S3FNet/csudp/tcp_tgen/.ttn/lookahead/loop_lookahead.info
Failed to parse Loop Lookaheads. Ignoring ...
VT initialization successfull !
Finished Initializing VT-Management 
Initializing TCP-stack ...
TCP stack unique-id: 106
Starting virtual socket layer stack-thread !
Pthread_create: vtStackThread special case
Successfully initialized VTL-Logic embedded into the executable

------------------------- ACTUAL STDOUT FROM EXECUTABLE STARTS -----------------------------

Client: MyPid: 6
Adding new vt-tcp-socket !
Creating vt-tcp socket !
Client socket fd = 4097
setsockopt through vt-tcp !
setsockopt through vt-tcp !
Connecting to server ...
Connecting .. Socket: 4097, src-port: 40001
Waking up connected socket !
Socket connect success. socket = 4097
Connecting through vt-tcp success !
Sending data ...
Sending msgs of size: 1460 to server ...
Sent: 8 KB after: 0.710649 secs
Sent: 8 KB after: 0.290539 secs
Sent: 8 KB after: 0.163987 secs
Sent: 8 KB after: 0.105967 secs
Sent: 8 KB after: 0.820249 secs
Sent: 8 KB after: 0.427461 secs
Sent: 8 KB after: 0.055967 secs
Sent: 8 KB after: 0.056123 secs
Sent: 8 KB after: 0.086822 secs
Sent: 8 KB after: 0.118332 secs
Sent: 8 KB after: 0.127275 secs
Sent: 8 KB after: 0.196595 secs
Sent: 8 KB after: 0.140623 secs
Sent: 8 KB after: 0.119515 secs
Sent: 8 KB after: 0.168043 secs
Sent: 8 KB after: 0.228773 secs
Sent: 8 KB after: 0.245156 secs
Sent: 8 KB after: 0.658726 secs
Sent: 8 KB after: 0.115290 secs
Sent: 8 KB after: 0.185782 secs
Sent: 8 KB after: 0.023649 secs
Sent: 8 KB after: 0.240901 secs
Sent: 8 KB after: 0.116309 secs
Sent: 8 KB after: 0.292841 secs
Sent: 8 KB after: 0.304069 secs
Sent: 8 KB after: 0.054912 secs
Sent: 8 KB after: 0.032875 secs
Sent: 8 KB after: 0.034048 secs
Sent: 8 KB after: 0.261960 secs
Sent: 8 KB after: 0.219886 secs
Sent: 8 KB after: 0.049034 secs
Sent: 8 KB after: 0.241793 secs
Sent: 8 KB after: 0.113480 secs
Sent: 8 KB after: 0.300089 secs
Sent: 8 KB after: 0.023935 secs
Sent: 8 KB after: 0.107725 secs
Sent: 8 KB after: 0.215173 secs
Sent: 8 KB after: 0.088286 secs
Sent: 8 KB after: 0.216428 secs
Sent: 8 KB after: 0.002244 secs
Sent: 8 KB after: 0.325393 secs
Sent: 8 KB after: 0.028295 secs
Sent: 8 KB after: 0.202648 secs
Sent: 8 KB after: 0.073759 secs
Sent: 8 KB after: 0.174349 secs
Sent: 8 KB after: 0.045969 secs
Sent: 8 KB after: 0.918024 secs
Sent: 8 KB after: 0.068006 secs
Sent: 8 KB after: 0.036838 secs
Sent: 8 KB after: 0.111709 secs
Exp finishing. Stopping stack thread with id: 6!
VT-sleep-for exiting !

------------------------- ACTUAL STDOUT FROM EXECUTABLE ENDED -----------------------------

Process: 6 exiting VT experiment !
Main thread exiting. PID = 6
