Attempting to set static arp entries ...
Tracer: 25 >> Using SRC IP: 10.1.38.110 for any spawned virtual tcp-stacks
Tracer: 25 >> Updating firewall rules to drop outgoing TCP-RST packets
Attempting to set firewall rules ...
Tracer: 25 >> CMD TO RUN: /home/vignesh/VT-S3FNet/csudp/mpi_integral/mpi_int 24 81 10.1.38.110 > /home/vignesh/VT-S3FNet/experiment-data/MPI_LA_Enabled_nemus_81_mpi_int/worker24.log
args[0] = /home/vignesh/VT-S3FNet/csudp/mpi_integral/mpi_int
args[1] = 24
args[2] = 81
args[3] = 10.1.38.110
Setting appropriate environment variables ...
HOME DIRECTORY : /home/vignesh
Parsing TTN config file: /home/vignesh/.ttn/projects.db
Setting VT_L1_INS_CACHE_MISS_CYCLES to: 100
Setting VT_L1_INS_CACHE_LINES to: 64
Setting VT_L1_INS_CACHE_SIZE_KB to: 32
Setting VT_L1_INS_CACHE_ASSOC to: 8
Setting VT_L1_INS_CACHE_REPLACEMENT_POLICY to: LRU
Setting VT_L1_DATA_CACHE_MISS_CYCLES to: 100
Setting VT_L1_DATA_CACHE_LINES to: 64
Setting VT_L1_DATA_CACHE_SIZE_KB to: 32
Setting VT_L1_DATA_CACHE_ASSOC to: 8
Setting VT_L1_DATA_CACHE_REPLACEMENT_POLICY to: LRU
Setting VT_CPU_CYLES_NS to: 2.700000
Setting VT_NIC_SPEED_MBPS to: 1000.000000
Setting VT_TIMING_MODEL to: EMPIRICAL
Setting VT_BBL_LOOKAHEAD_FILE to: /home/vignesh/VT-S3FNet/csudp/mpi_integral/.ttn/lookahead/bbl_lookahead.info
Setting VT_LOOP_LOOKAHEAD_FILE to: /home/vignesh/VT-S3FNet/csudp/mpi_integral/.ttn/lookahead/loop_lookahead.info
Starting command: /home/vignesh/VT-S3FNet/csudp/mpi_integral/mpi_int
Loading orig functions !
Starting executable with Pid = 6
Loading pointers to VTL Logic functions
Loaded pointers to all VTL Logic functions
Now Initializing VT-Management 
Extracting env variables !
Extracted tracer-id: 25
Extracted exp-type: 2
Extracted cpu-cycles-ns: 2.700000
Extracted socket-layer-ip: 1847984394
Starting VT-initialization !
Tracer-ID: 25, Timeline-ID: 25
Tracer registration for EXP_CS complete. TimelineID = 25, Return = 25
Tracer Adding to SQ. Tracer ID = 25
Parsing any provided lookahead information ...
Opening file: /home/vignesh/VT-S3FNet/csudp/mpi_integral/.ttn/lookahead/bbl_lookahead.info
File size: 176
mapped memblock size: 176
Finish offset: 18, Number of values: 18
Returning success !
Loaded BBL lookaheads for 18 basic blocks ...
Opening file: /home/vignesh/VT-S3FNet/csudp/mpi_integral/.ttn/lookahead/loop_lookahead.info
File size: 40
mapped memblock size: 40
Finish offset: 1, Number of values: 1
Returning success !
Loaded Loop lookaheads for 1 loops ...
VT initialization successfull !
Finished Initializing VT-Management 
Initializing TCP-stack ...
TCP stack unique-id: 256
Starting virtual socket layer stack-thread !
Pthread_create: vtStackThread special case
Successfully initialized VTL-Logic embedded into the executable

------------------------- ACTUAL STDOUT FROM EXECUTABLE STARTS -----------------------------

Rank = 24, Total = 81, IP = 10.1.38.110
Adding new vt-tcp-socket !
Creating vt-tcp socket !
bind through vt-tcp !
Server socket bound to ip:port: 10.1.38.110:10000
Waiting for OK message from other nodes !
Waiting for OK message !
listen through vt-tcp !
Accept through vt-tcp !
Successfully received OK message !

---------------- Waiting for higher ranked nodes to connect --------------
listen through vt-tcp !
Accepting connection from higher ranked node: 80
Accept through vt-tcp !
Accepted connection from higher ranked node: 80
Successfully connected with higher ranked node: 80
Accepting connection from higher ranked node: 79
Accept through vt-tcp !
Accepted connection from higher ranked node: 79
Successfully connected with higher ranked node: 79
Accepting connection from higher ranked node: 78
Accept through vt-tcp !
Accepted connection from higher ranked node: 78
Successfully connected with higher ranked node: 78
Accepting connection from higher ranked node: 77
Accept through vt-tcp !
Accepted connection from higher ranked node: 77
Successfully connected with higher ranked node: 77
Accepting connection from higher ranked node: 76
Accept through vt-tcp !
Accepted connection from higher ranked node: 76
Successfully connected with higher ranked node: 76
Accepting connection from higher ranked node: 75
Accept through vt-tcp !
Accepted connection from higher ranked node: 75
Successfully connected with higher ranked node: 75
Accepting connection from higher ranked node: 74
Accept through vt-tcp !
Accepted connection from higher ranked node: 74
Successfully connected with higher ranked node: 74
Accepting connection from higher ranked node: 73
Accept through vt-tcp !
Accepted connection from higher ranked node: 73
Successfully connected with higher ranked node: 73
Accepting connection from higher ranked node: 72
Accept through vt-tcp !
Accepted connection from higher ranked node: 72
Successfully connected with higher ranked node: 72
Accepting connection from higher ranked node: 71
Accept through vt-tcp !
Accepted connection from higher ranked node: 71
Successfully connected with higher ranked node: 71
Accepting connection from higher ranked node: 70
Accept through vt-tcp !
Accepted connection from higher ranked node: 70
Successfully connected with higher ranked node: 70
Accepting connection from higher ranked node: 69
Accept through vt-tcp !
Accepted connection from higher ranked node: 69
Successfully connected with higher ranked node: 69
Accepting connection from higher ranked node: 68
Accept through vt-tcp !
Accepted connection from higher ranked node: 68
Successfully connected with higher ranked node: 68
Accepting connection from higher ranked node: 67
Accept through vt-tcp !
Accepted connection from higher ranked node: 67
Successfully connected with higher ranked node: 67
Accepting connection from higher ranked node: 66
Accept through vt-tcp !
Accepted connection from higher ranked node: 66
Successfully connected with higher ranked node: 66
Accepting connection from higher ranked node: 65
Accept through vt-tcp !
Accepted connection from higher ranked node: 65
Successfully connected with higher ranked node: 65
Accepting connection from higher ranked node: 64
Accept through vt-tcp !
Accepted connection from higher ranked node: 64
Successfully connected with higher ranked node: 64
Accepting connection from higher ranked node: 63
Accept through vt-tcp !
Accepted connection from higher ranked node: 63
Successfully connected with higher ranked node: 63
Accepting connection from higher ranked node: 62
Accept through vt-tcp !
Accepted connection from higher ranked node: 62
Successfully connected with higher ranked node: 62
Accepting connection from higher ranked node: 61
Accept through vt-tcp !
Accepted connection from higher ranked node: 61
Successfully connected with higher ranked node: 61
Accepting connection from higher ranked node: 60
Accept through vt-tcp !
Accepted connection from higher ranked node: 60
Successfully connected with higher ranked node: 60
Accepting connection from higher ranked node: 59
Accept through vt-tcp !
Accepted connection from higher ranked node: 59
Successfully connected with higher ranked node: 59
Accepting connection from higher ranked node: 58
Accept through vt-tcp !
Accepted connection from higher ranked node: 58
Successfully connected with higher ranked node: 58
Accepting connection from higher ranked node: 57
Accept through vt-tcp !
Accepted connection from higher ranked node: 57
Successfully connected with higher ranked node: 57
Accepting connection from higher ranked node: 56
Accept through vt-tcp !
Accepted connection from higher ranked node: 56
Successfully connected with higher ranked node: 56
Accepting connection from higher ranked node: 55
Accept through vt-tcp !
Accepted connection from higher ranked node: 55
Successfully connected with higher ranked node: 55
Accepting connection from higher ranked node: 54
Accept through vt-tcp !
Accepted connection from higher ranked node: 54
Successfully connected with higher ranked node: 54
Accepting connection from higher ranked node: 53
Accept through vt-tcp !
Accepted connection from higher ranked node: 53
Successfully connected with higher ranked node: 53
Accepting connection from higher ranked node: 52
Accept through vt-tcp !
Accepted connection from higher ranked node: 52
Successfully connected with higher ranked node: 52
Accepting connection from higher ranked node: 51
Accept through vt-tcp !
Accepted connection from higher ranked node: 51
Successfully connected with higher ranked node: 51
Accepting connection from higher ranked node: 50
Accept through vt-tcp !
Accepted connection from higher ranked node: 50
Successfully connected with higher ranked node: 50
Accepting connection from higher ranked node: 49
Accept through vt-tcp !
Accepted connection from higher ranked node: 49
Successfully connected with higher ranked node: 49
Accepting connection from higher ranked node: 48
Accept through vt-tcp !
Accepted connection from higher ranked node: 48
Successfully connected with higher ranked node: 48
Accepting connection from higher ranked node: 47
Accept through vt-tcp !
Accepted connection from higher ranked node: 47
Successfully connected with higher ranked node: 47
Accepting connection from higher ranked node: 46
Accept through vt-tcp !
Accepted connection from higher ranked node: 46
Successfully connected with higher ranked node: 46
Accepting connection from higher ranked node: 45
Accept through vt-tcp !
Accepted connection from higher ranked node: 45
Successfully connected with higher ranked node: 45
Accepting connection from higher ranked node: 44
Accept through vt-tcp !
Accepted connection from higher ranked node: 44
Successfully connected with higher ranked node: 44
Accepting connection from higher ranked node: 43
Accept through vt-tcp !
Accepted connection from higher ranked node: 43
Successfully connected with higher ranked node: 43
Accepting connection from higher ranked node: 42
Accept through vt-tcp !
Accepted connection from higher ranked node: 42
Successfully connected with higher ranked node: 42
Accepting connection from higher ranked node: 41
Accept through vt-tcp !
Accepted connection from higher ranked node: 41
Successfully connected with higher ranked node: 41
Accepting connection from higher ranked node: 40
Accept through vt-tcp !
Accepted connection from higher ranked node: 40
Successfully connected with higher ranked node: 40
Accepting connection from higher ranked node: 39
Accept through vt-tcp !
Accepted connection from higher ranked node: 39
Successfully connected with higher ranked node: 39
Accepting connection from higher ranked node: 38
Accept through vt-tcp !
Accepted connection from higher ranked node: 38
Successfully connected with higher ranked node: 38
Accepting connection from higher ranked node: 37
Accept through vt-tcp !
Accepted connection from higher ranked node: 37
Successfully connected with higher ranked node: 37
Accepting connection from higher ranked node: 36
Accept through vt-tcp !
Accepted connection from higher ranked node: 36
Successfully connected with higher ranked node: 36
Accepting connection from higher ranked node: 35
Accept through vt-tcp !
Accepted connection from higher ranked node: 35
Successfully connected with higher ranked node: 35
Accepting connection from higher ranked node: 34
Accept through vt-tcp !
Accepted connection from higher ranked node: 34
Successfully connected with higher ranked node: 34
Accepting connection from higher ranked node: 33
Accept through vt-tcp !
Accepted connection from higher ranked node: 33
Successfully connected with higher ranked node: 33
Accepting connection from higher ranked node: 32
Accept through vt-tcp !
Accepted connection from higher ranked node: 32
Successfully connected with higher ranked node: 32
Accepting connection from higher ranked node: 31
Accept through vt-tcp !
Accepted connection from higher ranked node: 31
Successfully connected with higher ranked node: 31
Accepting connection from higher ranked node: 30
Accept through vt-tcp !
Accepted connection from higher ranked node: 30
Successfully connected with higher ranked node: 30
Accepting connection from higher ranked node: 29
Accept through vt-tcp !
Accepted connection from higher ranked node: 29
Successfully connected with higher ranked node: 29
Accepting connection from higher ranked node: 28
Accept through vt-tcp !
Accepted connection from higher ranked node: 28
Successfully connected with higher ranked node: 28
Accepting connection from higher ranked node: 27
Accept through vt-tcp !
Accepted connection from higher ranked node: 27
Successfully connected with higher ranked node: 27
Accepting connection from higher ranked node: 26
Accept through vt-tcp !
Accepted connection from higher ranked node: 26
Successfully connected with higher ranked node: 26
Accepting connection from higher ranked node: 25
Accept through vt-tcp !
Accepted connection from higher ranked node: 25
Successfully connected with higher ranked node: 25
Closing server socket: 4097
Clearing all tcp timers !
TCP-done for socket: 4097, err: -103

---------------- Connecting to lowed ranked nodes ! --------------
Adding new vt-tcp-socket !
Creating vt-tcp socket !
Connecting to lower ranked node: 23 at 10.1.38.114:10000
Connecting .. Socket: 4155, src-port: 40001
Socket: 4097 garbage collection
Freeing socket: 4097
Waking up connected socket !
Socket connect success. socket = 4155
Connecting through vt-tcp success !
Successfully connected to lower ranked node: 23 at 10.1.38.114:10000
Adding new vt-tcp-socket !
Creating vt-tcp socket !
Connecting to lower ranked node: 22 at 10.1.38.118:10000
Connecting .. Socket: 4156, src-port: 40002
Waking up connected socket !
Socket connect success. socket = 4156
Connecting through vt-tcp success !
Successfully connected to lower ranked node: 22 at 10.1.38.118:10000
Adding new vt-tcp-socket !
Creating vt-tcp socket !
Connecting to lower ranked node: 21 at 10.1.38.122:10000
Connecting .. Socket: 4157, src-port: 40003
Waking up connected socket !
Socket connect success. socket = 4157
Connecting through vt-tcp success !
Successfully connected to lower ranked node: 21 at 10.1.38.122:10000
Adding new vt-tcp-socket !
Creating vt-tcp socket !
Connecting to lower ranked node: 20 at 10.1.38.126:10000
Connecting .. Socket: 4158, src-port: 40004
Waking up connected socket !
Socket connect success. socket = 4158
Connecting through vt-tcp success !
Successfully connected to lower ranked node: 20 at 10.1.38.126:10000
Adding new vt-tcp-socket !
Creating vt-tcp socket !
Connecting to lower ranked node: 19 at 10.1.38.130:10000
Connecting .. Socket: 4159, src-port: 40005
Waking up connected socket !
Socket connect success. socket = 4159
Connecting through vt-tcp success !
Successfully connected to lower ranked node: 19 at 10.1.38.130:10000
Adding new vt-tcp-socket !
Creating vt-tcp socket !
Connecting to lower ranked node: 18 at 10.1.38.134:10000
Connecting .. Socket: 4160, src-port: 40006
Waking up connected socket !
Socket connect success. socket = 4160
Connecting through vt-tcp success !
Successfully connected to lower ranked node: 18 at 10.1.38.134:10000
Adding new vt-tcp-socket !
Creating vt-tcp socket !
Connecting to lower ranked node: 17 at 10.1.38.138:10000
Connecting .. Socket: 4161, src-port: 40007
Waking up connected socket !
Socket connect success. socket = 4161
Connecting through vt-tcp success !
Successfully connected to lower ranked node: 17 at 10.1.38.138:10000
Adding new vt-tcp-socket !
Creating vt-tcp socket !
Connecting to lower ranked node: 16 at 10.1.38.102:10000
Connecting .. Socket: 4162, src-port: 40008
Waking up connected socket !
Socket connect success. socket = 4162
Connecting through vt-tcp success !
Successfully connected to lower ranked node: 16 at 10.1.38.102:10000
Adding new vt-tcp-socket !
Creating vt-tcp socket !
Connecting to lower ranked node: 15 at 10.1.38.146:10000
Connecting .. Socket: 4163, src-port: 40009
Waking up connected socket !
Socket connect success. socket = 4163
Connecting through vt-tcp success !
Successfully connected to lower ranked node: 15 at 10.1.38.146:10000
Adding new vt-tcp-socket !
Creating vt-tcp socket !
Connecting to lower ranked node: 14 at 10.1.38.150:10000
Connecting .. Socket: 4164, src-port: 40010
Waking up connected socket !
Socket connect success. socket = 4164
Connecting through vt-tcp success !
Successfully connected to lower ranked node: 14 at 10.1.38.150:10000
Adding new vt-tcp-socket !
Creating vt-tcp socket !
Connecting to lower ranked node: 13 at 10.1.38.154:10000
Connecting .. Socket: 4165, src-port: 40011
Waking up connected socket !
Socket connect success. socket = 4165
Connecting through vt-tcp success !
Successfully connected to lower ranked node: 13 at 10.1.38.154:10000
Adding new vt-tcp-socket !
Creating vt-tcp socket !
Connecting to lower ranked node: 12 at 10.1.38.158:10000
Connecting .. Socket: 4166, src-port: 40012
Waking up connected socket !
Socket connect success. socket = 4166
Connecting through vt-tcp success !
Successfully connected to lower ranked node: 12 at 10.1.38.158:10000
Adding new vt-tcp-socket !
Creating vt-tcp socket !
Connecting to lower ranked node: 11 at 10.1.38.162:10000
Connecting .. Socket: 4167, src-port: 40013
Waking up connected socket !
Socket connect success. socket = 4167
Connecting through vt-tcp success !
Successfully connected to lower ranked node: 11 at 10.1.38.162:10000
Adding new vt-tcp-socket !
Creating vt-tcp socket !
Connecting to lower ranked node: 10 at 10.1.38.166:10000
Connecting .. Socket: 4168, src-port: 40014
Waking up connected socket !
Socket connect success. socket = 4168
Connecting through vt-tcp success !
Successfully connected to lower ranked node: 10 at 10.1.38.166:10000
Adding new vt-tcp-socket !
Creating vt-tcp socket !
Connecting to lower ranked node: 9 at 10.1.38.170:10000
Connecting .. Socket: 4169, src-port: 40015
Waking up connected socket !
Socket connect success. socket = 4169
Connecting through vt-tcp success !
Successfully connected to lower ranked node: 9 at 10.1.38.170:10000
Adding new vt-tcp-socket !
Creating vt-tcp socket !
Connecting to lower ranked node: 8 at 10.1.38.174:10000
Connecting .. Socket: 4170, src-port: 40016
Waking up connected socket !
Socket connect success. socket = 4170
Connecting through vt-tcp success !
Successfully connected to lower ranked node: 8 at 10.1.38.174:10000
Adding new vt-tcp-socket !
Creating vt-tcp socket !
Connecting to lower ranked node: 7 at 10.1.37.174:10000
Connecting .. Socket: 4171, src-port: 40017
Waking up connected socket !
Socket connect success. socket = 4171
Connecting through vt-tcp success !
Successfully connected to lower ranked node: 7 at 10.1.37.174:10000
Adding new vt-tcp-socket !
Creating vt-tcp socket !
Connecting to lower ranked node: 6 at 10.1.36.246:10000
Connecting .. Socket: 4172, src-port: 40018
Waking up connected socket !
Socket connect success. socket = 4172
Connecting through vt-tcp success !
Successfully connected to lower ranked node: 6 at 10.1.36.246:10000
Adding new vt-tcp-socket !
Creating vt-tcp socket !
Connecting to lower ranked node: 5 at 10.1.36.250:10000
Connecting .. Socket: 4173, src-port: 40019
Waking up connected socket !
Socket connect success. socket = 4173
Connecting through vt-tcp success !
Successfully connected to lower ranked node: 5 at 10.1.36.250:10000
Adding new vt-tcp-socket !
Creating vt-tcp socket !
Connecting to lower ranked node: 4 at 10.1.36.254:10000
Connecting .. Socket: 4174, src-port: 40020
Waking up connected socket !
Socket connect success. socket = 4174
Connecting through vt-tcp success !
Successfully connected to lower ranked node: 4 at 10.1.36.254:10000
Adding new vt-tcp-socket !
Creating vt-tcp socket !
Connecting to lower ranked node: 3 at 10.1.37.2:10000
Connecting .. Socket: 4175, src-port: 40021
Waking up connected socket !
Socket connect success. socket = 4175
Connecting through vt-tcp success !
Successfully connected to lower ranked node: 3 at 10.1.37.2:10000
Adding new vt-tcp-socket !
Creating vt-tcp socket !
Connecting to lower ranked node: 2 at 10.1.37.6:10000
Connecting .. Socket: 4176, src-port: 40022
Waking up connected socket !
Socket connect success. socket = 4176
Connecting through vt-tcp success !
Successfully connected to lower ranked node: 2 at 10.1.37.6:10000
Adding new vt-tcp-socket !
Creating vt-tcp socket !
Connecting to lower ranked node: 1 at 10.1.37.10:10000
Connecting .. Socket: 4177, src-port: 40023
Waking up connected socket !
Socket connect success. socket = 4177
Connecting through vt-tcp success !
Successfully connected to lower ranked node: 1 at 10.1.37.10:10000
Adding new vt-tcp-socket !
Creating vt-tcp socket !
Connecting to lower ranked node: 0 at 10.1.37.14:10000
Connecting .. Socket: 4178, src-port: 40024
Waking up connected socket !
Socket connect success. socket = 4178
Connecting through vt-tcp success !
Successfully connected to lower ranked node: 0 at 10.1.37.14:10000

---------------- Creating listen Thread ! --------------

---------------- MPI-Init success ! --------------
Waiting to receive partition information from master !
Adding new Thread: 8
Resuming new Thread with Burst of length: 5400
Process 24 computing itegral over my_a = 12.875000, my_b= 13.000000
Called SetLoopLookahead: init: 0, final: 100000000, step: 1, loopDepth: 0, cumulative-num-iterations: 100000000, look-ahead-ns: 518518496
Avg-Compute-Communication-Ratio = 223.305340
Process 24 contributed MY_TOTAL = -nan, my_a = 12.875000, my_b= 13.000000
Integral: 0 computed

------------------------------------------------------------------------------
Waiting to receive partition information from master !
Process 24 computing itegral over my_a = 22.875000, my_b= 23.000000
Called SetLoopLookahead: init: 0, final: 100000000, step: 1, loopDepth: 0, cumulative-num-iterations: 100000000, look-ahead-ns: 518518496
Before rcv-wnd: seq: 1, rcv_nxt: 5
Before rcv-wnd: seq: 1, rcv_nxt: 5
Before rcv-wnd: seq: 1, rcv_nxt: 5
Before rcv-wnd: seq: 1, rcv_nxt: 5
tcp-rto: snd_una: 1, rto: 2000, backoff: 1
tcp-rto: snd_una: 1, rto: 2000, backoff: 1
tcp-rto: snd_una: 1, rto: 2000, backoff: 1
Avg-Compute-Communication-Ratio = 380.977957
Process 24 contributed MY_TOTAL = -nan, my_a = 22.875000, my_b= 23.000000
Integral: 1 computed

------------------------------------------------------------------------------
Waiting to receive partition information from master !
Process 24 computing itegral over my_a = 32.875000, my_b= 33.000000
Called SetLoopLookahead: init: 0, final: 100000000, step: 1, loopDepth: 0, cumulative-num-iterations: 100000000, look-ahead-ns: 518518496
Avg-Compute-Communication-Ratio = 498.889352
Process 24 contributed MY_TOTAL = -nan, my_a = 32.875000, my_b= 33.000000
Integral: 2 computed

------------------------------------------------------------------------------
Waiting to receive partition information from master !
Process 24 computing itegral over my_a = 42.875000, my_b= 43.000000
Called SetLoopLookahead: init: 0, final: 100000000, step: 1, loopDepth: 0, cumulative-num-iterations: 100000000, look-ahead-ns: 518518496
Avg-Compute-Communication-Ratio = 588.717570
Process 24 contributed MY_TOTAL = -nan, my_a = 42.875000, my_b= 43.000000
Integral: 3 computed

------------------------------------------------------------------------------
Waiting to receive partition information from master !
Process 24 computing itegral over my_a = 52.875000, my_b= 53.000000
Called SetLoopLookahead: init: 0, final: 100000000, step: 1, loopDepth: 0, cumulative-num-iterations: 100000000, look-ahead-ns: 518518496
Avg-Compute-Communication-Ratio = 660.022149
Process 24 contributed MY_TOTAL = -nan, my_a = 52.875000, my_b= 53.000000
Integral: 4 computed

------------------------------------------------------------------------------
Waiting to receive partition information from master !
Process 24 computing itegral over my_a = 62.875000, my_b= 63.000000
Called SetLoopLookahead: init: 0, final: 100000000, step: 1, loopDepth: 0, cumulative-num-iterations: 100000000, look-ahead-ns: 518518496
Avg-Compute-Communication-Ratio = 718.660892
Process 24 contributed MY_TOTAL = -nan, my_a = 62.875000, my_b= 63.000000
Integral: 5 computed

------------------------------------------------------------------------------
Waiting to receive partition information from master !
Process 24 computing itegral over my_a = 72.875000, my_b= 73.000000
Called SetLoopLookahead: init: 0, final: 100000000, step: 1, loopDepth: 0, cumulative-num-iterations: 100000000, look-ahead-ns: 518518496
Avg-Compute-Communication-Ratio = 767.519137
Process 24 contributed MY_TOTAL = -nan, my_a = 72.875000, my_b= 73.000000
Integral: 6 computed

------------------------------------------------------------------------------
Waiting to receive partition information from master !
Process 24 computing itegral over my_a = 82.875000, my_b= 83.000000
Called SetLoopLookahead: init: 0, final: 100000000, step: 1, loopDepth: 0, cumulative-num-iterations: 100000000, look-ahead-ns: 518518496
Avg-Compute-Communication-Ratio = 806.711980
Process 24 contributed MY_TOTAL = -nan, my_a = 82.875000, my_b= 83.000000
Integral: 7 computed

------------------------------------------------------------------------------
Waiting to receive partition information from master !
Process 24 computing itegral over my_a = 92.875000, my_b= 93.000000
Called SetLoopLookahead: init: 0, final: 100000000, step: 1, loopDepth: 0, cumulative-num-iterations: 100000000, look-ahead-ns: 518518496
Avg-Compute-Communication-Ratio = 840.985403
Process 24 contributed MY_TOTAL = -nan, my_a = 92.875000, my_b= 93.000000
Integral: 8 computed

------------------------------------------------------------------------------
Waiting to receive partition information from master !
Process 24 computing itegral over my_a = 102.875000, my_b= 103.000000
Called SetLoopLookahead: init: 0, final: 100000000, step: 1, loopDepth: 0, cumulative-num-iterations: 100000000, look-ahead-ns: 518518496
Avg-Compute-Communication-Ratio = 871.745629
Process 24 contributed MY_TOTAL = -nan, my_a = 102.875000, my_b= 103.000000
Integral: 9 computed

------------------------------------------------------------------------------
Waiting to receive partition information from master !
Process 24 computing itegral over my_a = 112.875000, my_b= 113.000000
Called SetLoopLookahead: init: 0, final: 100000000, step: 1, loopDepth: 0, cumulative-num-iterations: 100000000, look-ahead-ns: 518518496
Avg-Compute-Communication-Ratio = 897.224792
Process 24 contributed MY_TOTAL = -nan, my_a = 112.875000, my_b= 113.000000
Integral: 10 computed

------------------------------------------------------------------------------
Waiting to receive partition information from master !
Process 24 computing itegral over my_a = 122.875000, my_b= 123.000000
Called SetLoopLookahead: init: 0, final: 100000000, step: 1, loopDepth: 0, cumulative-num-iterations: 100000000, look-ahead-ns: 518518496
Avg-Compute-Communication-Ratio = 920.848453
Process 24 contributed MY_TOTAL = -nan, my_a = 122.875000, my_b= 123.000000
Integral: 11 computed

------------------------------------------------------------------------------
Waiting to receive partition information from master !
Process 24 computing itegral over my_a = 132.875000, my_b= 133.000000
Called SetLoopLookahead: init: 0, final: 100000000, step: 1, loopDepth: 0, cumulative-num-iterations: 100000000, look-ahead-ns: 518518496
Avg-Compute-Communication-Ratio = 942.489933
Process 24 contributed MY_TOTAL = -nan, my_a = 132.875000, my_b= 133.000000
Integral: 12 computed

------------------------------------------------------------------------------
Waiting to receive partition information from master !
Process 24 computing itegral over my_a = 142.875000, my_b= 143.000000
Called SetLoopLookahead: init: 0, final: 100000000, step: 1, loopDepth: 0, cumulative-num-iterations: 100000000, look-ahead-ns: 518518496
Avg-Compute-Communication-Ratio = 961.483841
Process 24 contributed MY_TOTAL = -nan, my_a = 142.875000, my_b= 143.000000
Integral: 13 computed

------------------------------------------------------------------------------
Waiting to receive partition information from master !
Process 24 computing itegral over my_a = 152.875000, my_b= 153.000000
Called SetLoopLookahead: init: 0, final: 100000000, step: 1, loopDepth: 0, cumulative-num-iterations: 100000000, look-ahead-ns: 518518496
Avg-Compute-Communication-Ratio = 979.068228
Process 24 contributed MY_TOTAL = -nan, my_a = 152.875000, my_b= 153.000000
Integral: 14 computed

------------------------------------------------------------------------------
Waiting to receive partition information from master !
Process 24 computing itegral over my_a = 162.875000, my_b= 163.000000
Called SetLoopLookahead: init: 0, final: 100000000, step: 1, loopDepth: 0, cumulative-num-iterations: 100000000, look-ahead-ns: 518518496
Avg-Compute-Communication-Ratio = 993.441863
Process 24 contributed MY_TOTAL = -nan, my_a = 162.875000, my_b= 163.000000
Integral: 15 computed

------------------------------------------------------------------------------
Waiting to receive partition information from master !
Process 24 computing itegral over my_a = 172.875000, my_b= 173.000000
Called SetLoopLookahead: init: 0, final: 100000000, step: 1, loopDepth: 0, cumulative-num-iterations: 100000000, look-ahead-ns: 518518496
Avg-Compute-Communication-Ratio = 1007.169561
Process 24 contributed MY_TOTAL = -nan, my_a = 172.875000, my_b= 173.000000
Integral: 16 computed

------------------------------------------------------------------------------
Waiting to receive partition information from master !
Process 24 computing itegral over my_a = 182.875000, my_b= 183.000000
Called SetLoopLookahead: init: 0, final: 100000000, step: 1, loopDepth: 0, cumulative-num-iterations: 100000000, look-ahead-ns: 518518496
Avg-Compute-Communication-Ratio = 1019.917386
Process 24 contributed MY_TOTAL = -nan, my_a = 182.875000, my_b= 183.000000
Integral: 17 computed

------------------------------------------------------------------------------
Waiting to receive partition information from master !
Process 24 computing itegral over my_a = 192.875000, my_b= 193.000000
Called SetLoopLookahead: init: 0, final: 100000000, step: 1, loopDepth: 0, cumulative-num-iterations: 100000000, look-ahead-ns: 518518496
Avg-Compute-Communication-Ratio = 1031.707928
Process 24 contributed MY_TOTAL = -nan, my_a = 192.875000, my_b= 193.000000
Integral: 18 computed

------------------------------------------------------------------------------
Waiting to receive partition information from master !
Process 24 computing itegral over my_a = 202.875000, my_b= 203.000000
Called SetLoopLookahead: init: 0, final: 100000000, step: 1, loopDepth: 0, cumulative-num-iterations: 100000000, look-ahead-ns: 518518496
Avg-Compute-Communication-Ratio = 1043.079260
Process 24 contributed MY_TOTAL = -nan, my_a = 202.875000, my_b= 203.000000
Integral: 19 computed

------------------------------------------------------------------------------
Waiting to receive partition information from master !
Process 24 computing itegral over my_a = 212.875000, my_b= 213.000000
Called SetLoopLookahead: init: 0, final: 100000000, step: 1, loopDepth: 0, cumulative-num-iterations: 100000000, look-ahead-ns: 518518496
Avg-Compute-Communication-Ratio = 1052.770860
Process 24 contributed MY_TOTAL = -nan, my_a = 212.875000, my_b= 213.000000
Integral: 20 computed

------------------------------------------------------------------------------
Waiting to receive partition information from master !
Process 24 computing itegral over my_a = 222.875000, my_b= 223.000000
Called SetLoopLookahead: init: 0, final: 100000000, step: 1, loopDepth: 0, cumulative-num-iterations: 100000000, look-ahead-ns: 518518496
Avg-Compute-Communication-Ratio = 1061.936697
Process 24 contributed MY_TOTAL = -nan, my_a = 222.875000, my_b= 223.000000
Integral: 21 computed

------------------------------------------------------------------------------
Waiting to receive partition information from master !
Process 24 computing itegral over my_a = 232.875000, my_b= 233.000000
Called SetLoopLookahead: init: 0, final: 100000000, step: 1, loopDepth: 0, cumulative-num-iterations: 100000000, look-ahead-ns: 518518496
Avg-Compute-Communication-Ratio = 1070.638208
Process 24 contributed MY_TOTAL = -nan, my_a = 232.875000, my_b= 233.000000
Integral: 22 computed

------------------------------------------------------------------------------
Waiting to receive partition information from master !
Process 24 computing itegral over my_a = 242.875000, my_b= 243.000000
Called SetLoopLookahead: init: 0, final: 100000000, step: 1, loopDepth: 0, cumulative-num-iterations: 100000000, look-ahead-ns: 518518496
Avg-Compute-Communication-Ratio = 1077.993243
Process 24 contributed MY_TOTAL = -nan, my_a = 242.875000, my_b= 243.000000
Integral: 23 computed

------------------------------------------------------------------------------
Waiting to receive partition information from master !
Process 24 computing itegral over my_a = 252.875000, my_b= 253.000000
Called SetLoopLookahead: init: 0, final: 100000000, step: 1, loopDepth: 0, cumulative-num-iterations: 100000000, look-ahead-ns: 518518496
Avg-Compute-Communication-Ratio = 1085.394708
Process 24 contributed MY_TOTAL = -nan, my_a = 252.875000, my_b= 253.000000
Integral: 24 computed

------------------------------------------------------------------------------
Waiting to receive partition information from master !
Process 24 computing itegral over my_a = 262.875000, my_b= 263.000000
Called SetLoopLookahead: init: 0, final: 100000000, step: 1, loopDepth: 0, cumulative-num-iterations: 100000000, look-ahead-ns: 518518496
Avg-Compute-Communication-Ratio = 1092.494652
Process 24 contributed MY_TOTAL = -nan, my_a = 262.875000, my_b= 263.000000
Integral: 25 computed

------------------------------------------------------------------------------
Waiting to receive partition information from master !
Process 24 computing itegral over my_a = 272.875000, my_b= 273.000000
Called SetLoopLookahead: init: 0, final: 100000000, step: 1, loopDepth: 0, cumulative-num-iterations: 100000000, look-ahead-ns: 518518496
Avg-Compute-Communication-Ratio = 1098.806923
Process 24 contributed MY_TOTAL = -nan, my_a = 272.875000, my_b= 273.000000
Integral: 26 computed

------------------------------------------------------------------------------
Waiting to receive partition information from master !
Process 24 computing itegral over my_a = 282.875000, my_b= 283.000000
Called SetLoopLookahead: init: 0, final: 100000000, step: 1, loopDepth: 0, cumulative-num-iterations: 100000000, look-ahead-ns: 518518496
Avg-Compute-Communication-Ratio = 1103.894009
Process 24 contributed MY_TOTAL = -nan, my_a = 282.875000, my_b= 283.000000
Integral: 27 computed

------------------------------------------------------------------------------
Waiting to receive partition information from master !
Process 24 computing itegral over my_a = 292.875000, my_b= 293.000000
Called SetLoopLookahead: init: 0, final: 100000000, step: 1, loopDepth: 0, cumulative-num-iterations: 100000000, look-ahead-ns: 518518496
Avg-Compute-Communication-Ratio = 1109.818363
Process 24 contributed MY_TOTAL = -nan, my_a = 292.875000, my_b= 293.000000
Integral: 28 computed

------------------------------------------------------------------------------
Waiting to receive partition information from master !
Process 24 computing itegral over my_a = 302.875000, my_b= 303.000000
Called SetLoopLookahead: init: 0, final: 100000000, step: 1, loopDepth: 0, cumulative-num-iterations: 100000000, look-ahead-ns: 518518496
Avg-Compute-Communication-Ratio = 1114.286819
Process 24 contributed MY_TOTAL = -nan, my_a = 302.875000, my_b= 303.000000
Integral: 29 computed

------------------------------------------------------------------------------
Waiting to receive partition information from master !
Process 24 computing itegral over my_a = 312.875000, my_b= 313.000000
Called SetLoopLookahead: init: 0, final: 100000000, step: 1, loopDepth: 0, cumulative-num-iterations: 100000000, look-ahead-ns: 518518496
Avg-Compute-Communication-Ratio = 1119.278532
Process 24 contributed MY_TOTAL = -nan, my_a = 312.875000, my_b= 313.000000
Integral: 30 computed

------------------------------------------------------------------------------
Waiting to receive partition information from master !
Process 24 computing itegral over my_a = 322.875000, my_b= 323.000000
Called SetLoopLookahead: init: 0, final: 100000000, step: 1, loopDepth: 0, cumulative-num-iterations: 100000000, look-ahead-ns: 518518496
Avg-Compute-Communication-Ratio = 1124.151355
Process 24 contributed MY_TOTAL = -nan, my_a = 322.875000, my_b= 323.000000
Integral: 31 computed

------------------------------------------------------------------------------
Waiting to receive partition information from master !
Process 24 computing itegral over my_a = 332.875000, my_b= 333.000000
Called SetLoopLookahead: init: 0, final: 100000000, step: 1, loopDepth: 0, cumulative-num-iterations: 100000000, look-ahead-ns: 518518496
Avg-Compute-Communication-Ratio = 1129.512773
Process 24 contributed MY_TOTAL = -nan, my_a = 332.875000, my_b= 333.000000
Integral: 32 computed

------------------------------------------------------------------------------
Waiting to receive partition information from master !
Process 24 computing itegral over my_a = 342.875000, my_b= 343.000000
Called SetLoopLookahead: init: 0, final: 100000000, step: 1, loopDepth: 0, cumulative-num-iterations: 100000000, look-ahead-ns: 518518496
Avg-Compute-Communication-Ratio = 1134.459717
Process 24 contributed MY_TOTAL = -nan, my_a = 342.875000, my_b= 343.000000
Integral: 33 computed

------------------------------------------------------------------------------
Waiting to receive partition information from master !
Process 24 computing itegral over my_a = 352.875000, my_b= 353.000000
Called SetLoopLookahead: init: 0, final: 100000000, step: 1, loopDepth: 0, cumulative-num-iterations: 100000000, look-ahead-ns: 518518496
Avg-Compute-Communication-Ratio = 1138.806413
Process 24 contributed MY_TOTAL = -nan, my_a = 352.875000, my_b= 353.000000
Integral: 34 computed

------------------------------------------------------------------------------
Waiting to receive partition information from master !
Process 24 computing itegral over my_a = 362.875000, my_b= 363.000000
Called SetLoopLookahead: init: 0, final: 100000000, step: 1, loopDepth: 0, cumulative-num-iterations: 100000000, look-ahead-ns: 518518496
Avg-Compute-Communication-Ratio = 1143.152306
Process 24 contributed MY_TOTAL = -nan, my_a = 362.875000, my_b= 363.000000
Integral: 35 computed

------------------------------------------------------------------------------
Waiting to receive partition information from master !
Process 24 computing itegral over my_a = 372.875000, my_b= 373.000000
Called SetLoopLookahead: init: 0, final: 100000000, step: 1, loopDepth: 0, cumulative-num-iterations: 100000000, look-ahead-ns: 518518496
Avg-Compute-Communication-Ratio = 1147.431160
Process 24 contributed MY_TOTAL = -nan, my_a = 372.875000, my_b= 373.000000
Integral: 36 computed

------------------------------------------------------------------------------
Waiting to receive partition information from master !
Process 24 computing itegral over my_a = 382.875000, my_b= 383.000000
Called SetLoopLookahead: init: 0, final: 100000000, step: 1, loopDepth: 0, cumulative-num-iterations: 100000000, look-ahead-ns: 518518496
Avg-Compute-Communication-Ratio = 1151.245340
Process 24 contributed MY_TOTAL = -nan, my_a = 382.875000, my_b= 383.000000
Integral: 37 computed

------------------------------------------------------------------------------
Waiting to receive partition information from master !
Process 24 computing itegral over my_a = 392.875000, my_b= 393.000000
Called SetLoopLookahead: init: 0, final: 100000000, step: 1, loopDepth: 0, cumulative-num-iterations: 100000000, look-ahead-ns: 518518496
Exp finishing. Stopping stack thread with id: 6!

------------------------- ACTUAL STDOUT FROM EXECUTABLE ENDED -----------------------------

Process: 6 exiting VT experiment !
Main thread exiting. PID = 6
