Attempting to set static arp entries ...
Tracer: 7 >> Using SRC IP: 10.1.0.190 for any spawned virtual tcp-stacks
Tracer: 7 >> Updating firewall rules to drop outgoing TCP-RST packets
Attempting to set firewall rules ...
Tracer: 7 >> CMD TO RUN: /home/vignesh/VT-S3FNet/csudp/mpi_integral/mpi_int 6 16 10.1.0.190 > /home/vignesh/VT-S3FNet/experiment-data/MPI_LA_Enabled_nemus_16_mpi_int/worker6.log
args[0] = /home/vignesh/VT-S3FNet/csudp/mpi_integral/mpi_int
args[1] = 6
args[2] = 16
args[3] = 10.1.0.190
Setting appropriate environment variables ...
HOME DIRECTORY : /home/vignesh
Parsing TTN config file: /home/vignesh/.ttn/projects.db
Setting VT_L1_INS_CACHE_MISS_CYCLES to: 100
Setting VT_L1_INS_CACHE_LINES to: 64
Setting VT_L1_INS_CACHE_SIZE_KB to: 32
Setting VT_L1_INS_CACHE_ASSOC to: 8
Setting VT_L1_INS_CACHE_REPLACEMENT_POLICY to: LRU
Setting VT_L1_DATA_CACHE_MISS_CYCLES to: 100
Setting VT_L1_DATA_CACHE_LINES to: 64
Setting VT_L1_DATA_CACHE_SIZE_KB to: 32
Setting VT_L1_DATA_CACHE_ASSOC to: 8
Setting VT_L1_DATA_CACHE_REPLACEMENT_POLICY to: LRU
Setting VT_CPU_CYLES_NS to: 2.700000
Setting VT_NIC_SPEED_MBPS to: 1000.000000
Setting VT_TIMING_MODEL to: EMPIRICAL
Setting VT_BBL_LOOKAHEAD_FILE to: /home/vignesh/VT-S3FNet/csudp/mpi_integral/.ttn/lookahead/bbl_lookahead.info
Setting VT_LOOP_LOOKAHEAD_FILE to: /home/vignesh/VT-S3FNet/csudp/mpi_integral/.ttn/lookahead/loop_lookahead.info
Starting command: /home/vignesh/VT-S3FNet/csudp/mpi_integral/mpi_int
Loading orig functions !
Starting executable with Pid = 6
Loading pointers to VTL Logic functions
Loaded pointers to all VTL Logic functions
Now Initializing VT-Management 
Extracting env variables !
Extracted tracer-id: 7
Extracted exp-type: 2
Extracted cpu-cycles-ns: 2.700000
Extracted socket-layer-ip: -1107295990
Starting VT-initialization !
Tracer-ID: 7, Timeline-ID: 7
Tracer registration for EXP_CS complete. TimelineID = 7, Return = 7
Tracer Adding to SQ. Tracer ID = 7
Parsing any provided lookahead information ...
Opening file: /home/vignesh/VT-S3FNet/csudp/mpi_integral/.ttn/lookahead/bbl_lookahead.info
File size: 176
mapped memblock size: 176
Finish offset: 18, Number of values: 18
Returning success !
Loaded BBL lookaheads for 18 basic blocks ...
Opening file: /home/vignesh/VT-S3FNet/csudp/mpi_integral/.ttn/lookahead/loop_lookahead.info
File size: 40
mapped memblock size: 40
Finish offset: 1, Number of values: 1
Returning success !
Loaded Loop lookaheads for 1 loops ...
VT initialization successfull !
Finished Initializing VT-Management 
Initializing TCP-stack ...
TCP stack unique-id: 76
Starting virtual socket layer stack-thread !
Pthread_create: vtStackThread special case
Successfully initialized VTL-Logic embedded into the executable

------------------------- ACTUAL STDOUT FROM EXECUTABLE STARTS -----------------------------

Rank = 6, Total = 16, IP = 10.1.0.190
Adding new vt-tcp-socket !
Creating vt-tcp socket !
bind through vt-tcp !
Server socket bound to ip:port: 10.1.0.190:10000
Waiting for OK message from other nodes !
Waiting for OK message !
listen through vt-tcp !
Accept through vt-tcp !
Successfully received OK message !

---------------- Waiting for higher ranked nodes to connect --------------
listen through vt-tcp !
Accepting connection from higher ranked node: 15
Accept through vt-tcp !
Accepted connection from higher ranked node: 15
Successfully connected with higher ranked node: 15
Accepting connection from higher ranked node: 14
Accept through vt-tcp !
Accepted connection from higher ranked node: 14
Successfully connected with higher ranked node: 14
Accepting connection from higher ranked node: 13
Accept through vt-tcp !
Accepted connection from higher ranked node: 13
Successfully connected with higher ranked node: 13
Accepting connection from higher ranked node: 12
Accept through vt-tcp !
Accepted connection from higher ranked node: 12
Successfully connected with higher ranked node: 12
Accepting connection from higher ranked node: 11
Accept through vt-tcp !
Accepted connection from higher ranked node: 11
Successfully connected with higher ranked node: 11
Accepting connection from higher ranked node: 10
Accept through vt-tcp !
Accepted connection from higher ranked node: 10
Successfully connected with higher ranked node: 10
Accepting connection from higher ranked node: 9
Accept through vt-tcp !
Accepted connection from higher ranked node: 9
Successfully connected with higher ranked node: 9
Accepting connection from higher ranked node: 8
Accept through vt-tcp !
Accepted connection from higher ranked node: 8
Successfully connected with higher ranked node: 8
Accepting connection from higher ranked node: 7
Accept through vt-tcp !
Accepted connection from higher ranked node: 7
Successfully connected with higher ranked node: 7
Closing server socket: 4097
Clearing all tcp timers !
TCP-done for socket: 4097, err: -103

---------------- Connecting to lowed ranked nodes ! --------------
Adding new vt-tcp-socket !
Creating vt-tcp socket !
Connecting to lower ranked node: 5 at 10.1.0.186:10000
Connecting .. Socket: 4108, src-port: 40001
Socket: 4097 garbage collection
Freeing socket: 4097
Waking up connected socket !
Socket connect success. socket = 4108
Connecting through vt-tcp success !
Successfully connected to lower ranked node: 5 at 10.1.0.186:10000
Adding new vt-tcp-socket !
Creating vt-tcp socket !
Connecting to lower ranked node: 4 at 10.1.0.182:10000
Connecting .. Socket: 4109, src-port: 40002
Waking up connected socket !
Socket connect success. socket = 4109
Connecting through vt-tcp success !
Successfully connected to lower ranked node: 4 at 10.1.0.182:10000
Adding new vt-tcp-socket !
Creating vt-tcp socket !
Connecting to lower ranked node: 3 at 10.1.0.130:10000
Connecting .. Socket: 4110, src-port: 40003
Waking up connected socket !
Socket connect success. socket = 4110
Connecting through vt-tcp success !
Successfully connected to lower ranked node: 3 at 10.1.0.130:10000
Adding new vt-tcp-socket !
Creating vt-tcp socket !
Connecting to lower ranked node: 2 at 10.1.0.138:10000
Connecting .. Socket: 4111, src-port: 40004
Waking up connected socket !
Socket connect success. socket = 4111
Connecting through vt-tcp success !
Successfully connected to lower ranked node: 2 at 10.1.0.138:10000
Adding new vt-tcp-socket !
Creating vt-tcp socket !
Connecting to lower ranked node: 1 at 10.1.0.142:10000
Connecting .. Socket: 4112, src-port: 40005
Waking up connected socket !
Socket connect success. socket = 4112
Connecting through vt-tcp success !
Successfully connected to lower ranked node: 1 at 10.1.0.142:10000
Adding new vt-tcp-socket !
Creating vt-tcp socket !
Connecting to lower ranked node: 0 at 10.1.0.146:10000
Connecting .. Socket: 4113, src-port: 40006
Waking up connected socket !
Socket connect success. socket = 4113
Connecting through vt-tcp success !
Successfully connected to lower ranked node: 0 at 10.1.0.146:10000

---------------- Creating listen Thread ! --------------

---------------- MPI-Init success ! --------------
Waiting to receive partition information from master !
Adding new Thread: 8
Signal Burst Completion: Flushing Data Cache !
Resuming new Thread with Burst of length: 5400
Trigger syscall finish: 6, currActiveThreadID = 8, myThreadID = 6. Flushing Data Cache !
Process 6 computing itegral over my_a = 13.333333, my_b= 14.000000
Called SetLoopLookahead: init: 0, final: 100000000, step: 1, loopDepth: 0, cumulative-num-iterations: 100000000, look-ahead-ns: 333333312
Before rcv-wnd: seq: 1, rcv_nxt: 5
Avg-Compute-Communication-Ratio = 3787.806819
Process 6 contributed MY_TOTAL = 1.323870, my_a = 13.333333, my_b= 14.000000
Integral: 0 computed

------------------------------------------------------------------------------
Waiting to receive partition information from master !
Process 6 computing itegral over my_a = 23.333333, my_b= 24.000000
Called SetLoopLookahead: init: 0, final: 100000000, step: 1, loopDepth: 0, cumulative-num-iterations: 100000000, look-ahead-ns: 333333312
Avg-Compute-Communication-Ratio = 3115.214953
Process 6 contributed MY_TOTAL = 7.358871, my_a = 23.333333, my_b= 24.000000
Integral: 1 computed

------------------------------------------------------------------------------
Waiting to receive partition information from master !
Process 6 computing itegral over my_a = 33.333333, my_b= 34.000000
Called SetLoopLookahead: init: 0, final: 100000000, step: 1, loopDepth: 0, cumulative-num-iterations: 100000000, look-ahead-ns: 333333312
Avg-Compute-Communication-Ratio = 2923.929825
Process 6 contributed MY_TOTAL = 34.864147, my_a = 33.333333, my_b= 34.000000
Integral: 2 computed

------------------------------------------------------------------------------
Waiting to receive partition information from master !
Process 6 computing itegral over my_a = 43.333333, my_b= 44.000000
Called SetLoopLookahead: init: 0, final: 100000000, step: 1, loopDepth: 0, cumulative-num-iterations: 100000000, look-ahead-ns: 333333312
Avg-Compute-Communication-Ratio = 2867.339785
Process 6 contributed MY_TOTAL = 20.172379, my_a = 43.333333, my_b= 44.000000
Integral: 3 computed

------------------------------------------------------------------------------
Waiting to receive partition information from master !
Process 6 computing itegral over my_a = 53.333333, my_b= 54.000000
Called SetLoopLookahead: init: 0, final: 100000000, step: 1, loopDepth: 0, cumulative-num-iterations: 100000000, look-ahead-ns: 333333312
Avg-Compute-Communication-Ratio = 2801.077311
Process 6 contributed MY_TOTAL = 81.073831, my_a = 53.333333, my_b= 54.000000
Integral: 4 computed

------------------------------------------------------------------------------
Waiting to receive partition information from master !
Process 6 computing itegral over my_a = 63.333333, my_b= 64.000000
Called SetLoopLookahead: init: 0, final: 100000000, step: 1, loopDepth: 0, cumulative-num-iterations: 100000000, look-ahead-ns: 333333312
Avg-Compute-Communication-Ratio = 2747.211539
Process 6 contributed MY_TOTAL = 33.242242, my_a = 63.333333, my_b= 64.000000
Integral: 5 computed

------------------------------------------------------------------------------
Waiting to receive partition information from master !
Process 6 computing itegral over my_a = 73.333333, my_b= 74.000000
Called SetLoopLookahead: init: 0, final: 100000000, step: 1, loopDepth: 0, cumulative-num-iterations: 100000000, look-ahead-ns: 333333312
Avg-Compute-Communication-Ratio = 2738.612676
Process 6 contributed MY_TOTAL = 139.633954, my_a = 73.333333, my_b= 74.000000
Integral: 6 computed

------------------------------------------------------------------------------
Waiting to receive partition information from master !
Process 6 computing itegral over my_a = 83.333333, my_b= 84.000000
Called SetLoopLookahead: init: 0, final: 100000000, step: 1, loopDepth: 0, cumulative-num-iterations: 100000000, look-ahead-ns: 333333312
Avg-Compute-Communication-Ratio = 2723.827375
Process 6 contributed MY_TOTAL = 41.747998, my_a = 83.333333, my_b= 84.000000
Integral: 7 computed

------------------------------------------------------------------------------
Waiting to receive partition information from master !
Process 6 computing itegral over my_a = 93.333333, my_b= 94.000000
Called SetLoopLookahead: init: 0, final: 100000000, step: 1, loopDepth: 0, cumulative-num-iterations: 100000000, look-ahead-ns: 333333312
Avg-Compute-Communication-Ratio = 2709.986450
Process 6 contributed MY_TOTAL = 204.029481, my_a = 93.333333, my_b= 94.000000
Integral: 8 computed

------------------------------------------------------------------------------
Waiting to receive partition information from master !
Process 6 computing itegral over my_a = 103.333333, my_b= 104.000000
Called SetLoopLookahead: init: 0, final: 100000000, step: 1, loopDepth: 0, cumulative-num-iterations: 100000000, look-ahead-ns: 333333312
Avg-Compute-Communication-Ratio = 2701.202593
Process 6 contributed MY_TOTAL = 38.510063, my_a = 103.333333, my_b= 104.000000
Integral: 9 computed

------------------------------------------------------------------------------
Waiting to receive partition information from master !
Process 6 computing itegral over my_a = 113.333333, my_b= 114.000000
Called SetLoopLookahead: init: 0, final: 100000000, step: 1, loopDepth: 0, cumulative-num-iterations: 100000000, look-ahead-ns: 333333312
Avg-Compute-Communication-Ratio = 2680.271930
Process 6 contributed MY_TOTAL = 270.826652, my_a = 113.333333, my_b= 114.000000
Integral: 10 computed

------------------------------------------------------------------------------
Waiting to receive partition information from master !
Process 6 computing itegral over my_a = 123.333333, my_b= 124.000000
Called SetLoopLookahead: init: 0, final: 100000000, step: 1, loopDepth: 0, cumulative-num-iterations: 100000000, look-ahead-ns: 333333312
Avg-Compute-Communication-Ratio = 2679.129940
Process 6 contributed MY_TOTAL = 19.322052, my_a = 123.333333, my_b= 124.000000
Integral: 11 computed

------------------------------------------------------------------------------
Waiting to receive partition information from master !
Process 6 computing itegral over my_a = 133.333333, my_b= 134.000000
Called SetLoopLookahead: init: 0, final: 100000000, step: 1, loopDepth: 0, cumulative-num-iterations: 100000000, look-ahead-ns: 333333312
Avg-Compute-Communication-Ratio = 2663.349723
Process 6 contributed MY_TOTAL = 235.043493, my_a = 133.333333, my_b= 134.000000
Integral: 12 computed

------------------------------------------------------------------------------
Waiting to receive partition information from master !
Process 6 computing itegral over my_a = 143.333333, my_b= 144.000000
Called SetLoopLookahead: init: 0, final: 100000000, step: 1, loopDepth: 0, cumulative-num-iterations: 100000000, look-ahead-ns: 333333312
Avg-Compute-Communication-Ratio = 2659.030199
Process 6 contributed MY_TOTAL = 631.897428, my_a = 143.333333, my_b= 144.000000
Integral: 13 computed

------------------------------------------------------------------------------
Waiting to receive partition information from master !
Process 6 computing itegral over my_a = 153.333333, my_b= 154.000000
Called SetLoopLookahead: init: 0, final: 100000000, step: 1, loopDepth: 0, cumulative-num-iterations: 100000000, look-ahead-ns: 333333312
Avg-Compute-Communication-Ratio = 2653.889066
Process 6 contributed MY_TOTAL = 255.803974, my_a = 153.333333, my_b= 154.000000
Integral: 14 computed

------------------------------------------------------------------------------
Waiting to receive partition information from master !
Process 6 computing itegral over my_a = 163.333333, my_b= 164.000000
Called SetLoopLookahead: init: 0, final: 100000000, step: 1, loopDepth: 0, cumulative-num-iterations: 100000000, look-ahead-ns: 333333312
Avg-Compute-Communication-Ratio = 2656.003486
Process 6 contributed MY_TOTAL = 757.649936, my_a = 163.333333, my_b= 164.000000
Integral: 15 computed

------------------------------------------------------------------------------
Waiting to receive partition information from master !
Process 6 computing itegral over my_a = 173.333333, my_b= 174.000000
Called SetLoopLookahead: init: 0, final: 100000000, step: 1, loopDepth: 0, cumulative-num-iterations: 100000000, look-ahead-ns: 333333312
Avg-Compute-Communication-Ratio = 2651.653720
Process 6 contributed MY_TOTAL = 256.810122, my_a = 173.333333, my_b= 174.000000
Integral: 16 computed

------------------------------------------------------------------------------
Waiting to receive partition information from master !
Process 6 computing itegral over my_a = 183.333333, my_b= 184.000000
Called SetLoopLookahead: init: 0, final: 100000000, step: 1, loopDepth: 0, cumulative-num-iterations: 100000000, look-ahead-ns: 333333312
Avg-Compute-Communication-Ratio = 2644.297929
Process 6 contributed MY_TOTAL = 875.711826, my_a = 183.333333, my_b= 184.000000
Integral: 17 computed

------------------------------------------------------------------------------
Waiting to receive partition information from master !
Process 6 computing itegral over my_a = 193.333333, my_b= 194.000000
Called SetLoopLookahead: init: 0, final: 100000000, step: 1, loopDepth: 0, cumulative-num-iterations: 100000000, look-ahead-ns: 333333312
Avg-Compute-Communication-Ratio = 2641.051293
Process 6 contributed MY_TOTAL = 238.444580, my_a = 193.333333, my_b= 194.000000
Integral: 18 computed

------------------------------------------------------------------------------
Waiting to receive partition information from master !
Process 6 computing itegral over my_a = 203.333333, my_b= 204.000000
Called SetLoopLookahead: init: 0, final: 100000000, step: 1, loopDepth: 0, cumulative-num-iterations: 100000000, look-ahead-ns: 333333312
Avg-Compute-Communication-Ratio = 2641.271395
Process 6 contributed MY_TOTAL = 980.553894, my_a = 203.333333, my_b= 204.000000
Integral: 19 computed

------------------------------------------------------------------------------
Waiting to receive partition information from master !
Process 6 computing itegral over my_a = 213.333333, my_b= 214.000000
Called SetLoopLookahead: init: 0, final: 100000000, step: 1, loopDepth: 0, cumulative-num-iterations: 100000000, look-ahead-ns: 333333312
Avg-Compute-Communication-Ratio = 2640.474538
Process 6 contributed MY_TOTAL = 184.636219, my_a = 213.333333, my_b= 214.000000
Integral: 20 computed

------------------------------------------------------------------------------
Waiting to receive partition information from master !
Process 6 computing itegral over my_a = 223.333333, my_b= 224.000000
Called SetLoopLookahead: init: 0, final: 100000000, step: 1, loopDepth: 0, cumulative-num-iterations: 100000000, look-ahead-ns: 333333312
Avg-Compute-Communication-Ratio = 2638.800288
Process 6 contributed MY_TOTAL = 1066.646938, my_a = 223.333333, my_b= 224.000000
Integral: 21 computed

------------------------------------------------------------------------------
Waiting to receive partition information from master !
Process 6 computing itegral over my_a = 233.333333, my_b= 234.000000
Called SetLoopLookahead: init: 0, final: 100000000, step: 1, loopDepth: 0, cumulative-num-iterations: 100000000, look-ahead-ns: 333333312
Avg-Compute-Communication-Ratio = 2634.554983
Process 6 contributed MY_TOTAL = 91.744559, my_a = 233.333333, my_b= 234.000000
Integral: 22 computed

------------------------------------------------------------------------------
Waiting to receive partition information from master !
Process 6 computing itegral over my_a = 243.333333, my_b= 244.000000
Called SetLoopLookahead: init: 0, final: 100000000, step: 1, loopDepth: 0, cumulative-num-iterations: 100000000, look-ahead-ns: 333333312
Avg-Compute-Communication-Ratio = 2635.007905
Process 6 contributed MY_TOTAL = 804.262799, my_a = 243.333333, my_b= 244.000000
Integral: 23 computed

------------------------------------------------------------------------------
Waiting to receive partition information from master !
Process 6 computing itegral over my_a = 253.333333, my_b= 254.000000
Called SetLoopLookahead: init: 0, final: 100000000, step: 1, loopDepth: 0, cumulative-num-iterations: 100000000, look-ahead-ns: 333333312
Avg-Compute-Communication-Ratio = 2632.094757
Process 6 contributed MY_TOTAL = 1996.427449, my_a = 253.333333, my_b= 254.000000
Integral: 24 computed

------------------------------------------------------------------------------
Waiting to receive partition information from master !
Process 6 computing itegral over my_a = 263.333333, my_b= 264.000000
Called SetLoopLookahead: init: 0, final: 100000000, step: 1, loopDepth: 0, cumulative-num-iterations: 100000000, look-ahead-ns: 333333312
Avg-Compute-Communication-Ratio = 2630.209712
Process 6 contributed MY_TOTAL = 784.593916, my_a = 263.333333, my_b= 264.000000
Integral: 25 computed

------------------------------------------------------------------------------
Waiting to receive partition information from master !
Process 6 computing itegral over my_a = 273.333333, my_b= 274.000000
Called SetLoopLookahead: init: 0, final: 100000000, step: 1, loopDepth: 0, cumulative-num-iterations: 100000000, look-ahead-ns: 333333312
Avg-Compute-Communication-Ratio = 2624.633713
Process 6 contributed MY_TOTAL = 2150.240665, my_a = 273.333333, my_b= 274.000000
Integral: 26 computed

------------------------------------------------------------------------------
Waiting to receive partition information from master !
Process 6 computing itegral over my_a = 283.333333, my_b= 284.000000
Called SetLoopLookahead: init: 0, final: 100000000, step: 1, loopDepth: 0, cumulative-num-iterations: 100000000, look-ahead-ns: 333333312
Avg-Compute-Communication-Ratio = 2624.633858
Process 6 contributed MY_TOTAL = 717.933509, my_a = 283.333333, my_b= 284.000000
Integral: 27 computed

------------------------------------------------------------------------------
Waiting to receive partition information from master !
Process 6 computing itegral over my_a = 293.333333, my_b= 294.000000
Called SetLoopLookahead: init: 0, final: 100000000, step: 1, loopDepth: 0, cumulative-num-iterations: 100000000, look-ahead-ns: 333333312
Avg-Compute-Communication-Ratio = 2625.346551
Process 6 contributed MY_TOTAL = 2271.940730, my_a = 293.333333, my_b= 294.000000
Integral: 28 computed

------------------------------------------------------------------------------
Waiting to receive partition information from master !
Process 6 computing itegral over my_a = 303.333333, my_b= 304.000000
Called SetLoopLookahead: init: 0, final: 100000000, step: 1, loopDepth: 0, cumulative-num-iterations: 100000000, look-ahead-ns: 333333312
Avg-Compute-Communication-Ratio = 2623.945159
Process 6 contributed MY_TOTAL = 624.216868, my_a = 303.333333, my_b= 304.000000
Integral: 29 computed

------------------------------------------------------------------------------
Waiting to receive partition information from master !
Process 6 computing itegral over my_a = 313.333333, my_b= 314.000000
Called SetLoopLookahead: init: 0, final: 100000000, step: 1, loopDepth: 0, cumulative-num-iterations: 100000000, look-ahead-ns: 333333312
Exp finishing. Stopping stack thread with id: 6!

------------------------- ACTUAL STDOUT FROM EXECUTABLE ENDED -----------------------------

Process: 6 exiting VT experiment !
Main thread exiting. PID = 6
