Attempting to set static arp entries ...
Tracer: 6 >> Using SRC IP: 10.1.0.186 for any spawned virtual tcp-stacks
Tracer: 6 >> Updating firewall rules to drop outgoing TCP-RST packets
Attempting to set firewall rules ...
Tracer: 6 >> CMD TO RUN: /home/vignesh/VT-S3FNet/csudp/mpi_integral/mpi_int 5 16 10.1.0.186 > /home/vignesh/VT-S3FNet/experiment-data/MPI_LA_Enabled_nemus_16_mpi_int/worker5.log
args[0] = /home/vignesh/VT-S3FNet/csudp/mpi_integral/mpi_int
args[1] = 5
args[2] = 16
args[3] = 10.1.0.186
Setting appropriate environment variables ...
HOME DIRECTORY : /home/vignesh
Parsing TTN config file: /home/vignesh/.ttn/projects.db
Setting VT_L1_INS_CACHE_MISS_CYCLES to: 100
Setting VT_L1_INS_CACHE_LINES to: 64
Setting VT_L1_INS_CACHE_SIZE_KB to: 32
Setting VT_L1_INS_CACHE_ASSOC to: 8
Setting VT_L1_INS_CACHE_REPLACEMENT_POLICY to: LRU
Setting VT_L1_DATA_CACHE_MISS_CYCLES to: 100
Setting VT_L1_DATA_CACHE_LINES to: 64
Setting VT_L1_DATA_CACHE_SIZE_KB to: 32
Setting VT_L1_DATA_CACHE_ASSOC to: 8
Setting VT_L1_DATA_CACHE_REPLACEMENT_POLICY to: LRU
Setting VT_CPU_CYLES_NS to: 2.700000
Setting VT_NIC_SPEED_MBPS to: 1000.000000
Setting VT_TIMING_MODEL to: EMPIRICAL
Setting VT_BBL_LOOKAHEAD_FILE to: /home/vignesh/VT-S3FNet/csudp/mpi_integral/.ttn/lookahead/bbl_lookahead.info
Setting VT_LOOP_LOOKAHEAD_FILE to: /home/vignesh/VT-S3FNet/csudp/mpi_integral/.ttn/lookahead/loop_lookahead.info
Starting command: /home/vignesh/VT-S3FNet/csudp/mpi_integral/mpi_int
Loading orig functions !
Starting executable with Pid = 6
Loading pointers to VTL Logic functions
Loaded pointers to all VTL Logic functions
Now Initializing VT-Management 
Extracting env variables !
Extracted tracer-id: 6
Extracted exp-type: 2
Extracted cpu-cycles-ns: 2.700000
Extracted socket-layer-ip: -1174404854
Starting VT-initialization !
Tracer-ID: 6, Timeline-ID: 6
Tracer registration for EXP_CS complete. TimelineID = 6, Return = 6
Tracer Adding to SQ. Tracer ID = 6
Parsing any provided lookahead information ...
Opening file: /home/vignesh/VT-S3FNet/csudp/mpi_integral/.ttn/lookahead/bbl_lookahead.info
File size: 176
mapped memblock size: 176
Finish offset: 18, Number of values: 18
Returning success !
Loaded BBL lookaheads for 18 basic blocks ...
Opening file: /home/vignesh/VT-S3FNet/csudp/mpi_integral/.ttn/lookahead/loop_lookahead.info
File size: 40
mapped memblock size: 40
Finish offset: 1, Number of values: 1
Returning success !
Loaded Loop lookaheads for 1 loops ...
VT initialization successfull !
Finished Initializing VT-Management 
Initializing TCP-stack ...
TCP stack unique-id: 66
Starting virtual socket layer stack-thread !
Pthread_create: vtStackThread special case
Successfully initialized VTL-Logic embedded into the executable

------------------------- ACTUAL STDOUT FROM EXECUTABLE STARTS -----------------------------

Rank = 5, Total = 16, IP = 10.1.0.186
Adding new vt-tcp-socket !
Creating vt-tcp socket !
bind through vt-tcp !
Server socket bound to ip:port: 10.1.0.186:10000
Waiting for OK message from other nodes !
Waiting for OK message !
listen through vt-tcp !
Accept through vt-tcp !
Successfully received OK message !

---------------- Waiting for higher ranked nodes to connect --------------
listen through vt-tcp !
Accepting connection from higher ranked node: 15
Accept through vt-tcp !
Entering time-wait from FIN_WAIT_2
Clearing all tcp timers !
Adding TcpLinger !
Accepted connection from higher ranked node: 15
Successfully connected with higher ranked node: 15
Accepting connection from higher ranked node: 14
Accept through vt-tcp !
Accepted connection from higher ranked node: 14
Successfully connected with higher ranked node: 14
Accepting connection from higher ranked node: 13
Accept through vt-tcp !
Accepted connection from higher ranked node: 13
Successfully connected with higher ranked node: 13
Accepting connection from higher ranked node: 12
Accept through vt-tcp !
Accepted connection from higher ranked node: 12
Successfully connected with higher ranked node: 12
Accepting connection from higher ranked node: 11
Accept through vt-tcp !
Accepted connection from higher ranked node: 11
Successfully connected with higher ranked node: 11
Accepting connection from higher ranked node: 10
Accept through vt-tcp !
Accepted connection from higher ranked node: 10
Successfully connected with higher ranked node: 10
Accepting connection from higher ranked node: 9
Accept through vt-tcp !
Accepted connection from higher ranked node: 9
Successfully connected with higher ranked node: 9
Accepting connection from higher ranked node: 8
Accept through vt-tcp !
Accepted connection from higher ranked node: 8
Successfully connected with higher ranked node: 8
Accepting connection from higher ranked node: 7
Accept through vt-tcp !
Accepted connection from higher ranked node: 7
Successfully connected with higher ranked node: 7
Accepting connection from higher ranked node: 6
Accept through vt-tcp !
Accepted connection from higher ranked node: 6
Successfully connected with higher ranked node: 6
Closing server socket: 4097
Clearing all tcp timers !
TCP-done for socket: 4097, err: -103

---------------- Connecting to lowed ranked nodes ! --------------
Adding new vt-tcp-socket !
Creating vt-tcp socket !
Connecting to lower ranked node: 4 at 10.1.0.182:10000
Connecting .. Socket: 4109, src-port: 40001
Socket: 4097 garbage collection
Freeing socket: 4097
Waking up connected socket !
Socket connect success. socket = 4109
Connecting through vt-tcp success !
Successfully connected to lower ranked node: 4 at 10.1.0.182:10000
Adding new vt-tcp-socket !
Creating vt-tcp socket !
Connecting to lower ranked node: 3 at 10.1.0.130:10000
Connecting .. Socket: 4110, src-port: 40002
Waking up connected socket !
Socket connect success. socket = 4110
Connecting through vt-tcp success !
Successfully connected to lower ranked node: 3 at 10.1.0.130:10000
Adding new vt-tcp-socket !
Creating vt-tcp socket !
Connecting to lower ranked node: 2 at 10.1.0.138:10000
Connecting .. Socket: 4111, src-port: 40003
Waking up connected socket !
Socket connect success. socket = 4111
Connecting through vt-tcp success !
Successfully connected to lower ranked node: 2 at 10.1.0.138:10000
Adding new vt-tcp-socket !
Creating vt-tcp socket !
Connecting to lower ranked node: 1 at 10.1.0.142:10000
Connecting .. Socket: 4112, src-port: 40004
Waking up connected socket !
Socket connect success. socket = 4112
Connecting through vt-tcp success !
Successfully connected to lower ranked node: 1 at 10.1.0.142:10000
Adding new vt-tcp-socket !
Creating vt-tcp socket !
Connecting to lower ranked node: 0 at 10.1.0.146:10000
Connecting .. Socket: 4113, src-port: 40005
Waking up connected socket !
Socket connect success. socket = 4113
Connecting through vt-tcp success !
Successfully connected to lower ranked node: 0 at 10.1.0.146:10000

---------------- Creating listen Thread ! --------------

---------------- MPI-Init success ! --------------
Waiting to receive partition information from master !
Adding new Thread: 8
Signal Burst Completion: Flushing Data Cache !
Resuming new Thread with Burst of length: 5400
Trigger syscall finish: 6, currActiveThreadID = 8, myThreadID = 6. Flushing Data Cache !
Process 5 computing itegral over my_a = 12.666667, my_b= 13.333333
Called SetLoopLookahead: init: 0, final: 100000000, step: 1, loopDepth: 0, cumulative-num-iterations: 100000000, look-ahead-ns: 333333312
tcp-linger 
Clearing all tcp timers !
TCP-done for socket: 4098, err: -110
Socket: 4098 garbage collection
Freeing socket: 4098
Before rcv-wnd: seq: 1, rcv_nxt: 5
Avg-Compute-Communication-Ratio = 3703.633333
Process 5 contributed MY_TOTAL = 1.200789, my_a = 12.666667, my_b= 13.333333
Integral: 0 computed

------------------------------------------------------------------------------
Waiting to receive partition information from master !
Process 5 computing itegral over my_a = 22.666667, my_b= 23.333333
Called SetLoopLookahead: init: 0, final: 100000000, step: 1, loopDepth: 0, cumulative-num-iterations: 100000000, look-ahead-ns: 333333312
Avg-Compute-Communication-Ratio = 3086.370370
Process 5 contributed MY_TOTAL = 6.955723, my_a = 22.666667, my_b= 23.333333
Integral: 1 computed

------------------------------------------------------------------------------
Waiting to receive partition information from master !
Process 5 computing itegral over my_a = 32.666667, my_b= 33.333333
Called SetLoopLookahead: init: 0, final: 100000000, step: 1, loopDepth: 0, cumulative-num-iterations: 100000000, look-ahead-ns: 333333312
Avg-Compute-Communication-Ratio = 2906.930233
Process 5 contributed MY_TOTAL = 33.510330, my_a = 32.666667, my_b= 33.333333
Integral: 2 computed

------------------------------------------------------------------------------
Waiting to receive partition information from master !
Process 5 computing itegral over my_a = 42.666667, my_b= 43.333333
Called SetLoopLookahead: init: 0, final: 100000000, step: 1, loopDepth: 0, cumulative-num-iterations: 100000000, look-ahead-ns: 333333312
Avg-Compute-Communication-Ratio = 2830.813163
Process 5 contributed MY_TOTAL = 19.565726, my_a = 42.666667, my_b= 43.333333
Integral: 3 computed

------------------------------------------------------------------------------
Waiting to receive partition information from master !
Process 5 computing itegral over my_a = 52.666667, my_b= 53.333333
Called SetLoopLookahead: init: 0, final: 100000000, step: 1, loopDepth: 0, cumulative-num-iterations: 100000000, look-ahead-ns: 333333312
Avg-Compute-Communication-Ratio = 2773.113145
Process 5 contributed MY_TOTAL = 79.084365, my_a = 52.666667, my_b= 53.333333
Integral: 4 computed

------------------------------------------------------------------------------
Waiting to receive partition information from master !
Process 5 computing itegral over my_a = 62.666667, my_b= 63.333333
Called SetLoopLookahead: init: 0, final: 100000000, step: 1, loopDepth: 0, cumulative-num-iterations: 100000000, look-ahead-ns: 333333312
Avg-Compute-Communication-Ratio = 2739.684931
Process 5 contributed MY_TOTAL = 32.553302, my_a = 62.666667, my_b= 63.333333
Integral: 5 computed

------------------------------------------------------------------------------
Waiting to receive partition information from master !
Process 5 computing itegral over my_a = 72.666667, my_b= 73.333333
Called SetLoopLookahead: init: 0, final: 100000000, step: 1, loopDepth: 0, cumulative-num-iterations: 100000000, look-ahead-ns: 333333312
Avg-Compute-Communication-Ratio = 2719.461538
Process 5 contributed MY_TOTAL = 137.129360, my_a = 72.666667, my_b= 73.333333
Integral: 6 computed

------------------------------------------------------------------------------
Waiting to receive partition information from master !
Process 5 computing itegral over my_a = 82.666667, my_b= 83.333333
Called SetLoopLookahead: init: 0, final: 100000000, step: 1, loopDepth: 0, cumulative-num-iterations: 100000000, look-ahead-ns: 333333312
Avg-Compute-Communication-Ratio = 2707.235533
Process 5 contributed MY_TOTAL = 41.087961, my_a = 82.666667, my_b= 83.333333
Integral: 7 computed

------------------------------------------------------------------------------
Waiting to receive partition information from master !
Process 5 computing itegral over my_a = 92.666667, my_b= 93.333333
Called SetLoopLookahead: init: 0, final: 100000000, step: 1, loopDepth: 0, cumulative-num-iterations: 100000000, look-ahead-ns: 333333312
Avg-Compute-Communication-Ratio = 2695.377358
Process 5 contributed MY_TOTAL = 201.145709, my_a = 92.666667, my_b= 93.333333
Integral: 8 computed

------------------------------------------------------------------------------
Waiting to receive partition information from master !
Process 5 computing itegral over my_a = 102.666667, my_b= 103.333333
Called SetLoopLookahead: init: 0, final: 100000000, step: 1, loopDepth: 0, cumulative-num-iterations: 100000000, look-ahead-ns: 333333312
Avg-Compute-Communication-Ratio = 2688.132258
Process 5 contributed MY_TOTAL = 38.017927, my_a = 102.666667, my_b= 103.333333
Integral: 9 computed

------------------------------------------------------------------------------
Waiting to receive partition information from master !
Process 5 computing itegral over my_a = 112.666667, my_b= 113.333333
Called SetLoopLookahead: init: 0, final: 100000000, step: 1, loopDepth: 0, cumulative-num-iterations: 100000000, look-ahead-ns: 333333312
Avg-Compute-Communication-Ratio = 2676.359124
Process 5 contributed MY_TOTAL = 267.668350, my_a = 112.666667, my_b= 113.333333
Integral: 10 computed

------------------------------------------------------------------------------
Waiting to receive partition information from master !
Process 5 computing itegral over my_a = 122.666667, my_b= 123.333333
Called SetLoopLookahead: init: 0, final: 100000000, step: 1, loopDepth: 0, cumulative-num-iterations: 100000000, look-ahead-ns: 333333312
Avg-Compute-Communication-Ratio = 2668.406271
Process 5 contributed MY_TOTAL = 19.114846, my_a = 122.666667, my_b= 123.333333
Integral: 11 computed

------------------------------------------------------------------------------
Waiting to receive partition information from master !
Process 5 computing itegral over my_a = 132.666667, my_b= 133.333333
Called SetLoopLookahead: init: 0, final: 100000000, step: 1, loopDepth: 0, cumulative-num-iterations: 100000000, look-ahead-ns: 333333312
Avg-Compute-Communication-Ratio = 2660.079804
Process 5 contributed MY_TOTAL = 232.710569, my_a = 132.666667, my_b= 133.333333
Integral: 12 computed

------------------------------------------------------------------------------
Waiting to receive partition information from master !
Process 5 computing itegral over my_a = 142.666667, my_b= 143.333333
Called SetLoopLookahead: init: 0, final: 100000000, step: 1, loopDepth: 0, cumulative-num-iterations: 100000000, look-ahead-ns: 333333312
Avg-Compute-Communication-Ratio = 2656.003415
Process 5 contributed MY_TOTAL = 626.060070, my_a = 142.666667, my_b= 143.333333
Integral: 13 computed

------------------------------------------------------------------------------
Waiting to receive partition information from master !
Process 5 computing itegral over my_a = 152.666667, my_b= 153.333333
Called SetLoopLookahead: init: 0, final: 100000000, step: 1, loopDepth: 0, cumulative-num-iterations: 100000000, look-ahead-ns: 333333312
Avg-Compute-Communication-Ratio = 2651.074761
Process 5 contributed MY_TOTAL = 253.594015, my_a = 152.666667, my_b= 153.333333
Integral: 14 computed

------------------------------------------------------------------------------
Waiting to receive partition information from master !
Process 5 computing itegral over my_a = 162.666667, my_b= 163.333333
Called SetLoopLookahead: init: 0, final: 100000000, step: 1, loopDepth: 0, cumulative-num-iterations: 100000000, look-ahead-ns: 333333312
Avg-Compute-Communication-Ratio = 2648.090864
Process 5 contributed MY_TOTAL = 751.502701, my_a = 162.666667, my_b= 163.333333
Integral: 15 computed

------------------------------------------------------------------------------
Waiting to receive partition information from master !
Process 5 computing itegral over my_a = 172.666667, my_b= 173.333333
Called SetLoopLookahead: init: 0, final: 100000000, step: 1, loopDepth: 0, cumulative-num-iterations: 100000000, look-ahead-ns: 333333312
Avg-Compute-Communication-Ratio = 2644.229585
Process 5 contributed MY_TOTAL = 254.845998, my_a = 172.666667, my_b= 173.333333
Integral: 16 computed

------------------------------------------------------------------------------
Waiting to receive partition information from master !
Process 5 computing itegral over my_a = 182.666667, my_b= 183.333333
Called SetLoopLookahead: init: 0, final: 100000000, step: 1, loopDepth: 0, cumulative-num-iterations: 100000000, look-ahead-ns: 333333312
Avg-Compute-Communication-Ratio = 2641.969177
Process 5 contributed MY_TOTAL = 869.377584, my_a = 182.666667, my_b= 183.333333
Integral: 17 computed

------------------------------------------------------------------------------
Waiting to receive partition information from master !
Process 5 computing itegral over my_a = 192.666667, my_b= 193.333333
Called SetLoopLookahead: init: 0, final: 100000000, step: 1, loopDepth: 0, cumulative-num-iterations: 100000000, look-ahead-ns: 333333312
Avg-Compute-Communication-Ratio = 2638.850417
Process 5 contributed MY_TOTAL = 236.808602, my_a = 192.666667, my_b= 193.333333
Integral: 18 computed

------------------------------------------------------------------------------
Waiting to receive partition information from master !
Process 5 computing itegral over my_a = 202.666667, my_b= 203.333333
Called SetLoopLookahead: init: 0, final: 100000000, step: 1, loopDepth: 0, cumulative-num-iterations: 100000000, look-ahead-ns: 333333312
Avg-Compute-Communication-Ratio = 2635.007510
Process 5 contributed MY_TOTAL = 974.155517, my_a = 202.666667, my_b= 203.333333
Integral: 19 computed

------------------------------------------------------------------------------
Waiting to receive partition information from master !
Process 5 computing itegral over my_a = 212.666667, my_b= 213.333333
Called SetLoopLookahead: init: 0, final: 100000000, step: 1, loopDepth: 0, cumulative-num-iterations: 100000000, look-ahead-ns: 333333312
Avg-Compute-Communication-Ratio = 2634.511855
Process 5 contributed MY_TOTAL = 183.487629, my_a = 212.666667, my_b= 213.333333
Integral: 20 computed

------------------------------------------------------------------------------
Waiting to receive partition information from master !
Process 5 computing itegral over my_a = 222.666667, my_b= 223.333333
Called SetLoopLookahead: init: 0, final: 100000000, step: 1, loopDepth: 0, cumulative-num-iterations: 100000000, look-ahead-ns: 333333312
Avg-Compute-Communication-Ratio = 2633.115260
Process 5 contributed MY_TOTAL = 1060.307297, my_a = 222.666667, my_b= 223.333333
Integral: 21 computed

------------------------------------------------------------------------------
Waiting to receive partition information from master !
Process 5 computing itegral over my_a = 232.666667, my_b= 233.333333
Called SetLoopLookahead: init: 0, final: 100000000, step: 1, loopDepth: 0, cumulative-num-iterations: 100000000, look-ahead-ns: 333333312
Avg-Compute-Communication-Ratio = 2632.745536
Process 5 contributed MY_TOTAL = 91.222543, my_a = 232.666667, my_b= 233.333333
Integral: 22 computed

------------------------------------------------------------------------------
Waiting to receive partition information from master !
Process 5 computing itegral over my_a = 242.666667, my_b= 243.333333
Called SetLoopLookahead: init: 0, final: 100000000, step: 1, loopDepth: 0, cumulative-num-iterations: 100000000, look-ahead-ns: 333333312
Avg-Compute-Communication-Ratio = 2629.810651
Process 5 contributed MY_TOTAL = 799.873924, my_a = 242.666667, my_b= 243.333333
Integral: 23 computed

------------------------------------------------------------------------------
Waiting to receive partition information from master !
Process 5 computing itegral over my_a = 252.666667, my_b= 253.333333
Called SetLoopLookahead: init: 0, final: 100000000, step: 1, loopDepth: 0, cumulative-num-iterations: 100000000, look-ahead-ns: 333333312
Avg-Compute-Communication-Ratio = 2627.116015
Process 5 contributed MY_TOTAL = 1985.961268, my_a = 252.666667, my_b= 253.333333
Integral: 24 computed

------------------------------------------------------------------------------
Waiting to receive partition information from master !
Process 5 computing itegral over my_a = 262.666667, my_b= 263.333333
Called SetLoopLookahead: init: 0, final: 100000000, step: 1, loopDepth: 0, cumulative-num-iterations: 100000000, look-ahead-ns: 333333312
Avg-Compute-Communication-Ratio = 2625.428961
Process 5 contributed MY_TOTAL = 780.636324, my_a = 262.666667, my_b= 263.333333
Integral: 25 computed

------------------------------------------------------------------------------
Waiting to receive partition information from master !
Process 5 computing itegral over my_a = 272.666667, my_b= 273.333333
Called SetLoopLookahead: init: 0, final: 100000000, step: 1, loopDepth: 0, cumulative-num-iterations: 100000000, look-ahead-ns: 333333312
Avg-Compute-Communication-Ratio = 2623.103760
Process 5 contributed MY_TOTAL = 2139.789936, my_a = 272.666667, my_b= 273.333333
Integral: 26 computed

------------------------------------------------------------------------------
Waiting to receive partition information from master !
Process 5 computing itegral over my_a = 282.666667, my_b= 283.333333
Called SetLoopLookahead: init: 0, final: 100000000, step: 1, loopDepth: 0, cumulative-num-iterations: 100000000, look-ahead-ns: 333333312
Avg-Compute-Communication-Ratio = 2623.158516
Process 5 contributed MY_TOTAL = 714.566885, my_a = 282.666667, my_b= 283.333333
Integral: 27 computed

------------------------------------------------------------------------------
Waiting to receive partition information from master !
Process 5 computing itegral over my_a = 292.666667, my_b= 293.333333
Called SetLoopLookahead: init: 0, final: 100000000, step: 1, loopDepth: 0, cumulative-num-iterations: 100000000, look-ahead-ns: 333333312
Avg-Compute-Communication-Ratio = 2621.075380
Process 5 contributed MY_TOTAL = 2261.648826, my_a = 292.666667, my_b= 293.333333
Integral: 28 computed

------------------------------------------------------------------------------
Waiting to receive partition information from master !
Process 5 computing itegral over my_a = 302.666667, my_b= 303.333333
Called SetLoopLookahead: init: 0, final: 100000000, step: 1, loopDepth: 0, cumulative-num-iterations: 100000000, look-ahead-ns: 333333312
Avg-Compute-Communication-Ratio = 2619.820540
Process 5 contributed MY_TOTAL = 621.482077, my_a = 302.666667, my_b= 303.333333
Integral: 29 computed

------------------------------------------------------------------------------
Waiting to receive partition information from master !
Process 5 computing itegral over my_a = 312.666667, my_b= 313.333333
Called SetLoopLookahead: init: 0, final: 100000000, step: 1, loopDepth: 0, cumulative-num-iterations: 100000000, look-ahead-ns: 333333312
Exp finishing. Stopping stack thread with id: 6!

------------------------- ACTUAL STDOUT FROM EXECUTABLE ENDED -----------------------------

Process: 6 exiting VT experiment !
Main thread exiting. PID = 6
