Attempting to set static arp entries ...
Tracer: 5 >> Using SRC IP: 10.1.0.182 for any spawned virtual tcp-stacks
Tracer: 5 >> Updating firewall rules to drop outgoing TCP-RST packets
Attempting to set firewall rules ...
Tracer: 5 >> CMD TO RUN: /home/vignesh/VT-S3FNet/csudp/mpi_integral/mpi_int 4 16 10.1.0.182 > /home/vignesh/VT-S3FNet/experiment-data/MPI_LA_Enabled_nemus_16_mpi_int/worker4.log
args[0] = /home/vignesh/VT-S3FNet/csudp/mpi_integral/mpi_int
args[1] = 4
args[2] = 16
args[3] = 10.1.0.182
Setting appropriate environment variables ...
HOME DIRECTORY : /home/vignesh
Parsing TTN config file: /home/vignesh/.ttn/projects.db
Setting VT_L1_INS_CACHE_MISS_CYCLES to: 100
Setting VT_L1_INS_CACHE_LINES to: 64
Setting VT_L1_INS_CACHE_SIZE_KB to: 32
Setting VT_L1_INS_CACHE_ASSOC to: 8
Setting VT_L1_INS_CACHE_REPLACEMENT_POLICY to: LRU
Setting VT_L1_DATA_CACHE_MISS_CYCLES to: 100
Setting VT_L1_DATA_CACHE_LINES to: 64
Setting VT_L1_DATA_CACHE_SIZE_KB to: 32
Setting VT_L1_DATA_CACHE_ASSOC to: 8
Setting VT_L1_DATA_CACHE_REPLACEMENT_POLICY to: LRU
Setting VT_CPU_CYLES_NS to: 2.700000
Setting VT_NIC_SPEED_MBPS to: 1000.000000
Setting VT_TIMING_MODEL to: EMPIRICAL
Setting VT_BBL_LOOKAHEAD_FILE to: /home/vignesh/VT-S3FNet/csudp/mpi_integral/.ttn/lookahead/bbl_lookahead.info
Setting VT_LOOP_LOOKAHEAD_FILE to: /home/vignesh/VT-S3FNet/csudp/mpi_integral/.ttn/lookahead/loop_lookahead.info
Starting command: /home/vignesh/VT-S3FNet/csudp/mpi_integral/mpi_int
Loading orig functions !
Starting executable with Pid = 6
Loading pointers to VTL Logic functions
Loaded pointers to all VTL Logic functions
Now Initializing VT-Management 
Extracting env variables !
Extracted tracer-id: 5
Extracted exp-type: 2
Extracted cpu-cycles-ns: 2.700000
Extracted socket-layer-ip: -1241513718
Starting VT-initialization !
Tracer-ID: 5, Timeline-ID: 5
Tracer registration for EXP_CS complete. TimelineID = 5, Return = 5
Tracer Adding to SQ. Tracer ID = 5
Parsing any provided lookahead information ...
Opening file: /home/vignesh/VT-S3FNet/csudp/mpi_integral/.ttn/lookahead/bbl_lookahead.info
File size: 176
mapped memblock size: 176
Finish offset: 18, Number of values: 18
Returning success !
Loaded BBL lookaheads for 18 basic blocks ...
Opening file: /home/vignesh/VT-S3FNet/csudp/mpi_integral/.ttn/lookahead/loop_lookahead.info
File size: 40
mapped memblock size: 40
Finish offset: 1, Number of values: 1
Returning success !
Loaded Loop lookaheads for 1 loops ...
VT initialization successfull !
Finished Initializing VT-Management 
Initializing TCP-stack ...
TCP stack unique-id: 56
Starting virtual socket layer stack-thread !
Pthread_create: vtStackThread special case
Successfully initialized VTL-Logic embedded into the executable

------------------------- ACTUAL STDOUT FROM EXECUTABLE STARTS -----------------------------

Rank = 4, Total = 16, IP = 10.1.0.182
Adding new vt-tcp-socket !
Creating vt-tcp socket !
bind through vt-tcp !
Server socket bound to ip:port: 10.1.0.182:10000
Waiting for OK message from other nodes !
Waiting for OK message !
listen through vt-tcp !
Accept through vt-tcp !
Successfully received OK message !

---------------- Waiting for higher ranked nodes to connect --------------
listen through vt-tcp !
Accepting connection from higher ranked node: 15
Accept through vt-tcp !
Entering time-wait from FIN_WAIT_2
Clearing all tcp timers !
Adding TcpLinger !
Accepted connection from higher ranked node: 15
Successfully connected with higher ranked node: 15
Accepting connection from higher ranked node: 14
Accept through vt-tcp !
Accepted connection from higher ranked node: 14
Successfully connected with higher ranked node: 14
Accepting connection from higher ranked node: 13
Accept through vt-tcp !
Accepted connection from higher ranked node: 13
Successfully connected with higher ranked node: 13
Accepting connection from higher ranked node: 12
Accept through vt-tcp !
Accepted connection from higher ranked node: 12
Successfully connected with higher ranked node: 12
Accepting connection from higher ranked node: 11
Accept through vt-tcp !
Accepted connection from higher ranked node: 11
Successfully connected with higher ranked node: 11
Accepting connection from higher ranked node: 10
Accept through vt-tcp !
Accepted connection from higher ranked node: 10
Successfully connected with higher ranked node: 10
Accepting connection from higher ranked node: 9
Accept through vt-tcp !
Accepted connection from higher ranked node: 9
Successfully connected with higher ranked node: 9
Accepting connection from higher ranked node: 8
Accept through vt-tcp !
Accepted connection from higher ranked node: 8
Successfully connected with higher ranked node: 8
Accepting connection from higher ranked node: 7
Accept through vt-tcp !
Accepted connection from higher ranked node: 7
Successfully connected with higher ranked node: 7
Accepting connection from higher ranked node: 6
Accept through vt-tcp !
Accepted connection from higher ranked node: 6
Successfully connected with higher ranked node: 6
Accepting connection from higher ranked node: 5
Accept through vt-tcp !
Accepted connection from higher ranked node: 5
Successfully connected with higher ranked node: 5
Closing server socket: 4097
Clearing all tcp timers !
TCP-done for socket: 4097, err: -103

---------------- Connecting to lowed ranked nodes ! --------------
Adding new vt-tcp-socket !
Creating vt-tcp socket !
Connecting to lower ranked node: 3 at 10.1.0.130:10000
Connecting .. Socket: 4110, src-port: 40001
Socket: 4097 garbage collection
Freeing socket: 4097
Waking up connected socket !
Socket connect success. socket = 4110
Connecting through vt-tcp success !
Successfully connected to lower ranked node: 3 at 10.1.0.130:10000
Adding new vt-tcp-socket !
Creating vt-tcp socket !
Connecting to lower ranked node: 2 at 10.1.0.138:10000
Connecting .. Socket: 4111, src-port: 40002
Waking up connected socket !
Socket connect success. socket = 4111
Connecting through vt-tcp success !
Successfully connected to lower ranked node: 2 at 10.1.0.138:10000
Adding new vt-tcp-socket !
Creating vt-tcp socket !
Connecting to lower ranked node: 1 at 10.1.0.142:10000
Connecting .. Socket: 4112, src-port: 40003
Waking up connected socket !
Socket connect success. socket = 4112
Connecting through vt-tcp success !
Successfully connected to lower ranked node: 1 at 10.1.0.142:10000
Adding new vt-tcp-socket !
Creating vt-tcp socket !
Connecting to lower ranked node: 0 at 10.1.0.146:10000
Connecting .. Socket: 4113, src-port: 40004
Waking up connected socket !
Socket connect success. socket = 4113
Connecting through vt-tcp success !
Successfully connected to lower ranked node: 0 at 10.1.0.146:10000

---------------- Creating listen Thread ! --------------

---------------- MPI-Init success ! --------------
Waiting to receive partition information from master !
Adding new Thread: 8
Signal Burst Completion: Flushing Data Cache !
Resuming new Thread with Burst of length: 5400
Trigger syscall finish: 6, currActiveThreadID = 8, myThreadID = 6. Flushing Data Cache !
Process 4 computing itegral over my_a = 12.000000, my_b= 12.666667
Called SetLoopLookahead: init: 0, final: 100000000, step: 1, loopDepth: 0, cumulative-num-iterations: 100000000, look-ahead-ns: 333333312
tcp-linger 
Clearing all tcp timers !
TCP-done for socket: 4098, err: -110
Socket: 4098 garbage collection
Freeing socket: 4098
Before rcv-wnd: seq: 1, rcv_nxt: 5
Before rcv-wnd: seq: 1, rcv_nxt: 5
Before rcv-wnd: seq: 1, rcv_nxt: 5
tcp-rto: snd_una: 1, rto: 400, backoff: 1, sock-fd = 4110
Avg-Compute-Communication-Ratio = 4761.814285
Process 4 contributed MY_TOTAL = 1.083712, my_a = 12.000000, my_b= 12.666667
Integral: 0 computed

------------------------------------------------------------------------------
Waiting to receive partition information from master !
Process 4 computing itegral over my_a = 22.000000, my_b= 22.666667
Called SetLoopLookahead: init: 0, final: 100000000, step: 1, loopDepth: 0, cumulative-num-iterations: 100000000, look-ahead-ns: 333333312
Avg-Compute-Communication-Ratio = 3401.306122
Process 4 contributed MY_TOTAL = 6.563932, my_a = 22.000000, my_b= 22.666667
Integral: 1 computed

------------------------------------------------------------------------------
Waiting to receive partition information from master !
Process 4 computing itegral over my_a = 32.000000, my_b= 32.666667
Called SetLoopLookahead: init: 0, final: 100000000, step: 1, loopDepth: 0, cumulative-num-iterations: 100000000, look-ahead-ns: 333333312
Avg-Compute-Communication-Ratio = 3086.370370
Process 4 contributed MY_TOTAL = 32.183321, my_a = 32.000000, my_b= 32.666667
Integral: 2 computed

------------------------------------------------------------------------------
Waiting to receive partition information from master !
Process 4 computing itegral over my_a = 42.000000, my_b= 42.666667
Called SetLoopLookahead: init: 0, final: 100000000, step: 1, loopDepth: 0, cumulative-num-iterations: 100000000, look-ahead-ns: 333333312
Avg-Compute-Communication-Ratio = 2930.358242
Process 4 contributed MY_TOTAL = 18.968335, my_a = 42.000000, my_b= 42.666667
Integral: 3 computed

------------------------------------------------------------------------------
Waiting to receive partition information from master !
Process 4 computing itegral over my_a = 52.000000, my_b= 52.666667
Called SetLoopLookahead: init: 0, final: 100000000, step: 1, loopDepth: 0, cumulative-num-iterations: 100000000, look-ahead-ns: 333333312
Avg-Compute-Communication-Ratio = 2848.958974
Process 4 contributed MY_TOTAL = 77.119613, my_a = 52.000000, my_b= 52.666667
Integral: 4 computed

------------------------------------------------------------------------------
Waiting to receive partition information from master !
Process 4 computing itegral over my_a = 62.000000, my_b= 62.666667
Called SetLoopLookahead: init: 0, final: 100000000, step: 1, loopDepth: 0, cumulative-num-iterations: 100000000, look-ahead-ns: 333333312
Avg-Compute-Communication-Ratio = 2816.859155
Process 4 contributed MY_TOTAL = 31.871577, my_a = 62.000000, my_b= 62.666667
Integral: 5 computed

------------------------------------------------------------------------------
Waiting to receive partition information from master !
Process 4 computing itegral over my_a = 72.000000, my_b= 72.666667
Called SetLoopLookahead: init: 0, final: 100000000, step: 1, loopDepth: 0, cumulative-num-iterations: 100000000, look-ahead-ns: 333333312
Avg-Compute-Communication-Ratio = 2771.137767
Process 4 contributed MY_TOTAL = 134.647432, my_a = 72.000000, my_b= 72.666667
Integral: 6 computed

------------------------------------------------------------------------------
Waiting to receive partition information from master !
Process 4 computing itegral over my_a = 82.000000, my_b= 82.666667
Called SetLoopLookahead: init: 0, final: 100000000, step: 1, loopDepth: 0, cumulative-num-iterations: 100000000, look-ahead-ns: 333333312
Avg-Compute-Communication-Ratio = 2751.937048
Process 4 contributed MY_TOTAL = 40.433184, my_a = 82.000000, my_b= 82.666667
Integral: 7 computed

------------------------------------------------------------------------------
Waiting to receive partition information from master !
Process 4 computing itegral over my_a = 92.000000, my_b= 92.666667
Called SetLoopLookahead: init: 0, final: 100000000, step: 1, loopDepth: 0, cumulative-num-iterations: 100000000, look-ahead-ns: 333333312
Avg-Compute-Communication-Ratio = 2734.690064
Process 4 contributed MY_TOTAL = 198.282461, my_a = 92.000000, my_b= 92.666667
Integral: 8 computed

------------------------------------------------------------------------------
Waiting to receive partition information from master !
Process 4 computing itegral over my_a = 102.000000, my_b= 102.666667
Called SetLoopLookahead: init: 0, final: 100000000, step: 1, loopDepth: 0, cumulative-num-iterations: 100000000, look-ahead-ns: 333333312
Avg-Compute-Communication-Ratio = 2723.271242
Process 4 contributed MY_TOTAL = 37.528955, my_a = 102.000000, my_b= 102.666667
Integral: 9 computed

------------------------------------------------------------------------------
Waiting to receive partition information from master !
Process 4 computing itegral over my_a = 112.000000, my_b= 112.666667
Called SetLoopLookahead: init: 0, final: 100000000, step: 1, loopDepth: 0, cumulative-num-iterations: 100000000, look-ahead-ns: 333333312
Avg-Compute-Communication-Ratio = 2716.008889
Process 4 contributed MY_TOTAL = 264.528573, my_a = 112.000000, my_b= 112.666667
Integral: 10 computed

------------------------------------------------------------------------------
Waiting to receive partition information from master !
Process 4 computing itegral over my_a = 122.000000, my_b= 122.666667
Called SetLoopLookahead: init: 0, final: 100000000, step: 1, loopDepth: 0, cumulative-num-iterations: 100000000, look-ahead-ns: 333333312
Avg-Compute-Communication-Ratio = 2697.195549
Process 4 contributed MY_TOTAL = 18.908758, my_a = 122.000000, my_b= 122.666667
Integral: 11 computed

------------------------------------------------------------------------------
Waiting to receive partition information from master !
Process 4 computing itegral over my_a = 132.000000, my_b= 132.666667
Called SetLoopLookahead: init: 0, final: 100000000, step: 1, loopDepth: 0, cumulative-num-iterations: 100000000, look-ahead-ns: 333333312
Avg-Compute-Communication-Ratio = 2693.144810
Process 4 contributed MY_TOTAL = 230.389281, my_a = 132.000000, my_b= 132.666667
Integral: 12 computed

------------------------------------------------------------------------------
Waiting to receive partition information from master !
Process 4 computing itegral over my_a = 142.000000, my_b= 142.666667
Called SetLoopLookahead: init: 0, final: 100000000, step: 1, loopDepth: 0, cumulative-num-iterations: 100000000, look-ahead-ns: 333333312
Avg-Compute-Communication-Ratio = 2686.584916
Process 4 contributed MY_TOTAL = 620.249799, my_a = 142.000000, my_b= 142.666667
Integral: 13 computed

------------------------------------------------------------------------------
Waiting to receive partition information from master !
Process 4 computing itegral over my_a = 152.000000, my_b= 152.666667
Called SetLoopLookahead: init: 0, final: 100000000, step: 1, loopDepth: 0, cumulative-num-iterations: 100000000, look-ahead-ns: 333333312
Avg-Compute-Communication-Ratio = 2679.489282
Process 4 contributed MY_TOTAL = 251.393644, my_a = 152.000000, my_b= 152.666667
Integral: 14 computed

------------------------------------------------------------------------------
Waiting to receive partition information from master !
Process 4 computing itegral over my_a = 162.000000, my_b= 162.666667
Called SetLoopLookahead: init: 0, final: 100000000, step: 1, loopDepth: 0, cumulative-num-iterations: 100000000, look-ahead-ns: 333333312
Avg-Compute-Communication-Ratio = 2669.296797
Process 4 contributed MY_TOTAL = 745.380504, my_a = 162.000000, my_b= 162.666667
Integral: 15 computed

------------------------------------------------------------------------------
Waiting to receive partition information from master !
Process 4 computing itegral over my_a = 172.000000, my_b= 172.666667
Called SetLoopLookahead: init: 0, final: 100000000, step: 1, loopDepth: 0, cumulative-num-iterations: 100000000, look-ahead-ns: 333333312
Avg-Compute-Communication-Ratio = 2664.120357
Process 4 contributed MY_TOTAL = 252.889414, my_a = 172.000000, my_b= 172.666667
Integral: 16 computed

------------------------------------------------------------------------------
Waiting to receive partition information from master !
Process 4 computing itegral over my_a = 182.000000, my_b= 182.666667
Called SetLoopLookahead: init: 0, final: 100000000, step: 1, loopDepth: 0, cumulative-num-iterations: 100000000, look-ahead-ns: 333333312
Avg-Compute-Communication-Ratio = 2665.442914
Process 4 contributed MY_TOTAL = 863.066334, my_a = 182.000000, my_b= 182.666667
Integral: 17 computed

------------------------------------------------------------------------------
Waiting to receive partition information from master !
Process 4 computing itegral over my_a = 192.000000, my_b= 192.666667
Called SetLoopLookahead: init: 0, final: 100000000, step: 1, loopDepth: 0, cumulative-num-iterations: 100000000, look-ahead-ns: 333333312
Avg-Compute-Communication-Ratio = 2661.025630
Process 4 contributed MY_TOTAL = 235.178255, my_a = 192.000000, my_b= 192.666667
Integral: 18 computed

------------------------------------------------------------------------------
Waiting to receive partition information from master !
Process 4 computing itegral over my_a = 202.000000, my_b= 202.666667
Called SetLoopLookahead: init: 0, final: 100000000, step: 1, loopDepth: 0, cumulative-num-iterations: 100000000, look-ahead-ns: 333333312
Avg-Compute-Communication-Ratio = 2651.777645
Process 4 contributed MY_TOTAL = 967.778084, my_a = 202.000000, my_b= 202.666667
Integral: 19 computed

------------------------------------------------------------------------------
Waiting to receive partition information from master !
Process 4 computing itegral over my_a = 212.000000, my_b= 212.666667
Called SetLoopLookahead: init: 0, final: 100000000, step: 1, loopDepth: 0, cumulative-num-iterations: 100000000, look-ahead-ns: 333333312
Avg-Compute-Communication-Ratio = 2650.472548
Process 4 contributed MY_TOTAL = 182.342623, my_a = 212.000000, my_b= 212.666667
Integral: 20 computed

------------------------------------------------------------------------------
Waiting to receive partition information from master !
Process 4 computing itegral over my_a = 222.000000, my_b= 222.666667
Called SetLoopLookahead: init: 0, final: 100000000, step: 1, loopDepth: 0, cumulative-num-iterations: 100000000, look-ahead-ns: 333333312
Avg-Compute-Communication-Ratio = 2648.330083
Process 4 contributed MY_TOTAL = 1053.986552, my_a = 222.000000, my_b= 222.666667
Integral: 21 computed

------------------------------------------------------------------------------
Waiting to receive partition information from master !
Process 4 computing itegral over my_a = 232.000000, my_b= 232.666667
Called SetLoopLookahead: init: 0, final: 100000000, step: 1, loopDepth: 0, cumulative-num-iterations: 100000000, look-ahead-ns: 333333312
Avg-Compute-Communication-Ratio = 2650.952628
Process 4 contributed MY_TOTAL = 90.702016, my_a = 232.000000, my_b= 232.666667
Integral: 22 computed

------------------------------------------------------------------------------
Waiting to receive partition information from master !
Process 4 computing itegral over my_a = 242.000000, my_b= 242.666667
Called SetLoopLookahead: init: 0, final: 100000000, step: 1, loopDepth: 0, cumulative-num-iterations: 100000000, look-ahead-ns: 333333312
Avg-Compute-Communication-Ratio = 2643.715796
Process 4 contributed MY_TOTAL = 795.497057, my_a = 242.000000, my_b= 242.666667
Integral: 23 computed

------------------------------------------------------------------------------
Waiting to receive partition information from master !
Process 4 computing itegral over my_a = 252.000000, my_b= 252.666667
Called SetLoopLookahead: init: 0, final: 100000000, step: 1, loopDepth: 0, cumulative-num-iterations: 100000000, look-ahead-ns: 333333312
Avg-Compute-Communication-Ratio = 2640.434727
Process 4 contributed MY_TOTAL = 1975.522594, my_a = 252.000000, my_b= 252.666667
Integral: 24 computed

------------------------------------------------------------------------------
Waiting to receive partition information from master !
Process 4 computing itegral over my_a = 262.000000, my_b= 262.666667
Called SetLoopLookahead: init: 0, final: 100000000, step: 1, loopDepth: 0, cumulative-num-iterations: 100000000, look-ahead-ns: 333333312
Avg-Compute-Communication-Ratio = 2638.216438
Process 4 contributed MY_TOTAL = 776.688738, my_a = 262.000000, my_b= 262.666667
Integral: 25 computed

------------------------------------------------------------------------------
Waiting to receive partition information from master !
Process 4 computing itegral over my_a = 272.000000, my_b= 272.666667
Called SetLoopLookahead: init: 0, final: 100000000, step: 1, loopDepth: 0, cumulative-num-iterations: 100000000, look-ahead-ns: 333333312
Avg-Compute-Communication-Ratio = 2638.484022
Process 4 contributed MY_TOTAL = 2129.364665, my_a = 272.000000, my_b= 272.666667
Integral: 26 computed

------------------------------------------------------------------------------
Waiting to receive partition information from master !
Process 4 computing itegral over my_a = 282.000000, my_b= 282.666667
Called SetLoopLookahead: init: 0, final: 100000000, step: 1, loopDepth: 0, cumulative-num-iterations: 100000000, look-ahead-ns: 333333312
Avg-Compute-Communication-Ratio = 2637.986998
Process 4 contributed MY_TOTAL = 711.208174, my_a = 282.000000, my_b= 282.666667
Integral: 27 computed

------------------------------------------------------------------------------
Waiting to receive partition information from master !
Process 4 computing itegral over my_a = 292.000000, my_b= 292.666667
Called SetLoopLookahead: init: 0, final: 100000000, step: 1, loopDepth: 0, cumulative-num-iterations: 100000000, look-ahead-ns: 333333312
Avg-Compute-Communication-Ratio = 2632.496187
Process 4 contributed MY_TOTAL = 2251.380286, my_a = 292.000000, my_b= 292.666667
Integral: 28 computed

------------------------------------------------------------------------------
Waiting to receive partition information from master !
Process 4 computing itegral over my_a = 302.000000, my_b= 302.666667
Called SetLoopLookahead: init: 0, final: 100000000, step: 1, loopDepth: 0, cumulative-num-iterations: 100000000, look-ahead-ns: 333333312
Avg-Compute-Communication-Ratio = 2630.848461
Process 4 contributed MY_TOTAL = 618.753290, my_a = 302.000000, my_b= 302.666667
Integral: 29 computed

------------------------------------------------------------------------------
Waiting to receive partition information from master !
Process 4 computing itegral over my_a = 312.000000, my_b= 312.666667
Called SetLoopLookahead: init: 0, final: 100000000, step: 1, loopDepth: 0, cumulative-num-iterations: 100000000, look-ahead-ns: 333333312
Exp finishing. Stopping stack thread with id: 6!

------------------------- ACTUAL STDOUT FROM EXECUTABLE ENDED -----------------------------

Process: 6 exiting VT experiment !
Main thread exiting. PID = 6
