Attempting to set static arp entries ...
Tracer: 6 >> Using SRC IP: 10.1.47.142 for any spawned virtual tcp-stacks
Tracer: 6 >> Updating firewall rules to drop outgoing TCP-RST packets
Attempting to set firewall rules ...
Tracer: 6 >> CMD TO RUN: /home/vignesh/VT-S3FNet/csudp/tcp_incast_tgen/incast_tgen client 5 10.1.47.122 7895 1000000 2000 > /home/vignesh/VT-S3FNet/experiment-data/TCP_LA_Disabled_incast_tgen_nemus_11_txSize_2000/client5.log
args[0] = /home/vignesh/VT-S3FNet/csudp/tcp_incast_tgen/incast_tgen
args[1] = client
args[2] = 5
args[3] = 10.1.47.122
args[4] = 7895
args[5] = 1000000
args[6] = 2000
Setting appropriate environment variables ...
HOME DIRECTORY : /home/vignesh
Parsing TTN config file: /home/vignesh/.ttn/projects.db
Setting VT_L1_INS_CACHE_MISS_CYCLES to: 100
Setting VT_L1_INS_CACHE_LINES to: 64
Setting VT_L1_INS_CACHE_SIZE_KB to: 32
Setting VT_L1_INS_CACHE_ASSOC to: 8
Setting VT_L1_INS_CACHE_REPLACEMENT_POLICY to: LRU
Setting VT_L1_DATA_CACHE_MISS_CYCLES to: 100
Setting VT_L1_DATA_CACHE_LINES to: 64
Setting VT_L1_DATA_CACHE_SIZE_KB to: 32
Setting VT_L1_DATA_CACHE_ASSOC to: 8
Setting VT_L1_DATA_CACHE_REPLACEMENT_POLICY to: LRU
Setting VT_CPU_CYLES_NS to: 2.700000
Setting VT_NIC_SPEED_MBPS to: 1000.000000
Setting VT_TIMING_MODEL to: EMPIRICAL
Setting VT_BBL_LOOKAHEAD_FILE to: /home/vignesh/VT-S3FNet/csudp/tcp_incast_tgen/.ttn/lookahead/bbl_lookahead.info
Setting VT_LOOP_LOOKAHEAD_FILE to: /home/vignesh/VT-S3FNet/csudp/tcp_incast_tgen/.ttn/lookahead/loop_lookahead.info
Starting command: /home/vignesh/VT-S3FNet/csudp/tcp_incast_tgen/incast_tgen
Loading orig functions !
Starting executable with Pid = 6
Loading pointers to VTL Logic functions
Loaded pointers to all VTL Logic functions
Now Initializing VT-Management 
Extracting env variables !
Extracted tracer-id: 6
Extracted exp-type: 2
Extracted cpu-cycles-ns: 2.700000
Extracted socket-layer-ip: -1909522166
Starting VT-initialization !
Tracer-ID: 6, Timeline-ID: 6
Tracer registration for EXP_CS complete. TimelineID = 6, Return = 6
Tracer Adding to SQ. Tracer ID = 6
Parsing any provided lookahead information ...
Opening file: /home/vignesh/VT-S3FNet/csudp/tcp_incast_tgen/.ttn/lookahead/bbl_lookahead.info
File size: 368
mapped memblock size: 368
Finish offset: 42, Number of values: 42
Returning success !
Loaded BBL lookaheads for 42 basic blocks ...
Opening file: /home/vignesh/VT-S3FNet/csudp/tcp_incast_tgen/.ttn/lookahead/loop_lookahead.info
File size: 48
mapped memblock size: 48
Finish offset: 2, Number of values: 2
Returning success !
Loaded Loop lookaheads for 2 loops ...
VT initialization successfull !
Finished Initializing VT-Management 
Initializing TCP-stack ...
TCP stack unique-id: 66
Starting virtual socket layer stack-thread !
Pthread_create: vtStackThread special case
Successfully initialized VTL-Logic embedded into the executable

------------------------- ACTUAL STDOUT FROM EXECUTABLE STARTS -----------------------------

Client: MyPid: 6
Adding new vt-tcp-socket !
Creating vt-tcp socket !
Client socket fd = 4097
setsockopt through vt-tcp !
setsockopt through vt-tcp !
Connecting to server ...
Connecting .. Socket: 4097, src-port: 40001
Waking up connected socket !
Socket connect success. socket = 4097
Connecting through vt-tcp success !
Sending data ...
Sending msgs of size: 1460 to server ...
Sent: 2000 KB after: 0.142992 secs
Sent: 2000 KB after: 1.357500 secs
Sent: 2000 KB after: 0.602449 secs
Sent: 2000 KB after: 0.109190 secs
Sent: 2000 KB after: 0.971974 secs
Sent: 2000 KB after: 0.049179 secs
Sent: 2000 KB after: 0.355329 secs
Sent: 2000 KB after: 0.584580 secs
Sent: 2000 KB after: 0.997823 secs
Sent: 2000 KB after: 0.808949 secs
Sent: 2000 KB after: 0.094750 secs
Sent: 2000 KB after: 1.045741 secs
Exp finishing. Stopping stack thread with id: 6!
VT-sleep-for exiting !

------------------------- ACTUAL STDOUT FROM EXECUTABLE ENDED -----------------------------

Process: 6 exiting VT experiment !
Main thread exiting. PID = 6
