Attempting to set static arp entries ...
Tracer: 1 >> Using SRC IP: 10.1.37.74 for any spawned virtual tcp-stacks
Tracer: 1 >> Updating firewall rules to drop outgoing TCP-RST packets
Attempting to set firewall rules ...
Tracer: 1 >> CMD TO RUN: /home/vignesh/VT-S3FNet/csudp/mpi_matrix/mpi_mm 0 21 10.1.37.74 > /home/vignesh/VT-S3FNet/experiment-data/MPI_LA_Disabled_nemus_21_mpi_mm/master.log
args[0] = /home/vignesh/VT-S3FNet/csudp/mpi_matrix/mpi_mm
args[1] = 0
args[2] = 21
args[3] = 10.1.37.74
Setting appropriate environment variables ...
HOME DIRECTORY : /home/vignesh
Parsing TTN config file: /home/vignesh/.ttn/projects.db
Setting VT_L1_INS_CACHE_MISS_CYCLES to: 100
Setting VT_L1_INS_CACHE_LINES to: 64
Setting VT_L1_INS_CACHE_SIZE_KB to: 32
Setting VT_L1_INS_CACHE_ASSOC to: 8
Setting VT_L1_INS_CACHE_REPLACEMENT_POLICY to: LRU
Setting VT_L1_DATA_CACHE_MISS_CYCLES to: 100
Setting VT_L1_DATA_CACHE_LINES to: 64
Setting VT_L1_DATA_CACHE_SIZE_KB to: 32
Setting VT_L1_DATA_CACHE_ASSOC to: 8
Setting VT_L1_DATA_CACHE_REPLACEMENT_POLICY to: LRU
Setting VT_CPU_CYLES_NS to: 2.700000
Setting VT_NIC_SPEED_MBPS to: 1000.000000
Setting VT_TIMING_MODEL to: EMPIRICAL
Setting VT_BBL_LOOKAHEAD_FILE to: /home/vignesh/VT-S3FNet/csudp/mpi_matrix/.ttn/lookahead/bbl_lookahead.info
Setting VT_LOOP_LOOKAHEAD_FILE to: /home/vignesh/VT-S3FNet/csudp/mpi_matrix/.ttn/lookahead/loop_lookahead.info
Starting command: /home/vignesh/VT-S3FNet/csudp/mpi_matrix/mpi_mm
Loading orig functions !
Starting executable with Pid = 6
Loading pointers to VTL Logic functions
Loaded pointers to all VTL Logic functions
Now Initializing VT-Management 
Extracting env variables !
Extracted tracer-id: 1
Extracted exp-type: 2
Extracted cpu-cycles-ns: 2.700000
Extracted socket-layer-ip: 1243939082
Starting VT-initialization !
Tracer-ID: 1, Timeline-ID: 1
Tracer registration for EXP_CS complete. TimelineID = 1, Return = 1
Tracer Adding to SQ. Tracer ID = 1
Parsing any provided lookahead information ...
Opening file: /home/vignesh/VT-S3FNet/csudp/mpi_matrix/.ttn/lookahead/bbl_lookahead.info
File size: 344
mapped memblock size: 344
Finish offset: 39, Number of values: 39
Returning success !
Loaded BBL lookaheads for 39 basic blocks ...
Opening file: /home/vignesh/VT-S3FNet/csudp/mpi_matrix/.ttn/lookahead/loop_lookahead.info
File size: 128
mapped memblock size: 128
Finish offset: 12, Number of values: 12
Returning success !
Loaded Loop lookaheads for 12 loops ...
VT initialization successfull !
Finished Initializing VT-Management 
Initializing TCP-stack ...
TCP stack unique-id: 16
Starting virtual socket layer stack-thread !
Pthread_create: vtStackThread special case
Successfully initialized VTL-Logic embedded into the executable

------------------------- ACTUAL STDOUT FROM EXECUTABLE STARTS -----------------------------

Rank = 0, Total = 21, IP = 10.1.37.74
Adding new vt-tcp-socket !
Creating vt-tcp socket !
bind through vt-tcp !
Server socket bound to ip:port: 10.1.37.74:10000
Waiting for OK message from other nodes !
Waiting for OK message !
listen through vt-tcp !
Accept through vt-tcp !
Successfully received OK message !

---------------- Waiting for higher ranked nodes to connect --------------
listen through vt-tcp !
Accepting connection from higher ranked node: 20
Accept through vt-tcp !
Accepted connection from higher ranked node: 20
Successfully connected with higher ranked node: 20
Accepting connection from higher ranked node: 19
Accept through vt-tcp !
Accepted connection from higher ranked node: 19
Successfully connected with higher ranked node: 19
Accepting connection from higher ranked node: 18
Accept through vt-tcp !
Accepted connection from higher ranked node: 18
Successfully connected with higher ranked node: 18
Accepting connection from higher ranked node: 17
Accept through vt-tcp !
Accepted connection from higher ranked node: 17
Successfully connected with higher ranked node: 17
Accepting connection from higher ranked node: 16
Accept through vt-tcp !
Accepted connection from higher ranked node: 16
Successfully connected with higher ranked node: 16
Accepting connection from higher ranked node: 15
Accept through vt-tcp !
Accepted connection from higher ranked node: 15
Successfully connected with higher ranked node: 15
Accepting connection from higher ranked node: 14
Accept through vt-tcp !
Accepted connection from higher ranked node: 14
Successfully connected with higher ranked node: 14
Accepting connection from higher ranked node: 13
Accept through vt-tcp !
Accepted connection from higher ranked node: 13
Successfully connected with higher ranked node: 13
Accepting connection from higher ranked node: 12
Accept through vt-tcp !
Accepted connection from higher ranked node: 12
Successfully connected with higher ranked node: 12
Accepting connection from higher ranked node: 11
Accept through vt-tcp !
Accepted connection from higher ranked node: 11
Successfully connected with higher ranked node: 11
Accepting connection from higher ranked node: 10
Accept through vt-tcp !
Accepted connection from higher ranked node: 10
Successfully connected with higher ranked node: 10
Accepting connection from higher ranked node: 9
Accept through vt-tcp !
Accepted connection from higher ranked node: 9
Successfully connected with higher ranked node: 9
Accepting connection from higher ranked node: 8
Accept through vt-tcp !
Accepted connection from higher ranked node: 8
Successfully connected with higher ranked node: 8
Accepting connection from higher ranked node: 7
Accept through vt-tcp !
Accepted connection from higher ranked node: 7
Successfully connected with higher ranked node: 7
Accepting connection from higher ranked node: 6
Accept through vt-tcp !
Accepted connection from higher ranked node: 6
Successfully connected with higher ranked node: 6
Accepting connection from higher ranked node: 5
Accept through vt-tcp !
Accepted connection from higher ranked node: 5
Successfully connected with higher ranked node: 5
Accepting connection from higher ranked node: 4
Accept through vt-tcp !
Accepted connection from higher ranked node: 4
Successfully connected with higher ranked node: 4
Accepting connection from higher ranked node: 3
Accept through vt-tcp !
Accepted connection from higher ranked node: 3
Successfully connected with higher ranked node: 3
Accepting connection from higher ranked node: 2
Accept through vt-tcp !
Accepted connection from higher ranked node: 2
Successfully connected with higher ranked node: 2
Accepting connection from higher ranked node: 1
Accept through vt-tcp !
Accepted connection from higher ranked node: 1
Successfully connected with higher ranked node: 1
Closing server socket: 4097
Clearing all tcp timers !
TCP-done for socket: 4097, err: -103

---------------- Connecting to lowed ranked nodes ! --------------

---------------- Creating listen Thread ! --------------

---------------- MPI-Init success ! --------------
Sending 100 rows to task 1 offset=0
Sending offset = 0 to dest = 1
Sending partition size (rows) = 100 to dest = 1
A-matrix partition size sent to worker:  1
Sending 100 rows to task 2 offset=100
Sending offset = 100 to dest = 2
Sending partition size (rows) = 100 to dest = 2
A-matrix partition size sent to worker:  2
Sending 100 rows to task 3 offset=200
Sending offset = 200 to dest = 3
Sending partition size (rows) = 100 to dest = 3
A-matrix partition size sent to worker:  3
Sending 100 rows to task 4 offset=300
Sending offset = 300 to dest = 4
Sending partition size (rows) = 100 to dest = 4
A-matrix partition size sent to worker:  4
Sending 100 rows to task 5 offset=400
Sending offset = 400 to dest = 5
Sending partition size (rows) = 100 to dest = 5
A-matrix partition size sent to worker:  5
Sending 100 rows to task 6 offset=500
Sending offset = 500 to dest = 6
Sending partition size (rows) = 100 to dest = 6
A-matrix partition size sent to worker:  6
Sending 100 rows to task 7 offset=600
Sending offset = 600 to dest = 7
Sending partition size (rows) = 100 to dest = 7
A-matrix partition size sent to worker:  7
Sending 100 rows to task 8 offset=700
Sending offset = 700 to dest = 8
Sending partition size (rows) = 100 to dest = 8
A-matrix partition size sent to worker:  8
Sending 100 rows to task 9 offset=800
Sending offset = 800 to dest = 9
Sending partition size (rows) = 100 to dest = 9
A-matrix partition size sent to worker:  9
Sending 100 rows to task 10 offset=900
Sending offset = 900 to dest = 10
Sending partition size (rows) = 100 to dest = 10
A-matrix partition size sent to worker:  10
Sending 100 rows to task 11 offset=1000
Sending offset = 1000 to dest = 11
Sending partition size (rows) = 100 to dest = 11
A-matrix partition size sent to worker:  11
Sending 100 rows to task 12 offset=1100
Sending offset = 1100 to dest = 12
Sending partition size (rows) = 100 to dest = 12
A-matrix partition size sent to worker:  12
Sending 100 rows to task 13 offset=1200
Sending offset = 1200 to dest = 13
Sending partition size (rows) = 100 to dest = 13
A-matrix partition size sent to worker:  13
Sending 100 rows to task 14 offset=1300
Sending offset = 1300 to dest = 14
Sending partition size (rows) = 100 to dest = 14
A-matrix partition size sent to worker:  14
Sending 100 rows to task 15 offset=1400
Sending offset = 1400 to dest = 15
Sending partition size (rows) = 100 to dest = 15
A-matrix partition size sent to worker:  15
Sending 100 rows to task 16 offset=1500
Sending offset = 1500 to dest = 16
Sending partition size (rows) = 100 to dest = 16
A-matrix partition size sent to worker:  16
Sending 100 rows to task 17 offset=1600
Sending offset = 1600 to dest = 17
Sending partition size (rows) = 100 to dest = 17
A-matrix partition size sent to worker:  17
Sending 100 rows to task 18 offset=1700
Sending offset = 1700 to dest = 18
Sending partition size (rows) = 100 to dest = 18
A-matrix partition size sent to worker:  18
Sending 100 rows to task 19 offset=1800
Sending offset = 1800 to dest = 19
Sending partition size (rows) = 100 to dest = 19
A-matrix partition size sent to worker:  19
Sending 100 rows to task 20 offset=1900
Sending offset = 1900 to dest = 20
Sending partition size (rows) = 100 to dest = 20
A-matrix partition size sent to worker:  20

******************************************************
mpi_mm has started with 21 tasks.
Initializing X vector...
Socket: 4097 garbage collection
Freeing socket: 4097
Adding new Thread: 8
Signal Burst Completion: Flushing Data Cache !
Resuming new Thread with Burst of length: 5400
Trigger syscall finish: 6, currActiveThreadID = 8, myThreadID = 6. Flushing Data Cache !
Broadcasted X and V to all workers !
Received offset = 0 from 1
Received rows = 100 from 1
Received results from task 1
Received offset = 100 from 2
Received rows = 100 from 2
Received results from task 2
Received offset = 200 from 3
Received rows = 100 from 3
Received results from task 3
Received offset = 300 from 4
Received rows = 100 from 4
Received results from task 4
Received offset = 400 from 5
Received rows = 100 from 5
Received results from task 5
Received offset = 500 from 6
Received rows = 100 from 6
Received results from task 6
Received offset = 600 from 7
Received rows = 100 from 7
Received results from task 7
Received offset = 700 from 8
Received rows = 100 from 8
Received results from task 8
Received offset = 800 from 9
Received rows = 100 from 9
Received results from task 9
Received offset = 900 from 10
Received rows = 100 from 10
Received results from task 10
Received offset = 1000 from 11
Received rows = 100 from 11
Received results from task 11
Received offset = 1100 from 12
Received rows = 100 from 12
Received results from task 12
Received offset = 1200 from 13
Received rows = 100 from 13
Received results from task 13
Received offset = 1300 from 14
Received rows = 100 from 14
Received results from task 14
Received offset = 1400 from 15
Received rows = 100 from 15
Received results from task 15
Received offset = 1500 from 16
Received rows = 100 from 16
Received results from task 16
Received offset = 1600 from 17
Received rows = 100 from 17
Received results from task 17
Received offset = 1700 from 18
Received rows = 100 from 18
Received results from task 18
Received offset = 1800 from 19
Received rows = 100 from 19
Received results from task 19
Received offset = 1900 from 20
Received rows = 100 from 20
Received results from task 20
MSG: 0 Done.
Avg-Job-Completion-Time = 0.907894 (sec)

******************************************************
Initializing X vector...
Broadcasted X and V to all workers !
Received offset = 0 from 1
Received rows = 100 from 1
Received results from task 1
Received offset = 100 from 2
Received rows = 100 from 2
Received results from task 2
Received offset = 200 from 3
Received rows = 100 from 3
Received results from task 3
Received offset = 300 from 4
Received rows = 100 from 4
Received results from task 4
Received offset = 400 from 5
Received rows = 100 from 5
Received results from task 5
Received offset = 500 from 6
Received rows = 100 from 6
Received results from task 6
Received offset = 600 from 7
Received rows = 100 from 7
Received results from task 7
Received offset = 700 from 8
Received rows = 100 from 8
Received results from task 8
Received offset = 800 from 9
Received rows = 100 from 9
Received results from task 9
Received offset = 900 from 10
Received rows = 100 from 10
Received results from task 10
Received offset = 1000 from 11
Received rows = 100 from 11
Received results from task 11
Received offset = 1100 from 12
Received rows = 100 from 12
Received results from task 12
Received offset = 1200 from 13
Received rows = 100 from 13
Received results from task 13
Received offset = 1300 from 14
Received rows = 100 from 14
Received results from task 14
Received offset = 1400 from 15
Received rows = 100 from 15
Received results from task 15
Received offset = 1500 from 16
Received rows = 100 from 16
Received results from task 16
Received offset = 1600 from 17
Received rows = 100 from 17
Received results from task 17
Received offset = 1700 from 18
Received rows = 100 from 18
Received results from task 18
Received offset = 1800 from 19
Received rows = 100 from 19
Received results from task 19
Received offset = 1900 from 20
Received rows = 100 from 20
Received results from task 20
MSG: 1 Done.
Avg-Job-Completion-Time = 0.907835 (sec)

******************************************************
Initializing X vector...
Broadcasted X and V to all workers !
Received offset = 0 from 1
Received rows = 100 from 1
Received results from task 1
Received offset = 100 from 2
Received rows = 100 from 2
Received results from task 2
Received offset = 200 from 3
Received rows = 100 from 3
Received results from task 3
Received offset = 300 from 4
Received rows = 100 from 4
Received results from task 4
Received offset = 400 from 5
Received rows = 100 from 5
Received results from task 5
Received offset = 500 from 6
Received rows = 100 from 6
Received results from task 6
Received offset = 600 from 7
Received rows = 100 from 7
Received results from task 7
Received offset = 700 from 8
Received rows = 100 from 8
Received results from task 8
Received offset = 800 from 9
Received rows = 100 from 9
Received results from task 9
Received offset = 900 from 10
Received rows = 100 from 10
Received results from task 10
Received offset = 1000 from 11
Received rows = 100 from 11
Received results from task 11
Received offset = 1100 from 12
Received rows = 100 from 12
Received results from task 12
Received offset = 1200 from 13
Received rows = 100 from 13
Received results from task 13
Received offset = 1300 from 14
Received rows = 100 from 14
Received results from task 14
Received offset = 1400 from 15
Received rows = 100 from 15
Received results from task 15
Received offset = 1500 from 16
Received rows = 100 from 16
Received results from task 16
Received offset = 1600 from 17
Received rows = 100 from 17
Received results from task 17
Received offset = 1700 from 18
Received rows = 100 from 18
Received results from task 18
Received offset = 1800 from 19
Received rows = 100 from 19
Received results from task 19
Received offset = 1900 from 20
Received rows = 100 from 20
Received results from task 20
MSG: 2 Done.
Avg-Job-Completion-Time = 0.907744 (sec)

******************************************************
Initializing X vector...
Broadcasted X and V to all workers !
Received offset = 0 from 1
Received rows = 100 from 1
Received results from task 1
Received offset = 100 from 2
Received rows = 100 from 2
Received results from task 2
Received offset = 200 from 3
Received rows = 100 from 3
Received results from task 3
Received offset = 300 from 4
Received rows = 100 from 4
Received results from task 4
Received offset = 400 from 5
Received rows = 100 from 5
Received results from task 5
Received offset = 500 from 6
Received rows = 100 from 6
Received results from task 6
Received offset = 600 from 7
Received rows = 100 from 7
Received results from task 7
Received offset = 700 from 8
Received rows = 100 from 8
Received results from task 8
Received offset = 800 from 9
Received rows = 100 from 9
Received results from task 9
Received offset = 900 from 10
Received rows = 100 from 10
Received results from task 10
Received offset = 1000 from 11
Received rows = 100 from 11
Received results from task 11
Received offset = 1100 from 12
Received rows = 100 from 12
Received results from task 12
Received offset = 1200 from 13
Received rows = 100 from 13
Received results from task 13
Received offset = 1300 from 14
Received rows = 100 from 14
Received results from task 14
Received offset = 1400 from 15
Received rows = 100 from 15
Received results from task 15
Received offset = 1500 from 16
Received rows = 100 from 16
Received results from task 16
Received offset = 1600 from 17
Received rows = 100 from 17
Received results from task 17
Received offset = 1700 from 18
Received rows = 100 from 18
Received results from task 18
Received offset = 1800 from 19
Received rows = 100 from 19
Received results from task 19
Received offset = 1900 from 20
Received rows = 100 from 20
Received results from task 20
MSG: 3 Done.
Avg-Job-Completion-Time = 0.907751 (sec)

******************************************************
Initializing X vector...
Broadcasted X and V to all workers !
Received offset = 0 from 1
Received rows = 100 from 1
Received results from task 1
Received offset = 100 from 2
Received rows = 100 from 2
Received results from task 2
Received offset = 200 from 3
Received rows = 100 from 3
Received results from task 3
Received offset = 300 from 4
Received rows = 100 from 4
Received results from task 4
Received offset = 400 from 5
Received rows = 100 from 5
Received results from task 5
Received offset = 500 from 6
Received rows = 100 from 6
Received results from task 6
Received offset = 600 from 7
Received rows = 100 from 7
Received results from task 7
Received offset = 700 from 8
Received rows = 100 from 8
Received results from task 8
Received offset = 800 from 9
Received rows = 100 from 9
Received results from task 9
Received offset = 900 from 10
Received rows = 100 from 10
Received results from task 10
Received offset = 1000 from 11
Received rows = 100 from 11
Received results from task 11
Received offset = 1100 from 12
Received rows = 100 from 12
Received results from task 12
Received offset = 1200 from 13
Received rows = 100 from 13
Received results from task 13
Received offset = 1300 from 14
Received rows = 100 from 14
Received results from task 14
Received offset = 1400 from 15
Received rows = 100 from 15
Received results from task 15
Received offset = 1500 from 16
Received rows = 100 from 16
Received results from task 16
Received offset = 1600 from 17
Received rows = 100 from 17
Received results from task 17
Received offset = 1700 from 18
Received rows = 100 from 18
Received results from task 18
Received offset = 1800 from 19
Received rows = 100 from 19
Received results from task 19
Received offset = 1900 from 20
Received rows = 100 from 20
Received results from task 20
MSG: 4 Done.
Avg-Job-Completion-Time = 0.907774 (sec)

******************************************************
Initializing X vector...
Broadcasted X and V to all workers !
Received offset = 0 from 1
Received rows = 100 from 1
Received results from task 1
Received offset = 100 from 2
Received rows = 100 from 2
Received results from task 2
Received offset = 200 from 3
Received rows = 100 from 3
Received results from task 3
Received offset = 300 from 4
Received rows = 100 from 4
Received results from task 4
Received offset = 400 from 5
Received rows = 100 from 5
Received results from task 5
Received offset = 500 from 6
Received rows = 100 from 6
Received results from task 6
Received offset = 600 from 7
Received rows = 100 from 7
Received results from task 7
Received offset = 700 from 8
Received rows = 100 from 8
Received results from task 8
Received offset = 800 from 9
Received rows = 100 from 9
Received results from task 9
Received offset = 900 from 10
Received rows = 100 from 10
Received results from task 10
Received offset = 1000 from 11
Received rows = 100 from 11
Received results from task 11
Received offset = 1100 from 12
Received rows = 100 from 12
Received results from task 12
Received offset = 1200 from 13
Received rows = 100 from 13
Received results from task 13
Received offset = 1300 from 14
Received rows = 100 from 14
Received results from task 14
Received offset = 1400 from 15
Received rows = 100 from 15
Received results from task 15
Received offset = 1500 from 16
Received rows = 100 from 16
Received results from task 16
Received offset = 1600 from 17
Received rows = 100 from 17
Received results from task 17
Received offset = 1700 from 18
Received rows = 100 from 18
Received results from task 18
Received offset = 1800 from 19
Received rows = 100 from 19
Received results from task 19
Received offset = 1900 from 20
Received rows = 100 from 20
Received results from task 20
MSG: 5 Done.
Avg-Job-Completion-Time = 0.907763 (sec)

******************************************************
Initializing X vector...
Broadcasted X and V to all workers !
Received offset = 0 from 1
Received rows = 100 from 1
Received results from task 1
Received offset = 100 from 2
Received rows = 100 from 2
Received results from task 2
Received offset = 200 from 3
Received rows = 100 from 3
Received results from task 3
Received offset = 300 from 4
Received rows = 100 from 4
Received results from task 4
Received offset = 400 from 5
Received rows = 100 from 5
Received results from task 5
Received offset = 500 from 6
Received rows = 100 from 6
Received results from task 6
Received offset = 600 from 7
Received rows = 100 from 7
Received results from task 7
Received offset = 700 from 8
Received rows = 100 from 8
Received results from task 8
Received offset = 800 from 9
Received rows = 100 from 9
Received results from task 9
Received offset = 900 from 10
Received rows = 100 from 10
Received results from task 10
Received offset = 1000 from 11
Received rows = 100 from 11
Received results from task 11
Received offset = 1100 from 12
Received rows = 100 from 12
Received results from task 12
Received offset = 1200 from 13
Received rows = 100 from 13
Received results from task 13
Received offset = 1300 from 14
Received rows = 100 from 14
Received results from task 14
Received offset = 1400 from 15
Received rows = 100 from 15
Received results from task 15
Received offset = 1500 from 16
Received rows = 100 from 16
Received results from task 16
Received offset = 1600 from 17
Received rows = 100 from 17
Received results from task 17
Received offset = 1700 from 18
Received rows = 100 from 18
Received results from task 18
Received offset = 1800 from 19
Received rows = 100 from 19
Received results from task 19
Received offset = 1900 from 20
Received rows = 100 from 20
Received results from task 20
MSG: 6 Done.
Avg-Job-Completion-Time = 0.907765 (sec)

******************************************************
Initializing X vector...
Broadcasted X and V to all workers !
Received offset = 0 from 1
Received rows = 100 from 1
Received results from task 1
Received offset = 100 from 2
Received rows = 100 from 2
Received results from task 2
Received offset = 200 from 3
Received rows = 100 from 3
Received results from task 3
Received offset = 300 from 4
Received rows = 100 from 4
Received results from task 4
Received offset = 400 from 5
Received rows = 100 from 5
Received results from task 5
Received offset = 500 from 6
Received rows = 100 from 6
Received results from task 6
Received offset = 600 from 7
Received rows = 100 from 7
Received results from task 7
Received offset = 700 from 8
Received rows = 100 from 8
Received results from task 8
Received offset = 800 from 9
Received rows = 100 from 9
Received results from task 9
Received offset = 900 from 10
Received rows = 100 from 10
Received results from task 10
Received offset = 1000 from 11
Received rows = 100 from 11
Received results from task 11
Received offset = 1100 from 12
Received rows = 100 from 12
Received results from task 12
Received offset = 1200 from 13
Received rows = 100 from 13
Received results from task 13
Received offset = 1300 from 14
Received rows = 100 from 14
Received results from task 14
Received offset = 1400 from 15
Received rows = 100 from 15
Received results from task 15
Received offset = 1500 from 16
Received rows = 100 from 16
Received results from task 16
Received offset = 1600 from 17
Received rows = 100 from 17
Received results from task 17
Received offset = 1700 from 18
Received rows = 100 from 18
Received results from task 18
Received offset = 1800 from 19
Received rows = 100 from 19
Received results from task 19
Received offset = 1900 from 20
Received rows = 100 from 20
Received results from task 20
MSG: 7 Done.
Avg-Job-Completion-Time = 0.907783 (sec)

******************************************************
Initializing X vector...
Broadcasted X and V to all workers !
Received offset = 0 from 1
Received rows = 100 from 1
Received results from task 1
Received offset = 100 from 2
Received rows = 100 from 2
Received results from task 2
Received offset = 200 from 3
Received rows = 100 from 3
Received results from task 3
Received offset = 300 from 4
Received rows = 100 from 4
Received results from task 4
Received offset = 400 from 5
Received rows = 100 from 5
Received results from task 5
Received offset = 500 from 6
Received rows = 100 from 6
Received results from task 6
Received offset = 600 from 7
Received rows = 100 from 7
Received results from task 7
Received offset = 700 from 8
Received rows = 100 from 8
Received results from task 8
Received offset = 800 from 9
Received rows = 100 from 9
Received results from task 9
Received offset = 900 from 10
Received rows = 100 from 10
Received results from task 10
Received offset = 1000 from 11
Received rows = 100 from 11
Received results from task 11
Received offset = 1100 from 12
Received rows = 100 from 12
Received results from task 12
Received offset = 1200 from 13
Received rows = 100 from 13
Received results from task 13
Received offset = 1300 from 14
Received rows = 100 from 14
Received results from task 14
Received offset = 1400 from 15
Received rows = 100 from 15
Received results from task 15
Received offset = 1500 from 16
Received rows = 100 from 16
Received results from task 16
Received offset = 1600 from 17
Received rows = 100 from 17
Received results from task 17
Received offset = 1700 from 18
Received rows = 100 from 18
Received results from task 18
Received offset = 1800 from 19
Received rows = 100 from 19
Received results from task 19
Received offset = 1900 from 20
Received rows = 100 from 20
Received results from task 20
MSG: 8 Done.
Avg-Job-Completion-Time = 0.907770 (sec)

******************************************************
Initializing X vector...
Broadcasted X and V to all workers !
Received offset = 0 from 1
Received rows = 100 from 1
Received results from task 1
Received offset = 100 from 2
Received rows = 100 from 2
Received results from task 2
Received offset = 200 from 3
Received rows = 100 from 3
Received results from task 3
Received offset = 300 from 4
Received rows = 100 from 4
Received results from task 4
Received offset = 400 from 5
Received rows = 100 from 5
Received results from task 5
Received offset = 500 from 6
Received rows = 100 from 6
Received results from task 6
Received offset = 600 from 7
Received rows = 100 from 7
Received results from task 7
Received offset = 700 from 8
Received rows = 100 from 8
Received results from task 8
Received offset = 800 from 9
Received rows = 100 from 9
Received results from task 9
Received offset = 900 from 10
Received rows = 100 from 10
Received results from task 10
Received offset = 1000 from 11
Received rows = 100 from 11
Received results from task 11
Received offset = 1100 from 12
Received rows = 100 from 12
Received results from task 12
Received offset = 1200 from 13
Received rows = 100 from 13
Received results from task 13
Received offset = 1300 from 14
Received rows = 100 from 14
Received results from task 14
Received offset = 1400 from 15
Received rows = 100 from 15
Received results from task 15
Received offset = 1500 from 16
Received rows = 100 from 16
Received results from task 16
Received offset = 1600 from 17
Received rows = 100 from 17
Received results from task 17
Received offset = 1700 from 18
Received rows = 100 from 18
Received results from task 18
Received offset = 1800 from 19
Received rows = 100 from 19
Received results from task 19
Received offset = 1900 from 20
Received rows = 100 from 20
Received results from task 20
MSG: 9 Done.
Avg-Job-Completion-Time = 0.907760 (sec)

******************************************************
Initializing X vector...
Broadcasted X and V to all workers !
Received offset = 0 from 1
Received rows = 100 from 1
Received results from task 1
Received offset = 100 from 2
Received rows = 100 from 2
Received results from task 2
Received offset = 200 from 3
Received rows = 100 from 3
Received results from task 3
Received offset = 300 from 4
Received rows = 100 from 4
Received results from task 4
Received offset = 400 from 5
Received rows = 100 from 5
Received results from task 5
Received offset = 500 from 6
Received rows = 100 from 6
Received results from task 6
Received offset = 600 from 7
Received rows = 100 from 7
Received results from task 7
Received offset = 700 from 8
Received rows = 100 from 8
Received results from task 8
Received offset = 800 from 9
Received rows = 100 from 9
Received results from task 9
Received offset = 900 from 10
Received rows = 100 from 10
Received results from task 10
Received offset = 1000 from 11
Received rows = 100 from 11
Received results from task 11
Received offset = 1100 from 12
Received rows = 100 from 12
Received results from task 12
Received offset = 1200 from 13
Received rows = 100 from 13
Received results from task 13
Received offset = 1300 from 14
Received rows = 100 from 14
Received results from task 14
Received offset = 1400 from 15
Received rows = 100 from 15
Received results from task 15
Received offset = 1500 from 16
Received rows = 100 from 16
Received results from task 16
Received offset = 1600 from 17
Received rows = 100 from 17
Received results from task 17
Received offset = 1700 from 18
Received rows = 100 from 18
Received results from task 18
Received offset = 1800 from 19
Received rows = 100 from 19
Received results from task 19
Received offset = 1900 from 20
Received rows = 100 from 20
Received results from task 20
MSG: 10 Done.
Avg-Job-Completion-Time = 0.907771 (sec)

******************************************************
Initializing X vector...
Broadcasted X and V to all workers !
Exp finishing. Stopping stack thread with id: 6!
