Attempting to set static arp entries ...
Tracer: 34 >> Using SRC IP: 10.1.20.170 for any spawned virtual tcp-stacks
Tracer: 34 >> Updating firewall rules to drop outgoing TCP-RST packets
Attempting to set firewall rules ...
Tracer: 34 >> CMD TO RUN: /home/vignesh/VT-S3FNet/csudp/tcp_tgen/tgen client 54 10.1.21.122 7891 poisson 200000 8 > /home/vignesh/VT-S3FNet/experiment-data/TCP_LA_Disabled_nemus_80_poisson_mu_200000_txsize_8/client54.log
args[0] = /home/vignesh/VT-S3FNet/csudp/tcp_tgen/tgen
args[1] = client
args[2] = 54
args[3] = 10.1.21.122
args[4] = 7891
args[5] = poisson
args[6] = 200000
args[7] = 8
Setting appropriate environment variables ...
HOME DIRECTORY : /home/vignesh
Parsing TTN config file: /home/vignesh/.ttn/projects.db
Setting VT_L1_INS_CACHE_MISS_CYCLES to: 100
Setting VT_L1_INS_CACHE_LINES to: 64
Setting VT_L1_INS_CACHE_SIZE_KB to: 32
Setting VT_L1_INS_CACHE_ASSOC to: 8
Setting VT_L1_INS_CACHE_REPLACEMENT_POLICY to: LRU
Setting VT_L1_DATA_CACHE_MISS_CYCLES to: 100
Setting VT_L1_DATA_CACHE_LINES to: 64
Setting VT_L1_DATA_CACHE_SIZE_KB to: 32
Setting VT_L1_DATA_CACHE_ASSOC to: 8
Setting VT_L1_DATA_CACHE_REPLACEMENT_POLICY to: LRU
Setting VT_CPU_CYLES_NS to: 2.700000
Setting VT_NIC_SPEED_MBPS to: 1000.000000
Setting VT_TIMING_MODEL to: EMPIRICAL
Setting VT_BBL_LOOKAHEAD_FILE to: /home/vignesh/VT-S3FNet/csudp/tcp_tgen/.ttn/lookahead/bbl_lookahead.info
Setting VT_LOOP_LOOKAHEAD_FILE to: /home/vignesh/VT-S3FNet/csudp/tcp_tgen/.ttn/lookahead/loop_lookahead.info
Starting command: /home/vignesh/VT-S3FNet/csudp/tcp_tgen/tgen
Loading orig functions !
Starting executable with Pid = 6
Loading pointers to VTL Logic functions
Loaded pointers to all VTL Logic functions
Now Initializing VT-Management 
Extracting env variables !
Extracted tracer-id: 34
Extracted exp-type: 2
Extracted cpu-cycles-ns: 2.700000
Extracted socket-layer-ip: -1441529590
Starting VT-initialization !
Tracer-ID: 34, Timeline-ID: 34
Tracer registration for EXP_CS complete. TimelineID = 34, Return = 34
Tracer Adding to SQ. Tracer ID = 34
Parsing any provided lookahead information ...
Opening file: /home/vignesh/VT-S3FNet/csudp/tcp_tgen/.ttn/lookahead/bbl_lookahead.info
File size: 592
mapped memblock size: 592
Finish offset: 70, Number of values: 70
Returning success !
Loaded BBL lookaheads for 70 basic blocks ...
Opening file: /home/vignesh/VT-S3FNet/csudp/tcp_tgen/.ttn/lookahead/loop_lookahead.info
Failed to parse Loop Lookaheads. Ignoring ...
VT initialization successfull !
Finished Initializing VT-Management 
Initializing TCP-stack ...
TCP stack unique-id: 346
Starting virtual socket layer stack-thread !
Pthread_create: vtStackThread special case
Successfully initialized VTL-Logic embedded into the executable

------------------------- ACTUAL STDOUT FROM EXECUTABLE STARTS -----------------------------

Client: MyPid: 6
Adding new vt-tcp-socket !
Creating vt-tcp socket !
Client socket fd = 4097
setsockopt through vt-tcp !
setsockopt through vt-tcp !
Connecting to server ...
Connecting .. Socket: 4097, src-port: 40001
Waking up connected socket !
Socket connect success. socket = 4097
Connecting through vt-tcp success !
Sending data ...
Sending msgs of size: 1460 to server ...
Sent: 8 KB after: 0.773682 secs
Sent: 8 KB after: 0.102929 secs
Sent: 8 KB after: 0.235579 secs
Sent: 8 KB after: 0.053093 secs
Sent: 8 KB after: 0.208792 secs
Sent: 8 KB after: 0.418409 secs
Sent: 8 KB after: 0.096958 secs
Sent: 8 KB after: 0.009735 secs
Sent: 8 KB after: 0.220181 secs
Sent: 8 KB after: 0.287550 secs
Sent: 8 KB after: 0.269180 secs
Sent: 8 KB after: 0.776823 secs
Sent: 8 KB after: 0.075377 secs
Sent: 8 KB after: 0.412169 secs
Sent: 8 KB after: 0.161007 secs
Sent: 8 KB after: 0.907205 secs
Sent: 8 KB after: 0.068836 secs
Sent: 8 KB after: 0.437028 secs
Sent: 8 KB after: 0.076047 secs
Sent: 8 KB after: 0.596343 secs
Sent: 8 KB after: 0.130677 secs
Sent: 8 KB after: 0.262227 secs
Sent: 8 KB after: 0.026310 secs
Sent: 8 KB after: 0.083052 secs
Sent: 8 KB after: 0.104797 secs
Sent: 8 KB after: 0.067001 secs
Sent: 8 KB after: 0.137759 secs
Sent: 8 KB after: 0.186630 secs
Sent: 8 KB after: 0.120001 secs
Sent: 8 KB after: 0.134772 secs
Sent: 8 KB after: 0.020491 secs
Sent: 8 KB after: 0.112529 secs
Sent: 8 KB after: 0.446146 secs
Sent: 8 KB after: 0.311610 secs
Sent: 8 KB after: 0.217802 secs
Sent: 8 KB after: 0.155520 secs
Sent: 8 KB after: 0.219334 secs
Sent: 8 KB after: 0.009759 secs
Sent: 8 KB after: 0.177348 secs
Sent: 8 KB after: 0.081128 secs
Sent: 8 KB after: 0.332318 secs
Sent: 8 KB after: 0.079410 secs
Sent: 8 KB after: 0.075050 secs
Sent: 8 KB after: 0.026516 secs
Sent: 8 KB after: 0.044717 secs
Exp finishing. Stopping stack thread with id: 6!
VT-sleep-for exiting !

------------------------- ACTUAL STDOUT FROM EXECUTABLE ENDED -----------------------------

Process: 6 exiting VT experiment !
Main thread exiting. PID = 6
