Attempting to set static arp entries ...
Tracer: 23 >> Using SRC IP: 10.1.20.158 for any spawned virtual tcp-stacks
Tracer: 23 >> Updating firewall rules to drop outgoing TCP-RST packets
Attempting to set firewall rules ...
Tracer: 23 >> CMD TO RUN: /home/vignesh/VT-S3FNet/csudp/tcp_tgen/tgen client 43 10.1.21.98 7891 poisson 200000 2000 > /home/vignesh/VT-S3FNet/experiment-data/TCP_LA_Enabled_nemus_100_poisson_mu_200000_txsize_2000/client43.log
args[0] = /home/vignesh/VT-S3FNet/csudp/tcp_tgen/tgen
args[1] = client
args[2] = 43
args[3] = 10.1.21.98
args[4] = 7891
args[5] = poisson
args[6] = 200000
args[7] = 2000
Setting appropriate environment variables ...
HOME DIRECTORY : /home/vignesh
Parsing TTN config file: /home/vignesh/.ttn/projects.db
Setting VT_L1_INS_CACHE_MISS_CYCLES to: 100
Setting VT_L1_INS_CACHE_LINES to: 64
Setting VT_L1_INS_CACHE_SIZE_KB to: 32
Setting VT_L1_INS_CACHE_ASSOC to: 8
Setting VT_L1_INS_CACHE_REPLACEMENT_POLICY to: LRU
Setting VT_L1_DATA_CACHE_MISS_CYCLES to: 100
Setting VT_L1_DATA_CACHE_LINES to: 64
Setting VT_L1_DATA_CACHE_SIZE_KB to: 32
Setting VT_L1_DATA_CACHE_ASSOC to: 8
Setting VT_L1_DATA_CACHE_REPLACEMENT_POLICY to: LRU
Setting VT_CPU_CYLES_NS to: 2.700000
Setting VT_NIC_SPEED_MBPS to: 1000.000000
Setting VT_TIMING_MODEL to: EMPIRICAL
Setting VT_BBL_LOOKAHEAD_FILE to: /home/vignesh/VT-S3FNet/csudp/tcp_tgen/.ttn/lookahead/bbl_lookahead.info
Setting VT_LOOP_LOOKAHEAD_FILE to: /home/vignesh/VT-S3FNet/csudp/tcp_tgen/.ttn/lookahead/loop_lookahead.info
Starting command: /home/vignesh/VT-S3FNet/csudp/tcp_tgen/tgen
Loading orig functions !
Starting executable with Pid = 6
Loading pointers to VTL Logic functions
Loaded pointers to all VTL Logic functions
Now Initializing VT-Management 
Extracting env variables !
Extracted tracer-id: 23
Extracted exp-type: 2
Extracted cpu-cycles-ns: 2.700000
Extracted socket-layer-ip: -1642856182
Starting VT-initialization !
Tracer-ID: 23, Timeline-ID: 23
Tracer registration for EXP_CS complete. TimelineID = 23, Return = 23
Tracer Adding to SQ. Tracer ID = 23
Parsing any provided lookahead information ...
Opening file: /home/vignesh/VT-S3FNet/csudp/tcp_tgen/.ttn/lookahead/bbl_lookahead.info
File size: 592
mapped memblock size: 592
Finish offset: 70, Number of values: 70
Returning success !
Loaded BBL lookaheads for 70 basic blocks ...
Opening file: /home/vignesh/VT-S3FNet/csudp/tcp_tgen/.ttn/lookahead/loop_lookahead.info
Failed to parse Loop Lookaheads. Ignoring ...
VT initialization successfull !
Finished Initializing VT-Management 
Initializing TCP-stack ...
TCP stack unique-id: 236
Starting virtual socket layer stack-thread !
Pthread_create: vtStackThread special case
Successfully initialized VTL-Logic embedded into the executable

------------------------- ACTUAL STDOUT FROM EXECUTABLE STARTS -----------------------------

Client: MyPid: 6
Adding new vt-tcp-socket !
Creating vt-tcp socket !
Client socket fd = 4097
setsockopt through vt-tcp !
setsockopt through vt-tcp !
Connecting to server ...
Connecting .. Socket: 4097, src-port: 40001
Waking up connected socket !
Socket connect success. socket = 4097
Connecting through vt-tcp success !
Sending data ...
Sending msgs of size: 1460 to server ...
Sent: 2000 KB after: 0.012875 secs
Sent: 2000 KB after: 0.127047 secs
Sent: 2000 KB after: 0.473900 secs
Sent: 2000 KB after: 0.005506 secs
Sent: 2000 KB after: 0.106268 secs
Sent: 2000 KB after: 0.179650 secs
Sent: 2000 KB after: 0.227163 secs
Sent: 2000 KB after: 0.021879 secs
Sent: 2000 KB after: 0.169326 secs
Sent: 2000 KB after: 0.121980 secs
Sent: 2000 KB after: 0.046756 secs
Sent: 2000 KB after: 0.227615 secs
Sent: 2000 KB after: 0.039422 secs
Sent: 2000 KB after: 0.041903 secs
Sent: 2000 KB after: 0.133317 secs
Sent: 2000 KB after: 0.560300 secs
Sent: 2000 KB after: 0.350551 secs
Sent: 2000 KB after: 0.080086 secs
Sent: 2000 KB after: 0.014280 secs
Sent: 2000 KB after: 0.215435 secs
Sent: 2000 KB after: 0.152717 secs
Sent: 2000 KB after: 0.062776 secs
Sent: 2000 KB after: 0.079070 secs
Sent: 2000 KB after: 0.152486 secs
Sent: 2000 KB after: 0.212825 secs
Sent: 2000 KB after: 0.015481 secs
Sent: 2000 KB after: 0.117447 secs
Sent: 2000 KB after: 0.021992 secs
Sent: 2000 KB after: 0.067962 secs
Sent: 2000 KB after: 0.135952 secs
Sent: 2000 KB after: 0.365048 secs
Sent: 2000 KB after: 0.086292 secs
Sent: 2000 KB after: 0.661813 secs
Sent: 2000 KB after: 0.273529 secs
Sent: 2000 KB after: 0.094832 secs
Sent: 2000 KB after: 0.094203 secs
Sent: 2000 KB after: 0.082501 secs
Sent: 2000 KB after: 0.011618 secs
Sent: 2000 KB after: 0.130499 secs
Sent: 2000 KB after: 0.479719 secs
Sent: 2000 KB after: 0.143910 secs
Sent: 2000 KB after: 0.232772 secs
Sent: 2000 KB after: 0.177696 secs
Sent: 2000 KB after: 0.235484 secs
Sent: 2000 KB after: 0.418699 secs
Sent: 2000 KB after: 0.015649 secs
Sent: 2000 KB after: 0.199505 secs
Sent: 2000 KB after: 0.243107 secs
Sent: 2000 KB after: 0.103916 secs
Sent: 2000 KB after: 0.240874 secs
Sent: 2000 KB after: 0.090164 secs
Sent: 2000 KB after: 0.560155 secs
Exp finishing. Stopping stack thread with id: 6!
VT-sleep-for exiting !

------------------------- ACTUAL STDOUT FROM EXECUTABLE ENDED -----------------------------

Process: 6 exiting VT experiment !
Main thread exiting. PID = 6
