Attempting to set static arp entries ...
Tracer: 37 >> Using SRC IP: 10.1.20.210 for any spawned virtual tcp-stacks
Tracer: 37 >> Updating firewall rules to drop outgoing TCP-RST packets
Attempting to set firewall rules ...
Tracer: 37 >> CMD TO RUN: /home/vignesh/VT-S3FNet/csudp/tcp_tgen/tgen client 57 10.1.21.154 7891 poisson 200000 2000 > /home/vignesh/VT-S3FNet/experiment-data/TCP_LA_Enabled_nemus_100_poisson_mu_200000_txsize_2000/client57.log
args[0] = /home/vignesh/VT-S3FNet/csudp/tcp_tgen/tgen
args[1] = client
args[2] = 57
args[3] = 10.1.21.154
args[4] = 7891
args[5] = poisson
args[6] = 200000
args[7] = 2000
Setting appropriate environment variables ...
HOME DIRECTORY : /home/vignesh
Parsing TTN config file: /home/vignesh/.ttn/projects.db
Setting VT_L1_INS_CACHE_MISS_CYCLES to: 100
Setting VT_L1_INS_CACHE_LINES to: 64
Setting VT_L1_INS_CACHE_SIZE_KB to: 32
Setting VT_L1_INS_CACHE_ASSOC to: 8
Setting VT_L1_INS_CACHE_REPLACEMENT_POLICY to: LRU
Setting VT_L1_DATA_CACHE_MISS_CYCLES to: 100
Setting VT_L1_DATA_CACHE_LINES to: 64
Setting VT_L1_DATA_CACHE_SIZE_KB to: 32
Setting VT_L1_DATA_CACHE_ASSOC to: 8
Setting VT_L1_DATA_CACHE_REPLACEMENT_POLICY to: LRU
Setting VT_CPU_CYLES_NS to: 2.700000
Setting VT_NIC_SPEED_MBPS to: 1000.000000
Setting VT_TIMING_MODEL to: EMPIRICAL
Setting VT_BBL_LOOKAHEAD_FILE to: /home/vignesh/VT-S3FNet/csudp/tcp_tgen/.ttn/lookahead/bbl_lookahead.info
Setting VT_LOOP_LOOKAHEAD_FILE to: /home/vignesh/VT-S3FNet/csudp/tcp_tgen/.ttn/lookahead/loop_lookahead.info
Starting command: /home/vignesh/VT-S3FNet/csudp/tcp_tgen/tgen
Loading orig functions !
Starting executable with Pid = 6
Loading pointers to VTL Logic functions
Loaded pointers to all VTL Logic functions
Now Initializing VT-Management 
Extracting env variables !
Extracted tracer-id: 37
Extracted exp-type: 2
Extracted cpu-cycles-ns: 2.700000
Extracted socket-layer-ip: -770440950
Starting VT-initialization !
Tracer-ID: 37, Timeline-ID: 37
Tracer registration for EXP_CS complete. TimelineID = 37, Return = 37
Tracer Adding to SQ. Tracer ID = 37
Parsing any provided lookahead information ...
Opening file: /home/vignesh/VT-S3FNet/csudp/tcp_tgen/.ttn/lookahead/bbl_lookahead.info
File size: 592
mapped memblock size: 592
Finish offset: 70, Number of values: 70
Returning success !
Loaded BBL lookaheads for 70 basic blocks ...
Opening file: /home/vignesh/VT-S3FNet/csudp/tcp_tgen/.ttn/lookahead/loop_lookahead.info
Failed to parse Loop Lookaheads. Ignoring ...
VT initialization successfull !
Finished Initializing VT-Management 
Initializing TCP-stack ...
TCP stack unique-id: 376
Starting virtual socket layer stack-thread !
Pthread_create: vtStackThread special case
Successfully initialized VTL-Logic embedded into the executable

------------------------- ACTUAL STDOUT FROM EXECUTABLE STARTS -----------------------------

Client: MyPid: 6
Adding new vt-tcp-socket !
Creating vt-tcp socket !
Client socket fd = 4097
setsockopt through vt-tcp !
setsockopt through vt-tcp !
Connecting to server ...
Connecting .. Socket: 4097, src-port: 40001
Waking up connected socket !
Socket connect success. socket = 4097
Connecting through vt-tcp success !
Sending data ...
Sending msgs of size: 1460 to server ...
Sent: 2000 KB after: 0.053694 secs
Sent: 2000 KB after: 0.071321 secs
Sent: 2000 KB after: 0.300580 secs
Sent: 2000 KB after: 0.083809 secs
Sent: 2000 KB after: 0.224914 secs
Sent: 2000 KB after: 0.142046 secs
Sent: 2000 KB after: 0.050183 secs
Sent: 2000 KB after: 0.104122 secs
Sent: 2000 KB after: 0.367595 secs
Sent: 2000 KB after: 0.074589 secs
Sent: 2000 KB after: 0.152203 secs
Sent: 2000 KB after: 0.085193 secs
Sent: 2000 KB after: 0.398642 secs
Sent: 2000 KB after: 0.552369 secs
Sent: 2000 KB after: 0.075298 secs
Sent: 2000 KB after: 0.313160 secs
Sent: 2000 KB after: 0.279504 secs
Sent: 2000 KB after: 0.355275 secs
Sent: 2000 KB after: 0.027742 secs
Sent: 2000 KB after: 0.077409 secs
Sent: 2000 KB after: 0.036954 secs
Sent: 2000 KB after: 0.095085 secs
Sent: 2000 KB after: 0.051699 secs
Sent: 2000 KB after: 0.136657 secs
Sent: 2000 KB after: 0.077580 secs
Sent: 2000 KB after: 0.233086 secs
Sent: 2000 KB after: 0.339018 secs
Sent: 2000 KB after: 0.139757 secs
Sent: 2000 KB after: 0.059219 secs
Sent: 2000 KB after: 0.548960 secs
Sent: 2000 KB after: 0.024452 secs
Sent: 2000 KB after: 0.135351 secs
Sent: 2000 KB after: 0.053756 secs
Sent: 2000 KB after: 0.446236 secs
Sent: 2000 KB after: 0.359229 secs
Sent: 2000 KB after: 0.483590 secs
Sent: 2000 KB after: 0.102521 secs
Sent: 2000 KB after: 0.011520 secs
Sent: 2000 KB after: 0.076175 secs
Sent: 2000 KB after: 0.055396 secs
Sent: 2000 KB after: 0.091542 secs
Sent: 2000 KB after: 0.378818 secs
Sent: 2000 KB after: 0.177730 secs
Sent: 2000 KB after: 0.052536 secs
Sent: 2000 KB after: 0.308702 secs
Sent: 2000 KB after: 0.465633 secs
Sent: 2000 KB after: 0.004468 secs
Sent: 2000 KB after: 0.154941 secs
Sent: 2000 KB after: 0.264308 secs
Sent: 2000 KB after: 0.032884 secs
Sent: 2000 KB after: 0.393364 secs
Exp finishing. Stopping stack thread with id: 6!
VT-sleep-for exiting !

------------------------- ACTUAL STDOUT FROM EXECUTABLE ENDED -----------------------------

Process: 6 exiting VT experiment !
Main thread exiting. PID = 6
