Attempting to set static arp entries ...
Tracer: 8 >> Using SRC IP: 10.1.37.178 for any spawned virtual tcp-stacks
Tracer: 8 >> Updating firewall rules to drop outgoing TCP-RST packets
Attempting to set firewall rules ...
Tracer: 8 >> CMD TO RUN: /home/vignesh/VT-S3FNet/csudp/mpi_matrix/mpi_mm 7 41 10.1.37.178 > /home/vignesh/VT-S3FNet/experiment-data/MPI_LA_Enabled_nemus_41_mpi_mm/worker7.log
args[0] = /home/vignesh/VT-S3FNet/csudp/mpi_matrix/mpi_mm
args[1] = 7
args[2] = 41
args[3] = 10.1.37.178
Setting appropriate environment variables ...
HOME DIRECTORY : /home/vignesh
Parsing TTN config file: /home/vignesh/.ttn/projects.db
Setting VT_L1_INS_CACHE_MISS_CYCLES to: 100
Setting VT_L1_INS_CACHE_LINES to: 64
Setting VT_L1_INS_CACHE_SIZE_KB to: 32
Setting VT_L1_INS_CACHE_ASSOC to: 8
Setting VT_L1_INS_CACHE_REPLACEMENT_POLICY to: LRU
Setting VT_L1_DATA_CACHE_MISS_CYCLES to: 100
Setting VT_L1_DATA_CACHE_LINES to: 64
Setting VT_L1_DATA_CACHE_SIZE_KB to: 32
Setting VT_L1_DATA_CACHE_ASSOC to: 8
Setting VT_L1_DATA_CACHE_REPLACEMENT_POLICY to: LRU
Setting VT_CPU_CYLES_NS to: 2.700000
Setting VT_NIC_SPEED_MBPS to: 1000.000000
Setting VT_TIMING_MODEL to: EMPIRICAL
Setting VT_BBL_LOOKAHEAD_FILE to: /home/vignesh/VT-S3FNet/csudp/mpi_matrix/.ttn/lookahead/bbl_lookahead.info
Setting VT_LOOP_LOOKAHEAD_FILE to: /home/vignesh/VT-S3FNet/csudp/mpi_matrix/.ttn/lookahead/loop_lookahead.info
Starting command: /home/vignesh/VT-S3FNet/csudp/mpi_matrix/mpi_mm
Loading orig functions !
Starting executable with Pid = 6
Loading pointers to VTL Logic functions
Loaded pointers to all VTL Logic functions
Now Initializing VT-Management 
Extracting env variables !
Extracted tracer-id: 8
Extracted exp-type: 2
Extracted cpu-cycles-ns: 2.700000
Extracted socket-layer-ip: -1306197750
Starting VT-initialization !
Tracer-ID: 8, Timeline-ID: 8
Tracer registration for EXP_CS complete. TimelineID = 8, Return = 8
Tracer Adding to SQ. Tracer ID = 8
Parsing any provided lookahead information ...
Opening file: /home/vignesh/VT-S3FNet/csudp/mpi_matrix/.ttn/lookahead/bbl_lookahead.info
File size: 344
mapped memblock size: 344
Finish offset: 39, Number of values: 39
Returning success !
Loaded BBL lookaheads for 39 basic blocks ...
Opening file: /home/vignesh/VT-S3FNet/csudp/mpi_matrix/.ttn/lookahead/loop_lookahead.info
File size: 128
mapped memblock size: 128
Finish offset: 12, Number of values: 12
Returning success !
Loaded Loop lookaheads for 12 loops ...
VT initialization successfull !
Finished Initializing VT-Management 
Initializing TCP-stack ...
TCP stack unique-id: 86
Starting virtual socket layer stack-thread !
Pthread_create: vtStackThread special case
Successfully initialized VTL-Logic embedded into the executable

------------------------- ACTUAL STDOUT FROM EXECUTABLE STARTS -----------------------------

Rank = 7, Total = 41, IP = 10.1.37.178
Adding new vt-tcp-socket !
Creating vt-tcp socket !
bind through vt-tcp !
Server socket bound to ip:port: 10.1.37.178:10000
Waiting for OK message from other nodes !
Waiting for OK message !
listen through vt-tcp !
Accept through vt-tcp !
Successfully received OK message !

---------------- Waiting for higher ranked nodes to connect --------------
listen through vt-tcp !
Accepting connection from higher ranked node: 40
Accept through vt-tcp !
Accepted connection from higher ranked node: 40
Successfully connected with higher ranked node: 40
Accepting connection from higher ranked node: 39
Accept through vt-tcp !
Accepted connection from higher ranked node: 39
Successfully connected with higher ranked node: 39
Accepting connection from higher ranked node: 38
Accept through vt-tcp !
Accepted connection from higher ranked node: 38
Successfully connected with higher ranked node: 38
Accepting connection from higher ranked node: 37
Accept through vt-tcp !
Accepted connection from higher ranked node: 37
Successfully connected with higher ranked node: 37
Accepting connection from higher ranked node: 36
Accept through vt-tcp !
Accepted connection from higher ranked node: 36
Successfully connected with higher ranked node: 36
Accepting connection from higher ranked node: 35
Accept through vt-tcp !
Accepted connection from higher ranked node: 35
Successfully connected with higher ranked node: 35
Accepting connection from higher ranked node: 34
Accept through vt-tcp !
Accepted connection from higher ranked node: 34
Successfully connected with higher ranked node: 34
Accepting connection from higher ranked node: 33
Accept through vt-tcp !
Accepted connection from higher ranked node: 33
Successfully connected with higher ranked node: 33
Accepting connection from higher ranked node: 32
Accept through vt-tcp !
Accepted connection from higher ranked node: 32
Successfully connected with higher ranked node: 32
Accepting connection from higher ranked node: 31
Accept through vt-tcp !
Accepted connection from higher ranked node: 31
Successfully connected with higher ranked node: 31
Accepting connection from higher ranked node: 30
Accept through vt-tcp !
Accepted connection from higher ranked node: 30
Successfully connected with higher ranked node: 30
Accepting connection from higher ranked node: 29
Accept through vt-tcp !
Accepted connection from higher ranked node: 29
Successfully connected with higher ranked node: 29
Accepting connection from higher ranked node: 28
Accept through vt-tcp !
Accepted connection from higher ranked node: 28
Successfully connected with higher ranked node: 28
Accepting connection from higher ranked node: 27
Accept through vt-tcp !
Accepted connection from higher ranked node: 27
Successfully connected with higher ranked node: 27
Accepting connection from higher ranked node: 26
Accept through vt-tcp !
Accepted connection from higher ranked node: 26
Successfully connected with higher ranked node: 26
Accepting connection from higher ranked node: 25
Accept through vt-tcp !
Accepted connection from higher ranked node: 25
Successfully connected with higher ranked node: 25
Accepting connection from higher ranked node: 24
Accept through vt-tcp !
Accepted connection from higher ranked node: 24
Successfully connected with higher ranked node: 24
Accepting connection from higher ranked node: 23
Accept through vt-tcp !
Accepted connection from higher ranked node: 23
Successfully connected with higher ranked node: 23
Accepting connection from higher ranked node: 22
Accept through vt-tcp !
Accepted connection from higher ranked node: 22
Successfully connected with higher ranked node: 22
Accepting connection from higher ranked node: 21
Accept through vt-tcp !
Accepted connection from higher ranked node: 21
Successfully connected with higher ranked node: 21
Accepting connection from higher ranked node: 20
Accept through vt-tcp !
Accepted connection from higher ranked node: 20
Successfully connected with higher ranked node: 20
Accepting connection from higher ranked node: 19
Accept through vt-tcp !
Accepted connection from higher ranked node: 19
Successfully connected with higher ranked node: 19
Accepting connection from higher ranked node: 18
Accept through vt-tcp !
Accepted connection from higher ranked node: 18
Successfully connected with higher ranked node: 18
Accepting connection from higher ranked node: 17
Accept through vt-tcp !
Accepted connection from higher ranked node: 17
Successfully connected with higher ranked node: 17
Accepting connection from higher ranked node: 16
Accept through vt-tcp !
Accepted connection from higher ranked node: 16
Successfully connected with higher ranked node: 16
Accepting connection from higher ranked node: 15
Accept through vt-tcp !
Accepted connection from higher ranked node: 15
Successfully connected with higher ranked node: 15
Accepting connection from higher ranked node: 14
Accept through vt-tcp !
Accepted connection from higher ranked node: 14
Successfully connected with higher ranked node: 14
Accepting connection from higher ranked node: 13
Accept through vt-tcp !
Accepted connection from higher ranked node: 13
Successfully connected with higher ranked node: 13
Accepting connection from higher ranked node: 12
Accept through vt-tcp !
Accepted connection from higher ranked node: 12
Successfully connected with higher ranked node: 12
Accepting connection from higher ranked node: 11
Accept through vt-tcp !
Accepted connection from higher ranked node: 11
Successfully connected with higher ranked node: 11
Accepting connection from higher ranked node: 10
Accept through vt-tcp !
Accepted connection from higher ranked node: 10
Successfully connected with higher ranked node: 10
Accepting connection from higher ranked node: 9
Accept through vt-tcp !
Accepted connection from higher ranked node: 9
Successfully connected with higher ranked node: 9
Accepting connection from higher ranked node: 8
Accept through vt-tcp !
Accepted connection from higher ranked node: 8
Successfully connected with higher ranked node: 8
Closing server socket: 4097
Clearing all tcp timers !
TCP-done for socket: 4097, err: -103

---------------- Connecting to lowed ranked nodes ! --------------
Adding new vt-tcp-socket !
Creating vt-tcp socket !
Connecting to lower ranked node: 6 at 10.1.37.218:10000
Connecting .. Socket: 4132, src-port: 40001
Socket: 4097 garbage collection
Freeing socket: 4097
Waking up connected socket !
Socket connect success. socket = 4132
Connecting through vt-tcp success !
Successfully connected to lower ranked node: 6 at 10.1.37.218:10000
Adding new vt-tcp-socket !
Creating vt-tcp socket !
Connecting to lower ranked node: 5 at 10.1.38.66:10000
Connecting .. Socket: 4133, src-port: 40002
Waking up connected socket !
Socket connect success. socket = 4133
Connecting through vt-tcp success !
Successfully connected to lower ranked node: 5 at 10.1.38.66:10000
Adding new vt-tcp-socket !
Creating vt-tcp socket !
Connecting to lower ranked node: 4 at 10.1.38.70:10000
Connecting .. Socket: 4134, src-port: 40003
Waking up connected socket !
Socket connect success. socket = 4134
Connecting through vt-tcp success !
Successfully connected to lower ranked node: 4 at 10.1.38.70:10000
Adding new vt-tcp-socket !
Creating vt-tcp socket !
Connecting to lower ranked node: 3 at 10.1.38.74:10000
Connecting .. Socket: 4135, src-port: 40004
Waking up connected socket !
Socket connect success. socket = 4135
Connecting through vt-tcp success !
Successfully connected to lower ranked node: 3 at 10.1.38.74:10000
Adding new vt-tcp-socket !
Creating vt-tcp socket !
Connecting to lower ranked node: 2 at 10.1.38.78:10000
Connecting .. Socket: 4136, src-port: 40005
Waking up connected socket !
Socket connect success. socket = 4136
Connecting through vt-tcp success !
Successfully connected to lower ranked node: 2 at 10.1.38.78:10000
Adding new vt-tcp-socket !
Creating vt-tcp socket !
Connecting to lower ranked node: 1 at 10.1.38.82:10000
Connecting .. Socket: 4137, src-port: 40006
Waking up connected socket !
Socket connect success. socket = 4137
Connecting through vt-tcp success !
Successfully connected to lower ranked node: 1 at 10.1.38.82:10000
Adding new vt-tcp-socket !
Creating vt-tcp socket !
Connecting to lower ranked node: 0 at 10.1.38.86:10000
Connecting .. Socket: 4138, src-port: 40007
Waking up connected socket !
Socket connect success. socket = 4138
Connecting through vt-tcp success !
Successfully connected to lower ranked node: 0 at 10.1.38.86:10000

---------------- Creating listen Thread ! --------------

---------------- MPI-Init success ! --------------
Adding new Thread: 8
Resuming new Thread with Burst of length: 5400
Received matrix-A partition size: 50 from master !

******************************************************
Received vector X and V from master 
Called SetLoopLookahead: init: 0, final: 16000, step: 8, loopDepth: 1, cumulative-num-iterations: 100000, look-ahead-ns: 185185
Called SetLoopLookahead: init: 0, final: 50, step: 1, loopDepth: 1, cumulative-num-iterations: 100000, look-ahead-ns: 592592
Called SetLoopLookahead: init: 0, final: 2000, step: 1, loopDepth: 2, cumulative-num-iterations: 200000000, look-ahead-ns: 444444448
Before rcv-wnd: seq: 1, rcv_nxt: 5
Before rcv-wnd: seq: 1, rcv_nxt: 5
Before rcv-wnd: seq: 1, rcv_nxt: 5
Sending offset = 300 to master !
Sending rows = 50 to master !
Sending result vector partition to master!
Sent results to master 
MSG: 0 Done.
Avg-Compute-Communication-Ratio = 27.935254

******************************************************
Received vector X and V from master 
Called SetLoopLookahead: init: 0, final: 16000, step: 8, loopDepth: 1, cumulative-num-iterations: 100000, look-ahead-ns: 185185
Called SetLoopLookahead: init: 0, final: 50, step: 1, loopDepth: 1, cumulative-num-iterations: 100000, look-ahead-ns: 592592
Called SetLoopLookahead: init: 0, final: 2000, step: 1, loopDepth: 2, cumulative-num-iterations: 200000000, look-ahead-ns: 444444448
Sending offset = 300 to master !
Sending rows = 50 to master !
Sending result vector partition to master!
Sent results to master 
MSG: 1 Done.
Avg-Compute-Communication-Ratio = 26.343858

******************************************************
Received vector X and V from master 
Called SetLoopLookahead: init: 0, final: 16000, step: 8, loopDepth: 1, cumulative-num-iterations: 100000, look-ahead-ns: 185185
Called SetLoopLookahead: init: 0, final: 50, step: 1, loopDepth: 1, cumulative-num-iterations: 100000, look-ahead-ns: 592592
Called SetLoopLookahead: init: 0, final: 2000, step: 1, loopDepth: 2, cumulative-num-iterations: 200000000, look-ahead-ns: 444444448
Sending offset = 300 to master !
Sending rows = 50 to master !
Sending result vector partition to master!
Sent results to master 
MSG: 2 Done.
Avg-Compute-Communication-Ratio = 25.118965

******************************************************
Received vector X and V from master 
Called SetLoopLookahead: init: 0, final: 16000, step: 8, loopDepth: 1, cumulative-num-iterations: 100000, look-ahead-ns: 185185
Called SetLoopLookahead: init: 0, final: 50, step: 1, loopDepth: 1, cumulative-num-iterations: 100000, look-ahead-ns: 592592
Called SetLoopLookahead: init: 0, final: 2000, step: 1, loopDepth: 2, cumulative-num-iterations: 200000000, look-ahead-ns: 444444448
Sending offset = 300 to master !
Sending rows = 50 to master !
Sending result vector partition to master!
Sent results to master 
MSG: 3 Done.
Avg-Compute-Communication-Ratio = 25.054371

******************************************************
Received vector X and V from master 
Called SetLoopLookahead: init: 0, final: 16000, step: 8, loopDepth: 1, cumulative-num-iterations: 100000, look-ahead-ns: 185185
Called SetLoopLookahead: init: 0, final: 50, step: 1, loopDepth: 1, cumulative-num-iterations: 100000, look-ahead-ns: 592592
Called SetLoopLookahead: init: 0, final: 2000, step: 1, loopDepth: 2, cumulative-num-iterations: 200000000, look-ahead-ns: 444444448
Sending offset = 300 to master !
Sending rows = 50 to master !
Sending result vector partition to master!
Sent results to master 
MSG: 4 Done.
Avg-Compute-Communication-Ratio = 24.891482

******************************************************
Received vector X and V from master 
Called SetLoopLookahead: init: 0, final: 16000, step: 8, loopDepth: 1, cumulative-num-iterations: 100000, look-ahead-ns: 185185
Called SetLoopLookahead: init: 0, final: 50, step: 1, loopDepth: 1, cumulative-num-iterations: 100000, look-ahead-ns: 592592
Called SetLoopLookahead: init: 0, final: 2000, step: 1, loopDepth: 2, cumulative-num-iterations: 200000000, look-ahead-ns: 444444448
Sending offset = 300 to master !
Sending rows = 50 to master !
Sending result vector partition to master!
Sent results to master 
MSG: 5 Done.
Avg-Compute-Communication-Ratio = 24.672468

******************************************************
Received vector X and V from master 
Called SetLoopLookahead: init: 0, final: 16000, step: 8, loopDepth: 1, cumulative-num-iterations: 100000, look-ahead-ns: 185185
Called SetLoopLookahead: init: 0, final: 50, step: 1, loopDepth: 1, cumulative-num-iterations: 100000, look-ahead-ns: 592592
Called SetLoopLookahead: init: 0, final: 2000, step: 1, loopDepth: 2, cumulative-num-iterations: 200000000, look-ahead-ns: 444444448
Sending offset = 300 to master !
Sending rows = 50 to master !
Sending result vector partition to master!
Sent results to master 
MSG: 6 Done.
Avg-Compute-Communication-Ratio = 24.609149

******************************************************
Received vector X and V from master 
Called SetLoopLookahead: init: 0, final: 16000, step: 8, loopDepth: 1, cumulative-num-iterations: 100000, look-ahead-ns: 185185
Called SetLoopLookahead: init: 0, final: 50, step: 1, loopDepth: 1, cumulative-num-iterations: 100000, look-ahead-ns: 592592
Called SetLoopLookahead: init: 0, final: 2000, step: 1, loopDepth: 2, cumulative-num-iterations: 200000000, look-ahead-ns: 444444448
Sending offset = 300 to master !
Sending rows = 50 to master !
Sending result vector partition to master!
Sent results to master 
MSG: 7 Done.
Avg-Compute-Communication-Ratio = 24.556723

******************************************************
Received vector X and V from master 
Called SetLoopLookahead: init: 0, final: 16000, step: 8, loopDepth: 1, cumulative-num-iterations: 100000, look-ahead-ns: 185185
Called SetLoopLookahead: init: 0, final: 50, step: 1, loopDepth: 1, cumulative-num-iterations: 100000, look-ahead-ns: 592592
Called SetLoopLookahead: init: 0, final: 2000, step: 1, loopDepth: 2, cumulative-num-iterations: 200000000, look-ahead-ns: 444444448
Sending offset = 300 to master !
Sending rows = 50 to master !
Sending result vector partition to master!
Sent results to master 
MSG: 8 Done.
Avg-Compute-Communication-Ratio = 24.496255

******************************************************
Received vector X and V from master 
Called SetLoopLookahead: init: 0, final: 16000, step: 8, loopDepth: 1, cumulative-num-iterations: 100000, look-ahead-ns: 185185
Called SetLoopLookahead: init: 0, final: 50, step: 1, loopDepth: 1, cumulative-num-iterations: 100000, look-ahead-ns: 592592
Called SetLoopLookahead: init: 0, final: 2000, step: 1, loopDepth: 2, cumulative-num-iterations: 200000000, look-ahead-ns: 444444448
Sending offset = 300 to master !
Sending rows = 50 to master !
Sending result vector partition to master!
Sent results to master 
MSG: 9 Done.
Avg-Compute-Communication-Ratio = 24.394485

******************************************************
Received vector X and V from master 
Called SetLoopLookahead: init: 0, final: 16000, step: 8, loopDepth: 1, cumulative-num-iterations: 100000, look-ahead-ns: 185185
Called SetLoopLookahead: init: 0, final: 50, step: 1, loopDepth: 1, cumulative-num-iterations: 100000, look-ahead-ns: 592592
Called SetLoopLookahead: init: 0, final: 2000, step: 1, loopDepth: 2, cumulative-num-iterations: 200000000, look-ahead-ns: 444444448
Sending offset = 300 to master !
Sending rows = 50 to master !
Sending result vector partition to master!
Sent results to master 
MSG: 10 Done.
Avg-Compute-Communication-Ratio = 24.172950

******************************************************
Received vector X and V from master 
Called SetLoopLookahead: init: 0, final: 16000, step: 8, loopDepth: 1, cumulative-num-iterations: 100000, look-ahead-ns: 185185
Called SetLoopLookahead: init: 0, final: 50, step: 1, loopDepth: 1, cumulative-num-iterations: 100000, look-ahead-ns: 592592
Called SetLoopLookahead: init: 0, final: 2000, step: 1, loopDepth: 2, cumulative-num-iterations: 200000000, look-ahead-ns: 444444448
Sending offset = 300 to master !
Sending rows = 50 to master !
Sending result vector partition to master!
Sent results to master 
MSG: 11 Done.
Avg-Compute-Communication-Ratio = 24.375667

******************************************************
Received vector X and V from master 
Called SetLoopLookahead: init: 0, final: 16000, step: 8, loopDepth: 1, cumulative-num-iterations: 100000, look-ahead-ns: 185185
Called SetLoopLookahead: init: 0, final: 50, step: 1, loopDepth: 1, cumulative-num-iterations: 100000, look-ahead-ns: 592592
Called SetLoopLookahead: init: 0, final: 2000, step: 1, loopDepth: 2, cumulative-num-iterations: 200000000, look-ahead-ns: 444444448
Sending offset = 300 to master !
Sending rows = 50 to master !
Sending result vector partition to master!
Sent results to master 
MSG: 12 Done.
Avg-Compute-Communication-Ratio = 24.337428

******************************************************
Received vector X and V from master 
Called SetLoopLookahead: init: 0, final: 16000, step: 8, loopDepth: 1, cumulative-num-iterations: 100000, look-ahead-ns: 185185
Called SetLoopLookahead: init: 0, final: 50, step: 1, loopDepth: 1, cumulative-num-iterations: 100000, look-ahead-ns: 592592
Called SetLoopLookahead: init: 0, final: 2000, step: 1, loopDepth: 2, cumulative-num-iterations: 200000000, look-ahead-ns: 444444448
Sending offset = 300 to master !
Sending rows = 50 to master !
Sending result vector partition to master!
Sent results to master 
MSG: 13 Done.
Avg-Compute-Communication-Ratio = 24.272903

******************************************************
Received vector X and V from master 
Called SetLoopLookahead: init: 0, final: 16000, step: 8, loopDepth: 1, cumulative-num-iterations: 100000, look-ahead-ns: 185185
Called SetLoopLookahead: init: 0, final: 50, step: 1, loopDepth: 1, cumulative-num-iterations: 100000, look-ahead-ns: 592592
Called SetLoopLookahead: init: 0, final: 2000, step: 1, loopDepth: 2, cumulative-num-iterations: 200000000, look-ahead-ns: 444444448
Sending offset = 300 to master !
Sending rows = 50 to master !
Sending result vector partition to master!
Sent results to master 
MSG: 14 Done.
Avg-Compute-Communication-Ratio = 24.287059

******************************************************
Received vector X and V from master 
Called SetLoopLookahead: init: 0, final: 16000, step: 8, loopDepth: 1, cumulative-num-iterations: 100000, look-ahead-ns: 185185
Called SetLoopLookahead: init: 0, final: 50, step: 1, loopDepth: 1, cumulative-num-iterations: 100000, look-ahead-ns: 592592
Called SetLoopLookahead: init: 0, final: 2000, step: 1, loopDepth: 2, cumulative-num-iterations: 200000000, look-ahead-ns: 444444448
Sending offset = 300 to master !
Sending rows = 50 to master !
Sending result vector partition to master!
Sent results to master 
MSG: 15 Done.
Avg-Compute-Communication-Ratio = 24.292148

******************************************************
Received vector X and V from master 
Called SetLoopLookahead: init: 0, final: 16000, step: 8, loopDepth: 1, cumulative-num-iterations: 100000, look-ahead-ns: 185185
Called SetLoopLookahead: init: 0, final: 50, step: 1, loopDepth: 1, cumulative-num-iterations: 100000, look-ahead-ns: 592592
Called SetLoopLookahead: init: 0, final: 2000, step: 1, loopDepth: 2, cumulative-num-iterations: 200000000, look-ahead-ns: 444444448
Sending offset = 300 to master !
Sending rows = 50 to master !
Sending result vector partition to master!
Sent results to master 
MSG: 16 Done.
Avg-Compute-Communication-Ratio = 24.297325

******************************************************
Received vector X and V from master 
Called SetLoopLookahead: init: 0, final: 16000, step: 8, loopDepth: 1, cumulative-num-iterations: 100000, look-ahead-ns: 185185
Called SetLoopLookahead: init: 0, final: 50, step: 1, loopDepth: 1, cumulative-num-iterations: 100000, look-ahead-ns: 592592
Called SetLoopLookahead: init: 0, final: 2000, step: 1, loopDepth: 2, cumulative-num-iterations: 200000000, look-ahead-ns: 444444448
Sending offset = 300 to master !
Sending rows = 50 to master !
Sending result vector partition to master!
Sent results to master 
MSG: 17 Done.
Avg-Compute-Communication-Ratio = 24.243157

******************************************************
Received vector X and V from master 
Called SetLoopLookahead: init: 0, final: 16000, step: 8, loopDepth: 1, cumulative-num-iterations: 100000, look-ahead-ns: 185185
Called SetLoopLookahead: init: 0, final: 50, step: 1, loopDepth: 1, cumulative-num-iterations: 100000, look-ahead-ns: 592592
Called SetLoopLookahead: init: 0, final: 2000, step: 1, loopDepth: 2, cumulative-num-iterations: 200000000, look-ahead-ns: 444444448
Sending offset = 300 to master !
Sending rows = 50 to master !
Sending result vector partition to master!
Sent results to master 
MSG: 18 Done.
Avg-Compute-Communication-Ratio = 24.223984

******************************************************
Received vector X and V from master 
Called SetLoopLookahead: init: 0, final: 16000, step: 8, loopDepth: 1, cumulative-num-iterations: 100000, look-ahead-ns: 185185
Called SetLoopLookahead: init: 0, final: 50, step: 1, loopDepth: 1, cumulative-num-iterations: 100000, look-ahead-ns: 592592
Called SetLoopLookahead: init: 0, final: 2000, step: 1, loopDepth: 2, cumulative-num-iterations: 200000000, look-ahead-ns: 444444448
Sending offset = 300 to master !
Sending rows = 50 to master !
Sending result vector partition to master!
Sent results to master 
MSG: 19 Done.
Avg-Compute-Communication-Ratio = 24.212952

******************************************************
Received vector X and V from master 
Called SetLoopLookahead: init: 0, final: 16000, step: 8, loopDepth: 1, cumulative-num-iterations: 100000, look-ahead-ns: 185185
Called SetLoopLookahead: init: 0, final: 50, step: 1, loopDepth: 1, cumulative-num-iterations: 100000, look-ahead-ns: 592592
Called SetLoopLookahead: init: 0, final: 2000, step: 1, loopDepth: 2, cumulative-num-iterations: 200000000, look-ahead-ns: 444444448
Sending offset = 300 to master !
Sending rows = 50 to master !
Sending result vector partition to master!
Sent results to master 
MSG: 20 Done.
Avg-Compute-Communication-Ratio = 24.200398

******************************************************
Received vector X and V from master 
Called SetLoopLookahead: init: 0, final: 16000, step: 8, loopDepth: 1, cumulative-num-iterations: 100000, look-ahead-ns: 185185
Called SetLoopLookahead: init: 0, final: 50, step: 1, loopDepth: 1, cumulative-num-iterations: 100000, look-ahead-ns: 592592
Called SetLoopLookahead: init: 0, final: 2000, step: 1, loopDepth: 2, cumulative-num-iterations: 200000000, look-ahead-ns: 444444448
Sending offset = 300 to master !
Sending rows = 50 to master !
Sending result vector partition to master!
Sent results to master 
MSG: 21 Done.
Avg-Compute-Communication-Ratio = 24.212458

******************************************************
Received vector X and V from master 
Called SetLoopLookahead: init: 0, final: 16000, step: 8, loopDepth: 1, cumulative-num-iterations: 100000, look-ahead-ns: 185185
Called SetLoopLookahead: init: 0, final: 50, step: 1, loopDepth: 1, cumulative-num-iterations: 100000, look-ahead-ns: 592592
Called SetLoopLookahead: init: 0, final: 2000, step: 1, loopDepth: 2, cumulative-num-iterations: 200000000, look-ahead-ns: 444444448
Sending offset = 300 to master !
Sending rows = 50 to master !
Sending result vector partition to master!
Sent results to master 
MSG: 22 Done.
Avg-Compute-Communication-Ratio = 24.175069

******************************************************
Received vector X and V from master 
Called SetLoopLookahead: init: 0, final: 16000, step: 8, loopDepth: 1, cumulative-num-iterations: 100000, look-ahead-ns: 185185
Called SetLoopLookahead: init: 0, final: 50, step: 1, loopDepth: 1, cumulative-num-iterations: 100000, look-ahead-ns: 592592
Called SetLoopLookahead: init: 0, final: 2000, step: 1, loopDepth: 2, cumulative-num-iterations: 200000000, look-ahead-ns: 444444448
Sending offset = 300 to master !
Sending rows = 50 to master !
Sending result vector partition to master!
Sent results to master 
MSG: 23 Done.
Avg-Compute-Communication-Ratio = 24.314673

******************************************************
Received vector X and V from master 
Called SetLoopLookahead: init: 0, final: 16000, step: 8, loopDepth: 1, cumulative-num-iterations: 100000, look-ahead-ns: 185185
Called SetLoopLookahead: init: 0, final: 50, step: 1, loopDepth: 1, cumulative-num-iterations: 100000, look-ahead-ns: 592592
Called SetLoopLookahead: init: 0, final: 2000, step: 1, loopDepth: 2, cumulative-num-iterations: 200000000, look-ahead-ns: 444444448
Sending offset = 300 to master !
Sending rows = 50 to master !
Sending result vector partition to master!
Sent results to master 
MSG: 24 Done.
Avg-Compute-Communication-Ratio = 24.293714

******************************************************
Received vector X and V from master 
Called SetLoopLookahead: init: 0, final: 16000, step: 8, loopDepth: 1, cumulative-num-iterations: 100000, look-ahead-ns: 185185
Called SetLoopLookahead: init: 0, final: 50, step: 1, loopDepth: 1, cumulative-num-iterations: 100000, look-ahead-ns: 592592
Called SetLoopLookahead: init: 0, final: 2000, step: 1, loopDepth: 2, cumulative-num-iterations: 200000000, look-ahead-ns: 444444448
Sending offset = 300 to master !
Sending rows = 50 to master !
Sending result vector partition to master!
Sent results to master 
MSG: 25 Done.
Avg-Compute-Communication-Ratio = 24.310305

******************************************************
Received vector X and V from master 
Called SetLoopLookahead: init: 0, final: 16000, step: 8, loopDepth: 1, cumulative-num-iterations: 100000, look-ahead-ns: 185185
Called SetLoopLookahead: init: 0, final: 50, step: 1, loopDepth: 1, cumulative-num-iterations: 100000, look-ahead-ns: 592592
Called SetLoopLookahead: init: 0, final: 2000, step: 1, loopDepth: 2, cumulative-num-iterations: 200000000, look-ahead-ns: 444444448
Sending offset = 300 to master !
Sending rows = 50 to master !
Sending result vector partition to master!
Sent results to master 
MSG: 26 Done.
Avg-Compute-Communication-Ratio = 24.266438

******************************************************
Received vector X and V from master 
Called SetLoopLookahead: init: 0, final: 16000, step: 8, loopDepth: 1, cumulative-num-iterations: 100000, look-ahead-ns: 185185
Called SetLoopLookahead: init: 0, final: 50, step: 1, loopDepth: 1, cumulative-num-iterations: 100000, look-ahead-ns: 592592
Called SetLoopLookahead: init: 0, final: 2000, step: 1, loopDepth: 2, cumulative-num-iterations: 200000000, look-ahead-ns: 444444448
Sending offset = 300 to master !
Sending rows = 50 to master !
Sending result vector partition to master!
Sent results to master 
MSG: 27 Done.
Avg-Compute-Communication-Ratio = 24.270817

******************************************************
Received vector X and V from master 
Called SetLoopLookahead: init: 0, final: 16000, step: 8, loopDepth: 1, cumulative-num-iterations: 100000, look-ahead-ns: 185185
Called SetLoopLookahead: init: 0, final: 50, step: 1, loopDepth: 1, cumulative-num-iterations: 100000, look-ahead-ns: 592592
Called SetLoopLookahead: init: 0, final: 2000, step: 1, loopDepth: 2, cumulative-num-iterations: 200000000, look-ahead-ns: 444444448
Sending offset = 300 to master !
Sending rows = 50 to master !
Sending result vector partition to master!
Sent results to master 
MSG: 28 Done.
Avg-Compute-Communication-Ratio = 24.257626

******************************************************
Received vector X and V from master 
Called SetLoopLookahead: init: 0, final: 16000, step: 8, loopDepth: 1, cumulative-num-iterations: 100000, look-ahead-ns: 185185
Called SetLoopLookahead: init: 0, final: 50, step: 1, loopDepth: 1, cumulative-num-iterations: 100000, look-ahead-ns: 592592
Called SetLoopLookahead: init: 0, final: 2000, step: 1, loopDepth: 2, cumulative-num-iterations: 200000000, look-ahead-ns: 444444448
Sending offset = 300 to master !
Sending rows = 50 to master !
Sending result vector partition to master!
Sent results to master 
MSG: 29 Done.
Avg-Compute-Communication-Ratio = 24.238768

******************************************************
Received vector X and V from master 
Called SetLoopLookahead: init: 0, final: 16000, step: 8, loopDepth: 1, cumulative-num-iterations: 100000, look-ahead-ns: 185185
Called SetLoopLookahead: init: 0, final: 50, step: 1, loopDepth: 1, cumulative-num-iterations: 100000, look-ahead-ns: 592592
Called SetLoopLookahead: init: 0, final: 2000, step: 1, loopDepth: 2, cumulative-num-iterations: 200000000, look-ahead-ns: 444444448
Sending offset = 300 to master !
Sending rows = 50 to master !
Sending result vector partition to master!
Sent results to master 
MSG: 30 Done.
Avg-Compute-Communication-Ratio = 24.257649

******************************************************
Received vector X and V from master 
Called SetLoopLookahead: init: 0, final: 16000, step: 8, loopDepth: 1, cumulative-num-iterations: 100000, look-ahead-ns: 185185
Called SetLoopLookahead: init: 0, final: 50, step: 1, loopDepth: 1, cumulative-num-iterations: 100000, look-ahead-ns: 592592
Called SetLoopLookahead: init: 0, final: 2000, step: 1, loopDepth: 2, cumulative-num-iterations: 200000000, look-ahead-ns: 444444448
Sending offset = 300 to master !
Sending rows = 50 to master !
Sending result vector partition to master!
Sent results to master 
MSG: 31 Done.
Avg-Compute-Communication-Ratio = 24.251057

******************************************************
Received vector X and V from master 
Called SetLoopLookahead: init: 0, final: 16000, step: 8, loopDepth: 1, cumulative-num-iterations: 100000, look-ahead-ns: 185185
Called SetLoopLookahead: init: 0, final: 50, step: 1, loopDepth: 1, cumulative-num-iterations: 100000, look-ahead-ns: 592592
Called SetLoopLookahead: init: 0, final: 2000, step: 1, loopDepth: 2, cumulative-num-iterations: 200000000, look-ahead-ns: 444444448
Sending offset = 300 to master !
Sending rows = 50 to master !
Sending result vector partition to master!
Sent results to master 
MSG: 32 Done.
Avg-Compute-Communication-Ratio = 24.216802

******************************************************
Received vector X and V from master 
Called SetLoopLookahead: init: 0, final: 16000, step: 8, loopDepth: 1, cumulative-num-iterations: 100000, look-ahead-ns: 185185
Called SetLoopLookahead: init: 0, final: 50, step: 1, loopDepth: 1, cumulative-num-iterations: 100000, look-ahead-ns: 592592
Called SetLoopLookahead: init: 0, final: 2000, step: 1, loopDepth: 2, cumulative-num-iterations: 200000000, look-ahead-ns: 444444448
Sending offset = 300 to master !
Sending rows = 50 to master !
Sending result vector partition to master!
Sent results to master 
MSG: 33 Done.
Avg-Compute-Communication-Ratio = 24.228467

******************************************************
Received vector X and V from master 
Called SetLoopLookahead: init: 0, final: 16000, step: 8, loopDepth: 1, cumulative-num-iterations: 100000, look-ahead-ns: 185185
Called SetLoopLookahead: init: 0, final: 50, step: 1, loopDepth: 1, cumulative-num-iterations: 100000, look-ahead-ns: 592592
Called SetLoopLookahead: init: 0, final: 2000, step: 1, loopDepth: 2, cumulative-num-iterations: 200000000, look-ahead-ns: 444444448
Sending offset = 300 to master !
Sending rows = 50 to master !
Sending result vector partition to master!
Sent results to master 
MSG: 34 Done.
Avg-Compute-Communication-Ratio = 24.204096

******************************************************
Received vector X and V from master 
Called SetLoopLookahead: init: 0, final: 16000, step: 8, loopDepth: 1, cumulative-num-iterations: 100000, look-ahead-ns: 185185
Called SetLoopLookahead: init: 0, final: 50, step: 1, loopDepth: 1, cumulative-num-iterations: 100000, look-ahead-ns: 592592
Called SetLoopLookahead: init: 0, final: 2000, step: 1, loopDepth: 2, cumulative-num-iterations: 200000000, look-ahead-ns: 444444448
Sending offset = 300 to master !
Sending rows = 50 to master !
Sending result vector partition to master!
Sent results to master 
MSG: 35 Done.
Avg-Compute-Communication-Ratio = 24.184416

******************************************************
Received vector X and V from master 
Called SetLoopLookahead: init: 0, final: 16000, step: 8, loopDepth: 1, cumulative-num-iterations: 100000, look-ahead-ns: 185185
Called SetLoopLookahead: init: 0, final: 50, step: 1, loopDepth: 1, cumulative-num-iterations: 100000, look-ahead-ns: 592592
Called SetLoopLookahead: init: 0, final: 2000, step: 1, loopDepth: 2, cumulative-num-iterations: 200000000, look-ahead-ns: 444444448
Sending offset = 300 to master !
Sending rows = 50 to master !
Sending result vector partition to master!
Sent results to master 
MSG: 36 Done.
Avg-Compute-Communication-Ratio = 24.185946

******************************************************
Received vector X and V from master 
Called SetLoopLookahead: init: 0, final: 16000, step: 8, loopDepth: 1, cumulative-num-iterations: 100000, look-ahead-ns: 185185
Called SetLoopLookahead: init: 0, final: 50, step: 1, loopDepth: 1, cumulative-num-iterations: 100000, look-ahead-ns: 592592
Called SetLoopLookahead: init: 0, final: 2000, step: 1, loopDepth: 2, cumulative-num-iterations: 200000000, look-ahead-ns: 444444448
Sending offset = 300 to master !
Sending rows = 50 to master !
Sending result vector partition to master!
Sent results to master 
MSG: 37 Done.
Avg-Compute-Communication-Ratio = 24.060394

******************************************************
Received vector X and V from master 
Called SetLoopLookahead: init: 0, final: 16000, step: 8, loopDepth: 1, cumulative-num-iterations: 100000, look-ahead-ns: 185185
Called SetLoopLookahead: init: 0, final: 50, step: 1, loopDepth: 1, cumulative-num-iterations: 100000, look-ahead-ns: 592592
Called SetLoopLookahead: init: 0, final: 2000, step: 1, loopDepth: 2, cumulative-num-iterations: 200000000, look-ahead-ns: 444444448
Sending offset = 300 to master !
Sending rows = 50 to master !
Sending result vector partition to master!
Sent results to master 
MSG: 38 Done.
Avg-Compute-Communication-Ratio = 24.145614

******************************************************
Received vector X and V from master 
Called SetLoopLookahead: init: 0, final: 16000, step: 8, loopDepth: 1, cumulative-num-iterations: 100000, look-ahead-ns: 185185
Called SetLoopLookahead: init: 0, final: 50, step: 1, loopDepth: 1, cumulative-num-iterations: 100000, look-ahead-ns: 592592
Called SetLoopLookahead: init: 0, final: 2000, step: 1, loopDepth: 2, cumulative-num-iterations: 200000000, look-ahead-ns: 444444448
Sending offset = 300 to master !
Sending rows = 50 to master !
Sending result vector partition to master!
Sent results to master 
MSG: 39 Done.
Avg-Compute-Communication-Ratio = 24.110216

******************************************************
Received vector X and V from master 
Called SetLoopLookahead: init: 0, final: 16000, step: 8, loopDepth: 1, cumulative-num-iterations: 100000, look-ahead-ns: 185185
Called SetLoopLookahead: init: 0, final: 50, step: 1, loopDepth: 1, cumulative-num-iterations: 100000, look-ahead-ns: 592592
Called SetLoopLookahead: init: 0, final: 2000, step: 1, loopDepth: 2, cumulative-num-iterations: 200000000, look-ahead-ns: 444444448
Sending offset = 300 to master !
Sending rows = 50 to master !
Sending result vector partition to master!
Sent results to master 
MSG: 40 Done.
Avg-Compute-Communication-Ratio = 24.126335

******************************************************
Received vector X and V from master 
Called SetLoopLookahead: init: 0, final: 16000, step: 8, loopDepth: 1, cumulative-num-iterations: 100000, look-ahead-ns: 185185
Called SetLoopLookahead: init: 0, final: 50, step: 1, loopDepth: 1, cumulative-num-iterations: 100000, look-ahead-ns: 592592
Called SetLoopLookahead: init: 0, final: 2000, step: 1, loopDepth: 2, cumulative-num-iterations: 200000000, look-ahead-ns: 444444448
Sending offset = 300 to master !
Sending rows = 50 to master !
Sending result vector partition to master!
Sent results to master 
MSG: 41 Done.
Avg-Compute-Communication-Ratio = 24.095904

******************************************************
Received vector X and V from master 
Called SetLoopLookahead: init: 0, final: 16000, step: 8, loopDepth: 1, cumulative-num-iterations: 100000, look-ahead-ns: 185185
Called SetLoopLookahead: init: 0, final: 50, step: 1, loopDepth: 1, cumulative-num-iterations: 100000, look-ahead-ns: 592592
Called SetLoopLookahead: init: 0, final: 2000, step: 1, loopDepth: 2, cumulative-num-iterations: 200000000, look-ahead-ns: 444444448
Exp finishing. Stopping stack thread with id: 6!

------------------------- ACTUAL STDOUT FROM EXECUTABLE ENDED -----------------------------

Process: 6 exiting VT experiment !
Main thread exiting. PID = 6
