Attempting to set static arp entries ...
Tracer: 58 >> Using SRC IP: 10.1.38.254 for any spawned virtual tcp-stacks
Tracer: 58 >> Updating firewall rules to drop outgoing TCP-RST packets
Attempting to set firewall rules ...
Tracer: 58 >> CMD TO RUN: /home/vignesh/VT-S3FNet/csudp/mpi_integral/mpi_int 57 101 10.1.38.254 > /home/vignesh/VT-S3FNet/experiment-data/MPI_LA_Enabled_nemus_101_mpi_int/worker57.log
args[0] = /home/vignesh/VT-S3FNet/csudp/mpi_integral/mpi_int
args[1] = 57
args[2] = 101
args[3] = 10.1.38.254
Setting appropriate environment variables ...
HOME DIRECTORY : /home/vignesh
Parsing TTN config file: /home/vignesh/.ttn/projects.db
Setting VT_L1_INS_CACHE_MISS_CYCLES to: 100
Setting VT_L1_INS_CACHE_LINES to: 64
Setting VT_L1_INS_CACHE_SIZE_KB to: 32
Setting VT_L1_INS_CACHE_ASSOC to: 8
Setting VT_L1_INS_CACHE_REPLACEMENT_POLICY to: LRU
Setting VT_L1_DATA_CACHE_MISS_CYCLES to: 100
Setting VT_L1_DATA_CACHE_LINES to: 64
Setting VT_L1_DATA_CACHE_SIZE_KB to: 32
Setting VT_L1_DATA_CACHE_ASSOC to: 8
Setting VT_L1_DATA_CACHE_REPLACEMENT_POLICY to: LRU
Setting VT_CPU_CYLES_NS to: 2.700000
Setting VT_NIC_SPEED_MBPS to: 1000.000000
Setting VT_TIMING_MODEL to: EMPIRICAL
Setting VT_BBL_LOOKAHEAD_FILE to: /home/vignesh/VT-S3FNet/csudp/mpi_integral/.ttn/lookahead/bbl_lookahead.info
Setting VT_LOOP_LOOKAHEAD_FILE to: /home/vignesh/VT-S3FNet/csudp/mpi_integral/.ttn/lookahead/loop_lookahead.info
Starting command: /home/vignesh/VT-S3FNet/csudp/mpi_integral/mpi_int
Loading orig functions !
Starting executable with Pid = 6
Loading pointers to VTL Logic functions
Loaded pointers to all VTL Logic functions
Now Initializing VT-Management 
Extracting env variables !
Extracted tracer-id: 58
Extracted exp-type: 2
Extracted cpu-cycles-ns: 2.700000
Extracted socket-layer-ip: -31063798
Starting VT-initialization !
Tracer-ID: 58, Timeline-ID: 58
Tracer registration for EXP_CS complete. TimelineID = 58, Return = 58
Tracer Adding to SQ. Tracer ID = 58
Parsing any provided lookahead information ...
Opening file: /home/vignesh/VT-S3FNet/csudp/mpi_integral/.ttn/lookahead/bbl_lookahead.info
File size: 176
mapped memblock size: 176
Finish offset: 18, Number of values: 18
Returning success !
Loaded BBL lookaheads for 18 basic blocks ...
Opening file: /home/vignesh/VT-S3FNet/csudp/mpi_integral/.ttn/lookahead/loop_lookahead.info
File size: 40
mapped memblock size: 40
Finish offset: 1, Number of values: 1
Returning success !
Loaded Loop lookaheads for 1 loops ...
VT initialization successfull !
Finished Initializing VT-Management 
Initializing TCP-stack ...
TCP stack unique-id: 586
Starting virtual socket layer stack-thread !
Pthread_create: vtStackThread special case
Successfully initialized VTL-Logic embedded into the executable

------------------------- ACTUAL STDOUT FROM EXECUTABLE STARTS -----------------------------

Rank = 57, Total = 101, IP = 10.1.38.254
Adding new vt-tcp-socket !
Creating vt-tcp socket !
bind through vt-tcp !
Server socket bound to ip:port: 10.1.38.254:10000
Waiting for OK message from other nodes !
Waiting for OK message !
listen through vt-tcp !
Accept through vt-tcp !
Successfully received OK message !

---------------- Waiting for higher ranked nodes to connect --------------
listen through vt-tcp !
Accepting connection from higher ranked node: 100
Accept through vt-tcp !
Entering time-wait from FIN_WAIT_2
Clearing all tcp timers !
Adding TcpLinger !
Accepted connection from higher ranked node: 100
Successfully connected with higher ranked node: 100
Accepting connection from higher ranked node: 99
Accept through vt-tcp !
Accepted connection from higher ranked node: 99
Successfully connected with higher ranked node: 99
Accepting connection from higher ranked node: 98
Accept through vt-tcp !
Accepted connection from higher ranked node: 98
Successfully connected with higher ranked node: 98
Accepting connection from higher ranked node: 97
Accept through vt-tcp !
Accepted connection from higher ranked node: 97
Successfully connected with higher ranked node: 97
Accepting connection from higher ranked node: 96
Accept through vt-tcp !
Accepted connection from higher ranked node: 96
Successfully connected with higher ranked node: 96
Accepting connection from higher ranked node: 95
Accept through vt-tcp !
Accepted connection from higher ranked node: 95
Successfully connected with higher ranked node: 95
Accepting connection from higher ranked node: 94
Accept through vt-tcp !
Accepted connection from higher ranked node: 94
Successfully connected with higher ranked node: 94
Accepting connection from higher ranked node: 93
Accept through vt-tcp !
Accepted connection from higher ranked node: 93
Successfully connected with higher ranked node: 93
Accepting connection from higher ranked node: 92
Accept through vt-tcp !
Accepted connection from higher ranked node: 92
Successfully connected with higher ranked node: 92
Accepting connection from higher ranked node: 91
Accept through vt-tcp !
Accepted connection from higher ranked node: 91
Successfully connected with higher ranked node: 91
Accepting connection from higher ranked node: 90
Accept through vt-tcp !
Accepted connection from higher ranked node: 90
Successfully connected with higher ranked node: 90
Accepting connection from higher ranked node: 89
Accept through vt-tcp !
Accepted connection from higher ranked node: 89
Successfully connected with higher ranked node: 89
Accepting connection from higher ranked node: 88
Accept through vt-tcp !
Accepted connection from higher ranked node: 88
Successfully connected with higher ranked node: 88
Accepting connection from higher ranked node: 87
Accept through vt-tcp !
Accepted connection from higher ranked node: 87
Successfully connected with higher ranked node: 87
Accepting connection from higher ranked node: 86
Accept through vt-tcp !
Accepted connection from higher ranked node: 86
Successfully connected with higher ranked node: 86
Accepting connection from higher ranked node: 85
Accept through vt-tcp !
Accepted connection from higher ranked node: 85
Successfully connected with higher ranked node: 85
Accepting connection from higher ranked node: 84
Accept through vt-tcp !
Accepted connection from higher ranked node: 84
Successfully connected with higher ranked node: 84
Accepting connection from higher ranked node: 83
Accept through vt-tcp !
Accepted connection from higher ranked node: 83
Successfully connected with higher ranked node: 83
Accepting connection from higher ranked node: 82
Accept through vt-tcp !
Accepted connection from higher ranked node: 82
Successfully connected with higher ranked node: 82
Accepting connection from higher ranked node: 81
Accept through vt-tcp !
Accepted connection from higher ranked node: 81
Successfully connected with higher ranked node: 81
Accepting connection from higher ranked node: 80
Accept through vt-tcp !
Accepted connection from higher ranked node: 80
Successfully connected with higher ranked node: 80
Accepting connection from higher ranked node: 79
Accept through vt-tcp !
Accepted connection from higher ranked node: 79
Successfully connected with higher ranked node: 79
Accepting connection from higher ranked node: 78
Accept through vt-tcp !
Accepted connection from higher ranked node: 78
Successfully connected with higher ranked node: 78
Accepting connection from higher ranked node: 77
Accept through vt-tcp !
Accepted connection from higher ranked node: 77
Successfully connected with higher ranked node: 77
Accepting connection from higher ranked node: 76
Accept through vt-tcp !
Accepted connection from higher ranked node: 76
Successfully connected with higher ranked node: 76
Accepting connection from higher ranked node: 75
Accept through vt-tcp !
Accepted connection from higher ranked node: 75
Successfully connected with higher ranked node: 75
Accepting connection from higher ranked node: 74
Accept through vt-tcp !
Accepted connection from higher ranked node: 74
Successfully connected with higher ranked node: 74
Accepting connection from higher ranked node: 73
Accept through vt-tcp !
Accepted connection from higher ranked node: 73
Successfully connected with higher ranked node: 73
Accepting connection from higher ranked node: 72
Accept through vt-tcp !
Accepted connection from higher ranked node: 72
Successfully connected with higher ranked node: 72
Accepting connection from higher ranked node: 71
Accept through vt-tcp !
Accepted connection from higher ranked node: 71
Successfully connected with higher ranked node: 71
Accepting connection from higher ranked node: 70
Accept through vt-tcp !
Accepted connection from higher ranked node: 70
Successfully connected with higher ranked node: 70
Accepting connection from higher ranked node: 69
Accept through vt-tcp !
Accepted connection from higher ranked node: 69
Successfully connected with higher ranked node: 69
Accepting connection from higher ranked node: 68
Accept through vt-tcp !
Accepted connection from higher ranked node: 68
Successfully connected with higher ranked node: 68
Accepting connection from higher ranked node: 67
Accept through vt-tcp !
Accepted connection from higher ranked node: 67
Successfully connected with higher ranked node: 67
Accepting connection from higher ranked node: 66
Accept through vt-tcp !
Accepted connection from higher ranked node: 66
Successfully connected with higher ranked node: 66
Accepting connection from higher ranked node: 65
Accept through vt-tcp !
Accepted connection from higher ranked node: 65
Successfully connected with higher ranked node: 65
Accepting connection from higher ranked node: 64
Accept through vt-tcp !
Accepted connection from higher ranked node: 64
Successfully connected with higher ranked node: 64
Accepting connection from higher ranked node: 63
Accept through vt-tcp !
Accepted connection from higher ranked node: 63
Successfully connected with higher ranked node: 63
Accepting connection from higher ranked node: 62
Accept through vt-tcp !
Accepted connection from higher ranked node: 62
Successfully connected with higher ranked node: 62
Accepting connection from higher ranked node: 61
Accept through vt-tcp !
Accepted connection from higher ranked node: 61
Successfully connected with higher ranked node: 61
Accepting connection from higher ranked node: 60
Accept through vt-tcp !
Accepted connection from higher ranked node: 60
Successfully connected with higher ranked node: 60
Accepting connection from higher ranked node: 59
Accept through vt-tcp !
Accepted connection from higher ranked node: 59
Successfully connected with higher ranked node: 59
Accepting connection from higher ranked node: 58
Accept through vt-tcp !
Accepted connection from higher ranked node: 58
Successfully connected with higher ranked node: 58
Closing server socket: 4097
Clearing all tcp timers !
TCP-done for socket: 4097, err: -103

---------------- Connecting to lowed ranked nodes ! --------------
Adding new vt-tcp-socket !
Creating vt-tcp socket !
Connecting to lower ranked node: 56 at 10.1.39.2:10000
Connecting .. Socket: 4142, src-port: 40001
Socket: 4097 garbage collection
Freeing socket: 4097
Waking up connected socket !
Socket connect success. socket = 4142
Connecting through vt-tcp success !
Successfully connected to lower ranked node: 56 at 10.1.39.2:10000
Adding new vt-tcp-socket !
Creating vt-tcp socket !
Connecting to lower ranked node: 55 at 10.1.39.6:10000
Connecting .. Socket: 4143, src-port: 40002
Waking up connected socket !
Socket connect success. socket = 4143
Connecting through vt-tcp success !
Successfully connected to lower ranked node: 55 at 10.1.39.6:10000
Adding new vt-tcp-socket !
Creating vt-tcp socket !
Connecting to lower ranked node: 54 at 10.1.39.10:10000
Connecting .. Socket: 4144, src-port: 40003
Waking up connected socket !
Socket connect success. socket = 4144
Connecting through vt-tcp success !
Successfully connected to lower ranked node: 54 at 10.1.39.10:10000
Adding new vt-tcp-socket !
Creating vt-tcp socket !
Connecting to lower ranked node: 53 at 10.1.39.14:10000
Connecting .. Socket: 4145, src-port: 40004
Waking up connected socket !
Socket connect success. socket = 4145
Connecting through vt-tcp success !
Successfully connected to lower ranked node: 53 at 10.1.39.14:10000
Adding new vt-tcp-socket !
Creating vt-tcp socket !
Connecting to lower ranked node: 52 at 10.1.38.234:10000
Connecting .. Socket: 4146, src-port: 40005
Waking up connected socket !
Socket connect success. socket = 4146
Connecting through vt-tcp success !
Successfully connected to lower ranked node: 52 at 10.1.38.234:10000
Adding new vt-tcp-socket !
Creating vt-tcp socket !
Connecting to lower ranked node: 51 at 10.1.39.22:10000
Connecting .. Socket: 4147, src-port: 40006
Waking up connected socket !
Socket connect success. socket = 4147
Connecting through vt-tcp success !
Successfully connected to lower ranked node: 51 at 10.1.39.22:10000
Adding new vt-tcp-socket !
Creating vt-tcp socket !
Connecting to lower ranked node: 50 at 10.1.39.26:10000
Connecting .. Socket: 4148, src-port: 40007
Waking up connected socket !
Socket connect success. socket = 4148
Connecting through vt-tcp success !
Successfully connected to lower ranked node: 50 at 10.1.39.26:10000
Adding new vt-tcp-socket !
Creating vt-tcp socket !
Connecting to lower ranked node: 49 at 10.1.39.30:10000
Connecting .. Socket: 4149, src-port: 40008
Waking up connected socket !
Socket connect success. socket = 4149
Connecting through vt-tcp success !
Successfully connected to lower ranked node: 49 at 10.1.39.30:10000
Adding new vt-tcp-socket !
Creating vt-tcp socket !
Connecting to lower ranked node: 48 at 10.1.39.34:10000
Connecting .. Socket: 4150, src-port: 40009
Waking up connected socket !
Socket connect success. socket = 4150
Connecting through vt-tcp success !
Successfully connected to lower ranked node: 48 at 10.1.39.34:10000
Adding new vt-tcp-socket !
Creating vt-tcp socket !
Connecting to lower ranked node: 47 at 10.1.39.38:10000
Connecting .. Socket: 4151, src-port: 40010
Waking up connected socket !
Socket connect success. socket = 4151
Connecting through vt-tcp success !
Successfully connected to lower ranked node: 47 at 10.1.39.38:10000
Adding new vt-tcp-socket !
Creating vt-tcp socket !
Connecting to lower ranked node: 46 at 10.1.39.42:10000
Connecting .. Socket: 4152, src-port: 40011
Waking up connected socket !
Socket connect success. socket = 4152
Connecting through vt-tcp success !
Successfully connected to lower ranked node: 46 at 10.1.39.42:10000
Adding new vt-tcp-socket !
Creating vt-tcp socket !
Connecting to lower ranked node: 45 at 10.1.39.46:10000
Connecting .. Socket: 4153, src-port: 40012
Waking up connected socket !
Socket connect success. socket = 4153
Connecting through vt-tcp success !
Successfully connected to lower ranked node: 45 at 10.1.39.46:10000
Adding new vt-tcp-socket !
Creating vt-tcp socket !
Connecting to lower ranked node: 44 at 10.1.39.50:10000
Connecting .. Socket: 4154, src-port: 40013
Waking up connected socket !
Socket connect success. socket = 4154
Connecting through vt-tcp success !
Successfully connected to lower ranked node: 44 at 10.1.39.50:10000
Adding new vt-tcp-socket !
Creating vt-tcp socket !
Connecting to lower ranked node: 43 at 10.1.38.198:10000
Connecting .. Socket: 4155, src-port: 40014
Waking up connected socket !
Socket connect success. socket = 4155
Connecting through vt-tcp success !
Successfully connected to lower ranked node: 43 at 10.1.38.198:10000
Adding new vt-tcp-socket !
Creating vt-tcp socket !
Connecting to lower ranked node: 42 at 10.1.38.162:10000
Connecting .. Socket: 4156, src-port: 40015
Waking up connected socket !
Socket connect success. socket = 4156
Connecting through vt-tcp success !
Successfully connected to lower ranked node: 42 at 10.1.38.162:10000
Adding new vt-tcp-socket !
Creating vt-tcp socket !
Connecting to lower ranked node: 41 at 10.1.38.166:10000
Connecting .. Socket: 4157, src-port: 40016
Waking up connected socket !
Socket connect success. socket = 4157
Connecting through vt-tcp success !
Successfully connected to lower ranked node: 41 at 10.1.38.166:10000
Adding new vt-tcp-socket !
Creating vt-tcp socket !
Connecting to lower ranked node: 40 at 10.1.38.170:10000
Connecting .. Socket: 4158, src-port: 40017
Waking up connected socket !
Socket connect success. socket = 4158
Connecting through vt-tcp success !
Successfully connected to lower ranked node: 40 at 10.1.38.170:10000
Adding new vt-tcp-socket !
Creating vt-tcp socket !
Connecting to lower ranked node: 39 at 10.1.38.174:10000
Connecting .. Socket: 4159, src-port: 40018
Waking up connected socket !
Socket connect success. socket = 4159
Connecting through vt-tcp success !
Successfully connected to lower ranked node: 39 at 10.1.38.174:10000
Adding new vt-tcp-socket !
Creating vt-tcp socket !
Connecting to lower ranked node: 38 at 10.1.38.178:10000
Connecting .. Socket: 4160, src-port: 40019
Waking up connected socket !
Socket connect success. socket = 4160
Connecting through vt-tcp success !
Successfully connected to lower ranked node: 38 at 10.1.38.178:10000
Adding new vt-tcp-socket !
Creating vt-tcp socket !
Connecting to lower ranked node: 37 at 10.1.38.182:10000
Connecting .. Socket: 4161, src-port: 40020
Waking up connected socket !
Socket connect success. socket = 4161
Connecting through vt-tcp success !
Successfully connected to lower ranked node: 37 at 10.1.38.182:10000
Adding new vt-tcp-socket !
Creating vt-tcp socket !
Connecting to lower ranked node: 36 at 10.1.38.186:10000
Connecting .. Socket: 4162, src-port: 40021
Waking up connected socket !
Socket connect success. socket = 4162
Connecting through vt-tcp success !
Successfully connected to lower ranked node: 36 at 10.1.38.186:10000
Adding new vt-tcp-socket !
Creating vt-tcp socket !
Connecting to lower ranked node: 35 at 10.1.38.190:10000
Connecting .. Socket: 4163, src-port: 40022
Waking up connected socket !
Socket connect success. socket = 4163
Connecting through vt-tcp success !
Successfully connected to lower ranked node: 35 at 10.1.38.190:10000
Adding new vt-tcp-socket !
Creating vt-tcp socket !
Connecting to lower ranked node: 34 at 10.1.38.194:10000
Connecting .. Socket: 4164, src-port: 40023
Waking up connected socket !
Socket connect success. socket = 4164
Connecting through vt-tcp success !
Successfully connected to lower ranked node: 34 at 10.1.38.194:10000
Adding new vt-tcp-socket !
Creating vt-tcp socket !
Connecting to lower ranked node: 33 at 10.1.38.158:10000
Connecting .. Socket: 4165, src-port: 40024
Waking up connected socket !
Socket connect success. socket = 4165
Connecting through vt-tcp success !
Successfully connected to lower ranked node: 33 at 10.1.38.158:10000
Adding new vt-tcp-socket !
Creating vt-tcp socket !
Connecting to lower ranked node: 32 at 10.1.38.202:10000
Connecting .. Socket: 4166, src-port: 40025
Waking up connected socket !
Socket connect success. socket = 4166
Connecting through vt-tcp success !
Successfully connected to lower ranked node: 32 at 10.1.38.202:10000
Adding new vt-tcp-socket !
Creating vt-tcp socket !
Connecting to lower ranked node: 31 at 10.1.38.206:10000
Connecting .. Socket: 4167, src-port: 40026
Waking up connected socket !
Socket connect success. socket = 4167
Connecting through vt-tcp success !
Successfully connected to lower ranked node: 31 at 10.1.38.206:10000
Adding new vt-tcp-socket !
Creating vt-tcp socket !
Connecting to lower ranked node: 30 at 10.1.38.210:10000
Connecting .. Socket: 4168, src-port: 40027
Waking up connected socket !
Socket connect success. socket = 4168
Connecting through vt-tcp success !
Successfully connected to lower ranked node: 30 at 10.1.38.210:10000
Adding new vt-tcp-socket !
Creating vt-tcp socket !
Connecting to lower ranked node: 29 at 10.1.38.214:10000
Connecting .. Socket: 4169, src-port: 40028
Waking up connected socket !
Socket connect success. socket = 4169
Connecting through vt-tcp success !
Successfully connected to lower ranked node: 29 at 10.1.38.214:10000
Adding new vt-tcp-socket !
Creating vt-tcp socket !
Connecting to lower ranked node: 28 at 10.1.38.218:10000
Connecting .. Socket: 4170, src-port: 40029
Waking up connected socket !
Socket connect success. socket = 4170
Connecting through vt-tcp success !
Successfully connected to lower ranked node: 28 at 10.1.38.218:10000
Adding new vt-tcp-socket !
Creating vt-tcp socket !
Connecting to lower ranked node: 27 at 10.1.38.222:10000
Connecting .. Socket: 4171, src-port: 40030
Waking up connected socket !
Socket connect success. socket = 4171
Connecting through vt-tcp success !
Successfully connected to lower ranked node: 27 at 10.1.38.222:10000
Adding new vt-tcp-socket !
Creating vt-tcp socket !
Connecting to lower ranked node: 26 at 10.1.38.226:10000
Connecting .. Socket: 4172, src-port: 40031
Waking up connected socket !
Socket connect success. socket = 4172
Connecting through vt-tcp success !
Successfully connected to lower ranked node: 26 at 10.1.38.226:10000
Adding new vt-tcp-socket !
Creating vt-tcp socket !
Connecting to lower ranked node: 25 at 10.1.38.230:10000
Connecting .. Socket: 4173, src-port: 40032
Waking up connected socket !
Socket connect success. socket = 4173
Connecting through vt-tcp success !
Successfully connected to lower ranked node: 25 at 10.1.38.230:10000
Adding new vt-tcp-socket !
Creating vt-tcp socket !
Connecting to lower ranked node: 24 at 10.1.37.222:10000
Connecting .. Socket: 4174, src-port: 40033
Waking up connected socket !
Socket connect success. socket = 4174
Connecting through vt-tcp success !
Successfully connected to lower ranked node: 24 at 10.1.37.222:10000
Adding new vt-tcp-socket !
Creating vt-tcp socket !
Connecting to lower ranked node: 23 at 10.1.37.34:10000
Connecting .. Socket: 4175, src-port: 40034
Waking up connected socket !
Socket connect success. socket = 4175
Connecting through vt-tcp success !
Successfully connected to lower ranked node: 23 at 10.1.37.34:10000
Adding new vt-tcp-socket !
Creating vt-tcp socket !
Connecting to lower ranked node: 22 at 10.1.37.38:10000
Connecting .. Socket: 4176, src-port: 40035
Waking up connected socket !
Socket connect success. socket = 4176
Connecting through vt-tcp success !
Successfully connected to lower ranked node: 22 at 10.1.37.38:10000
Adding new vt-tcp-socket !
Creating vt-tcp socket !
Connecting to lower ranked node: 21 at 10.1.37.42:10000
Connecting .. Socket: 4177, src-port: 40036
Waking up connected socket !
Socket connect success. socket = 4177
Connecting through vt-tcp success !
Successfully connected to lower ranked node: 21 at 10.1.37.42:10000
Adding new vt-tcp-socket !
Creating vt-tcp socket !
Connecting to lower ranked node: 20 at 10.1.37.46:10000
Connecting .. Socket: 4178, src-port: 40037
Waking up connected socket !
Socket connect success. socket = 4178
Connecting through vt-tcp success !
Successfully connected to lower ranked node: 20 at 10.1.37.46:10000
Adding new vt-tcp-socket !
Creating vt-tcp socket !
Connecting to lower ranked node: 19 at 10.1.37.50:10000
Connecting .. Socket: 4179, src-port: 40038
Waking up connected socket !
Socket connect success. socket = 4179
Connecting through vt-tcp success !
Successfully connected to lower ranked node: 19 at 10.1.37.50:10000
Adding new vt-tcp-socket !
Creating vt-tcp socket !
Connecting to lower ranked node: 18 at 10.1.37.54:10000
Connecting .. Socket: 4180, src-port: 40039
Waking up connected socket !
Socket connect success. socket = 4180
Connecting through vt-tcp success !
Successfully connected to lower ranked node: 18 at 10.1.37.54:10000
Adding new vt-tcp-socket !
Creating vt-tcp socket !
Connecting to lower ranked node: 17 at 10.1.37.58:10000
Connecting .. Socket: 4181, src-port: 40040
Waking up connected socket !
Socket connect success. socket = 4181
Connecting through vt-tcp success !
Successfully connected to lower ranked node: 17 at 10.1.37.58:10000
Adding new vt-tcp-socket !
Creating vt-tcp socket !
Connecting to lower ranked node: 16 at 10.1.37.62:10000
Connecting .. Socket: 4182, src-port: 40041
Waking up connected socket !
Socket connect success. socket = 4182
Connecting through vt-tcp success !
Successfully connected to lower ranked node: 16 at 10.1.37.62:10000
Adding new vt-tcp-socket !
Creating vt-tcp socket !
Connecting to lower ranked node: 15 at 10.1.37.66:10000
Connecting .. Socket: 4183, src-port: 40042
Waking up connected socket !
Socket connect success. socket = 4183
Connecting through vt-tcp success !
Successfully connected to lower ranked node: 15 at 10.1.37.66:10000
Adding new vt-tcp-socket !
Creating vt-tcp socket !
Connecting to lower ranked node: 14 at 10.1.37.30:10000
Connecting .. Socket: 4184, src-port: 40043
Waking up connected socket !
Socket connect success. socket = 4184
Connecting through vt-tcp success !
Successfully connected to lower ranked node: 14 at 10.1.37.30:10000
Adding new vt-tcp-socket !
Creating vt-tcp socket !
Connecting to lower ranked node: 13 at 10.1.37.74:10000
Connecting .. Socket: 4185, src-port: 40044
Waking up connected socket !
Socket connect success. socket = 4185
Connecting through vt-tcp success !
Successfully connected to lower ranked node: 13 at 10.1.37.74:10000
Adding new vt-tcp-socket !
Creating vt-tcp socket !
Connecting to lower ranked node: 12 at 10.1.37.78:10000
Connecting .. Socket: 4186, src-port: 40045
Waking up connected socket !
Socket connect success. socket = 4186
Connecting through vt-tcp success !
Successfully connected to lower ranked node: 12 at 10.1.37.78:10000
Adding new vt-tcp-socket !
Creating vt-tcp socket !
Connecting to lower ranked node: 11 at 10.1.37.82:10000
Connecting .. Socket: 4187, src-port: 40046
Waking up connected socket !
Socket connect success. socket = 4187
Connecting through vt-tcp success !
Successfully connected to lower ranked node: 11 at 10.1.37.82:10000
Adding new vt-tcp-socket !
Creating vt-tcp socket !
Connecting to lower ranked node: 10 at 10.1.37.86:10000
Connecting .. Socket: 4188, src-port: 40047
Waking up connected socket !
Socket connect success. socket = 4188
Connecting through vt-tcp success !
Successfully connected to lower ranked node: 10 at 10.1.37.86:10000
Adding new vt-tcp-socket !
Creating vt-tcp socket !
Connecting to lower ranked node: 9 at 10.1.37.90:10000
Connecting .. Socket: 4189, src-port: 40048
Waking up connected socket !
Socket connect success. socket = 4189
Connecting through vt-tcp success !
Successfully connected to lower ranked node: 9 at 10.1.37.90:10000
Adding new vt-tcp-socket !
Creating vt-tcp socket !
Connecting to lower ranked node: 8 at 10.1.37.94:10000
Connecting .. Socket: 4190, src-port: 40049
Waking up connected socket !
Socket connect success. socket = 4190
Connecting through vt-tcp success !
Successfully connected to lower ranked node: 8 at 10.1.37.94:10000
Adding new vt-tcp-socket !
Creating vt-tcp socket !
Connecting to lower ranked node: 7 at 10.1.37.98:10000
Connecting .. Socket: 4191, src-port: 40050
Waking up connected socket !
Socket connect success. socket = 4191
Connecting through vt-tcp success !
Successfully connected to lower ranked node: 7 at 10.1.37.98:10000
Adding new vt-tcp-socket !
Creating vt-tcp socket !
Connecting to lower ranked node: 6 at 10.1.37.102:10000
Connecting .. Socket: 4192, src-port: 40051
Waking up connected socket !
Socket connect success. socket = 4192
Connecting through vt-tcp success !
Successfully connected to lower ranked node: 6 at 10.1.37.102:10000
Adding new vt-tcp-socket !
Creating vt-tcp socket !
Connecting to lower ranked node: 5 at 10.1.36.246:10000
Connecting .. Socket: 4193, src-port: 40052
Waking up connected socket !
Socket connect success. socket = 4193
Connecting through vt-tcp success !
Successfully connected to lower ranked node: 5 at 10.1.36.246:10000
Adding new vt-tcp-socket !
Creating vt-tcp socket !
Connecting to lower ranked node: 4 at 10.1.36.210:10000
Connecting .. Socket: 4194, src-port: 40053
Waking up connected socket !
Socket connect success. socket = 4194
Connecting through vt-tcp success !
Successfully connected to lower ranked node: 4 at 10.1.36.210:10000
Adding new vt-tcp-socket !
Creating vt-tcp socket !
Connecting to lower ranked node: 3 at 10.1.36.214:10000
Connecting .. Socket: 4195, src-port: 40054
Waking up connected socket !
Socket connect success. socket = 4195
Connecting through vt-tcp success !
Successfully connected to lower ranked node: 3 at 10.1.36.214:10000
Adding new vt-tcp-socket !
Creating vt-tcp socket !
Connecting to lower ranked node: 2 at 10.1.36.218:10000
Connecting .. Socket: 4196, src-port: 40055
Waking up connected socket !
Socket connect success. socket = 4196
Connecting through vt-tcp success !
Successfully connected to lower ranked node: 2 at 10.1.36.218:10000
Adding new vt-tcp-socket !
Creating vt-tcp socket !
Connecting to lower ranked node: 1 at 10.1.36.222:10000
Connecting .. Socket: 4197, src-port: 40056
Waking up connected socket !
Socket connect success. socket = 4197
Connecting through vt-tcp success !
Successfully connected to lower ranked node: 1 at 10.1.36.222:10000
Adding new vt-tcp-socket !
Creating vt-tcp socket !
Connecting to lower ranked node: 0 at 10.1.36.226:10000
Connecting .. Socket: 4198, src-port: 40057
Waking up connected socket !
Socket connect success. socket = 4198
Connecting through vt-tcp success !
Successfully connected to lower ranked node: 0 at 10.1.36.226:10000

---------------- Creating listen Thread ! --------------

---------------- MPI-Init success ! --------------
Waiting to receive partition information from master !
Adding new Thread: 8
Resuming new Thread with Burst of length: 5400
Process 57 computing itegral over my_a = 15.600000, my_b= 15.700000
Called SetLoopLookahead: init: 0, final: 100000000, step: 1, loopDepth: 0, cumulative-num-iterations: 100000000, look-ahead-ns: 518518496
tcp-linger 
Clearing all tcp timers !
TCP-done for socket: 4098, err: -110
Socket: 4098 garbage collection
Freeing socket: 4098
Avg-Compute-Communication-Ratio = 458.052120
Process 57 contributed MY_TOTAL = -nan, my_a = 15.600000, my_b= 15.700000
Integral: 0 computed

------------------------------------------------------------------------------
Waiting to receive partition information from master !
Process 57 computing itegral over my_a = 25.600000, my_b= 25.700000
Called SetLoopLookahead: init: 0, final: 100000000, step: 1, loopDepth: 0, cumulative-num-iterations: 100000000, look-ahead-ns: 518518496
Before rcv-wnd: seq: 1, rcv_nxt: 5
Before rcv-wnd: seq: 1, rcv_nxt: 5
Before rcv-wnd: seq: 1, rcv_nxt: 5
Before rcv-wnd: seq: 1, rcv_nxt: 5
Before rcv-wnd: seq: 1, rcv_nxt: 5
Before rcv-wnd: seq: 1, rcv_nxt: 5
tcp-rto: snd_una: 1, rto: 2000, backoff: 1
tcp-rto: snd_una: 1, rto: 2000, backoff: 1
tcp-rto: snd_una: 1, rto: 2000, backoff: 1
tcp-rto: snd_una: 1, rto: 2000, backoff: 1
tcp-rto: snd_una: 1, rto: 2000, backoff: 1
tcp-rto: snd_una: 1, rto: 2000, backoff: 1
tcp-rto: snd_una: 1, rto: 2000, backoff: 1
tcp-rto: snd_una: 1, rto: 2000, backoff: 1
tcp-rto: snd_una: 1, rto: 2000, backoff: 1
tcp-rto: snd_una: 1, rto: 2000, backoff: 1
Avg-Compute-Communication-Ratio = 641.322202
Process 57 contributed MY_TOTAL = -nan, my_a = 25.600000, my_b= 25.700000
Integral: 1 computed

------------------------------------------------------------------------------
Waiting to receive partition information from master !
Process 57 computing itegral over my_a = 35.600000, my_b= 35.700000
Called SetLoopLookahead: init: 0, final: 100000000, step: 1, loopDepth: 0, cumulative-num-iterations: 100000000, look-ahead-ns: 518518496
Avg-Compute-Communication-Ratio = 741.436130
Process 57 contributed MY_TOTAL = -nan, my_a = 35.600000, my_b= 35.700000
Integral: 2 computed

------------------------------------------------------------------------------
Waiting to receive partition information from master !
Process 57 computing itegral over my_a = 45.600000, my_b= 45.700000
Called SetLoopLookahead: init: 0, final: 100000000, step: 1, loopDepth: 0, cumulative-num-iterations: 100000000, look-ahead-ns: 518518496
Avg-Compute-Communication-Ratio = 807.336707
Process 57 contributed MY_TOTAL = -nan, my_a = 45.600000, my_b= 45.700000
Integral: 3 computed

------------------------------------------------------------------------------
Waiting to receive partition information from master !
Process 57 computing itegral over my_a = 55.600000, my_b= 55.700000
Called SetLoopLookahead: init: 0, final: 100000000, step: 1, loopDepth: 0, cumulative-num-iterations: 100000000, look-ahead-ns: 518518496
Avg-Compute-Communication-Ratio = 848.907335
Process 57 contributed MY_TOTAL = -nan, my_a = 55.600000, my_b= 55.700000
Integral: 4 computed

------------------------------------------------------------------------------
Waiting to receive partition information from master !
Process 57 computing itegral over my_a = 65.600000, my_b= 65.700000
Called SetLoopLookahead: init: 0, final: 100000000, step: 1, loopDepth: 0, cumulative-num-iterations: 100000000, look-ahead-ns: 518518496
Avg-Compute-Communication-Ratio = 879.581001
Process 57 contributed MY_TOTAL = -nan, my_a = 65.600000, my_b= 65.700000
Integral: 5 computed

------------------------------------------------------------------------------
Waiting to receive partition information from master !
Process 57 computing itegral over my_a = 75.600000, my_b= 75.700000
Called SetLoopLookahead: init: 0, final: 100000000, step: 1, loopDepth: 0, cumulative-num-iterations: 100000000, look-ahead-ns: 518518496
Avg-Compute-Communication-Ratio = 903.333250
Process 57 contributed MY_TOTAL = -nan, my_a = 75.600000, my_b= 75.700000
Integral: 6 computed

------------------------------------------------------------------------------
Waiting to receive partition information from master !
Process 57 computing itegral over my_a = 85.600000, my_b= 85.700000
Called SetLoopLookahead: init: 0, final: 100000000, step: 1, loopDepth: 0, cumulative-num-iterations: 100000000, look-ahead-ns: 518518496
Avg-Compute-Communication-Ratio = 919.961854
Process 57 contributed MY_TOTAL = -nan, my_a = 85.600000, my_b= 85.700000
Integral: 7 computed

------------------------------------------------------------------------------
Waiting to receive partition information from master !
Process 57 computing itegral over my_a = 95.600000, my_b= 95.700000
Called SetLoopLookahead: init: 0, final: 100000000, step: 1, loopDepth: 0, cumulative-num-iterations: 100000000, look-ahead-ns: 518518496
Avg-Compute-Communication-Ratio = 935.569968
Process 57 contributed MY_TOTAL = -nan, my_a = 95.600000, my_b= 95.700000
Integral: 8 computed

------------------------------------------------------------------------------
Waiting to receive partition information from master !
Process 57 computing itegral over my_a = 105.600000, my_b= 105.700000
Called SetLoopLookahead: init: 0, final: 100000000, step: 1, loopDepth: 0, cumulative-num-iterations: 100000000, look-ahead-ns: 518518496
Avg-Compute-Communication-Ratio = 947.057169
Process 57 contributed MY_TOTAL = -nan, my_a = 105.600000, my_b= 105.700000
Integral: 9 computed

------------------------------------------------------------------------------
Waiting to receive partition information from master !
Process 57 computing itegral over my_a = 115.600000, my_b= 115.700000
Called SetLoopLookahead: init: 0, final: 100000000, step: 1, loopDepth: 0, cumulative-num-iterations: 100000000, look-ahead-ns: 518518496
Avg-Compute-Communication-Ratio = 956.988758
Process 57 contributed MY_TOTAL = -nan, my_a = 115.600000, my_b= 115.700000
Integral: 10 computed

------------------------------------------------------------------------------
Waiting to receive partition information from master !
Process 57 computing itegral over my_a = 125.600000, my_b= 125.700000
Called SetLoopLookahead: init: 0, final: 100000000, step: 1, loopDepth: 0, cumulative-num-iterations: 100000000, look-ahead-ns: 518518496
Avg-Compute-Communication-Ratio = 966.325206
Process 57 contributed MY_TOTAL = -nan, my_a = 125.600000, my_b= 125.700000
Integral: 11 computed

------------------------------------------------------------------------------
Waiting to receive partition information from master !
Process 57 computing itegral over my_a = 135.600000, my_b= 135.700000
Called SetLoopLookahead: init: 0, final: 100000000, step: 1, loopDepth: 0, cumulative-num-iterations: 100000000, look-ahead-ns: 518518496
Avg-Compute-Communication-Ratio = 973.524408
Process 57 contributed MY_TOTAL = -nan, my_a = 135.600000, my_b= 135.700000
Integral: 12 computed

------------------------------------------------------------------------------
Waiting to receive partition information from master !
Process 57 computing itegral over my_a = 145.600000, my_b= 145.700000
Called SetLoopLookahead: init: 0, final: 100000000, step: 1, loopDepth: 0, cumulative-num-iterations: 100000000, look-ahead-ns: 518518496
Avg-Compute-Communication-Ratio = 980.840157
Process 57 contributed MY_TOTAL = -nan, my_a = 145.600000, my_b= 145.700000
Integral: 13 computed

------------------------------------------------------------------------------
Waiting to receive partition information from master !
Process 57 computing itegral over my_a = 155.600000, my_b= 155.700000
Called SetLoopLookahead: init: 0, final: 100000000, step: 1, loopDepth: 0, cumulative-num-iterations: 100000000, look-ahead-ns: 518518496
Avg-Compute-Communication-Ratio = 986.768967
Process 57 contributed MY_TOTAL = -nan, my_a = 155.600000, my_b= 155.700000
Integral: 14 computed

------------------------------------------------------------------------------
Waiting to receive partition information from master !
Process 57 computing itegral over my_a = 165.600000, my_b= 165.700000
Called SetLoopLookahead: init: 0, final: 100000000, step: 1, loopDepth: 0, cumulative-num-iterations: 100000000, look-ahead-ns: 518518496
Avg-Compute-Communication-Ratio = 991.541532
Process 57 contributed MY_TOTAL = -nan, my_a = 165.600000, my_b= 165.700000
Integral: 15 computed

------------------------------------------------------------------------------
Waiting to receive partition information from master !
Process 57 computing itegral over my_a = 175.600000, my_b= 175.700000
Called SetLoopLookahead: init: 0, final: 100000000, step: 1, loopDepth: 0, cumulative-num-iterations: 100000000, look-ahead-ns: 518518496
Avg-Compute-Communication-Ratio = 995.791121
Process 57 contributed MY_TOTAL = -nan, my_a = 175.600000, my_b= 175.700000
Integral: 16 computed

------------------------------------------------------------------------------
Waiting to receive partition information from master !
Process 57 computing itegral over my_a = 185.600000, my_b= 185.700000
Called SetLoopLookahead: init: 0, final: 100000000, step: 1, loopDepth: 0, cumulative-num-iterations: 100000000, look-ahead-ns: 518518496
Avg-Compute-Communication-Ratio = 1000.241989
Process 57 contributed MY_TOTAL = -nan, my_a = 185.600000, my_b= 185.700000
Integral: 17 computed

------------------------------------------------------------------------------
Waiting to receive partition information from master !
Process 57 computing itegral over my_a = 195.600000, my_b= 195.700000
Called SetLoopLookahead: init: 0, final: 100000000, step: 1, loopDepth: 0, cumulative-num-iterations: 100000000, look-ahead-ns: 518518496
Avg-Compute-Communication-Ratio = 1004.462989
Process 57 contributed MY_TOTAL = -nan, my_a = 195.600000, my_b= 195.700000
Integral: 18 computed

------------------------------------------------------------------------------
Waiting to receive partition information from master !
Process 57 computing itegral over my_a = 205.600000, my_b= 205.700000
Called SetLoopLookahead: init: 0, final: 100000000, step: 1, loopDepth: 0, cumulative-num-iterations: 100000000, look-ahead-ns: 518518496
Avg-Compute-Communication-Ratio = 1008.292465
Process 57 contributed MY_TOTAL = -nan, my_a = 205.600000, my_b= 205.700000
Integral: 19 computed

------------------------------------------------------------------------------
Waiting to receive partition information from master !
Process 57 computing itegral over my_a = 215.600000, my_b= 215.700000
Called SetLoopLookahead: init: 0, final: 100000000, step: 1, loopDepth: 0, cumulative-num-iterations: 100000000, look-ahead-ns: 518518496
Avg-Compute-Communication-Ratio = 1012.158673
Process 57 contributed MY_TOTAL = -nan, my_a = 215.600000, my_b= 215.700000
Integral: 20 computed

------------------------------------------------------------------------------
Waiting to receive partition information from master !
Process 57 computing itegral over my_a = 225.600000, my_b= 225.700000
Called SetLoopLookahead: init: 0, final: 100000000, step: 1, loopDepth: 0, cumulative-num-iterations: 100000000, look-ahead-ns: 518518496
Avg-Compute-Communication-Ratio = 1014.976243
Process 57 contributed MY_TOTAL = -nan, my_a = 225.600000, my_b= 225.700000
Integral: 21 computed

------------------------------------------------------------------------------
Waiting to receive partition information from master !
Process 57 computing itegral over my_a = 235.600000, my_b= 235.700000
Called SetLoopLookahead: init: 0, final: 100000000, step: 1, loopDepth: 0, cumulative-num-iterations: 100000000, look-ahead-ns: 518518496
Avg-Compute-Communication-Ratio = 1017.215370
Process 57 contributed MY_TOTAL = -nan, my_a = 235.600000, my_b= 235.700000
Integral: 22 computed

------------------------------------------------------------------------------
Waiting to receive partition information from master !
Process 57 computing itegral over my_a = 245.600000, my_b= 245.700000
Called SetLoopLookahead: init: 0, final: 100000000, step: 1, loopDepth: 0, cumulative-num-iterations: 100000000, look-ahead-ns: 518518496
Avg-Compute-Communication-Ratio = 1020.112140
Process 57 contributed MY_TOTAL = -nan, my_a = 245.600000, my_b= 245.700000
Integral: 23 computed

------------------------------------------------------------------------------
Waiting to receive partition information from master !
Process 57 computing itegral over my_a = 255.600000, my_b= 255.700000
Called SetLoopLookahead: init: 0, final: 100000000, step: 1, loopDepth: 0, cumulative-num-iterations: 100000000, look-ahead-ns: 518518496
Avg-Compute-Communication-Ratio = 1023.276208
Process 57 contributed MY_TOTAL = -nan, my_a = 255.600000, my_b= 255.700000
Integral: 24 computed

------------------------------------------------------------------------------
Waiting to receive partition information from master !
Process 57 computing itegral over my_a = 265.600000, my_b= 265.700000
Called SetLoopLookahead: init: 0, final: 100000000, step: 1, loopDepth: 0, cumulative-num-iterations: 100000000, look-ahead-ns: 518518496
Avg-Compute-Communication-Ratio = 1024.810186
Process 57 contributed MY_TOTAL = -nan, my_a = 265.600000, my_b= 265.700000
Integral: 25 computed

------------------------------------------------------------------------------
Waiting to receive partition information from master !
Process 57 computing itegral over my_a = 275.600000, my_b= 275.700000
Called SetLoopLookahead: init: 0, final: 100000000, step: 1, loopDepth: 0, cumulative-num-iterations: 100000000, look-ahead-ns: 518518496
Avg-Compute-Communication-Ratio = 1026.987456
Process 57 contributed MY_TOTAL = -nan, my_a = 275.600000, my_b= 275.700000
Integral: 26 computed

------------------------------------------------------------------------------
Waiting to receive partition information from master !
Process 57 computing itegral over my_a = 285.600000, my_b= 285.700000
Called SetLoopLookahead: init: 0, final: 100000000, step: 1, loopDepth: 0, cumulative-num-iterations: 100000000, look-ahead-ns: 518518496
Avg-Compute-Communication-Ratio = 1029.017507
Process 57 contributed MY_TOTAL = -nan, my_a = 285.600000, my_b= 285.700000
Integral: 27 computed

------------------------------------------------------------------------------
Waiting to receive partition information from master !
Process 57 computing itegral over my_a = 295.600000, my_b= 295.700000
Called SetLoopLookahead: init: 0, final: 100000000, step: 1, loopDepth: 0, cumulative-num-iterations: 100000000, look-ahead-ns: 518518496
Avg-Compute-Communication-Ratio = 1030.632145
Process 57 contributed MY_TOTAL = -nan, my_a = 295.600000, my_b= 295.700000
Integral: 28 computed

------------------------------------------------------------------------------
Waiting to receive partition information from master !
Process 57 computing itegral over my_a = 305.600000, my_b= 305.700000
Called SetLoopLookahead: init: 0, final: 100000000, step: 1, loopDepth: 0, cumulative-num-iterations: 100000000, look-ahead-ns: 518518496
Avg-Compute-Communication-Ratio = 1032.143720
Process 57 contributed MY_TOTAL = -nan, my_a = 305.600000, my_b= 305.700000
Integral: 29 computed

------------------------------------------------------------------------------
Waiting to receive partition information from master !
Process 57 computing itegral over my_a = 315.600000, my_b= 315.700000
Called SetLoopLookahead: init: 0, final: 100000000, step: 1, loopDepth: 0, cumulative-num-iterations: 100000000, look-ahead-ns: 518518496
Avg-Compute-Communication-Ratio = 1033.827695
Process 57 contributed MY_TOTAL = -nan, my_a = 315.600000, my_b= 315.700000
Integral: 30 computed

------------------------------------------------------------------------------
Waiting to receive partition information from master !
Process 57 computing itegral over my_a = 325.600000, my_b= 325.700000
Called SetLoopLookahead: init: 0, final: 100000000, step: 1, loopDepth: 0, cumulative-num-iterations: 100000000, look-ahead-ns: 518518496
Avg-Compute-Communication-Ratio = 1035.669933
Process 57 contributed MY_TOTAL = -nan, my_a = 325.600000, my_b= 325.700000
Integral: 31 computed

------------------------------------------------------------------------------
Waiting to receive partition information from master !
Process 57 computing itegral over my_a = 335.600000, my_b= 335.700000
Called SetLoopLookahead: init: 0, final: 100000000, step: 1, loopDepth: 0, cumulative-num-iterations: 100000000, look-ahead-ns: 518518496
Avg-Compute-Communication-Ratio = 1037.154988
Process 57 contributed MY_TOTAL = -nan, my_a = 335.600000, my_b= 335.700000
Integral: 32 computed

------------------------------------------------------------------------------
Waiting to receive partition information from master !
Process 57 computing itegral over my_a = 345.600000, my_b= 345.700000
Called SetLoopLookahead: init: 0, final: 100000000, step: 1, loopDepth: 0, cumulative-num-iterations: 100000000, look-ahead-ns: 518518496
Avg-Compute-Communication-Ratio = 1039.168759
Process 57 contributed MY_TOTAL = -nan, my_a = 345.600000, my_b= 345.700000
Integral: 33 computed

------------------------------------------------------------------------------
Waiting to receive partition information from master !
Process 57 computing itegral over my_a = 355.600000, my_b= 355.700000
Called SetLoopLookahead: init: 0, final: 100000000, step: 1, loopDepth: 0, cumulative-num-iterations: 100000000, look-ahead-ns: 518518496
Avg-Compute-Communication-Ratio = 1040.835799
Process 57 contributed MY_TOTAL = -nan, my_a = 355.600000, my_b= 355.700000
Integral: 34 computed

------------------------------------------------------------------------------
Waiting to receive partition information from master !
Process 57 computing itegral over my_a = 365.600000, my_b= 365.700000
Called SetLoopLookahead: init: 0, final: 100000000, step: 1, loopDepth: 0, cumulative-num-iterations: 100000000, look-ahead-ns: 518518496
Avg-Compute-Communication-Ratio = 1042.065986
Process 57 contributed MY_TOTAL = -nan, my_a = 365.600000, my_b= 365.700000
Integral: 35 computed

------------------------------------------------------------------------------
Waiting to receive partition information from master !
Process 57 computing itegral over my_a = 375.600000, my_b= 375.700000
Called SetLoopLookahead: init: 0, final: 100000000, step: 1, loopDepth: 0, cumulative-num-iterations: 100000000, look-ahead-ns: 518518496
Avg-Compute-Communication-Ratio = 1043.459317
Process 57 contributed MY_TOTAL = -nan, my_a = 375.600000, my_b= 375.700000
Integral: 36 computed

------------------------------------------------------------------------------
Waiting to receive partition information from master !
Process 57 computing itegral over my_a = 385.600000, my_b= 385.700000
Called SetLoopLookahead: init: 0, final: 100000000, step: 1, loopDepth: 0, cumulative-num-iterations: 100000000, look-ahead-ns: 518518496
Avg-Compute-Communication-Ratio = 1045.004402
Process 57 contributed MY_TOTAL = -nan, my_a = 385.600000, my_b= 385.700000
Integral: 37 computed

------------------------------------------------------------------------------
Waiting to receive partition information from master !
Process 57 computing itegral over my_a = 395.600000, my_b= 395.700000
Called SetLoopLookahead: init: 0, final: 100000000, step: 1, loopDepth: 0, cumulative-num-iterations: 100000000, look-ahead-ns: 518518496
Exp finishing. Stopping stack thread with id: 6!

------------------------- ACTUAL STDOUT FROM EXECUTABLE ENDED -----------------------------

Process: 6 exiting VT experiment !
Main thread exiting. PID = 6
