Attempting to set static arp entries ...
Tracer: 8 >> Using SRC IP: 10.1.37.98 for any spawned virtual tcp-stacks
Tracer: 8 >> Updating firewall rules to drop outgoing TCP-RST packets
Attempting to set firewall rules ...
Tracer: 8 >> CMD TO RUN: /home/vignesh/VT-S3FNet/csudp/mpi_integral/mpi_int 7 101 10.1.37.98 > /home/vignesh/VT-S3FNet/experiment-data/MPI_LA_Enabled_nemus_101_mpi_int/worker7.log
args[0] = /home/vignesh/VT-S3FNet/csudp/mpi_integral/mpi_int
args[1] = 7
args[2] = 101
args[3] = 10.1.37.98
Setting appropriate environment variables ...
HOME DIRECTORY : /home/vignesh
Parsing TTN config file: /home/vignesh/.ttn/projects.db
Setting VT_L1_INS_CACHE_MISS_CYCLES to: 100
Setting VT_L1_INS_CACHE_LINES to: 64
Setting VT_L1_INS_CACHE_SIZE_KB to: 32
Setting VT_L1_INS_CACHE_ASSOC to: 8
Setting VT_L1_INS_CACHE_REPLACEMENT_POLICY to: LRU
Setting VT_L1_DATA_CACHE_MISS_CYCLES to: 100
Setting VT_L1_DATA_CACHE_LINES to: 64
Setting VT_L1_DATA_CACHE_SIZE_KB to: 32
Setting VT_L1_DATA_CACHE_ASSOC to: 8
Setting VT_L1_DATA_CACHE_REPLACEMENT_POLICY to: LRU
Setting VT_CPU_CYLES_NS to: 2.700000
Setting VT_NIC_SPEED_MBPS to: 1000.000000
Setting VT_TIMING_MODEL to: EMPIRICAL
Setting VT_BBL_LOOKAHEAD_FILE to: /home/vignesh/VT-S3FNet/csudp/mpi_integral/.ttn/lookahead/bbl_lookahead.info
Setting VT_LOOP_LOOKAHEAD_FILE to: /home/vignesh/VT-S3FNet/csudp/mpi_integral/.ttn/lookahead/loop_lookahead.info
Starting command: /home/vignesh/VT-S3FNet/csudp/mpi_integral/mpi_int
Loading orig functions !
Starting executable with Pid = 6
Loading pointers to VTL Logic functions
Loaded pointers to all VTL Logic functions
Now Initializing VT-Management 
Extracting env variables !
Extracted tracer-id: 8
Extracted exp-type: 2
Extracted cpu-cycles-ns: 2.700000
Extracted socket-layer-ip: 1646592266
Starting VT-initialization !
Tracer-ID: 8, Timeline-ID: 8
Tracer registration for EXP_CS complete. TimelineID = 8, Return = 8
Tracer Adding to SQ. Tracer ID = 8
Parsing any provided lookahead information ...
Opening file: /home/vignesh/VT-S3FNet/csudp/mpi_integral/.ttn/lookahead/bbl_lookahead.info
File size: 176
mapped memblock size: 176
Finish offset: 18, Number of values: 18
Returning success !
Loaded BBL lookaheads for 18 basic blocks ...
Opening file: /home/vignesh/VT-S3FNet/csudp/mpi_integral/.ttn/lookahead/loop_lookahead.info
File size: 40
mapped memblock size: 40
Finish offset: 1, Number of values: 1
Returning success !
Loaded Loop lookaheads for 1 loops ...
VT initialization successfull !
Finished Initializing VT-Management 
Initializing TCP-stack ...
TCP stack unique-id: 86
Starting virtual socket layer stack-thread !
Pthread_create: vtStackThread special case
Successfully initialized VTL-Logic embedded into the executable

------------------------- ACTUAL STDOUT FROM EXECUTABLE STARTS -----------------------------

Rank = 7, Total = 101, IP = 10.1.37.98
Adding new vt-tcp-socket !
Creating vt-tcp socket !
bind through vt-tcp !
Server socket bound to ip:port: 10.1.37.98:10000
Waiting for OK message from other nodes !
Waiting for OK message !
listen through vt-tcp !
Accept through vt-tcp !
Successfully received OK message !

---------------- Waiting for higher ranked nodes to connect --------------
listen through vt-tcp !
Accepting connection from higher ranked node: 100
Accept through vt-tcp !
Entering time-wait from FIN_WAIT_2
Clearing all tcp timers !
Adding TcpLinger !
Accepted connection from higher ranked node: 100
Successfully connected with higher ranked node: 100
Accepting connection from higher ranked node: 99
Accept through vt-tcp !
Accepted connection from higher ranked node: 99
Successfully connected with higher ranked node: 99
Accepting connection from higher ranked node: 98
Accept through vt-tcp !
Accepted connection from higher ranked node: 98
Successfully connected with higher ranked node: 98
Accepting connection from higher ranked node: 97
Accept through vt-tcp !
Accepted connection from higher ranked node: 97
Successfully connected with higher ranked node: 97
Accepting connection from higher ranked node: 96
Accept through vt-tcp !
Accepted connection from higher ranked node: 96
Successfully connected with higher ranked node: 96
Accepting connection from higher ranked node: 95
Accept through vt-tcp !
Accepted connection from higher ranked node: 95
Successfully connected with higher ranked node: 95
Accepting connection from higher ranked node: 94
Accept through vt-tcp !
Accepted connection from higher ranked node: 94
Successfully connected with higher ranked node: 94
Accepting connection from higher ranked node: 93
Accept through vt-tcp !
Accepted connection from higher ranked node: 93
Successfully connected with higher ranked node: 93
Accepting connection from higher ranked node: 92
Accept through vt-tcp !
Accepted connection from higher ranked node: 92
Successfully connected with higher ranked node: 92
Accepting connection from higher ranked node: 91
Accept through vt-tcp !
Accepted connection from higher ranked node: 91
Successfully connected with higher ranked node: 91
Accepting connection from higher ranked node: 90
Accept through vt-tcp !
Accepted connection from higher ranked node: 90
Successfully connected with higher ranked node: 90
Accepting connection from higher ranked node: 89
Accept through vt-tcp !
Accepted connection from higher ranked node: 89
Successfully connected with higher ranked node: 89
Accepting connection from higher ranked node: 88
Accept through vt-tcp !
Accepted connection from higher ranked node: 88
Successfully connected with higher ranked node: 88
Accepting connection from higher ranked node: 87
Accept through vt-tcp !
Accepted connection from higher ranked node: 87
Successfully connected with higher ranked node: 87
Accepting connection from higher ranked node: 86
Accept through vt-tcp !
Accepted connection from higher ranked node: 86
Successfully connected with higher ranked node: 86
Accepting connection from higher ranked node: 85
Accept through vt-tcp !
Accepted connection from higher ranked node: 85
Successfully connected with higher ranked node: 85
Accepting connection from higher ranked node: 84
Accept through vt-tcp !
Accepted connection from higher ranked node: 84
Successfully connected with higher ranked node: 84
Accepting connection from higher ranked node: 83
Accept through vt-tcp !
Accepted connection from higher ranked node: 83
Successfully connected with higher ranked node: 83
Accepting connection from higher ranked node: 82
Accept through vt-tcp !
Accepted connection from higher ranked node: 82
Successfully connected with higher ranked node: 82
Accepting connection from higher ranked node: 81
Accept through vt-tcp !
Accepted connection from higher ranked node: 81
Successfully connected with higher ranked node: 81
Accepting connection from higher ranked node: 80
Accept through vt-tcp !
Accepted connection from higher ranked node: 80
Successfully connected with higher ranked node: 80
Accepting connection from higher ranked node: 79
Accept through vt-tcp !
Accepted connection from higher ranked node: 79
Successfully connected with higher ranked node: 79
Accepting connection from higher ranked node: 78
Accept through vt-tcp !
Accepted connection from higher ranked node: 78
Successfully connected with higher ranked node: 78
Accepting connection from higher ranked node: 77
Accept through vt-tcp !
Accepted connection from higher ranked node: 77
Successfully connected with higher ranked node: 77
Accepting connection from higher ranked node: 76
Accept through vt-tcp !
Accepted connection from higher ranked node: 76
Successfully connected with higher ranked node: 76
Accepting connection from higher ranked node: 75
Accept through vt-tcp !
Accepted connection from higher ranked node: 75
Successfully connected with higher ranked node: 75
Accepting connection from higher ranked node: 74
Accept through vt-tcp !
Accepted connection from higher ranked node: 74
Successfully connected with higher ranked node: 74
Accepting connection from higher ranked node: 73
Accept through vt-tcp !
Accepted connection from higher ranked node: 73
Successfully connected with higher ranked node: 73
Accepting connection from higher ranked node: 72
Accept through vt-tcp !
Accepted connection from higher ranked node: 72
Successfully connected with higher ranked node: 72
Accepting connection from higher ranked node: 71
Accept through vt-tcp !
Accepted connection from higher ranked node: 71
Successfully connected with higher ranked node: 71
Accepting connection from higher ranked node: 70
Accept through vt-tcp !
Accepted connection from higher ranked node: 70
Successfully connected with higher ranked node: 70
Accepting connection from higher ranked node: 69
Accept through vt-tcp !
Accepted connection from higher ranked node: 69
Successfully connected with higher ranked node: 69
Accepting connection from higher ranked node: 68
Accept through vt-tcp !
Accepted connection from higher ranked node: 68
Successfully connected with higher ranked node: 68
Accepting connection from higher ranked node: 67
Accept through vt-tcp !
Accepted connection from higher ranked node: 67
Successfully connected with higher ranked node: 67
Accepting connection from higher ranked node: 66
Accept through vt-tcp !
Accepted connection from higher ranked node: 66
Successfully connected with higher ranked node: 66
Accepting connection from higher ranked node: 65
Accept through vt-tcp !
Accepted connection from higher ranked node: 65
Successfully connected with higher ranked node: 65
Accepting connection from higher ranked node: 64
Accept through vt-tcp !
Accepted connection from higher ranked node: 64
Successfully connected with higher ranked node: 64
Accepting connection from higher ranked node: 63
Accept through vt-tcp !
Accepted connection from higher ranked node: 63
Successfully connected with higher ranked node: 63
Accepting connection from higher ranked node: 62
Accept through vt-tcp !
Accepted connection from higher ranked node: 62
Successfully connected with higher ranked node: 62
Accepting connection from higher ranked node: 61
Accept through vt-tcp !
Accepted connection from higher ranked node: 61
Successfully connected with higher ranked node: 61
Accepting connection from higher ranked node: 60
Accept through vt-tcp !
Accepted connection from higher ranked node: 60
Successfully connected with higher ranked node: 60
Accepting connection from higher ranked node: 59
Accept through vt-tcp !
Accepted connection from higher ranked node: 59
Successfully connected with higher ranked node: 59
Accepting connection from higher ranked node: 58
Accept through vt-tcp !
Accepted connection from higher ranked node: 58
Successfully connected with higher ranked node: 58
Accepting connection from higher ranked node: 57
Accept through vt-tcp !
Accepted connection from higher ranked node: 57
Successfully connected with higher ranked node: 57
Accepting connection from higher ranked node: 56
Accept through vt-tcp !
Accepted connection from higher ranked node: 56
Successfully connected with higher ranked node: 56
Accepting connection from higher ranked node: 55
Accept through vt-tcp !
Accepted connection from higher ranked node: 55
Successfully connected with higher ranked node: 55
Accepting connection from higher ranked node: 54
Accept through vt-tcp !
Accepted connection from higher ranked node: 54
Successfully connected with higher ranked node: 54
Accepting connection from higher ranked node: 53
Accept through vt-tcp !
Accepted connection from higher ranked node: 53
Successfully connected with higher ranked node: 53
Accepting connection from higher ranked node: 52
Accept through vt-tcp !
Accepted connection from higher ranked node: 52
Successfully connected with higher ranked node: 52
Accepting connection from higher ranked node: 51
Accept through vt-tcp !
Accepted connection from higher ranked node: 51
Successfully connected with higher ranked node: 51
Accepting connection from higher ranked node: 50
Accept through vt-tcp !
Accepted connection from higher ranked node: 50
Successfully connected with higher ranked node: 50
Accepting connection from higher ranked node: 49
Accept through vt-tcp !
Accepted connection from higher ranked node: 49
Successfully connected with higher ranked node: 49
Accepting connection from higher ranked node: 48
Accept through vt-tcp !
Accepted connection from higher ranked node: 48
Successfully connected with higher ranked node: 48
Accepting connection from higher ranked node: 47
Accept through vt-tcp !
Accepted connection from higher ranked node: 47
Successfully connected with higher ranked node: 47
Accepting connection from higher ranked node: 46
Accept through vt-tcp !
Accepted connection from higher ranked node: 46
Successfully connected with higher ranked node: 46
Accepting connection from higher ranked node: 45
Accept through vt-tcp !
Accepted connection from higher ranked node: 45
Successfully connected with higher ranked node: 45
Accepting connection from higher ranked node: 44
Accept through vt-tcp !
Accepted connection from higher ranked node: 44
Successfully connected with higher ranked node: 44
Accepting connection from higher ranked node: 43
Accept through vt-tcp !
Accepted connection from higher ranked node: 43
Successfully connected with higher ranked node: 43
Accepting connection from higher ranked node: 42
Accept through vt-tcp !
Accepted connection from higher ranked node: 42
Successfully connected with higher ranked node: 42
Accepting connection from higher ranked node: 41
Accept through vt-tcp !
Accepted connection from higher ranked node: 41
Successfully connected with higher ranked node: 41
Accepting connection from higher ranked node: 40
Accept through vt-tcp !
Accepted connection from higher ranked node: 40
Successfully connected with higher ranked node: 40
Accepting connection from higher ranked node: 39
Accept through vt-tcp !
Accepted connection from higher ranked node: 39
Successfully connected with higher ranked node: 39
Accepting connection from higher ranked node: 38
Accept through vt-tcp !
Accepted connection from higher ranked node: 38
Successfully connected with higher ranked node: 38
Accepting connection from higher ranked node: 37
Accept through vt-tcp !
Accepted connection from higher ranked node: 37
Successfully connected with higher ranked node: 37
Accepting connection from higher ranked node: 36
Accept through vt-tcp !
Accepted connection from higher ranked node: 36
Successfully connected with higher ranked node: 36
Accepting connection from higher ranked node: 35
Accept through vt-tcp !
Accepted connection from higher ranked node: 35
Successfully connected with higher ranked node: 35
Accepting connection from higher ranked node: 34
Accept through vt-tcp !
Accepted connection from higher ranked node: 34
Successfully connected with higher ranked node: 34
Accepting connection from higher ranked node: 33
Accept through vt-tcp !
Accepted connection from higher ranked node: 33
Successfully connected with higher ranked node: 33
Accepting connection from higher ranked node: 32
Accept through vt-tcp !
Accepted connection from higher ranked node: 32
Successfully connected with higher ranked node: 32
Accepting connection from higher ranked node: 31
Accept through vt-tcp !
Accepted connection from higher ranked node: 31
Successfully connected with higher ranked node: 31
Accepting connection from higher ranked node: 30
Accept through vt-tcp !
Accepted connection from higher ranked node: 30
Successfully connected with higher ranked node: 30
Accepting connection from higher ranked node: 29
Accept through vt-tcp !
Accepted connection from higher ranked node: 29
Successfully connected with higher ranked node: 29
Accepting connection from higher ranked node: 28
Accept through vt-tcp !
Accepted connection from higher ranked node: 28
Successfully connected with higher ranked node: 28
Accepting connection from higher ranked node: 27
Accept through vt-tcp !
Accepted connection from higher ranked node: 27
Successfully connected with higher ranked node: 27
Accepting connection from higher ranked node: 26
Accept through vt-tcp !
Accepted connection from higher ranked node: 26
Successfully connected with higher ranked node: 26
Accepting connection from higher ranked node: 25
Accept through vt-tcp !
Accepted connection from higher ranked node: 25
Successfully connected with higher ranked node: 25
Accepting connection from higher ranked node: 24
Accept through vt-tcp !
Accepted connection from higher ranked node: 24
Successfully connected with higher ranked node: 24
Accepting connection from higher ranked node: 23
Accept through vt-tcp !
Accepted connection from higher ranked node: 23
Successfully connected with higher ranked node: 23
Accepting connection from higher ranked node: 22
Accept through vt-tcp !
Accepted connection from higher ranked node: 22
Successfully connected with higher ranked node: 22
Accepting connection from higher ranked node: 21
Accept through vt-tcp !
Accepted connection from higher ranked node: 21
Successfully connected with higher ranked node: 21
Accepting connection from higher ranked node: 20
Accept through vt-tcp !
Accepted connection from higher ranked node: 20
Successfully connected with higher ranked node: 20
Accepting connection from higher ranked node: 19
Accept through vt-tcp !
Accepted connection from higher ranked node: 19
Successfully connected with higher ranked node: 19
Accepting connection from higher ranked node: 18
Accept through vt-tcp !
Accepted connection from higher ranked node: 18
Successfully connected with higher ranked node: 18
Accepting connection from higher ranked node: 17
Accept through vt-tcp !
Accepted connection from higher ranked node: 17
Successfully connected with higher ranked node: 17
Accepting connection from higher ranked node: 16
Accept through vt-tcp !
Accepted connection from higher ranked node: 16
Successfully connected with higher ranked node: 16
Accepting connection from higher ranked node: 15
Accept through vt-tcp !
Accepted connection from higher ranked node: 15
Successfully connected with higher ranked node: 15
Accepting connection from higher ranked node: 14
Accept through vt-tcp !
Accepted connection from higher ranked node: 14
Successfully connected with higher ranked node: 14
Accepting connection from higher ranked node: 13
Accept through vt-tcp !
Accepted connection from higher ranked node: 13
Successfully connected with higher ranked node: 13
Accepting connection from higher ranked node: 12
Accept through vt-tcp !
Accepted connection from higher ranked node: 12
Successfully connected with higher ranked node: 12
Accepting connection from higher ranked node: 11
Accept through vt-tcp !
Accepted connection from higher ranked node: 11
Successfully connected with higher ranked node: 11
Accepting connection from higher ranked node: 10
Accept through vt-tcp !
Accepted connection from higher ranked node: 10
Successfully connected with higher ranked node: 10
Accepting connection from higher ranked node: 9
Accept through vt-tcp !
Accepted connection from higher ranked node: 9
Successfully connected with higher ranked node: 9
Accepting connection from higher ranked node: 8
Accept through vt-tcp !
Accepted connection from higher ranked node: 8
Successfully connected with higher ranked node: 8
Closing server socket: 4097
Clearing all tcp timers !
TCP-done for socket: 4097, err: -103

---------------- Connecting to lowed ranked nodes ! --------------
Adding new vt-tcp-socket !
Creating vt-tcp socket !
Connecting to lower ranked node: 6 at 10.1.37.102:10000
Connecting .. Socket: 4192, src-port: 40001
Socket: 4097 garbage collection
Freeing socket: 4097
Waking up connected socket !
Socket connect success. socket = 4192
Connecting through vt-tcp success !
Successfully connected to lower ranked node: 6 at 10.1.37.102:10000
Adding new vt-tcp-socket !
Creating vt-tcp socket !
Connecting to lower ranked node: 5 at 10.1.36.246:10000
Connecting .. Socket: 4193, src-port: 40002
Waking up connected socket !
Socket connect success. socket = 4193
Connecting through vt-tcp success !
Successfully connected to lower ranked node: 5 at 10.1.36.246:10000
Adding new vt-tcp-socket !
Creating vt-tcp socket !
Connecting to lower ranked node: 4 at 10.1.36.210:10000
Connecting .. Socket: 4194, src-port: 40003
Waking up connected socket !
Socket connect success. socket = 4194
Connecting through vt-tcp success !
Successfully connected to lower ranked node: 4 at 10.1.36.210:10000
Adding new vt-tcp-socket !
Creating vt-tcp socket !
Connecting to lower ranked node: 3 at 10.1.36.214:10000
Connecting .. Socket: 4195, src-port: 40004
Waking up connected socket !
Socket connect success. socket = 4195
Connecting through vt-tcp success !
Successfully connected to lower ranked node: 3 at 10.1.36.214:10000
Adding new vt-tcp-socket !
Creating vt-tcp socket !
Connecting to lower ranked node: 2 at 10.1.36.218:10000
Connecting .. Socket: 4196, src-port: 40005
Waking up connected socket !
Socket connect success. socket = 4196
Connecting through vt-tcp success !
Successfully connected to lower ranked node: 2 at 10.1.36.218:10000
Adding new vt-tcp-socket !
Creating vt-tcp socket !
Connecting to lower ranked node: 1 at 10.1.36.222:10000
Connecting .. Socket: 4197, src-port: 40006
Waking up connected socket !
Socket connect success. socket = 4197
Connecting through vt-tcp success !
Successfully connected to lower ranked node: 1 at 10.1.36.222:10000
Adding new vt-tcp-socket !
Creating vt-tcp socket !
Connecting to lower ranked node: 0 at 10.1.36.226:10000
Connecting .. Socket: 4198, src-port: 40007
Waking up connected socket !
Socket connect success. socket = 4198
Connecting through vt-tcp success !
Successfully connected to lower ranked node: 0 at 10.1.36.226:10000

---------------- Creating listen Thread ! --------------

---------------- MPI-Init success ! --------------
Waiting to receive partition information from master !
Adding new Thread: 8
Resuming new Thread with Burst of length: 5400
Process 7 computing itegral over my_a = 10.600000, my_b= 10.700000
Called SetLoopLookahead: init: 0, final: 100000000, step: 1, loopDepth: 0, cumulative-num-iterations: 100000000, look-ahead-ns: 518518496
tcp-linger 
Clearing all tcp timers !
TCP-done for socket: 4098, err: -110
Socket: 4098 garbage collection
Freeing socket: 4098
Avg-Compute-Communication-Ratio = 2492.860577
Process 7 contributed MY_TOTAL = -nan, my_a = 10.600000, my_b= 10.700000
Integral: 0 computed

------------------------------------------------------------------------------
Waiting to receive partition information from master !
Process 7 computing itegral over my_a = 20.600000, my_b= 20.700000
Called SetLoopLookahead: init: 0, final: 100000000, step: 1, loopDepth: 0, cumulative-num-iterations: 100000000, look-ahead-ns: 518518496
Before rcv-wnd: seq: 1, rcv_nxt: 5
Before rcv-wnd: seq: 1, rcv_nxt: 5
Before rcv-wnd: seq: 1, rcv_nxt: 5
Before rcv-wnd: seq: 1, rcv_nxt: 5
Before rcv-wnd: seq: 1, rcv_nxt: 5
Before rcv-wnd: seq: 1, rcv_nxt: 5
Before rcv-wnd: seq: 1, rcv_nxt: 5
Before rcv-wnd: seq: 1, rcv_nxt: 5
Before rcv-wnd: seq: 1, rcv_nxt: 5
Before rcv-wnd: seq: 1, rcv_nxt: 5
Before rcv-wnd: seq: 1, rcv_nxt: 5
Avg-Compute-Communication-Ratio = 1522.787078
Process 7 contributed MY_TOTAL = -nan, my_a = 20.600000, my_b= 20.700000
Integral: 1 computed

------------------------------------------------------------------------------
Waiting to receive partition information from master !
Process 7 computing itegral over my_a = 30.600000, my_b= 30.700000
Called SetLoopLookahead: init: 0, final: 100000000, step: 1, loopDepth: 0, cumulative-num-iterations: 100000000, look-ahead-ns: 518518496
Avg-Compute-Communication-Ratio = 1340.976724
Process 7 contributed MY_TOTAL = -nan, my_a = 30.600000, my_b= 30.700000
Integral: 2 computed

------------------------------------------------------------------------------
Waiting to receive partition information from master !
Process 7 computing itegral over my_a = 40.600000, my_b= 40.700000
Called SetLoopLookahead: init: 0, final: 100000000, step: 1, loopDepth: 0, cumulative-num-iterations: 100000000, look-ahead-ns: 518518496
Avg-Compute-Communication-Ratio = 1262.354230
Process 7 contributed MY_TOTAL = -nan, my_a = 40.600000, my_b= 40.700000
Integral: 3 computed

------------------------------------------------------------------------------
Waiting to receive partition information from master !
Process 7 computing itegral over my_a = 50.600000, my_b= 50.700000
Called SetLoopLookahead: init: 0, final: 100000000, step: 1, loopDepth: 0, cumulative-num-iterations: 100000000, look-ahead-ns: 518518496
Avg-Compute-Communication-Ratio = 1221.754477
Process 7 contributed MY_TOTAL = -nan, my_a = 50.600000, my_b= 50.700000
Integral: 4 computed

------------------------------------------------------------------------------
Waiting to receive partition information from master !
Process 7 computing itegral over my_a = 60.600000, my_b= 60.700000
Called SetLoopLookahead: init: 0, final: 100000000, step: 1, loopDepth: 0, cumulative-num-iterations: 100000000, look-ahead-ns: 518518496
Avg-Compute-Communication-Ratio = 1193.355581
Process 7 contributed MY_TOTAL = -nan, my_a = 60.600000, my_b= 60.700000
Integral: 5 computed

------------------------------------------------------------------------------
Waiting to receive partition information from master !
Process 7 computing itegral over my_a = 70.600000, my_b= 70.700000
Called SetLoopLookahead: init: 0, final: 100000000, step: 1, loopDepth: 0, cumulative-num-iterations: 100000000, look-ahead-ns: 518518496
Avg-Compute-Communication-Ratio = 1175.386334
Process 7 contributed MY_TOTAL = -nan, my_a = 70.600000, my_b= 70.700000
Integral: 6 computed

------------------------------------------------------------------------------
Waiting to receive partition information from master !
Process 7 computing itegral over my_a = 80.600000, my_b= 80.700000
Called SetLoopLookahead: init: 0, final: 100000000, step: 1, loopDepth: 0, cumulative-num-iterations: 100000000, look-ahead-ns: 518518496
Avg-Compute-Communication-Ratio = 1162.260577
Process 7 contributed MY_TOTAL = -nan, my_a = 80.600000, my_b= 80.700000
Integral: 7 computed

------------------------------------------------------------------------------
Waiting to receive partition information from master !
Process 7 computing itegral over my_a = 90.600000, my_b= 90.700000
Called SetLoopLookahead: init: 0, final: 100000000, step: 1, loopDepth: 0, cumulative-num-iterations: 100000000, look-ahead-ns: 518518496
Avg-Compute-Communication-Ratio = 1149.414532
Process 7 contributed MY_TOTAL = -nan, my_a = 90.600000, my_b= 90.700000
Integral: 8 computed

------------------------------------------------------------------------------
Waiting to receive partition information from master !
Process 7 computing itegral over my_a = 100.600000, my_b= 100.700000
Called SetLoopLookahead: init: 0, final: 100000000, step: 1, loopDepth: 0, cumulative-num-iterations: 100000000, look-ahead-ns: 518518496
Avg-Compute-Communication-Ratio = 1141.849372
Process 7 contributed MY_TOTAL = -nan, my_a = 100.600000, my_b= 100.700000
Integral: 9 computed

------------------------------------------------------------------------------
Waiting to receive partition information from master !
Process 7 computing itegral over my_a = 110.600000, my_b= 110.700000
Called SetLoopLookahead: init: 0, final: 100000000, step: 1, loopDepth: 0, cumulative-num-iterations: 100000000, look-ahead-ns: 518518496
Avg-Compute-Communication-Ratio = 1134.829487
Process 7 contributed MY_TOTAL = -nan, my_a = 110.600000, my_b= 110.700000
Integral: 10 computed

------------------------------------------------------------------------------
Waiting to receive partition information from master !
Process 7 computing itegral over my_a = 120.600000, my_b= 120.700000
Called SetLoopLookahead: init: 0, final: 100000000, step: 1, loopDepth: 0, cumulative-num-iterations: 100000000, look-ahead-ns: 518518496
Avg-Compute-Communication-Ratio = 1128.226292
Process 7 contributed MY_TOTAL = -nan, my_a = 120.600000, my_b= 120.700000
Integral: 11 computed

------------------------------------------------------------------------------
Waiting to receive partition information from master !
Process 7 computing itegral over my_a = 130.600000, my_b= 130.700000
Called SetLoopLookahead: init: 0, final: 100000000, step: 1, loopDepth: 0, cumulative-num-iterations: 100000000, look-ahead-ns: 518518496
Avg-Compute-Communication-Ratio = 1125.322705
Process 7 contributed MY_TOTAL = -nan, my_a = 130.600000, my_b= 130.700000
Integral: 12 computed

------------------------------------------------------------------------------
Waiting to receive partition information from master !
Process 7 computing itegral over my_a = 140.600000, my_b= 140.700000
Called SetLoopLookahead: init: 0, final: 100000000, step: 1, loopDepth: 0, cumulative-num-iterations: 100000000, look-ahead-ns: 518518496
Avg-Compute-Communication-Ratio = 1121.804667
Process 7 contributed MY_TOTAL = -nan, my_a = 140.600000, my_b= 140.700000
Integral: 13 computed

------------------------------------------------------------------------------
Waiting to receive partition information from master !
Process 7 computing itegral over my_a = 150.600000, my_b= 150.700000
Called SetLoopLookahead: init: 0, final: 100000000, step: 1, loopDepth: 0, cumulative-num-iterations: 100000000, look-ahead-ns: 518518496
Avg-Compute-Communication-Ratio = 1118.773446
Process 7 contributed MY_TOTAL = -nan, my_a = 150.600000, my_b= 150.700000
Integral: 14 computed

------------------------------------------------------------------------------
Waiting to receive partition information from master !
Process 7 computing itegral over my_a = 160.600000, my_b= 160.700000
Called SetLoopLookahead: init: 0, final: 100000000, step: 1, loopDepth: 0, cumulative-num-iterations: 100000000, look-ahead-ns: 518518496
Avg-Compute-Communication-Ratio = 1115.534221
Process 7 contributed MY_TOTAL = -nan, my_a = 160.600000, my_b= 160.700000
Integral: 15 computed

------------------------------------------------------------------------------
Waiting to receive partition information from master !
Process 7 computing itegral over my_a = 170.600000, my_b= 170.700000
Called SetLoopLookahead: init: 0, final: 100000000, step: 1, loopDepth: 0, cumulative-num-iterations: 100000000, look-ahead-ns: 518518496
Avg-Compute-Communication-Ratio = 1112.972601
Process 7 contributed MY_TOTAL = -nan, my_a = 170.600000, my_b= 170.700000
Integral: 16 computed

------------------------------------------------------------------------------
Waiting to receive partition information from master !
Process 7 computing itegral over my_a = 180.600000, my_b= 180.700000
Called SetLoopLookahead: init: 0, final: 100000000, step: 1, loopDepth: 0, cumulative-num-iterations: 100000000, look-ahead-ns: 518518496
Avg-Compute-Communication-Ratio = 1110.705462
Process 7 contributed MY_TOTAL = -nan, my_a = 180.600000, my_b= 180.700000
Integral: 17 computed

------------------------------------------------------------------------------
Waiting to receive partition information from master !
Process 7 computing itegral over my_a = 190.600000, my_b= 190.700000
Called SetLoopLookahead: init: 0, final: 100000000, step: 1, loopDepth: 0, cumulative-num-iterations: 100000000, look-ahead-ns: 518518496
Avg-Compute-Communication-Ratio = 1109.433896
Process 7 contributed MY_TOTAL = -nan, my_a = 190.600000, my_b= 190.700000
Integral: 18 computed

------------------------------------------------------------------------------
Waiting to receive partition information from master !
Process 7 computing itegral over my_a = 200.600000, my_b= 200.700000
Called SetLoopLookahead: init: 0, final: 100000000, step: 1, loopDepth: 0, cumulative-num-iterations: 100000000, look-ahead-ns: 518518496
Avg-Compute-Communication-Ratio = 1109.003101
Process 7 contributed MY_TOTAL = -nan, my_a = 200.600000, my_b= 200.700000
Integral: 19 computed

------------------------------------------------------------------------------
Waiting to receive partition information from master !
Process 7 computing itegral over my_a = 210.600000, my_b= 210.700000
Called SetLoopLookahead: init: 0, final: 100000000, step: 1, loopDepth: 0, cumulative-num-iterations: 100000000, look-ahead-ns: 518518496
Avg-Compute-Communication-Ratio = 1107.711394
Process 7 contributed MY_TOTAL = -nan, my_a = 210.600000, my_b= 210.700000
Integral: 20 computed

------------------------------------------------------------------------------
Waiting to receive partition information from master !
Process 7 computing itegral over my_a = 220.600000, my_b= 220.700000
Called SetLoopLookahead: init: 0, final: 100000000, step: 1, loopDepth: 0, cumulative-num-iterations: 100000000, look-ahead-ns: 518518496
Avg-Compute-Communication-Ratio = 1106.969238
Process 7 contributed MY_TOTAL = -nan, my_a = 220.600000, my_b= 220.700000
Integral: 21 computed

------------------------------------------------------------------------------
Waiting to receive partition information from master !
Process 7 computing itegral over my_a = 230.600000, my_b= 230.700000
Called SetLoopLookahead: init: 0, final: 100000000, step: 1, loopDepth: 0, cumulative-num-iterations: 100000000, look-ahead-ns: 518518496
Avg-Compute-Communication-Ratio = 1106.087275
Process 7 contributed MY_TOTAL = -nan, my_a = 230.600000, my_b= 230.700000
Integral: 22 computed

------------------------------------------------------------------------------
Waiting to receive partition information from master !
Process 7 computing itegral over my_a = 240.600000, my_b= 240.700000
Called SetLoopLookahead: init: 0, final: 100000000, step: 1, loopDepth: 0, cumulative-num-iterations: 100000000, look-ahead-ns: 518518496
Avg-Compute-Communication-Ratio = 1104.103274
Process 7 contributed MY_TOTAL = -nan, my_a = 240.600000, my_b= 240.700000
Integral: 23 computed

------------------------------------------------------------------------------
Waiting to receive partition information from master !
Process 7 computing itegral over my_a = 250.600000, my_b= 250.700000
Called SetLoopLookahead: init: 0, final: 100000000, step: 1, loopDepth: 0, cumulative-num-iterations: 100000000, look-ahead-ns: 518518496
Avg-Compute-Communication-Ratio = 1103.786018
Process 7 contributed MY_TOTAL = -nan, my_a = 250.600000, my_b= 250.700000
Integral: 24 computed

------------------------------------------------------------------------------
Waiting to receive partition information from master !
Process 7 computing itegral over my_a = 260.600000, my_b= 260.700000
Called SetLoopLookahead: init: 0, final: 100000000, step: 1, loopDepth: 0, cumulative-num-iterations: 100000000, look-ahead-ns: 518518496
Avg-Compute-Communication-Ratio = 1103.132150
Process 7 contributed MY_TOTAL = -nan, my_a = 260.600000, my_b= 260.700000
Integral: 25 computed

------------------------------------------------------------------------------
Waiting to receive partition information from master !
Process 7 computing itegral over my_a = 270.600000, my_b= 270.700000
Called SetLoopLookahead: init: 0, final: 100000000, step: 1, loopDepth: 0, cumulative-num-iterations: 100000000, look-ahead-ns: 518518496
Avg-Compute-Communication-Ratio = 1102.701087
Process 7 contributed MY_TOTAL = -nan, my_a = 270.600000, my_b= 270.700000
Integral: 26 computed

------------------------------------------------------------------------------
Waiting to receive partition information from master !
Process 7 computing itegral over my_a = 280.600000, my_b= 280.700000
Called SetLoopLookahead: init: 0, final: 100000000, step: 1, loopDepth: 0, cumulative-num-iterations: 100000000, look-ahead-ns: 518518496
Avg-Compute-Communication-Ratio = 1101.799196
Process 7 contributed MY_TOTAL = -nan, my_a = 280.600000, my_b= 280.700000
Integral: 27 computed

------------------------------------------------------------------------------
Waiting to receive partition information from master !
Process 7 computing itegral over my_a = 290.600000, my_b= 290.700000
Called SetLoopLookahead: init: 0, final: 100000000, step: 1, loopDepth: 0, cumulative-num-iterations: 100000000, look-ahead-ns: 518518496
Avg-Compute-Communication-Ratio = 1101.122071
Process 7 contributed MY_TOTAL = -nan, my_a = 290.600000, my_b= 290.700000
Integral: 28 computed

------------------------------------------------------------------------------
Waiting to receive partition information from master !
Process 7 computing itegral over my_a = 300.600000, my_b= 300.700000
Called SetLoopLookahead: init: 0, final: 100000000, step: 1, loopDepth: 0, cumulative-num-iterations: 100000000, look-ahead-ns: 518518496
Avg-Compute-Communication-Ratio = 1099.401937
Process 7 contributed MY_TOTAL = -nan, my_a = 300.600000, my_b= 300.700000
Integral: 29 computed

------------------------------------------------------------------------------
Waiting to receive partition information from master !
Process 7 computing itegral over my_a = 310.600000, my_b= 310.700000
Called SetLoopLookahead: init: 0, final: 100000000, step: 1, loopDepth: 0, cumulative-num-iterations: 100000000, look-ahead-ns: 518518496
Avg-Compute-Communication-Ratio = 1099.148865
Process 7 contributed MY_TOTAL = -nan, my_a = 310.600000, my_b= 310.700000
Integral: 30 computed

------------------------------------------------------------------------------
Waiting to receive partition information from master !
Process 7 computing itegral over my_a = 320.600000, my_b= 320.700000
Called SetLoopLookahead: init: 0, final: 100000000, step: 1, loopDepth: 0, cumulative-num-iterations: 100000000, look-ahead-ns: 518518496
Avg-Compute-Communication-Ratio = 1099.057296
Process 7 contributed MY_TOTAL = -nan, my_a = 320.600000, my_b= 320.700000
Integral: 31 computed

------------------------------------------------------------------------------
Waiting to receive partition information from master !
Process 7 computing itegral over my_a = 330.600000, my_b= 330.700000
Called SetLoopLookahead: init: 0, final: 100000000, step: 1, loopDepth: 0, cumulative-num-iterations: 100000000, look-ahead-ns: 518518496
Avg-Compute-Communication-Ratio = 1098.406920
Process 7 contributed MY_TOTAL = -nan, my_a = 330.600000, my_b= 330.700000
Integral: 32 computed

------------------------------------------------------------------------------
Waiting to receive partition information from master !
Process 7 computing itegral over my_a = 340.600000, my_b= 340.700000
Called SetLoopLookahead: init: 0, final: 100000000, step: 1, loopDepth: 0, cumulative-num-iterations: 100000000, look-ahead-ns: 518518496
Avg-Compute-Communication-Ratio = 1099.027367
Process 7 contributed MY_TOTAL = -nan, my_a = 340.600000, my_b= 340.700000
Integral: 33 computed

------------------------------------------------------------------------------
Waiting to receive partition information from master !
Process 7 computing itegral over my_a = 350.600000, my_b= 350.700000
Called SetLoopLookahead: init: 0, final: 100000000, step: 1, loopDepth: 0, cumulative-num-iterations: 100000000, look-ahead-ns: 518518496
Avg-Compute-Communication-Ratio = 1099.080245
Process 7 contributed MY_TOTAL = -nan, my_a = 350.600000, my_b= 350.700000
Integral: 34 computed

------------------------------------------------------------------------------
Waiting to receive partition information from master !
Process 7 computing itegral over my_a = 360.600000, my_b= 360.700000
Called SetLoopLookahead: init: 0, final: 100000000, step: 1, loopDepth: 0, cumulative-num-iterations: 100000000, look-ahead-ns: 518518496
Avg-Compute-Communication-Ratio = 1099.000765
Process 7 contributed MY_TOTAL = -nan, my_a = 360.600000, my_b= 360.700000
Integral: 35 computed

------------------------------------------------------------------------------
Waiting to receive partition information from master !
Process 7 computing itegral over my_a = 370.600000, my_b= 370.700000
Called SetLoopLookahead: init: 0, final: 100000000, step: 1, loopDepth: 0, cumulative-num-iterations: 100000000, look-ahead-ns: 518518496
Avg-Compute-Communication-Ratio = 1098.925593
Process 7 contributed MY_TOTAL = -nan, my_a = 370.600000, my_b= 370.700000
Integral: 36 computed

------------------------------------------------------------------------------
Waiting to receive partition information from master !
Process 7 computing itegral over my_a = 380.600000, my_b= 380.700000
Called SetLoopLookahead: init: 0, final: 100000000, step: 1, loopDepth: 0, cumulative-num-iterations: 100000000, look-ahead-ns: 518518496
Avg-Compute-Communication-Ratio = 1098.854386
Process 7 contributed MY_TOTAL = -nan, my_a = 380.600000, my_b= 380.700000
Integral: 37 computed

------------------------------------------------------------------------------
Waiting to receive partition information from master !
Process 7 computing itegral over my_a = 390.600000, my_b= 390.700000
Called SetLoopLookahead: init: 0, final: 100000000, step: 1, loopDepth: 0, cumulative-num-iterations: 100000000, look-ahead-ns: 518518496
Exp finishing. Stopping stack thread with id: 6!

------------------------- ACTUAL STDOUT FROM EXECUTABLE ENDED -----------------------------

Process: 6 exiting VT experiment !
Main thread exiting. PID = 6
