Attempting to set static arp entries ...
Tracer: 29 >> Using SRC IP: 10.1.20.198 for any spawned virtual tcp-stacks
Tracer: 29 >> Updating firewall rules to drop outgoing TCP-RST packets
Attempting to set firewall rules ...
Tracer: 29 >> CMD TO RUN: /home/vignesh/VT-S3FNet/csudp/tcp_tgen/tgen client 49 10.1.21.54 7891 poisson 200000 256 > /home/vignesh/VT-S3FNet/experiment-data/TCP_LA_Enabled_nemus_80_poisson_mu_200000_txsize_256/client49.log
args[0] = /home/vignesh/VT-S3FNet/csudp/tcp_tgen/tgen
args[1] = client
args[2] = 49
args[3] = 10.1.21.54
args[4] = 7891
args[5] = poisson
args[6] = 200000
args[7] = 256
Setting appropriate environment variables ...
HOME DIRECTORY : /home/vignesh
Parsing TTN config file: /home/vignesh/.ttn/projects.db
Setting VT_L1_INS_CACHE_MISS_CYCLES to: 100
Setting VT_L1_INS_CACHE_LINES to: 64
Setting VT_L1_INS_CACHE_SIZE_KB to: 32
Setting VT_L1_INS_CACHE_ASSOC to: 8
Setting VT_L1_INS_CACHE_REPLACEMENT_POLICY to: LRU
Setting VT_L1_DATA_CACHE_MISS_CYCLES to: 100
Setting VT_L1_DATA_CACHE_LINES to: 64
Setting VT_L1_DATA_CACHE_SIZE_KB to: 32
Setting VT_L1_DATA_CACHE_ASSOC to: 8
Setting VT_L1_DATA_CACHE_REPLACEMENT_POLICY to: LRU
Setting VT_CPU_CYLES_NS to: 2.700000
Setting VT_NIC_SPEED_MBPS to: 1000.000000
Setting VT_TIMING_MODEL to: EMPIRICAL
Setting VT_BBL_LOOKAHEAD_FILE to: /home/vignesh/VT-S3FNet/csudp/tcp_tgen/.ttn/lookahead/bbl_lookahead.info
Setting VT_LOOP_LOOKAHEAD_FILE to: /home/vignesh/VT-S3FNet/csudp/tcp_tgen/.ttn/lookahead/loop_lookahead.info
Starting command: /home/vignesh/VT-S3FNet/csudp/tcp_tgen/tgen
Loading orig functions !
Starting executable with Pid = 6
Loading pointers to VTL Logic functions
Loaded pointers to all VTL Logic functions
Now Initializing VT-Management 
Extracting env variables !
Extracted tracer-id: 29
Extracted exp-type: 2
Extracted cpu-cycles-ns: 2.700000
Extracted socket-layer-ip: -971767542
Starting VT-initialization !
Tracer-ID: 29, Timeline-ID: 29
Tracer registration for EXP_CS complete. TimelineID = 29, Return = 29
Tracer Adding to SQ. Tracer ID = 29
Parsing any provided lookahead information ...
Opening file: /home/vignesh/VT-S3FNet/csudp/tcp_tgen/.ttn/lookahead/bbl_lookahead.info
File size: 592
mapped memblock size: 592
Finish offset: 70, Number of values: 70
Returning success !
Loaded BBL lookaheads for 70 basic blocks ...
Opening file: /home/vignesh/VT-S3FNet/csudp/tcp_tgen/.ttn/lookahead/loop_lookahead.info
Failed to parse Loop Lookaheads. Ignoring ...
VT initialization successfull !
Finished Initializing VT-Management 
Initializing TCP-stack ...
TCP stack unique-id: 296
Starting virtual socket layer stack-thread !
Pthread_create: vtStackThread special case
Successfully initialized VTL-Logic embedded into the executable

------------------------- ACTUAL STDOUT FROM EXECUTABLE STARTS -----------------------------

Client: MyPid: 6
Adding new vt-tcp-socket !
Creating vt-tcp socket !
Client socket fd = 4097
setsockopt through vt-tcp !
setsockopt through vt-tcp !
Connecting to server ...
Connecting .. Socket: 4097, src-port: 40001
Waking up connected socket !
Socket connect success. socket = 4097
Connecting through vt-tcp success !
Sending data ...
Sending msgs of size: 1460 to server ...
Sent: 256 KB after: 0.162241 secs
Sent: 256 KB after: 0.272047 secs
Sent: 256 KB after: 0.162135 secs
Sent: 256 KB after: 0.050345 secs
Sent: 256 KB after: 0.563914 secs
Sent: 256 KB after: 0.080160 secs
Sent: 256 KB after: 0.350939 secs
Sent: 256 KB after: 0.311116 secs
Sent: 256 KB after: 0.435047 secs
Sent: 256 KB after: 0.004386 secs
Sent: 256 KB after: 0.059523 secs
Sent: 256 KB after: 0.418306 secs
Sent: 256 KB after: 0.269259 secs
Sent: 256 KB after: 0.063785 secs
Sent: 256 KB after: 0.657492 secs
Sent: 256 KB after: 0.137406 secs
Sent: 256 KB after: 0.238995 secs
Sent: 256 KB after: 0.216820 secs
Sent: 256 KB after: 0.204662 secs
Sent: 256 KB after: 0.083196 secs
Sent: 256 KB after: 0.085084 secs
Sent: 256 KB after: 1.756684 secs
Sent: 256 KB after: 0.651605 secs
Sent: 256 KB after: 0.061688 secs
Sent: 256 KB after: 0.469337 secs
Sent: 256 KB after: 0.069555 secs
Sent: 256 KB after: 0.873270 secs
Sent: 256 KB after: 0.072240 secs
Sent: 256 KB after: 0.316093 secs
Sent: 256 KB after: 0.295358 secs
Sent: 256 KB after: 0.287731 secs
Sent: 256 KB after: 0.086094 secs
Sent: 256 KB after: 0.144734 secs
Sent: 256 KB after: 0.076602 secs
Exp finishing. Stopping stack thread with id: 6!
VT-sleep-for exiting !

------------------------- ACTUAL STDOUT FROM EXECUTABLE ENDED -----------------------------

Process: 6 exiting VT experiment !
Main thread exiting. PID = 6
