Attempting to set static arp entries ...
Tracer: 15 >> Using SRC IP: 10.1.20.162 for any spawned virtual tcp-stacks
Tracer: 15 >> Updating firewall rules to drop outgoing TCP-RST packets
Attempting to set firewall rules ...
Tracer: 15 >> CMD TO RUN: /home/vignesh/VT-S3FNet/csudp/tcp_tgen/tgen client 35 10.1.21.226 7891 poisson 200000 256 > /home/vignesh/VT-S3FNet/experiment-data/TCP_LA_Enabled_nemus_80_poisson_mu_200000_txsize_256/client35.log
args[0] = /home/vignesh/VT-S3FNet/csudp/tcp_tgen/tgen
args[1] = client
args[2] = 35
args[3] = 10.1.21.226
args[4] = 7891
args[5] = poisson
args[6] = 200000
args[7] = 256
Setting appropriate environment variables ...
HOME DIRECTORY : /home/vignesh
Parsing TTN config file: /home/vignesh/.ttn/projects.db
Setting VT_L1_INS_CACHE_MISS_CYCLES to: 100
Setting VT_L1_INS_CACHE_LINES to: 64
Setting VT_L1_INS_CACHE_SIZE_KB to: 32
Setting VT_L1_INS_CACHE_ASSOC to: 8
Setting VT_L1_INS_CACHE_REPLACEMENT_POLICY to: LRU
Setting VT_L1_DATA_CACHE_MISS_CYCLES to: 100
Setting VT_L1_DATA_CACHE_LINES to: 64
Setting VT_L1_DATA_CACHE_SIZE_KB to: 32
Setting VT_L1_DATA_CACHE_ASSOC to: 8
Setting VT_L1_DATA_CACHE_REPLACEMENT_POLICY to: LRU
Setting VT_CPU_CYLES_NS to: 2.700000
Setting VT_NIC_SPEED_MBPS to: 1000.000000
Setting VT_TIMING_MODEL to: EMPIRICAL
Setting VT_BBL_LOOKAHEAD_FILE to: /home/vignesh/VT-S3FNet/csudp/tcp_tgen/.ttn/lookahead/bbl_lookahead.info
Setting VT_LOOP_LOOKAHEAD_FILE to: /home/vignesh/VT-S3FNet/csudp/tcp_tgen/.ttn/lookahead/loop_lookahead.info
Starting command: /home/vignesh/VT-S3FNet/csudp/tcp_tgen/tgen
Loading orig functions !
Starting executable with Pid = 6
Loading pointers to VTL Logic functions
Loaded pointers to all VTL Logic functions
Now Initializing VT-Management 
Extracting env variables !
Extracted tracer-id: 15
Extracted exp-type: 2
Extracted cpu-cycles-ns: 2.700000
Extracted socket-layer-ip: -1575747318
Starting VT-initialization !
Tracer-ID: 15, Timeline-ID: 15
Tracer registration for EXP_CS complete. TimelineID = 15, Return = 15
Tracer Adding to SQ. Tracer ID = 15
Parsing any provided lookahead information ...
Opening file: /home/vignesh/VT-S3FNet/csudp/tcp_tgen/.ttn/lookahead/bbl_lookahead.info
File size: 592
mapped memblock size: 592
Finish offset: 70, Number of values: 70
Returning success !
Loaded BBL lookaheads for 70 basic blocks ...
Opening file: /home/vignesh/VT-S3FNet/csudp/tcp_tgen/.ttn/lookahead/loop_lookahead.info
Failed to parse Loop Lookaheads. Ignoring ...
VT initialization successfull !
Finished Initializing VT-Management 
Initializing TCP-stack ...
TCP stack unique-id: 156
Starting virtual socket layer stack-thread !
Pthread_create: vtStackThread special case
Successfully initialized VTL-Logic embedded into the executable

------------------------- ACTUAL STDOUT FROM EXECUTABLE STARTS -----------------------------

Client: MyPid: 6
Adding new vt-tcp-socket !
Creating vt-tcp socket !
Client socket fd = 4097
setsockopt through vt-tcp !
setsockopt through vt-tcp !
Connecting to server ...
Connecting .. Socket: 4097, src-port: 40001
Waking up connected socket !
Socket connect success. socket = 4097
Connecting through vt-tcp success !
Sending data ...
Sending msgs of size: 1460 to server ...
Sent: 256 KB after: 0.438648 secs
Sent: 256 KB after: 0.502442 secs
Sent: 256 KB after: 0.042524 secs
Sent: 256 KB after: 0.107059 secs
Sent: 256 KB after: 0.230159 secs
Sent: 256 KB after: 0.512413 secs
Sent: 256 KB after: 0.314641 secs
Sent: 256 KB after: 0.136322 secs
Sent: 256 KB after: 0.027061 secs
Sent: 256 KB after: 0.039071 secs
Sent: 256 KB after: 0.569557 secs
Sent: 256 KB after: 0.049886 secs
Sent: 256 KB after: 0.167682 secs
Sent: 256 KB after: 0.153583 secs
Sent: 256 KB after: 0.032267 secs
Sent: 256 KB after: 0.034962 secs
Sent: 256 KB after: 0.306626 secs
Sent: 256 KB after: 0.225940 secs
Sent: 256 KB after: 0.020701 secs
Sent: 256 KB after: 0.237108 secs
Sent: 256 KB after: 0.052373 secs
Sent: 256 KB after: 0.488084 secs
Sent: 256 KB after: 0.173103 secs
Sent: 256 KB after: 0.078787 secs
Sent: 256 KB after: 0.061341 secs
Sent: 256 KB after: 0.045341 secs
Sent: 256 KB after: 0.204640 secs
Sent: 256 KB after: 0.114534 secs
Sent: 256 KB after: 0.087262 secs
Sent: 256 KB after: 0.391991 secs
Sent: 256 KB after: 0.148493 secs
Sent: 256 KB after: 0.055422 secs
Sent: 256 KB after: 0.301058 secs
Sent: 256 KB after: 0.251474 secs
Sent: 256 KB after: 0.213732 secs
Sent: 256 KB after: 0.123853 secs
Sent: 256 KB after: 0.203473 secs
Sent: 256 KB after: 0.119259 secs
Sent: 256 KB after: 0.624068 secs
Sent: 256 KB after: 0.289637 secs
Sent: 256 KB after: 0.197027 secs
Sent: 256 KB after: 0.456332 secs
Sent: 256 KB after: 0.850322 secs
Sent: 256 KB after: 0.043187 secs
Sent: 256 KB after: 0.113799 secs
Sent: 256 KB after: 0.028948 secs
Sent: 256 KB after: 0.087575 secs
Sent: 256 KB after: 0.049192 secs
Exp finishing. Stopping stack thread with id: 6!
VT-sleep-for exiting !

------------------------- ACTUAL STDOUT FROM EXECUTABLE ENDED -----------------------------

Process: 6 exiting VT experiment !
Main thread exiting. PID = 6
