Attempting to set static arp entries ...
Tracer: 1 >> Using SRC IP: 10.1.0.166 for any spawned virtual tcp-stacks
Tracer: 1 >> Updating firewall rules to drop outgoing TCP-RST packets
Attempting to set firewall rules ...
Tracer: 1 >> CMD TO RUN: /home/titan/VT-S3FNet/csudp/mpi_mm/mpi_test 0 4 10.1.0.166 > /home/titan/VT-S3FNet/experiment-data/MPI_LA_Enabled_nemus_4_mpi_mm/master.log
args[0] = /home/titan/VT-S3FNet/csudp/mpi_mm/mpi_test
args[1] = 0
args[2] = 4
args[3] = 10.1.0.166
Setting appropriate environment variables ...
HOME DIRECTORY : /home/titan
Parsing TTN config file: /home/titan/.ttn/projects.db
Setting VT_L1_INS_CACHE_MISS_CYCLES to: 100
Setting VT_L1_INS_CACHE_LINES to: 64
Setting VT_L1_INS_CACHE_SIZE_KB to: 32
Setting VT_L1_INS_CACHE_ASSOC to: 8
Setting VT_L1_INS_CACHE_REPLACEMENT_POLICY to: LRU
Setting VT_L1_DATA_CACHE_MISS_CYCLES to: 100
Setting VT_L1_DATA_CACHE_LINES to: 64
Setting VT_L1_DATA_CACHE_SIZE_KB to: 32
Setting VT_L1_DATA_CACHE_ASSOC to: 8
Setting VT_L1_DATA_CACHE_REPLACEMENT_POLICY to: LRU
Setting VT_CPU_CYLES_NS to: 1.000000
Setting VT_NIC_SPEED_MBPS to: 1000.000000
Setting VT_TIMING_MODEL to: EMPIRICAL
Setting VT_BBL_LOOKAHEAD_FILE to: /home/titan/VT-S3FNet/csudp/mpi_mm/.ttn/lookahead/bbl_lookahead.info
Setting VT_LOOP_LOOKAHEAD_FILE to: /home/titan/VT-S3FNet/csudp/mpi_mm/.ttn/lookahead/loop_lookahead.info
Starting command: /home/titan/VT-S3FNet/csudp/mpi_mm/mpi_test
Loading orig functions !
Starting executable with Pid = 6
Loading pointers to VTL Logic functions
Loaded pointers to all VTL Logic functions
Now Initializing VT-Management 
Extracting env variables !
Extracted tracer-id: 1
Extracted exp-type: 2
Extracted cpu-cycles-ns: 1.000000
Extracted socket-layer-ip: -1509949174
Starting VT-initialization !
Tracer-ID: 1, Timeline-ID: 1
Tracer registration for EXP_CS complete. TimelineID = 1, Return = 1
Tracer Adding to SQ. Tracer ID = 1
Parsing any provided lookahead information ...
Opening file: /home/titan/VT-S3FNet/csudp/mpi_mm/.ttn/lookahead/bbl_lookahead.info
File size: 312
mapped memblock size: 312
Finish offset: 35, Number of values: 35
Returning success !
Loaded BBL lookaheads for 35 basic blocks ...
Opening file: /home/titan/VT-S3FNet/csudp/mpi_mm/.ttn/lookahead/loop_lookahead.info
File size: 120
mapped memblock size: 120
Finish offset: 11, Number of values: 11
Returning success !
Loaded Loop lookaheads for 11 loops ...
VT initialization successfull !
Finished Initializing VT-Management 
Initializing TCP-stack ...
TCP stack unique-id: 16
Starting virtual socket layer stack-thread !
Pthread_create: vtStackThread special case
Successfully initialized VTL-Logic embedded into the executable

------------------------- ACTUAL STDOUT FROM EXECUTABLE STARTS -----------------------------

Rank = 0, Total = 4, IP = 10.1.0.166
Adding new vt-tcp-socket !
Creating vt-tcp socket !
bind through vt-tcp !
Server socket bound to ip:port: 10.1.0.166:10000
Waiting for OK message from other nodes !
Waiting for OK message !
listen through vt-tcp !
Accept through vt-tcp !
Successfully received OK message !
listen through vt-tcp !
Accepting connection from higher ranked node: 3
Accept through vt-tcp !
Entering time-wait from FIN_WAIT_2
Clearing all tcp timers !
Adding TcpLinger !
Successfully connected with higher ranked node: 3
listen through vt-tcp !
Accepting connection from higher ranked node: 2
Accept through vt-tcp !
Successfully connected with higher ranked node: 2
listen through vt-tcp !
Accepting connection from higher ranked node: 1
Accept through vt-tcp !
Successfully connected with higher ranked node: 1
Closing server socket: 4097
Clearing all tcp timers !
TCP-done for socket: 4097, err: -103
Called SetLoopLookahead: init: 0, final: 100, step: 1, loopDepth: 0, cumulative-num-iterations: 100, look-ahead-ns: 1400
Called SetLoopLookahead: init: 0, final: 100, step: 1, loopDepth: 1, cumulative-num-iterations: 10000, look-ahead-ns: 60000
Socket: 4097 garbage collection
Freeing socket: 4097
Adding new Thread: 8
Resuming new Thread with Burst of length: 2000
Called SetLoopLookahead: init: 1, final: 4, step: 1, loopDepth: 0, cumulative-num-iterations: 3, look-ahead-ns: 0
Sending 34 rows to task 1 offset=0
Sending offset = 0 to dest = 1
Sending rows = 34 to dest = 1
Sending a rows to 1
A matrix partition sent to worker:  1
Sending 33 rows to task 2 offset=34
Sending offset = 34 to dest = 2
Sending rows = 33 to dest = 2
Sending a rows to 2
A matrix partition sent to worker:  2
Sending 33 rows to task 3 offset=67
Sending offset = 67 to dest = 3
Sending rows = 33 to dest = 3
Sending a rows to 3
A matrix partition sent to worker:  3

******************************************************
mpi_mm has started with 4 tasks.
Initializing arrays...
Called SetLoopLookahead: init: 0, final: 100, step: 1, loopDepth: 0, cumulative-num-iterations: 100, look-ahead-ns: 1500
Called SetLoopLookahead: init: 0, final: 10, step: 1, loopDepth: 1, cumulative-num-iterations: 1000, look-ahead-ns: 6000
Called SetLoopLookahead: init: 1, final: 4, step: 1, loopDepth: 0, cumulative-num-iterations: 3, look-ahead-ns: 0
Sending b rows to 1
B matrix sent to worker:  1
Sending b rows to 2
B matrix sent to worker:  2
Sending b rows to 3
B matrix sent to worker:  3
Called SetLoopLookahead: init: 1, final: 4, step: 1, loopDepth: 0, cumulative-num-iterations: 3, look-ahead-ns: 30
tcp-linger 
Clearing all tcp timers !
TCP-done for socket: 4098, err: -110
Socket: 4098 garbage collection
Freeing socket: 4098
Received offset = 0 from 1
Received rows = 34 from 1
Received results from task 1
Received offset = 34 from 2
Received rows = 33 from 2
Received results from task 2
Received offset = 67 from 3
Received rows = 33 from 3
Received results from task 3
MSG: 1 Done.

******************************************************
mpi_mm has started with 4 tasks.
Initializing arrays...
Called SetLoopLookahead: init: 0, final: 100, step: 1, loopDepth: 0, cumulative-num-iterations: 100, look-ahead-ns: 1500
Called SetLoopLookahead: init: 0, final: 10, step: 1, loopDepth: 1, cumulative-num-iterations: 1000, look-ahead-ns: 6000
Called SetLoopLookahead: init: 1, final: 4, step: 1, loopDepth: 0, cumulative-num-iterations: 3, look-ahead-ns: 0
Sending b rows to 1
B matrix sent to worker:  1
Sending b rows to 2
B matrix sent to worker:  2
Sending b rows to 3
B matrix sent to worker:  3
Called SetLoopLookahead: init: 1, final: 4, step: 1, loopDepth: 0, cumulative-num-iterations: 3, look-ahead-ns: 30
Received offset = 0 from 1
Received rows = 34 from 1
Received results from task 1
Received offset = 34 from 2
Received rows = 33 from 2
Received results from task 2
Received offset = 67 from 3
Received rows = 33 from 3
Received results from task 3
MSG: 2 Done.

******************************************************
mpi_mm has started with 4 tasks.
Initializing arrays...
Called SetLoopLookahead: init: 0, final: 100, step: 1, loopDepth: 0, cumulative-num-iterations: 100, look-ahead-ns: 1500
Called SetLoopLookahead: init: 0, final: 10, step: 1, loopDepth: 1, cumulative-num-iterations: 1000, look-ahead-ns: 6000
Called SetLoopLookahead: init: 1, final: 4, step: 1, loopDepth: 0, cumulative-num-iterations: 3, look-ahead-ns: 0
Sending b rows to 1
B matrix sent to worker:  1
Sending b rows to 2
B matrix sent to worker:  2
Sending b rows to 3
B matrix sent to worker:  3
Called SetLoopLookahead: init: 1, final: 4, step: 1, loopDepth: 0, cumulative-num-iterations: 3, look-ahead-ns: 30
Received offset = 0 from 1
Received rows = 34 from 1
Received results from task 1
Received offset = 34 from 2
Received rows = 33 from 2
Received results from task 2
Received offset = 67 from 3
Received rows = 33 from 3
Received results from task 3
MSG: 3 Done.

******************************************************
mpi_mm has started with 4 tasks.
Initializing arrays...
Called SetLoopLookahead: init: 0, final: 100, step: 1, loopDepth: 0, cumulative-num-iterations: 100, look-ahead-ns: 1500
Called SetLoopLookahead: init: 0, final: 10, step: 1, loopDepth: 1, cumulative-num-iterations: 1000, look-ahead-ns: 6000
Called SetLoopLookahead: init: 1, final: 4, step: 1, loopDepth: 0, cumulative-num-iterations: 3, look-ahead-ns: 0
Sending b rows to 1
B matrix sent to worker:  1
Sending b rows to 2
B matrix sent to worker:  2
Sending b rows to 3
B matrix sent to worker:  3
Called SetLoopLookahead: init: 1, final: 4, step: 1, loopDepth: 0, cumulative-num-iterations: 3, look-ahead-ns: 30
Received offset = 0 from 1
Received rows = 34 from 1
Received results from task 1
Received offset = 34 from 2
Received rows = 33 from 2
Received results from task 2
Received offset = 67 from 3
Received rows = 33 from 3
Received results from task 3
MSG: 4 Done.

******************************************************
mpi_mm has started with 4 tasks.
Initializing arrays...
Called SetLoopLookahead: init: 0, final: 100, step: 1, loopDepth: 0, cumulative-num-iterations: 100, look-ahead-ns: 1500
Called SetLoopLookahead: init: 0, final: 10, step: 1, loopDepth: 1, cumulative-num-iterations: 1000, look-ahead-ns: 6000
Called SetLoopLookahead: init: 1, final: 4, step: 1, loopDepth: 0, cumulative-num-iterations: 3, look-ahead-ns: 0
Sending b rows to 1
B matrix sent to worker:  1
Sending b rows to 2
B matrix sent to worker:  2
Sending b rows to 3
B matrix sent to worker:  3
Called SetLoopLookahead: init: 1, final: 4, step: 1, loopDepth: 0, cumulative-num-iterations: 3, look-ahead-ns: 30
Received offset = 0 from 1
Received rows = 34 from 1
Received results from task 1
Received offset = 34 from 2
Received rows = 33 from 2
Received results from task 2
Received offset = 67 from 3
Received rows = 33 from 3
Received results from task 3
MSG: 5 Done.

******************************************************
mpi_mm has started with 4 tasks.
Initializing arrays...
Called SetLoopLookahead: init: 0, final: 100, step: 1, loopDepth: 0, cumulative-num-iterations: 100, look-ahead-ns: 1500
Called SetLoopLookahead: init: 0, final: 10, step: 1, loopDepth: 1, cumulative-num-iterations: 1000, look-ahead-ns: 6000
Called SetLoopLookahead: init: 1, final: 4, step: 1, loopDepth: 0, cumulative-num-iterations: 3, look-ahead-ns: 0
Sending b rows to 1
B matrix sent to worker:  1
Sending b rows to 2
B matrix sent to worker:  2
Sending b rows to 3
B matrix sent to worker:  3
Called SetLoopLookahead: init: 1, final: 4, step: 1, loopDepth: 0, cumulative-num-iterations: 3, look-ahead-ns: 30
Received offset = 0 from 1
Received rows = 34 from 1
Received results from task 1
Received offset = 34 from 2
Received rows = 33 from 2
Received results from task 2
Received offset = 67 from 3
Received rows = 33 from 3
Received results from task 3
MSG: 6 Done.

******************************************************
mpi_mm has started with 4 tasks.
Initializing arrays...
Called SetLoopLookahead: init: 0, final: 100, step: 1, loopDepth: 0, cumulative-num-iterations: 100, look-ahead-ns: 1500
Called SetLoopLookahead: init: 0, final: 10, step: 1, loopDepth: 1, cumulative-num-iterations: 1000, look-ahead-ns: 6000
Called SetLoopLookahead: init: 1, final: 4, step: 1, loopDepth: 0, cumulative-num-iterations: 3, look-ahead-ns: 0
Sending b rows to 1
B matrix sent to worker:  1
Sending b rows to 2
B matrix sent to worker:  2
Sending b rows to 3
B matrix sent to worker:  3
Called SetLoopLookahead: init: 1, final: 4, step: 1, loopDepth: 0, cumulative-num-iterations: 3, look-ahead-ns: 30
Received offset = 0 from 1
Received rows = 34 from 1
Received results from task 1
Received offset = 34 from 2
Received rows = 33 from 2
Received results from task 2
Received offset = 67 from 3
Received rows = 33 from 3
Received results from task 3
MSG: 7 Done.

******************************************************
mpi_mm has started with 4 tasks.
Initializing arrays...
Called SetLoopLookahead: init: 0, final: 100, step: 1, loopDepth: 0, cumulative-num-iterations: 100, look-ahead-ns: 1500
Called SetLoopLookahead: init: 0, final: 10, step: 1, loopDepth: 1, cumulative-num-iterations: 1000, look-ahead-ns: 6000
Called SetLoopLookahead: init: 1, final: 4, step: 1, loopDepth: 0, cumulative-num-iterations: 3, look-ahead-ns: 0
Sending b rows to 1
B matrix sent to worker:  1
Sending b rows to 2
B matrix sent to worker:  2
Sending b rows to 3
B matrix sent to worker:  3
Called SetLoopLookahead: init: 1, final: 4, step: 1, loopDepth: 0, cumulative-num-iterations: 3, look-ahead-ns: 30
Received offset = 0 from 1
Received rows = 34 from 1
Received results from task 1
Received offset = 34 from 2
Received rows = 33 from 2
Received results from task 2
Received offset = 67 from 3
Received rows = 33 from 3
Received results from task 3
MSG: 8 Done.

******************************************************
mpi_mm has started with 4 tasks.
Initializing arrays...
Called SetLoopLookahead: init: 0, final: 100, step: 1, loopDepth: 0, cumulative-num-iterations: 100, look-ahead-ns: 1500
Called SetLoopLookahead: init: 0, final: 10, step: 1, loopDepth: 1, cumulative-num-iterations: 1000, look-ahead-ns: 6000
Called SetLoopLookahead: init: 1, final: 4, step: 1, loopDepth: 0, cumulative-num-iterations: 3, look-ahead-ns: 0
Sending b rows to 1
B matrix sent to worker:  1
Sending b rows to 2
B matrix sent to worker:  2
Sending b rows to 3
B matrix sent to worker:  3
Called SetLoopLookahead: init: 1, final: 4, step: 1, loopDepth: 0, cumulative-num-iterations: 3, look-ahead-ns: 30
Received offset = 0 from 1
Received rows = 34 from 1
Received results from task 1
Received offset = 34 from 2
Received rows = 33 from 2
Received results from task 2
Received offset = 67 from 3
Received rows = 33 from 3
Received results from task 3
MSG: 9 Done.

******************************************************
mpi_mm has started with 4 tasks.
Initializing arrays...
Called SetLoopLookahead: init: 0, final: 100, step: 1, loopDepth: 0, cumulative-num-iterations: 100, look-ahead-ns: 1500
Called SetLoopLookahead: init: 0, final: 10, step: 1, loopDepth: 1, cumulative-num-iterations: 1000, look-ahead-ns: 6000
Called SetLoopLookahead: init: 1, final: 4, step: 1, loopDepth: 0, cumulative-num-iterations: 3, look-ahead-ns: 0
Sending b rows to 1
B matrix sent to worker:  1
Sending b rows to 2
B matrix sent to worker:  2
Sending b rows to 3
B matrix sent to worker:  3
Called SetLoopLookahead: init: 1, final: 4, step: 1, loopDepth: 0, cumulative-num-iterations: 3, look-ahead-ns: 30
Received offset = 0 from 1
Received rows = 34 from 1
Received results from task 1
Received offset = 34 from 2
Received rows = 33 from 2
Received results from task 2
Received offset = 67 from 3
Received rows = 33 from 3
Received results from task 3
MSG: 10 Done.

******************************************************
mpi_mm has started with 4 tasks.
Initializing arrays...
Called SetLoopLookahead: init: 0, final: 100, step: 1, loopDepth: 0, cumulative-num-iterations: 100, look-ahead-ns: 1500
Called SetLoopLookahead: init: 0, final: 10, step: 1, loopDepth: 1, cumulative-num-iterations: 1000, look-ahead-ns: 6000
Called SetLoopLookahead: init: 1, final: 4, step: 1, loopDepth: 0, cumulative-num-iterations: 3, look-ahead-ns: 0
Sending b rows to 1
B matrix sent to worker:  1
Sending b rows to 2
B matrix sent to worker:  2
Sending b rows to 3
B matrix sent to worker:  3
Called SetLoopLookahead: init: 1, final: 4, step: 1, loopDepth: 0, cumulative-num-iterations: 3, look-ahead-ns: 30
Received offset = 0 from 1
Received rows = 34 from 1
Received results from task 1
Received offset = 34 from 2
Received rows = 33 from 2
Received results from task 2
Received offset = 67 from 3
Received rows = 33 from 3
Received results from task 3
MSG: 11 Done.

******************************************************
mpi_mm has started with 4 tasks.
Initializing arrays...
Called SetLoopLookahead: init: 0, final: 100, step: 1, loopDepth: 0, cumulative-num-iterations: 100, look-ahead-ns: 1500
Called SetLoopLookahead: init: 0, final: 10, step: 1, loopDepth: 1, cumulative-num-iterations: 1000, look-ahead-ns: 6000
Called SetLoopLookahead: init: 1, final: 4, step: 1, loopDepth: 0, cumulative-num-iterations: 3, look-ahead-ns: 0
Sending b rows to 1
B matrix sent to worker:  1
Sending b rows to 2
B matrix sent to worker:  2
Sending b rows to 3
B matrix sent to worker:  3
Called SetLoopLookahead: init: 1, final: 4, step: 1, loopDepth: 0, cumulative-num-iterations: 3, look-ahead-ns: 30
Received offset = 0 from 1
Received rows = 34 from 1
Received results from task 1
Received offset = 34 from 2
Received rows = 33 from 2
Received results from task 2
Received offset = 67 from 3
Received rows = 33 from 3
Received results from task 3
MSG: 12 Done.

******************************************************
mpi_mm has started with 4 tasks.
Initializing arrays...
Called SetLoopLookahead: init: 0, final: 100, step: 1, loopDepth: 0, cumulative-num-iterations: 100, look-ahead-ns: 1500
Called SetLoopLookahead: init: 0, final: 10, step: 1, loopDepth: 1, cumulative-num-iterations: 1000, look-ahead-ns: 6000
Called SetLoopLookahead: init: 1, final: 4, step: 1, loopDepth: 0, cumulative-num-iterations: 3, look-ahead-ns: 0
Sending b rows to 1
B matrix sent to worker:  1
Sending b rows to 2
B matrix sent to worker:  2
Sending b rows to 3
B matrix sent to worker:  3
Called SetLoopLookahead: init: 1, final: 4, step: 1, loopDepth: 0, cumulative-num-iterations: 3, look-ahead-ns: 30
Received offset = 0 from 1
Received rows = 34 from 1
Received results from task 1
Received offset = 34 from 2
Received rows = 33 from 2
Received results from task 2
Received offset = 67 from 3
Received rows = 33 from 3
Received results from task 3
MSG: 13 Done.

******************************************************
mpi_mm has started with 4 tasks.
Initializing arrays...
Called SetLoopLookahead: init: 0, final: 100, step: 1, loopDepth: 0, cumulative-num-iterations: 100, look-ahead-ns: 1500
Called SetLoopLookahead: init: 0, final: 10, step: 1, loopDepth: 1, cumulative-num-iterations: 1000, look-ahead-ns: 6000
Called SetLoopLookahead: init: 1, final: 4, step: 1, loopDepth: 0, cumulative-num-iterations: 3, look-ahead-ns: 0
Sending b rows to 1
B matrix sent to worker:  1
Sending b rows to 2
B matrix sent to worker:  2
Sending b rows to 3
B matrix sent to worker:  3
Called SetLoopLookahead: init: 1, final: 4, step: 1, loopDepth: 0, cumulative-num-iterations: 3, look-ahead-ns: 30
Received offset = 0 from 1
Received rows = 34 from 1
Received results from task 1
Received offset = 34 from 2
Received rows = 33 from 2
Received results from task 2
Received offset = 67 from 3
Received rows = 33 from 3
Received results from task 3
MSG: 14 Done.

******************************************************
mpi_mm has started with 4 tasks.
Initializing arrays...
Called SetLoopLookahead: init: 0, final: 100, step: 1, loopDepth: 0, cumulative-num-iterations: 100, look-ahead-ns: 1500
Called SetLoopLookahead: init: 0, final: 10, step: 1, loopDepth: 1, cumulative-num-iterations: 1000, look-ahead-ns: 6000
Called SetLoopLookahead: init: 1, final: 4, step: 1, loopDepth: 0, cumulative-num-iterations: 3, look-ahead-ns: 0
Sending b rows to 1
B matrix sent to worker:  1
Sending b rows to 2
B matrix sent to worker:  2
Sending b rows to 3
B matrix sent to worker:  3
Called SetLoopLookahead: init: 1, final: 4, step: 1, loopDepth: 0, cumulative-num-iterations: 3, look-ahead-ns: 30
Received offset = 0 from 1
Received rows = 34 from 1
Received results from task 1
Received offset = 34 from 2
Received rows = 33 from 2
Received results from task 2
Received offset = 67 from 3
Received rows = 33 from 3
Received results from task 3
MSG: 15 Done.

******************************************************
mpi_mm has started with 4 tasks.
Initializing arrays...
Called SetLoopLookahead: init: 0, final: 100, step: 1, loopDepth: 0, cumulative-num-iterations: 100, look-ahead-ns: 1500
Called SetLoopLookahead: init: 0, final: 10, step: 1, loopDepth: 1, cumulative-num-iterations: 1000, look-ahead-ns: 6000
Called SetLoopLookahead: init: 1, final: 4, step: 1, loopDepth: 0, cumulative-num-iterations: 3, look-ahead-ns: 0
Sending b rows to 1
B matrix sent to worker:  1
Sending b rows to 2
B matrix sent to worker:  2
Sending b rows to 3
B matrix sent to worker:  3
Called SetLoopLookahead: init: 1, final: 4, step: 1, loopDepth: 0, cumulative-num-iterations: 3, look-ahead-ns: 30
Received offset = 0 from 1
Received rows = 34 from 1
Received results from task 1
Received offset = 34 from 2
Received rows = 33 from 2
Received results from task 2
Received offset = 67 from 3
Received rows = 33 from 3
Received results from task 3
MSG: 16 Done.

******************************************************
mpi_mm has started with 4 tasks.
Initializing arrays...
Called SetLoopLookahead: init: 0, final: 100, step: 1, loopDepth: 0, cumulative-num-iterations: 100, look-ahead-ns: 1500
Called SetLoopLookahead: init: 0, final: 10, step: 1, loopDepth: 1, cumulative-num-iterations: 1000, look-ahead-ns: 6000
Called SetLoopLookahead: init: 1, final: 4, step: 1, loopDepth: 0, cumulative-num-iterations: 3, look-ahead-ns: 0
Sending b rows to 1
B matrix sent to worker:  1
Sending b rows to 2
B matrix sent to worker:  2
Sending b rows to 3
B matrix sent to worker:  3
Called SetLoopLookahead: init: 1, final: 4, step: 1, loopDepth: 0, cumulative-num-iterations: 3, look-ahead-ns: 30
Received offset = 0 from 1
Received rows = 34 from 1
Received results from task 1
Received offset = 34 from 2
Received rows = 33 from 2
Received results from task 2
Received offset = 67 from 3
Received rows = 33 from 3
Received results from task 3
MSG: 17 Done.

******************************************************
mpi_mm has started with 4 tasks.
Initializing arrays...
Called SetLoopLookahead: init: 0, final: 100, step: 1, loopDepth: 0, cumulative-num-iterations: 100, look-ahead-ns: 1500
Called SetLoopLookahead: init: 0, final: 10, step: 1, loopDepth: 1, cumulative-num-iterations: 1000, look-ahead-ns: 6000
Called SetLoopLookahead: init: 1, final: 4, step: 1, loopDepth: 0, cumulative-num-iterations: 3, look-ahead-ns: 0
Sending b rows to 1
B matrix sent to worker:  1
Sending b rows to 2
B matrix sent to worker:  2
Sending b rows to 3
B matrix sent to worker:  3
Called SetLoopLookahead: init: 1, final: 4, step: 1, loopDepth: 0, cumulative-num-iterations: 3, look-ahead-ns: 30
Received offset = 0 from 1
Received rows = 34 from 1
Received results from task 1
Received offset = 34 from 2
Received rows = 33 from 2
Received results from task 2
Received offset = 67 from 3
Received rows = 33 from 3
Received results from task 3
MSG: 18 Done.

******************************************************
mpi_mm has started with 4 tasks.
Initializing arrays...
Called SetLoopLookahead: init: 0, final: 100, step: 1, loopDepth: 0, cumulative-num-iterations: 100, look-ahead-ns: 1500
Called SetLoopLookahead: init: 0, final: 10, step: 1, loopDepth: 1, cumulative-num-iterations: 1000, look-ahead-ns: 6000
Called SetLoopLookahead: init: 1, final: 4, step: 1, loopDepth: 0, cumulative-num-iterations: 3, look-ahead-ns: 0
Sending b rows to 1
B matrix sent to worker:  1
Sending b rows to 2
B matrix sent to worker:  2
Sending b rows to 3
B matrix sent to worker:  3
Called SetLoopLookahead: init: 1, final: 4, step: 1, loopDepth: 0, cumulative-num-iterations: 3, look-ahead-ns: 30
Received offset = 0 from 1
Received rows = 34 from 1
Received results from task 1
Received offset = 34 from 2
Received rows = 33 from 2
Received results from task 2
Received offset = 67 from 3
Received rows = 33 from 3
Received results from task 3
MSG: 19 Done.

******************************************************
mpi_mm has started with 4 tasks.
Initializing arrays...
Called SetLoopLookahead: init: 0, final: 100, step: 1, loopDepth: 0, cumulative-num-iterations: 100, look-ahead-ns: 1500
Called SetLoopLookahead: init: 0, final: 10, step: 1, loopDepth: 1, cumulative-num-iterations: 1000, look-ahead-ns: 6000
Called SetLoopLookahead: init: 1, final: 4, step: 1, loopDepth: 0, cumulative-num-iterations: 3, look-ahead-ns: 0
Sending b rows to 1
B matrix sent to worker:  1
Sending b rows to 2
B matrix sent to worker:  2
Sending b rows to 3
B matrix sent to worker:  3
Called SetLoopLookahead: init: 1, final: 4, step: 1, loopDepth: 0, cumulative-num-iterations: 3, look-ahead-ns: 30
Received offset = 0 from 1
Received rows = 34 from 1
Received results from task 1
Received offset = 34 from 2
Received rows = 33 from 2
Received results from task 2
Received offset = 67 from 3
Received rows = 33 from 3
Received results from task 3
MSG: 20 Done.

******************************************************
mpi_mm has started with 4 tasks.
Initializing arrays...
Called SetLoopLookahead: init: 0, final: 100, step: 1, loopDepth: 0, cumulative-num-iterations: 100, look-ahead-ns: 1500
Called SetLoopLookahead: init: 0, final: 10, step: 1, loopDepth: 1, cumulative-num-iterations: 1000, look-ahead-ns: 6000
Called SetLoopLookahead: init: 1, final: 4, step: 1, loopDepth: 0, cumulative-num-iterations: 3, look-ahead-ns: 0
Sending b rows to 1
B matrix sent to worker:  1
Sending b rows to 2
B matrix sent to worker:  2
Sending b rows to 3
B matrix sent to worker:  3
Called SetLoopLookahead: init: 1, final: 4, step: 1, loopDepth: 0, cumulative-num-iterations: 3, look-ahead-ns: 30
Received offset = 0 from 1
Received rows = 34 from 1
Received results from task 1
Received offset = 34 from 2
Received rows = 33 from 2
Received results from task 2
Received offset = 67 from 3
Received rows = 33 from 3
Received results from task 3
MSG: 21 Done.

******************************************************
mpi_mm has started with 4 tasks.
Initializing arrays...
Called SetLoopLookahead: init: 0, final: 100, step: 1, loopDepth: 0, cumulative-num-iterations: 100, look-ahead-ns: 1500
Called SetLoopLookahead: init: 0, final: 10, step: 1, loopDepth: 1, cumulative-num-iterations: 1000, look-ahead-ns: 6000
Called SetLoopLookahead: init: 1, final: 4, step: 1, loopDepth: 0, cumulative-num-iterations: 3, look-ahead-ns: 0
Sending b rows to 1
B matrix sent to worker:  1
Sending b rows to 2
B matrix sent to worker:  2
Sending b rows to 3
B matrix sent to worker:  3
Called SetLoopLookahead: init: 1, final: 4, step: 1, loopDepth: 0, cumulative-num-iterations: 3, look-ahead-ns: 30
Received offset = 0 from 1
Received rows = 34 from 1
Received results from task 1
Received offset = 34 from 2
Received rows = 33 from 2
Received results from task 2
Received offset = 67 from 3
Received rows = 33 from 3
Received results from task 3
MSG: 22 Done.

******************************************************
mpi_mm has started with 4 tasks.
Initializing arrays...
Called SetLoopLookahead: init: 0, final: 100, step: 1, loopDepth: 0, cumulative-num-iterations: 100, look-ahead-ns: 1500
Called SetLoopLookahead: init: 0, final: 10, step: 1, loopDepth: 1, cumulative-num-iterations: 1000, look-ahead-ns: 6000
Called SetLoopLookahead: init: 1, final: 4, step: 1, loopDepth: 0, cumulative-num-iterations: 3, look-ahead-ns: 0
Sending b rows to 1
B matrix sent to worker:  1
Sending b rows to 2
B matrix sent to worker:  2
Sending b rows to 3
B matrix sent to worker:  3
Called SetLoopLookahead: init: 1, final: 4, step: 1, loopDepth: 0, cumulative-num-iterations: 3, look-ahead-ns: 30
Received offset = 0 from 1
Received rows = 34 from 1
Received results from task 1
Received offset = 34 from 2
Received rows = 33 from 2
Received results from task 2
Received offset = 67 from 3
Received rows = 33 from 3
Received results from task 3
MSG: 23 Done.

******************************************************
mpi_mm has started with 4 tasks.
Initializing arrays...
Called SetLoopLookahead: init: 0, final: 100, step: 1, loopDepth: 0, cumulative-num-iterations: 100, look-ahead-ns: 1500
Called SetLoopLookahead: init: 0, final: 10, step: 1, loopDepth: 1, cumulative-num-iterations: 1000, look-ahead-ns: 6000
Called SetLoopLookahead: init: 1, final: 4, step: 1, loopDepth: 0, cumulative-num-iterations: 3, look-ahead-ns: 0
Sending b rows to 1
B matrix sent to worker:  1
Sending b rows to 2
B matrix sent to worker:  2
Sending b rows to 3
B matrix sent to worker:  3
Called SetLoopLookahead: init: 1, final: 4, step: 1, loopDepth: 0, cumulative-num-iterations: 3, look-ahead-ns: 30
Received offset = 0 from 1
Received rows = 34 from 1
Received results from task 1
Received offset = 34 from 2
Received rows = 33 from 2
Received results from task 2
Received offset = 67 from 3
Received rows = 33 from 3
Received results from task 3
MSG: 24 Done.

******************************************************
mpi_mm has started with 4 tasks.
Initializing arrays...
Called SetLoopLookahead: init: 0, final: 100, step: 1, loopDepth: 0, cumulative-num-iterations: 100, look-ahead-ns: 1500
Called SetLoopLookahead: init: 0, final: 10, step: 1, loopDepth: 1, cumulative-num-iterations: 1000, look-ahead-ns: 6000
Called SetLoopLookahead: init: 1, final: 4, step: 1, loopDepth: 0, cumulative-num-iterations: 3, look-ahead-ns: 0
Sending b rows to 1
B matrix sent to worker:  1
Sending b rows to 2
B matrix sent to worker:  2
Sending b rows to 3
B matrix sent to worker:  3
Called SetLoopLookahead: init: 1, final: 4, step: 1, loopDepth: 0, cumulative-num-iterations: 3, look-ahead-ns: 30
Received offset = 0 from 1
Received rows = 34 from 1
Received results from task 1
Received offset = 34 from 2
Received rows = 33 from 2
Received results from task 2
Received offset = 67 from 3
Received rows = 33 from 3
Received results from task 3
MSG: 25 Done.

******************************************************
mpi_mm has started with 4 tasks.
Initializing arrays...
Called SetLoopLookahead: init: 0, final: 100, step: 1, loopDepth: 0, cumulative-num-iterations: 100, look-ahead-ns: 1500
Called SetLoopLookahead: init: 0, final: 10, step: 1, loopDepth: 1, cumulative-num-iterations: 1000, look-ahead-ns: 6000
Called SetLoopLookahead: init: 1, final: 4, step: 1, loopDepth: 0, cumulative-num-iterations: 3, look-ahead-ns: 0
Sending b rows to 1
B matrix sent to worker:  1
Sending b rows to 2
B matrix sent to worker:  2
Sending b rows to 3
B matrix sent to worker:  3
Called SetLoopLookahead: init: 1, final: 4, step: 1, loopDepth: 0, cumulative-num-iterations: 3, look-ahead-ns: 30
Received offset = 0 from 1
Received rows = 34 from 1
Received results from task 1
Received offset = 34 from 2
Received rows = 33 from 2
Received results from task 2
Received offset = 67 from 3
Received rows = 33 from 3
Received results from task 3
MSG: 26 Done.

******************************************************
mpi_mm has started with 4 tasks.
Initializing arrays...
Called SetLoopLookahead: init: 0, final: 100, step: 1, loopDepth: 0, cumulative-num-iterations: 100, look-ahead-ns: 1500
Called SetLoopLookahead: init: 0, final: 10, step: 1, loopDepth: 1, cumulative-num-iterations: 1000, look-ahead-ns: 6000
Called SetLoopLookahead: init: 1, final: 4, step: 1, loopDepth: 0, cumulative-num-iterations: 3, look-ahead-ns: 0
Sending b rows to 1
B matrix sent to worker:  1
Sending b rows to 2
B matrix sent to worker:  2
Sending b rows to 3
B matrix sent to worker:  3
Called SetLoopLookahead: init: 1, final: 4, step: 1, loopDepth: 0, cumulative-num-iterations: 3, look-ahead-ns: 30
Received offset = 0 from 1
Received rows = 34 from 1
Received results from task 1
Received offset = 34 from 2
Received rows = 33 from 2
Received results from task 2
Received offset = 67 from 3
Received rows = 33 from 3
Received results from task 3
MSG: 27 Done.

******************************************************
mpi_mm has started with 4 tasks.
Initializing arrays...
Called SetLoopLookahead: init: 0, final: 100, step: 1, loopDepth: 0, cumulative-num-iterations: 100, look-ahead-ns: 1500
Called SetLoopLookahead: init: 0, final: 10, step: 1, loopDepth: 1, cumulative-num-iterations: 1000, look-ahead-ns: 6000
Called SetLoopLookahead: init: 1, final: 4, step: 1, loopDepth: 0, cumulative-num-iterations: 3, look-ahead-ns: 0
Sending b rows to 1
B matrix sent to worker:  1
Sending b rows to 2
B matrix sent to worker:  2
Sending b rows to 3
B matrix sent to worker:  3
Called SetLoopLookahead: init: 1, final: 4, step: 1, loopDepth: 0, cumulative-num-iterations: 3, look-ahead-ns: 30
Received offset = 0 from 1
Received rows = 34 from 1
Received results from task 1
Received offset = 34 from 2
Received rows = 33 from 2
Received results from task 2
Received offset = 67 from 3
Received rows = 33 from 3
Received results from task 3
MSG: 28 Done.

******************************************************
mpi_mm has started with 4 tasks.
Initializing arrays...
Called SetLoopLookahead: init: 0, final: 100, step: 1, loopDepth: 0, cumulative-num-iterations: 100, look-ahead-ns: 1500
Called SetLoopLookahead: init: 0, final: 10, step: 1, loopDepth: 1, cumulative-num-iterations: 1000, look-ahead-ns: 6000
Called SetLoopLookahead: init: 1, final: 4, step: 1, loopDepth: 0, cumulative-num-iterations: 3, look-ahead-ns: 0
Sending b rows to 1
B matrix sent to worker:  1
Sending b rows to 2
B matrix sent to worker:  2
Sending b rows to 3
B matrix sent to worker:  3
Called SetLoopLookahead: init: 1, final: 4, step: 1, loopDepth: 0, cumulative-num-iterations: 3, look-ahead-ns: 30
Received offset = 0 from 1
Received rows = 34 from 1
Received results from task 1
Received offset = 34 from 2
Received rows = 33 from 2
Received results from task 2
Received offset = 67 from 3
Received rows = 33 from 3
Received results from task 3
MSG: 29 Done.

******************************************************
mpi_mm has started with 4 tasks.
Initializing arrays...
Called SetLoopLookahead: init: 0, final: 100, step: 1, loopDepth: 0, cumulative-num-iterations: 100, look-ahead-ns: 1500
Called SetLoopLookahead: init: 0, final: 10, step: 1, loopDepth: 1, cumulative-num-iterations: 1000, look-ahead-ns: 6000
Called SetLoopLookahead: init: 1, final: 4, step: 1, loopDepth: 0, cumulative-num-iterations: 3, look-ahead-ns: 0
Sending b rows to 1
B matrix sent to worker:  1
Sending b rows to 2
B matrix sent to worker:  2
Sending b rows to 3
B matrix sent to worker:  3
Called SetLoopLookahead: init: 1, final: 4, step: 1, loopDepth: 0, cumulative-num-iterations: 3, look-ahead-ns: 30
Received offset = 0 from 1
Received rows = 34 from 1
Received results from task 1
Received offset = 34 from 2
Received rows = 33 from 2
Received results from task 2
Received offset = 67 from 3
Received rows = 33 from 3
Received results from task 3
MSG: 30 Done.

******************************************************
mpi_mm has started with 4 tasks.
Initializing arrays...
Called SetLoopLookahead: init: 0, final: 100, step: 1, loopDepth: 0, cumulative-num-iterations: 100, look-ahead-ns: 1500
Called SetLoopLookahead: init: 0, final: 10, step: 1, loopDepth: 1, cumulative-num-iterations: 1000, look-ahead-ns: 6000
Called SetLoopLookahead: init: 1, final: 4, step: 1, loopDepth: 0, cumulative-num-iterations: 3, look-ahead-ns: 0
Sending b rows to 1
B matrix sent to worker:  1
Sending b rows to 2
B matrix sent to worker:  2
Sending b rows to 3
B matrix sent to worker:  3
Called SetLoopLookahead: init: 1, final: 4, step: 1, loopDepth: 0, cumulative-num-iterations: 3, look-ahead-ns: 30
Received offset = 0 from 1
Received rows = 34 from 1
Received results from task 1
Received offset = 34 from 2
Received rows = 33 from 2
Received results from task 2
Received offset = 67 from 3
Received rows = 33 from 3
Received results from task 3
MSG: 31 Done.

******************************************************
mpi_mm has started with 4 tasks.
Initializing arrays...
Called SetLoopLookahead: init: 0, final: 100, step: 1, loopDepth: 0, cumulative-num-iterations: 100, look-ahead-ns: 1500
Called SetLoopLookahead: init: 0, final: 10, step: 1, loopDepth: 1, cumulative-num-iterations: 1000, look-ahead-ns: 6000
Called SetLoopLookahead: init: 1, final: 4, step: 1, loopDepth: 0, cumulative-num-iterations: 3, look-ahead-ns: 0
Sending b rows to 1
B matrix sent to worker:  1
Sending b rows to 2
B matrix sent to worker:  2
Sending b rows to 3
B matrix sent to worker:  3
Called SetLoopLookahead: init: 1, final: 4, step: 1, loopDepth: 0, cumulative-num-iterations: 3, look-ahead-ns: 30
Received offset = 0 from 1
Received rows = 34 from 1
Received results from task 1
Received offset = 34 from 2
Received rows = 33 from 2
Received results from task 2
Received offset = 67 from 3
Received rows = 33 from 3
Received results from task 3
MSG: 32 Done.

******************************************************
mpi_mm has started with 4 tasks.
Initializing arrays...
Called SetLoopLookahead: init: 0, final: 100, step: 1, loopDepth: 0, cumulative-num-iterations: 100, look-ahead-ns: 1500
Called SetLoopLookahead: init: 0, final: 10, step: 1, loopDepth: 1, cumulative-num-iterations: 1000, look-ahead-ns: 6000
Called SetLoopLookahead: init: 1, final: 4, step: 1, loopDepth: 0, cumulative-num-iterations: 3, look-ahead-ns: 0
Sending b rows to 1
B matrix sent to worker:  1
Sending b rows to 2
B matrix sent to worker:  2
Sending b rows to 3
B matrix sent to worker:  3
Called SetLoopLookahead: init: 1, final: 4, step: 1, loopDepth: 0, cumulative-num-iterations: 3, look-ahead-ns: 30
Received offset = 0 from 1
Received rows = 34 from 1
Received results from task 1
Received offset = 34 from 2
Received rows = 33 from 2
Received results from task 2
Received offset = 67 from 3
Received rows = 33 from 3
Received results from task 3
MSG: 33 Done.

******************************************************
mpi_mm has started with 4 tasks.
Initializing arrays...
Called SetLoopLookahead: init: 0, final: 100, step: 1, loopDepth: 0, cumulative-num-iterations: 100, look-ahead-ns: 1500
Called SetLoopLookahead: init: 0, final: 10, step: 1, loopDepth: 1, cumulative-num-iterations: 1000, look-ahead-ns: 6000
Called SetLoopLookahead: init: 1, final: 4, step: 1, loopDepth: 0, cumulative-num-iterations: 3, look-ahead-ns: 0
Sending b rows to 1
B matrix sent to worker:  1
Sending b rows to 2
B matrix sent to worker:  2
Sending b rows to 3
B matrix sent to worker:  3
Called SetLoopLookahead: init: 1, final: 4, step: 1, loopDepth: 0, cumulative-num-iterations: 3, look-ahead-ns: 30
Received offset = 0 from 1
Received rows = 34 from 1
Received results from task 1
Received offset = 34 from 2
Received rows = 33 from 2
Received results from task 2
Received offset = 67 from 3
Received rows = 33 from 3
Received results from task 3
MSG: 34 Done.

******************************************************
mpi_mm has started with 4 tasks.
Initializing arrays...
Called SetLoopLookahead: init: 0, final: 100, step: 1, loopDepth: 0, cumulative-num-iterations: 100, look-ahead-ns: 1500
Called SetLoopLookahead: init: 0, final: 10, step: 1, loopDepth: 1, cumulative-num-iterations: 1000, look-ahead-ns: 6000
Called SetLoopLookahead: init: 1, final: 4, step: 1, loopDepth: 0, cumulative-num-iterations: 3, look-ahead-ns: 0
Sending b rows to 1
B matrix sent to worker:  1
Sending b rows to 2
B matrix sent to worker:  2
Sending b rows to 3
B matrix sent to worker:  3
Called SetLoopLookahead: init: 1, final: 4, step: 1, loopDepth: 0, cumulative-num-iterations: 3, look-ahead-ns: 30
Received offset = 0 from 1
Received rows = 34 from 1
Received results from task 1
Received offset = 34 from 2
Received rows = 33 from 2
Received results from task 2
Received offset = 67 from 3
Received rows = 33 from 3
Received results from task 3
MSG: 35 Done.

******************************************************
mpi_mm has started with 4 tasks.
Initializing arrays...
Called SetLoopLookahead: init: 0, final: 100, step: 1, loopDepth: 0, cumulative-num-iterations: 100, look-ahead-ns: 1500
Called SetLoopLookahead: init: 0, final: 10, step: 1, loopDepth: 1, cumulative-num-iterations: 1000, look-ahead-ns: 6000
Called SetLoopLookahead: init: 1, final: 4, step: 1, loopDepth: 0, cumulative-num-iterations: 3, look-ahead-ns: 0
Sending b rows to 1
B matrix sent to worker:  1
Sending b rows to 2
B matrix sent to worker:  2
Sending b rows to 3
B matrix sent to worker:  3
Called SetLoopLookahead: init: 1, final: 4, step: 1, loopDepth: 0, cumulative-num-iterations: 3, look-ahead-ns: 30
Received offset = 0 from 1
Received rows = 34 from 1
Received results from task 1
Received offset = 34 from 2
Received rows = 33 from 2
Received results from task 2
Received offset = 67 from 3
Received rows = 33 from 3
Received results from task 3
MSG: 36 Done.

******************************************************
mpi_mm has started with 4 tasks.
Initializing arrays...
Called SetLoopLookahead: init: 0, final: 100, step: 1, loopDepth: 0, cumulative-num-iterations: 100, look-ahead-ns: 1500
Called SetLoopLookahead: init: 0, final: 10, step: 1, loopDepth: 1, cumulative-num-iterations: 1000, look-ahead-ns: 6000
Called SetLoopLookahead: init: 1, final: 4, step: 1, loopDepth: 0, cumulative-num-iterations: 3, look-ahead-ns: 0
Sending b rows to 1
B matrix sent to worker:  1
Sending b rows to 2
B matrix sent to worker:  2
Sending b rows to 3
B matrix sent to worker:  3
Called SetLoopLookahead: init: 1, final: 4, step: 1, loopDepth: 0, cumulative-num-iterations: 3, look-ahead-ns: 30
Received offset = 0 from 1
Received rows = 34 from 1
Received results from task 1
Received offset = 34 from 2
Received rows = 33 from 2
Received results from task 2
Received offset = 67 from 3
Received rows = 33 from 3
Received results from task 3
MSG: 37 Done.

******************************************************
mpi_mm has started with 4 tasks.
Initializing arrays...
Called SetLoopLookahead: init: 0, final: 100, step: 1, loopDepth: 0, cumulative-num-iterations: 100, look-ahead-ns: 1500
Called SetLoopLookahead: init: 0, final: 10, step: 1, loopDepth: 1, cumulative-num-iterations: 1000, look-ahead-ns: 6000
Called SetLoopLookahead: init: 1, final: 4, step: 1, loopDepth: 0, cumulative-num-iterations: 3, look-ahead-ns: 0
Sending b rows to 1
B matrix sent to worker:  1
Sending b rows to 2
B matrix sent to worker:  2
Sending b rows to 3
B matrix sent to worker:  3
Called SetLoopLookahead: init: 1, final: 4, step: 1, loopDepth: 0, cumulative-num-iterations: 3, look-ahead-ns: 30
Received offset = 0 from 1
Received rows = 34 from 1
Received results from task 1
Received offset = 34 from 2
Received rows = 33 from 2
Received results from task 2
Received offset = 67 from 3
Received rows = 33 from 3
Received results from task 3
MSG: 38 Done.

******************************************************
mpi_mm has started with 4 tasks.
Initializing arrays...
Called SetLoopLookahead: init: 0, final: 100, step: 1, loopDepth: 0, cumulative-num-iterations: 100, look-ahead-ns: 1500
Called SetLoopLookahead: init: 0, final: 10, step: 1, loopDepth: 1, cumulative-num-iterations: 1000, look-ahead-ns: 6000
Called SetLoopLookahead: init: 1, final: 4, step: 1, loopDepth: 0, cumulative-num-iterations: 3, look-ahead-ns: 0
Sending b rows to 1
B matrix sent to worker:  1
Sending b rows to 2
B matrix sent to worker:  2
Sending b rows to 3
B matrix sent to worker:  3
Called SetLoopLookahead: init: 1, final: 4, step: 1, loopDepth: 0, cumulative-num-iterations: 3, look-ahead-ns: 30
Received offset = 0 from 1
Received rows = 34 from 1
Received results from task 1
Received offset = 34 from 2
Received rows = 33 from 2
Received results from task 2
Received offset = 67 from 3
Received rows = 33 from 3
Received results from task 3
MSG: 39 Done.

******************************************************
mpi_mm has started with 4 tasks.
Initializing arrays...
Called SetLoopLookahead: init: 0, final: 100, step: 1, loopDepth: 0, cumulative-num-iterations: 100, look-ahead-ns: 1500
Called SetLoopLookahead: init: 0, final: 10, step: 1, loopDepth: 1, cumulative-num-iterations: 1000, look-ahead-ns: 6000
Called SetLoopLookahead: init: 1, final: 4, step: 1, loopDepth: 0, cumulative-num-iterations: 3, look-ahead-ns: 0
Sending b rows to 1
B matrix sent to worker:  1
Sending b rows to 2
B matrix sent to worker:  2
Sending b rows to 3
B matrix sent to worker:  3
Called SetLoopLookahead: init: 1, final: 4, step: 1, loopDepth: 0, cumulative-num-iterations: 3, look-ahead-ns: 30
Received offset = 0 from 1
Received rows = 34 from 1
Received results from task 1
Received offset = 34 from 2
Received rows = 33 from 2
Received results from task 2
Received offset = 67 from 3
Received rows = 33 from 3
Received results from task 3
MSG: 40 Done.

******************************************************
mpi_mm has started with 4 tasks.
Initializing arrays...
Called SetLoopLookahead: init: 0, final: 100, step: 1, loopDepth: 0, cumulative-num-iterations: 100, look-ahead-ns: 1500
Called SetLoopLookahead: init: 0, final: 10, step: 1, loopDepth: 1, cumulative-num-iterations: 1000, look-ahead-ns: 6000
Called SetLoopLookahead: init: 1, final: 4, step: 1, loopDepth: 0, cumulative-num-iterations: 3, look-ahead-ns: 0
Sending b rows to 1
B matrix sent to worker:  1
Sending b rows to 2
B matrix sent to worker:  2
Sending b rows to 3
B matrix sent to worker:  3
Called SetLoopLookahead: init: 1, final: 4, step: 1, loopDepth: 0, cumulative-num-iterations: 3, look-ahead-ns: 30
Received offset = 0 from 1
Received rows = 34 from 1
Received results from task 1
Received offset = 34 from 2
Received rows = 33 from 2
Received results from task 2
Received offset = 67 from 3
Received rows = 33 from 3
Received results from task 3
MSG: 41 Done.

******************************************************
mpi_mm has started with 4 tasks.
Initializing arrays...
Called SetLoopLookahead: init: 0, final: 100, step: 1, loopDepth: 0, cumulative-num-iterations: 100, look-ahead-ns: 1500
Called SetLoopLookahead: init: 0, final: 10, step: 1, loopDepth: 1, cumulative-num-iterations: 1000, look-ahead-ns: 6000
Called SetLoopLookahead: init: 1, final: 4, step: 1, loopDepth: 0, cumulative-num-iterations: 3, look-ahead-ns: 0
Sending b rows to 1
B matrix sent to worker:  1
Sending b rows to 2
B matrix sent to worker:  2
Sending b rows to 3
B matrix sent to worker:  3
Called SetLoopLookahead: init: 1, final: 4, step: 1, loopDepth: 0, cumulative-num-iterations: 3, look-ahead-ns: 30
Received offset = 0 from 1
Received rows = 34 from 1
Received results from task 1
Received offset = 34 from 2
Received rows = 33 from 2
Received results from task 2
Received offset = 67 from 3
Received rows = 33 from 3
Received results from task 3
MSG: 42 Done.

******************************************************
mpi_mm has started with 4 tasks.
Initializing arrays...
Called SetLoopLookahead: init: 0, final: 100, step: 1, loopDepth: 0, cumulative-num-iterations: 100, look-ahead-ns: 1500
Called SetLoopLookahead: init: 0, final: 10, step: 1, loopDepth: 1, cumulative-num-iterations: 1000, look-ahead-ns: 6000
Called SetLoopLookahead: init: 1, final: 4, step: 1, loopDepth: 0, cumulative-num-iterations: 3, look-ahead-ns: 0
Sending b rows to 1
B matrix sent to worker:  1
Sending b rows to 2
B matrix sent to worker:  2
Sending b rows to 3
B matrix sent to worker:  3
Called SetLoopLookahead: init: 1, final: 4, step: 1, loopDepth: 0, cumulative-num-iterations: 3, look-ahead-ns: 30
Received offset = 0 from 1
Received rows = 34 from 1
Received results from task 1
Received offset = 34 from 2
Received rows = 33 from 2
Received results from task 2
Received offset = 67 from 3
Received rows = 33 from 3
Received results from task 3
MSG: 43 Done.

******************************************************
mpi_mm has started with 4 tasks.
Initializing arrays...
Called SetLoopLookahead: init: 0, final: 100, step: 1, loopDepth: 0, cumulative-num-iterations: 100, look-ahead-ns: 1500
Called SetLoopLookahead: init: 0, final: 10, step: 1, loopDepth: 1, cumulative-num-iterations: 1000, look-ahead-ns: 6000
Called SetLoopLookahead: init: 1, final: 4, step: 1, loopDepth: 0, cumulative-num-iterations: 3, look-ahead-ns: 0
Sending b rows to 1
B matrix sent to worker:  1
Sending b rows to 2
B matrix sent to worker:  2
Sending b rows to 3
B matrix sent to worker:  3
Called SetLoopLookahead: init: 1, final: 4, step: 1, loopDepth: 0, cumulative-num-iterations: 3, look-ahead-ns: 30
Received offset = 0 from 1
Received rows = 34 from 1
Received results from task 1
Received offset = 34 from 2
Received rows = 33 from 2
Received results from task 2
Received offset = 67 from 3
Received rows = 33 from 3
Received results from task 3
MSG: 44 Done.

******************************************************
mpi_mm has started with 4 tasks.
Initializing arrays...
Called SetLoopLookahead: init: 0, final: 100, step: 1, loopDepth: 0, cumulative-num-iterations: 100, look-ahead-ns: 1500
Called SetLoopLookahead: init: 0, final: 10, step: 1, loopDepth: 1, cumulative-num-iterations: 1000, look-ahead-ns: 6000
Called SetLoopLookahead: init: 1, final: 4, step: 1, loopDepth: 0, cumulative-num-iterations: 3, look-ahead-ns: 0
Sending b rows to 1
B matrix sent to worker:  1
Sending b rows to 2
B matrix sent to worker:  2
Sending b rows to 3
B matrix sent to worker:  3
Called SetLoopLookahead: init: 1, final: 4, step: 1, loopDepth: 0, cumulative-num-iterations: 3, look-ahead-ns: 30
Received offset = 0 from 1
Received rows = 34 from 1
Received results from task 1
Received offset = 34 from 2
Received rows = 33 from 2
Received results from task 2
Received offset = 67 from 3
Received rows = 33 from 3
Received results from task 3
MSG: 45 Done.

******************************************************
mpi_mm has started with 4 tasks.
Initializing arrays...
Called SetLoopLookahead: init: 0, final: 100, step: 1, loopDepth: 0, cumulative-num-iterations: 100, look-ahead-ns: 1500
Called SetLoopLookahead: init: 0, final: 10, step: 1, loopDepth: 1, cumulative-num-iterations: 1000, look-ahead-ns: 6000
Called SetLoopLookahead: init: 1, final: 4, step: 1, loopDepth: 0, cumulative-num-iterations: 3, look-ahead-ns: 0
Sending b rows to 1
B matrix sent to worker:  1
Sending b rows to 2
B matrix sent to worker:  2
Sending b rows to 3
B matrix sent to worker:  3
Called SetLoopLookahead: init: 1, final: 4, step: 1, loopDepth: 0, cumulative-num-iterations: 3, look-ahead-ns: 30
Received offset = 0 from 1
Received rows = 34 from 1
Received results from task 1
Received offset = 34 from 2
Received rows = 33 from 2
Received results from task 2
Received offset = 67 from 3
Received rows = 33 from 3
Received results from task 3
MSG: 46 Done.

******************************************************
mpi_mm has started with 4 tasks.
Initializing arrays...
Called SetLoopLookahead: init: 0, final: 100, step: 1, loopDepth: 0, cumulative-num-iterations: 100, look-ahead-ns: 1500
Called SetLoopLookahead: init: 0, final: 10, step: 1, loopDepth: 1, cumulative-num-iterations: 1000, look-ahead-ns: 6000
Called SetLoopLookahead: init: 1, final: 4, step: 1, loopDepth: 0, cumulative-num-iterations: 3, look-ahead-ns: 0
Sending b rows to 1
B matrix sent to worker:  1
Sending b rows to 2
B matrix sent to worker:  2
Sending b rows to 3
B matrix sent to worker:  3
Called SetLoopLookahead: init: 1, final: 4, step: 1, loopDepth: 0, cumulative-num-iterations: 3, look-ahead-ns: 30
Received offset = 0 from 1
Received rows = 34 from 1
Received results from task 1
Received offset = 34 from 2
Received rows = 33 from 2
Received results from task 2
Received offset = 67 from 3
Received rows = 33 from 3
Received results from task 3
MSG: 47 Done.

******************************************************
mpi_mm has started with 4 tasks.
Initializing arrays...
Called SetLoopLookahead: init: 0, final: 100, step: 1, loopDepth: 0, cumulative-num-iterations: 100, look-ahead-ns: 1500
Called SetLoopLookahead: init: 0, final: 10, step: 1, loopDepth: 1, cumulative-num-iterations: 1000, look-ahead-ns: 6000
Called SetLoopLookahead: init: 1, final: 4, step: 1, loopDepth: 0, cumulative-num-iterations: 3, look-ahead-ns: 0
Sending b rows to 1
B matrix sent to worker:  1
Sending b rows to 2
B matrix sent to worker:  2
Sending b rows to 3
B matrix sent to worker:  3
Called SetLoopLookahead: init: 1, final: 4, step: 1, loopDepth: 0, cumulative-num-iterations: 3, look-ahead-ns: 30
Received offset = 0 from 1
Received rows = 34 from 1
Received results from task 1
Received offset = 34 from 2
Received rows = 33 from 2
Received results from task 2
Received offset = 67 from 3
Received rows = 33 from 3
Received results from task 3
MSG: 48 Done.

******************************************************
mpi_mm has started with 4 tasks.
Initializing arrays...
Called SetLoopLookahead: init: 0, final: 100, step: 1, loopDepth: 0, cumulative-num-iterations: 100, look-ahead-ns: 1500
Called SetLoopLookahead: init: 0, final: 10, step: 1, loopDepth: 1, cumulative-num-iterations: 1000, look-ahead-ns: 6000
Called SetLoopLookahead: init: 1, final: 4, step: 1, loopDepth: 0, cumulative-num-iterations: 3, look-ahead-ns: 0
Sending b rows to 1
B matrix sent to worker:  1
Sending b rows to 2
B matrix sent to worker:  2
Sending b rows to 3
B matrix sent to worker:  3
Called SetLoopLookahead: init: 1, final: 4, step: 1, loopDepth: 0, cumulative-num-iterations: 3, look-ahead-ns: 30
Exp finishing. Stopping stack thread with id: 6!
