Attempting to set static arp entries ...
Tracer: 2 >> Using SRC IP: 10.1.0.170 for any spawned virtual tcp-stacks
Tracer: 2 >> Updating firewall rules to drop outgoing TCP-RST packets
Attempting to set firewall rules ...
Tracer: 2 >> CMD TO RUN: /home/titan/VT-S3FNet/csudp/mpi_mm/mpi_test 1 4 10.1.0.170 > /home/titan/VT-S3FNet/experiment-data/MPI_LA_Enabled_nemus_4_mpi_mm/worker1.log
args[0] = /home/titan/VT-S3FNet/csudp/mpi_mm/mpi_test
args[1] = 1
args[2] = 4
args[3] = 10.1.0.170
Setting appropriate environment variables ...
HOME DIRECTORY : /home/titan
Parsing TTN config file: /home/titan/.ttn/projects.db
Setting VT_L1_INS_CACHE_MISS_CYCLES to: 100
Setting VT_L1_INS_CACHE_LINES to: 64
Setting VT_L1_INS_CACHE_SIZE_KB to: 32
Setting VT_L1_INS_CACHE_ASSOC to: 8
Setting VT_L1_INS_CACHE_REPLACEMENT_POLICY to: LRU
Setting VT_L1_DATA_CACHE_MISS_CYCLES to: 100
Setting VT_L1_DATA_CACHE_LINES to: 64
Setting VT_L1_DATA_CACHE_SIZE_KB to: 32
Setting VT_L1_DATA_CACHE_ASSOC to: 8
Setting VT_L1_DATA_CACHE_REPLACEMENT_POLICY to: LRU
Setting VT_CPU_CYLES_NS to: 1.000000
Setting VT_NIC_SPEED_MBPS to: 1000.000000
Setting VT_TIMING_MODEL to: EMPIRICAL
Setting VT_BBL_LOOKAHEAD_FILE to: /home/titan/VT-S3FNet/csudp/mpi_mm/.ttn/lookahead/bbl_lookahead.info
Setting VT_LOOP_LOOKAHEAD_FILE to: /home/titan/VT-S3FNet/csudp/mpi_mm/.ttn/lookahead/loop_lookahead.info
Starting command: /home/titan/VT-S3FNet/csudp/mpi_mm/mpi_test
Loading orig functions !
Starting executable with Pid = 6
Loading pointers to VTL Logic functions
Loaded pointers to all VTL Logic functions
Now Initializing VT-Management 
Extracting env variables !
Extracted tracer-id: 2
Extracted exp-type: 2
Extracted cpu-cycles-ns: 1.000000
Extracted socket-layer-ip: -1442840310
Starting VT-initialization !
Tracer-ID: 2, Timeline-ID: 2
Tracer registration for EXP_CS complete. TimelineID = 2, Return = 2
Tracer Adding to SQ. Tracer ID = 2
Parsing any provided lookahead information ...
Opening file: /home/titan/VT-S3FNet/csudp/mpi_mm/.ttn/lookahead/bbl_lookahead.info
File size: 312
mapped memblock size: 312
Finish offset: 35, Number of values: 35
Returning success !
Loaded BBL lookaheads for 35 basic blocks ...
Opening file: /home/titan/VT-S3FNet/csudp/mpi_mm/.ttn/lookahead/loop_lookahead.info
File size: 120
mapped memblock size: 120
Finish offset: 11, Number of values: 11
Returning success !
Loaded Loop lookaheads for 11 loops ...
VT initialization successfull !
Finished Initializing VT-Management 
Initializing TCP-stack ...
TCP stack unique-id: 26
Starting virtual socket layer stack-thread !
Pthread_create: vtStackThread special case
Successfully initialized VTL-Logic embedded into the executable

------------------------- ACTUAL STDOUT FROM EXECUTABLE STARTS -----------------------------

Rank = 1, Total = 4, IP = 10.1.0.170
Adding new vt-tcp-socket !
Creating vt-tcp socket !
bind through vt-tcp !
Server socket bound to ip:port: 10.1.0.170:10000
Waiting for OK message from other nodes !
Waiting for OK message !
listen through vt-tcp !
Accept through vt-tcp !
Successfully received OK message !
listen through vt-tcp !
Accepting connection from higher ranked node: 3
Accept through vt-tcp !
Successfully connected with higher ranked node: 3
listen through vt-tcp !
Accepting connection from higher ranked node: 2
Accept through vt-tcp !
Successfully connected with higher ranked node: 2
Closing server socket: 4097
Clearing all tcp timers !
TCP-done for socket: 4097, err: -103
Adding new vt-tcp-socket !
Creating vt-tcp socket !
Connecting to lower ranked node: 0 at 10.1.0.166:10000
Connecting .. Socket: 4101, src-port: 40001
Socket: 4097 garbage collection
Freeing socket: 4097
Waking up connected socket !
Socket connect success. socket = 4101
Connecting through vt-tcp success !
Successfully connected to lower ranked node: 0 at 10.1.0.166:10000
Adding new Thread: 8
Resuming new Thread with Burst of length: 2000
Matrix A partition received from master !

******************************************************
Rx matrix-b from master 
Called SetLoopLookahead: init: 0, final: 1000, step: 1, loopDepth: 0, cumulative-num-iterations: 1000, look-ahead-ns: 12000
Called SetLoopLookahead: init: 0, final: 10, step: 1, loopDepth: 1, cumulative-num-iterations: 10000, look-ahead-ns: 0
Called SetLoopLookahead: init: 0, final: 34, step: 1, loopDepth: 2, cumulative-num-iterations: 340000, look-ahead-ns: 5780000
Called SetLoopLookahead: init: 0, final: 100, step: 1, loopDepth: 3, cumulative-num-iterations: 34000000, look-ahead-ns: 204000000
Sending offset = 0 to master !
Sending rows = 34 to master !
Sending all rows to master!
Sent results to master 
MSG: 1 Done.

******************************************************
Rx matrix-b from master 
Called SetLoopLookahead: init: 0, final: 1000, step: 1, loopDepth: 0, cumulative-num-iterations: 1000, look-ahead-ns: 12000
Called SetLoopLookahead: init: 0, final: 10, step: 1, loopDepth: 1, cumulative-num-iterations: 10000, look-ahead-ns: 0
Called SetLoopLookahead: init: 0, final: 34, step: 1, loopDepth: 2, cumulative-num-iterations: 340000, look-ahead-ns: 5780000
Called SetLoopLookahead: init: 0, final: 100, step: 1, loopDepth: 3, cumulative-num-iterations: 34000000, look-ahead-ns: 204000000
Sending offset = 0 to master !
Sending rows = 34 to master !
Sending all rows to master!
Sent results to master 
MSG: 2 Done.

******************************************************
Rx matrix-b from master 
Called SetLoopLookahead: init: 0, final: 1000, step: 1, loopDepth: 0, cumulative-num-iterations: 1000, look-ahead-ns: 12000
Called SetLoopLookahead: init: 0, final: 10, step: 1, loopDepth: 1, cumulative-num-iterations: 10000, look-ahead-ns: 0
Called SetLoopLookahead: init: 0, final: 34, step: 1, loopDepth: 2, cumulative-num-iterations: 340000, look-ahead-ns: 5780000
Called SetLoopLookahead: init: 0, final: 100, step: 1, loopDepth: 3, cumulative-num-iterations: 34000000, look-ahead-ns: 204000000
Sending offset = 0 to master !
Sending rows = 34 to master !
Sending all rows to master!
Sent results to master 
MSG: 3 Done.

******************************************************
Rx matrix-b from master 
Called SetLoopLookahead: init: 0, final: 1000, step: 1, loopDepth: 0, cumulative-num-iterations: 1000, look-ahead-ns: 12000
Called SetLoopLookahead: init: 0, final: 10, step: 1, loopDepth: 1, cumulative-num-iterations: 10000, look-ahead-ns: 0
Called SetLoopLookahead: init: 0, final: 34, step: 1, loopDepth: 2, cumulative-num-iterations: 340000, look-ahead-ns: 5780000
Called SetLoopLookahead: init: 0, final: 100, step: 1, loopDepth: 3, cumulative-num-iterations: 34000000, look-ahead-ns: 204000000
Sending offset = 0 to master !
Sending rows = 34 to master !
Sending all rows to master!
Sent results to master 
MSG: 4 Done.

******************************************************
Rx matrix-b from master 
Called SetLoopLookahead: init: 0, final: 1000, step: 1, loopDepth: 0, cumulative-num-iterations: 1000, look-ahead-ns: 12000
Called SetLoopLookahead: init: 0, final: 10, step: 1, loopDepth: 1, cumulative-num-iterations: 10000, look-ahead-ns: 0
Called SetLoopLookahead: init: 0, final: 34, step: 1, loopDepth: 2, cumulative-num-iterations: 340000, look-ahead-ns: 5780000
Called SetLoopLookahead: init: 0, final: 100, step: 1, loopDepth: 3, cumulative-num-iterations: 34000000, look-ahead-ns: 204000000
Sending offset = 0 to master !
Sending rows = 34 to master !
Sending all rows to master!
Sent results to master 
MSG: 5 Done.

******************************************************
Rx matrix-b from master 
Called SetLoopLookahead: init: 0, final: 1000, step: 1, loopDepth: 0, cumulative-num-iterations: 1000, look-ahead-ns: 12000
Called SetLoopLookahead: init: 0, final: 10, step: 1, loopDepth: 1, cumulative-num-iterations: 10000, look-ahead-ns: 0
Called SetLoopLookahead: init: 0, final: 34, step: 1, loopDepth: 2, cumulative-num-iterations: 340000, look-ahead-ns: 5780000
Called SetLoopLookahead: init: 0, final: 100, step: 1, loopDepth: 3, cumulative-num-iterations: 34000000, look-ahead-ns: 204000000
Sending offset = 0 to master !
Sending rows = 34 to master !
Sending all rows to master!
Sent results to master 
MSG: 6 Done.

******************************************************
Rx matrix-b from master 
Called SetLoopLookahead: init: 0, final: 1000, step: 1, loopDepth: 0, cumulative-num-iterations: 1000, look-ahead-ns: 12000
Called SetLoopLookahead: init: 0, final: 10, step: 1, loopDepth: 1, cumulative-num-iterations: 10000, look-ahead-ns: 0
Called SetLoopLookahead: init: 0, final: 34, step: 1, loopDepth: 2, cumulative-num-iterations: 340000, look-ahead-ns: 5780000
Called SetLoopLookahead: init: 0, final: 100, step: 1, loopDepth: 3, cumulative-num-iterations: 34000000, look-ahead-ns: 204000000
Sending offset = 0 to master !
Sending rows = 34 to master !
Sending all rows to master!
Sent results to master 
MSG: 7 Done.

******************************************************
Rx matrix-b from master 
Called SetLoopLookahead: init: 0, final: 1000, step: 1, loopDepth: 0, cumulative-num-iterations: 1000, look-ahead-ns: 12000
Called SetLoopLookahead: init: 0, final: 10, step: 1, loopDepth: 1, cumulative-num-iterations: 10000, look-ahead-ns: 0
Called SetLoopLookahead: init: 0, final: 34, step: 1, loopDepth: 2, cumulative-num-iterations: 340000, look-ahead-ns: 5780000
Called SetLoopLookahead: init: 0, final: 100, step: 1, loopDepth: 3, cumulative-num-iterations: 34000000, look-ahead-ns: 204000000
Sending offset = 0 to master !
Sending rows = 34 to master !
Sending all rows to master!
Sent results to master 
MSG: 8 Done.

******************************************************
Rx matrix-b from master 
Called SetLoopLookahead: init: 0, final: 1000, step: 1, loopDepth: 0, cumulative-num-iterations: 1000, look-ahead-ns: 12000
Called SetLoopLookahead: init: 0, final: 10, step: 1, loopDepth: 1, cumulative-num-iterations: 10000, look-ahead-ns: 0
Called SetLoopLookahead: init: 0, final: 34, step: 1, loopDepth: 2, cumulative-num-iterations: 340000, look-ahead-ns: 5780000
Called SetLoopLookahead: init: 0, final: 100, step: 1, loopDepth: 3, cumulative-num-iterations: 34000000, look-ahead-ns: 204000000
Sending offset = 0 to master !
Sending rows = 34 to master !
Sending all rows to master!
Sent results to master 
MSG: 9 Done.

******************************************************
Rx matrix-b from master 
Called SetLoopLookahead: init: 0, final: 1000, step: 1, loopDepth: 0, cumulative-num-iterations: 1000, look-ahead-ns: 12000
Called SetLoopLookahead: init: 0, final: 10, step: 1, loopDepth: 1, cumulative-num-iterations: 10000, look-ahead-ns: 0
Called SetLoopLookahead: init: 0, final: 34, step: 1, loopDepth: 2, cumulative-num-iterations: 340000, look-ahead-ns: 5780000
Called SetLoopLookahead: init: 0, final: 100, step: 1, loopDepth: 3, cumulative-num-iterations: 34000000, look-ahead-ns: 204000000
Sending offset = 0 to master !
Sending rows = 34 to master !
Sending all rows to master!
Sent results to master 
MSG: 10 Done.

******************************************************
Rx matrix-b from master 
Called SetLoopLookahead: init: 0, final: 1000, step: 1, loopDepth: 0, cumulative-num-iterations: 1000, look-ahead-ns: 12000
Called SetLoopLookahead: init: 0, final: 10, step: 1, loopDepth: 1, cumulative-num-iterations: 10000, look-ahead-ns: 0
Called SetLoopLookahead: init: 0, final: 34, step: 1, loopDepth: 2, cumulative-num-iterations: 340000, look-ahead-ns: 5780000
Called SetLoopLookahead: init: 0, final: 100, step: 1, loopDepth: 3, cumulative-num-iterations: 34000000, look-ahead-ns: 204000000
Sending offset = 0 to master !
Sending rows = 34 to master !
Sending all rows to master!
Sent results to master 
MSG: 11 Done.

******************************************************
Rx matrix-b from master 
Called SetLoopLookahead: init: 0, final: 1000, step: 1, loopDepth: 0, cumulative-num-iterations: 1000, look-ahead-ns: 12000
Called SetLoopLookahead: init: 0, final: 10, step: 1, loopDepth: 1, cumulative-num-iterations: 10000, look-ahead-ns: 0
Called SetLoopLookahead: init: 0, final: 34, step: 1, loopDepth: 2, cumulative-num-iterations: 340000, look-ahead-ns: 5780000
Called SetLoopLookahead: init: 0, final: 100, step: 1, loopDepth: 3, cumulative-num-iterations: 34000000, look-ahead-ns: 204000000
Sending offset = 0 to master !
Sending rows = 34 to master !
Sending all rows to master!
Sent results to master 
MSG: 12 Done.

******************************************************
Rx matrix-b from master 
Called SetLoopLookahead: init: 0, final: 1000, step: 1, loopDepth: 0, cumulative-num-iterations: 1000, look-ahead-ns: 12000
Called SetLoopLookahead: init: 0, final: 10, step: 1, loopDepth: 1, cumulative-num-iterations: 10000, look-ahead-ns: 0
Called SetLoopLookahead: init: 0, final: 34, step: 1, loopDepth: 2, cumulative-num-iterations: 340000, look-ahead-ns: 5780000
Called SetLoopLookahead: init: 0, final: 100, step: 1, loopDepth: 3, cumulative-num-iterations: 34000000, look-ahead-ns: 204000000
Sending offset = 0 to master !
Sending rows = 34 to master !
Sending all rows to master!
Sent results to master 
MSG: 13 Done.

******************************************************
Rx matrix-b from master 
Called SetLoopLookahead: init: 0, final: 1000, step: 1, loopDepth: 0, cumulative-num-iterations: 1000, look-ahead-ns: 12000
Called SetLoopLookahead: init: 0, final: 10, step: 1, loopDepth: 1, cumulative-num-iterations: 10000, look-ahead-ns: 0
Called SetLoopLookahead: init: 0, final: 34, step: 1, loopDepth: 2, cumulative-num-iterations: 340000, look-ahead-ns: 5780000
Called SetLoopLookahead: init: 0, final: 100, step: 1, loopDepth: 3, cumulative-num-iterations: 34000000, look-ahead-ns: 204000000
Sending offset = 0 to master !
Sending rows = 34 to master !
Sending all rows to master!
Sent results to master 
MSG: 14 Done.

******************************************************
Rx matrix-b from master 
Called SetLoopLookahead: init: 0, final: 1000, step: 1, loopDepth: 0, cumulative-num-iterations: 1000, look-ahead-ns: 12000
Called SetLoopLookahead: init: 0, final: 10, step: 1, loopDepth: 1, cumulative-num-iterations: 10000, look-ahead-ns: 0
Called SetLoopLookahead: init: 0, final: 34, step: 1, loopDepth: 2, cumulative-num-iterations: 340000, look-ahead-ns: 5780000
Called SetLoopLookahead: init: 0, final: 100, step: 1, loopDepth: 3, cumulative-num-iterations: 34000000, look-ahead-ns: 204000000
Sending offset = 0 to master !
Sending rows = 34 to master !
Sending all rows to master!
Sent results to master 
MSG: 15 Done.

******************************************************
Rx matrix-b from master 
Called SetLoopLookahead: init: 0, final: 1000, step: 1, loopDepth: 0, cumulative-num-iterations: 1000, look-ahead-ns: 12000
Called SetLoopLookahead: init: 0, final: 10, step: 1, loopDepth: 1, cumulative-num-iterations: 10000, look-ahead-ns: 0
Called SetLoopLookahead: init: 0, final: 34, step: 1, loopDepth: 2, cumulative-num-iterations: 340000, look-ahead-ns: 5780000
Called SetLoopLookahead: init: 0, final: 100, step: 1, loopDepth: 3, cumulative-num-iterations: 34000000, look-ahead-ns: 204000000
Sending offset = 0 to master !
Sending rows = 34 to master !
Sending all rows to master!
Sent results to master 
MSG: 16 Done.

******************************************************
Rx matrix-b from master 
Called SetLoopLookahead: init: 0, final: 1000, step: 1, loopDepth: 0, cumulative-num-iterations: 1000, look-ahead-ns: 12000
Called SetLoopLookahead: init: 0, final: 10, step: 1, loopDepth: 1, cumulative-num-iterations: 10000, look-ahead-ns: 0
Called SetLoopLookahead: init: 0, final: 34, step: 1, loopDepth: 2, cumulative-num-iterations: 340000, look-ahead-ns: 5780000
Called SetLoopLookahead: init: 0, final: 100, step: 1, loopDepth: 3, cumulative-num-iterations: 34000000, look-ahead-ns: 204000000
Sending offset = 0 to master !
Sending rows = 34 to master !
Sending all rows to master!
Sent results to master 
MSG: 17 Done.

******************************************************
Rx matrix-b from master 
Called SetLoopLookahead: init: 0, final: 1000, step: 1, loopDepth: 0, cumulative-num-iterations: 1000, look-ahead-ns: 12000
Called SetLoopLookahead: init: 0, final: 10, step: 1, loopDepth: 1, cumulative-num-iterations: 10000, look-ahead-ns: 0
Called SetLoopLookahead: init: 0, final: 34, step: 1, loopDepth: 2, cumulative-num-iterations: 340000, look-ahead-ns: 5780000
Called SetLoopLookahead: init: 0, final: 100, step: 1, loopDepth: 3, cumulative-num-iterations: 34000000, look-ahead-ns: 204000000
Sending offset = 0 to master !
Sending rows = 34 to master !
Sending all rows to master!
Sent results to master 
MSG: 18 Done.

******************************************************
Rx matrix-b from master 
Called SetLoopLookahead: init: 0, final: 1000, step: 1, loopDepth: 0, cumulative-num-iterations: 1000, look-ahead-ns: 12000
Called SetLoopLookahead: init: 0, final: 10, step: 1, loopDepth: 1, cumulative-num-iterations: 10000, look-ahead-ns: 0
Called SetLoopLookahead: init: 0, final: 34, step: 1, loopDepth: 2, cumulative-num-iterations: 340000, look-ahead-ns: 5780000
Called SetLoopLookahead: init: 0, final: 100, step: 1, loopDepth: 3, cumulative-num-iterations: 34000000, look-ahead-ns: 204000000
Sending offset = 0 to master !
Sending rows = 34 to master !
Sending all rows to master!
Sent results to master 
MSG: 19 Done.

******************************************************
Rx matrix-b from master 
Called SetLoopLookahead: init: 0, final: 1000, step: 1, loopDepth: 0, cumulative-num-iterations: 1000, look-ahead-ns: 12000
Called SetLoopLookahead: init: 0, final: 10, step: 1, loopDepth: 1, cumulative-num-iterations: 10000, look-ahead-ns: 0
Called SetLoopLookahead: init: 0, final: 34, step: 1, loopDepth: 2, cumulative-num-iterations: 340000, look-ahead-ns: 5780000
Called SetLoopLookahead: init: 0, final: 100, step: 1, loopDepth: 3, cumulative-num-iterations: 34000000, look-ahead-ns: 204000000
Sending offset = 0 to master !
Sending rows = 34 to master !
Sending all rows to master!
Sent results to master 
MSG: 20 Done.

******************************************************
Rx matrix-b from master 
Called SetLoopLookahead: init: 0, final: 1000, step: 1, loopDepth: 0, cumulative-num-iterations: 1000, look-ahead-ns: 12000
Called SetLoopLookahead: init: 0, final: 10, step: 1, loopDepth: 1, cumulative-num-iterations: 10000, look-ahead-ns: 0
Called SetLoopLookahead: init: 0, final: 34, step: 1, loopDepth: 2, cumulative-num-iterations: 340000, look-ahead-ns: 5780000
Called SetLoopLookahead: init: 0, final: 100, step: 1, loopDepth: 3, cumulative-num-iterations: 34000000, look-ahead-ns: 204000000
Sending offset = 0 to master !
Sending rows = 34 to master !
Sending all rows to master!
Sent results to master 
MSG: 21 Done.

******************************************************
Rx matrix-b from master 
Called SetLoopLookahead: init: 0, final: 1000, step: 1, loopDepth: 0, cumulative-num-iterations: 1000, look-ahead-ns: 12000
Called SetLoopLookahead: init: 0, final: 10, step: 1, loopDepth: 1, cumulative-num-iterations: 10000, look-ahead-ns: 0
Called SetLoopLookahead: init: 0, final: 34, step: 1, loopDepth: 2, cumulative-num-iterations: 340000, look-ahead-ns: 5780000
Called SetLoopLookahead: init: 0, final: 100, step: 1, loopDepth: 3, cumulative-num-iterations: 34000000, look-ahead-ns: 204000000
Sending offset = 0 to master !
Sending rows = 34 to master !
Sending all rows to master!
Sent results to master 
MSG: 22 Done.

******************************************************
Rx matrix-b from master 
Called SetLoopLookahead: init: 0, final: 1000, step: 1, loopDepth: 0, cumulative-num-iterations: 1000, look-ahead-ns: 12000
Called SetLoopLookahead: init: 0, final: 10, step: 1, loopDepth: 1, cumulative-num-iterations: 10000, look-ahead-ns: 0
Called SetLoopLookahead: init: 0, final: 34, step: 1, loopDepth: 2, cumulative-num-iterations: 340000, look-ahead-ns: 5780000
Called SetLoopLookahead: init: 0, final: 100, step: 1, loopDepth: 3, cumulative-num-iterations: 34000000, look-ahead-ns: 204000000
Sending offset = 0 to master !
Sending rows = 34 to master !
Sending all rows to master!
Sent results to master 
MSG: 23 Done.

******************************************************
Rx matrix-b from master 
Called SetLoopLookahead: init: 0, final: 1000, step: 1, loopDepth: 0, cumulative-num-iterations: 1000, look-ahead-ns: 12000
Called SetLoopLookahead: init: 0, final: 10, step: 1, loopDepth: 1, cumulative-num-iterations: 10000, look-ahead-ns: 0
Called SetLoopLookahead: init: 0, final: 34, step: 1, loopDepth: 2, cumulative-num-iterations: 340000, look-ahead-ns: 5780000
Called SetLoopLookahead: init: 0, final: 100, step: 1, loopDepth: 3, cumulative-num-iterations: 34000000, look-ahead-ns: 204000000
Sending offset = 0 to master !
Sending rows = 34 to master !
Sending all rows to master!
Sent results to master 
MSG: 24 Done.

******************************************************
Rx matrix-b from master 
Called SetLoopLookahead: init: 0, final: 1000, step: 1, loopDepth: 0, cumulative-num-iterations: 1000, look-ahead-ns: 12000
Called SetLoopLookahead: init: 0, final: 10, step: 1, loopDepth: 1, cumulative-num-iterations: 10000, look-ahead-ns: 0
Called SetLoopLookahead: init: 0, final: 34, step: 1, loopDepth: 2, cumulative-num-iterations: 340000, look-ahead-ns: 5780000
Called SetLoopLookahead: init: 0, final: 100, step: 1, loopDepth: 3, cumulative-num-iterations: 34000000, look-ahead-ns: 204000000
Sending offset = 0 to master !
Sending rows = 34 to master !
Sending all rows to master!
Sent results to master 
MSG: 25 Done.

******************************************************
Rx matrix-b from master 
Called SetLoopLookahead: init: 0, final: 1000, step: 1, loopDepth: 0, cumulative-num-iterations: 1000, look-ahead-ns: 12000
Called SetLoopLookahead: init: 0, final: 10, step: 1, loopDepth: 1, cumulative-num-iterations: 10000, look-ahead-ns: 0
Called SetLoopLookahead: init: 0, final: 34, step: 1, loopDepth: 2, cumulative-num-iterations: 340000, look-ahead-ns: 5780000
Called SetLoopLookahead: init: 0, final: 100, step: 1, loopDepth: 3, cumulative-num-iterations: 34000000, look-ahead-ns: 204000000
Sending offset = 0 to master !
Sending rows = 34 to master !
Sending all rows to master!
Sent results to master 
MSG: 26 Done.

******************************************************
Rx matrix-b from master 
Called SetLoopLookahead: init: 0, final: 1000, step: 1, loopDepth: 0, cumulative-num-iterations: 1000, look-ahead-ns: 12000
Called SetLoopLookahead: init: 0, final: 10, step: 1, loopDepth: 1, cumulative-num-iterations: 10000, look-ahead-ns: 0
Called SetLoopLookahead: init: 0, final: 34, step: 1, loopDepth: 2, cumulative-num-iterations: 340000, look-ahead-ns: 5780000
Called SetLoopLookahead: init: 0, final: 100, step: 1, loopDepth: 3, cumulative-num-iterations: 34000000, look-ahead-ns: 204000000
Sending offset = 0 to master !
Sending rows = 34 to master !
Sending all rows to master!
Sent results to master 
MSG: 27 Done.

******************************************************
Rx matrix-b from master 
Called SetLoopLookahead: init: 0, final: 1000, step: 1, loopDepth: 0, cumulative-num-iterations: 1000, look-ahead-ns: 12000
Called SetLoopLookahead: init: 0, final: 10, step: 1, loopDepth: 1, cumulative-num-iterations: 10000, look-ahead-ns: 0
Called SetLoopLookahead: init: 0, final: 34, step: 1, loopDepth: 2, cumulative-num-iterations: 340000, look-ahead-ns: 5780000
Called SetLoopLookahead: init: 0, final: 100, step: 1, loopDepth: 3, cumulative-num-iterations: 34000000, look-ahead-ns: 204000000
Sending offset = 0 to master !
Sending rows = 34 to master !
Sending all rows to master!
Sent results to master 
MSG: 28 Done.

******************************************************
Rx matrix-b from master 
Called SetLoopLookahead: init: 0, final: 1000, step: 1, loopDepth: 0, cumulative-num-iterations: 1000, look-ahead-ns: 12000
Called SetLoopLookahead: init: 0, final: 10, step: 1, loopDepth: 1, cumulative-num-iterations: 10000, look-ahead-ns: 0
Called SetLoopLookahead: init: 0, final: 34, step: 1, loopDepth: 2, cumulative-num-iterations: 340000, look-ahead-ns: 5780000
Called SetLoopLookahead: init: 0, final: 100, step: 1, loopDepth: 3, cumulative-num-iterations: 34000000, look-ahead-ns: 204000000
Sending offset = 0 to master !
Sending rows = 34 to master !
Sending all rows to master!
Sent results to master 
MSG: 29 Done.

******************************************************
Rx matrix-b from master 
Called SetLoopLookahead: init: 0, final: 1000, step: 1, loopDepth: 0, cumulative-num-iterations: 1000, look-ahead-ns: 12000
Called SetLoopLookahead: init: 0, final: 10, step: 1, loopDepth: 1, cumulative-num-iterations: 10000, look-ahead-ns: 0
Called SetLoopLookahead: init: 0, final: 34, step: 1, loopDepth: 2, cumulative-num-iterations: 340000, look-ahead-ns: 5780000
Called SetLoopLookahead: init: 0, final: 100, step: 1, loopDepth: 3, cumulative-num-iterations: 34000000, look-ahead-ns: 204000000
Sending offset = 0 to master !
Sending rows = 34 to master !
Sending all rows to master!
Sent results to master 
MSG: 30 Done.

******************************************************
Rx matrix-b from master 
Called SetLoopLookahead: init: 0, final: 1000, step: 1, loopDepth: 0, cumulative-num-iterations: 1000, look-ahead-ns: 12000
Called SetLoopLookahead: init: 0, final: 10, step: 1, loopDepth: 1, cumulative-num-iterations: 10000, look-ahead-ns: 0
Called SetLoopLookahead: init: 0, final: 34, step: 1, loopDepth: 2, cumulative-num-iterations: 340000, look-ahead-ns: 5780000
Called SetLoopLookahead: init: 0, final: 100, step: 1, loopDepth: 3, cumulative-num-iterations: 34000000, look-ahead-ns: 204000000
Sending offset = 0 to master !
Sending rows = 34 to master !
Sending all rows to master!
Sent results to master 
MSG: 31 Done.

******************************************************
Rx matrix-b from master 
Called SetLoopLookahead: init: 0, final: 1000, step: 1, loopDepth: 0, cumulative-num-iterations: 1000, look-ahead-ns: 12000
Called SetLoopLookahead: init: 0, final: 10, step: 1, loopDepth: 1, cumulative-num-iterations: 10000, look-ahead-ns: 0
Called SetLoopLookahead: init: 0, final: 34, step: 1, loopDepth: 2, cumulative-num-iterations: 340000, look-ahead-ns: 5780000
Called SetLoopLookahead: init: 0, final: 100, step: 1, loopDepth: 3, cumulative-num-iterations: 34000000, look-ahead-ns: 204000000
Sending offset = 0 to master !
Sending rows = 34 to master !
Sending all rows to master!
Sent results to master 
MSG: 32 Done.

******************************************************
Rx matrix-b from master 
Called SetLoopLookahead: init: 0, final: 1000, step: 1, loopDepth: 0, cumulative-num-iterations: 1000, look-ahead-ns: 12000
Called SetLoopLookahead: init: 0, final: 10, step: 1, loopDepth: 1, cumulative-num-iterations: 10000, look-ahead-ns: 0
Called SetLoopLookahead: init: 0, final: 34, step: 1, loopDepth: 2, cumulative-num-iterations: 340000, look-ahead-ns: 5780000
Called SetLoopLookahead: init: 0, final: 100, step: 1, loopDepth: 3, cumulative-num-iterations: 34000000, look-ahead-ns: 204000000
Sending offset = 0 to master !
Sending rows = 34 to master !
Sending all rows to master!
Sent results to master 
MSG: 33 Done.

******************************************************
Rx matrix-b from master 
Called SetLoopLookahead: init: 0, final: 1000, step: 1, loopDepth: 0, cumulative-num-iterations: 1000, look-ahead-ns: 12000
Called SetLoopLookahead: init: 0, final: 10, step: 1, loopDepth: 1, cumulative-num-iterations: 10000, look-ahead-ns: 0
Called SetLoopLookahead: init: 0, final: 34, step: 1, loopDepth: 2, cumulative-num-iterations: 340000, look-ahead-ns: 5780000
Called SetLoopLookahead: init: 0, final: 100, step: 1, loopDepth: 3, cumulative-num-iterations: 34000000, look-ahead-ns: 204000000
Sending offset = 0 to master !
Sending rows = 34 to master !
Sending all rows to master!
Sent results to master 
MSG: 34 Done.

******************************************************
Rx matrix-b from master 
Called SetLoopLookahead: init: 0, final: 1000, step: 1, loopDepth: 0, cumulative-num-iterations: 1000, look-ahead-ns: 12000
Called SetLoopLookahead: init: 0, final: 10, step: 1, loopDepth: 1, cumulative-num-iterations: 10000, look-ahead-ns: 0
Called SetLoopLookahead: init: 0, final: 34, step: 1, loopDepth: 2, cumulative-num-iterations: 340000, look-ahead-ns: 5780000
Called SetLoopLookahead: init: 0, final: 100, step: 1, loopDepth: 3, cumulative-num-iterations: 34000000, look-ahead-ns: 204000000
Sending offset = 0 to master !
Sending rows = 34 to master !
Sending all rows to master!
Sent results to master 
MSG: 35 Done.

******************************************************
Rx matrix-b from master 
Called SetLoopLookahead: init: 0, final: 1000, step: 1, loopDepth: 0, cumulative-num-iterations: 1000, look-ahead-ns: 12000
Called SetLoopLookahead: init: 0, final: 10, step: 1, loopDepth: 1, cumulative-num-iterations: 10000, look-ahead-ns: 0
Called SetLoopLookahead: init: 0, final: 34, step: 1, loopDepth: 2, cumulative-num-iterations: 340000, look-ahead-ns: 5780000
Called SetLoopLookahead: init: 0, final: 100, step: 1, loopDepth: 3, cumulative-num-iterations: 34000000, look-ahead-ns: 204000000
Sending offset = 0 to master !
Sending rows = 34 to master !
Sending all rows to master!
Sent results to master 
MSG: 36 Done.

******************************************************
Rx matrix-b from master 
Called SetLoopLookahead: init: 0, final: 1000, step: 1, loopDepth: 0, cumulative-num-iterations: 1000, look-ahead-ns: 12000
Called SetLoopLookahead: init: 0, final: 10, step: 1, loopDepth: 1, cumulative-num-iterations: 10000, look-ahead-ns: 0
Called SetLoopLookahead: init: 0, final: 34, step: 1, loopDepth: 2, cumulative-num-iterations: 340000, look-ahead-ns: 5780000
Called SetLoopLookahead: init: 0, final: 100, step: 1, loopDepth: 3, cumulative-num-iterations: 34000000, look-ahead-ns: 204000000
Sending offset = 0 to master !
Sending rows = 34 to master !
Sending all rows to master!
Sent results to master 
MSG: 37 Done.

******************************************************
Rx matrix-b from master 
Called SetLoopLookahead: init: 0, final: 1000, step: 1, loopDepth: 0, cumulative-num-iterations: 1000, look-ahead-ns: 12000
Called SetLoopLookahead: init: 0, final: 10, step: 1, loopDepth: 1, cumulative-num-iterations: 10000, look-ahead-ns: 0
Called SetLoopLookahead: init: 0, final: 34, step: 1, loopDepth: 2, cumulative-num-iterations: 340000, look-ahead-ns: 5780000
Called SetLoopLookahead: init: 0, final: 100, step: 1, loopDepth: 3, cumulative-num-iterations: 34000000, look-ahead-ns: 204000000
Sending offset = 0 to master !
Sending rows = 34 to master !
Sending all rows to master!
Sent results to master 
MSG: 38 Done.

******************************************************
Rx matrix-b from master 
Called SetLoopLookahead: init: 0, final: 1000, step: 1, loopDepth: 0, cumulative-num-iterations: 1000, look-ahead-ns: 12000
Called SetLoopLookahead: init: 0, final: 10, step: 1, loopDepth: 1, cumulative-num-iterations: 10000, look-ahead-ns: 0
Called SetLoopLookahead: init: 0, final: 34, step: 1, loopDepth: 2, cumulative-num-iterations: 340000, look-ahead-ns: 5780000
Called SetLoopLookahead: init: 0, final: 100, step: 1, loopDepth: 3, cumulative-num-iterations: 34000000, look-ahead-ns: 204000000
Sending offset = 0 to master !
Sending rows = 34 to master !
Sending all rows to master!
Sent results to master 
MSG: 39 Done.

******************************************************
Rx matrix-b from master 
Called SetLoopLookahead: init: 0, final: 1000, step: 1, loopDepth: 0, cumulative-num-iterations: 1000, look-ahead-ns: 12000
Called SetLoopLookahead: init: 0, final: 10, step: 1, loopDepth: 1, cumulative-num-iterations: 10000, look-ahead-ns: 0
Called SetLoopLookahead: init: 0, final: 34, step: 1, loopDepth: 2, cumulative-num-iterations: 340000, look-ahead-ns: 5780000
Called SetLoopLookahead: init: 0, final: 100, step: 1, loopDepth: 3, cumulative-num-iterations: 34000000, look-ahead-ns: 204000000
Sending offset = 0 to master !
Sending rows = 34 to master !
Sending all rows to master!
Sent results to master 
MSG: 40 Done.

******************************************************
Rx matrix-b from master 
Called SetLoopLookahead: init: 0, final: 1000, step: 1, loopDepth: 0, cumulative-num-iterations: 1000, look-ahead-ns: 12000
Called SetLoopLookahead: init: 0, final: 10, step: 1, loopDepth: 1, cumulative-num-iterations: 10000, look-ahead-ns: 0
Called SetLoopLookahead: init: 0, final: 34, step: 1, loopDepth: 2, cumulative-num-iterations: 340000, look-ahead-ns: 5780000
Called SetLoopLookahead: init: 0, final: 100, step: 1, loopDepth: 3, cumulative-num-iterations: 34000000, look-ahead-ns: 204000000
Sending offset = 0 to master !
Sending rows = 34 to master !
Sending all rows to master!
Sent results to master 
MSG: 41 Done.

******************************************************
Rx matrix-b from master 
Called SetLoopLookahead: init: 0, final: 1000, step: 1, loopDepth: 0, cumulative-num-iterations: 1000, look-ahead-ns: 12000
Called SetLoopLookahead: init: 0, final: 10, step: 1, loopDepth: 1, cumulative-num-iterations: 10000, look-ahead-ns: 0
Called SetLoopLookahead: init: 0, final: 34, step: 1, loopDepth: 2, cumulative-num-iterations: 340000, look-ahead-ns: 5780000
Called SetLoopLookahead: init: 0, final: 100, step: 1, loopDepth: 3, cumulative-num-iterations: 34000000, look-ahead-ns: 204000000
Sending offset = 0 to master !
Sending rows = 34 to master !
Sending all rows to master!
Sent results to master 
MSG: 42 Done.

******************************************************
Rx matrix-b from master 
Called SetLoopLookahead: init: 0, final: 1000, step: 1, loopDepth: 0, cumulative-num-iterations: 1000, look-ahead-ns: 12000
Called SetLoopLookahead: init: 0, final: 10, step: 1, loopDepth: 1, cumulative-num-iterations: 10000, look-ahead-ns: 0
Called SetLoopLookahead: init: 0, final: 34, step: 1, loopDepth: 2, cumulative-num-iterations: 340000, look-ahead-ns: 5780000
Called SetLoopLookahead: init: 0, final: 100, step: 1, loopDepth: 3, cumulative-num-iterations: 34000000, look-ahead-ns: 204000000
Sending offset = 0 to master !
Sending rows = 34 to master !
Sending all rows to master!
Sent results to master 
MSG: 43 Done.

******************************************************
Rx matrix-b from master 
Called SetLoopLookahead: init: 0, final: 1000, step: 1, loopDepth: 0, cumulative-num-iterations: 1000, look-ahead-ns: 12000
Called SetLoopLookahead: init: 0, final: 10, step: 1, loopDepth: 1, cumulative-num-iterations: 10000, look-ahead-ns: 0
Called SetLoopLookahead: init: 0, final: 34, step: 1, loopDepth: 2, cumulative-num-iterations: 340000, look-ahead-ns: 5780000
Called SetLoopLookahead: init: 0, final: 100, step: 1, loopDepth: 3, cumulative-num-iterations: 34000000, look-ahead-ns: 204000000
Sending offset = 0 to master !
Sending rows = 34 to master !
Sending all rows to master!
Sent results to master 
MSG: 44 Done.

******************************************************
Rx matrix-b from master 
Called SetLoopLookahead: init: 0, final: 1000, step: 1, loopDepth: 0, cumulative-num-iterations: 1000, look-ahead-ns: 12000
Called SetLoopLookahead: init: 0, final: 10, step: 1, loopDepth: 1, cumulative-num-iterations: 10000, look-ahead-ns: 0
Called SetLoopLookahead: init: 0, final: 34, step: 1, loopDepth: 2, cumulative-num-iterations: 340000, look-ahead-ns: 5780000
Called SetLoopLookahead: init: 0, final: 100, step: 1, loopDepth: 3, cumulative-num-iterations: 34000000, look-ahead-ns: 204000000
Sending offset = 0 to master !
Sending rows = 34 to master !
Sending all rows to master!
Sent results to master 
MSG: 45 Done.

******************************************************
Rx matrix-b from master 
Called SetLoopLookahead: init: 0, final: 1000, step: 1, loopDepth: 0, cumulative-num-iterations: 1000, look-ahead-ns: 12000
Called SetLoopLookahead: init: 0, final: 10, step: 1, loopDepth: 1, cumulative-num-iterations: 10000, look-ahead-ns: 0
Called SetLoopLookahead: init: 0, final: 34, step: 1, loopDepth: 2, cumulative-num-iterations: 340000, look-ahead-ns: 5780000
Called SetLoopLookahead: init: 0, final: 100, step: 1, loopDepth: 3, cumulative-num-iterations: 34000000, look-ahead-ns: 204000000
Sending offset = 0 to master !
Sending rows = 34 to master !
Sending all rows to master!
Sent results to master 
MSG: 46 Done.

******************************************************
Rx matrix-b from master 
Called SetLoopLookahead: init: 0, final: 1000, step: 1, loopDepth: 0, cumulative-num-iterations: 1000, look-ahead-ns: 12000
Called SetLoopLookahead: init: 0, final: 10, step: 1, loopDepth: 1, cumulative-num-iterations: 10000, look-ahead-ns: 0
Called SetLoopLookahead: init: 0, final: 34, step: 1, loopDepth: 2, cumulative-num-iterations: 340000, look-ahead-ns: 5780000
Called SetLoopLookahead: init: 0, final: 100, step: 1, loopDepth: 3, cumulative-num-iterations: 34000000, look-ahead-ns: 204000000
Sending offset = 0 to master !
Sending rows = 34 to master !
Sending all rows to master!
Sent results to master 
MSG: 47 Done.

******************************************************
Rx matrix-b from master 
Called SetLoopLookahead: init: 0, final: 1000, step: 1, loopDepth: 0, cumulative-num-iterations: 1000, look-ahead-ns: 12000
Called SetLoopLookahead: init: 0, final: 10, step: 1, loopDepth: 1, cumulative-num-iterations: 10000, look-ahead-ns: 0
Called SetLoopLookahead: init: 0, final: 34, step: 1, loopDepth: 2, cumulative-num-iterations: 340000, look-ahead-ns: 5780000
Called SetLoopLookahead: init: 0, final: 100, step: 1, loopDepth: 3, cumulative-num-iterations: 34000000, look-ahead-ns: 204000000
Sending offset = 0 to master !
Sending rows = 34 to master !
Sending all rows to master!
Sent results to master 
MSG: 48 Done.

******************************************************
Rx matrix-b from master 
Called SetLoopLookahead: init: 0, final: 1000, step: 1, loopDepth: 0, cumulative-num-iterations: 1000, look-ahead-ns: 12000
Called SetLoopLookahead: init: 0, final: 10, step: 1, loopDepth: 1, cumulative-num-iterations: 10000, look-ahead-ns: 0
Called SetLoopLookahead: init: 0, final: 34, step: 1, loopDepth: 2, cumulative-num-iterations: 340000, look-ahead-ns: 5780000
Called SetLoopLookahead: init: 0, final: 100, step: 1, loopDepth: 3, cumulative-num-iterations: 34000000, look-ahead-ns: 204000000
Exp finishing. Stopping stack thread with id: 6!

------------------------- ACTUAL STDOUT FROM EXECUTABLE ENDED -----------------------------

Process: 6 exiting VT experiment !
Main thread exiting. PID = 6
