Attempting to set static arp entries ...
Tracer: 65 >> Using SRC IP: 10.1.38.74 for any spawned virtual tcp-stacks
Tracer: 65 >> Updating firewall rules to drop outgoing TCP-RST packets
Attempting to set firewall rules ...
Tracer: 65 >> CMD TO RUN: /home/vignesh/VT-S3FNet/csudp/mpi_integral/mpi_int 64 101 10.1.38.74 > /home/vignesh/VT-S3FNet/experiment-data/MPI_LA_Enabled_nemus_101_mpi_int/worker64.log
args[0] = /home/vignesh/VT-S3FNet/csudp/mpi_integral/mpi_int
args[1] = 64
args[2] = 101
args[3] = 10.1.38.74
Setting appropriate environment variables ...
HOME DIRECTORY : /home/vignesh
Parsing TTN config file: /home/vignesh/.ttn/projects.db
Setting VT_L1_INS_CACHE_MISS_CYCLES to: 100
Setting VT_L1_INS_CACHE_LINES to: 64
Setting VT_L1_INS_CACHE_SIZE_KB to: 32
Setting VT_L1_INS_CACHE_ASSOC to: 8
Setting VT_L1_INS_CACHE_REPLACEMENT_POLICY to: LRU
Setting VT_L1_DATA_CACHE_MISS_CYCLES to: 100
Setting VT_L1_DATA_CACHE_LINES to: 64
Setting VT_L1_DATA_CACHE_SIZE_KB to: 32
Setting VT_L1_DATA_CACHE_ASSOC to: 8
Setting VT_L1_DATA_CACHE_REPLACEMENT_POLICY to: LRU
Setting VT_CPU_CYLES_NS to: 2.700000
Setting VT_NIC_SPEED_MBPS to: 1000.000000
Setting VT_TIMING_MODEL to: EMPIRICAL
Setting VT_BBL_LOOKAHEAD_FILE to: /home/vignesh/VT-S3FNet/csudp/mpi_integral/.ttn/lookahead/bbl_lookahead.info
Setting VT_LOOP_LOOKAHEAD_FILE to: /home/vignesh/VT-S3FNet/csudp/mpi_integral/.ttn/lookahead/loop_lookahead.info
Starting command: /home/vignesh/VT-S3FNet/csudp/mpi_integral/mpi_int
Loading orig functions !
Starting executable with Pid = 6
Loading pointers to VTL Logic functions
Loaded pointers to all VTL Logic functions
Now Initializing VT-Management 
Extracting env variables !
Extracted tracer-id: 65
Extracted exp-type: 2
Extracted cpu-cycles-ns: 2.700000
Extracted socket-layer-ip: 1244004618
Starting VT-initialization !
Tracer-ID: 65, Timeline-ID: 65
Tracer registration for EXP_CS complete. TimelineID = 65, Return = 65
Tracer Adding to SQ. Tracer ID = 65
Parsing any provided lookahead information ...
Opening file: /home/vignesh/VT-S3FNet/csudp/mpi_integral/.ttn/lookahead/bbl_lookahead.info
File size: 176
mapped memblock size: 176
Finish offset: 18, Number of values: 18
Returning success !
Loaded BBL lookaheads for 18 basic blocks ...
Opening file: /home/vignesh/VT-S3FNet/csudp/mpi_integral/.ttn/lookahead/loop_lookahead.info
File size: 40
mapped memblock size: 40
Finish offset: 1, Number of values: 1
Returning success !
Loaded Loop lookaheads for 1 loops ...
VT initialization successfull !
Finished Initializing VT-Management 
Initializing TCP-stack ...
TCP stack unique-id: 656
Starting virtual socket layer stack-thread !
Pthread_create: vtStackThread special case
Successfully initialized VTL-Logic embedded into the executable

------------------------- ACTUAL STDOUT FROM EXECUTABLE STARTS -----------------------------

Rank = 64, Total = 101, IP = 10.1.38.74
Adding new vt-tcp-socket !
Creating vt-tcp socket !
bind through vt-tcp !
Server socket bound to ip:port: 10.1.38.74:10000
Waiting for OK message from other nodes !
Waiting for OK message !
listen through vt-tcp !
Accept through vt-tcp !
Successfully received OK message !

---------------- Waiting for higher ranked nodes to connect --------------
listen through vt-tcp !
Accepting connection from higher ranked node: 100
Accept through vt-tcp !
Accepted connection from higher ranked node: 100
Successfully connected with higher ranked node: 100
Accepting connection from higher ranked node: 99
Accept through vt-tcp !
Accepted connection from higher ranked node: 99
Successfully connected with higher ranked node: 99
Accepting connection from higher ranked node: 98
Accept through vt-tcp !
Accepted connection from higher ranked node: 98
Successfully connected with higher ranked node: 98
Accepting connection from higher ranked node: 97
Accept through vt-tcp !
Accepted connection from higher ranked node: 97
Successfully connected with higher ranked node: 97
Accepting connection from higher ranked node: 96
Accept through vt-tcp !
Accepted connection from higher ranked node: 96
Successfully connected with higher ranked node: 96
Accepting connection from higher ranked node: 95
Accept through vt-tcp !
Accepted connection from higher ranked node: 95
Successfully connected with higher ranked node: 95
Accepting connection from higher ranked node: 94
Accept through vt-tcp !
Accepted connection from higher ranked node: 94
Successfully connected with higher ranked node: 94
Accepting connection from higher ranked node: 93
Accept through vt-tcp !
Accepted connection from higher ranked node: 93
Successfully connected with higher ranked node: 93
Accepting connection from higher ranked node: 92
Accept through vt-tcp !
Accepted connection from higher ranked node: 92
Successfully connected with higher ranked node: 92
Accepting connection from higher ranked node: 91
Accept through vt-tcp !
Accepted connection from higher ranked node: 91
Successfully connected with higher ranked node: 91
Accepting connection from higher ranked node: 90
Accept through vt-tcp !
Accepted connection from higher ranked node: 90
Successfully connected with higher ranked node: 90
Accepting connection from higher ranked node: 89
Accept through vt-tcp !
Accepted connection from higher ranked node: 89
Successfully connected with higher ranked node: 89
Accepting connection from higher ranked node: 88
Accept through vt-tcp !
Accepted connection from higher ranked node: 88
Successfully connected with higher ranked node: 88
Accepting connection from higher ranked node: 87
Accept through vt-tcp !
Accepted connection from higher ranked node: 87
Successfully connected with higher ranked node: 87
Accepting connection from higher ranked node: 86
Accept through vt-tcp !
Accepted connection from higher ranked node: 86
Successfully connected with higher ranked node: 86
Accepting connection from higher ranked node: 85
Accept through vt-tcp !
Accepted connection from higher ranked node: 85
Successfully connected with higher ranked node: 85
Accepting connection from higher ranked node: 84
Accept through vt-tcp !
Accepted connection from higher ranked node: 84
Successfully connected with higher ranked node: 84
Accepting connection from higher ranked node: 83
Accept through vt-tcp !
Accepted connection from higher ranked node: 83
Successfully connected with higher ranked node: 83
Accepting connection from higher ranked node: 82
Accept through vt-tcp !
Accepted connection from higher ranked node: 82
Successfully connected with higher ranked node: 82
Accepting connection from higher ranked node: 81
Accept through vt-tcp !
Accepted connection from higher ranked node: 81
Successfully connected with higher ranked node: 81
Accepting connection from higher ranked node: 80
Accept through vt-tcp !
Accepted connection from higher ranked node: 80
Successfully connected with higher ranked node: 80
Accepting connection from higher ranked node: 79
Accept through vt-tcp !
Accepted connection from higher ranked node: 79
Successfully connected with higher ranked node: 79
Accepting connection from higher ranked node: 78
Accept through vt-tcp !
Accepted connection from higher ranked node: 78
Successfully connected with higher ranked node: 78
Accepting connection from higher ranked node: 77
Accept through vt-tcp !
Accepted connection from higher ranked node: 77
Successfully connected with higher ranked node: 77
Accepting connection from higher ranked node: 76
Accept through vt-tcp !
Accepted connection from higher ranked node: 76
Successfully connected with higher ranked node: 76
Accepting connection from higher ranked node: 75
Accept through vt-tcp !
Accepted connection from higher ranked node: 75
Successfully connected with higher ranked node: 75
Accepting connection from higher ranked node: 74
Accept through vt-tcp !
Accepted connection from higher ranked node: 74
Successfully connected with higher ranked node: 74
Accepting connection from higher ranked node: 73
Accept through vt-tcp !
Accepted connection from higher ranked node: 73
Successfully connected with higher ranked node: 73
Accepting connection from higher ranked node: 72
Accept through vt-tcp !
Accepted connection from higher ranked node: 72
Successfully connected with higher ranked node: 72
Accepting connection from higher ranked node: 71
Accept through vt-tcp !
Accepted connection from higher ranked node: 71
Successfully connected with higher ranked node: 71
Accepting connection from higher ranked node: 70
Accept through vt-tcp !
Accepted connection from higher ranked node: 70
Successfully connected with higher ranked node: 70
Accepting connection from higher ranked node: 69
Accept through vt-tcp !
Accepted connection from higher ranked node: 69
Successfully connected with higher ranked node: 69
Accepting connection from higher ranked node: 68
Accept through vt-tcp !
Accepted connection from higher ranked node: 68
Successfully connected with higher ranked node: 68
Accepting connection from higher ranked node: 67
Accept through vt-tcp !
Accepted connection from higher ranked node: 67
Successfully connected with higher ranked node: 67
Accepting connection from higher ranked node: 66
Accept through vt-tcp !
Accepted connection from higher ranked node: 66
Successfully connected with higher ranked node: 66
Accepting connection from higher ranked node: 65
Accept through vt-tcp !
Accepted connection from higher ranked node: 65
Successfully connected with higher ranked node: 65
Closing server socket: 4097
Clearing all tcp timers !
TCP-done for socket: 4097, err: -103

---------------- Connecting to lowed ranked nodes ! --------------
Adding new vt-tcp-socket !
Creating vt-tcp socket !
Connecting to lower ranked node: 63 at 10.1.38.78:10000
Connecting .. Socket: 4135, src-port: 40001
Socket: 4097 garbage collection
Freeing socket: 4097
Waking up connected socket !
Socket connect success. socket = 4135
Connecting through vt-tcp success !
Successfully connected to lower ranked node: 63 at 10.1.38.78:10000
Adding new vt-tcp-socket !
Creating vt-tcp socket !
Connecting to lower ranked node: 62 at 10.1.38.122:10000
Connecting .. Socket: 4136, src-port: 40002
Waking up connected socket !
Socket connect success. socket = 4136
Connecting through vt-tcp success !
Successfully connected to lower ranked node: 62 at 10.1.38.122:10000
Adding new vt-tcp-socket !
Creating vt-tcp socket !
Connecting to lower ranked node: 61 at 10.1.38.238:10000
Connecting .. Socket: 4137, src-port: 40003
Waking up connected socket !
Socket connect success. socket = 4137
Connecting through vt-tcp success !
Successfully connected to lower ranked node: 61 at 10.1.38.238:10000
Adding new vt-tcp-socket !
Creating vt-tcp socket !
Connecting to lower ranked node: 60 at 10.1.38.242:10000
Connecting .. Socket: 4138, src-port: 40004
Waking up connected socket !
Socket connect success. socket = 4138
Connecting through vt-tcp success !
Successfully connected to lower ranked node: 60 at 10.1.38.242:10000
Adding new vt-tcp-socket !
Creating vt-tcp socket !
Connecting to lower ranked node: 59 at 10.1.38.246:10000
Connecting .. Socket: 4139, src-port: 40005
Waking up connected socket !
Socket connect success. socket = 4139
Connecting through vt-tcp success !
Successfully connected to lower ranked node: 59 at 10.1.38.246:10000
Adding new vt-tcp-socket !
Creating vt-tcp socket !
Connecting to lower ranked node: 58 at 10.1.38.250:10000
Connecting .. Socket: 4140, src-port: 40006
Waking up connected socket !
Socket connect success. socket = 4140
Connecting through vt-tcp success !
Successfully connected to lower ranked node: 58 at 10.1.38.250:10000
Adding new vt-tcp-socket !
Creating vt-tcp socket !
Connecting to lower ranked node: 57 at 10.1.38.254:10000
Connecting .. Socket: 4141, src-port: 40007
Waking up connected socket !
Socket connect success. socket = 4141
Connecting through vt-tcp success !
Successfully connected to lower ranked node: 57 at 10.1.38.254:10000
Adding new vt-tcp-socket !
Creating vt-tcp socket !
Connecting to lower ranked node: 56 at 10.1.39.2:10000
Connecting .. Socket: 4142, src-port: 40008
Waking up connected socket !
Socket connect success. socket = 4142
Connecting through vt-tcp success !
Successfully connected to lower ranked node: 56 at 10.1.39.2:10000
Adding new vt-tcp-socket !
Creating vt-tcp socket !
Connecting to lower ranked node: 55 at 10.1.39.6:10000
Connecting .. Socket: 4143, src-port: 40009
Waking up connected socket !
Socket connect success. socket = 4143
Connecting through vt-tcp success !
Successfully connected to lower ranked node: 55 at 10.1.39.6:10000
Adding new vt-tcp-socket !
Creating vt-tcp socket !
Connecting to lower ranked node: 54 at 10.1.39.10:10000
Connecting .. Socket: 4144, src-port: 40010
Waking up connected socket !
Socket connect success. socket = 4144
Connecting through vt-tcp success !
Successfully connected to lower ranked node: 54 at 10.1.39.10:10000
Adding new vt-tcp-socket !
Creating vt-tcp socket !
Connecting to lower ranked node: 53 at 10.1.39.14:10000
Connecting .. Socket: 4145, src-port: 40011
Waking up connected socket !
Socket connect success. socket = 4145
Connecting through vt-tcp success !
Successfully connected to lower ranked node: 53 at 10.1.39.14:10000
Adding new vt-tcp-socket !
Creating vt-tcp socket !
Connecting to lower ranked node: 52 at 10.1.38.234:10000
Connecting .. Socket: 4146, src-port: 40012
Waking up connected socket !
Socket connect success. socket = 4146
Connecting through vt-tcp success !
Successfully connected to lower ranked node: 52 at 10.1.38.234:10000
Adding new vt-tcp-socket !
Creating vt-tcp socket !
Connecting to lower ranked node: 51 at 10.1.39.22:10000
Connecting .. Socket: 4147, src-port: 40013
Waking up connected socket !
Socket connect success. socket = 4147
Connecting through vt-tcp success !
Successfully connected to lower ranked node: 51 at 10.1.39.22:10000
Adding new vt-tcp-socket !
Creating vt-tcp socket !
Connecting to lower ranked node: 50 at 10.1.39.26:10000
Connecting .. Socket: 4148, src-port: 40014
Waking up connected socket !
Socket connect success. socket = 4148
Connecting through vt-tcp success !
Successfully connected to lower ranked node: 50 at 10.1.39.26:10000
Adding new vt-tcp-socket !
Creating vt-tcp socket !
Connecting to lower ranked node: 49 at 10.1.39.30:10000
Connecting .. Socket: 4149, src-port: 40015
Waking up connected socket !
Socket connect success. socket = 4149
Connecting through vt-tcp success !
Successfully connected to lower ranked node: 49 at 10.1.39.30:10000
Adding new vt-tcp-socket !
Creating vt-tcp socket !
Connecting to lower ranked node: 48 at 10.1.39.34:10000
Connecting .. Socket: 4150, src-port: 40016
Waking up connected socket !
Socket connect success. socket = 4150
Connecting through vt-tcp success !
Successfully connected to lower ranked node: 48 at 10.1.39.34:10000
Adding new vt-tcp-socket !
Creating vt-tcp socket !
Connecting to lower ranked node: 47 at 10.1.39.38:10000
Connecting .. Socket: 4151, src-port: 40017
Waking up connected socket !
Socket connect success. socket = 4151
Connecting through vt-tcp success !
Successfully connected to lower ranked node: 47 at 10.1.39.38:10000
Adding new vt-tcp-socket !
Creating vt-tcp socket !
Connecting to lower ranked node: 46 at 10.1.39.42:10000
Connecting .. Socket: 4152, src-port: 40018
Waking up connected socket !
Socket connect success. socket = 4152
Connecting through vt-tcp success !
Successfully connected to lower ranked node: 46 at 10.1.39.42:10000
Adding new vt-tcp-socket !
Creating vt-tcp socket !
Connecting to lower ranked node: 45 at 10.1.39.46:10000
Connecting .. Socket: 4153, src-port: 40019
Waking up connected socket !
Socket connect success. socket = 4153
Connecting through vt-tcp success !
Successfully connected to lower ranked node: 45 at 10.1.39.46:10000
Adding new vt-tcp-socket !
Creating vt-tcp socket !
Connecting to lower ranked node: 44 at 10.1.39.50:10000
Connecting .. Socket: 4154, src-port: 40020
Waking up connected socket !
Socket connect success. socket = 4154
Connecting through vt-tcp success !
Successfully connected to lower ranked node: 44 at 10.1.39.50:10000
Adding new vt-tcp-socket !
Creating vt-tcp socket !
Connecting to lower ranked node: 43 at 10.1.38.198:10000
Connecting .. Socket: 4155, src-port: 40021
Waking up connected socket !
Socket connect success. socket = 4155
Connecting through vt-tcp success !
Successfully connected to lower ranked node: 43 at 10.1.38.198:10000
Adding new vt-tcp-socket !
Creating vt-tcp socket !
Connecting to lower ranked node: 42 at 10.1.38.162:10000
Connecting .. Socket: 4156, src-port: 40022
Waking up connected socket !
Socket connect success. socket = 4156
Connecting through vt-tcp success !
Successfully connected to lower ranked node: 42 at 10.1.38.162:10000
Adding new vt-tcp-socket !
Creating vt-tcp socket !
Connecting to lower ranked node: 41 at 10.1.38.166:10000
Connecting .. Socket: 4157, src-port: 40023
Waking up connected socket !
Socket connect success. socket = 4157
Connecting through vt-tcp success !
Successfully connected to lower ranked node: 41 at 10.1.38.166:10000
Adding new vt-tcp-socket !
Creating vt-tcp socket !
Connecting to lower ranked node: 40 at 10.1.38.170:10000
Connecting .. Socket: 4158, src-port: 40024
Waking up connected socket !
Socket connect success. socket = 4158
Connecting through vt-tcp success !
Successfully connected to lower ranked node: 40 at 10.1.38.170:10000
Adding new vt-tcp-socket !
Creating vt-tcp socket !
Connecting to lower ranked node: 39 at 10.1.38.174:10000
Connecting .. Socket: 4159, src-port: 40025
Waking up connected socket !
Socket connect success. socket = 4159
Connecting through vt-tcp success !
Successfully connected to lower ranked node: 39 at 10.1.38.174:10000
Adding new vt-tcp-socket !
Creating vt-tcp socket !
Connecting to lower ranked node: 38 at 10.1.38.178:10000
Connecting .. Socket: 4160, src-port: 40026
Waking up connected socket !
Socket connect success. socket = 4160
Connecting through vt-tcp success !
Successfully connected to lower ranked node: 38 at 10.1.38.178:10000
Adding new vt-tcp-socket !
Creating vt-tcp socket !
Connecting to lower ranked node: 37 at 10.1.38.182:10000
Connecting .. Socket: 4161, src-port: 40027
Waking up connected socket !
Socket connect success. socket = 4161
Connecting through vt-tcp success !
Successfully connected to lower ranked node: 37 at 10.1.38.182:10000
Adding new vt-tcp-socket !
Creating vt-tcp socket !
Connecting to lower ranked node: 36 at 10.1.38.186:10000
Connecting .. Socket: 4162, src-port: 40028
Waking up connected socket !
Socket connect success. socket = 4162
Connecting through vt-tcp success !
Successfully connected to lower ranked node: 36 at 10.1.38.186:10000
Adding new vt-tcp-socket !
Creating vt-tcp socket !
Connecting to lower ranked node: 35 at 10.1.38.190:10000
Connecting .. Socket: 4163, src-port: 40029
Waking up connected socket !
Socket connect success. socket = 4163
Connecting through vt-tcp success !
Successfully connected to lower ranked node: 35 at 10.1.38.190:10000
Adding new vt-tcp-socket !
Creating vt-tcp socket !
Connecting to lower ranked node: 34 at 10.1.38.194:10000
Connecting .. Socket: 4164, src-port: 40030
Waking up connected socket !
Socket connect success. socket = 4164
Connecting through vt-tcp success !
Successfully connected to lower ranked node: 34 at 10.1.38.194:10000
Adding new vt-tcp-socket !
Creating vt-tcp socket !
Connecting to lower ranked node: 33 at 10.1.38.158:10000
Connecting .. Socket: 4165, src-port: 40031
Waking up connected socket !
Socket connect success. socket = 4165
Connecting through vt-tcp success !
Successfully connected to lower ranked node: 33 at 10.1.38.158:10000
Adding new vt-tcp-socket !
Creating vt-tcp socket !
Connecting to lower ranked node: 32 at 10.1.38.202:10000
Connecting .. Socket: 4166, src-port: 40032
Waking up connected socket !
Socket connect success. socket = 4166
Connecting through vt-tcp success !
Successfully connected to lower ranked node: 32 at 10.1.38.202:10000
Adding new vt-tcp-socket !
Creating vt-tcp socket !
Connecting to lower ranked node: 31 at 10.1.38.206:10000
Connecting .. Socket: 4167, src-port: 40033
Waking up connected socket !
Socket connect success. socket = 4167
Connecting through vt-tcp success !
Successfully connected to lower ranked node: 31 at 10.1.38.206:10000
Adding new vt-tcp-socket !
Creating vt-tcp socket !
Connecting to lower ranked node: 30 at 10.1.38.210:10000
Connecting .. Socket: 4168, src-port: 40034
Waking up connected socket !
Socket connect success. socket = 4168
Connecting through vt-tcp success !
Successfully connected to lower ranked node: 30 at 10.1.38.210:10000
Adding new vt-tcp-socket !
Creating vt-tcp socket !
Connecting to lower ranked node: 29 at 10.1.38.214:10000
Connecting .. Socket: 4169, src-port: 40035
Waking up connected socket !
Socket connect success. socket = 4169
Connecting through vt-tcp success !
Successfully connected to lower ranked node: 29 at 10.1.38.214:10000
Adding new vt-tcp-socket !
Creating vt-tcp socket !
Connecting to lower ranked node: 28 at 10.1.38.218:10000
Connecting .. Socket: 4170, src-port: 40036
Waking up connected socket !
Socket connect success. socket = 4170
Connecting through vt-tcp success !
Successfully connected to lower ranked node: 28 at 10.1.38.218:10000
Adding new vt-tcp-socket !
Creating vt-tcp socket !
Connecting to lower ranked node: 27 at 10.1.38.222:10000
Connecting .. Socket: 4171, src-port: 40037
Waking up connected socket !
Socket connect success. socket = 4171
Connecting through vt-tcp success !
Successfully connected to lower ranked node: 27 at 10.1.38.222:10000
Adding new vt-tcp-socket !
Creating vt-tcp socket !
Connecting to lower ranked node: 26 at 10.1.38.226:10000
Connecting .. Socket: 4172, src-port: 40038
Waking up connected socket !
Socket connect success. socket = 4172
Connecting through vt-tcp success !
Successfully connected to lower ranked node: 26 at 10.1.38.226:10000
Adding new vt-tcp-socket !
Creating vt-tcp socket !
Connecting to lower ranked node: 25 at 10.1.38.230:10000
Connecting .. Socket: 4173, src-port: 40039
Waking up connected socket !
Socket connect success. socket = 4173
Connecting through vt-tcp success !
Successfully connected to lower ranked node: 25 at 10.1.38.230:10000
Adding new vt-tcp-socket !
Creating vt-tcp socket !
Connecting to lower ranked node: 24 at 10.1.37.222:10000
Connecting .. Socket: 4174, src-port: 40040
Waking up connected socket !
Socket connect success. socket = 4174
Connecting through vt-tcp success !
Successfully connected to lower ranked node: 24 at 10.1.37.222:10000
Adding new vt-tcp-socket !
Creating vt-tcp socket !
Connecting to lower ranked node: 23 at 10.1.37.34:10000
Connecting .. Socket: 4175, src-port: 40041
Waking up connected socket !
Socket connect success. socket = 4175
Connecting through vt-tcp success !
Successfully connected to lower ranked node: 23 at 10.1.37.34:10000
Adding new vt-tcp-socket !
Creating vt-tcp socket !
Connecting to lower ranked node: 22 at 10.1.37.38:10000
Connecting .. Socket: 4176, src-port: 40042
Waking up connected socket !
Socket connect success. socket = 4176
Connecting through vt-tcp success !
Successfully connected to lower ranked node: 22 at 10.1.37.38:10000
Adding new vt-tcp-socket !
Creating vt-tcp socket !
Connecting to lower ranked node: 21 at 10.1.37.42:10000
Connecting .. Socket: 4177, src-port: 40043
Waking up connected socket !
Socket connect success. socket = 4177
Connecting through vt-tcp success !
Successfully connected to lower ranked node: 21 at 10.1.37.42:10000
Adding new vt-tcp-socket !
Creating vt-tcp socket !
Connecting to lower ranked node: 20 at 10.1.37.46:10000
Connecting .. Socket: 4178, src-port: 40044
Waking up connected socket !
Socket connect success. socket = 4178
Connecting through vt-tcp success !
Successfully connected to lower ranked node: 20 at 10.1.37.46:10000
Adding new vt-tcp-socket !
Creating vt-tcp socket !
Connecting to lower ranked node: 19 at 10.1.37.50:10000
Connecting .. Socket: 4179, src-port: 40045
Waking up connected socket !
Socket connect success. socket = 4179
Connecting through vt-tcp success !
Successfully connected to lower ranked node: 19 at 10.1.37.50:10000
Adding new vt-tcp-socket !
Creating vt-tcp socket !
Connecting to lower ranked node: 18 at 10.1.37.54:10000
Connecting .. Socket: 4180, src-port: 40046
Waking up connected socket !
Socket connect success. socket = 4180
Connecting through vt-tcp success !
Successfully connected to lower ranked node: 18 at 10.1.37.54:10000
Adding new vt-tcp-socket !
Creating vt-tcp socket !
Connecting to lower ranked node: 17 at 10.1.37.58:10000
Connecting .. Socket: 4181, src-port: 40047
Waking up connected socket !
Socket connect success. socket = 4181
Connecting through vt-tcp success !
Successfully connected to lower ranked node: 17 at 10.1.37.58:10000
Adding new vt-tcp-socket !
Creating vt-tcp socket !
Connecting to lower ranked node: 16 at 10.1.37.62:10000
Connecting .. Socket: 4182, src-port: 40048
Waking up connected socket !
Socket connect success. socket = 4182
Connecting through vt-tcp success !
Successfully connected to lower ranked node: 16 at 10.1.37.62:10000
Adding new vt-tcp-socket !
Creating vt-tcp socket !
Connecting to lower ranked node: 15 at 10.1.37.66:10000
Connecting .. Socket: 4183, src-port: 40049
Waking up connected socket !
Socket connect success. socket = 4183
Connecting through vt-tcp success !
Successfully connected to lower ranked node: 15 at 10.1.37.66:10000
Adding new vt-tcp-socket !
Creating vt-tcp socket !
Connecting to lower ranked node: 14 at 10.1.37.30:10000
Connecting .. Socket: 4184, src-port: 40050
Waking up connected socket !
Socket connect success. socket = 4184
Connecting through vt-tcp success !
Successfully connected to lower ranked node: 14 at 10.1.37.30:10000
Adding new vt-tcp-socket !
Creating vt-tcp socket !
Connecting to lower ranked node: 13 at 10.1.37.74:10000
Connecting .. Socket: 4185, src-port: 40051
Waking up connected socket !
Socket connect success. socket = 4185
Connecting through vt-tcp success !
Successfully connected to lower ranked node: 13 at 10.1.37.74:10000
Adding new vt-tcp-socket !
Creating vt-tcp socket !
Connecting to lower ranked node: 12 at 10.1.37.78:10000
Connecting .. Socket: 4186, src-port: 40052
Waking up connected socket !
Socket connect success. socket = 4186
Connecting through vt-tcp success !
Successfully connected to lower ranked node: 12 at 10.1.37.78:10000
Adding new vt-tcp-socket !
Creating vt-tcp socket !
Connecting to lower ranked node: 11 at 10.1.37.82:10000
Connecting .. Socket: 4187, src-port: 40053
Waking up connected socket !
Socket connect success. socket = 4187
Connecting through vt-tcp success !
Successfully connected to lower ranked node: 11 at 10.1.37.82:10000
Adding new vt-tcp-socket !
Creating vt-tcp socket !
Connecting to lower ranked node: 10 at 10.1.37.86:10000
Connecting .. Socket: 4188, src-port: 40054
Waking up connected socket !
Socket connect success. socket = 4188
Connecting through vt-tcp success !
Successfully connected to lower ranked node: 10 at 10.1.37.86:10000
Adding new vt-tcp-socket !
Creating vt-tcp socket !
Connecting to lower ranked node: 9 at 10.1.37.90:10000
Connecting .. Socket: 4189, src-port: 40055
Waking up connected socket !
Socket connect success. socket = 4189
Connecting through vt-tcp success !
Successfully connected to lower ranked node: 9 at 10.1.37.90:10000
Adding new vt-tcp-socket !
Creating vt-tcp socket !
Connecting to lower ranked node: 8 at 10.1.37.94:10000
Connecting .. Socket: 4190, src-port: 40056
Waking up connected socket !
Socket connect success. socket = 4190
Connecting through vt-tcp success !
Successfully connected to lower ranked node: 8 at 10.1.37.94:10000
Adding new vt-tcp-socket !
Creating vt-tcp socket !
Connecting to lower ranked node: 7 at 10.1.37.98:10000
Connecting .. Socket: 4191, src-port: 40057
Waking up connected socket !
Socket connect success. socket = 4191
Connecting through vt-tcp success !
Successfully connected to lower ranked node: 7 at 10.1.37.98:10000
Adding new vt-tcp-socket !
Creating vt-tcp socket !
Connecting to lower ranked node: 6 at 10.1.37.102:10000
Connecting .. Socket: 4192, src-port: 40058
Waking up connected socket !
Socket connect success. socket = 4192
Connecting through vt-tcp success !
Successfully connected to lower ranked node: 6 at 10.1.37.102:10000
Adding new vt-tcp-socket !
Creating vt-tcp socket !
Connecting to lower ranked node: 5 at 10.1.36.246:10000
Connecting .. Socket: 4193, src-port: 40059
Waking up connected socket !
Socket connect success. socket = 4193
Connecting through vt-tcp success !
Successfully connected to lower ranked node: 5 at 10.1.36.246:10000
Adding new vt-tcp-socket !
Creating vt-tcp socket !
Connecting to lower ranked node: 4 at 10.1.36.210:10000
Connecting .. Socket: 4194, src-port: 40060
Waking up connected socket !
Socket connect success. socket = 4194
Connecting through vt-tcp success !
Successfully connected to lower ranked node: 4 at 10.1.36.210:10000
Adding new vt-tcp-socket !
Creating vt-tcp socket !
Connecting to lower ranked node: 3 at 10.1.36.214:10000
Connecting .. Socket: 4195, src-port: 40061
Waking up connected socket !
Socket connect success. socket = 4195
Connecting through vt-tcp success !
Successfully connected to lower ranked node: 3 at 10.1.36.214:10000
Adding new vt-tcp-socket !
Creating vt-tcp socket !
Connecting to lower ranked node: 2 at 10.1.36.218:10000
Connecting .. Socket: 4196, src-port: 40062
Waking up connected socket !
Socket connect success. socket = 4196
Connecting through vt-tcp success !
Successfully connected to lower ranked node: 2 at 10.1.36.218:10000
Adding new vt-tcp-socket !
Creating vt-tcp socket !
Connecting to lower ranked node: 1 at 10.1.36.222:10000
Connecting .. Socket: 4197, src-port: 40063
Waking up connected socket !
Socket connect success. socket = 4197
Connecting through vt-tcp success !
Successfully connected to lower ranked node: 1 at 10.1.36.222:10000
Adding new vt-tcp-socket !
Creating vt-tcp socket !
Connecting to lower ranked node: 0 at 10.1.36.226:10000
Connecting .. Socket: 4198, src-port: 40064
Waking up connected socket !
Socket connect success. socket = 4198
Connecting through vt-tcp success !
Successfully connected to lower ranked node: 0 at 10.1.36.226:10000

---------------- Creating listen Thread ! --------------

---------------- MPI-Init success ! --------------
Waiting to receive partition information from master !
Adding new Thread: 8
Resuming new Thread with Burst of length: 5400
Process 64 computing itegral over my_a = 16.300000, my_b= 16.400000
Called SetLoopLookahead: init: 0, final: 100000000, step: 1, loopDepth: 0, cumulative-num-iterations: 100000000, look-ahead-ns: 518518496
Avg-Compute-Communication-Ratio = 294.945961
Process 64 contributed MY_TOTAL = -nan, my_a = 16.300000, my_b= 16.400000
Integral: 0 computed

------------------------------------------------------------------------------
Waiting to receive partition information from master !
Process 64 computing itegral over my_a = 26.300000, my_b= 26.400000
Called SetLoopLookahead: init: 0, final: 100000000, step: 1, loopDepth: 0, cumulative-num-iterations: 100000000, look-ahead-ns: 518518496
Before rcv-wnd: seq: 1, rcv_nxt: 5
Before rcv-wnd: seq: 1, rcv_nxt: 5
Before rcv-wnd: seq: 1, rcv_nxt: 5
Before rcv-wnd: seq: 1, rcv_nxt: 5
tcp-rto: snd_una: 1, rto: 2000, backoff: 1
tcp-rto: snd_una: 1, rto: 2000, backoff: 1
tcp-rto: snd_una: 1, rto: 2000, backoff: 1
tcp-rto: snd_una: 1, rto: 2000, backoff: 1
tcp-rto: snd_una: 1, rto: 2000, backoff: 1
tcp-rto: snd_una: 1, rto: 2000, backoff: 1
tcp-rto: snd_una: 1, rto: 2000, backoff: 1
tcp-rto: snd_una: 1, rto: 2000, backoff: 1
tcp-rto: snd_una: 1, rto: 2000, backoff: 1
tcp-rto: snd_una: 1, rto: 2000, backoff: 1
tcp-rto: snd_una: 1, rto: 2000, backoff: 1
Avg-Compute-Communication-Ratio = 462.747880
Process 64 contributed MY_TOTAL = -nan, my_a = 26.300000, my_b= 26.400000
Integral: 1 computed

------------------------------------------------------------------------------
Waiting to receive partition information from master !
Process 64 computing itegral over my_a = 36.300000, my_b= 36.400000
Called SetLoopLookahead: init: 0, final: 100000000, step: 1, loopDepth: 0, cumulative-num-iterations: 100000000, look-ahead-ns: 518518496
Avg-Compute-Communication-Ratio = 571.887132
Process 64 contributed MY_TOTAL = -nan, my_a = 36.300000, my_b= 36.400000
Integral: 2 computed

------------------------------------------------------------------------------
Waiting to receive partition information from master !
Process 64 computing itegral over my_a = 46.300000, my_b= 46.400000
Called SetLoopLookahead: init: 0, final: 100000000, step: 1, loopDepth: 0, cumulative-num-iterations: 100000000, look-ahead-ns: 518518496
Avg-Compute-Communication-Ratio = 648.342607
Process 64 contributed MY_TOTAL = -nan, my_a = 46.300000, my_b= 46.400000
Integral: 3 computed

------------------------------------------------------------------------------
Waiting to receive partition information from master !
Process 64 computing itegral over my_a = 56.300000, my_b= 56.400000
Called SetLoopLookahead: init: 0, final: 100000000, step: 1, loopDepth: 0, cumulative-num-iterations: 100000000, look-ahead-ns: 518518496
Avg-Compute-Communication-Ratio = 704.883904
Process 64 contributed MY_TOTAL = -nan, my_a = 56.300000, my_b= 56.400000
Integral: 4 computed

------------------------------------------------------------------------------
Waiting to receive partition information from master !
Process 64 computing itegral over my_a = 66.300000, my_b= 66.400000
Called SetLoopLookahead: init: 0, final: 100000000, step: 1, loopDepth: 0, cumulative-num-iterations: 100000000, look-ahead-ns: 518518496
Avg-Compute-Communication-Ratio = 746.957503
Process 64 contributed MY_TOTAL = -nan, my_a = 66.300000, my_b= 66.400000
Integral: 5 computed

------------------------------------------------------------------------------
Waiting to receive partition information from master !
Process 64 computing itegral over my_a = 76.300000, my_b= 76.400000
Called SetLoopLookahead: init: 0, final: 100000000, step: 1, loopDepth: 0, cumulative-num-iterations: 100000000, look-ahead-ns: 518518496
Avg-Compute-Communication-Ratio = 780.557634
Process 64 contributed MY_TOTAL = -nan, my_a = 76.300000, my_b= 76.400000
Integral: 6 computed

------------------------------------------------------------------------------
Waiting to receive partition information from master !
Process 64 computing itegral over my_a = 86.300000, my_b= 86.400000
Called SetLoopLookahead: init: 0, final: 100000000, step: 1, loopDepth: 0, cumulative-num-iterations: 100000000, look-ahead-ns: 518518496
Avg-Compute-Communication-Ratio = 809.071192
Process 64 contributed MY_TOTAL = -nan, my_a = 86.300000, my_b= 86.400000
Integral: 7 computed

------------------------------------------------------------------------------
Waiting to receive partition information from master !
Process 64 computing itegral over my_a = 96.300000, my_b= 96.400000
Called SetLoopLookahead: init: 0, final: 100000000, step: 1, loopDepth: 0, cumulative-num-iterations: 100000000, look-ahead-ns: 518518496
Avg-Compute-Communication-Ratio = 830.655571
Process 64 contributed MY_TOTAL = -nan, my_a = 96.300000, my_b= 96.400000
Integral: 8 computed

------------------------------------------------------------------------------
Waiting to receive partition information from master !
Process 64 computing itegral over my_a = 106.300000, my_b= 106.400000
Called SetLoopLookahead: init: 0, final: 100000000, step: 1, loopDepth: 0, cumulative-num-iterations: 100000000, look-ahead-ns: 518518496
Avg-Compute-Communication-Ratio = 850.161994
Process 64 contributed MY_TOTAL = -nan, my_a = 106.300000, my_b= 106.400000
Integral: 9 computed

------------------------------------------------------------------------------
Waiting to receive partition information from master !
Process 64 computing itegral over my_a = 116.300000, my_b= 116.400000
Called SetLoopLookahead: init: 0, final: 100000000, step: 1, loopDepth: 0, cumulative-num-iterations: 100000000, look-ahead-ns: 518518496
Avg-Compute-Communication-Ratio = 865.238623
Process 64 contributed MY_TOTAL = -nan, my_a = 116.300000, my_b= 116.400000
Integral: 10 computed

------------------------------------------------------------------------------
Waiting to receive partition information from master !
Process 64 computing itegral over my_a = 126.300000, my_b= 126.400000
Called SetLoopLookahead: init: 0, final: 100000000, step: 1, loopDepth: 0, cumulative-num-iterations: 100000000, look-ahead-ns: 518518496
Avg-Compute-Communication-Ratio = 880.703185
Process 64 contributed MY_TOTAL = -nan, my_a = 126.300000, my_b= 126.400000
Integral: 11 computed

------------------------------------------------------------------------------
Waiting to receive partition information from master !
Process 64 computing itegral over my_a = 136.300000, my_b= 136.400000
Called SetLoopLookahead: init: 0, final: 100000000, step: 1, loopDepth: 0, cumulative-num-iterations: 100000000, look-ahead-ns: 518518496
Avg-Compute-Communication-Ratio = 893.515774
Process 64 contributed MY_TOTAL = -nan, my_a = 136.300000, my_b= 136.400000
Integral: 12 computed

------------------------------------------------------------------------------
Waiting to receive partition information from master !
Process 64 computing itegral over my_a = 146.300000, my_b= 146.400000
Called SetLoopLookahead: init: 0, final: 100000000, step: 1, loopDepth: 0, cumulative-num-iterations: 100000000, look-ahead-ns: 518518496
Avg-Compute-Communication-Ratio = 903.897149
Process 64 contributed MY_TOTAL = -nan, my_a = 146.300000, my_b= 146.400000
Integral: 13 computed

------------------------------------------------------------------------------
Waiting to receive partition information from master !
Process 64 computing itegral over my_a = 156.300000, my_b= 156.400000
Called SetLoopLookahead: init: 0, final: 100000000, step: 1, loopDepth: 0, cumulative-num-iterations: 100000000, look-ahead-ns: 518518496
Avg-Compute-Communication-Ratio = 913.949824
Process 64 contributed MY_TOTAL = -nan, my_a = 156.300000, my_b= 156.400000
Integral: 14 computed

------------------------------------------------------------------------------
Waiting to receive partition information from master !
Process 64 computing itegral over my_a = 166.300000, my_b= 166.400000
Called SetLoopLookahead: init: 0, final: 100000000, step: 1, loopDepth: 0, cumulative-num-iterations: 100000000, look-ahead-ns: 518518496
Avg-Compute-Communication-Ratio = 922.725837
Process 64 contributed MY_TOTAL = -nan, my_a = 166.300000, my_b= 166.400000
Integral: 15 computed

------------------------------------------------------------------------------
Waiting to receive partition information from master !
Process 64 computing itegral over my_a = 176.300000, my_b= 176.400000
Called SetLoopLookahead: init: 0, final: 100000000, step: 1, loopDepth: 0, cumulative-num-iterations: 100000000, look-ahead-ns: 518518496
Avg-Compute-Communication-Ratio = 929.629087
Process 64 contributed MY_TOTAL = -nan, my_a = 176.300000, my_b= 176.400000
Integral: 16 computed

------------------------------------------------------------------------------
Waiting to receive partition information from master !
Process 64 computing itegral over my_a = 186.300000, my_b= 186.400000
Called SetLoopLookahead: init: 0, final: 100000000, step: 1, loopDepth: 0, cumulative-num-iterations: 100000000, look-ahead-ns: 518518496
Avg-Compute-Communication-Ratio = 937.733146
Process 64 contributed MY_TOTAL = -nan, my_a = 186.300000, my_b= 186.400000
Integral: 17 computed

------------------------------------------------------------------------------
Waiting to receive partition information from master !
Process 64 computing itegral over my_a = 196.300000, my_b= 196.400000
Called SetLoopLookahead: init: 0, final: 100000000, step: 1, loopDepth: 0, cumulative-num-iterations: 100000000, look-ahead-ns: 518518496
Avg-Compute-Communication-Ratio = 944.561170
Process 64 contributed MY_TOTAL = -nan, my_a = 196.300000, my_b= 196.400000
Integral: 18 computed

------------------------------------------------------------------------------
Waiting to receive partition information from master !
Process 64 computing itegral over my_a = 206.300000, my_b= 206.400000
Called SetLoopLookahead: init: 0, final: 100000000, step: 1, loopDepth: 0, cumulative-num-iterations: 100000000, look-ahead-ns: 518518496
Avg-Compute-Communication-Ratio = 950.443406
Process 64 contributed MY_TOTAL = -nan, my_a = 206.300000, my_b= 206.400000
Integral: 19 computed

------------------------------------------------------------------------------
Waiting to receive partition information from master !
Process 64 computing itegral over my_a = 216.300000, my_b= 216.400000
Called SetLoopLookahead: init: 0, final: 100000000, step: 1, loopDepth: 0, cumulative-num-iterations: 100000000, look-ahead-ns: 518518496
Avg-Compute-Communication-Ratio = 956.668687
Process 64 contributed MY_TOTAL = -nan, my_a = 216.300000, my_b= 216.400000
Integral: 20 computed

------------------------------------------------------------------------------
Waiting to receive partition information from master !
Process 64 computing itegral over my_a = 226.300000, my_b= 226.400000
Called SetLoopLookahead: init: 0, final: 100000000, step: 1, loopDepth: 0, cumulative-num-iterations: 100000000, look-ahead-ns: 518518496
Avg-Compute-Communication-Ratio = 961.263841
Process 64 contributed MY_TOTAL = -nan, my_a = 226.300000, my_b= 226.400000
Integral: 21 computed

------------------------------------------------------------------------------
Waiting to receive partition information from master !
Process 64 computing itegral over my_a = 236.300000, my_b= 236.400000
Called SetLoopLookahead: init: 0, final: 100000000, step: 1, loopDepth: 0, cumulative-num-iterations: 100000000, look-ahead-ns: 518518496
Avg-Compute-Communication-Ratio = 965.654494
Process 64 contributed MY_TOTAL = -nan, my_a = 236.300000, my_b= 236.400000
Integral: 22 computed

------------------------------------------------------------------------------
Waiting to receive partition information from master !
Process 64 computing itegral over my_a = 246.300000, my_b= 246.400000
Called SetLoopLookahead: init: 0, final: 100000000, step: 1, loopDepth: 0, cumulative-num-iterations: 100000000, look-ahead-ns: 518518496
Avg-Compute-Communication-Ratio = 970.319532
Process 64 contributed MY_TOTAL = -nan, my_a = 246.300000, my_b= 246.400000
Integral: 23 computed

------------------------------------------------------------------------------
Waiting to receive partition information from master !
Process 64 computing itegral over my_a = 256.300000, my_b= 256.400000
Called SetLoopLookahead: init: 0, final: 100000000, step: 1, loopDepth: 0, cumulative-num-iterations: 100000000, look-ahead-ns: 518518496
Avg-Compute-Communication-Ratio = 975.091244
Process 64 contributed MY_TOTAL = -nan, my_a = 256.300000, my_b= 256.400000
Integral: 24 computed

------------------------------------------------------------------------------
Waiting to receive partition information from master !
Process 64 computing itegral over my_a = 266.300000, my_b= 266.400000
Called SetLoopLookahead: init: 0, final: 100000000, step: 1, loopDepth: 0, cumulative-num-iterations: 100000000, look-ahead-ns: 518518496
Avg-Compute-Communication-Ratio = 978.542353
Process 64 contributed MY_TOTAL = -nan, my_a = 266.300000, my_b= 266.400000
Integral: 25 computed

------------------------------------------------------------------------------
Waiting to receive partition information from master !
Process 64 computing itegral over my_a = 276.300000, my_b= 276.400000
Called SetLoopLookahead: init: 0, final: 100000000, step: 1, loopDepth: 0, cumulative-num-iterations: 100000000, look-ahead-ns: 518518496
Avg-Compute-Communication-Ratio = 982.035143
Process 64 contributed MY_TOTAL = -nan, my_a = 276.300000, my_b= 276.400000
Integral: 26 computed

------------------------------------------------------------------------------
Waiting to receive partition information from master !
Process 64 computing itegral over my_a = 286.300000, my_b= 286.400000
Called SetLoopLookahead: init: 0, final: 100000000, step: 1, loopDepth: 0, cumulative-num-iterations: 100000000, look-ahead-ns: 518518496
Avg-Compute-Communication-Ratio = 985.033449
Process 64 contributed MY_TOTAL = -nan, my_a = 286.300000, my_b= 286.400000
Integral: 27 computed

------------------------------------------------------------------------------
Waiting to receive partition information from master !
Process 64 computing itegral over my_a = 296.300000, my_b= 296.400000
Called SetLoopLookahead: init: 0, final: 100000000, step: 1, loopDepth: 0, cumulative-num-iterations: 100000000, look-ahead-ns: 518518496
Avg-Compute-Communication-Ratio = 987.841479
Process 64 contributed MY_TOTAL = -nan, my_a = 296.300000, my_b= 296.400000
Integral: 28 computed

------------------------------------------------------------------------------
Waiting to receive partition information from master !
Process 64 computing itegral over my_a = 306.300000, my_b= 306.400000
Called SetLoopLookahead: init: 0, final: 100000000, step: 1, loopDepth: 0, cumulative-num-iterations: 100000000, look-ahead-ns: 518518496
Avg-Compute-Communication-Ratio = 991.613310
Process 64 contributed MY_TOTAL = -nan, my_a = 306.300000, my_b= 306.400000
Integral: 29 computed

------------------------------------------------------------------------------
Waiting to receive partition information from master !
Process 64 computing itegral over my_a = 316.300000, my_b= 316.400000
Called SetLoopLookahead: init: 0, final: 100000000, step: 1, loopDepth: 0, cumulative-num-iterations: 100000000, look-ahead-ns: 518518496
Avg-Compute-Communication-Ratio = 993.814332
Process 64 contributed MY_TOTAL = -nan, my_a = 316.300000, my_b= 316.400000
Integral: 30 computed

------------------------------------------------------------------------------
Waiting to receive partition information from master !
Process 64 computing itegral over my_a = 326.300000, my_b= 326.400000
Called SetLoopLookahead: init: 0, final: 100000000, step: 1, loopDepth: 0, cumulative-num-iterations: 100000000, look-ahead-ns: 518518496
Avg-Compute-Communication-Ratio = 996.724215
Process 64 contributed MY_TOTAL = -nan, my_a = 326.300000, my_b= 326.400000
Integral: 31 computed

------------------------------------------------------------------------------
Waiting to receive partition information from master !
Process 64 computing itegral over my_a = 336.300000, my_b= 336.400000
Called SetLoopLookahead: init: 0, final: 100000000, step: 1, loopDepth: 0, cumulative-num-iterations: 100000000, look-ahead-ns: 518518496
Avg-Compute-Communication-Ratio = 999.473306
Process 64 contributed MY_TOTAL = -nan, my_a = 336.300000, my_b= 336.400000
Integral: 32 computed

------------------------------------------------------------------------------
Waiting to receive partition information from master !
Process 64 computing itegral over my_a = 346.300000, my_b= 346.400000
Called SetLoopLookahead: init: 0, final: 100000000, step: 1, loopDepth: 0, cumulative-num-iterations: 100000000, look-ahead-ns: 518518496
Avg-Compute-Communication-Ratio = 1001.960671
Process 64 contributed MY_TOTAL = -nan, my_a = 346.300000, my_b= 346.400000
Integral: 33 computed

------------------------------------------------------------------------------
Waiting to receive partition information from master !
Process 64 computing itegral over my_a = 356.300000, my_b= 356.400000
Called SetLoopLookahead: init: 0, final: 100000000, step: 1, loopDepth: 0, cumulative-num-iterations: 100000000, look-ahead-ns: 518518496
Avg-Compute-Communication-Ratio = 1004.539632
Process 64 contributed MY_TOTAL = -nan, my_a = 356.300000, my_b= 356.400000
Integral: 34 computed

------------------------------------------------------------------------------
Waiting to receive partition information from master !
Process 64 computing itegral over my_a = 366.300000, my_b= 366.400000
Called SetLoopLookahead: init: 0, final: 100000000, step: 1, loopDepth: 0, cumulative-num-iterations: 100000000, look-ahead-ns: 518518496
Avg-Compute-Communication-Ratio = 1006.878904
Process 64 contributed MY_TOTAL = -nan, my_a = 366.300000, my_b= 366.400000
Integral: 35 computed

------------------------------------------------------------------------------
Waiting to receive partition information from master !
Process 64 computing itegral over my_a = 376.300000, my_b= 376.400000
Called SetLoopLookahead: init: 0, final: 100000000, step: 1, loopDepth: 0, cumulative-num-iterations: 100000000, look-ahead-ns: 518518496
Avg-Compute-Communication-Ratio = 1009.101778
Process 64 contributed MY_TOTAL = -nan, my_a = 376.300000, my_b= 376.400000
Integral: 36 computed

------------------------------------------------------------------------------
Waiting to receive partition information from master !
Process 64 computing itegral over my_a = 386.300000, my_b= 386.400000
Called SetLoopLookahead: init: 0, final: 100000000, step: 1, loopDepth: 0, cumulative-num-iterations: 100000000, look-ahead-ns: 518518496
Avg-Compute-Communication-Ratio = 1011.216731
Process 64 contributed MY_TOTAL = -nan, my_a = 386.300000, my_b= 386.400000
Integral: 37 computed

------------------------------------------------------------------------------
Waiting to receive partition information from master !
Process 64 computing itegral over my_a = 396.300000, my_b= 396.400000
Called SetLoopLookahead: init: 0, final: 100000000, step: 1, loopDepth: 0, cumulative-num-iterations: 100000000, look-ahead-ns: 518518496
Exp finishing. Stopping stack thread with id: 6!

------------------------- ACTUAL STDOUT FROM EXECUTABLE ENDED -----------------------------

Process: 6 exiting VT experiment !
Main thread exiting. PID = 6
