Attempting to set static arp entries ...
Tracer: 50 >> Using SRC IP: 10.1.21.226 for any spawned virtual tcp-stacks
Tracer: 50 >> Updating firewall rules to drop outgoing TCP-RST packets
Attempting to set firewall rules ...
Tracer: 50 >> CMD TO RUN: /home/vignesh/VT-S3FNet/csudp/tcp_tgen/tgen client 70 10.1.20.246 7891 poisson 200000 8 > /home/vignesh/VT-S3FNet/experiment-data/TCP_LA_Disabled_nemus_100_poisson_mu_200000_txsize_8/client70.log
args[0] = /home/vignesh/VT-S3FNet/csudp/tcp_tgen/tgen
args[1] = client
args[2] = 70
args[3] = 10.1.20.246
args[4] = 7891
args[5] = poisson
args[6] = 200000
args[7] = 8
Setting appropriate environment variables ...
HOME DIRECTORY : /home/vignesh
Parsing TTN config file: /home/vignesh/.ttn/projects.db
Setting VT_L1_INS_CACHE_MISS_CYCLES to: 100
Setting VT_L1_INS_CACHE_LINES to: 64
Setting VT_L1_INS_CACHE_SIZE_KB to: 32
Setting VT_L1_INS_CACHE_ASSOC to: 8
Setting VT_L1_INS_CACHE_REPLACEMENT_POLICY to: LRU
Setting VT_L1_DATA_CACHE_MISS_CYCLES to: 100
Setting VT_L1_DATA_CACHE_LINES to: 64
Setting VT_L1_DATA_CACHE_SIZE_KB to: 32
Setting VT_L1_DATA_CACHE_ASSOC to: 8
Setting VT_L1_DATA_CACHE_REPLACEMENT_POLICY to: LRU
Setting VT_CPU_CYLES_NS to: 2.700000
Setting VT_NIC_SPEED_MBPS to: 1000.000000
Setting VT_TIMING_MODEL to: EMPIRICAL
Setting VT_BBL_LOOKAHEAD_FILE to: /home/vignesh/VT-S3FNet/csudp/tcp_tgen/.ttn/lookahead/bbl_lookahead.info
Setting VT_LOOP_LOOKAHEAD_FILE to: /home/vignesh/VT-S3FNet/csudp/tcp_tgen/.ttn/lookahead/loop_lookahead.info
Starting command: /home/vignesh/VT-S3FNet/csudp/tcp_tgen/tgen
Loading orig functions !
Starting executable with Pid = 6
Loading pointers to VTL Logic functions
Loaded pointers to all VTL Logic functions
Now Initializing VT-Management 
Extracting env variables !
Extracted tracer-id: 50
Extracted exp-type: 2
Extracted cpu-cycles-ns: 2.700000
Extracted socket-layer-ip: -501939958
Starting VT-initialization !
Tracer-ID: 50, Timeline-ID: 50
Tracer registration for EXP_CS complete. TimelineID = 50, Return = 50
Tracer Adding to SQ. Tracer ID = 50
Parsing any provided lookahead information ...
Opening file: /home/vignesh/VT-S3FNet/csudp/tcp_tgen/.ttn/lookahead/bbl_lookahead.info
File size: 592
mapped memblock size: 592
Finish offset: 70, Number of values: 70
Returning success !
Loaded BBL lookaheads for 70 basic blocks ...
Opening file: /home/vignesh/VT-S3FNet/csudp/tcp_tgen/.ttn/lookahead/loop_lookahead.info
Failed to parse Loop Lookaheads. Ignoring ...
VT initialization successfull !
Finished Initializing VT-Management 
Initializing TCP-stack ...
TCP stack unique-id: 506
Starting virtual socket layer stack-thread !
Pthread_create: vtStackThread special case
Successfully initialized VTL-Logic embedded into the executable

------------------------- ACTUAL STDOUT FROM EXECUTABLE STARTS -----------------------------

Client: MyPid: 6
Adding new vt-tcp-socket !
Creating vt-tcp socket !
Client socket fd = 4097
setsockopt through vt-tcp !
setsockopt through vt-tcp !
Connecting to server ...
Connecting .. Socket: 4097, src-port: 40001
Waking up connected socket !
Socket connect success. socket = 4097
Connecting through vt-tcp success !
Sending data ...
Sending msgs of size: 1460 to server ...
Sent: 8 KB after: 0.077378 secs
Sent: 8 KB after: 0.137163 secs
Sent: 8 KB after: 0.024948 secs
Sent: 8 KB after: 0.120142 secs
Sent: 8 KB after: 0.180672 secs
Sent: 8 KB after: 0.047252 secs
Sent: 8 KB after: 0.209298 secs
Sent: 8 KB after: 0.058610 secs
Sent: 8 KB after: 0.159357 secs
Sent: 8 KB after: 0.334257 secs
Sent: 8 KB after: 0.059635 secs
Sent: 8 KB after: 0.437372 secs
Sent: 8 KB after: 0.005388 secs
Sent: 8 KB after: 0.035145 secs
Sent: 8 KB after: 0.048739 secs
Sent: 8 KB after: 0.153428 secs
Sent: 8 KB after: 0.087899 secs
Sent: 8 KB after: 0.039433 secs
Sent: 8 KB after: 0.272810 secs
Sent: 8 KB after: 0.386219 secs
Sent: 8 KB after: 0.014169 secs
Sent: 8 KB after: 0.111871 secs
Sent: 8 KB after: 0.178102 secs
Sent: 8 KB after: 0.263592 secs
Sent: 8 KB after: 0.222935 secs
Sent: 8 KB after: 1.049144 secs
Sent: 8 KB after: 0.015806 secs
Sent: 8 KB after: 0.109783 secs
Sent: 8 KB after: 0.304307 secs
Sent: 8 KB after: 0.256392 secs
Sent: 8 KB after: 0.045282 secs
Sent: 8 KB after: 0.021619 secs
Sent: 8 KB after: 0.049392 secs
Sent: 8 KB after: 0.077097 secs
Sent: 8 KB after: 0.161502 secs
Sent: 8 KB after: 0.335995 secs
Sent: 8 KB after: 0.151134 secs
Sent: 8 KB after: 0.045347 secs
Sent: 8 KB after: 0.014006 secs
Sent: 8 KB after: 0.016574 secs
Sent: 8 KB after: 0.002994 secs
Sent: 8 KB after: 0.078747 secs
Sent: 8 KB after: 0.683828 secs
Sent: 8 KB after: 0.008465 secs
Sent: 8 KB after: 0.133347 secs
Sent: 8 KB after: 0.040554 secs
Sent: 8 KB after: 0.172126 secs
Sent: 8 KB after: 0.369355 secs
Sent: 8 KB after: 0.090034 secs
Sent: 8 KB after: 0.077568 secs
Sent: 8 KB after: 0.238980 secs
Sent: 8 KB after: 0.112730 secs
Sent: 8 KB after: 0.277182 secs
Sent: 8 KB after: 0.067604 secs
Sent: 8 KB after: 0.035632 secs
Sent: 8 KB after: 0.109595 secs
Sent: 8 KB after: 0.066131 secs
Sent: 8 KB after: 0.054671 secs
Sent: 8 KB after: 0.371973 secs
Sent: 8 KB after: 0.013051 secs
Sent: 8 KB after: 0.652382 secs
Sent: 8 KB after: 0.009610 secs
Sent: 8 KB after: 0.036216 secs
Sent: 8 KB after: 0.039815 secs
Exp finishing. Stopping stack thread with id: 6!
VT-sleep-for exiting !

------------------------- ACTUAL STDOUT FROM EXECUTABLE ENDED -----------------------------

Process: 6 exiting VT experiment !
Main thread exiting. PID = 6
