Attempting to set static arp entries ...
Tracer: 1 >> Using SRC IP: 10.1.21.30 for any spawned virtual tcp-stacks
Tracer: 1 >> Updating firewall rules to drop outgoing TCP-RST packets
Attempting to set firewall rules ...
Tracer: 1 >> CMD TO RUN: /home/vignesh/VT-S3FNet/csudp/tcp_tgen/tgen client 21 10.1.21.230 7891 poisson 200000 8 > /home/vignesh/VT-S3FNet/experiment-data/TCP_LA_Disabled_nemus_100_poisson_mu_200000_txsize_8/client21.log
args[0] = /home/vignesh/VT-S3FNet/csudp/tcp_tgen/tgen
args[1] = client
args[2] = 21
args[3] = 10.1.21.230
args[4] = 7891
args[5] = poisson
args[6] = 200000
args[7] = 8
Setting appropriate environment variables ...
HOME DIRECTORY : /home/vignesh
Parsing TTN config file: /home/vignesh/.ttn/projects.db
Setting VT_L1_INS_CACHE_MISS_CYCLES to: 100
Setting VT_L1_INS_CACHE_LINES to: 64
Setting VT_L1_INS_CACHE_SIZE_KB to: 32
Setting VT_L1_INS_CACHE_ASSOC to: 8
Setting VT_L1_INS_CACHE_REPLACEMENT_POLICY to: LRU
Setting VT_L1_DATA_CACHE_MISS_CYCLES to: 100
Setting VT_L1_DATA_CACHE_LINES to: 64
Setting VT_L1_DATA_CACHE_SIZE_KB to: 32
Setting VT_L1_DATA_CACHE_ASSOC to: 8
Setting VT_L1_DATA_CACHE_REPLACEMENT_POLICY to: LRU
Setting VT_CPU_CYLES_NS to: 2.700000
Setting VT_NIC_SPEED_MBPS to: 1000.000000
Setting VT_TIMING_MODEL to: EMPIRICAL
Setting VT_BBL_LOOKAHEAD_FILE to: /home/vignesh/VT-S3FNet/csudp/tcp_tgen/.ttn/lookahead/bbl_lookahead.info
Setting VT_LOOP_LOOKAHEAD_FILE to: /home/vignesh/VT-S3FNet/csudp/tcp_tgen/.ttn/lookahead/loop_lookahead.info
Starting command: /home/vignesh/VT-S3FNet/csudp/tcp_tgen/tgen
Loading orig functions !
Starting executable with Pid = 6
Loading pointers to VTL Logic functions
Loaded pointers to all VTL Logic functions
Now Initializing VT-Management 
Extracting env variables !
Extracted tracer-id: 1
Extracted exp-type: 2
Extracted cpu-cycles-ns: 2.700000
Extracted socket-layer-ip: 504693002
Starting VT-initialization !
Tracer-ID: 1, Timeline-ID: 1
Tracer registration for EXP_CS complete. TimelineID = 1, Return = 1
Tracer Adding to SQ. Tracer ID = 1
Parsing any provided lookahead information ...
Opening file: /home/vignesh/VT-S3FNet/csudp/tcp_tgen/.ttn/lookahead/bbl_lookahead.info
File size: 592
mapped memblock size: 592
Finish offset: 70, Number of values: 70
Returning success !
Loaded BBL lookaheads for 70 basic blocks ...
Opening file: /home/vignesh/VT-S3FNet/csudp/tcp_tgen/.ttn/lookahead/loop_lookahead.info
Failed to parse Loop Lookaheads. Ignoring ...
VT initialization successfull !
Finished Initializing VT-Management 
Initializing TCP-stack ...
TCP stack unique-id: 16
Starting virtual socket layer stack-thread !
Pthread_create: vtStackThread special case
Successfully initialized VTL-Logic embedded into the executable

------------------------- ACTUAL STDOUT FROM EXECUTABLE STARTS -----------------------------

Client: MyPid: 6
Adding new vt-tcp-socket !
Creating vt-tcp socket !
Client socket fd = 4097
setsockopt through vt-tcp !
setsockopt through vt-tcp !
Connecting to server ...
Connecting .. Socket: 4097, src-port: 40001
Waking up connected socket !
Socket connect success. socket = 4097
Connecting through vt-tcp success !
Sending data ...
Sending msgs of size: 1460 to server ...
Sent: 8 KB after: 0.048526 secs
Sent: 8 KB after: 0.018760 secs
Sent: 8 KB after: 0.077581 secs
Sent: 8 KB after: 0.183008 secs
Sent: 8 KB after: 0.507617 secs
Sent: 8 KB after: 0.001675 secs
Sent: 8 KB after: 0.057488 secs
Sent: 8 KB after: 0.235773 secs
Sent: 8 KB after: 0.088726 secs
Sent: 8 KB after: 0.346513 secs
Sent: 8 KB after: 0.025130 secs
Sent: 8 KB after: 0.162017 secs
Sent: 8 KB after: 0.096695 secs
Sent: 8 KB after: 0.068106 secs
Sent: 8 KB after: 0.347228 secs
Sent: 8 KB after: 0.074053 secs
Sent: 8 KB after: 0.391001 secs
Sent: 8 KB after: 0.226885 secs
Sent: 8 KB after: 0.007940 secs
Sent: 8 KB after: 0.006774 secs
Sent: 8 KB after: 0.020699 secs
Sent: 8 KB after: 0.072922 secs
Sent: 8 KB after: 0.039280 secs
Sent: 8 KB after: 0.091458 secs
Sent: 8 KB after: 0.021023 secs
Sent: 8 KB after: 0.178087 secs
Sent: 8 KB after: 0.063385 secs
Sent: 8 KB after: 0.008202 secs
Sent: 8 KB after: 0.434051 secs
Sent: 8 KB after: 0.506075 secs
Sent: 8 KB after: 0.278485 secs
Sent: 8 KB after: 0.021359 secs
Sent: 8 KB after: 0.001991 secs
Sent: 8 KB after: 0.015171 secs
Sent: 8 KB after: 0.241321 secs
Sent: 8 KB after: 0.534410 secs
Sent: 8 KB after: 0.016979 secs
Sent: 8 KB after: 0.601595 secs
Sent: 8 KB after: 0.195241 secs
Sent: 8 KB after: 0.115852 secs
Sent: 8 KB after: 0.297248 secs
Sent: 8 KB after: 0.270449 secs
Sent: 8 KB after: 1.054403 secs
Sent: 8 KB after: 0.034191 secs
Sent: 8 KB after: 0.006081 secs
Sent: 8 KB after: 0.341485 secs
Sent: 8 KB after: 0.125693 secs
Sent: 8 KB after: 0.438535 secs
Sent: 8 KB after: 0.137457 secs
Sent: 8 KB after: 0.140846 secs
Sent: 8 KB after: 0.509408 secs
Sent: 8 KB after: 0.180960 secs
Exp finishing. Stopping stack thread with id: 6!
VT-sleep-for exiting !

------------------------- ACTUAL STDOUT FROM EXECUTABLE ENDED -----------------------------

Process: 6 exiting VT experiment !
Main thread exiting. PID = 6
