Attempting to set static arp entries ...
Tracer: 27 >> Using SRC IP: 10.1.21.94 for any spawned virtual tcp-stacks
Tracer: 27 >> Updating firewall rules to drop outgoing TCP-RST packets
Attempting to set firewall rules ...
Tracer: 27 >> CMD TO RUN: /home/vignesh/VT-S3FNet/csudp/tcp_tgen/tgen client 47 10.1.21.74 7891 rate 100 > /home/vignesh/VT-S3FNet/experiment-data/TCP_LA_Enabled_nemus_60_ratelim_rate_100/client47.log
args[0] = /home/vignesh/VT-S3FNet/csudp/tcp_tgen/tgen
args[1] = client
args[2] = 47
args[3] = 10.1.21.74
args[4] = 7891
args[5] = rate
args[6] = 100
Setting appropriate environment variables ...
HOME DIRECTORY : /home/vignesh
Parsing TTN config file: /home/vignesh/.ttn/projects.db
Setting VT_L1_INS_CACHE_MISS_CYCLES to: 100
Setting VT_L1_INS_CACHE_LINES to: 64
Setting VT_L1_INS_CACHE_SIZE_KB to: 32
Setting VT_L1_INS_CACHE_ASSOC to: 8
Setting VT_L1_INS_CACHE_REPLACEMENT_POLICY to: LRU
Setting VT_L1_DATA_CACHE_MISS_CYCLES to: 100
Setting VT_L1_DATA_CACHE_LINES to: 64
Setting VT_L1_DATA_CACHE_SIZE_KB to: 32
Setting VT_L1_DATA_CACHE_ASSOC to: 8
Setting VT_L1_DATA_CACHE_REPLACEMENT_POLICY to: LRU
Setting VT_CPU_CYLES_NS to: 2.700000
Setting VT_NIC_SPEED_MBPS to: 1000.000000
Setting VT_TIMING_MODEL to: EMPIRICAL
Setting VT_BBL_LOOKAHEAD_FILE to: /home/vignesh/VT-S3FNet/csudp/tcp_tgen/.ttn/lookahead/bbl_lookahead.info
Setting VT_LOOP_LOOKAHEAD_FILE to: /home/vignesh/VT-S3FNet/csudp/tcp_tgen/.ttn/lookahead/loop_lookahead.info
Starting command: /home/vignesh/VT-S3FNet/csudp/tcp_tgen/tgen
Loading orig functions !
Starting executable with Pid = 6
Loading pointers to VTL Logic functions
Loaded pointers to all VTL Logic functions
Now Initializing VT-Management 
Extracting env variables !
Extracted tracer-id: 27
Extracted exp-type: 2
Extracted cpu-cycles-ns: 2.700000
Extracted socket-layer-ip: 1578434826
Starting VT-initialization !
Tracer-ID: 27, Timeline-ID: 27
Tracer registration for EXP_CS complete. TimelineID = 27, Return = 27
Tracer Adding to SQ. Tracer ID = 27
Parsing any provided lookahead information ...
Opening file: /home/vignesh/VT-S3FNet/csudp/tcp_tgen/.ttn/lookahead/bbl_lookahead.info
File size: 592
mapped memblock size: 592
Finish offset: 70, Number of values: 70
Returning success !
Loaded BBL lookaheads for 70 basic blocks ...
Opening file: /home/vignesh/VT-S3FNet/csudp/tcp_tgen/.ttn/lookahead/loop_lookahead.info
Failed to parse Loop Lookaheads. Ignoring ...
VT initialization successfull !
Finished Initializing VT-Management 
Initializing TCP-stack ...
TCP stack unique-id: 276
Starting virtual socket layer stack-thread !
Pthread_create: vtStackThread special case
Successfully initialized VTL-Logic embedded into the executable

------------------------- ACTUAL STDOUT FROM EXECUTABLE STARTS -----------------------------

Client: MyPid: 6
Adding new vt-tcp-socket !
Creating vt-tcp socket !
Client socket fd = 4097
setsockopt through vt-tcp !
setsockopt through vt-tcp !
Connecting to server ...
Connecting .. Socket: 4097, src-port: 40001
Waking up connected socket !
Socket connect success. socket = 4097
Connecting through vt-tcp success !
Sending data ...
Sending msgs of size: 1460 to server at rate 100 (Mbps)...
Bytes Sent = 125560, targetBytesSent = 125000, timeLeft (us) = 6876
Bytes Sent = 125560, targetBytesSent = 124440, timeLeft (us) = 6919
Bytes Sent = 124100, targetBytesSent = 123880, timeLeft (us) = 6867
Bytes Sent = 125560, targetBytesSent = 124780, timeLeft (us) = 6959
Bytes Sent = 125560, targetBytesSent = 124220, timeLeft (us) = 6858
Bytes Sent = 124100, targetBytesSent = 123660, timeLeft (us) = 6894
Bytes Sent = 125560, targetBytesSent = 124560, timeLeft (us) = 6881
Bytes Sent = 124100, targetBytesSent = 124000, timeLeft (us) = 6876
Client sent: 1 MBs of data
Bytes Sent = 125560, targetBytesSent = 124900, timeLeft (us) = 6868
Bytes Sent = 125560, targetBytesSent = 124340, timeLeft (us) = 6880
Bytes Sent = 124100, targetBytesSent = 123780, timeLeft (us) = 6902
Bytes Sent = 125560, targetBytesSent = 124680, timeLeft (us) = 6834
Bytes Sent = 125560, targetBytesSent = 124120, timeLeft (us) = 6920
Bytes Sent = 124100, targetBytesSent = 123560, timeLeft (us) = 6894
Bytes Sent = 125560, targetBytesSent = 124460, timeLeft (us) = 6886
Bytes Sent = 124100, targetBytesSent = 123900, timeLeft (us) = 6914
Client sent: 2 MBs of data
Bytes Sent = 125560, targetBytesSent = 124800, timeLeft (us) = 6881
Bytes Sent = 125560, targetBytesSent = 124240, timeLeft (us) = 6903
Bytes Sent = 124100, targetBytesSent = 123680, timeLeft (us) = 6899
Bytes Sent = 125560, targetBytesSent = 124580, timeLeft (us) = 6928
Bytes Sent = 124100, targetBytesSent = 124020, timeLeft (us) = 6901
Bytes Sent = 125560, targetBytesSent = 124920, timeLeft (us) = 6908
Bytes Sent = 125560, targetBytesSent = 124360, timeLeft (us) = 6893
Bytes Sent = 124100, targetBytesSent = 123800, timeLeft (us) = 6893
Client sent: 3 MBs of data
Bytes Sent = 125560, targetBytesSent = 124700, timeLeft (us) = 6844
Bytes Sent = 125560, targetBytesSent = 124140, timeLeft (us) = 6864
Bytes Sent = 124100, targetBytesSent = 123580, timeLeft (us) = 6854
Bytes Sent = 125560, targetBytesSent = 124480, timeLeft (us) = 6880
Bytes Sent = 124100, targetBytesSent = 123920, timeLeft (us) = 6897
Bytes Sent = 125560, targetBytesSent = 124820, timeLeft (us) = 6842
Bytes Sent = 125560, targetBytesSent = 124260, timeLeft (us) = 6917
Bytes Sent = 124100, targetBytesSent = 123700, timeLeft (us) = 6911
Client sent: 4 MBs of data
Bytes Sent = 125560, targetBytesSent = 124600, timeLeft (us) = 6892
Bytes Sent = 124100, targetBytesSent = 124040, timeLeft (us) = 6867
Bytes Sent = 125560, targetBytesSent = 124940, timeLeft (us) = 6837
Bytes Sent = 125560, targetBytesSent = 124380, timeLeft (us) = 6867
Bytes Sent = 124100, targetBytesSent = 123820, timeLeft (us) = 6880
Bytes Sent = 125560, targetBytesSent = 124720, timeLeft (us) = 6905
Bytes Sent = 125560, targetBytesSent = 124160, timeLeft (us) = 6871
Bytes Sent = 124100, targetBytesSent = 123600, timeLeft (us) = 6889
Client sent: 5 MBs of data
Bytes Sent = 125560, targetBytesSent = 124500, timeLeft (us) = 6857
Bytes Sent = 124100, targetBytesSent = 123940, timeLeft (us) = 6869
Bytes Sent = 125560, targetBytesSent = 124840, timeLeft (us) = 6851
Bytes Sent = 125560, targetBytesSent = 124280, timeLeft (us) = 6923
Bytes Sent = 124100, targetBytesSent = 123720, timeLeft (us) = 6926
Bytes Sent = 125560, targetBytesSent = 124620, timeLeft (us) = 6864
Bytes Sent = 124100, targetBytesSent = 124060, timeLeft (us) = 6887
Bytes Sent = 125560, targetBytesSent = 124960, timeLeft (us) = 6866
Client sent: 6 MBs of data
Bytes Sent = 125560, targetBytesSent = 124400, timeLeft (us) = 6881
Bytes Sent = 124100, targetBytesSent = 123840, timeLeft (us) = 6902
Bytes Sent = 125560, targetBytesSent = 124740, timeLeft (us) = 6902
Bytes Sent = 125560, targetBytesSent = 124180, timeLeft (us) = 6915
Bytes Sent = 124100, targetBytesSent = 123620, timeLeft (us) = 6855
Bytes Sent = 125560, targetBytesSent = 124520, timeLeft (us) = 6868
Bytes Sent = 124100, targetBytesSent = 123960, timeLeft (us) = 6854
Bytes Sent = 125560, targetBytesSent = 124860, timeLeft (us) = 6889
Client sent: 7 MBs of data
Bytes Sent = 125560, targetBytesSent = 124300, timeLeft (us) = 6827
Bytes Sent = 124100, targetBytesSent = 123740, timeLeft (us) = 6879
Bytes Sent = 125560, targetBytesSent = 124640, timeLeft (us) = 6912
Bytes Sent = 124100, targetBytesSent = 124080, timeLeft (us) = 6875
Bytes Sent = 125560, targetBytesSent = 124980, timeLeft (us) = 6869
Bytes Sent = 125560, targetBytesSent = 124420, timeLeft (us) = 6903
Bytes Sent = 124100, targetBytesSent = 123860, timeLeft (us) = 6923
Bytes Sent = 125560, targetBytesSent = 124760, timeLeft (us) = 6885
Client sent: 8 MBs of data
Bytes Sent = 125560, targetBytesSent = 124200, timeLeft (us) = 6966
Bytes Sent = 124100, targetBytesSent = 123640, timeLeft (us) = 6872
Bytes Sent = 125560, targetBytesSent = 124540, timeLeft (us) = 6883
Bytes Sent = 124100, targetBytesSent = 123980, timeLeft (us) = 6880
Bytes Sent = 125560, targetBytesSent = 124880, timeLeft (us) = 6915
Bytes Sent = 125560, targetBytesSent = 124320, timeLeft (us) = 6904
Bytes Sent = 124100, targetBytesSent = 123760, timeLeft (us) = 6877
Bytes Sent = 125560, targetBytesSent = 124660, timeLeft (us) = 6929
Client sent: 9 MBs of data
Bytes Sent = 124100, targetBytesSent = 124100, timeLeft (us) = 6940
Bytes Sent = 125560, targetBytesSent = 125000, timeLeft (us) = 6930
Bytes Sent = 125560, targetBytesSent = 124440, timeLeft (us) = 6903
Bytes Sent = 124100, targetBytesSent = 123880, timeLeft (us) = 6892
Bytes Sent = 125560, targetBytesSent = 124780, timeLeft (us) = 6882
Bytes Sent = 125560, targetBytesSent = 124220, timeLeft (us) = 6917
Bytes Sent = 124100, targetBytesSent = 123660, timeLeft (us) = 6871
Bytes Sent = 125560, targetBytesSent = 124560, timeLeft (us) = 6935
Client sent: 10 MBs of data
Bytes Sent = 124100, targetBytesSent = 124000, timeLeft (us) = 6853
Bytes Sent = 125560, targetBytesSent = 124900, timeLeft (us) = 6924
Bytes Sent = 125560, targetBytesSent = 124340, timeLeft (us) = 6919
Bytes Sent = 124100, targetBytesSent = 123780, timeLeft (us) = 6836
Bytes Sent = 125560, targetBytesSent = 124680, timeLeft (us) = 6896
Bytes Sent = 125560, targetBytesSent = 124120, timeLeft (us) = 6861
Bytes Sent = 124100, targetBytesSent = 123560, timeLeft (us) = 6928
Bytes Sent = 125560, targetBytesSent = 124460, timeLeft (us) = 6889
Client sent: 11 MBs of data
Bytes Sent = 124100, targetBytesSent = 123900, timeLeft (us) = 6855
Bytes Sent = 125560, targetBytesSent = 124800, timeLeft (us) = 6944
Bytes Sent = 125560, targetBytesSent = 124240, timeLeft (us) = 6901
Bytes Sent = 124100, targetBytesSent = 123680, timeLeft (us) = 6901
Bytes Sent = 125560, targetBytesSent = 124580, timeLeft (us) = 6881
Bytes Sent = 124100, targetBytesSent = 124020, timeLeft (us) = 6923
Bytes Sent = 125560, targetBytesSent = 124920, timeLeft (us) = 6899
Bytes Sent = 125560, targetBytesSent = 124360, timeLeft (us) = 6908
Client sent: 12 MBs of data
Bytes Sent = 124100, targetBytesSent = 123800, timeLeft (us) = 6900
Bytes Sent = 125560, targetBytesSent = 124700, timeLeft (us) = 6860
Bytes Sent = 125560, targetBytesSent = 124140, timeLeft (us) = 6874
Bytes Sent = 124100, targetBytesSent = 123580, timeLeft (us) = 6874
Bytes Sent = 125560, targetBytesSent = 124480, timeLeft (us) = 6908
Bytes Sent = 124100, targetBytesSent = 123920, timeLeft (us) = 6937
Bytes Sent = 125560, targetBytesSent = 124820, timeLeft (us) = 6835
Bytes Sent = 125560, targetBytesSent = 124260, timeLeft (us) = 6908
Client sent: 13 MBs of data
Bytes Sent = 124100, targetBytesSent = 123700, timeLeft (us) = 6923
Bytes Sent = 125560, targetBytesSent = 124600, timeLeft (us) = 6892
Bytes Sent = 124100, targetBytesSent = 124040, timeLeft (us) = 6920
Bytes Sent = 125560, targetBytesSent = 124940, timeLeft (us) = 6881
Bytes Sent = 125560, targetBytesSent = 124380, timeLeft (us) = 6904
Bytes Sent = 124100, targetBytesSent = 123820, timeLeft (us) = 6873
Bytes Sent = 125560, targetBytesSent = 124720, timeLeft (us) = 6888
Bytes Sent = 125560, targetBytesSent = 124160, timeLeft (us) = 6897
Client sent: 14 MBs of data
Bytes Sent = 124100, targetBytesSent = 123600, timeLeft (us) = 6873
Bytes Sent = 125560, targetBytesSent = 124500, timeLeft (us) = 6906
Bytes Sent = 124100, targetBytesSent = 123940, timeLeft (us) = 6916
Bytes Sent = 125560, targetBytesSent = 124840, timeLeft (us) = 6888
Bytes Sent = 125560, targetBytesSent = 124280, timeLeft (us) = 6902
Bytes Sent = 124100, targetBytesSent = 123720, timeLeft (us) = 6857
Bytes Sent = 125560, targetBytesSent = 124620, timeLeft (us) = 6846
Bytes Sent = 124100, targetBytesSent = 124060, timeLeft (us) = 6894
Client sent: 15 MBs of data
Bytes Sent = 125560, targetBytesSent = 124960, timeLeft (us) = 6845
Bytes Sent = 125560, targetBytesSent = 124400, timeLeft (us) = 6891
Bytes Sent = 124100, targetBytesSent = 123840, timeLeft (us) = 6934
Bytes Sent = 125560, targetBytesSent = 124740, timeLeft (us) = 6900
Bytes Sent = 125560, targetBytesSent = 124180, timeLeft (us) = 6863
Bytes Sent = 124100, targetBytesSent = 123620, timeLeft (us) = 6859
Bytes Sent = 125560, targetBytesSent = 124520, timeLeft (us) = 6883
Bytes Sent = 124100, targetBytesSent = 123960, timeLeft (us) = 6943
Client sent: 16 MBs of data
Bytes Sent = 125560, targetBytesSent = 124860, timeLeft (us) = 6896
Bytes Sent = 125560, targetBytesSent = 124300, timeLeft (us) = 6916
Bytes Sent = 124100, targetBytesSent = 123740, timeLeft (us) = 6896
Bytes Sent = 125560, targetBytesSent = 124640, timeLeft (us) = 6897
Bytes Sent = 124100, targetBytesSent = 124080, timeLeft (us) = 6870
Bytes Sent = 125560, targetBytesSent = 124980, timeLeft (us) = 6874
Bytes Sent = 125560, targetBytesSent = 124420, timeLeft (us) = 6914
Bytes Sent = 124100, targetBytesSent = 123860, timeLeft (us) = 6935
Client sent: 17 MBs of data
Bytes Sent = 125560, targetBytesSent = 124760, timeLeft (us) = 6908
Bytes Sent = 125560, targetBytesSent = 124200, timeLeft (us) = 6837
Bytes Sent = 124100, targetBytesSent = 123640, timeLeft (us) = 6917
Bytes Sent = 125560, targetBytesSent = 124540, timeLeft (us) = 6887
Bytes Sent = 124100, targetBytesSent = 123980, timeLeft (us) = 6890
Bytes Sent = 125560, targetBytesSent = 124880, timeLeft (us) = 6955
Bytes Sent = 125560, targetBytesSent = 124320, timeLeft (us) = 6883
Bytes Sent = 124100, targetBytesSent = 123760, timeLeft (us) = 6913
Client sent: 18 MBs of data
Bytes Sent = 125560, targetBytesSent = 124660, timeLeft (us) = 6881
Bytes Sent = 124100, targetBytesSent = 124100, timeLeft (us) = 6900
Bytes Sent = 125560, targetBytesSent = 125000, timeLeft (us) = 6919
Bytes Sent = 125560, targetBytesSent = 124440, timeLeft (us) = 6934
Bytes Sent = 124100, targetBytesSent = 123880, timeLeft (us) = 6920
Bytes Sent = 125560, targetBytesSent = 124780, timeLeft (us) = 6920
Bytes Sent = 125560, targetBytesSent = 124220, timeLeft (us) = 6889
Bytes Sent = 124100, targetBytesSent = 123660, timeLeft (us) = 6915
Client sent: 19 MBs of data
Bytes Sent = 125560, targetBytesSent = 124560, timeLeft (us) = 6907
Bytes Sent = 124100, targetBytesSent = 124000, timeLeft (us) = 6938
Bytes Sent = 125560, targetBytesSent = 124900, timeLeft (us) = 6890
Bytes Sent = 125560, targetBytesSent = 124340, timeLeft (us) = 6884
Bytes Sent = 124100, targetBytesSent = 123780, timeLeft (us) = 6924
Bytes Sent = 125560, targetBytesSent = 124680, timeLeft (us) = 6935
Bytes Sent = 125560, targetBytesSent = 124120, timeLeft (us) = 6911
Bytes Sent = 124100, targetBytesSent = 123560, timeLeft (us) = 6926
Client sent: 20 MBs of data
Bytes Sent = 125560, targetBytesSent = 124460, timeLeft (us) = 6906
Bytes Sent = 124100, targetBytesSent = 123900, timeLeft (us) = 6916
Bytes Sent = 125560, targetBytesSent = 124800, timeLeft (us) = 6873
Bytes Sent = 125560, targetBytesSent = 124240, timeLeft (us) = 6869
Bytes Sent = 124100, targetBytesSent = 123680, timeLeft (us) = 6886
Bytes Sent = 125560, targetBytesSent = 124580, timeLeft (us) = 6901
Bytes Sent = 124100, targetBytesSent = 124020, timeLeft (us) = 6861
Bytes Sent = 125560, targetBytesSent = 124920, timeLeft (us) = 6888
Client sent: 21 MBs of data
Bytes Sent = 125560, targetBytesSent = 124360, timeLeft (us) = 6917
Bytes Sent = 124100, targetBytesSent = 123800, timeLeft (us) = 6865
Bytes Sent = 125560, targetBytesSent = 124700, timeLeft (us) = 6892
Bytes Sent = 125560, targetBytesSent = 124140, timeLeft (us) = 6817
Bytes Sent = 124100, targetBytesSent = 123580, timeLeft (us) = 6902
Bytes Sent = 125560, targetBytesSent = 124480, timeLeft (us) = 6883
Bytes Sent = 124100, targetBytesSent = 123920, timeLeft (us) = 6935
Bytes Sent = 125560, targetBytesSent = 124820, timeLeft (us) = 6881
Client sent: 22 MBs of data
Bytes Sent = 125560, targetBytesSent = 124260, timeLeft (us) = 6920
Bytes Sent = 124100, targetBytesSent = 123700, timeLeft (us) = 6906
Bytes Sent = 125560, targetBytesSent = 124600, timeLeft (us) = 6947
Bytes Sent = 124100, targetBytesSent = 124040, timeLeft (us) = 6855
Bytes Sent = 125560, targetBytesSent = 124940, timeLeft (us) = 6857
Bytes Sent = 125560, targetBytesSent = 124380, timeLeft (us) = 6853
Bytes Sent = 124100, targetBytesSent = 123820, timeLeft (us) = 6821
Bytes Sent = 125560, targetBytesSent = 124720, timeLeft (us) = 6903
Client sent: 23 MBs of data
Bytes Sent = 125560, targetBytesSent = 124160, timeLeft (us) = 6896
Bytes Sent = 124100, targetBytesSent = 123600, timeLeft (us) = 6866
Bytes Sent = 125560, targetBytesSent = 124500, timeLeft (us) = 6874
Bytes Sent = 124100, targetBytesSent = 123940, timeLeft (us) = 6900
Bytes Sent = 125560, targetBytesSent = 124840, timeLeft (us) = 6878
Bytes Sent = 125560, targetBytesSent = 124280, timeLeft (us) = 6922
Bytes Sent = 124100, targetBytesSent = 123720, timeLeft (us) = 6897
Bytes Sent = 125560, targetBytesSent = 124620, timeLeft (us) = 6922
Client sent: 24 MBs of data
Bytes Sent = 124100, targetBytesSent = 124060, timeLeft (us) = 6844
Bytes Sent = 125560, targetBytesSent = 124960, timeLeft (us) = 6896
Bytes Sent = 125560, targetBytesSent = 124400, timeLeft (us) = 6879
Bytes Sent = 124100, targetBytesSent = 123840, timeLeft (us) = 6909
Bytes Sent = 125560, targetBytesSent = 124740, timeLeft (us) = 6915
Bytes Sent = 125560, targetBytesSent = 124180, timeLeft (us) = 6862
Bytes Sent = 124100, targetBytesSent = 123620, timeLeft (us) = 6859
Bytes Sent = 125560, targetBytesSent = 124520, timeLeft (us) = 6881
Client sent: 25 MBs of data
Bytes Sent = 124100, targetBytesSent = 123960, timeLeft (us) = 6877
Bytes Sent = 125560, targetBytesSent = 124860, timeLeft (us) = 6880
Bytes Sent = 125560, targetBytesSent = 124300, timeLeft (us) = 6897
Bytes Sent = 124100, targetBytesSent = 123740, timeLeft (us) = 6890
Bytes Sent = 125560, targetBytesSent = 124640, timeLeft (us) = 6905
Bytes Sent = 124100, targetBytesSent = 124080, timeLeft (us) = 6875
Bytes Sent = 125560, targetBytesSent = 124980, timeLeft (us) = 6882
Bytes Sent = 125560, targetBytesSent = 124420, timeLeft (us) = 6880
Client sent: 26 MBs of data
Bytes Sent = 124100, targetBytesSent = 123860, timeLeft (us) = 6877
Bytes Sent = 125560, targetBytesSent = 124760, timeLeft (us) = 6900
Bytes Sent = 125560, targetBytesSent = 124200, timeLeft (us) = 6882
Bytes Sent = 124100, targetBytesSent = 123640, timeLeft (us) = 6874
Bytes Sent = 125560, targetBytesSent = 124540, timeLeft (us) = 6905
Bytes Sent = 124100, targetBytesSent = 123980, timeLeft (us) = 6875
Bytes Sent = 125560, targetBytesSent = 124880, timeLeft (us) = 6845
Bytes Sent = 125560, targetBytesSent = 124320, timeLeft (us) = 6871
Client sent: 27 MBs of data
Bytes Sent = 124100, targetBytesSent = 123760, timeLeft (us) = 6903
Bytes Sent = 125560, targetBytesSent = 124660, timeLeft (us) = 6899
Bytes Sent = 124100, targetBytesSent = 124100, timeLeft (us) = 6907
Bytes Sent = 125560, targetBytesSent = 125000, timeLeft (us) = 6896
Bytes Sent = 125560, targetBytesSent = 124440, timeLeft (us) = 6942
Bytes Sent = 124100, targetBytesSent = 123880, timeLeft (us) = 6919
Bytes Sent = 125560, targetBytesSent = 124780, timeLeft (us) = 6884
Bytes Sent = 125560, targetBytesSent = 124220, timeLeft (us) = 6914
Client sent: 28 MBs of data
Bytes Sent = 124100, targetBytesSent = 123660, timeLeft (us) = 6898
Bytes Sent = 125560, targetBytesSent = 124560, timeLeft (us) = 6900
Bytes Sent = 124100, targetBytesSent = 124000, timeLeft (us) = 6888
Bytes Sent = 125560, targetBytesSent = 124900, timeLeft (us) = 6890
Bytes Sent = 125560, targetBytesSent = 124340, timeLeft (us) = 6870
Bytes Sent = 124100, targetBytesSent = 123780, timeLeft (us) = 6865
Bytes Sent = 125560, targetBytesSent = 124680, timeLeft (us) = 6874
Bytes Sent = 125560, targetBytesSent = 124120, timeLeft (us) = 6900
Client sent: 29 MBs of data
Bytes Sent = 124100, targetBytesSent = 123560, timeLeft (us) = 6893
Bytes Sent = 125560, targetBytesSent = 124460, timeLeft (us) = 6943
Bytes Sent = 124100, targetBytesSent = 123900, timeLeft (us) = 6897
Bytes Sent = 125560, targetBytesSent = 124800, timeLeft (us) = 6899
Bytes Sent = 125560, targetBytesSent = 124240, timeLeft (us) = 6880
Bytes Sent = 124100, targetBytesSent = 123680, timeLeft (us) = 6928
Bytes Sent = 125560, targetBytesSent = 124580, timeLeft (us) = 6938
Bytes Sent = 124100, targetBytesSent = 124020, timeLeft (us) = 6877
Client sent: 30 MBs of data
Bytes Sent = 125560, targetBytesSent = 124920, timeLeft (us) = 6846
Bytes Sent = 125560, targetBytesSent = 124360, timeLeft (us) = 6897
Bytes Sent = 124100, targetBytesSent = 123800, timeLeft (us) = 6881
Bytes Sent = 125560, targetBytesSent = 124700, timeLeft (us) = 6939
Bytes Sent = 125560, targetBytesSent = 124140, timeLeft (us) = 6845
Bytes Sent = 124100, targetBytesSent = 123580, timeLeft (us) = 6854
Bytes Sent = 125560, targetBytesSent = 124480, timeLeft (us) = 6919
Bytes Sent = 124100, targetBytesSent = 123920, timeLeft (us) = 6906
Client sent: 31 MBs of data
Bytes Sent = 125560, targetBytesSent = 124820, timeLeft (us) = 6904
Bytes Sent = 125560, targetBytesSent = 124260, timeLeft (us) = 6901
Bytes Sent = 124100, targetBytesSent = 123700, timeLeft (us) = 6932
Bytes Sent = 125560, targetBytesSent = 124600, timeLeft (us) = 6850
Bytes Sent = 124100, targetBytesSent = 124040, timeLeft (us) = 6882
Bytes Sent = 125560, targetBytesSent = 124940, timeLeft (us) = 6898
Bytes Sent = 125560, targetBytesSent = 124380, timeLeft (us) = 6887
Bytes Sent = 124100, targetBytesSent = 123820, timeLeft (us) = 6903
Client sent: 32 MBs of data
Bytes Sent = 125560, targetBytesSent = 124720, timeLeft (us) = 6876
Bytes Sent = 125560, targetBytesSent = 124160, timeLeft (us) = 6925
Bytes Sent = 124100, targetBytesSent = 123600, timeLeft (us) = 6892
Bytes Sent = 125560, targetBytesSent = 124500, timeLeft (us) = 6900
Bytes Sent = 124100, targetBytesSent = 123940, timeLeft (us) = 6886
Bytes Sent = 125560, targetBytesSent = 124840, timeLeft (us) = 6857
Bytes Sent = 125560, targetBytesSent = 124280, timeLeft (us) = 6912
Bytes Sent = 124100, targetBytesSent = 123720, timeLeft (us) = 6886
Client sent: 33 MBs of data
Bytes Sent = 125560, targetBytesSent = 124620, timeLeft (us) = 6886
Bytes Sent = 124100, targetBytesSent = 124060, timeLeft (us) = 6883
Bytes Sent = 125560, targetBytesSent = 124960, timeLeft (us) = 6873
Bytes Sent = 125560, targetBytesSent = 124400, timeLeft (us) = 6875
Bytes Sent = 124100, targetBytesSent = 123840, timeLeft (us) = 6909
Bytes Sent = 125560, targetBytesSent = 124740, timeLeft (us) = 6934
Bytes Sent = 125560, targetBytesSent = 124180, timeLeft (us) = 6932
Bytes Sent = 124100, targetBytesSent = 123620, timeLeft (us) = 6902
Client sent: 34 MBs of data
Bytes Sent = 125560, targetBytesSent = 124520, timeLeft (us) = 6875
Bytes Sent = 124100, targetBytesSent = 123960, timeLeft (us) = 6875
Bytes Sent = 125560, targetBytesSent = 124860, timeLeft (us) = 6889
Bytes Sent = 125560, targetBytesSent = 124300, timeLeft (us) = 6922
Bytes Sent = 124100, targetBytesSent = 123740, timeLeft (us) = 6890
Bytes Sent = 125560, targetBytesSent = 124640, timeLeft (us) = 6947
Bytes Sent = 124100, targetBytesSent = 124080, timeLeft (us) = 6877
Bytes Sent = 125560, targetBytesSent = 124980, timeLeft (us) = 6905
Client sent: 35 MBs of data
Bytes Sent = 125560, targetBytesSent = 124420, timeLeft (us) = 6889
Bytes Sent = 124100, targetBytesSent = 123860, timeLeft (us) = 6904
Bytes Sent = 125560, targetBytesSent = 124760, timeLeft (us) = 6897
Bytes Sent = 125560, targetBytesSent = 124200, timeLeft (us) = 6860
Bytes Sent = 124100, targetBytesSent = 123640, timeLeft (us) = 6902
Bytes Sent = 125560, targetBytesSent = 124540, timeLeft (us) = 6903
Bytes Sent = 124100, targetBytesSent = 123980, timeLeft (us) = 6882
Bytes Sent = 125560, targetBytesSent = 124880, timeLeft (us) = 6882
Client sent: 36 MBs of data
Bytes Sent = 125560, targetBytesSent = 124320, timeLeft (us) = 6900
Bytes Sent = 124100, targetBytesSent = 123760, timeLeft (us) = 6907
Bytes Sent = 125560, targetBytesSent = 124660, timeLeft (us) = 6914
Bytes Sent = 124100, targetBytesSent = 124100, timeLeft (us) = 6872
Bytes Sent = 125560, targetBytesSent = 125000, timeLeft (us) = 6917
Bytes Sent = 125560, targetBytesSent = 124440, timeLeft (us) = 6909
Bytes Sent = 124100, targetBytesSent = 123880, timeLeft (us) = 6906
Bytes Sent = 125560, targetBytesSent = 124780, timeLeft (us) = 6874
Client sent: 37 MBs of data
Bytes Sent = 125560, targetBytesSent = 124220, timeLeft (us) = 6876
Bytes Sent = 124100, targetBytesSent = 123660, timeLeft (us) = 6960
Bytes Sent = 125560, targetBytesSent = 124560, timeLeft (us) = 6911
Bytes Sent = 124100, targetBytesSent = 124000, timeLeft (us) = 6893
Bytes Sent = 125560, targetBytesSent = 124900, timeLeft (us) = 6837
Bytes Sent = 125560, targetBytesSent = 124340, timeLeft (us) = 6862
Bytes Sent = 124100, targetBytesSent = 123780, timeLeft (us) = 6834
Bytes Sent = 125560, targetBytesSent = 124680, timeLeft (us) = 6885
Client sent: 38 MBs of data
Bytes Sent = 125560, targetBytesSent = 124120, timeLeft (us) = 6915
Bytes Sent = 124100, targetBytesSent = 123560, timeLeft (us) = 6916
Bytes Sent = 125560, targetBytesSent = 124460, timeLeft (us) = 6911
Bytes Sent = 124100, targetBytesSent = 123900, timeLeft (us) = 6909
Bytes Sent = 125560, targetBytesSent = 124800, timeLeft (us) = 6900
Bytes Sent = 125560, targetBytesSent = 124240, timeLeft (us) = 6938
Bytes Sent = 124100, targetBytesSent = 123680, timeLeft (us) = 6892
Bytes Sent = 125560, targetBytesSent = 124580, timeLeft (us) = 6853
Client sent: 39 MBs of data
Bytes Sent = 124100, targetBytesSent = 124020, timeLeft (us) = 6886
Bytes Sent = 125560, targetBytesSent = 124920, timeLeft (us) = 6887
Bytes Sent = 125560, targetBytesSent = 124360, timeLeft (us) = 6895
Bytes Sent = 124100, targetBytesSent = 123800, timeLeft (us) = 6880
Bytes Sent = 125560, targetBytesSent = 124700, timeLeft (us) = 6913
Bytes Sent = 125560, targetBytesSent = 124140, timeLeft (us) = 6890
Bytes Sent = 124100, targetBytesSent = 123580, timeLeft (us) = 6876
Bytes Sent = 125560, targetBytesSent = 124480, timeLeft (us) = 6900
Client sent: 40 MBs of data
Bytes Sent = 124100, targetBytesSent = 123920, timeLeft (us) = 6896
Bytes Sent = 125560, targetBytesSent = 124820, timeLeft (us) = 6918
Bytes Sent = 125560, targetBytesSent = 124260, timeLeft (us) = 6911
Bytes Sent = 124100, targetBytesSent = 123700, timeLeft (us) = 6882
Bytes Sent = 125560, targetBytesSent = 124600, timeLeft (us) = 6907
Bytes Sent = 124100, targetBytesSent = 124040, timeLeft (us) = 6933
Bytes Sent = 125560, targetBytesSent = 124940, timeLeft (us) = 6890
Bytes Sent = 125560, targetBytesSent = 124380, timeLeft (us) = 6869
Client sent: 41 MBs of data
Bytes Sent = 124100, targetBytesSent = 123820, timeLeft (us) = 6923
Bytes Sent = 125560, targetBytesSent = 124720, timeLeft (us) = 6892
Bytes Sent = 125560, targetBytesSent = 124160, timeLeft (us) = 6890
Bytes Sent = 124100, targetBytesSent = 123600, timeLeft (us) = 6889
Bytes Sent = 125560, targetBytesSent = 124500, timeLeft (us) = 6876
Bytes Sent = 124100, targetBytesSent = 123940, timeLeft (us) = 6889
Bytes Sent = 125560, targetBytesSent = 124840, timeLeft (us) = 6892
Bytes Sent = 125560, targetBytesSent = 124280, timeLeft (us) = 6939
Client sent: 42 MBs of data
Bytes Sent = 124100, targetBytesSent = 123720, timeLeft (us) = 6906
Bytes Sent = 125560, targetBytesSent = 124620, timeLeft (us) = 6931
Bytes Sent = 124100, targetBytesSent = 124060, timeLeft (us) = 6878
Bytes Sent = 125560, targetBytesSent = 124960, timeLeft (us) = 6917
Bytes Sent = 125560, targetBytesSent = 124400, timeLeft (us) = 6891
Bytes Sent = 124100, targetBytesSent = 123840, timeLeft (us) = 6882
Bytes Sent = 125560, targetBytesSent = 124740, timeLeft (us) = 6924
Bytes Sent = 125560, targetBytesSent = 124180, timeLeft (us) = 6876
Client sent: 43 MBs of data
Bytes Sent = 124100, targetBytesSent = 123620, timeLeft (us) = 6882
Bytes Sent = 125560, targetBytesSent = 124520, timeLeft (us) = 6860
Bytes Sent = 124100, targetBytesSent = 123960, timeLeft (us) = 6913
Bytes Sent = 125560, targetBytesSent = 124860, timeLeft (us) = 6849
Bytes Sent = 125560, targetBytesSent = 124300, timeLeft (us) = 6888
Bytes Sent = 124100, targetBytesSent = 123740, timeLeft (us) = 6860
Bytes Sent = 125560, targetBytesSent = 124640, timeLeft (us) = 6865
Bytes Sent = 124100, targetBytesSent = 124080, timeLeft (us) = 6898
Client sent: 44 MBs of data
Bytes Sent = 125560, targetBytesSent = 124980, timeLeft (us) = 6892
Bytes Sent = 125560, targetBytesSent = 124420, timeLeft (us) = 6878
Bytes Sent = 124100, targetBytesSent = 123860, timeLeft (us) = 6872
Bytes Sent = 125560, targetBytesSent = 124760, timeLeft (us) = 6867
Bytes Sent = 125560, targetBytesSent = 124200, timeLeft (us) = 6897
Bytes Sent = 124100, targetBytesSent = 123640, timeLeft (us) = 6871
Bytes Sent = 125560, targetBytesSent = 124540, timeLeft (us) = 6903
Bytes Sent = 124100, targetBytesSent = 123980, timeLeft (us) = 6909
Client sent: 45 MBs of data
Bytes Sent = 125560, targetBytesSent = 124880, timeLeft (us) = 6873
Bytes Sent = 125560, targetBytesSent = 124320, timeLeft (us) = 6913
Bytes Sent = 124100, targetBytesSent = 123760, timeLeft (us) = 6880
Bytes Sent = 125560, targetBytesSent = 124660, timeLeft (us) = 6886
Bytes Sent = 124100, targetBytesSent = 124100, timeLeft (us) = 6879
Bytes Sent = 125560, targetBytesSent = 125000, timeLeft (us) = 6898
Bytes Sent = 125560, targetBytesSent = 124440, timeLeft (us) = 6869
Bytes Sent = 124100, targetBytesSent = 123880, timeLeft (us) = 6841
Client sent: 46 MBs of data
Bytes Sent = 125560, targetBytesSent = 124780, timeLeft (us) = 6898
Bytes Sent = 125560, targetBytesSent = 124220, timeLeft (us) = 6892
Bytes Sent = 124100, targetBytesSent = 123660, timeLeft (us) = 6888
Bytes Sent = 125560, targetBytesSent = 124560, timeLeft (us) = 6855
Bytes Sent = 124100, targetBytesSent = 124000, timeLeft (us) = 6887
Bytes Sent = 125560, targetBytesSent = 124900, timeLeft (us) = 6881
Bytes Sent = 125560, targetBytesSent = 124340, timeLeft (us) = 6853
Bytes Sent = 124100, targetBytesSent = 123780, timeLeft (us) = 6889
Client sent: 47 MBs of data
Bytes Sent = 125560, targetBytesSent = 124680, timeLeft (us) = 6873
Bytes Sent = 125560, targetBytesSent = 124120, timeLeft (us) = 6910
Bytes Sent = 124100, targetBytesSent = 123560, timeLeft (us) = 6932
Bytes Sent = 125560, targetBytesSent = 124460, timeLeft (us) = 6938
Bytes Sent = 124100, targetBytesSent = 123900, timeLeft (us) = 6912
Bytes Sent = 125560, targetBytesSent = 124800, timeLeft (us) = 6895
Bytes Sent = 125560, targetBytesSent = 124240, timeLeft (us) = 6909
Bytes Sent = 124100, targetBytesSent = 123680, timeLeft (us) = 6892
Client sent: 48 MBs of data
Bytes Sent = 125560, targetBytesSent = 124580, timeLeft (us) = 6905
Bytes Sent = 124100, targetBytesSent = 124020, timeLeft (us) = 6893
Bytes Sent = 125560, targetBytesSent = 124920, timeLeft (us) = 6889
Bytes Sent = 125560, targetBytesSent = 124360, timeLeft (us) = 6873
Bytes Sent = 124100, targetBytesSent = 123800, timeLeft (us) = 6944
Bytes Sent = 125560, targetBytesSent = 124700, timeLeft (us) = 6893
Bytes Sent = 125560, targetBytesSent = 124140, timeLeft (us) = 6890
Bytes Sent = 124100, targetBytesSent = 123580, timeLeft (us) = 6861
Client sent: 49 MBs of data
Bytes Sent = 125560, targetBytesSent = 124480, timeLeft (us) = 6880
Bytes Sent = 124100, targetBytesSent = 123920, timeLeft (us) = 6903
Bytes Sent = 125560, targetBytesSent = 124820, timeLeft (us) = 6868
Bytes Sent = 125560, targetBytesSent = 124260, timeLeft (us) = 6915
Bytes Sent = 124100, targetBytesSent = 123700, timeLeft (us) = 6860
Bytes Sent = 125560, targetBytesSent = 124600, timeLeft (us) = 6920
Bytes Sent = 124100, targetBytesSent = 124040, timeLeft (us) = 6876
Bytes Sent = 125560, targetBytesSent = 124940, timeLeft (us) = 6836
Client sent: 50 MBs of data
Bytes Sent = 125560, targetBytesSent = 124380, timeLeft (us) = 6952
Bytes Sent = 124100, targetBytesSent = 123820, timeLeft (us) = 6951
Bytes Sent = 125560, targetBytesSent = 124720, timeLeft (us) = 6868
Bytes Sent = 125560, targetBytesSent = 124160, timeLeft (us) = 6876
Bytes Sent = 124100, targetBytesSent = 123600, timeLeft (us) = 6878
Bytes Sent = 125560, targetBytesSent = 124500, timeLeft (us) = 6840
Bytes Sent = 124100, targetBytesSent = 123940, timeLeft (us) = 6896
Bytes Sent = 125560, targetBytesSent = 124840, timeLeft (us) = 6887
Client sent: 51 MBs of data
Bytes Sent = 125560, targetBytesSent = 124280, timeLeft (us) = 6888
Bytes Sent = 124100, targetBytesSent = 123720, timeLeft (us) = 6930
Bytes Sent = 125560, targetBytesSent = 124620, timeLeft (us) = 6891
Bytes Sent = 124100, targetBytesSent = 124060, timeLeft (us) = 6884
Bytes Sent = 125560, targetBytesSent = 124960, timeLeft (us) = 6855
Bytes Sent = 125560, targetBytesSent = 124400, timeLeft (us) = 6902
Bytes Sent = 124100, targetBytesSent = 123840, timeLeft (us) = 6932
Bytes Sent = 125560, targetBytesSent = 124740, timeLeft (us) = 6858
Client sent: 52 MBs of data
Bytes Sent = 125560, targetBytesSent = 124180, timeLeft (us) = 6877
Bytes Sent = 124100, targetBytesSent = 123620, timeLeft (us) = 6859
Bytes Sent = 125560, targetBytesSent = 124520, timeLeft (us) = 6922
Bytes Sent = 124100, targetBytesSent = 123960, timeLeft (us) = 6910
Bytes Sent = 125560, targetBytesSent = 124860, timeLeft (us) = 6874
Bytes Sent = 125560, targetBytesSent = 124300, timeLeft (us) = 6924
Bytes Sent = 124100, targetBytesSent = 123740, timeLeft (us) = 6904
Bytes Sent = 125560, targetBytesSent = 124640, timeLeft (us) = 6881
Client sent: 53 MBs of data
Bytes Sent = 124100, targetBytesSent = 124080, timeLeft (us) = 6920
Bytes Sent = 125560, targetBytesSent = 124980, timeLeft (us) = 6968
Bytes Sent = 125560, targetBytesSent = 124420, timeLeft (us) = 6849
Bytes Sent = 124100, targetBytesSent = 123860, timeLeft (us) = 6897
Bytes Sent = 125560, targetBytesSent = 124760, timeLeft (us) = 6915
Bytes Sent = 125560, targetBytesSent = 124200, timeLeft (us) = 6912
Bytes Sent = 124100, targetBytesSent = 123640, timeLeft (us) = 6878
Bytes Sent = 125560, targetBytesSent = 124540, timeLeft (us) = 6934
Client sent: 54 MBs of data
Bytes Sent = 124100, targetBytesSent = 123980, timeLeft (us) = 6906
Bytes Sent = 125560, targetBytesSent = 124880, timeLeft (us) = 6925
Bytes Sent = 125560, targetBytesSent = 124320, timeLeft (us) = 6870
Bytes Sent = 124100, targetBytesSent = 123760, timeLeft (us) = 6922
Bytes Sent = 125560, targetBytesSent = 124660, timeLeft (us) = 6898
Bytes Sent = 124100, targetBytesSent = 124100, timeLeft (us) = 6890
Bytes Sent = 125560, targetBytesSent = 125000, timeLeft (us) = 6906
Bytes Sent = 125560, targetBytesSent = 124440, timeLeft (us) = 6967
Client sent: 55 MBs of data
Bytes Sent = 124100, targetBytesSent = 123880, timeLeft (us) = 6934
Bytes Sent = 125560, targetBytesSent = 124780, timeLeft (us) = 6893
Bytes Sent = 125560, targetBytesSent = 124220, timeLeft (us) = 6874
Bytes Sent = 124100, targetBytesSent = 123660, timeLeft (us) = 6912
Bytes Sent = 125560, targetBytesSent = 124560, timeLeft (us) = 6876
Bytes Sent = 124100, targetBytesSent = 124000, timeLeft (us) = 6903
Bytes Sent = 125560, targetBytesSent = 124900, timeLeft (us) = 6913
Bytes Sent = 125560, targetBytesSent = 124340, timeLeft (us) = 6885
Client sent: 56 MBs of data
Bytes Sent = 124100, targetBytesSent = 123780, timeLeft (us) = 6871
Bytes Sent = 125560, targetBytesSent = 124680, timeLeft (us) = 6891
Bytes Sent = 125560, targetBytesSent = 124120, timeLeft (us) = 6856
Bytes Sent = 124100, targetBytesSent = 123560, timeLeft (us) = 6908
Bytes Sent = 125560, targetBytesSent = 124460, timeLeft (us) = 6916
Bytes Sent = 124100, targetBytesSent = 123900, timeLeft (us) = 6889
Bytes Sent = 125560, targetBytesSent = 124800, timeLeft (us) = 6901
Bytes Sent = 125560, targetBytesSent = 124240, timeLeft (us) = 6909
Client sent: 57 MBs of data
Bytes Sent = 124100, targetBytesSent = 123680, timeLeft (us) = 6899
Bytes Sent = 125560, targetBytesSent = 124580, timeLeft (us) = 6900
Bytes Sent = 124100, targetBytesSent = 124020, timeLeft (us) = 6875
Bytes Sent = 125560, targetBytesSent = 124920, timeLeft (us) = 6860
Bytes Sent = 125560, targetBytesSent = 124360, timeLeft (us) = 6867
Bytes Sent = 124100, targetBytesSent = 123800, timeLeft (us) = 6884
Bytes Sent = 125560, targetBytesSent = 124700, timeLeft (us) = 6902
Bytes Sent = 125560, targetBytesSent = 124140, timeLeft (us) = 6898
Client sent: 58 MBs of data
Bytes Sent = 124100, targetBytesSent = 123580, timeLeft (us) = 6913
Bytes Sent = 125560, targetBytesSent = 124480, timeLeft (us) = 6901
Bytes Sent = 124100, targetBytesSent = 123920, timeLeft (us) = 6867
Bytes Sent = 125560, targetBytesSent = 124820, timeLeft (us) = 6918
Bytes Sent = 125560, targetBytesSent = 124260, timeLeft (us) = 6930
Bytes Sent = 124100, targetBytesSent = 123700, timeLeft (us) = 6871
Bytes Sent = 125560, targetBytesSent = 124600, timeLeft (us) = 6894
Bytes Sent = 124100, targetBytesSent = 124040, timeLeft (us) = 6971
Client sent: 59 MBs of data
Bytes Sent = 125560, targetBytesSent = 124940, timeLeft (us) = 6951
Bytes Sent = 125560, targetBytesSent = 124380, timeLeft (us) = 6917
Bytes Sent = 124100, targetBytesSent = 123820, timeLeft (us) = 6905
Bytes Sent = 125560, targetBytesSent = 124720, timeLeft (us) = 6865
Bytes Sent = 125560, targetBytesSent = 124160, timeLeft (us) = 6887
Bytes Sent = 124100, targetBytesSent = 123600, timeLeft (us) = 6888
Bytes Sent = 125560, targetBytesSent = 124500, timeLeft (us) = 6889
Bytes Sent = 124100, targetBytesSent = 123940, timeLeft (us) = 6908
Client sent: 60 MBs of data
Bytes Sent = 125560, targetBytesSent = 124840, timeLeft (us) = 6856
Bytes Sent = 125560, targetBytesSent = 124280, timeLeft (us) = 6882
Bytes Sent = 124100, targetBytesSent = 123720, timeLeft (us) = 6901
Bytes Sent = 125560, targetBytesSent = 124620, timeLeft (us) = 6908
Bytes Sent = 124100, targetBytesSent = 124060, timeLeft (us) = 6896
Bytes Sent = 125560, targetBytesSent = 124960, timeLeft (us) = 6878
Bytes Sent = 125560, targetBytesSent = 124400, timeLeft (us) = 6922
Bytes Sent = 124100, targetBytesSent = 123840, timeLeft (us) = 6887
Client sent: 61 MBs of data
Bytes Sent = 125560, targetBytesSent = 124740, timeLeft (us) = 6888
Bytes Sent = 125560, targetBytesSent = 124180, timeLeft (us) = 6902
Bytes Sent = 124100, targetBytesSent = 123620, timeLeft (us) = 6903
Bytes Sent = 125560, targetBytesSent = 124520, timeLeft (us) = 6872
Bytes Sent = 124100, targetBytesSent = 123960, timeLeft (us) = 6890
Bytes Sent = 125560, targetBytesSent = 124860, timeLeft (us) = 6856
Bytes Sent = 125560, targetBytesSent = 124300, timeLeft (us) = 6906
Bytes Sent = 124100, targetBytesSent = 123740, timeLeft (us) = 6913
Client sent: 62 MBs of data
Bytes Sent = 125560, targetBytesSent = 124640, timeLeft (us) = 6910
Bytes Sent = 124100, targetBytesSent = 124080, timeLeft (us) = 6834
Bytes Sent = 125560, targetBytesSent = 124980, timeLeft (us) = 6921
Bytes Sent = 125560, targetBytesSent = 124420, timeLeft (us) = 6905
Bytes Sent = 124100, targetBytesSent = 123860, timeLeft (us) = 6888
Bytes Sent = 125560, targetBytesSent = 124760, timeLeft (us) = 6883
Bytes Sent = 125560, targetBytesSent = 124200, timeLeft (us) = 6887
Bytes Sent = 124100, targetBytesSent = 123640, timeLeft (us) = 6888
Client sent: 63 MBs of data
Bytes Sent = 125560, targetBytesSent = 124540, timeLeft (us) = 6863
Bytes Sent = 124100, targetBytesSent = 123980, timeLeft (us) = 6885
Bytes Sent = 125560, targetBytesSent = 124880, timeLeft (us) = 6893
Bytes Sent = 125560, targetBytesSent = 124320, timeLeft (us) = 6852
Bytes Sent = 124100, targetBytesSent = 123760, timeLeft (us) = 6884
Bytes Sent = 125560, targetBytesSent = 124660, timeLeft (us) = 6916
Bytes Sent = 124100, targetBytesSent = 124100, timeLeft (us) = 6880
Bytes Sent = 125560, targetBytesSent = 125000, timeLeft (us) = 6888
Client sent: 64 MBs of data
Bytes Sent = 125560, targetBytesSent = 124440, timeLeft (us) = 6902
Bytes Sent = 124100, targetBytesSent = 123880, timeLeft (us) = 6920
Bytes Sent = 125560, targetBytesSent = 124780, timeLeft (us) = 6872
Bytes Sent = 125560, targetBytesSent = 124220, timeLeft (us) = 6874
Bytes Sent = 124100, targetBytesSent = 123660, timeLeft (us) = 6937
Bytes Sent = 125560, targetBytesSent = 124560, timeLeft (us) = 6917
Bytes Sent = 124100, targetBytesSent = 124000, timeLeft (us) = 6952
Bytes Sent = 125560, targetBytesSent = 124900, timeLeft (us) = 6891
Client sent: 65 MBs of data
Bytes Sent = 125560, targetBytesSent = 124340, timeLeft (us) = 6913
Bytes Sent = 124100, targetBytesSent = 123780, timeLeft (us) = 6900
Bytes Sent = 125560, targetBytesSent = 124680, timeLeft (us) = 6869
Bytes Sent = 125560, targetBytesSent = 124120, timeLeft (us) = 6924
Bytes Sent = 124100, targetBytesSent = 123560, timeLeft (us) = 6862
Bytes Sent = 125560, targetBytesSent = 124460, timeLeft (us) = 6912
Bytes Sent = 124100, targetBytesSent = 123900, timeLeft (us) = 6911
Bytes Sent = 125560, targetBytesSent = 124800, timeLeft (us) = 6878
Client sent: 66 MBs of data
Bytes Sent = 125560, targetBytesSent = 124240, timeLeft (us) = 6924
Bytes Sent = 124100, targetBytesSent = 123680, timeLeft (us) = 6877
Bytes Sent = 125560, targetBytesSent = 124580, timeLeft (us) = 6887
Bytes Sent = 124100, targetBytesSent = 124020, timeLeft (us) = 6868
Bytes Sent = 125560, targetBytesSent = 124920, timeLeft (us) = 6883
Bytes Sent = 125560, targetBytesSent = 124360, timeLeft (us) = 6870
Bytes Sent = 124100, targetBytesSent = 123800, timeLeft (us) = 6933
Bytes Sent = 125560, targetBytesSent = 124700, timeLeft (us) = 6915
Client sent: 67 MBs of data
Bytes Sent = 125560, targetBytesSent = 124140, timeLeft (us) = 6911
Bytes Sent = 124100, targetBytesSent = 123580, timeLeft (us) = 6919
Bytes Sent = 125560, targetBytesSent = 124480, timeLeft (us) = 6906
Bytes Sent = 124100, targetBytesSent = 123920, timeLeft (us) = 6902
Bytes Sent = 125560, targetBytesSent = 124820, timeLeft (us) = 6855
Bytes Sent = 125560, targetBytesSent = 124260, timeLeft (us) = 6869
Bytes Sent = 124100, targetBytesSent = 123700, timeLeft (us) = 6888
Bytes Sent = 125560, targetBytesSent = 124600, timeLeft (us) = 6910
Client sent: 68 MBs of data
Bytes Sent = 124100, targetBytesSent = 124040, timeLeft (us) = 6929
Bytes Sent = 125560, targetBytesSent = 124940, timeLeft (us) = 6900
Bytes Sent = 125560, targetBytesSent = 124380, timeLeft (us) = 6923
Bytes Sent = 124100, targetBytesSent = 123820, timeLeft (us) = 6899
Bytes Sent = 125560, targetBytesSent = 124720, timeLeft (us) = 6910
Bytes Sent = 125560, targetBytesSent = 124160, timeLeft (us) = 6863
Bytes Sent = 124100, targetBytesSent = 123600, timeLeft (us) = 6919
Bytes Sent = 125560, targetBytesSent = 124500, timeLeft (us) = 6874
Client sent: 69 MBs of data
Bytes Sent = 124100, targetBytesSent = 123940, timeLeft (us) = 6840
Bytes Sent = 125560, targetBytesSent = 124840, timeLeft (us) = 6915
Bytes Sent = 125560, targetBytesSent = 124280, timeLeft (us) = 6917
Bytes Sent = 124100, targetBytesSent = 123720, timeLeft (us) = 6859
Bytes Sent = 125560, targetBytesSent = 124620, timeLeft (us) = 6908
Bytes Sent = 124100, targetBytesSent = 124060, timeLeft (us) = 6884
Bytes Sent = 125560, targetBytesSent = 124960, timeLeft (us) = 6897
Bytes Sent = 125560, targetBytesSent = 124400, timeLeft (us) = 6909
Client sent: 70 MBs of data
Bytes Sent = 124100, targetBytesSent = 123840, timeLeft (us) = 6867
Bytes Sent = 125560, targetBytesSent = 124740, timeLeft (us) = 6872
Bytes Sent = 125560, targetBytesSent = 124180, timeLeft (us) = 6872
Bytes Sent = 124100, targetBytesSent = 123620, timeLeft (us) = 6939
Bytes Sent = 125560, targetBytesSent = 124520, timeLeft (us) = 6897
Bytes Sent = 124100, targetBytesSent = 123960, timeLeft (us) = 6907
Bytes Sent = 125560, targetBytesSent = 124860, timeLeft (us) = 6892
Bytes Sent = 125560, targetBytesSent = 124300, timeLeft (us) = 6874
Client sent: 71 MBs of data
Bytes Sent = 124100, targetBytesSent = 123740, timeLeft (us) = 6871
Bytes Sent = 125560, targetBytesSent = 124640, timeLeft (us) = 6886
Bytes Sent = 124100, targetBytesSent = 124080, timeLeft (us) = 6873
Bytes Sent = 125560, targetBytesSent = 124980, timeLeft (us) = 6896
Bytes Sent = 125560, targetBytesSent = 124420, timeLeft (us) = 6893
Bytes Sent = 124100, targetBytesSent = 123860, timeLeft (us) = 6842
Bytes Sent = 125560, targetBytesSent = 124760, timeLeft (us) = 6896
Bytes Sent = 125560, targetBytesSent = 124200, timeLeft (us) = 6851
Client sent: 72 MBs of data
Bytes Sent = 124100, targetBytesSent = 123640, timeLeft (us) = 6885
Bytes Sent = 125560, targetBytesSent = 124540, timeLeft (us) = 6879
Bytes Sent = 124100, targetBytesSent = 123980, timeLeft (us) = 6892
Bytes Sent = 125560, targetBytesSent = 124880, timeLeft (us) = 6910
Bytes Sent = 125560, targetBytesSent = 124320, timeLeft (us) = 6901
Bytes Sent = 124100, targetBytesSent = 123760, timeLeft (us) = 6919
Bytes Sent = 125560, targetBytesSent = 124660, timeLeft (us) = 6922
Bytes Sent = 124100, targetBytesSent = 124100, timeLeft (us) = 6913
Client sent: 73 MBs of data
Bytes Sent = 125560, targetBytesSent = 125000, timeLeft (us) = 6901
Bytes Sent = 125560, targetBytesSent = 124440, timeLeft (us) = 6934
Bytes Sent = 124100, targetBytesSent = 123880, timeLeft (us) = 6844
Bytes Sent = 125560, targetBytesSent = 124780, timeLeft (us) = 6882
Bytes Sent = 125560, targetBytesSent = 124220, timeLeft (us) = 6909
Bytes Sent = 124100, targetBytesSent = 123660, timeLeft (us) = 6884
Bytes Sent = 125560, targetBytesSent = 124560, timeLeft (us) = 6911
Bytes Sent = 124100, targetBytesSent = 124000, timeLeft (us) = 6931
Client sent: 74 MBs of data
Bytes Sent = 125560, targetBytesSent = 124900, timeLeft (us) = 6888
Bytes Sent = 125560, targetBytesSent = 124340, timeLeft (us) = 6902
Bytes Sent = 124100, targetBytesSent = 123780, timeLeft (us) = 6897
Bytes Sent = 125560, targetBytesSent = 124680, timeLeft (us) = 6888
Bytes Sent = 125560, targetBytesSent = 124120, timeLeft (us) = 6904
Bytes Sent = 124100, targetBytesSent = 123560, timeLeft (us) = 6908
Bytes Sent = 125560, targetBytesSent = 124460, timeLeft (us) = 6890
Bytes Sent = 124100, targetBytesSent = 123900, timeLeft (us) = 6848
Client sent: 75 MBs of data
Bytes Sent = 125560, targetBytesSent = 124800, timeLeft (us) = 6935
Bytes Sent = 125560, targetBytesSent = 124240, timeLeft (us) = 6913
Bytes Sent = 124100, targetBytesSent = 123680, timeLeft (us) = 6918
Bytes Sent = 125560, targetBytesSent = 124580, timeLeft (us) = 6899
Bytes Sent = 124100, targetBytesSent = 124020, timeLeft (us) = 6876
Bytes Sent = 125560, targetBytesSent = 124920, timeLeft (us) = 6858
Bytes Sent = 125560, targetBytesSent = 124360, timeLeft (us) = 6927
Bytes Sent = 124100, targetBytesSent = 123800, timeLeft (us) = 6939
Client sent: 76 MBs of data
Bytes Sent = 125560, targetBytesSent = 124700, timeLeft (us) = 6897
Bytes Sent = 125560, targetBytesSent = 124140, timeLeft (us) = 6877
Bytes Sent = 124100, targetBytesSent = 123580, timeLeft (us) = 6897
Bytes Sent = 125560, targetBytesSent = 124480, timeLeft (us) = 6868
Bytes Sent = 124100, targetBytesSent = 123920, timeLeft (us) = 6892
Bytes Sent = 125560, targetBytesSent = 124820, timeLeft (us) = 6921
Bytes Sent = 125560, targetBytesSent = 124260, timeLeft (us) = 6913
Bytes Sent = 124100, targetBytesSent = 123700, timeLeft (us) = 6861
Client sent: 77 MBs of data
Bytes Sent = 125560, targetBytesSent = 124600, timeLeft (us) = 6929
Bytes Sent = 124100, targetBytesSent = 124040, timeLeft (us) = 6896
Bytes Sent = 125560, targetBytesSent = 124940, timeLeft (us) = 6911
Bytes Sent = 125560, targetBytesSent = 124380, timeLeft (us) = 6913
Bytes Sent = 124100, targetBytesSent = 123820, timeLeft (us) = 6868
Bytes Sent = 125560, targetBytesSent = 124720, timeLeft (us) = 6935
Bytes Sent = 125560, targetBytesSent = 124160, timeLeft (us) = 6913
Bytes Sent = 124100, targetBytesSent = 123600, timeLeft (us) = 6863
Client sent: 78 MBs of data
Bytes Sent = 125560, targetBytesSent = 124500, timeLeft (us) = 6923
Bytes Sent = 124100, targetBytesSent = 123940, timeLeft (us) = 6914
Bytes Sent = 125560, targetBytesSent = 124840, timeLeft (us) = 6884
Bytes Sent = 125560, targetBytesSent = 124280, timeLeft (us) = 6891
Bytes Sent = 124100, targetBytesSent = 123720, timeLeft (us) = 6891
Bytes Sent = 125560, targetBytesSent = 124620, timeLeft (us) = 6967
Bytes Sent = 124100, targetBytesSent = 124060, timeLeft (us) = 6888
Bytes Sent = 125560, targetBytesSent = 124960, timeLeft (us) = 6927
Client sent: 79 MBs of data
Bytes Sent = 125560, targetBytesSent = 124400, timeLeft (us) = 6848
Bytes Sent = 124100, targetBytesSent = 123840, timeLeft (us) = 6893
Bytes Sent = 125560, targetBytesSent = 124740, timeLeft (us) = 6897
Bytes Sent = 125560, targetBytesSent = 124180, timeLeft (us) = 6851
Bytes Sent = 124100, targetBytesSent = 123620, timeLeft (us) = 6850
Bytes Sent = 125560, targetBytesSent = 124520, timeLeft (us) = 6899
Bytes Sent = 124100, targetBytesSent = 123960, timeLeft (us) = 6916
Bytes Sent = 125560, targetBytesSent = 124860, timeLeft (us) = 6826
Client sent: 80 MBs of data
Bytes Sent = 125560, targetBytesSent = 124300, timeLeft (us) = 6888
Bytes Sent = 124100, targetBytesSent = 123740, timeLeft (us) = 6915
Bytes Sent = 125560, targetBytesSent = 124640, timeLeft (us) = 6929
Bytes Sent = 124100, targetBytesSent = 124080, timeLeft (us) = 6896
Bytes Sent = 125560, targetBytesSent = 124980, timeLeft (us) = 6893
Bytes Sent = 125560, targetBytesSent = 124420, timeLeft (us) = 6897
Bytes Sent = 124100, targetBytesSent = 123860, timeLeft (us) = 6881
Bytes Sent = 125560, targetBytesSent = 124760, timeLeft (us) = 6889
Client sent: 81 MBs of data
Bytes Sent = 125560, targetBytesSent = 124200, timeLeft (us) = 6882
Bytes Sent = 124100, targetBytesSent = 123640, timeLeft (us) = 6897
Bytes Sent = 125560, targetBytesSent = 124540, timeLeft (us) = 6881
Bytes Sent = 124100, targetBytesSent = 123980, timeLeft (us) = 6890
Bytes Sent = 125560, targetBytesSent = 124880, timeLeft (us) = 6848
Bytes Sent = 125560, targetBytesSent = 124320, timeLeft (us) = 6902
Bytes Sent = 124100, targetBytesSent = 123760, timeLeft (us) = 6887
Bytes Sent = 125560, targetBytesSent = 124660, timeLeft (us) = 6937
Client sent: 82 MBs of data
Bytes Sent = 124100, targetBytesSent = 124100, timeLeft (us) = 6913
Bytes Sent = 125560, targetBytesSent = 125000, timeLeft (us) = 6828
Bytes Sent = 125560, targetBytesSent = 124440, timeLeft (us) = 6898
Bytes Sent = 124100, targetBytesSent = 123880, timeLeft (us) = 6903
Bytes Sent = 125560, targetBytesSent = 124780, timeLeft (us) = 6916
Bytes Sent = 125560, targetBytesSent = 124220, timeLeft (us) = 6901
Bytes Sent = 124100, targetBytesSent = 123660, timeLeft (us) = 6856
Bytes Sent = 125560, targetBytesSent = 124560, timeLeft (us) = 6866
Client sent: 83 MBs of data
Bytes Sent = 124100, targetBytesSent = 124000, timeLeft (us) = 6857
Bytes Sent = 125560, targetBytesSent = 124900, timeLeft (us) = 6893
Bytes Sent = 125560, targetBytesSent = 124340, timeLeft (us) = 6883
Bytes Sent = 124100, targetBytesSent = 123780, timeLeft (us) = 6916
Bytes Sent = 125560, targetBytesSent = 124680, timeLeft (us) = 6860
Bytes Sent = 125560, targetBytesSent = 124120, timeLeft (us) = 6882
Bytes Sent = 124100, targetBytesSent = 123560, timeLeft (us) = 6906
Bytes Sent = 125560, targetBytesSent = 124460, timeLeft (us) = 6898
Client sent: 84 MBs of data
Bytes Sent = 124100, targetBytesSent = 123900, timeLeft (us) = 6910
Bytes Sent = 125560, targetBytesSent = 124800, timeLeft (us) = 6920
Bytes Sent = 125560, targetBytesSent = 124240, timeLeft (us) = 6897
Bytes Sent = 124100, targetBytesSent = 123680, timeLeft (us) = 6879
Bytes Sent = 125560, targetBytesSent = 124580, timeLeft (us) = 6915
Bytes Sent = 124100, targetBytesSent = 124020, timeLeft (us) = 6898
Bytes Sent = 125560, targetBytesSent = 124920, timeLeft (us) = 6890
Bytes Sent = 125560, targetBytesSent = 124360, timeLeft (us) = 6899
Client sent: 85 MBs of data
Bytes Sent = 124100, targetBytesSent = 123800, timeLeft (us) = 6903
Bytes Sent = 125560, targetBytesSent = 124700, timeLeft (us) = 6913
Bytes Sent = 125560, targetBytesSent = 124140, timeLeft (us) = 6918
Bytes Sent = 124100, targetBytesSent = 123580, timeLeft (us) = 6868
Bytes Sent = 125560, targetBytesSent = 124480, timeLeft (us) = 6876
Bytes Sent = 124100, targetBytesSent = 123920, timeLeft (us) = 6893
Bytes Sent = 125560, targetBytesSent = 124820, timeLeft (us) = 6903
Bytes Sent = 125560, targetBytesSent = 124260, timeLeft (us) = 6907
Client sent: 86 MBs of data
Bytes Sent = 124100, targetBytesSent = 123700, timeLeft (us) = 6858
Bytes Sent = 125560, targetBytesSent = 124600, timeLeft (us) = 6900
Bytes Sent = 124100, targetBytesSent = 124040, timeLeft (us) = 6911
Bytes Sent = 125560, targetBytesSent = 124940, timeLeft (us) = 6880
Bytes Sent = 125560, targetBytesSent = 124380, timeLeft (us) = 6839
Bytes Sent = 124100, targetBytesSent = 123820, timeLeft (us) = 6888
Bytes Sent = 125560, targetBytesSent = 124720, timeLeft (us) = 6940
Bytes Sent = 125560, targetBytesSent = 124160, timeLeft (us) = 6856
Client sent: 87 MBs of data
Bytes Sent = 124100, targetBytesSent = 123600, timeLeft (us) = 6900
Bytes Sent = 125560, targetBytesSent = 124500, timeLeft (us) = 6897
Bytes Sent = 124100, targetBytesSent = 123940, timeLeft (us) = 6899
Bytes Sent = 125560, targetBytesSent = 124840, timeLeft (us) = 6937
Bytes Sent = 125560, targetBytesSent = 124280, timeLeft (us) = 6881
Bytes Sent = 124100, targetBytesSent = 123720, timeLeft (us) = 6892
Bytes Sent = 125560, targetBytesSent = 124620, timeLeft (us) = 6898
Bytes Sent = 124100, targetBytesSent = 124060, timeLeft (us) = 6873
Client sent: 88 MBs of data
Bytes Sent = 125560, targetBytesSent = 124960, timeLeft (us) = 6902
Bytes Sent = 125560, targetBytesSent = 124400, timeLeft (us) = 6898
Bytes Sent = 124100, targetBytesSent = 123840, timeLeft (us) = 6886
Bytes Sent = 125560, targetBytesSent = 124740, timeLeft (us) = 6906
Bytes Sent = 125560, targetBytesSent = 124180, timeLeft (us) = 6896
Bytes Sent = 124100, targetBytesSent = 123620, timeLeft (us) = 6933
Bytes Sent = 125560, targetBytesSent = 124520, timeLeft (us) = 6925
Bytes Sent = 124100, targetBytesSent = 123960, timeLeft (us) = 6888
Client sent: 89 MBs of data
Bytes Sent = 125560, targetBytesSent = 124860, timeLeft (us) = 6851
Bytes Sent = 125560, targetBytesSent = 124300, timeLeft (us) = 6889
Bytes Sent = 124100, targetBytesSent = 123740, timeLeft (us) = 6915
Bytes Sent = 125560, targetBytesSent = 124640, timeLeft (us) = 6916
Bytes Sent = 124100, targetBytesSent = 124080, timeLeft (us) = 6924
Bytes Sent = 125560, targetBytesSent = 124980, timeLeft (us) = 6867
Bytes Sent = 125560, targetBytesSent = 124420, timeLeft (us) = 6905
Bytes Sent = 124100, targetBytesSent = 123860, timeLeft (us) = 6877
Client sent: 90 MBs of data
Bytes Sent = 125560, targetBytesSent = 124760, timeLeft (us) = 6900
Bytes Sent = 125560, targetBytesSent = 124200, timeLeft (us) = 6909
Bytes Sent = 124100, targetBytesSent = 123640, timeLeft (us) = 6856
Bytes Sent = 125560, targetBytesSent = 124540, timeLeft (us) = 6870
Bytes Sent = 124100, targetBytesSent = 123980, timeLeft (us) = 6906
Bytes Sent = 125560, targetBytesSent = 124880, timeLeft (us) = 6912
Bytes Sent = 125560, targetBytesSent = 124320, timeLeft (us) = 6912
Bytes Sent = 124100, targetBytesSent = 123760, timeLeft (us) = 6852
Client sent: 91 MBs of data
Bytes Sent = 125560, targetBytesSent = 124660, timeLeft (us) = 6853
Bytes Sent = 124100, targetBytesSent = 124100, timeLeft (us) = 6904
Bytes Sent = 125560, targetBytesSent = 125000, timeLeft (us) = 6842
Bytes Sent = 125560, targetBytesSent = 124440, timeLeft (us) = 6884
Bytes Sent = 124100, targetBytesSent = 123880, timeLeft (us) = 6925
Bytes Sent = 125560, targetBytesSent = 124780, timeLeft (us) = 6904
Bytes Sent = 125560, targetBytesSent = 124220, timeLeft (us) = 6896
Bytes Sent = 124100, targetBytesSent = 123660, timeLeft (us) = 6860
Client sent: 92 MBs of data
Bytes Sent = 125560, targetBytesSent = 124560, timeLeft (us) = 6906
Bytes Sent = 124100, targetBytesSent = 124000, timeLeft (us) = 6912
Bytes Sent = 125560, targetBytesSent = 124900, timeLeft (us) = 6885
Bytes Sent = 125560, targetBytesSent = 124340, timeLeft (us) = 6901
Bytes Sent = 124100, targetBytesSent = 123780, timeLeft (us) = 6872
Bytes Sent = 125560, targetBytesSent = 124680, timeLeft (us) = 6924
Bytes Sent = 125560, targetBytesSent = 124120, timeLeft (us) = 6890
Bytes Sent = 124100, targetBytesSent = 123560, timeLeft (us) = 6864
Client sent: 93 MBs of data
Bytes Sent = 125560, targetBytesSent = 124460, timeLeft (us) = 6921
Bytes Sent = 124100, targetBytesSent = 123900, timeLeft (us) = 6930
Bytes Sent = 125560, targetBytesSent = 124800, timeLeft (us) = 6932
Bytes Sent = 125560, targetBytesSent = 124240, timeLeft (us) = 6951
Bytes Sent = 124100, targetBytesSent = 123680, timeLeft (us) = 6933
Bytes Sent = 125560, targetBytesSent = 124580, timeLeft (us) = 6902
Bytes Sent = 124100, targetBytesSent = 124020, timeLeft (us) = 6886
Bytes Sent = 125560, targetBytesSent = 124920, timeLeft (us) = 6888
Client sent: 94 MBs of data
Bytes Sent = 125560, targetBytesSent = 124360, timeLeft (us) = 6885
Bytes Sent = 124100, targetBytesSent = 123800, timeLeft (us) = 6900
Bytes Sent = 125560, targetBytesSent = 124700, timeLeft (us) = 6888
Bytes Sent = 125560, targetBytesSent = 124140, timeLeft (us) = 6901
Bytes Sent = 124100, targetBytesSent = 123580, timeLeft (us) = 6874
Bytes Sent = 125560, targetBytesSent = 124480, timeLeft (us) = 6886
Bytes Sent = 124100, targetBytesSent = 123920, timeLeft (us) = 6847
Bytes Sent = 125560, targetBytesSent = 124820, timeLeft (us) = 6879
Client sent: 95 MBs of data
Bytes Sent = 125560, targetBytesSent = 124260, timeLeft (us) = 6945
Bytes Sent = 124100, targetBytesSent = 123700, timeLeft (us) = 6911
Bytes Sent = 125560, targetBytesSent = 124600, timeLeft (us) = 6887
Bytes Sent = 124100, targetBytesSent = 124040, timeLeft (us) = 6917
Bytes Sent = 125560, targetBytesSent = 124940, timeLeft (us) = 6910
Bytes Sent = 125560, targetBytesSent = 124380, timeLeft (us) = 6867
Bytes Sent = 124100, targetBytesSent = 123820, timeLeft (us) = 6922
Bytes Sent = 125560, targetBytesSent = 124720, timeLeft (us) = 6886
Client sent: 96 MBs of data
Bytes Sent = 125560, targetBytesSent = 124160, timeLeft (us) = 6888
Bytes Sent = 124100, targetBytesSent = 123600, timeLeft (us) = 6882
Bytes Sent = 125560, targetBytesSent = 124500, timeLeft (us) = 6904
Bytes Sent = 124100, targetBytesSent = 123940, timeLeft (us) = 6878
Bytes Sent = 125560, targetBytesSent = 124840, timeLeft (us) = 6964
Bytes Sent = 125560, targetBytesSent = 124280, timeLeft (us) = 6895
Bytes Sent = 124100, targetBytesSent = 123720, timeLeft (us) = 6903
Bytes Sent = 125560, targetBytesSent = 124620, timeLeft (us) = 6869
Client sent: 97 MBs of data
Bytes Sent = 124100, targetBytesSent = 124060, timeLeft (us) = 6868
Bytes Sent = 125560, targetBytesSent = 124960, timeLeft (us) = 6922
Bytes Sent = 125560, targetBytesSent = 124400, timeLeft (us) = 6886
Bytes Sent = 124100, targetBytesSent = 123840, timeLeft (us) = 6876
Bytes Sent = 125560, targetBytesSent = 124740, timeLeft (us) = 6861
Bytes Sent = 125560, targetBytesSent = 124180, timeLeft (us) = 6875
Bytes Sent = 124100, targetBytesSent = 123620, timeLeft (us) = 6928
Bytes Sent = 125560, targetBytesSent = 124520, timeLeft (us) = 6906
Client sent: 98 MBs of data
Bytes Sent = 124100, targetBytesSent = 123960, timeLeft (us) = 6892
Bytes Sent = 125560, targetBytesSent = 124860, timeLeft (us) = 6911
Bytes Sent = 125560, targetBytesSent = 124300, timeLeft (us) = 6904
Bytes Sent = 124100, targetBytesSent = 123740, timeLeft (us) = 6868
Bytes Sent = 125560, targetBytesSent = 124640, timeLeft (us) = 6921
Bytes Sent = 124100, targetBytesSent = 124080, timeLeft (us) = 6910
Bytes Sent = 125560, targetBytesSent = 124980, timeLeft (us) = 6901
Bytes Sent = 125560, targetBytesSent = 124420, timeLeft (us) = 6912
Client sent: 99 MBs of data
Bytes Sent = 124100, targetBytesSent = 123860, timeLeft (us) = 6907
Bytes Sent = 125560, targetBytesSent = 124760, timeLeft (us) = 6906
Bytes Sent = 125560, targetBytesSent = 124200, timeLeft (us) = 6926
Bytes Sent = 124100, targetBytesSent = 123640, timeLeft (us) = 6883
Bytes Sent = 125560, targetBytesSent = 124540, timeLeft (us) = 6864
Bytes Sent = 124100, targetBytesSent = 123980, timeLeft (us) = 6903
Bytes Sent = 125560, targetBytesSent = 124880, timeLeft (us) = 6932
Bytes Sent = 125560, targetBytesSent = 124320, timeLeft (us) = 6917
Client sent: 100 MBs of data
Bytes Sent = 124100, targetBytesSent = 123760, timeLeft (us) = 6901
Bytes Sent = 125560, targetBytesSent = 124660, timeLeft (us) = 6900
Bytes Sent = 124100, targetBytesSent = 124100, timeLeft (us) = 6898
Bytes Sent = 125560, targetBytesSent = 125000, timeLeft (us) = 6895
Bytes Sent = 125560, targetBytesSent = 124440, timeLeft (us) = 6887
Bytes Sent = 124100, targetBytesSent = 123880, timeLeft (us) = 6885
Bytes Sent = 125560, targetBytesSent = 124780, timeLeft (us) = 6871
Bytes Sent = 125560, targetBytesSent = 124220, timeLeft (us) = 6895
Client sent: 101 MBs of data
Bytes Sent = 124100, targetBytesSent = 123660, timeLeft (us) = 6902
Bytes Sent = 125560, targetBytesSent = 124560, timeLeft (us) = 6940
Bytes Sent = 124100, targetBytesSent = 124000, timeLeft (us) = 6887
Bytes Sent = 125560, targetBytesSent = 124900, timeLeft (us) = 6892
Bytes Sent = 125560, targetBytesSent = 124340, timeLeft (us) = 6885
Bytes Sent = 124100, targetBytesSent = 123780, timeLeft (us) = 6893
Bytes Sent = 125560, targetBytesSent = 124680, timeLeft (us) = 6854
Bytes Sent = 125560, targetBytesSent = 124120, timeLeft (us) = 6883
Client sent: 102 MBs of data
Bytes Sent = 124100, targetBytesSent = 123560, timeLeft (us) = 6885
Bytes Sent = 125560, targetBytesSent = 124460, timeLeft (us) = 6831
Bytes Sent = 124100, targetBytesSent = 123900, timeLeft (us) = 6932
Bytes Sent = 125560, targetBytesSent = 124800, timeLeft (us) = 6903
Bytes Sent = 125560, targetBytesSent = 124240, timeLeft (us) = 6906
Bytes Sent = 124100, targetBytesSent = 123680, timeLeft (us) = 6881
Bytes Sent = 125560, targetBytesSent = 124580, timeLeft (us) = 6923
Bytes Sent = 124100, targetBytesSent = 124020, timeLeft (us) = 6937
Client sent: 103 MBs of data
Bytes Sent = 125560, targetBytesSent = 124920, timeLeft (us) = 6903
Bytes Sent = 125560, targetBytesSent = 124360, timeLeft (us) = 6914
Bytes Sent = 124100, targetBytesSent = 123800, timeLeft (us) = 6931
Bytes Sent = 125560, targetBytesSent = 124700, timeLeft (us) = 6861
Bytes Sent = 125560, targetBytesSent = 124140, timeLeft (us) = 6892
Bytes Sent = 124100, targetBytesSent = 123580, timeLeft (us) = 6879
Bytes Sent = 125560, targetBytesSent = 124480, timeLeft (us) = 6904
Bytes Sent = 124100, targetBytesSent = 123920, timeLeft (us) = 6895
Client sent: 104 MBs of data
Bytes Sent = 125560, targetBytesSent = 124820, timeLeft (us) = 6876
Bytes Sent = 125560, targetBytesSent = 124260, timeLeft (us) = 6879
Bytes Sent = 124100, targetBytesSent = 123700, timeLeft (us) = 6904
Bytes Sent = 125560, targetBytesSent = 124600, timeLeft (us) = 6857
Bytes Sent = 124100, targetBytesSent = 124040, timeLeft (us) = 6900
Bytes Sent = 125560, targetBytesSent = 124940, timeLeft (us) = 6866
Bytes Sent = 125560, targetBytesSent = 124380, timeLeft (us) = 6905
Bytes Sent = 124100, targetBytesSent = 123820, timeLeft (us) = 6903
Client sent: 105 MBs of data
Bytes Sent = 125560, targetBytesSent = 124720, timeLeft (us) = 6903
Bytes Sent = 125560, targetBytesSent = 124160, timeLeft (us) = 6929
Bytes Sent = 124100, targetBytesSent = 123600, timeLeft (us) = 6897
Bytes Sent = 125560, targetBytesSent = 124500, timeLeft (us) = 6917
Bytes Sent = 124100, targetBytesSent = 123940, timeLeft (us) = 6864
Bytes Sent = 125560, targetBytesSent = 124840, timeLeft (us) = 6963
Bytes Sent = 125560, targetBytesSent = 124280, timeLeft (us) = 6894
Bytes Sent = 124100, targetBytesSent = 123720, timeLeft (us) = 6867
Client sent: 106 MBs of data
Bytes Sent = 125560, targetBytesSent = 124620, timeLeft (us) = 6928
Bytes Sent = 124100, targetBytesSent = 124060, timeLeft (us) = 6883
Bytes Sent = 125560, targetBytesSent = 124960, timeLeft (us) = 6910
Bytes Sent = 125560, targetBytesSent = 124400, timeLeft (us) = 6891
Bytes Sent = 124100, targetBytesSent = 123840, timeLeft (us) = 6896
Bytes Sent = 125560, targetBytesSent = 124740, timeLeft (us) = 6892
Bytes Sent = 125560, targetBytesSent = 124180, timeLeft (us) = 6894
Bytes Sent = 124100, targetBytesSent = 123620, timeLeft (us) = 6886
Client sent: 107 MBs of data
Bytes Sent = 125560, targetBytesSent = 124520, timeLeft (us) = 6893
Bytes Sent = 124100, targetBytesSent = 123960, timeLeft (us) = 6880
Bytes Sent = 125560, targetBytesSent = 124860, timeLeft (us) = 6897
Bytes Sent = 125560, targetBytesSent = 124300, timeLeft (us) = 6856
Bytes Sent = 124100, targetBytesSent = 123740, timeLeft (us) = 6946
Bytes Sent = 125560, targetBytesSent = 124640, timeLeft (us) = 6912
Bytes Sent = 124100, targetBytesSent = 124080, timeLeft (us) = 6927
Bytes Sent = 125560, targetBytesSent = 124980, timeLeft (us) = 6891
Client sent: 108 MBs of data
Bytes Sent = 125560, targetBytesSent = 124420, timeLeft (us) = 6885
Bytes Sent = 124100, targetBytesSent = 123860, timeLeft (us) = 6913
Bytes Sent = 125560, targetBytesSent = 124760, timeLeft (us) = 6850
Bytes Sent = 125560, targetBytesSent = 124200, timeLeft (us) = 6901
Bytes Sent = 124100, targetBytesSent = 123640, timeLeft (us) = 6892
Bytes Sent = 125560, targetBytesSent = 124540, timeLeft (us) = 6899
Bytes Sent = 124100, targetBytesSent = 123980, timeLeft (us) = 6937
Bytes Sent = 125560, targetBytesSent = 124880, timeLeft (us) = 6857
Client sent: 109 MBs of data
Bytes Sent = 125560, targetBytesSent = 124320, timeLeft (us) = 6902
Bytes Sent = 124100, targetBytesSent = 123760, timeLeft (us) = 6909
Bytes Sent = 125560, targetBytesSent = 124660, timeLeft (us) = 6869
Bytes Sent = 124100, targetBytesSent = 124100, timeLeft (us) = 6881
Bytes Sent = 125560, targetBytesSent = 125000, timeLeft (us) = 6909
Bytes Sent = 125560, targetBytesSent = 124440, timeLeft (us) = 6903
Bytes Sent = 124100, targetBytesSent = 123880, timeLeft (us) = 6903
Bytes Sent = 125560, targetBytesSent = 124780, timeLeft (us) = 6864
Client sent: 110 MBs of data
Bytes Sent = 125560, targetBytesSent = 124220, timeLeft (us) = 6913
Bytes Sent = 124100, targetBytesSent = 123660, timeLeft (us) = 6902
Bytes Sent = 125560, targetBytesSent = 124560, timeLeft (us) = 6905
Bytes Sent = 124100, targetBytesSent = 124000, timeLeft (us) = 6906
Bytes Sent = 125560, targetBytesSent = 124900, timeLeft (us) = 6948
Bytes Sent = 125560, targetBytesSent = 124340, timeLeft (us) = 6900
Bytes Sent = 124100, targetBytesSent = 123780, timeLeft (us) = 6871
Bytes Sent = 125560, targetBytesSent = 124680, timeLeft (us) = 6919
Client sent: 111 MBs of data
Bytes Sent = 125560, targetBytesSent = 124120, timeLeft (us) = 6915
Bytes Sent = 124100, targetBytesSent = 123560, timeLeft (us) = 6902
Bytes Sent = 125560, targetBytesSent = 124460, timeLeft (us) = 6933
Bytes Sent = 124100, targetBytesSent = 123900, timeLeft (us) = 6976
Bytes Sent = 125560, targetBytesSent = 124800, timeLeft (us) = 6876
Bytes Sent = 125560, targetBytesSent = 124240, timeLeft (us) = 6951
Bytes Sent = 124100, targetBytesSent = 123680, timeLeft (us) = 6899
Bytes Sent = 125560, targetBytesSent = 124580, timeLeft (us) = 6850
Client sent: 112 MBs of data
Bytes Sent = 124100, targetBytesSent = 124020, timeLeft (us) = 6934
Bytes Sent = 125560, targetBytesSent = 124920, timeLeft (us) = 6903
Bytes Sent = 125560, targetBytesSent = 124360, timeLeft (us) = 6879
Bytes Sent = 124100, targetBytesSent = 123800, timeLeft (us) = 6914
Bytes Sent = 125560, targetBytesSent = 124700, timeLeft (us) = 6888
Bytes Sent = 125560, targetBytesSent = 124140, timeLeft (us) = 6904
Bytes Sent = 124100, targetBytesSent = 123580, timeLeft (us) = 6886
Bytes Sent = 125560, targetBytesSent = 124480, timeLeft (us) = 6866
Client sent: 113 MBs of data
Bytes Sent = 124100, targetBytesSent = 123920, timeLeft (us) = 6896
Bytes Sent = 125560, targetBytesSent = 124820, timeLeft (us) = 6898
Bytes Sent = 125560, targetBytesSent = 124260, timeLeft (us) = 6912
Bytes Sent = 124100, targetBytesSent = 123700, timeLeft (us) = 6876
Bytes Sent = 125560, targetBytesSent = 124600, timeLeft (us) = 6923
Bytes Sent = 124100, targetBytesSent = 124040, timeLeft (us) = 6880
Bytes Sent = 125560, targetBytesSent = 124940, timeLeft (us) = 6878
Bytes Sent = 125560, targetBytesSent = 124380, timeLeft (us) = 6912
Client sent: 114 MBs of data
Bytes Sent = 124100, targetBytesSent = 123820, timeLeft (us) = 6913
Bytes Sent = 125560, targetBytesSent = 124720, timeLeft (us) = 6839
Bytes Sent = 125560, targetBytesSent = 124160, timeLeft (us) = 6903
Bytes Sent = 124100, targetBytesSent = 123600, timeLeft (us) = 6902
Bytes Sent = 125560, targetBytesSent = 124500, timeLeft (us) = 6861
Bytes Sent = 124100, targetBytesSent = 123940, timeLeft (us) = 6930
Bytes Sent = 125560, targetBytesSent = 124840, timeLeft (us) = 6891
Bytes Sent = 125560, targetBytesSent = 124280, timeLeft (us) = 6927
Client sent: 115 MBs of data
Bytes Sent = 124100, targetBytesSent = 123720, timeLeft (us) = 6887
Bytes Sent = 125560, targetBytesSent = 124620, timeLeft (us) = 6891
Bytes Sent = 124100, targetBytesSent = 124060, timeLeft (us) = 6941
Bytes Sent = 125560, targetBytesSent = 124960, timeLeft (us) = 6875
Bytes Sent = 125560, targetBytesSent = 124400, timeLeft (us) = 6902
Bytes Sent = 124100, targetBytesSent = 123840, timeLeft (us) = 6929
Bytes Sent = 125560, targetBytesSent = 124740, timeLeft (us) = 6909
Bytes Sent = 125560, targetBytesSent = 124180, timeLeft (us) = 6885
Client sent: 116 MBs of data
Bytes Sent = 124100, targetBytesSent = 123620, timeLeft (us) = 6893
Bytes Sent = 125560, targetBytesSent = 124520, timeLeft (us) = 6900
Bytes Sent = 124100, targetBytesSent = 123960, timeLeft (us) = 6888
Bytes Sent = 125560, targetBytesSent = 124860, timeLeft (us) = 6903
Bytes Sent = 125560, targetBytesSent = 124300, timeLeft (us) = 6877
Bytes Sent = 124100, targetBytesSent = 123740, timeLeft (us) = 6880
Bytes Sent = 125560, targetBytesSent = 124640, timeLeft (us) = 6893
Bytes Sent = 124100, targetBytesSent = 124080, timeLeft (us) = 6919
Client sent: 117 MBs of data
Bytes Sent = 125560, targetBytesSent = 124980, timeLeft (us) = 6900
Bytes Sent = 125560, targetBytesSent = 124420, timeLeft (us) = 6895
Bytes Sent = 124100, targetBytesSent = 123860, timeLeft (us) = 6888
Bytes Sent = 125560, targetBytesSent = 124760, timeLeft (us) = 6924
Bytes Sent = 125560, targetBytesSent = 124200, timeLeft (us) = 6926
Bytes Sent = 124100, targetBytesSent = 123640, timeLeft (us) = 6888
Bytes Sent = 125560, targetBytesSent = 124540, timeLeft (us) = 6913
Bytes Sent = 124100, targetBytesSent = 123980, timeLeft (us) = 6905
Client sent: 118 MBs of data
Bytes Sent = 125560, targetBytesSent = 124880, timeLeft (us) = 6930
Bytes Sent = 125560, targetBytesSent = 124320, timeLeft (us) = 6892
Bytes Sent = 124100, targetBytesSent = 123760, timeLeft (us) = 6925
Bytes Sent = 125560, targetBytesSent = 124660, timeLeft (us) = 6926
Bytes Sent = 124100, targetBytesSent = 124100, timeLeft (us) = 6914
Bytes Sent = 125560, targetBytesSent = 125000, timeLeft (us) = 6920
Bytes Sent = 125560, targetBytesSent = 124440, timeLeft (us) = 6886
Bytes Sent = 124100, targetBytesSent = 123880, timeLeft (us) = 6894
Client sent: 119 MBs of data
Bytes Sent = 125560, targetBytesSent = 124780, timeLeft (us) = 6886
Bytes Sent = 125560, targetBytesSent = 124220, timeLeft (us) = 6858
Bytes Sent = 124100, targetBytesSent = 123660, timeLeft (us) = 6875
Bytes Sent = 125560, targetBytesSent = 124560, timeLeft (us) = 6915
Bytes Sent = 124100, targetBytesSent = 124000, timeLeft (us) = 6889
Bytes Sent = 125560, targetBytesSent = 124900, timeLeft (us) = 6902
Bytes Sent = 125560, targetBytesSent = 124340, timeLeft (us) = 6897
Bytes Sent = 124100, targetBytesSent = 123780, timeLeft (us) = 6852
Client sent: 120 MBs of data
Bytes Sent = 125560, targetBytesSent = 124680, timeLeft (us) = 6881
Bytes Sent = 125560, targetBytesSent = 124120, timeLeft (us) = 6895
Bytes Sent = 124100, targetBytesSent = 123560, timeLeft (us) = 6890
Bytes Sent = 125560, targetBytesSent = 124460, timeLeft (us) = 6872
Bytes Sent = 124100, targetBytesSent = 123900, timeLeft (us) = 6901
Bytes Sent = 125560, targetBytesSent = 124800, timeLeft (us) = 6898
Bytes Sent = 125560, targetBytesSent = 124240, timeLeft (us) = 6848
Bytes Sent = 124100, targetBytesSent = 123680, timeLeft (us) = 6917
Client sent: 121 MBs of data
Bytes Sent = 125560, targetBytesSent = 124580, timeLeft (us) = 6887
Bytes Sent = 124100, targetBytesSent = 124020, timeLeft (us) = 6924
Bytes Sent = 125560, targetBytesSent = 124920, timeLeft (us) = 6865
Bytes Sent = 125560, targetBytesSent = 124360, timeLeft (us) = 6909
Bytes Sent = 124100, targetBytesSent = 123800, timeLeft (us) = 6875
Bytes Sent = 125560, targetBytesSent = 124700, timeLeft (us) = 6943
Bytes Sent = 125560, targetBytesSent = 124140, timeLeft (us) = 6887
Bytes Sent = 124100, targetBytesSent = 123580, timeLeft (us) = 6888
Client sent: 122 MBs of data
Bytes Sent = 125560, targetBytesSent = 124480, timeLeft (us) = 6901
Bytes Sent = 124100, targetBytesSent = 123920, timeLeft (us) = 6928
Bytes Sent = 125560, targetBytesSent = 124820, timeLeft (us) = 6885
Bytes Sent = 125560, targetBytesSent = 124260, timeLeft (us) = 6898
Bytes Sent = 124100, targetBytesSent = 123700, timeLeft (us) = 6904
Bytes Sent = 125560, targetBytesSent = 124600, timeLeft (us) = 6895
Bytes Sent = 124100, targetBytesSent = 124040, timeLeft (us) = 6854
Bytes Sent = 125560, targetBytesSent = 124940, timeLeft (us) = 6890
Client sent: 123 MBs of data
Bytes Sent = 125560, targetBytesSent = 124380, timeLeft (us) = 6862
Bytes Sent = 124100, targetBytesSent = 123820, timeLeft (us) = 6864
Bytes Sent = 125560, targetBytesSent = 124720, timeLeft (us) = 6948
Bytes Sent = 125560, targetBytesSent = 124160, timeLeft (us) = 6926
Bytes Sent = 124100, targetBytesSent = 123600, timeLeft (us) = 6880
Bytes Sent = 125560, targetBytesSent = 124500, timeLeft (us) = 6893
Bytes Sent = 124100, targetBytesSent = 123940, timeLeft (us) = 6863
Bytes Sent = 125560, targetBytesSent = 124840, timeLeft (us) = 6895
Client sent: 124 MBs of data
Bytes Sent = 125560, targetBytesSent = 124280, timeLeft (us) = 6918
Bytes Sent = 124100, targetBytesSent = 123720, timeLeft (us) = 6864
Bytes Sent = 125560, targetBytesSent = 124620, timeLeft (us) = 6892
Bytes Sent = 124100, targetBytesSent = 124060, timeLeft (us) = 6908
Bytes Sent = 125560, targetBytesSent = 124960, timeLeft (us) = 6917
Bytes Sent = 125560, targetBytesSent = 124400, timeLeft (us) = 6925
Bytes Sent = 124100, targetBytesSent = 123840, timeLeft (us) = 6923
Bytes Sent = 125560, targetBytesSent = 124740, timeLeft (us) = 6858
Client sent: 125 MBs of data
Bytes Sent = 125560, targetBytesSent = 124180, timeLeft (us) = 6867
Bytes Sent = 124100, targetBytesSent = 123620, timeLeft (us) = 6874
Bytes Sent = 125560, targetBytesSent = 124520, timeLeft (us) = 6882
Bytes Sent = 124100, targetBytesSent = 123960, timeLeft (us) = 6894
Bytes Sent = 125560, targetBytesSent = 124860, timeLeft (us) = 6890
Bytes Sent = 125560, targetBytesSent = 124300, timeLeft (us) = 6842
Bytes Sent = 124100, targetBytesSent = 123740, timeLeft (us) = 6868
Bytes Sent = 125560, targetBytesSent = 124640, timeLeft (us) = 6862
Client sent: 126 MBs of data
Bytes Sent = 124100, targetBytesSent = 124080, timeLeft (us) = 6931
Bytes Sent = 125560, targetBytesSent = 124980, timeLeft (us) = 6919
Exp finishing. Stopping stack thread with id: 6!
VT-sleep-for exiting !

------------------------- ACTUAL STDOUT FROM EXECUTABLE ENDED -----------------------------

Process: 6 exiting VT experiment !
Main thread exiting. PID = 6
