Attempting to set static arp entries ...
Tracer: 17 >> Using SRC IP: 10.1.20.166 for any spawned virtual tcp-stacks
Tracer: 17 >> Updating firewall rules to drop outgoing TCP-RST packets
Attempting to set firewall rules ...
Tracer: 17 >> CMD TO RUN: /home/vignesh/VT-S3FNet/csudp/tcp_tgen/tgen client 37 10.1.21.34 7891 rate 100 > /home/vignesh/VT-S3FNet/experiment-data/TCP_LA_Enabled_nemus_60_ratelim_rate_100/client37.log
args[0] = /home/vignesh/VT-S3FNet/csudp/tcp_tgen/tgen
args[1] = client
args[2] = 37
args[3] = 10.1.21.34
args[4] = 7891
args[5] = rate
args[6] = 100
Setting appropriate environment variables ...
HOME DIRECTORY : /home/vignesh
Parsing TTN config file: /home/vignesh/.ttn/projects.db
Setting VT_L1_INS_CACHE_MISS_CYCLES to: 100
Setting VT_L1_INS_CACHE_LINES to: 64
Setting VT_L1_INS_CACHE_SIZE_KB to: 32
Setting VT_L1_INS_CACHE_ASSOC to: 8
Setting VT_L1_INS_CACHE_REPLACEMENT_POLICY to: LRU
Setting VT_L1_DATA_CACHE_MISS_CYCLES to: 100
Setting VT_L1_DATA_CACHE_LINES to: 64
Setting VT_L1_DATA_CACHE_SIZE_KB to: 32
Setting VT_L1_DATA_CACHE_ASSOC to: 8
Setting VT_L1_DATA_CACHE_REPLACEMENT_POLICY to: LRU
Setting VT_CPU_CYLES_NS to: 2.700000
Setting VT_NIC_SPEED_MBPS to: 1000.000000
Setting VT_TIMING_MODEL to: EMPIRICAL
Setting VT_BBL_LOOKAHEAD_FILE to: /home/vignesh/VT-S3FNet/csudp/tcp_tgen/.ttn/lookahead/bbl_lookahead.info
Setting VT_LOOP_LOOKAHEAD_FILE to: /home/vignesh/VT-S3FNet/csudp/tcp_tgen/.ttn/lookahead/loop_lookahead.info
Starting command: /home/vignesh/VT-S3FNet/csudp/tcp_tgen/tgen
Loading orig functions !
Starting executable with Pid = 6
Loading pointers to VTL Logic functions
Loaded pointers to all VTL Logic functions
Now Initializing VT-Management 
Extracting env variables !
Extracted tracer-id: 17
Extracted exp-type: 2
Extracted cpu-cycles-ns: 2.700000
Extracted socket-layer-ip: -1508638454
Starting VT-initialization !
Tracer-ID: 17, Timeline-ID: 17
Tracer registration for EXP_CS complete. TimelineID = 17, Return = 17
Tracer Adding to SQ. Tracer ID = 17
Parsing any provided lookahead information ...
Opening file: /home/vignesh/VT-S3FNet/csudp/tcp_tgen/.ttn/lookahead/bbl_lookahead.info
File size: 592
mapped memblock size: 592
Finish offset: 70, Number of values: 70
Returning success !
Loaded BBL lookaheads for 70 basic blocks ...
Opening file: /home/vignesh/VT-S3FNet/csudp/tcp_tgen/.ttn/lookahead/loop_lookahead.info
Failed to parse Loop Lookaheads. Ignoring ...
VT initialization successfull !
Finished Initializing VT-Management 
Initializing TCP-stack ...
TCP stack unique-id: 176
Starting virtual socket layer stack-thread !
Pthread_create: vtStackThread special case
Successfully initialized VTL-Logic embedded into the executable

------------------------- ACTUAL STDOUT FROM EXECUTABLE STARTS -----------------------------

Client: MyPid: 6
Adding new vt-tcp-socket !
Creating vt-tcp socket !
Client socket fd = 4097
setsockopt through vt-tcp !
setsockopt through vt-tcp !
Connecting to server ...
Connecting .. Socket: 4097, src-port: 40001
Waking up connected socket !
Socket connect success. socket = 4097
Connecting through vt-tcp success !
Sending data ...
Sending msgs of size: 1460 to server at rate 100 (Mbps)...
Bytes Sent = 125560, targetBytesSent = 125000, timeLeft (us) = 7080
Bytes Sent = 125560, targetBytesSent = 124440, timeLeft (us) = 7090
Bytes Sent = 124100, targetBytesSent = 123880, timeLeft (us) = 7049
Bytes Sent = 125560, targetBytesSent = 124780, timeLeft (us) = 7093
Bytes Sent = 125560, targetBytesSent = 124220, timeLeft (us) = 7067
Bytes Sent = 124100, targetBytesSent = 123660, timeLeft (us) = 7053
Bytes Sent = 125560, targetBytesSent = 124560, timeLeft (us) = 7040
Bytes Sent = 124100, targetBytesSent = 124000, timeLeft (us) = 7064
Client sent: 1 MBs of data
Bytes Sent = 125560, targetBytesSent = 124900, timeLeft (us) = 7051
Bytes Sent = 125560, targetBytesSent = 124340, timeLeft (us) = 7081
Bytes Sent = 124100, targetBytesSent = 123780, timeLeft (us) = 7066
Bytes Sent = 125560, targetBytesSent = 124680, timeLeft (us) = 7065
Bytes Sent = 125560, targetBytesSent = 124120, timeLeft (us) = 7067
Bytes Sent = 124100, targetBytesSent = 123560, timeLeft (us) = 7096
Bytes Sent = 125560, targetBytesSent = 124460, timeLeft (us) = 7083
Bytes Sent = 124100, targetBytesSent = 123900, timeLeft (us) = 7065
Client sent: 2 MBs of data
Bytes Sent = 125560, targetBytesSent = 124800, timeLeft (us) = 7047
Bytes Sent = 125560, targetBytesSent = 124240, timeLeft (us) = 7071
Bytes Sent = 124100, targetBytesSent = 123680, timeLeft (us) = 7047
Bytes Sent = 125560, targetBytesSent = 124580, timeLeft (us) = 7046
Bytes Sent = 124100, targetBytesSent = 124020, timeLeft (us) = 7073
Bytes Sent = 125560, targetBytesSent = 124920, timeLeft (us) = 7042
Bytes Sent = 125560, targetBytesSent = 124360, timeLeft (us) = 7041
Bytes Sent = 124100, targetBytesSent = 123800, timeLeft (us) = 7056
Client sent: 3 MBs of data
Bytes Sent = 125560, targetBytesSent = 124700, timeLeft (us) = 7042
Bytes Sent = 125560, targetBytesSent = 124140, timeLeft (us) = 7042
Bytes Sent = 124100, targetBytesSent = 123580, timeLeft (us) = 7052
Bytes Sent = 125560, targetBytesSent = 124480, timeLeft (us) = 7062
Bytes Sent = 124100, targetBytesSent = 123920, timeLeft (us) = 7049
Bytes Sent = 125560, targetBytesSent = 124820, timeLeft (us) = 7043
Bytes Sent = 125560, targetBytesSent = 124260, timeLeft (us) = 7049
Bytes Sent = 124100, targetBytesSent = 123700, timeLeft (us) = 7037
Client sent: 4 MBs of data
Bytes Sent = 125560, targetBytesSent = 124600, timeLeft (us) = 7047
Bytes Sent = 124100, targetBytesSent = 124040, timeLeft (us) = 7035
Bytes Sent = 125560, targetBytesSent = 124940, timeLeft (us) = 7044
Bytes Sent = 125560, targetBytesSent = 124380, timeLeft (us) = 7029
Bytes Sent = 124100, targetBytesSent = 123820, timeLeft (us) = 7042
Bytes Sent = 125560, targetBytesSent = 124720, timeLeft (us) = 7045
Bytes Sent = 125560, targetBytesSent = 124160, timeLeft (us) = 7038
Bytes Sent = 124100, targetBytesSent = 123600, timeLeft (us) = 7062
Client sent: 5 MBs of data
Bytes Sent = 125560, targetBytesSent = 124500, timeLeft (us) = 7047
Bytes Sent = 124100, targetBytesSent = 123940, timeLeft (us) = 7059
Bytes Sent = 125560, targetBytesSent = 124840, timeLeft (us) = 7039
Bytes Sent = 125560, targetBytesSent = 124280, timeLeft (us) = 7041
Bytes Sent = 124100, targetBytesSent = 123720, timeLeft (us) = 7055
Bytes Sent = 125560, targetBytesSent = 124620, timeLeft (us) = 7058
Bytes Sent = 124100, targetBytesSent = 124060, timeLeft (us) = 7059
Bytes Sent = 125560, targetBytesSent = 124960, timeLeft (us) = 7072
Client sent: 6 MBs of data
Bytes Sent = 125560, targetBytesSent = 124400, timeLeft (us) = 7032
Bytes Sent = 124100, targetBytesSent = 123840, timeLeft (us) = 7043
Bytes Sent = 125560, targetBytesSent = 124740, timeLeft (us) = 7058
Bytes Sent = 125560, targetBytesSent = 124180, timeLeft (us) = 7077
Bytes Sent = 124100, targetBytesSent = 123620, timeLeft (us) = 7046
Bytes Sent = 125560, targetBytesSent = 124520, timeLeft (us) = 7054
Bytes Sent = 124100, targetBytesSent = 123960, timeLeft (us) = 7058
Bytes Sent = 125560, targetBytesSent = 124860, timeLeft (us) = 7035
Client sent: 7 MBs of data
Bytes Sent = 125560, targetBytesSent = 124300, timeLeft (us) = 7046
Bytes Sent = 124100, targetBytesSent = 123740, timeLeft (us) = 7085
Bytes Sent = 125560, targetBytesSent = 124640, timeLeft (us) = 7065
Bytes Sent = 124100, targetBytesSent = 124080, timeLeft (us) = 7075
Bytes Sent = 125560, targetBytesSent = 124980, timeLeft (us) = 7057
Bytes Sent = 125560, targetBytesSent = 124420, timeLeft (us) = 7045
Bytes Sent = 124100, targetBytesSent = 123860, timeLeft (us) = 7054
Bytes Sent = 125560, targetBytesSent = 124760, timeLeft (us) = 7048
Client sent: 8 MBs of data
Bytes Sent = 125560, targetBytesSent = 124200, timeLeft (us) = 7075
Bytes Sent = 124100, targetBytesSent = 123640, timeLeft (us) = 7057
Bytes Sent = 125560, targetBytesSent = 124540, timeLeft (us) = 7068
Bytes Sent = 124100, targetBytesSent = 123980, timeLeft (us) = 7034
Bytes Sent = 125560, targetBytesSent = 124880, timeLeft (us) = 7048
Bytes Sent = 125560, targetBytesSent = 124320, timeLeft (us) = 7038
Bytes Sent = 124100, targetBytesSent = 123760, timeLeft (us) = 7054
Bytes Sent = 125560, targetBytesSent = 124660, timeLeft (us) = 7069
Client sent: 9 MBs of data
Bytes Sent = 124100, targetBytesSent = 124100, timeLeft (us) = 7062
Bytes Sent = 125560, targetBytesSent = 125000, timeLeft (us) = 7062
Bytes Sent = 125560, targetBytesSent = 124440, timeLeft (us) = 7062
Bytes Sent = 124100, targetBytesSent = 123880, timeLeft (us) = 7050
Bytes Sent = 125560, targetBytesSent = 124780, timeLeft (us) = 7042
Bytes Sent = 125560, targetBytesSent = 124220, timeLeft (us) = 7058
Bytes Sent = 124100, targetBytesSent = 123660, timeLeft (us) = 7050
Bytes Sent = 125560, targetBytesSent = 124560, timeLeft (us) = 7052
Client sent: 10 MBs of data
Bytes Sent = 124100, targetBytesSent = 124000, timeLeft (us) = 7066
Bytes Sent = 125560, targetBytesSent = 124900, timeLeft (us) = 7044
Bytes Sent = 125560, targetBytesSent = 124340, timeLeft (us) = 7068
Bytes Sent = 124100, targetBytesSent = 123780, timeLeft (us) = 7037
Bytes Sent = 125560, targetBytesSent = 124680, timeLeft (us) = 7051
Bytes Sent = 125560, targetBytesSent = 124120, timeLeft (us) = 7058
Bytes Sent = 124100, targetBytesSent = 123560, timeLeft (us) = 7071
Bytes Sent = 125560, targetBytesSent = 124460, timeLeft (us) = 7059
Client sent: 11 MBs of data
Bytes Sent = 124100, targetBytesSent = 123900, timeLeft (us) = 7054
Bytes Sent = 125560, targetBytesSent = 124800, timeLeft (us) = 7057
Bytes Sent = 125560, targetBytesSent = 124240, timeLeft (us) = 7067
Bytes Sent = 124100, targetBytesSent = 123680, timeLeft (us) = 7068
Bytes Sent = 125560, targetBytesSent = 124580, timeLeft (us) = 7050
Bytes Sent = 124100, targetBytesSent = 124020, timeLeft (us) = 7051
Bytes Sent = 125560, targetBytesSent = 124920, timeLeft (us) = 7054
Bytes Sent = 125560, targetBytesSent = 124360, timeLeft (us) = 7064
Client sent: 12 MBs of data
Bytes Sent = 124100, targetBytesSent = 123800, timeLeft (us) = 7044
Bytes Sent = 125560, targetBytesSent = 124700, timeLeft (us) = 7064
Bytes Sent = 125560, targetBytesSent = 124140, timeLeft (us) = 7055
Bytes Sent = 124100, targetBytesSent = 123580, timeLeft (us) = 7062
Bytes Sent = 125560, targetBytesSent = 124480, timeLeft (us) = 7067
Bytes Sent = 124100, targetBytesSent = 123920, timeLeft (us) = 7064
Bytes Sent = 125560, targetBytesSent = 124820, timeLeft (us) = 7049
Bytes Sent = 125560, targetBytesSent = 124260, timeLeft (us) = 7084
Client sent: 13 MBs of data
Bytes Sent = 124100, targetBytesSent = 123700, timeLeft (us) = 7038
Bytes Sent = 125560, targetBytesSent = 124600, timeLeft (us) = 7062
Bytes Sent = 124100, targetBytesSent = 124040, timeLeft (us) = 7049
Bytes Sent = 125560, targetBytesSent = 124940, timeLeft (us) = 7089
Bytes Sent = 125560, targetBytesSent = 124380, timeLeft (us) = 7040
Bytes Sent = 124100, targetBytesSent = 123820, timeLeft (us) = 7034
Bytes Sent = 125560, targetBytesSent = 124720, timeLeft (us) = 7034
Bytes Sent = 125560, targetBytesSent = 124160, timeLeft (us) = 7056
Client sent: 14 MBs of data
Bytes Sent = 124100, targetBytesSent = 123600, timeLeft (us) = 7023
Bytes Sent = 125560, targetBytesSent = 124500, timeLeft (us) = 7055
Bytes Sent = 124100, targetBytesSent = 123940, timeLeft (us) = 7049
Bytes Sent = 125560, targetBytesSent = 124840, timeLeft (us) = 7039
Bytes Sent = 125560, targetBytesSent = 124280, timeLeft (us) = 7063
Bytes Sent = 124100, targetBytesSent = 123720, timeLeft (us) = 7057
Bytes Sent = 125560, targetBytesSent = 124620, timeLeft (us) = 7039
Bytes Sent = 124100, targetBytesSent = 124060, timeLeft (us) = 7066
Client sent: 15 MBs of data
Bytes Sent = 125560, targetBytesSent = 124960, timeLeft (us) = 7048
Bytes Sent = 125560, targetBytesSent = 124400, timeLeft (us) = 7054
Bytes Sent = 124100, targetBytesSent = 123840, timeLeft (us) = 7027
Bytes Sent = 125560, targetBytesSent = 124740, timeLeft (us) = 7027
Bytes Sent = 125560, targetBytesSent = 124180, timeLeft (us) = 7035
Bytes Sent = 124100, targetBytesSent = 123620, timeLeft (us) = 7043
Bytes Sent = 125560, targetBytesSent = 124520, timeLeft (us) = 7050
Bytes Sent = 124100, targetBytesSent = 123960, timeLeft (us) = 7043
Client sent: 16 MBs of data
Bytes Sent = 125560, targetBytesSent = 124860, timeLeft (us) = 7032
Bytes Sent = 125560, targetBytesSent = 124300, timeLeft (us) = 7037
Bytes Sent = 124100, targetBytesSent = 123740, timeLeft (us) = 7047
Bytes Sent = 125560, targetBytesSent = 124640, timeLeft (us) = 7098
Bytes Sent = 124100, targetBytesSent = 124080, timeLeft (us) = 7055
Bytes Sent = 125560, targetBytesSent = 124980, timeLeft (us) = 7046
Bytes Sent = 125560, targetBytesSent = 124420, timeLeft (us) = 7070
Bytes Sent = 124100, targetBytesSent = 123860, timeLeft (us) = 7031
Client sent: 17 MBs of data
Bytes Sent = 125560, targetBytesSent = 124760, timeLeft (us) = 7063
Bytes Sent = 125560, targetBytesSent = 124200, timeLeft (us) = 7040
Bytes Sent = 124100, targetBytesSent = 123640, timeLeft (us) = 7040
Bytes Sent = 125560, targetBytesSent = 124540, timeLeft (us) = 7045
Bytes Sent = 124100, targetBytesSent = 123980, timeLeft (us) = 7035
Bytes Sent = 125560, targetBytesSent = 124880, timeLeft (us) = 7074
Bytes Sent = 125560, targetBytesSent = 124320, timeLeft (us) = 7058
Bytes Sent = 124100, targetBytesSent = 123760, timeLeft (us) = 7065
Client sent: 18 MBs of data
Bytes Sent = 125560, targetBytesSent = 124660, timeLeft (us) = 7082
Bytes Sent = 124100, targetBytesSent = 124100, timeLeft (us) = 7049
Bytes Sent = 125560, targetBytesSent = 125000, timeLeft (us) = 7046
Bytes Sent = 125560, targetBytesSent = 124440, timeLeft (us) = 7037
Bytes Sent = 124100, targetBytesSent = 123880, timeLeft (us) = 7057
Bytes Sent = 125560, targetBytesSent = 124780, timeLeft (us) = 7070
Bytes Sent = 125560, targetBytesSent = 124220, timeLeft (us) = 7102
Bytes Sent = 124100, targetBytesSent = 123660, timeLeft (us) = 7050
Client sent: 19 MBs of data
Bytes Sent = 125560, targetBytesSent = 124560, timeLeft (us) = 7086
Bytes Sent = 124100, targetBytesSent = 124000, timeLeft (us) = 7045
Bytes Sent = 125560, targetBytesSent = 124900, timeLeft (us) = 7077
Bytes Sent = 125560, targetBytesSent = 124340, timeLeft (us) = 7027
Bytes Sent = 124100, targetBytesSent = 123780, timeLeft (us) = 7056
Bytes Sent = 125560, targetBytesSent = 124680, timeLeft (us) = 7064
Bytes Sent = 125560, targetBytesSent = 124120, timeLeft (us) = 7054
Bytes Sent = 124100, targetBytesSent = 123560, timeLeft (us) = 7052
Client sent: 20 MBs of data
Bytes Sent = 125560, targetBytesSent = 124460, timeLeft (us) = 7074
Bytes Sent = 124100, targetBytesSent = 123900, timeLeft (us) = 7050
Bytes Sent = 125560, targetBytesSent = 124800, timeLeft (us) = 7053
Bytes Sent = 125560, targetBytesSent = 124240, timeLeft (us) = 7066
Bytes Sent = 124100, targetBytesSent = 123680, timeLeft (us) = 7059
Bytes Sent = 125560, targetBytesSent = 124580, timeLeft (us) = 7104
Bytes Sent = 124100, targetBytesSent = 124020, timeLeft (us) = 7101
Bytes Sent = 125560, targetBytesSent = 124920, timeLeft (us) = 7061
Client sent: 21 MBs of data
Bytes Sent = 125560, targetBytesSent = 124360, timeLeft (us) = 7071
Bytes Sent = 124100, targetBytesSent = 123800, timeLeft (us) = 7050
Bytes Sent = 125560, targetBytesSent = 124700, timeLeft (us) = 7060
Bytes Sent = 125560, targetBytesSent = 124140, timeLeft (us) = 7045
Bytes Sent = 124100, targetBytesSent = 123580, timeLeft (us) = 7059
Bytes Sent = 125560, targetBytesSent = 124480, timeLeft (us) = 7068
Bytes Sent = 124100, targetBytesSent = 123920, timeLeft (us) = 7052
Bytes Sent = 125560, targetBytesSent = 124820, timeLeft (us) = 7056
Client sent: 22 MBs of data
Bytes Sent = 125560, targetBytesSent = 124260, timeLeft (us) = 7047
Bytes Sent = 124100, targetBytesSent = 123700, timeLeft (us) = 7044
Bytes Sent = 125560, targetBytesSent = 124600, timeLeft (us) = 7050
Bytes Sent = 124100, targetBytesSent = 124040, timeLeft (us) = 7066
Bytes Sent = 125560, targetBytesSent = 124940, timeLeft (us) = 7085
Bytes Sent = 125560, targetBytesSent = 124380, timeLeft (us) = 7046
Bytes Sent = 124100, targetBytesSent = 123820, timeLeft (us) = 7040
Bytes Sent = 125560, targetBytesSent = 124720, timeLeft (us) = 7053
Client sent: 23 MBs of data
Bytes Sent = 125560, targetBytesSent = 124160, timeLeft (us) = 7040
Bytes Sent = 124100, targetBytesSent = 123600, timeLeft (us) = 7037
Bytes Sent = 125560, targetBytesSent = 124500, timeLeft (us) = 7049
Bytes Sent = 124100, targetBytesSent = 123940, timeLeft (us) = 7019
Bytes Sent = 125560, targetBytesSent = 124840, timeLeft (us) = 7036
Bytes Sent = 125560, targetBytesSent = 124280, timeLeft (us) = 7042
Bytes Sent = 124100, targetBytesSent = 123720, timeLeft (us) = 7021
Bytes Sent = 125560, targetBytesSent = 124620, timeLeft (us) = 7030
Client sent: 24 MBs of data
Bytes Sent = 124100, targetBytesSent = 124060, timeLeft (us) = 7035
Bytes Sent = 125560, targetBytesSent = 124960, timeLeft (us) = 7039
Bytes Sent = 125560, targetBytesSent = 124400, timeLeft (us) = 7032
Bytes Sent = 124100, targetBytesSent = 123840, timeLeft (us) = 7099
Bytes Sent = 125560, targetBytesSent = 124740, timeLeft (us) = 7042
Bytes Sent = 125560, targetBytesSent = 124180, timeLeft (us) = 7036
Bytes Sent = 124100, targetBytesSent = 123620, timeLeft (us) = 7019
Bytes Sent = 125560, targetBytesSent = 124520, timeLeft (us) = 7051
Client sent: 25 MBs of data
Bytes Sent = 124100, targetBytesSent = 123960, timeLeft (us) = 7030
Bytes Sent = 125560, targetBytesSent = 124860, timeLeft (us) = 7046
Bytes Sent = 125560, targetBytesSent = 124300, timeLeft (us) = 7063
Bytes Sent = 124100, targetBytesSent = 123740, timeLeft (us) = 7066
Bytes Sent = 125560, targetBytesSent = 124640, timeLeft (us) = 7097
Bytes Sent = 124100, targetBytesSent = 124080, timeLeft (us) = 7044
Bytes Sent = 125560, targetBytesSent = 124980, timeLeft (us) = 7087
Bytes Sent = 125560, targetBytesSent = 124420, timeLeft (us) = 7051
Client sent: 26 MBs of data
Bytes Sent = 124100, targetBytesSent = 123860, timeLeft (us) = 7067
Bytes Sent = 125560, targetBytesSent = 124760, timeLeft (us) = 7015
Bytes Sent = 125560, targetBytesSent = 124200, timeLeft (us) = 7048
Bytes Sent = 124100, targetBytesSent = 123640, timeLeft (us) = 7058
Bytes Sent = 125560, targetBytesSent = 124540, timeLeft (us) = 7015
Bytes Sent = 124100, targetBytesSent = 123980, timeLeft (us) = 7022
Bytes Sent = 125560, targetBytesSent = 124880, timeLeft (us) = 7059
Bytes Sent = 125560, targetBytesSent = 124320, timeLeft (us) = 7047
Client sent: 27 MBs of data
Bytes Sent = 124100, targetBytesSent = 123760, timeLeft (us) = 7022
Bytes Sent = 125560, targetBytesSent = 124660, timeLeft (us) = 7052
Bytes Sent = 124100, targetBytesSent = 124100, timeLeft (us) = 7041
Bytes Sent = 125560, targetBytesSent = 125000, timeLeft (us) = 7044
Bytes Sent = 125560, targetBytesSent = 124440, timeLeft (us) = 7035
Bytes Sent = 124100, targetBytesSent = 123880, timeLeft (us) = 7049
Bytes Sent = 125560, targetBytesSent = 124780, timeLeft (us) = 7021
Bytes Sent = 125560, targetBytesSent = 124220, timeLeft (us) = 7041
Client sent: 28 MBs of data
Bytes Sent = 124100, targetBytesSent = 123660, timeLeft (us) = 7067
Bytes Sent = 125560, targetBytesSent = 124560, timeLeft (us) = 7053
Bytes Sent = 124100, targetBytesSent = 124000, timeLeft (us) = 7055
Bytes Sent = 125560, targetBytesSent = 124900, timeLeft (us) = 7027
Bytes Sent = 125560, targetBytesSent = 124340, timeLeft (us) = 7027
Bytes Sent = 124100, targetBytesSent = 123780, timeLeft (us) = 7055
Bytes Sent = 125560, targetBytesSent = 124680, timeLeft (us) = 7065
Bytes Sent = 125560, targetBytesSent = 124120, timeLeft (us) = 7080
Client sent: 29 MBs of data
Bytes Sent = 124100, targetBytesSent = 123560, timeLeft (us) = 7052
Bytes Sent = 125560, targetBytesSent = 124460, timeLeft (us) = 7050
Bytes Sent = 124100, targetBytesSent = 123900, timeLeft (us) = 7051
Bytes Sent = 125560, targetBytesSent = 124800, timeLeft (us) = 7039
Bytes Sent = 125560, targetBytesSent = 124240, timeLeft (us) = 7055
Bytes Sent = 124100, targetBytesSent = 123680, timeLeft (us) = 7054
Bytes Sent = 125560, targetBytesSent = 124580, timeLeft (us) = 7058
Bytes Sent = 124100, targetBytesSent = 124020, timeLeft (us) = 7072
Client sent: 30 MBs of data
Bytes Sent = 125560, targetBytesSent = 124920, timeLeft (us) = 7068
Bytes Sent = 125560, targetBytesSent = 124360, timeLeft (us) = 7081
Bytes Sent = 124100, targetBytesSent = 123800, timeLeft (us) = 7079
Bytes Sent = 125560, targetBytesSent = 124700, timeLeft (us) = 7041
Bytes Sent = 125560, targetBytesSent = 124140, timeLeft (us) = 7067
Bytes Sent = 124100, targetBytesSent = 123580, timeLeft (us) = 7059
Bytes Sent = 125560, targetBytesSent = 124480, timeLeft (us) = 7083
Bytes Sent = 124100, targetBytesSent = 123920, timeLeft (us) = 7058
Client sent: 31 MBs of data
Bytes Sent = 125560, targetBytesSent = 124820, timeLeft (us) = 7047
Bytes Sent = 125560, targetBytesSent = 124260, timeLeft (us) = 7046
Bytes Sent = 124100, targetBytesSent = 123700, timeLeft (us) = 7038
Bytes Sent = 125560, targetBytesSent = 124600, timeLeft (us) = 7033
Bytes Sent = 124100, targetBytesSent = 124040, timeLeft (us) = 7031
Bytes Sent = 125560, targetBytesSent = 124940, timeLeft (us) = 7051
Bytes Sent = 125560, targetBytesSent = 124380, timeLeft (us) = 7050
Bytes Sent = 124100, targetBytesSent = 123820, timeLeft (us) = 7050
Client sent: 32 MBs of data
Bytes Sent = 125560, targetBytesSent = 124720, timeLeft (us) = 7055
Bytes Sent = 125560, targetBytesSent = 124160, timeLeft (us) = 7023
Bytes Sent = 124100, targetBytesSent = 123600, timeLeft (us) = 7066
Bytes Sent = 125560, targetBytesSent = 124500, timeLeft (us) = 7028
Bytes Sent = 124100, targetBytesSent = 123940, timeLeft (us) = 7058
Bytes Sent = 125560, targetBytesSent = 124840, timeLeft (us) = 7012
Bytes Sent = 125560, targetBytesSent = 124280, timeLeft (us) = 7026
Bytes Sent = 124100, targetBytesSent = 123720, timeLeft (us) = 7015
Client sent: 33 MBs of data
Bytes Sent = 125560, targetBytesSent = 124620, timeLeft (us) = 7020
Bytes Sent = 124100, targetBytesSent = 124060, timeLeft (us) = 7037
Bytes Sent = 125560, targetBytesSent = 124960, timeLeft (us) = 7025
Bytes Sent = 125560, targetBytesSent = 124400, timeLeft (us) = 7027
Bytes Sent = 124100, targetBytesSent = 123840, timeLeft (us) = 7057
Bytes Sent = 125560, targetBytesSent = 124740, timeLeft (us) = 7028
Bytes Sent = 125560, targetBytesSent = 124180, timeLeft (us) = 7025
Bytes Sent = 124100, targetBytesSent = 123620, timeLeft (us) = 7051
Client sent: 34 MBs of data
Bytes Sent = 125560, targetBytesSent = 124520, timeLeft (us) = 7059
Bytes Sent = 124100, targetBytesSent = 123960, timeLeft (us) = 7033
Bytes Sent = 125560, targetBytesSent = 124860, timeLeft (us) = 7035
Bytes Sent = 125560, targetBytesSent = 124300, timeLeft (us) = 7048
Bytes Sent = 124100, targetBytesSent = 123740, timeLeft (us) = 7037
Bytes Sent = 125560, targetBytesSent = 124640, timeLeft (us) = 7050
Bytes Sent = 124100, targetBytesSent = 124080, timeLeft (us) = 7058
Bytes Sent = 125560, targetBytesSent = 124980, timeLeft (us) = 7032
Client sent: 35 MBs of data
Bytes Sent = 125560, targetBytesSent = 124420, timeLeft (us) = 7043
Bytes Sent = 124100, targetBytesSent = 123860, timeLeft (us) = 7040
Bytes Sent = 125560, targetBytesSent = 124760, timeLeft (us) = 7019
Bytes Sent = 125560, targetBytesSent = 124200, timeLeft (us) = 7044
Bytes Sent = 124100, targetBytesSent = 123640, timeLeft (us) = 7065
Bytes Sent = 125560, targetBytesSent = 124540, timeLeft (us) = 7065
Bytes Sent = 124100, targetBytesSent = 123980, timeLeft (us) = 7046
Bytes Sent = 125560, targetBytesSent = 124880, timeLeft (us) = 7076
Client sent: 36 MBs of data
Bytes Sent = 125560, targetBytesSent = 124320, timeLeft (us) = 7041
Bytes Sent = 124100, targetBytesSent = 123760, timeLeft (us) = 7048
Bytes Sent = 125560, targetBytesSent = 124660, timeLeft (us) = 7032
Bytes Sent = 124100, targetBytesSent = 124100, timeLeft (us) = 7075
Bytes Sent = 125560, targetBytesSent = 125000, timeLeft (us) = 7054
Bytes Sent = 125560, targetBytesSent = 124440, timeLeft (us) = 7047
Bytes Sent = 124100, targetBytesSent = 123880, timeLeft (us) = 7040
Bytes Sent = 125560, targetBytesSent = 124780, timeLeft (us) = 7028
Client sent: 37 MBs of data
Bytes Sent = 125560, targetBytesSent = 124220, timeLeft (us) = 7038
Bytes Sent = 124100, targetBytesSent = 123660, timeLeft (us) = 7021
Bytes Sent = 125560, targetBytesSent = 124560, timeLeft (us) = 7053
Bytes Sent = 124100, targetBytesSent = 124000, timeLeft (us) = 7074
Bytes Sent = 125560, targetBytesSent = 124900, timeLeft (us) = 7075
Bytes Sent = 125560, targetBytesSent = 124340, timeLeft (us) = 7055
Bytes Sent = 124100, targetBytesSent = 123780, timeLeft (us) = 7000
Bytes Sent = 125560, targetBytesSent = 124680, timeLeft (us) = 7028
Client sent: 38 MBs of data
Bytes Sent = 125560, targetBytesSent = 124120, timeLeft (us) = 7025
Bytes Sent = 124100, targetBytesSent = 123560, timeLeft (us) = 7047
Bytes Sent = 125560, targetBytesSent = 124460, timeLeft (us) = 7051
Bytes Sent = 124100, targetBytesSent = 123900, timeLeft (us) = 7040
Bytes Sent = 125560, targetBytesSent = 124800, timeLeft (us) = 7038
Bytes Sent = 125560, targetBytesSent = 124240, timeLeft (us) = 7047
Bytes Sent = 124100, targetBytesSent = 123680, timeLeft (us) = 7044
Bytes Sent = 125560, targetBytesSent = 124580, timeLeft (us) = 7036
Client sent: 39 MBs of data
Bytes Sent = 124100, targetBytesSent = 124020, timeLeft (us) = 7020
Bytes Sent = 125560, targetBytesSent = 124920, timeLeft (us) = 7040
Bytes Sent = 125560, targetBytesSent = 124360, timeLeft (us) = 7063
Bytes Sent = 124100, targetBytesSent = 123800, timeLeft (us) = 7054
Bytes Sent = 125560, targetBytesSent = 124700, timeLeft (us) = 7028
Bytes Sent = 125560, targetBytesSent = 124140, timeLeft (us) = 7012
Bytes Sent = 124100, targetBytesSent = 123580, timeLeft (us) = 7038
Bytes Sent = 125560, targetBytesSent = 124480, timeLeft (us) = 7020
Client sent: 40 MBs of data
Bytes Sent = 124100, targetBytesSent = 123920, timeLeft (us) = 7045
Bytes Sent = 125560, targetBytesSent = 124820, timeLeft (us) = 7040
Bytes Sent = 125560, targetBytesSent = 124260, timeLeft (us) = 7043
Bytes Sent = 124100, targetBytesSent = 123700, timeLeft (us) = 7045
Bytes Sent = 125560, targetBytesSent = 124600, timeLeft (us) = 7082
Bytes Sent = 124100, targetBytesSent = 124040, timeLeft (us) = 7075
Bytes Sent = 125560, targetBytesSent = 124940, timeLeft (us) = 7036
Bytes Sent = 125560, targetBytesSent = 124380, timeLeft (us) = 7037
Client sent: 41 MBs of data
Bytes Sent = 124100, targetBytesSent = 123820, timeLeft (us) = 7093
Bytes Sent = 125560, targetBytesSent = 124720, timeLeft (us) = 7054
Bytes Sent = 125560, targetBytesSent = 124160, timeLeft (us) = 7015
Bytes Sent = 124100, targetBytesSent = 123600, timeLeft (us) = 7021
Bytes Sent = 125560, targetBytesSent = 124500, timeLeft (us) = 7059
Bytes Sent = 124100, targetBytesSent = 123940, timeLeft (us) = 7046
Bytes Sent = 125560, targetBytesSent = 124840, timeLeft (us) = 7089
Bytes Sent = 125560, targetBytesSent = 124280, timeLeft (us) = 7073
Client sent: 42 MBs of data
Bytes Sent = 124100, targetBytesSent = 123720, timeLeft (us) = 7052
Bytes Sent = 125560, targetBytesSent = 124620, timeLeft (us) = 7031
Bytes Sent = 124100, targetBytesSent = 124060, timeLeft (us) = 7059
Bytes Sent = 125560, targetBytesSent = 124960, timeLeft (us) = 7059
Bytes Sent = 125560, targetBytesSent = 124400, timeLeft (us) = 7011
Bytes Sent = 124100, targetBytesSent = 123840, timeLeft (us) = 7031
Bytes Sent = 125560, targetBytesSent = 124740, timeLeft (us) = 7047
Bytes Sent = 125560, targetBytesSent = 124180, timeLeft (us) = 7026
Client sent: 43 MBs of data
Bytes Sent = 124100, targetBytesSent = 123620, timeLeft (us) = 7029
Bytes Sent = 125560, targetBytesSent = 124520, timeLeft (us) = 7081
Bytes Sent = 124100, targetBytesSent = 123960, timeLeft (us) = 7018
Bytes Sent = 125560, targetBytesSent = 124860, timeLeft (us) = 7023
Bytes Sent = 125560, targetBytesSent = 124300, timeLeft (us) = 7042
Bytes Sent = 124100, targetBytesSent = 123740, timeLeft (us) = 7075
Bytes Sent = 125560, targetBytesSent = 124640, timeLeft (us) = 7017
Bytes Sent = 124100, targetBytesSent = 124080, timeLeft (us) = 7009
Client sent: 44 MBs of data
Bytes Sent = 125560, targetBytesSent = 124980, timeLeft (us) = 7021
Bytes Sent = 125560, targetBytesSent = 124420, timeLeft (us) = 7006
Bytes Sent = 124100, targetBytesSent = 123860, timeLeft (us) = 7033
Bytes Sent = 125560, targetBytesSent = 124760, timeLeft (us) = 7025
Bytes Sent = 125560, targetBytesSent = 124200, timeLeft (us) = 7021
Bytes Sent = 124100, targetBytesSent = 123640, timeLeft (us) = 7030
Bytes Sent = 125560, targetBytesSent = 124540, timeLeft (us) = 7039
Bytes Sent = 124100, targetBytesSent = 123980, timeLeft (us) = 7035
Client sent: 45 MBs of data
Bytes Sent = 125560, targetBytesSent = 124880, timeLeft (us) = 7058
Bytes Sent = 125560, targetBytesSent = 124320, timeLeft (us) = 7037
Bytes Sent = 124100, targetBytesSent = 123760, timeLeft (us) = 7060
Bytes Sent = 125560, targetBytesSent = 124660, timeLeft (us) = 7034
Bytes Sent = 124100, targetBytesSent = 124100, timeLeft (us) = 7048
Bytes Sent = 125560, targetBytesSent = 125000, timeLeft (us) = 7065
Bytes Sent = 125560, targetBytesSent = 124440, timeLeft (us) = 7050
Bytes Sent = 124100, targetBytesSent = 123880, timeLeft (us) = 7055
Client sent: 46 MBs of data
Bytes Sent = 125560, targetBytesSent = 124780, timeLeft (us) = 7073
Bytes Sent = 125560, targetBytesSent = 124220, timeLeft (us) = 7056
Bytes Sent = 124100, targetBytesSent = 123660, timeLeft (us) = 7046
Bytes Sent = 125560, targetBytesSent = 124560, timeLeft (us) = 7047
Bytes Sent = 124100, targetBytesSent = 124000, timeLeft (us) = 7054
Bytes Sent = 125560, targetBytesSent = 124900, timeLeft (us) = 7042
Bytes Sent = 125560, targetBytesSent = 124340, timeLeft (us) = 7041
Bytes Sent = 124100, targetBytesSent = 123780, timeLeft (us) = 7016
Client sent: 47 MBs of data
Bytes Sent = 125560, targetBytesSent = 124680, timeLeft (us) = 7071
Bytes Sent = 125560, targetBytesSent = 124120, timeLeft (us) = 7056
Bytes Sent = 124100, targetBytesSent = 123560, timeLeft (us) = 7043
Bytes Sent = 125560, targetBytesSent = 124460, timeLeft (us) = 7058
Bytes Sent = 124100, targetBytesSent = 123900, timeLeft (us) = 7033
Bytes Sent = 125560, targetBytesSent = 124800, timeLeft (us) = 7048
Bytes Sent = 125560, targetBytesSent = 124240, timeLeft (us) = 7064
Bytes Sent = 124100, targetBytesSent = 123680, timeLeft (us) = 7069
Client sent: 48 MBs of data
Bytes Sent = 125560, targetBytesSent = 124580, timeLeft (us) = 7050
Bytes Sent = 124100, targetBytesSent = 124020, timeLeft (us) = 7039
Bytes Sent = 125560, targetBytesSent = 124920, timeLeft (us) = 7034
Bytes Sent = 125560, targetBytesSent = 124360, timeLeft (us) = 7029
Bytes Sent = 124100, targetBytesSent = 123800, timeLeft (us) = 7066
Bytes Sent = 125560, targetBytesSent = 124700, timeLeft (us) = 7067
Bytes Sent = 125560, targetBytesSent = 124140, timeLeft (us) = 7038
Bytes Sent = 124100, targetBytesSent = 123580, timeLeft (us) = 7061
Client sent: 49 MBs of data
Bytes Sent = 125560, targetBytesSent = 124480, timeLeft (us) = 7056
Bytes Sent = 124100, targetBytesSent = 123920, timeLeft (us) = 7035
Bytes Sent = 125560, targetBytesSent = 124820, timeLeft (us) = 7050
Bytes Sent = 125560, targetBytesSent = 124260, timeLeft (us) = 7045
Bytes Sent = 124100, targetBytesSent = 123700, timeLeft (us) = 7051
Bytes Sent = 125560, targetBytesSent = 124600, timeLeft (us) = 7037
Bytes Sent = 124100, targetBytesSent = 124040, timeLeft (us) = 7046
Bytes Sent = 125560, targetBytesSent = 124940, timeLeft (us) = 7031
Client sent: 50 MBs of data
Bytes Sent = 125560, targetBytesSent = 124380, timeLeft (us) = 7061
Bytes Sent = 124100, targetBytesSent = 123820, timeLeft (us) = 7069
Bytes Sent = 125560, targetBytesSent = 124720, timeLeft (us) = 7078
Bytes Sent = 125560, targetBytesSent = 124160, timeLeft (us) = 7049
Bytes Sent = 124100, targetBytesSent = 123600, timeLeft (us) = 7037
Bytes Sent = 125560, targetBytesSent = 124500, timeLeft (us) = 7052
Bytes Sent = 124100, targetBytesSent = 123940, timeLeft (us) = 7071
Bytes Sent = 125560, targetBytesSent = 124840, timeLeft (us) = 7056
Client sent: 51 MBs of data
Bytes Sent = 125560, targetBytesSent = 124280, timeLeft (us) = 7035
Bytes Sent = 124100, targetBytesSent = 123720, timeLeft (us) = 7051
Bytes Sent = 125560, targetBytesSent = 124620, timeLeft (us) = 7056
Bytes Sent = 124100, targetBytesSent = 124060, timeLeft (us) = 7047
Bytes Sent = 125560, targetBytesSent = 124960, timeLeft (us) = 7051
Bytes Sent = 125560, targetBytesSent = 124400, timeLeft (us) = 7034
Bytes Sent = 124100, targetBytesSent = 123840, timeLeft (us) = 7035
Bytes Sent = 125560, targetBytesSent = 124740, timeLeft (us) = 7046
Client sent: 52 MBs of data
Bytes Sent = 125560, targetBytesSent = 124180, timeLeft (us) = 7054
Bytes Sent = 124100, targetBytesSent = 123620, timeLeft (us) = 7041
Bytes Sent = 125560, targetBytesSent = 124520, timeLeft (us) = 7041
Bytes Sent = 124100, targetBytesSent = 123960, timeLeft (us) = 7045
Bytes Sent = 125560, targetBytesSent = 124860, timeLeft (us) = 7039
Bytes Sent = 125560, targetBytesSent = 124300, timeLeft (us) = 7047
Bytes Sent = 124100, targetBytesSent = 123740, timeLeft (us) = 7055
Bytes Sent = 125560, targetBytesSent = 124640, timeLeft (us) = 7060
Client sent: 53 MBs of data
Bytes Sent = 124100, targetBytesSent = 124080, timeLeft (us) = 7027
Bytes Sent = 125560, targetBytesSent = 124980, timeLeft (us) = 7040
Bytes Sent = 125560, targetBytesSent = 124420, timeLeft (us) = 7042
Bytes Sent = 124100, targetBytesSent = 123860, timeLeft (us) = 7060
Bytes Sent = 125560, targetBytesSent = 124760, timeLeft (us) = 7055
Bytes Sent = 125560, targetBytesSent = 124200, timeLeft (us) = 7054
Bytes Sent = 124100, targetBytesSent = 123640, timeLeft (us) = 7058
Bytes Sent = 125560, targetBytesSent = 124540, timeLeft (us) = 7027
Client sent: 54 MBs of data
Bytes Sent = 124100, targetBytesSent = 123980, timeLeft (us) = 7039
Bytes Sent = 125560, targetBytesSent = 124880, timeLeft (us) = 7082
Bytes Sent = 125560, targetBytesSent = 124320, timeLeft (us) = 7056
Bytes Sent = 124100, targetBytesSent = 123760, timeLeft (us) = 7043
Bytes Sent = 125560, targetBytesSent = 124660, timeLeft (us) = 7037
Bytes Sent = 124100, targetBytesSent = 124100, timeLeft (us) = 7073
Bytes Sent = 125560, targetBytesSent = 125000, timeLeft (us) = 7033
Bytes Sent = 125560, targetBytesSent = 124440, timeLeft (us) = 7067
Client sent: 55 MBs of data
Bytes Sent = 124100, targetBytesSent = 123880, timeLeft (us) = 7046
Bytes Sent = 125560, targetBytesSent = 124780, timeLeft (us) = 7065
Bytes Sent = 125560, targetBytesSent = 124220, timeLeft (us) = 7038
Bytes Sent = 124100, targetBytesSent = 123660, timeLeft (us) = 7056
Bytes Sent = 125560, targetBytesSent = 124560, timeLeft (us) = 7045
Bytes Sent = 124100, targetBytesSent = 124000, timeLeft (us) = 7042
Bytes Sent = 125560, targetBytesSent = 124900, timeLeft (us) = 7032
Bytes Sent = 125560, targetBytesSent = 124340, timeLeft (us) = 7060
Client sent: 56 MBs of data
Bytes Sent = 124100, targetBytesSent = 123780, timeLeft (us) = 7069
Bytes Sent = 125560, targetBytesSent = 124680, timeLeft (us) = 7069
Bytes Sent = 125560, targetBytesSent = 124120, timeLeft (us) = 7037
Bytes Sent = 124100, targetBytesSent = 123560, timeLeft (us) = 7046
Bytes Sent = 125560, targetBytesSent = 124460, timeLeft (us) = 7020
Bytes Sent = 124100, targetBytesSent = 123900, timeLeft (us) = 7027
Bytes Sent = 125560, targetBytesSent = 124800, timeLeft (us) = 7026
Bytes Sent = 125560, targetBytesSent = 124240, timeLeft (us) = 7076
Client sent: 57 MBs of data
Bytes Sent = 124100, targetBytesSent = 123680, timeLeft (us) = 7057
Bytes Sent = 125560, targetBytesSent = 124580, timeLeft (us) = 7025
Bytes Sent = 124100, targetBytesSent = 124020, timeLeft (us) = 7053
Bytes Sent = 125560, targetBytesSent = 124920, timeLeft (us) = 7022
Bytes Sent = 125560, targetBytesSent = 124360, timeLeft (us) = 7059
Bytes Sent = 124100, targetBytesSent = 123800, timeLeft (us) = 7017
Bytes Sent = 125560, targetBytesSent = 124700, timeLeft (us) = 7048
Bytes Sent = 125560, targetBytesSent = 124140, timeLeft (us) = 7037
Client sent: 58 MBs of data
Bytes Sent = 124100, targetBytesSent = 123580, timeLeft (us) = 7027
Bytes Sent = 125560, targetBytesSent = 124480, timeLeft (us) = 7061
Bytes Sent = 124100, targetBytesSent = 123920, timeLeft (us) = 7070
Bytes Sent = 125560, targetBytesSent = 124820, timeLeft (us) = 7062
Bytes Sent = 125560, targetBytesSent = 124260, timeLeft (us) = 7053
Bytes Sent = 124100, targetBytesSent = 123700, timeLeft (us) = 7061
Bytes Sent = 125560, targetBytesSent = 124600, timeLeft (us) = 7029
Bytes Sent = 124100, targetBytesSent = 124040, timeLeft (us) = 7062
Client sent: 59 MBs of data
Bytes Sent = 125560, targetBytesSent = 124940, timeLeft (us) = 7065
Bytes Sent = 125560, targetBytesSent = 124380, timeLeft (us) = 7058
Bytes Sent = 124100, targetBytesSent = 123820, timeLeft (us) = 7056
Bytes Sent = 125560, targetBytesSent = 124720, timeLeft (us) = 7049
Bytes Sent = 125560, targetBytesSent = 124160, timeLeft (us) = 7045
Bytes Sent = 124100, targetBytesSent = 123600, timeLeft (us) = 7044
Bytes Sent = 125560, targetBytesSent = 124500, timeLeft (us) = 7059
Bytes Sent = 124100, targetBytesSent = 123940, timeLeft (us) = 7065
Client sent: 60 MBs of data
Bytes Sent = 125560, targetBytesSent = 124840, timeLeft (us) = 7069
Bytes Sent = 125560, targetBytesSent = 124280, timeLeft (us) = 7093
Bytes Sent = 124100, targetBytesSent = 123720, timeLeft (us) = 7069
Bytes Sent = 125560, targetBytesSent = 124620, timeLeft (us) = 7041
Bytes Sent = 124100, targetBytesSent = 124060, timeLeft (us) = 7056
Bytes Sent = 125560, targetBytesSent = 124960, timeLeft (us) = 7051
Bytes Sent = 125560, targetBytesSent = 124400, timeLeft (us) = 7048
Bytes Sent = 124100, targetBytesSent = 123840, timeLeft (us) = 7033
Client sent: 61 MBs of data
Bytes Sent = 125560, targetBytesSent = 124740, timeLeft (us) = 7049
Bytes Sent = 125560, targetBytesSent = 124180, timeLeft (us) = 7038
Bytes Sent = 124100, targetBytesSent = 123620, timeLeft (us) = 7052
Bytes Sent = 125560, targetBytesSent = 124520, timeLeft (us) = 7062
Bytes Sent = 124100, targetBytesSent = 123960, timeLeft (us) = 7063
Bytes Sent = 125560, targetBytesSent = 124860, timeLeft (us) = 7055
Bytes Sent = 125560, targetBytesSent = 124300, timeLeft (us) = 7039
Bytes Sent = 124100, targetBytesSent = 123740, timeLeft (us) = 7081
Client sent: 62 MBs of data
Bytes Sent = 125560, targetBytesSent = 124640, timeLeft (us) = 7035
Bytes Sent = 124100, targetBytesSent = 124080, timeLeft (us) = 7049
Bytes Sent = 125560, targetBytesSent = 124980, timeLeft (us) = 7056
Bytes Sent = 125560, targetBytesSent = 124420, timeLeft (us) = 7019
Bytes Sent = 124100, targetBytesSent = 123860, timeLeft (us) = 7074
Bytes Sent = 125560, targetBytesSent = 124760, timeLeft (us) = 7026
Bytes Sent = 125560, targetBytesSent = 124200, timeLeft (us) = 7016
Bytes Sent = 124100, targetBytesSent = 123640, timeLeft (us) = 7058
Client sent: 63 MBs of data
Bytes Sent = 125560, targetBytesSent = 124540, timeLeft (us) = 7048
Bytes Sent = 124100, targetBytesSent = 123980, timeLeft (us) = 7028
Bytes Sent = 125560, targetBytesSent = 124880, timeLeft (us) = 7074
Bytes Sent = 125560, targetBytesSent = 124320, timeLeft (us) = 7020
Bytes Sent = 124100, targetBytesSent = 123760, timeLeft (us) = 7060
Bytes Sent = 125560, targetBytesSent = 124660, timeLeft (us) = 7048
Bytes Sent = 124100, targetBytesSent = 124100, timeLeft (us) = 7047
Bytes Sent = 125560, targetBytesSent = 125000, timeLeft (us) = 7074
Client sent: 64 MBs of data
Bytes Sent = 125560, targetBytesSent = 124440, timeLeft (us) = 7034
Bytes Sent = 124100, targetBytesSent = 123880, timeLeft (us) = 7056
Bytes Sent = 125560, targetBytesSent = 124780, timeLeft (us) = 7112
Bytes Sent = 125560, targetBytesSent = 124220, timeLeft (us) = 7055
Bytes Sent = 124100, targetBytesSent = 123660, timeLeft (us) = 7064
Bytes Sent = 125560, targetBytesSent = 124560, timeLeft (us) = 7104
Bytes Sent = 124100, targetBytesSent = 124000, timeLeft (us) = 7053
Bytes Sent = 125560, targetBytesSent = 124900, timeLeft (us) = 7039
Client sent: 65 MBs of data
Bytes Sent = 125560, targetBytesSent = 124340, timeLeft (us) = 7052
Bytes Sent = 124100, targetBytesSent = 123780, timeLeft (us) = 7046
Bytes Sent = 125560, targetBytesSent = 124680, timeLeft (us) = 7044
Bytes Sent = 125560, targetBytesSent = 124120, timeLeft (us) = 7043
Bytes Sent = 124100, targetBytesSent = 123560, timeLeft (us) = 7092
Bytes Sent = 125560, targetBytesSent = 124460, timeLeft (us) = 7055
Bytes Sent = 124100, targetBytesSent = 123900, timeLeft (us) = 7061
Bytes Sent = 125560, targetBytesSent = 124800, timeLeft (us) = 7048
Client sent: 66 MBs of data
Bytes Sent = 125560, targetBytesSent = 124240, timeLeft (us) = 7065
Bytes Sent = 124100, targetBytesSent = 123680, timeLeft (us) = 7049
Bytes Sent = 125560, targetBytesSent = 124580, timeLeft (us) = 7045
Bytes Sent = 124100, targetBytesSent = 124020, timeLeft (us) = 7051
Bytes Sent = 125560, targetBytesSent = 124920, timeLeft (us) = 7035
Bytes Sent = 125560, targetBytesSent = 124360, timeLeft (us) = 7034
Bytes Sent = 124100, targetBytesSent = 123800, timeLeft (us) = 7044
Bytes Sent = 125560, targetBytesSent = 124700, timeLeft (us) = 7075
Client sent: 67 MBs of data
Bytes Sent = 125560, targetBytesSent = 124140, timeLeft (us) = 7042
Bytes Sent = 124100, targetBytesSent = 123580, timeLeft (us) = 7058
Bytes Sent = 125560, targetBytesSent = 124480, timeLeft (us) = 7049
Bytes Sent = 124100, targetBytesSent = 123920, timeLeft (us) = 7062
Bytes Sent = 125560, targetBytesSent = 124820, timeLeft (us) = 7051
Bytes Sent = 125560, targetBytesSent = 124260, timeLeft (us) = 7035
Bytes Sent = 124100, targetBytesSent = 123700, timeLeft (us) = 7051
Bytes Sent = 125560, targetBytesSent = 124600, timeLeft (us) = 7059
Client sent: 68 MBs of data
Bytes Sent = 124100, targetBytesSent = 124040, timeLeft (us) = 7059
Bytes Sent = 125560, targetBytesSent = 124940, timeLeft (us) = 7103
Bytes Sent = 125560, targetBytesSent = 124380, timeLeft (us) = 7052
Bytes Sent = 124100, targetBytesSent = 123820, timeLeft (us) = 7047
Bytes Sent = 125560, targetBytesSent = 124720, timeLeft (us) = 7058
Bytes Sent = 125560, targetBytesSent = 124160, timeLeft (us) = 7076
Bytes Sent = 124100, targetBytesSent = 123600, timeLeft (us) = 7019
Bytes Sent = 125560, targetBytesSent = 124500, timeLeft (us) = 7030
Client sent: 69 MBs of data
Bytes Sent = 124100, targetBytesSent = 123940, timeLeft (us) = 7071
Bytes Sent = 125560, targetBytesSent = 124840, timeLeft (us) = 7045
Bytes Sent = 125560, targetBytesSent = 124280, timeLeft (us) = 7086
Bytes Sent = 124100, targetBytesSent = 123720, timeLeft (us) = 7051
Bytes Sent = 125560, targetBytesSent = 124620, timeLeft (us) = 7072
Bytes Sent = 124100, targetBytesSent = 124060, timeLeft (us) = 7047
Bytes Sent = 125560, targetBytesSent = 124960, timeLeft (us) = 7096
Bytes Sent = 125560, targetBytesSent = 124400, timeLeft (us) = 7045
Client sent: 70 MBs of data
Bytes Sent = 124100, targetBytesSent = 123840, timeLeft (us) = 7058
Bytes Sent = 125560, targetBytesSent = 124740, timeLeft (us) = 7038
Bytes Sent = 125560, targetBytesSent = 124180, timeLeft (us) = 7040
Bytes Sent = 124100, targetBytesSent = 123620, timeLeft (us) = 7028
Bytes Sent = 125560, targetBytesSent = 124520, timeLeft (us) = 7034
Bytes Sent = 124100, targetBytesSent = 123960, timeLeft (us) = 7023
Bytes Sent = 125560, targetBytesSent = 124860, timeLeft (us) = 7061
Bytes Sent = 125560, targetBytesSent = 124300, timeLeft (us) = 7057
Client sent: 71 MBs of data
Bytes Sent = 124100, targetBytesSent = 123740, timeLeft (us) = 7065
Bytes Sent = 125560, targetBytesSent = 124640, timeLeft (us) = 7043
Bytes Sent = 124100, targetBytesSent = 124080, timeLeft (us) = 7064
Bytes Sent = 125560, targetBytesSent = 124980, timeLeft (us) = 7095
Bytes Sent = 125560, targetBytesSent = 124420, timeLeft (us) = 7059
Bytes Sent = 124100, targetBytesSent = 123860, timeLeft (us) = 7060
Bytes Sent = 125560, targetBytesSent = 124760, timeLeft (us) = 7065
Bytes Sent = 125560, targetBytesSent = 124200, timeLeft (us) = 7054
Client sent: 72 MBs of data
Bytes Sent = 124100, targetBytesSent = 123640, timeLeft (us) = 7077
Bytes Sent = 125560, targetBytesSent = 124540, timeLeft (us) = 7056
Bytes Sent = 124100, targetBytesSent = 123980, timeLeft (us) = 7063
Bytes Sent = 125560, targetBytesSent = 124880, timeLeft (us) = 7070
Bytes Sent = 125560, targetBytesSent = 124320, timeLeft (us) = 7040
Bytes Sent = 124100, targetBytesSent = 123760, timeLeft (us) = 7045
Bytes Sent = 125560, targetBytesSent = 124660, timeLeft (us) = 7074
Bytes Sent = 124100, targetBytesSent = 124100, timeLeft (us) = 7034
Client sent: 73 MBs of data
Bytes Sent = 125560, targetBytesSent = 125000, timeLeft (us) = 7047
Bytes Sent = 125560, targetBytesSent = 124440, timeLeft (us) = 7049
Bytes Sent = 124100, targetBytesSent = 123880, timeLeft (us) = 7080
Bytes Sent = 125560, targetBytesSent = 124780, timeLeft (us) = 7038
Bytes Sent = 125560, targetBytesSent = 124220, timeLeft (us) = 7051
Bytes Sent = 124100, targetBytesSent = 123660, timeLeft (us) = 7057
Bytes Sent = 125560, targetBytesSent = 124560, timeLeft (us) = 7099
Bytes Sent = 124100, targetBytesSent = 124000, timeLeft (us) = 7049
Client sent: 74 MBs of data
Bytes Sent = 125560, targetBytesSent = 124900, timeLeft (us) = 7042
Bytes Sent = 125560, targetBytesSent = 124340, timeLeft (us) = 7092
Bytes Sent = 124100, targetBytesSent = 123780, timeLeft (us) = 7048
Bytes Sent = 125560, targetBytesSent = 124680, timeLeft (us) = 7025
Bytes Sent = 125560, targetBytesSent = 124120, timeLeft (us) = 7031
Bytes Sent = 124100, targetBytesSent = 123560, timeLeft (us) = 7045
Bytes Sent = 125560, targetBytesSent = 124460, timeLeft (us) = 7045
Bytes Sent = 124100, targetBytesSent = 123900, timeLeft (us) = 7096
Client sent: 75 MBs of data
Bytes Sent = 125560, targetBytesSent = 124800, timeLeft (us) = 7028
Bytes Sent = 125560, targetBytesSent = 124240, timeLeft (us) = 7059
Bytes Sent = 124100, targetBytesSent = 123680, timeLeft (us) = 7049
Bytes Sent = 125560, targetBytesSent = 124580, timeLeft (us) = 7058
Bytes Sent = 124100, targetBytesSent = 124020, timeLeft (us) = 7043
Bytes Sent = 125560, targetBytesSent = 124920, timeLeft (us) = 7075
Bytes Sent = 125560, targetBytesSent = 124360, timeLeft (us) = 7058
Bytes Sent = 124100, targetBytesSent = 123800, timeLeft (us) = 7077
Client sent: 76 MBs of data
Bytes Sent = 125560, targetBytesSent = 124700, timeLeft (us) = 7055
Bytes Sent = 125560, targetBytesSent = 124140, timeLeft (us) = 7049
Bytes Sent = 124100, targetBytesSent = 123580, timeLeft (us) = 7040
Bytes Sent = 125560, targetBytesSent = 124480, timeLeft (us) = 7028
Bytes Sent = 124100, targetBytesSent = 123920, timeLeft (us) = 7097
Bytes Sent = 125560, targetBytesSent = 124820, timeLeft (us) = 7033
Bytes Sent = 125560, targetBytesSent = 124260, timeLeft (us) = 7053
Bytes Sent = 124100, targetBytesSent = 123700, timeLeft (us) = 7060
Client sent: 77 MBs of data
Bytes Sent = 125560, targetBytesSent = 124600, timeLeft (us) = 7043
Bytes Sent = 124100, targetBytesSent = 124040, timeLeft (us) = 7048
Bytes Sent = 125560, targetBytesSent = 124940, timeLeft (us) = 7043
Bytes Sent = 125560, targetBytesSent = 124380, timeLeft (us) = 7047
Bytes Sent = 124100, targetBytesSent = 123820, timeLeft (us) = 7061
Bytes Sent = 125560, targetBytesSent = 124720, timeLeft (us) = 7048
Bytes Sent = 125560, targetBytesSent = 124160, timeLeft (us) = 7056
Bytes Sent = 124100, targetBytesSent = 123600, timeLeft (us) = 7036
Client sent: 78 MBs of data
Bytes Sent = 125560, targetBytesSent = 124500, timeLeft (us) = 7068
Bytes Sent = 124100, targetBytesSent = 123940, timeLeft (us) = 7046
Bytes Sent = 125560, targetBytesSent = 124840, timeLeft (us) = 7056
Bytes Sent = 125560, targetBytesSent = 124280, timeLeft (us) = 7056
Bytes Sent = 124100, targetBytesSent = 123720, timeLeft (us) = 7072
Bytes Sent = 125560, targetBytesSent = 124620, timeLeft (us) = 7046
Bytes Sent = 124100, targetBytesSent = 124060, timeLeft (us) = 7050
Bytes Sent = 125560, targetBytesSent = 124960, timeLeft (us) = 7043
Client sent: 79 MBs of data
Bytes Sent = 125560, targetBytesSent = 124400, timeLeft (us) = 7058
Bytes Sent = 124100, targetBytesSent = 123840, timeLeft (us) = 7056
Bytes Sent = 125560, targetBytesSent = 124740, timeLeft (us) = 7081
Bytes Sent = 125560, targetBytesSent = 124180, timeLeft (us) = 7076
Bytes Sent = 124100, targetBytesSent = 123620, timeLeft (us) = 7048
Bytes Sent = 125560, targetBytesSent = 124520, timeLeft (us) = 7050
Bytes Sent = 124100, targetBytesSent = 123960, timeLeft (us) = 7037
Bytes Sent = 125560, targetBytesSent = 124860, timeLeft (us) = 7066
Client sent: 80 MBs of data
Bytes Sent = 125560, targetBytesSent = 124300, timeLeft (us) = 7087
Bytes Sent = 124100, targetBytesSent = 123740, timeLeft (us) = 7046
Bytes Sent = 125560, targetBytesSent = 124640, timeLeft (us) = 7054
Bytes Sent = 124100, targetBytesSent = 124080, timeLeft (us) = 7042
Bytes Sent = 125560, targetBytesSent = 124980, timeLeft (us) = 7053
Bytes Sent = 125560, targetBytesSent = 124420, timeLeft (us) = 7068
Bytes Sent = 124100, targetBytesSent = 123860, timeLeft (us) = 7068
Bytes Sent = 125560, targetBytesSent = 124760, timeLeft (us) = 7098
Client sent: 81 MBs of data
Bytes Sent = 125560, targetBytesSent = 124200, timeLeft (us) = 7053
Bytes Sent = 124100, targetBytesSent = 123640, timeLeft (us) = 7057
Bytes Sent = 125560, targetBytesSent = 124540, timeLeft (us) = 7074
Bytes Sent = 124100, targetBytesSent = 123980, timeLeft (us) = 7081
Bytes Sent = 125560, targetBytesSent = 124880, timeLeft (us) = 7042
Bytes Sent = 125560, targetBytesSent = 124320, timeLeft (us) = 7046
Bytes Sent = 124100, targetBytesSent = 123760, timeLeft (us) = 7034
Bytes Sent = 125560, targetBytesSent = 124660, timeLeft (us) = 7063
Client sent: 82 MBs of data
Bytes Sent = 124100, targetBytesSent = 124100, timeLeft (us) = 7079
Bytes Sent = 125560, targetBytesSent = 125000, timeLeft (us) = 7067
Bytes Sent = 125560, targetBytesSent = 124440, timeLeft (us) = 7048
Bytes Sent = 124100, targetBytesSent = 123880, timeLeft (us) = 7049
Bytes Sent = 125560, targetBytesSent = 124780, timeLeft (us) = 7071
Bytes Sent = 125560, targetBytesSent = 124220, timeLeft (us) = 7046
Bytes Sent = 124100, targetBytesSent = 123660, timeLeft (us) = 7067
Bytes Sent = 125560, targetBytesSent = 124560, timeLeft (us) = 7064
Client sent: 83 MBs of data
Bytes Sent = 124100, targetBytesSent = 124000, timeLeft (us) = 7059
Bytes Sent = 125560, targetBytesSent = 124900, timeLeft (us) = 7035
Bytes Sent = 125560, targetBytesSent = 124340, timeLeft (us) = 7084
Bytes Sent = 124100, targetBytesSent = 123780, timeLeft (us) = 7040
Bytes Sent = 125560, targetBytesSent = 124680, timeLeft (us) = 7045
Bytes Sent = 125560, targetBytesSent = 124120, timeLeft (us) = 7047
Bytes Sent = 124100, targetBytesSent = 123560, timeLeft (us) = 7044
Bytes Sent = 125560, targetBytesSent = 124460, timeLeft (us) = 7067
Client sent: 84 MBs of data
Bytes Sent = 124100, targetBytesSent = 123900, timeLeft (us) = 7042
Bytes Sent = 125560, targetBytesSent = 124800, timeLeft (us) = 7058
Bytes Sent = 125560, targetBytesSent = 124240, timeLeft (us) = 7043
Bytes Sent = 124100, targetBytesSent = 123680, timeLeft (us) = 7078
Bytes Sent = 125560, targetBytesSent = 124580, timeLeft (us) = 7052
Bytes Sent = 124100, targetBytesSent = 124020, timeLeft (us) = 7049
Bytes Sent = 125560, targetBytesSent = 124920, timeLeft (us) = 7056
Bytes Sent = 125560, targetBytesSent = 124360, timeLeft (us) = 7053
Client sent: 85 MBs of data
Bytes Sent = 124100, targetBytesSent = 123800, timeLeft (us) = 7081
Bytes Sent = 125560, targetBytesSent = 124700, timeLeft (us) = 7051
Bytes Sent = 125560, targetBytesSent = 124140, timeLeft (us) = 7070
Bytes Sent = 124100, targetBytesSent = 123580, timeLeft (us) = 7059
Bytes Sent = 125560, targetBytesSent = 124480, timeLeft (us) = 7051
Bytes Sent = 124100, targetBytesSent = 123920, timeLeft (us) = 7033
Bytes Sent = 125560, targetBytesSent = 124820, timeLeft (us) = 7061
Bytes Sent = 125560, targetBytesSent = 124260, timeLeft (us) = 7077
Client sent: 86 MBs of data
Bytes Sent = 124100, targetBytesSent = 123700, timeLeft (us) = 7070
Bytes Sent = 125560, targetBytesSent = 124600, timeLeft (us) = 7061
Bytes Sent = 124100, targetBytesSent = 124040, timeLeft (us) = 7057
Bytes Sent = 125560, targetBytesSent = 124940, timeLeft (us) = 7054
Bytes Sent = 125560, targetBytesSent = 124380, timeLeft (us) = 7035
Bytes Sent = 124100, targetBytesSent = 123820, timeLeft (us) = 7050
Bytes Sent = 125560, targetBytesSent = 124720, timeLeft (us) = 7060
Bytes Sent = 125560, targetBytesSent = 124160, timeLeft (us) = 7052
Client sent: 87 MBs of data
Bytes Sent = 124100, targetBytesSent = 123600, timeLeft (us) = 7042
Bytes Sent = 125560, targetBytesSent = 124500, timeLeft (us) = 7060
Bytes Sent = 124100, targetBytesSent = 123940, timeLeft (us) = 7068
Bytes Sent = 125560, targetBytesSent = 124840, timeLeft (us) = 7051
Bytes Sent = 125560, targetBytesSent = 124280, timeLeft (us) = 7039
Bytes Sent = 124100, targetBytesSent = 123720, timeLeft (us) = 7060
Bytes Sent = 125560, targetBytesSent = 124620, timeLeft (us) = 7065
Bytes Sent = 124100, targetBytesSent = 124060, timeLeft (us) = 7037
Client sent: 88 MBs of data
Bytes Sent = 125560, targetBytesSent = 124960, timeLeft (us) = 7033
Bytes Sent = 125560, targetBytesSent = 124400, timeLeft (us) = 7023
Bytes Sent = 124100, targetBytesSent = 123840, timeLeft (us) = 7059
Bytes Sent = 125560, targetBytesSent = 124740, timeLeft (us) = 7042
Bytes Sent = 125560, targetBytesSent = 124180, timeLeft (us) = 7033
Bytes Sent = 124100, targetBytesSent = 123620, timeLeft (us) = 7022
Bytes Sent = 125560, targetBytesSent = 124520, timeLeft (us) = 7061
Bytes Sent = 124100, targetBytesSent = 123960, timeLeft (us) = 7018
Client sent: 89 MBs of data
Bytes Sent = 125560, targetBytesSent = 124860, timeLeft (us) = 7043
Bytes Sent = 125560, targetBytesSent = 124300, timeLeft (us) = 7024
Bytes Sent = 124100, targetBytesSent = 123740, timeLeft (us) = 7033
Bytes Sent = 125560, targetBytesSent = 124640, timeLeft (us) = 7090
Bytes Sent = 124100, targetBytesSent = 124080, timeLeft (us) = 7033
Bytes Sent = 125560, targetBytesSent = 124980, timeLeft (us) = 7059
Bytes Sent = 125560, targetBytesSent = 124420, timeLeft (us) = 7068
Bytes Sent = 124100, targetBytesSent = 123860, timeLeft (us) = 7052
Client sent: 90 MBs of data
Bytes Sent = 125560, targetBytesSent = 124760, timeLeft (us) = 7026
Bytes Sent = 125560, targetBytesSent = 124200, timeLeft (us) = 7046
Bytes Sent = 124100, targetBytesSent = 123640, timeLeft (us) = 7041
Bytes Sent = 125560, targetBytesSent = 124540, timeLeft (us) = 7041
Bytes Sent = 124100, targetBytesSent = 123980, timeLeft (us) = 7027
Bytes Sent = 125560, targetBytesSent = 124880, timeLeft (us) = 7041
Bytes Sent = 125560, targetBytesSent = 124320, timeLeft (us) = 7024
Bytes Sent = 124100, targetBytesSent = 123760, timeLeft (us) = 7045
Client sent: 91 MBs of data
Bytes Sent = 125560, targetBytesSent = 124660, timeLeft (us) = 7030
Bytes Sent = 124100, targetBytesSent = 124100, timeLeft (us) = 7042
Bytes Sent = 125560, targetBytesSent = 125000, timeLeft (us) = 7036
Bytes Sent = 125560, targetBytesSent = 124440, timeLeft (us) = 7028
Bytes Sent = 124100, targetBytesSent = 123880, timeLeft (us) = 7066
Bytes Sent = 125560, targetBytesSent = 124780, timeLeft (us) = 7051
Bytes Sent = 125560, targetBytesSent = 124220, timeLeft (us) = 7042
Bytes Sent = 124100, targetBytesSent = 123660, timeLeft (us) = 7041
Client sent: 92 MBs of data
Bytes Sent = 125560, targetBytesSent = 124560, timeLeft (us) = 7074
Bytes Sent = 124100, targetBytesSent = 124000, timeLeft (us) = 7046
Bytes Sent = 125560, targetBytesSent = 124900, timeLeft (us) = 7042
Bytes Sent = 125560, targetBytesSent = 124340, timeLeft (us) = 7059
Bytes Sent = 124100, targetBytesSent = 123780, timeLeft (us) = 7066
Bytes Sent = 125560, targetBytesSent = 124680, timeLeft (us) = 7073
Bytes Sent = 125560, targetBytesSent = 124120, timeLeft (us) = 7062
Bytes Sent = 124100, targetBytesSent = 123560, timeLeft (us) = 7106
Client sent: 93 MBs of data
Bytes Sent = 125560, targetBytesSent = 124460, timeLeft (us) = 7067
Bytes Sent = 124100, targetBytesSent = 123900, timeLeft (us) = 7086
Bytes Sent = 125560, targetBytesSent = 124800, timeLeft (us) = 7039
Bytes Sent = 125560, targetBytesSent = 124240, timeLeft (us) = 7074
Bytes Sent = 124100, targetBytesSent = 123680, timeLeft (us) = 7068
Bytes Sent = 125560, targetBytesSent = 124580, timeLeft (us) = 7058
Bytes Sent = 124100, targetBytesSent = 124020, timeLeft (us) = 7049
Bytes Sent = 125560, targetBytesSent = 124920, timeLeft (us) = 7068
Client sent: 94 MBs of data
Bytes Sent = 125560, targetBytesSent = 124360, timeLeft (us) = 7065
Bytes Sent = 124100, targetBytesSent = 123800, timeLeft (us) = 7055
Bytes Sent = 125560, targetBytesSent = 124700, timeLeft (us) = 7089
Bytes Sent = 125560, targetBytesSent = 124140, timeLeft (us) = 7075
Bytes Sent = 124100, targetBytesSent = 123580, timeLeft (us) = 7039
Bytes Sent = 125560, targetBytesSent = 124480, timeLeft (us) = 7048
Bytes Sent = 124100, targetBytesSent = 123920, timeLeft (us) = 7063
Bytes Sent = 125560, targetBytesSent = 124820, timeLeft (us) = 7060
Client sent: 95 MBs of data
Bytes Sent = 125560, targetBytesSent = 124260, timeLeft (us) = 7038
Bytes Sent = 124100, targetBytesSent = 123700, timeLeft (us) = 7037
Bytes Sent = 125560, targetBytesSent = 124600, timeLeft (us) = 7051
Bytes Sent = 124100, targetBytesSent = 124040, timeLeft (us) = 7057
Bytes Sent = 125560, targetBytesSent = 124940, timeLeft (us) = 7096
Bytes Sent = 125560, targetBytesSent = 124380, timeLeft (us) = 7043
Bytes Sent = 124100, targetBytesSent = 123820, timeLeft (us) = 7055
Bytes Sent = 125560, targetBytesSent = 124720, timeLeft (us) = 7040
Client sent: 96 MBs of data
Bytes Sent = 125560, targetBytesSent = 124160, timeLeft (us) = 7044
Bytes Sent = 124100, targetBytesSent = 123600, timeLeft (us) = 7049
Bytes Sent = 125560, targetBytesSent = 124500, timeLeft (us) = 7065
Bytes Sent = 124100, targetBytesSent = 123940, timeLeft (us) = 7053
Bytes Sent = 125560, targetBytesSent = 124840, timeLeft (us) = 7026
Bytes Sent = 125560, targetBytesSent = 124280, timeLeft (us) = 7050
Bytes Sent = 124100, targetBytesSent = 123720, timeLeft (us) = 7035
Bytes Sent = 125560, targetBytesSent = 124620, timeLeft (us) = 7084
Client sent: 97 MBs of data
Bytes Sent = 124100, targetBytesSent = 124060, timeLeft (us) = 7056
Bytes Sent = 125560, targetBytesSent = 124960, timeLeft (us) = 7065
Bytes Sent = 125560, targetBytesSent = 124400, timeLeft (us) = 7040
Bytes Sent = 124100, targetBytesSent = 123840, timeLeft (us) = 7044
Bytes Sent = 125560, targetBytesSent = 124740, timeLeft (us) = 7092
Bytes Sent = 125560, targetBytesSent = 124180, timeLeft (us) = 7107
Bytes Sent = 124100, targetBytesSent = 123620, timeLeft (us) = 7042
Bytes Sent = 125560, targetBytesSent = 124520, timeLeft (us) = 7074
Client sent: 98 MBs of data
Bytes Sent = 124100, targetBytesSent = 123960, timeLeft (us) = 7069
Bytes Sent = 125560, targetBytesSent = 124860, timeLeft (us) = 7093
Bytes Sent = 125560, targetBytesSent = 124300, timeLeft (us) = 7058
Bytes Sent = 124100, targetBytesSent = 123740, timeLeft (us) = 7046
Bytes Sent = 125560, targetBytesSent = 124640, timeLeft (us) = 7066
Bytes Sent = 124100, targetBytesSent = 124080, timeLeft (us) = 7034
Bytes Sent = 125560, targetBytesSent = 124980, timeLeft (us) = 7068
Bytes Sent = 125560, targetBytesSent = 124420, timeLeft (us) = 7035
Client sent: 99 MBs of data
Bytes Sent = 124100, targetBytesSent = 123860, timeLeft (us) = 7051
Bytes Sent = 125560, targetBytesSent = 124760, timeLeft (us) = 7108
Bytes Sent = 125560, targetBytesSent = 124200, timeLeft (us) = 7072
Bytes Sent = 124100, targetBytesSent = 123640, timeLeft (us) = 7060
Bytes Sent = 125560, targetBytesSent = 124540, timeLeft (us) = 7074
Bytes Sent = 124100, targetBytesSent = 123980, timeLeft (us) = 7053
Bytes Sent = 125560, targetBytesSent = 124880, timeLeft (us) = 7062
Bytes Sent = 125560, targetBytesSent = 124320, timeLeft (us) = 7060
Client sent: 100 MBs of data
Bytes Sent = 124100, targetBytesSent = 123760, timeLeft (us) = 7040
Bytes Sent = 125560, targetBytesSent = 124660, timeLeft (us) = 7037
Bytes Sent = 124100, targetBytesSent = 124100, timeLeft (us) = 7041
Bytes Sent = 125560, targetBytesSent = 125000, timeLeft (us) = 7035
Bytes Sent = 125560, targetBytesSent = 124440, timeLeft (us) = 7027
Bytes Sent = 124100, targetBytesSent = 123880, timeLeft (us) = 7077
Bytes Sent = 125560, targetBytesSent = 124780, timeLeft (us) = 7027
Bytes Sent = 125560, targetBytesSent = 124220, timeLeft (us) = 7024
Client sent: 101 MBs of data
Bytes Sent = 124100, targetBytesSent = 123660, timeLeft (us) = 7062
Bytes Sent = 125560, targetBytesSent = 124560, timeLeft (us) = 7040
Bytes Sent = 124100, targetBytesSent = 124000, timeLeft (us) = 7052
Bytes Sent = 125560, targetBytesSent = 124900, timeLeft (us) = 7067
Bytes Sent = 125560, targetBytesSent = 124340, timeLeft (us) = 7040
Bytes Sent = 124100, targetBytesSent = 123780, timeLeft (us) = 7030
Bytes Sent = 125560, targetBytesSent = 124680, timeLeft (us) = 7030
Bytes Sent = 125560, targetBytesSent = 124120, timeLeft (us) = 7032
Client sent: 102 MBs of data
Bytes Sent = 124100, targetBytesSent = 123560, timeLeft (us) = 7042
Bytes Sent = 125560, targetBytesSent = 124460, timeLeft (us) = 7062
Bytes Sent = 124100, targetBytesSent = 123900, timeLeft (us) = 7042
Bytes Sent = 125560, targetBytesSent = 124800, timeLeft (us) = 7044
Bytes Sent = 125560, targetBytesSent = 124240, timeLeft (us) = 7026
Bytes Sent = 124100, targetBytesSent = 123680, timeLeft (us) = 7035
Bytes Sent = 125560, targetBytesSent = 124580, timeLeft (us) = 7028
Bytes Sent = 124100, targetBytesSent = 124020, timeLeft (us) = 7041
Client sent: 103 MBs of data
Bytes Sent = 125560, targetBytesSent = 124920, timeLeft (us) = 7018
Bytes Sent = 125560, targetBytesSent = 124360, timeLeft (us) = 7023
Bytes Sent = 124100, targetBytesSent = 123800, timeLeft (us) = 7057
Bytes Sent = 125560, targetBytesSent = 124700, timeLeft (us) = 7031
Bytes Sent = 125560, targetBytesSent = 124140, timeLeft (us) = 7027
Bytes Sent = 124100, targetBytesSent = 123580, timeLeft (us) = 7031
Bytes Sent = 125560, targetBytesSent = 124480, timeLeft (us) = 7054
Bytes Sent = 124100, targetBytesSent = 123920, timeLeft (us) = 7067
Client sent: 104 MBs of data
Bytes Sent = 125560, targetBytesSent = 124820, timeLeft (us) = 7054
Bytes Sent = 125560, targetBytesSent = 124260, timeLeft (us) = 7052
Bytes Sent = 124100, targetBytesSent = 123700, timeLeft (us) = 7049
Bytes Sent = 125560, targetBytesSent = 124600, timeLeft (us) = 7051
Bytes Sent = 124100, targetBytesSent = 124040, timeLeft (us) = 7039
Bytes Sent = 125560, targetBytesSent = 124940, timeLeft (us) = 7058
Bytes Sent = 125560, targetBytesSent = 124380, timeLeft (us) = 7024
Bytes Sent = 124100, targetBytesSent = 123820, timeLeft (us) = 7056
Client sent: 105 MBs of data
Bytes Sent = 125560, targetBytesSent = 124720, timeLeft (us) = 7040
Bytes Sent = 125560, targetBytesSent = 124160, timeLeft (us) = 7088
Bytes Sent = 124100, targetBytesSent = 123600, timeLeft (us) = 7064
Bytes Sent = 125560, targetBytesSent = 124500, timeLeft (us) = 7050
Bytes Sent = 124100, targetBytesSent = 123940, timeLeft (us) = 7080
Bytes Sent = 125560, targetBytesSent = 124840, timeLeft (us) = 7057
Bytes Sent = 125560, targetBytesSent = 124280, timeLeft (us) = 7052
Bytes Sent = 124100, targetBytesSent = 123720, timeLeft (us) = 7045
Client sent: 106 MBs of data
Bytes Sent = 125560, targetBytesSent = 124620, timeLeft (us) = 7055
Bytes Sent = 124100, targetBytesSent = 124060, timeLeft (us) = 7051
Bytes Sent = 125560, targetBytesSent = 124960, timeLeft (us) = 7049
Bytes Sent = 125560, targetBytesSent = 124400, timeLeft (us) = 7035
Bytes Sent = 124100, targetBytesSent = 123840, timeLeft (us) = 7033
Bytes Sent = 125560, targetBytesSent = 124740, timeLeft (us) = 7053
Bytes Sent = 125560, targetBytesSent = 124180, timeLeft (us) = 7061
Bytes Sent = 124100, targetBytesSent = 123620, timeLeft (us) = 7040
Client sent: 107 MBs of data
Bytes Sent = 125560, targetBytesSent = 124520, timeLeft (us) = 7055
Bytes Sent = 124100, targetBytesSent = 123960, timeLeft (us) = 7065
Bytes Sent = 125560, targetBytesSent = 124860, timeLeft (us) = 7068
Bytes Sent = 125560, targetBytesSent = 124300, timeLeft (us) = 7056
Bytes Sent = 124100, targetBytesSent = 123740, timeLeft (us) = 7072
Bytes Sent = 125560, targetBytesSent = 124640, timeLeft (us) = 7069
Bytes Sent = 124100, targetBytesSent = 124080, timeLeft (us) = 7042
Bytes Sent = 125560, targetBytesSent = 124980, timeLeft (us) = 7082
Client sent: 108 MBs of data
Bytes Sent = 125560, targetBytesSent = 124420, timeLeft (us) = 7060
Bytes Sent = 124100, targetBytesSent = 123860, timeLeft (us) = 7054
Bytes Sent = 125560, targetBytesSent = 124760, timeLeft (us) = 7059
Bytes Sent = 125560, targetBytesSent = 124200, timeLeft (us) = 7093
Bytes Sent = 124100, targetBytesSent = 123640, timeLeft (us) = 7068
Bytes Sent = 125560, targetBytesSent = 124540, timeLeft (us) = 7046
Bytes Sent = 124100, targetBytesSent = 123980, timeLeft (us) = 7098
Bytes Sent = 125560, targetBytesSent = 124880, timeLeft (us) = 7034
Client sent: 109 MBs of data
Bytes Sent = 125560, targetBytesSent = 124320, timeLeft (us) = 7099
Bytes Sent = 124100, targetBytesSent = 123760, timeLeft (us) = 7043
Bytes Sent = 125560, targetBytesSent = 124660, timeLeft (us) = 7043
Bytes Sent = 124100, targetBytesSent = 124100, timeLeft (us) = 7061
Bytes Sent = 125560, targetBytesSent = 125000, timeLeft (us) = 7092
Bytes Sent = 125560, targetBytesSent = 124440, timeLeft (us) = 7068
Bytes Sent = 124100, targetBytesSent = 123880, timeLeft (us) = 7055
Bytes Sent = 125560, targetBytesSent = 124780, timeLeft (us) = 7058
Client sent: 110 MBs of data
Bytes Sent = 125560, targetBytesSent = 124220, timeLeft (us) = 7043
Bytes Sent = 124100, targetBytesSent = 123660, timeLeft (us) = 7041
Bytes Sent = 125560, targetBytesSent = 124560, timeLeft (us) = 7094
Bytes Sent = 124100, targetBytesSent = 124000, timeLeft (us) = 7050
Bytes Sent = 125560, targetBytesSent = 124900, timeLeft (us) = 7065
Bytes Sent = 125560, targetBytesSent = 124340, timeLeft (us) = 7053
Bytes Sent = 124100, targetBytesSent = 123780, timeLeft (us) = 7053
Bytes Sent = 125560, targetBytesSent = 124680, timeLeft (us) = 7059
Client sent: 111 MBs of data
Bytes Sent = 125560, targetBytesSent = 124120, timeLeft (us) = 7056
Bytes Sent = 124100, targetBytesSent = 123560, timeLeft (us) = 7054
Bytes Sent = 125560, targetBytesSent = 124460, timeLeft (us) = 7056
Bytes Sent = 124100, targetBytesSent = 123900, timeLeft (us) = 7043
Bytes Sent = 125560, targetBytesSent = 124800, timeLeft (us) = 7056
Bytes Sent = 125560, targetBytesSent = 124240, timeLeft (us) = 7056
Bytes Sent = 124100, targetBytesSent = 123680, timeLeft (us) = 7070
Bytes Sent = 125560, targetBytesSent = 124580, timeLeft (us) = 7061
Client sent: 112 MBs of data
Bytes Sent = 124100, targetBytesSent = 124020, timeLeft (us) = 7049
Bytes Sent = 125560, targetBytesSent = 124920, timeLeft (us) = 7061
Bytes Sent = 125560, targetBytesSent = 124360, timeLeft (us) = 7057
Bytes Sent = 124100, targetBytesSent = 123800, timeLeft (us) = 7037
Bytes Sent = 125560, targetBytesSent = 124700, timeLeft (us) = 7095
Bytes Sent = 125560, targetBytesSent = 124140, timeLeft (us) = 7043
Bytes Sent = 124100, targetBytesSent = 123580, timeLeft (us) = 7042
Bytes Sent = 125560, targetBytesSent = 124480, timeLeft (us) = 7065
Client sent: 113 MBs of data
Bytes Sent = 124100, targetBytesSent = 123920, timeLeft (us) = 7031
Bytes Sent = 125560, targetBytesSent = 124820, timeLeft (us) = 7063
Bytes Sent = 125560, targetBytesSent = 124260, timeLeft (us) = 7052
Bytes Sent = 124100, targetBytesSent = 123700, timeLeft (us) = 7041
Bytes Sent = 125560, targetBytesSent = 124600, timeLeft (us) = 7050
Bytes Sent = 124100, targetBytesSent = 124040, timeLeft (us) = 7041
Bytes Sent = 125560, targetBytesSent = 124940, timeLeft (us) = 7065
Bytes Sent = 125560, targetBytesSent = 124380, timeLeft (us) = 7090
Client sent: 114 MBs of data
Bytes Sent = 124100, targetBytesSent = 123820, timeLeft (us) = 7048
Bytes Sent = 125560, targetBytesSent = 124720, timeLeft (us) = 7053
Bytes Sent = 125560, targetBytesSent = 124160, timeLeft (us) = 7066
Bytes Sent = 124100, targetBytesSent = 123600, timeLeft (us) = 7090
Bytes Sent = 125560, targetBytesSent = 124500, timeLeft (us) = 7061
Bytes Sent = 124100, targetBytesSent = 123940, timeLeft (us) = 7072
Bytes Sent = 125560, targetBytesSent = 124840, timeLeft (us) = 7048
Bytes Sent = 125560, targetBytesSent = 124280, timeLeft (us) = 7052
Client sent: 115 MBs of data
Bytes Sent = 124100, targetBytesSent = 123720, timeLeft (us) = 7038
Bytes Sent = 125560, targetBytesSent = 124620, timeLeft (us) = 7059
Bytes Sent = 124100, targetBytesSent = 124060, timeLeft (us) = 7114
Bytes Sent = 125560, targetBytesSent = 124960, timeLeft (us) = 7044
Bytes Sent = 125560, targetBytesSent = 124400, timeLeft (us) = 7052
Bytes Sent = 124100, targetBytesSent = 123840, timeLeft (us) = 7034
Bytes Sent = 125560, targetBytesSent = 124740, timeLeft (us) = 7057
Bytes Sent = 125560, targetBytesSent = 124180, timeLeft (us) = 7061
Client sent: 116 MBs of data
Bytes Sent = 124100, targetBytesSent = 123620, timeLeft (us) = 7059
Bytes Sent = 125560, targetBytesSent = 124520, timeLeft (us) = 7037
Bytes Sent = 124100, targetBytesSent = 123960, timeLeft (us) = 7090
Bytes Sent = 125560, targetBytesSent = 124860, timeLeft (us) = 7045
Bytes Sent = 125560, targetBytesSent = 124300, timeLeft (us) = 7046
Bytes Sent = 124100, targetBytesSent = 123740, timeLeft (us) = 7050
Bytes Sent = 125560, targetBytesSent = 124640, timeLeft (us) = 7052
Bytes Sent = 124100, targetBytesSent = 124080, timeLeft (us) = 7079
Client sent: 117 MBs of data
Bytes Sent = 125560, targetBytesSent = 124980, timeLeft (us) = 7064
Bytes Sent = 125560, targetBytesSent = 124420, timeLeft (us) = 7077
Bytes Sent = 124100, targetBytesSent = 123860, timeLeft (us) = 7064
Bytes Sent = 125560, targetBytesSent = 124760, timeLeft (us) = 7044
Bytes Sent = 125560, targetBytesSent = 124200, timeLeft (us) = 7063
Bytes Sent = 124100, targetBytesSent = 123640, timeLeft (us) = 7073
Bytes Sent = 125560, targetBytesSent = 124540, timeLeft (us) = 7037
Bytes Sent = 124100, targetBytesSent = 123980, timeLeft (us) = 7070
Client sent: 118 MBs of data
Bytes Sent = 125560, targetBytesSent = 124880, timeLeft (us) = 7040
Bytes Sent = 125560, targetBytesSent = 124320, timeLeft (us) = 7067
Bytes Sent = 124100, targetBytesSent = 123760, timeLeft (us) = 7065
Bytes Sent = 125560, targetBytesSent = 124660, timeLeft (us) = 7075
Bytes Sent = 124100, targetBytesSent = 124100, timeLeft (us) = 7064
Bytes Sent = 125560, targetBytesSent = 125000, timeLeft (us) = 7056
Bytes Sent = 125560, targetBytesSent = 124440, timeLeft (us) = 7034
Bytes Sent = 124100, targetBytesSent = 123880, timeLeft (us) = 7049
Client sent: 119 MBs of data
Bytes Sent = 125560, targetBytesSent = 124780, timeLeft (us) = 7035
Bytes Sent = 125560, targetBytesSent = 124220, timeLeft (us) = 7022
Bytes Sent = 124100, targetBytesSent = 123660, timeLeft (us) = 7062
Bytes Sent = 125560, targetBytesSent = 124560, timeLeft (us) = 7030
Bytes Sent = 124100, targetBytesSent = 124000, timeLeft (us) = 7035
Bytes Sent = 125560, targetBytesSent = 124900, timeLeft (us) = 7046
Bytes Sent = 125560, targetBytesSent = 124340, timeLeft (us) = 7051
Bytes Sent = 124100, targetBytesSent = 123780, timeLeft (us) = 7051
Client sent: 120 MBs of data
Bytes Sent = 125560, targetBytesSent = 124680, timeLeft (us) = 7034
Bytes Sent = 125560, targetBytesSent = 124120, timeLeft (us) = 7040
Bytes Sent = 124100, targetBytesSent = 123560, timeLeft (us) = 7036
Bytes Sent = 125560, targetBytesSent = 124460, timeLeft (us) = 7045
Bytes Sent = 124100, targetBytesSent = 123900, timeLeft (us) = 7023
Bytes Sent = 125560, targetBytesSent = 124800, timeLeft (us) = 7032
Bytes Sent = 125560, targetBytesSent = 124240, timeLeft (us) = 7032
Bytes Sent = 124100, targetBytesSent = 123680, timeLeft (us) = 7023
Client sent: 121 MBs of data
Bytes Sent = 125560, targetBytesSent = 124580, timeLeft (us) = 7051
Bytes Sent = 124100, targetBytesSent = 124020, timeLeft (us) = 7028
Bytes Sent = 125560, targetBytesSent = 124920, timeLeft (us) = 7052
Bytes Sent = 125560, targetBytesSent = 124360, timeLeft (us) = 7048
Bytes Sent = 124100, targetBytesSent = 123800, timeLeft (us) = 7037
Bytes Sent = 125560, targetBytesSent = 124700, timeLeft (us) = 7020
Bytes Sent = 125560, targetBytesSent = 124140, timeLeft (us) = 7039
Bytes Sent = 124100, targetBytesSent = 123580, timeLeft (us) = 7043
Client sent: 122 MBs of data
Bytes Sent = 125560, targetBytesSent = 124480, timeLeft (us) = 7037
Bytes Sent = 124100, targetBytesSent = 123920, timeLeft (us) = 7033
Bytes Sent = 125560, targetBytesSent = 124820, timeLeft (us) = 7035
Bytes Sent = 125560, targetBytesSent = 124260, timeLeft (us) = 7047
Bytes Sent = 124100, targetBytesSent = 123700, timeLeft (us) = 7045
Bytes Sent = 125560, targetBytesSent = 124600, timeLeft (us) = 7073
Bytes Sent = 124100, targetBytesSent = 124040, timeLeft (us) = 7034
Bytes Sent = 125560, targetBytesSent = 124940, timeLeft (us) = 7021
Client sent: 123 MBs of data
Bytes Sent = 125560, targetBytesSent = 124380, timeLeft (us) = 7054
Bytes Sent = 124100, targetBytesSent = 123820, timeLeft (us) = 7080
Bytes Sent = 125560, targetBytesSent = 124720, timeLeft (us) = 7037
Bytes Sent = 125560, targetBytesSent = 124160, timeLeft (us) = 7037
Bytes Sent = 124100, targetBytesSent = 123600, timeLeft (us) = 7051
Bytes Sent = 125560, targetBytesSent = 124500, timeLeft (us) = 7068
Bytes Sent = 124100, targetBytesSent = 123940, timeLeft (us) = 7082
Bytes Sent = 125560, targetBytesSent = 124840, timeLeft (us) = 7051
Client sent: 124 MBs of data
Bytes Sent = 125560, targetBytesSent = 124280, timeLeft (us) = 7052
Bytes Sent = 124100, targetBytesSent = 123720, timeLeft (us) = 7042
Bytes Sent = 125560, targetBytesSent = 124620, timeLeft (us) = 7055
Bytes Sent = 124100, targetBytesSent = 124060, timeLeft (us) = 7029
Bytes Sent = 125560, targetBytesSent = 124960, timeLeft (us) = 7043
Bytes Sent = 125560, targetBytesSent = 124400, timeLeft (us) = 7045
Bytes Sent = 124100, targetBytesSent = 123840, timeLeft (us) = 7054
Bytes Sent = 125560, targetBytesSent = 124740, timeLeft (us) = 7032
Client sent: 125 MBs of data
Bytes Sent = 125560, targetBytesSent = 124180, timeLeft (us) = 6984
Bytes Sent = 124100, targetBytesSent = 123620, timeLeft (us) = 7041
Bytes Sent = 125560, targetBytesSent = 124520, timeLeft (us) = 6987
Bytes Sent = 124100, targetBytesSent = 123960, timeLeft (us) = 7017
Bytes Sent = 125560, targetBytesSent = 124860, timeLeft (us) = 6997
Bytes Sent = 125560, targetBytesSent = 124300, timeLeft (us) = 7016
Bytes Sent = 124100, targetBytesSent = 123740, timeLeft (us) = 6994
Bytes Sent = 125560, targetBytesSent = 124640, timeLeft (us) = 7031
Client sent: 126 MBs of data
Bytes Sent = 124100, targetBytesSent = 124080, timeLeft (us) = 6997
Bytes Sent = 125560, targetBytesSent = 124980, timeLeft (us) = 7053
Exp finishing. Stopping stack thread with id: 6!
VT-sleep-for exiting !

------------------------- ACTUAL STDOUT FROM EXECUTABLE ENDED -----------------------------

Process: 6 exiting VT experiment !
Main thread exiting. PID = 6
