Attempting to set static arp entries ...
Tracer: 67 >> Using SRC IP: 10.1.38.66 for any spawned virtual tcp-stacks
Tracer: 67 >> Updating firewall rules to drop outgoing TCP-RST packets
Attempting to set firewall rules ...
Tracer: 67 >> CMD TO RUN: /home/vignesh/VT-S3FNet/csudp/mpi_matrix/mpi_mm 66 101 10.1.38.66 > /home/vignesh/VT-S3FNet/experiment-data/MPI_LA_Enabled_nemus_101_mpi_mm/worker66.log
args[0] = /home/vignesh/VT-S3FNet/csudp/mpi_matrix/mpi_mm
args[1] = 66
args[2] = 101
args[3] = 10.1.38.66
Setting appropriate environment variables ...
HOME DIRECTORY : /home/vignesh
Parsing TTN config file: /home/vignesh/.ttn/projects.db
Setting VT_L1_INS_CACHE_MISS_CYCLES to: 100
Setting VT_L1_INS_CACHE_LINES to: 64
Setting VT_L1_INS_CACHE_SIZE_KB to: 32
Setting VT_L1_INS_CACHE_ASSOC to: 8
Setting VT_L1_INS_CACHE_REPLACEMENT_POLICY to: LRU
Setting VT_L1_DATA_CACHE_MISS_CYCLES to: 100
Setting VT_L1_DATA_CACHE_LINES to: 64
Setting VT_L1_DATA_CACHE_SIZE_KB to: 32
Setting VT_L1_DATA_CACHE_ASSOC to: 8
Setting VT_L1_DATA_CACHE_REPLACEMENT_POLICY to: LRU
Setting VT_CPU_CYLES_NS to: 2.700000
Setting VT_NIC_SPEED_MBPS to: 1000.000000
Setting VT_TIMING_MODEL to: EMPIRICAL
Setting VT_BBL_LOOKAHEAD_FILE to: /home/vignesh/VT-S3FNet/csudp/mpi_matrix/.ttn/lookahead/bbl_lookahead.info
Setting VT_LOOP_LOOKAHEAD_FILE to: /home/vignesh/VT-S3FNet/csudp/mpi_matrix/.ttn/lookahead/loop_lookahead.info
Starting command: /home/vignesh/VT-S3FNet/csudp/mpi_matrix/mpi_mm
Loading orig functions !
Starting executable with Pid = 6
Loading pointers to VTL Logic functions
Loaded pointers to all VTL Logic functions
Now Initializing VT-Management 
Extracting env variables !
Extracted tracer-id: 67
Extracted exp-type: 2
Extracted cpu-cycles-ns: 2.700000
Extracted socket-layer-ip: 1109786890
Starting VT-initialization !
Tracer-ID: 67, Timeline-ID: 67
Tracer registration for EXP_CS complete. TimelineID = 67, Return = 67
Tracer Adding to SQ. Tracer ID = 67
Parsing any provided lookahead information ...
Opening file: /home/vignesh/VT-S3FNet/csudp/mpi_matrix/.ttn/lookahead/bbl_lookahead.info
File size: 344
mapped memblock size: 344
Finish offset: 39, Number of values: 39
Returning success !
Loaded BBL lookaheads for 39 basic blocks ...
Opening file: /home/vignesh/VT-S3FNet/csudp/mpi_matrix/.ttn/lookahead/loop_lookahead.info
File size: 128
mapped memblock size: 128
Finish offset: 12, Number of values: 12
Returning success !
Loaded Loop lookaheads for 12 loops ...
VT initialization successfull !
Finished Initializing VT-Management 
Initializing TCP-stack ...
TCP stack unique-id: 676
Starting virtual socket layer stack-thread !
Pthread_create: vtStackThread special case
Successfully initialized VTL-Logic embedded into the executable

------------------------- ACTUAL STDOUT FROM EXECUTABLE STARTS -----------------------------

Rank = 66, Total = 101, IP = 10.1.38.66
Adding new vt-tcp-socket !
Creating vt-tcp socket !
bind through vt-tcp !
Server socket bound to ip:port: 10.1.38.66:10000
Waiting for OK message from other nodes !
Waiting for OK message !
listen through vt-tcp !
Accept through vt-tcp !
Successfully received OK message !

---------------- Waiting for higher ranked nodes to connect --------------
listen through vt-tcp !
Accepting connection from higher ranked node: 100
Accept through vt-tcp !
Entering time-wait from FIN_WAIT_2
Clearing all tcp timers !
Adding TcpLinger !
Accepted connection from higher ranked node: 100
Successfully connected with higher ranked node: 100
Accepting connection from higher ranked node: 99
Accept through vt-tcp !
Accepted connection from higher ranked node: 99
Successfully connected with higher ranked node: 99
Accepting connection from higher ranked node: 98
Accept through vt-tcp !
Accepted connection from higher ranked node: 98
Successfully connected with higher ranked node: 98
Accepting connection from higher ranked node: 97
Accept through vt-tcp !
Accepted connection from higher ranked node: 97
Successfully connected with higher ranked node: 97
Accepting connection from higher ranked node: 96
Accept through vt-tcp !
Accepted connection from higher ranked node: 96
Successfully connected with higher ranked node: 96
Accepting connection from higher ranked node: 95
Accept through vt-tcp !
Accepted connection from higher ranked node: 95
Successfully connected with higher ranked node: 95
Accepting connection from higher ranked node: 94
Accept through vt-tcp !
Accepted connection from higher ranked node: 94
Successfully connected with higher ranked node: 94
Accepting connection from higher ranked node: 93
Accept through vt-tcp !
Accepted connection from higher ranked node: 93
Successfully connected with higher ranked node: 93
Accepting connection from higher ranked node: 92
Accept through vt-tcp !
Accepted connection from higher ranked node: 92
Successfully connected with higher ranked node: 92
Accepting connection from higher ranked node: 91
Accept through vt-tcp !
Accepted connection from higher ranked node: 91
Successfully connected with higher ranked node: 91
Accepting connection from higher ranked node: 90
Accept through vt-tcp !
Accepted connection from higher ranked node: 90
Successfully connected with higher ranked node: 90
Accepting connection from higher ranked node: 89
Accept through vt-tcp !
Accepted connection from higher ranked node: 89
Successfully connected with higher ranked node: 89
Accepting connection from higher ranked node: 88
Accept through vt-tcp !
Accepted connection from higher ranked node: 88
Successfully connected with higher ranked node: 88
Accepting connection from higher ranked node: 87
Accept through vt-tcp !
Accepted connection from higher ranked node: 87
Successfully connected with higher ranked node: 87
Accepting connection from higher ranked node: 86
Accept through vt-tcp !
Accepted connection from higher ranked node: 86
Successfully connected with higher ranked node: 86
Accepting connection from higher ranked node: 85
Accept through vt-tcp !
Accepted connection from higher ranked node: 85
Successfully connected with higher ranked node: 85
Accepting connection from higher ranked node: 84
Accept through vt-tcp !
Accepted connection from higher ranked node: 84
Successfully connected with higher ranked node: 84
Accepting connection from higher ranked node: 83
Accept through vt-tcp !
Accepted connection from higher ranked node: 83
Successfully connected with higher ranked node: 83
Accepting connection from higher ranked node: 82
Accept through vt-tcp !
Accepted connection from higher ranked node: 82
Successfully connected with higher ranked node: 82
Accepting connection from higher ranked node: 81
Accept through vt-tcp !
Accepted connection from higher ranked node: 81
Successfully connected with higher ranked node: 81
Accepting connection from higher ranked node: 80
Accept through vt-tcp !
Accepted connection from higher ranked node: 80
Successfully connected with higher ranked node: 80
Accepting connection from higher ranked node: 79
Accept through vt-tcp !
Accepted connection from higher ranked node: 79
Successfully connected with higher ranked node: 79
Accepting connection from higher ranked node: 78
Accept through vt-tcp !
Accepted connection from higher ranked node: 78
Successfully connected with higher ranked node: 78
Accepting connection from higher ranked node: 77
Accept through vt-tcp !
Accepted connection from higher ranked node: 77
Successfully connected with higher ranked node: 77
Accepting connection from higher ranked node: 76
Accept through vt-tcp !
Accepted connection from higher ranked node: 76
Successfully connected with higher ranked node: 76
Accepting connection from higher ranked node: 75
Accept through vt-tcp !
Accepted connection from higher ranked node: 75
Successfully connected with higher ranked node: 75
Accepting connection from higher ranked node: 74
Accept through vt-tcp !
Accepted connection from higher ranked node: 74
Successfully connected with higher ranked node: 74
Accepting connection from higher ranked node: 73
Accept through vt-tcp !
Accepted connection from higher ranked node: 73
Successfully connected with higher ranked node: 73
Accepting connection from higher ranked node: 72
Accept through vt-tcp !
Accepted connection from higher ranked node: 72
Successfully connected with higher ranked node: 72
Accepting connection from higher ranked node: 71
Accept through vt-tcp !
Accepted connection from higher ranked node: 71
Successfully connected with higher ranked node: 71
Accepting connection from higher ranked node: 70
Accept through vt-tcp !
Accepted connection from higher ranked node: 70
Successfully connected with higher ranked node: 70
Accepting connection from higher ranked node: 69
Accept through vt-tcp !
Accepted connection from higher ranked node: 69
Successfully connected with higher ranked node: 69
Accepting connection from higher ranked node: 68
Accept through vt-tcp !
Accepted connection from higher ranked node: 68
Successfully connected with higher ranked node: 68
Accepting connection from higher ranked node: 67
Accept through vt-tcp !
Accepted connection from higher ranked node: 67
Successfully connected with higher ranked node: 67
Closing server socket: 4097
Clearing all tcp timers !
TCP-done for socket: 4097, err: -103

---------------- Connecting to lowed ranked nodes ! --------------
Adding new vt-tcp-socket !
Creating vt-tcp socket !
Connecting to lower ranked node: 65 at 10.1.38.70:10000
Connecting .. Socket: 4133, src-port: 40001
Socket: 4097 garbage collection
Freeing socket: 4097
Waking up connected socket !
Socket connect success. socket = 4133
Connecting through vt-tcp success !
Successfully connected to lower ranked node: 65 at 10.1.38.70:10000
Adding new vt-tcp-socket !
Creating vt-tcp socket !
Connecting to lower ranked node: 64 at 10.1.38.74:10000
Connecting .. Socket: 4134, src-port: 40002
Waking up connected socket !
Socket connect success. socket = 4134
Connecting through vt-tcp success !
Successfully connected to lower ranked node: 64 at 10.1.38.74:10000
Adding new vt-tcp-socket !
Creating vt-tcp socket !
Connecting to lower ranked node: 63 at 10.1.38.78:10000
Connecting .. Socket: 4135, src-port: 40003
Waking up connected socket !
Socket connect success. socket = 4135
Connecting through vt-tcp success !
Successfully connected to lower ranked node: 63 at 10.1.38.78:10000
Adding new vt-tcp-socket !
Creating vt-tcp socket !
Connecting to lower ranked node: 62 at 10.1.38.122:10000
Connecting .. Socket: 4136, src-port: 40004
Waking up connected socket !
Socket connect success. socket = 4136
Connecting through vt-tcp success !
Successfully connected to lower ranked node: 62 at 10.1.38.122:10000
Adding new vt-tcp-socket !
Creating vt-tcp socket !
Connecting to lower ranked node: 61 at 10.1.38.238:10000
Connecting .. Socket: 4137, src-port: 40005
Waking up connected socket !
Socket connect success. socket = 4137
Connecting through vt-tcp success !
Successfully connected to lower ranked node: 61 at 10.1.38.238:10000
Adding new vt-tcp-socket !
Creating vt-tcp socket !
Connecting to lower ranked node: 60 at 10.1.38.242:10000
Connecting .. Socket: 4138, src-port: 40006
Waking up connected socket !
Socket connect success. socket = 4138
Connecting through vt-tcp success !
Successfully connected to lower ranked node: 60 at 10.1.38.242:10000
Adding new vt-tcp-socket !
Creating vt-tcp socket !
Connecting to lower ranked node: 59 at 10.1.38.246:10000
Connecting .. Socket: 4139, src-port: 40007
Waking up connected socket !
Socket connect success. socket = 4139
Connecting through vt-tcp success !
Successfully connected to lower ranked node: 59 at 10.1.38.246:10000
Adding new vt-tcp-socket !
Creating vt-tcp socket !
Connecting to lower ranked node: 58 at 10.1.38.250:10000
Connecting .. Socket: 4140, src-port: 40008
Waking up connected socket !
Socket connect success. socket = 4140
Connecting through vt-tcp success !
Successfully connected to lower ranked node: 58 at 10.1.38.250:10000
Adding new vt-tcp-socket !
Creating vt-tcp socket !
Connecting to lower ranked node: 57 at 10.1.38.254:10000
Connecting .. Socket: 4141, src-port: 40009
Waking up connected socket !
Socket connect success. socket = 4141
Connecting through vt-tcp success !
Successfully connected to lower ranked node: 57 at 10.1.38.254:10000
Adding new vt-tcp-socket !
Creating vt-tcp socket !
Connecting to lower ranked node: 56 at 10.1.39.2:10000
Connecting .. Socket: 4142, src-port: 40010
Waking up connected socket !
Socket connect success. socket = 4142
Connecting through vt-tcp success !
Successfully connected to lower ranked node: 56 at 10.1.39.2:10000
Adding new vt-tcp-socket !
Creating vt-tcp socket !
Connecting to lower ranked node: 55 at 10.1.39.6:10000
Connecting .. Socket: 4143, src-port: 40011
Waking up connected socket !
Socket connect success. socket = 4143
Connecting through vt-tcp success !
Successfully connected to lower ranked node: 55 at 10.1.39.6:10000
Adding new vt-tcp-socket !
Creating vt-tcp socket !
Connecting to lower ranked node: 54 at 10.1.39.10:10000
Connecting .. Socket: 4144, src-port: 40012
Waking up connected socket !
Socket connect success. socket = 4144
Connecting through vt-tcp success !
Successfully connected to lower ranked node: 54 at 10.1.39.10:10000
Adding new vt-tcp-socket !
Creating vt-tcp socket !
Connecting to lower ranked node: 53 at 10.1.39.14:10000
Connecting .. Socket: 4145, src-port: 40013
Waking up connected socket !
Socket connect success. socket = 4145
Connecting through vt-tcp success !
Successfully connected to lower ranked node: 53 at 10.1.39.14:10000
Adding new vt-tcp-socket !
Creating vt-tcp socket !
Connecting to lower ranked node: 52 at 10.1.38.234:10000
Connecting .. Socket: 4146, src-port: 40014
Waking up connected socket !
Socket connect success. socket = 4146
Connecting through vt-tcp success !
Successfully connected to lower ranked node: 52 at 10.1.38.234:10000
Adding new vt-tcp-socket !
Creating vt-tcp socket !
Connecting to lower ranked node: 51 at 10.1.39.22:10000
Connecting .. Socket: 4147, src-port: 40015
Waking up connected socket !
Socket connect success. socket = 4147
Connecting through vt-tcp success !
Successfully connected to lower ranked node: 51 at 10.1.39.22:10000
Adding new vt-tcp-socket !
Creating vt-tcp socket !
Connecting to lower ranked node: 50 at 10.1.39.26:10000
Connecting .. Socket: 4148, src-port: 40016
Waking up connected socket !
Socket connect success. socket = 4148
Connecting through vt-tcp success !
Successfully connected to lower ranked node: 50 at 10.1.39.26:10000
Adding new vt-tcp-socket !
Creating vt-tcp socket !
Connecting to lower ranked node: 49 at 10.1.39.30:10000
Connecting .. Socket: 4149, src-port: 40017
Waking up connected socket !
Socket connect success. socket = 4149
Connecting through vt-tcp success !
Successfully connected to lower ranked node: 49 at 10.1.39.30:10000
Adding new vt-tcp-socket !
Creating vt-tcp socket !
Connecting to lower ranked node: 48 at 10.1.39.34:10000
Connecting .. Socket: 4150, src-port: 40018
Waking up connected socket !
Socket connect success. socket = 4150
Connecting through vt-tcp success !
Successfully connected to lower ranked node: 48 at 10.1.39.34:10000
Adding new vt-tcp-socket !
Creating vt-tcp socket !
Connecting to lower ranked node: 47 at 10.1.39.38:10000
Connecting .. Socket: 4151, src-port: 40019
Waking up connected socket !
Socket connect success. socket = 4151
Connecting through vt-tcp success !
Successfully connected to lower ranked node: 47 at 10.1.39.38:10000
Adding new vt-tcp-socket !
Creating vt-tcp socket !
Connecting to lower ranked node: 46 at 10.1.39.42:10000
Connecting .. Socket: 4152, src-port: 40020
Waking up connected socket !
Socket connect success. socket = 4152
Connecting through vt-tcp success !
Successfully connected to lower ranked node: 46 at 10.1.39.42:10000
Adding new vt-tcp-socket !
Creating vt-tcp socket !
Connecting to lower ranked node: 45 at 10.1.39.46:10000
Connecting .. Socket: 4153, src-port: 40021
Waking up connected socket !
Socket connect success. socket = 4153
Connecting through vt-tcp success !
Successfully connected to lower ranked node: 45 at 10.1.39.46:10000
Adding new vt-tcp-socket !
Creating vt-tcp socket !
Connecting to lower ranked node: 44 at 10.1.39.50:10000
Connecting .. Socket: 4154, src-port: 40022
Waking up connected socket !
Socket connect success. socket = 4154
Connecting through vt-tcp success !
Successfully connected to lower ranked node: 44 at 10.1.39.50:10000
Adding new vt-tcp-socket !
Creating vt-tcp socket !
Connecting to lower ranked node: 43 at 10.1.38.198:10000
Connecting .. Socket: 4155, src-port: 40023
Waking up connected socket !
Socket connect success. socket = 4155
Connecting through vt-tcp success !
Successfully connected to lower ranked node: 43 at 10.1.38.198:10000
Adding new vt-tcp-socket !
Creating vt-tcp socket !
Connecting to lower ranked node: 42 at 10.1.38.162:10000
Connecting .. Socket: 4156, src-port: 40024
Waking up connected socket !
Socket connect success. socket = 4156
Connecting through vt-tcp success !
Successfully connected to lower ranked node: 42 at 10.1.38.162:10000
Adding new vt-tcp-socket !
Creating vt-tcp socket !
Connecting to lower ranked node: 41 at 10.1.38.166:10000
Connecting .. Socket: 4157, src-port: 40025
Waking up connected socket !
Socket connect success. socket = 4157
Connecting through vt-tcp success !
Successfully connected to lower ranked node: 41 at 10.1.38.166:10000
Adding new vt-tcp-socket !
Creating vt-tcp socket !
Connecting to lower ranked node: 40 at 10.1.38.170:10000
Connecting .. Socket: 4158, src-port: 40026
Waking up connected socket !
Socket connect success. socket = 4158
Connecting through vt-tcp success !
Successfully connected to lower ranked node: 40 at 10.1.38.170:10000
Adding new vt-tcp-socket !
Creating vt-tcp socket !
Connecting to lower ranked node: 39 at 10.1.38.174:10000
Connecting .. Socket: 4159, src-port: 40027
Waking up connected socket !
Socket connect success. socket = 4159
Connecting through vt-tcp success !
Successfully connected to lower ranked node: 39 at 10.1.38.174:10000
Adding new vt-tcp-socket !
Creating vt-tcp socket !
Connecting to lower ranked node: 38 at 10.1.38.178:10000
Connecting .. Socket: 4160, src-port: 40028
Waking up connected socket !
Socket connect success. socket = 4160
Connecting through vt-tcp success !
Successfully connected to lower ranked node: 38 at 10.1.38.178:10000
Adding new vt-tcp-socket !
Creating vt-tcp socket !
Connecting to lower ranked node: 37 at 10.1.38.182:10000
Connecting .. Socket: 4161, src-port: 40029
Waking up connected socket !
Socket connect success. socket = 4161
Connecting through vt-tcp success !
Successfully connected to lower ranked node: 37 at 10.1.38.182:10000
Adding new vt-tcp-socket !
Creating vt-tcp socket !
Connecting to lower ranked node: 36 at 10.1.38.186:10000
Connecting .. Socket: 4162, src-port: 40030
Waking up connected socket !
Socket connect success. socket = 4162
Connecting through vt-tcp success !
Successfully connected to lower ranked node: 36 at 10.1.38.186:10000
Adding new vt-tcp-socket !
Creating vt-tcp socket !
Connecting to lower ranked node: 35 at 10.1.38.190:10000
Connecting .. Socket: 4163, src-port: 40031
Waking up connected socket !
Socket connect success. socket = 4163
Connecting through vt-tcp success !
Successfully connected to lower ranked node: 35 at 10.1.38.190:10000
Adding new vt-tcp-socket !
Creating vt-tcp socket !
Connecting to lower ranked node: 34 at 10.1.38.194:10000
Connecting .. Socket: 4164, src-port: 40032
Waking up connected socket !
Socket connect success. socket = 4164
Connecting through vt-tcp success !
Successfully connected to lower ranked node: 34 at 10.1.38.194:10000
Adding new vt-tcp-socket !
Creating vt-tcp socket !
Connecting to lower ranked node: 33 at 10.1.38.158:10000
Connecting .. Socket: 4165, src-port: 40033
Waking up connected socket !
Socket connect success. socket = 4165
Connecting through vt-tcp success !
Successfully connected to lower ranked node: 33 at 10.1.38.158:10000
Adding new vt-tcp-socket !
Creating vt-tcp socket !
Connecting to lower ranked node: 32 at 10.1.38.202:10000
Connecting .. Socket: 4166, src-port: 40034
Waking up connected socket !
Socket connect success. socket = 4166
Connecting through vt-tcp success !
Successfully connected to lower ranked node: 32 at 10.1.38.202:10000
Adding new vt-tcp-socket !
Creating vt-tcp socket !
Connecting to lower ranked node: 31 at 10.1.38.206:10000
Connecting .. Socket: 4167, src-port: 40035
Waking up connected socket !
Socket connect success. socket = 4167
Connecting through vt-tcp success !
Successfully connected to lower ranked node: 31 at 10.1.38.206:10000
Adding new vt-tcp-socket !
Creating vt-tcp socket !
Connecting to lower ranked node: 30 at 10.1.38.210:10000
Connecting .. Socket: 4168, src-port: 40036
Waking up connected socket !
Socket connect success. socket = 4168
Connecting through vt-tcp success !
Successfully connected to lower ranked node: 30 at 10.1.38.210:10000
Adding new vt-tcp-socket !
Creating vt-tcp socket !
Connecting to lower ranked node: 29 at 10.1.38.214:10000
Connecting .. Socket: 4169, src-port: 40037
Waking up connected socket !
Socket connect success. socket = 4169
Connecting through vt-tcp success !
Successfully connected to lower ranked node: 29 at 10.1.38.214:10000
Adding new vt-tcp-socket !
Creating vt-tcp socket !
Connecting to lower ranked node: 28 at 10.1.38.218:10000
Connecting .. Socket: 4170, src-port: 40038
Waking up connected socket !
Socket connect success. socket = 4170
Connecting through vt-tcp success !
Successfully connected to lower ranked node: 28 at 10.1.38.218:10000
Adding new vt-tcp-socket !
Creating vt-tcp socket !
Connecting to lower ranked node: 27 at 10.1.38.222:10000
Connecting .. Socket: 4171, src-port: 40039
Waking up connected socket !
Socket connect success. socket = 4171
Connecting through vt-tcp success !
Successfully connected to lower ranked node: 27 at 10.1.38.222:10000
Adding new vt-tcp-socket !
Creating vt-tcp socket !
Connecting to lower ranked node: 26 at 10.1.38.226:10000
Connecting .. Socket: 4172, src-port: 40040
Waking up connected socket !
Socket connect success. socket = 4172
Connecting through vt-tcp success !
Successfully connected to lower ranked node: 26 at 10.1.38.226:10000
Adding new vt-tcp-socket !
Creating vt-tcp socket !
Connecting to lower ranked node: 25 at 10.1.38.230:10000
Connecting .. Socket: 4173, src-port: 40041
Waking up connected socket !
Socket connect success. socket = 4173
Connecting through vt-tcp success !
Successfully connected to lower ranked node: 25 at 10.1.38.230:10000
Adding new vt-tcp-socket !
Creating vt-tcp socket !
Connecting to lower ranked node: 24 at 10.1.37.222:10000
Connecting .. Socket: 4174, src-port: 40042
Waking up connected socket !
Socket connect success. socket = 4174
Connecting through vt-tcp success !
Successfully connected to lower ranked node: 24 at 10.1.37.222:10000
Adding new vt-tcp-socket !
Creating vt-tcp socket !
Connecting to lower ranked node: 23 at 10.1.37.34:10000
Connecting .. Socket: 4175, src-port: 40043
Waking up connected socket !
Socket connect success. socket = 4175
Connecting through vt-tcp success !
Successfully connected to lower ranked node: 23 at 10.1.37.34:10000
Adding new vt-tcp-socket !
Creating vt-tcp socket !
Connecting to lower ranked node: 22 at 10.1.37.38:10000
Connecting .. Socket: 4176, src-port: 40044
Waking up connected socket !
Socket connect success. socket = 4176
Connecting through vt-tcp success !
Successfully connected to lower ranked node: 22 at 10.1.37.38:10000
Adding new vt-tcp-socket !
Creating vt-tcp socket !
Connecting to lower ranked node: 21 at 10.1.37.42:10000
Connecting .. Socket: 4177, src-port: 40045
Waking up connected socket !
Socket connect success. socket = 4177
Connecting through vt-tcp success !
Successfully connected to lower ranked node: 21 at 10.1.37.42:10000
Adding new vt-tcp-socket !
Creating vt-tcp socket !
Connecting to lower ranked node: 20 at 10.1.37.46:10000
Connecting .. Socket: 4178, src-port: 40046
Waking up connected socket !
Socket connect success. socket = 4178
Connecting through vt-tcp success !
Successfully connected to lower ranked node: 20 at 10.1.37.46:10000
Adding new vt-tcp-socket !
Creating vt-tcp socket !
Connecting to lower ranked node: 19 at 10.1.37.50:10000
Connecting .. Socket: 4179, src-port: 40047
Waking up connected socket !
Socket connect success. socket = 4179
Connecting through vt-tcp success !
Successfully connected to lower ranked node: 19 at 10.1.37.50:10000
Adding new vt-tcp-socket !
Creating vt-tcp socket !
Connecting to lower ranked node: 18 at 10.1.37.54:10000
Connecting .. Socket: 4180, src-port: 40048
Waking up connected socket !
Socket connect success. socket = 4180
Connecting through vt-tcp success !
Successfully connected to lower ranked node: 18 at 10.1.37.54:10000
Adding new vt-tcp-socket !
Creating vt-tcp socket !
Connecting to lower ranked node: 17 at 10.1.37.58:10000
Connecting .. Socket: 4181, src-port: 40049
Waking up connected socket !
Socket connect success. socket = 4181
Connecting through vt-tcp success !
Successfully connected to lower ranked node: 17 at 10.1.37.58:10000
Adding new vt-tcp-socket !
Creating vt-tcp socket !
Connecting to lower ranked node: 16 at 10.1.37.62:10000
Connecting .. Socket: 4182, src-port: 40050
Waking up connected socket !
Socket connect success. socket = 4182
Connecting through vt-tcp success !
Successfully connected to lower ranked node: 16 at 10.1.37.62:10000
Adding new vt-tcp-socket !
Creating vt-tcp socket !
Connecting to lower ranked node: 15 at 10.1.37.66:10000
Connecting .. Socket: 4183, src-port: 40051
Waking up connected socket !
Socket connect success. socket = 4183
Connecting through vt-tcp success !
Successfully connected to lower ranked node: 15 at 10.1.37.66:10000
Adding new vt-tcp-socket !
Creating vt-tcp socket !
Connecting to lower ranked node: 14 at 10.1.37.30:10000
Connecting .. Socket: 4184, src-port: 40052
Waking up connected socket !
Socket connect success. socket = 4184
Connecting through vt-tcp success !
Successfully connected to lower ranked node: 14 at 10.1.37.30:10000
Adding new vt-tcp-socket !
Creating vt-tcp socket !
Connecting to lower ranked node: 13 at 10.1.37.74:10000
Connecting .. Socket: 4185, src-port: 40053
Waking up connected socket !
Socket connect success. socket = 4185
Connecting through vt-tcp success !
Successfully connected to lower ranked node: 13 at 10.1.37.74:10000
Adding new vt-tcp-socket !
Creating vt-tcp socket !
Connecting to lower ranked node: 12 at 10.1.37.78:10000
Connecting .. Socket: 4186, src-port: 40054
Waking up connected socket !
Socket connect success. socket = 4186
Connecting through vt-tcp success !
Successfully connected to lower ranked node: 12 at 10.1.37.78:10000
Adding new vt-tcp-socket !
Creating vt-tcp socket !
Connecting to lower ranked node: 11 at 10.1.37.82:10000
Connecting .. Socket: 4187, src-port: 40055
Waking up connected socket !
Socket connect success. socket = 4187
Connecting through vt-tcp success !
Successfully connected to lower ranked node: 11 at 10.1.37.82:10000
Adding new vt-tcp-socket !
Creating vt-tcp socket !
Connecting to lower ranked node: 10 at 10.1.37.86:10000
Connecting .. Socket: 4188, src-port: 40056
Waking up connected socket !
Socket connect success. socket = 4188
Connecting through vt-tcp success !
Successfully connected to lower ranked node: 10 at 10.1.37.86:10000
Adding new vt-tcp-socket !
Creating vt-tcp socket !
Connecting to lower ranked node: 9 at 10.1.37.90:10000
Connecting .. Socket: 4189, src-port: 40057
Waking up connected socket !
Socket connect success. socket = 4189
Connecting through vt-tcp success !
Successfully connected to lower ranked node: 9 at 10.1.37.90:10000
Adding new vt-tcp-socket !
Creating vt-tcp socket !
Connecting to lower ranked node: 8 at 10.1.37.94:10000
Connecting .. Socket: 4190, src-port: 40058
Waking up connected socket !
Socket connect success. socket = 4190
Connecting through vt-tcp success !
Successfully connected to lower ranked node: 8 at 10.1.37.94:10000
Adding new vt-tcp-socket !
Creating vt-tcp socket !
Connecting to lower ranked node: 7 at 10.1.37.98:10000
Connecting .. Socket: 4191, src-port: 40059
Waking up connected socket !
Socket connect success. socket = 4191
Connecting through vt-tcp success !
Successfully connected to lower ranked node: 7 at 10.1.37.98:10000
Adding new vt-tcp-socket !
Creating vt-tcp socket !
Connecting to lower ranked node: 6 at 10.1.37.102:10000
Connecting .. Socket: 4192, src-port: 40060
Waking up connected socket !
Socket connect success. socket = 4192
Connecting through vt-tcp success !
Successfully connected to lower ranked node: 6 at 10.1.37.102:10000
Adding new vt-tcp-socket !
Creating vt-tcp socket !
Connecting to lower ranked node: 5 at 10.1.36.246:10000
Connecting .. Socket: 4193, src-port: 40061
Waking up connected socket !
Socket connect success. socket = 4193
Connecting through vt-tcp success !
Successfully connected to lower ranked node: 5 at 10.1.36.246:10000
Adding new vt-tcp-socket !
Creating vt-tcp socket !
Connecting to lower ranked node: 4 at 10.1.36.210:10000
Connecting .. Socket: 4194, src-port: 40062
Waking up connected socket !
Socket connect success. socket = 4194
Connecting through vt-tcp success !
Successfully connected to lower ranked node: 4 at 10.1.36.210:10000
Adding new vt-tcp-socket !
Creating vt-tcp socket !
Connecting to lower ranked node: 3 at 10.1.36.214:10000
Connecting .. Socket: 4195, src-port: 40063
Waking up connected socket !
Socket connect success. socket = 4195
Connecting through vt-tcp success !
Successfully connected to lower ranked node: 3 at 10.1.36.214:10000
Adding new vt-tcp-socket !
Creating vt-tcp socket !
Connecting to lower ranked node: 2 at 10.1.36.218:10000
Connecting .. Socket: 4196, src-port: 40064
Waking up connected socket !
Socket connect success. socket = 4196
Connecting through vt-tcp success !
Successfully connected to lower ranked node: 2 at 10.1.36.218:10000
Adding new vt-tcp-socket !
Creating vt-tcp socket !
Connecting to lower ranked node: 1 at 10.1.36.222:10000
Connecting .. Socket: 4197, src-port: 40065
Waking up connected socket !
Socket connect success. socket = 4197
Connecting through vt-tcp success !
Successfully connected to lower ranked node: 1 at 10.1.36.222:10000
Adding new vt-tcp-socket !
Creating vt-tcp socket !
Connecting to lower ranked node: 0 at 10.1.36.226:10000
Connecting .. Socket: 4198, src-port: 40066
Waking up connected socket !
Socket connect success. socket = 4198
Connecting through vt-tcp success !
Successfully connected to lower ranked node: 0 at 10.1.36.226:10000

---------------- Creating listen Thread ! --------------

---------------- MPI-Init success ! --------------
Adding new Thread: 8
Resuming new Thread with Burst of length: 5400
Received matrix-A partition size: 20 from master !

******************************************************
tcp-linger 
Clearing all tcp timers !
TCP-done for socket: 4098, err: -110
Socket: 4098 garbage collection
Freeing socket: 4098
Received vector X and V from master 
Called SetLoopLookahead: init: 0, final: 16000, step: 8, loopDepth: 1, cumulative-num-iterations: 40000, look-ahead-ns: 74074
Called SetLoopLookahead: init: 0, final: 20, step: 1, loopDepth: 1, cumulative-num-iterations: 40000, look-ahead-ns: 237037
Called SetLoopLookahead: init: 0, final: 2000, step: 1, loopDepth: 2, cumulative-num-iterations: 80000000, look-ahead-ns: 177777776
Before rcv-wnd: seq: 1, rcv_nxt: 5
Before rcv-wnd: seq: 1, rcv_nxt: 5
Before rcv-wnd: seq: 1, rcv_nxt: 5
Before rcv-wnd: seq: 1, rcv_nxt: 5
Before rcv-wnd: seq: 1, rcv_nxt: 5
Before rcv-wnd: seq: 1, rcv_nxt: 5
Before rcv-wnd: seq: 1, rcv_nxt: 5
tcp-rto: snd_una: 1, rto: 400, backoff: 1, sock-fd = 4172
tcp-rto: snd_una: 1, rto: 400, backoff: 1, sock-fd = 4174
tcp-rto: snd_una: 1, rto: 400, backoff: 1, sock-fd = 4180
tcp-rto: snd_una: 1, rto: 400, backoff: 1, sock-fd = 4188
tcp-rto: snd_una: 1, rto: 400, backoff: 1, sock-fd = 4190
tcp-rto: snd_una: 1, rto: 400, backoff: 1, sock-fd = 4194
Sending offset = 1300 to master !
Sending rows = 20 to master !
Sending result vector partition to master!
Sent results to master 
MSG: 0 Done.
Avg-Compute-Communication-Ratio = 5.324150

******************************************************
Received vector X and V from master 
Called SetLoopLookahead: init: 0, final: 16000, step: 8, loopDepth: 1, cumulative-num-iterations: 40000, look-ahead-ns: 74074
Called SetLoopLookahead: init: 0, final: 20, step: 1, loopDepth: 1, cumulative-num-iterations: 40000, look-ahead-ns: 237037
Called SetLoopLookahead: init: 0, final: 2000, step: 1, loopDepth: 2, cumulative-num-iterations: 80000000, look-ahead-ns: 177777776
Sending offset = 1300 to master !
Sending rows = 20 to master !
Sending result vector partition to master!
Sent results to master 
MSG: 1 Done.
Avg-Compute-Communication-Ratio = 4.721123

******************************************************
Received vector X and V from master 
Called SetLoopLookahead: init: 0, final: 16000, step: 8, loopDepth: 1, cumulative-num-iterations: 40000, look-ahead-ns: 74074
Called SetLoopLookahead: init: 0, final: 20, step: 1, loopDepth: 1, cumulative-num-iterations: 40000, look-ahead-ns: 237037
Called SetLoopLookahead: init: 0, final: 2000, step: 1, loopDepth: 2, cumulative-num-iterations: 80000000, look-ahead-ns: 177777776
Sending offset = 1300 to master !
Sending rows = 20 to master !
Sending result vector partition to master!
Sent results to master 
MSG: 2 Done.
Avg-Compute-Communication-Ratio = 4.563433

******************************************************
Received vector X and V from master 
Called SetLoopLookahead: init: 0, final: 16000, step: 8, loopDepth: 1, cumulative-num-iterations: 40000, look-ahead-ns: 74074
Called SetLoopLookahead: init: 0, final: 20, step: 1, loopDepth: 1, cumulative-num-iterations: 40000, look-ahead-ns: 237037
Called SetLoopLookahead: init: 0, final: 2000, step: 1, loopDepth: 2, cumulative-num-iterations: 80000000, look-ahead-ns: 177777776
Sending offset = 1300 to master !
Sending rows = 20 to master !
Sending result vector partition to master!
Sent results to master 
MSG: 3 Done.
Avg-Compute-Communication-Ratio = 4.394930

******************************************************
Received vector X and V from master 
Called SetLoopLookahead: init: 0, final: 16000, step: 8, loopDepth: 1, cumulative-num-iterations: 40000, look-ahead-ns: 74074
Called SetLoopLookahead: init: 0, final: 20, step: 1, loopDepth: 1, cumulative-num-iterations: 40000, look-ahead-ns: 237037
Called SetLoopLookahead: init: 0, final: 2000, step: 1, loopDepth: 2, cumulative-num-iterations: 80000000, look-ahead-ns: 177777776
Sending offset = 1300 to master !
Sending rows = 20 to master !
Sending result vector partition to master!
Sent results to master 
MSG: 4 Done.
Avg-Compute-Communication-Ratio = 4.305774

******************************************************
Received vector X and V from master 
Called SetLoopLookahead: init: 0, final: 16000, step: 8, loopDepth: 1, cumulative-num-iterations: 40000, look-ahead-ns: 74074
Called SetLoopLookahead: init: 0, final: 20, step: 1, loopDepth: 1, cumulative-num-iterations: 40000, look-ahead-ns: 237037
Called SetLoopLookahead: init: 0, final: 2000, step: 1, loopDepth: 2, cumulative-num-iterations: 80000000, look-ahead-ns: 177777776
Sending offset = 1300 to master !
Sending rows = 20 to master !
Sending result vector partition to master!
Sent results to master 
MSG: 5 Done.
Avg-Compute-Communication-Ratio = 4.240865

******************************************************
Received vector X and V from master 
Called SetLoopLookahead: init: 0, final: 16000, step: 8, loopDepth: 1, cumulative-num-iterations: 40000, look-ahead-ns: 74074
Called SetLoopLookahead: init: 0, final: 20, step: 1, loopDepth: 1, cumulative-num-iterations: 40000, look-ahead-ns: 237037
Called SetLoopLookahead: init: 0, final: 2000, step: 1, loopDepth: 2, cumulative-num-iterations: 80000000, look-ahead-ns: 177777776
Sending offset = 1300 to master !
Sending rows = 20 to master !
Sending result vector partition to master!
Sent results to master 
MSG: 6 Done.
Avg-Compute-Communication-Ratio = 4.202304

******************************************************
Received vector X and V from master 
Called SetLoopLookahead: init: 0, final: 16000, step: 8, loopDepth: 1, cumulative-num-iterations: 40000, look-ahead-ns: 74074
Called SetLoopLookahead: init: 0, final: 20, step: 1, loopDepth: 1, cumulative-num-iterations: 40000, look-ahead-ns: 237037
Called SetLoopLookahead: init: 0, final: 2000, step: 1, loopDepth: 2, cumulative-num-iterations: 80000000, look-ahead-ns: 177777776
Sending offset = 1300 to master !
Sending rows = 20 to master !
Sending result vector partition to master!
Sent results to master 
MSG: 7 Done.
Avg-Compute-Communication-Ratio = 4.167639

******************************************************
Received vector X and V from master 
Called SetLoopLookahead: init: 0, final: 16000, step: 8, loopDepth: 1, cumulative-num-iterations: 40000, look-ahead-ns: 74074
Called SetLoopLookahead: init: 0, final: 20, step: 1, loopDepth: 1, cumulative-num-iterations: 40000, look-ahead-ns: 237037
Called SetLoopLookahead: init: 0, final: 2000, step: 1, loopDepth: 2, cumulative-num-iterations: 80000000, look-ahead-ns: 177777776
Sending offset = 1300 to master !
Sending rows = 20 to master !
Sending result vector partition to master!
Sent results to master 
MSG: 8 Done.
Avg-Compute-Communication-Ratio = 4.147841

******************************************************
Received vector X and V from master 
Called SetLoopLookahead: init: 0, final: 16000, step: 8, loopDepth: 1, cumulative-num-iterations: 40000, look-ahead-ns: 74074
Called SetLoopLookahead: init: 0, final: 20, step: 1, loopDepth: 1, cumulative-num-iterations: 40000, look-ahead-ns: 237037
Called SetLoopLookahead: init: 0, final: 2000, step: 1, loopDepth: 2, cumulative-num-iterations: 80000000, look-ahead-ns: 177777776
Sending offset = 1300 to master !
Sending rows = 20 to master !
Sending result vector partition to master!
Sent results to master 
MSG: 9 Done.
Avg-Compute-Communication-Ratio = 4.129864

******************************************************
Received vector X and V from master 
Called SetLoopLookahead: init: 0, final: 16000, step: 8, loopDepth: 1, cumulative-num-iterations: 40000, look-ahead-ns: 74074
Called SetLoopLookahead: init: 0, final: 20, step: 1, loopDepth: 1, cumulative-num-iterations: 40000, look-ahead-ns: 237037
Called SetLoopLookahead: init: 0, final: 2000, step: 1, loopDepth: 2, cumulative-num-iterations: 80000000, look-ahead-ns: 177777776
Sending offset = 1300 to master !
Sending rows = 20 to master !
Sending result vector partition to master!
Sent results to master 
MSG: 10 Done.
Avg-Compute-Communication-Ratio = 4.114603

******************************************************
Received vector X and V from master 
Called SetLoopLookahead: init: 0, final: 16000, step: 8, loopDepth: 1, cumulative-num-iterations: 40000, look-ahead-ns: 74074
Called SetLoopLookahead: init: 0, final: 20, step: 1, loopDepth: 1, cumulative-num-iterations: 40000, look-ahead-ns: 237037
Called SetLoopLookahead: init: 0, final: 2000, step: 1, loopDepth: 2, cumulative-num-iterations: 80000000, look-ahead-ns: 177777776
Sending offset = 1300 to master !
Sending rows = 20 to master !
Sending result vector partition to master!
Sent results to master 
MSG: 11 Done.
Avg-Compute-Communication-Ratio = 4.101650

******************************************************
Received vector X and V from master 
Called SetLoopLookahead: init: 0, final: 16000, step: 8, loopDepth: 1, cumulative-num-iterations: 40000, look-ahead-ns: 74074
Called SetLoopLookahead: init: 0, final: 20, step: 1, loopDepth: 1, cumulative-num-iterations: 40000, look-ahead-ns: 237037
Called SetLoopLookahead: init: 0, final: 2000, step: 1, loopDepth: 2, cumulative-num-iterations: 80000000, look-ahead-ns: 177777776
Sending offset = 1300 to master !
Sending rows = 20 to master !
Sending result vector partition to master!
Sent results to master 
MSG: 12 Done.
Avg-Compute-Communication-Ratio = 4.071143

******************************************************
Received vector X and V from master 
Called SetLoopLookahead: init: 0, final: 16000, step: 8, loopDepth: 1, cumulative-num-iterations: 40000, look-ahead-ns: 74074
Called SetLoopLookahead: init: 0, final: 20, step: 1, loopDepth: 1, cumulative-num-iterations: 40000, look-ahead-ns: 237037
Called SetLoopLookahead: init: 0, final: 2000, step: 1, loopDepth: 2, cumulative-num-iterations: 80000000, look-ahead-ns: 177777776
Sending offset = 1300 to master !
Sending rows = 20 to master !
Sending result vector partition to master!
Sent results to master 
MSG: 13 Done.
Avg-Compute-Communication-Ratio = 4.083167

******************************************************
Received vector X and V from master 
Called SetLoopLookahead: init: 0, final: 16000, step: 8, loopDepth: 1, cumulative-num-iterations: 40000, look-ahead-ns: 74074
Called SetLoopLookahead: init: 0, final: 20, step: 1, loopDepth: 1, cumulative-num-iterations: 40000, look-ahead-ns: 237037
Called SetLoopLookahead: init: 0, final: 2000, step: 1, loopDepth: 2, cumulative-num-iterations: 80000000, look-ahead-ns: 177777776
Sending offset = 1300 to master !
Sending rows = 20 to master !
Sending result vector partition to master!
Sent results to master 
MSG: 14 Done.
Avg-Compute-Communication-Ratio = 4.076360

******************************************************
Received vector X and V from master 
Called SetLoopLookahead: init: 0, final: 16000, step: 8, loopDepth: 1, cumulative-num-iterations: 40000, look-ahead-ns: 74074
Called SetLoopLookahead: init: 0, final: 20, step: 1, loopDepth: 1, cumulative-num-iterations: 40000, look-ahead-ns: 237037
Called SetLoopLookahead: init: 0, final: 2000, step: 1, loopDepth: 2, cumulative-num-iterations: 80000000, look-ahead-ns: 177777776
Sending offset = 1300 to master !
Sending rows = 20 to master !
Sending result vector partition to master!
Sent results to master 
MSG: 15 Done.
Avg-Compute-Communication-Ratio = 4.054539

******************************************************
Received vector X and V from master 
Called SetLoopLookahead: init: 0, final: 16000, step: 8, loopDepth: 1, cumulative-num-iterations: 40000, look-ahead-ns: 74074
Called SetLoopLookahead: init: 0, final: 20, step: 1, loopDepth: 1, cumulative-num-iterations: 40000, look-ahead-ns: 237037
Called SetLoopLookahead: init: 0, final: 2000, step: 1, loopDepth: 2, cumulative-num-iterations: 80000000, look-ahead-ns: 177777776
Sending offset = 1300 to master !
Sending rows = 20 to master !
Sending result vector partition to master!
Sent results to master 
MSG: 16 Done.
Avg-Compute-Communication-Ratio = 4.064200

******************************************************
Received vector X and V from master 
Called SetLoopLookahead: init: 0, final: 16000, step: 8, loopDepth: 1, cumulative-num-iterations: 40000, look-ahead-ns: 74074
Called SetLoopLookahead: init: 0, final: 20, step: 1, loopDepth: 1, cumulative-num-iterations: 40000, look-ahead-ns: 237037
Called SetLoopLookahead: init: 0, final: 2000, step: 1, loopDepth: 2, cumulative-num-iterations: 80000000, look-ahead-ns: 177777776
Sending offset = 1300 to master !
Sending rows = 20 to master !
Sending result vector partition to master!
Sent results to master 
MSG: 17 Done.
Avg-Compute-Communication-Ratio = 4.057823

******************************************************
Received vector X and V from master 
Called SetLoopLookahead: init: 0, final: 16000, step: 8, loopDepth: 1, cumulative-num-iterations: 40000, look-ahead-ns: 74074
Called SetLoopLookahead: init: 0, final: 20, step: 1, loopDepth: 1, cumulative-num-iterations: 40000, look-ahead-ns: 237037
Called SetLoopLookahead: init: 0, final: 2000, step: 1, loopDepth: 2, cumulative-num-iterations: 80000000, look-ahead-ns: 177777776
Sending offset = 1300 to master !
Sending rows = 20 to master !
Sending result vector partition to master!
Sent results to master 
MSG: 18 Done.
Avg-Compute-Communication-Ratio = 4.052666

******************************************************
Received vector X and V from master 
Called SetLoopLookahead: init: 0, final: 16000, step: 8, loopDepth: 1, cumulative-num-iterations: 40000, look-ahead-ns: 74074
Called SetLoopLookahead: init: 0, final: 20, step: 1, loopDepth: 1, cumulative-num-iterations: 40000, look-ahead-ns: 237037
Called SetLoopLookahead: init: 0, final: 2000, step: 1, loopDepth: 2, cumulative-num-iterations: 80000000, look-ahead-ns: 177777776
Sending offset = 1300 to master !
Sending rows = 20 to master !
Sending result vector partition to master!
Sent results to master 
MSG: 19 Done.
Avg-Compute-Communication-Ratio = 4.049526

******************************************************
Received vector X and V from master 
Called SetLoopLookahead: init: 0, final: 16000, step: 8, loopDepth: 1, cumulative-num-iterations: 40000, look-ahead-ns: 74074
Called SetLoopLookahead: init: 0, final: 20, step: 1, loopDepth: 1, cumulative-num-iterations: 40000, look-ahead-ns: 237037
Called SetLoopLookahead: init: 0, final: 2000, step: 1, loopDepth: 2, cumulative-num-iterations: 80000000, look-ahead-ns: 177777776
Sending offset = 1300 to master !
Sending rows = 20 to master !
Sending result vector partition to master!
Sent results to master 
MSG: 20 Done.
Avg-Compute-Communication-Ratio = 4.045017

******************************************************
Received vector X and V from master 
Called SetLoopLookahead: init: 0, final: 16000, step: 8, loopDepth: 1, cumulative-num-iterations: 40000, look-ahead-ns: 74074
Called SetLoopLookahead: init: 0, final: 20, step: 1, loopDepth: 1, cumulative-num-iterations: 40000, look-ahead-ns: 237037
Called SetLoopLookahead: init: 0, final: 2000, step: 1, loopDepth: 2, cumulative-num-iterations: 80000000, look-ahead-ns: 177777776
Sending offset = 1300 to master !
Sending rows = 20 to master !
Sending result vector partition to master!
Sent results to master 
MSG: 21 Done.
Avg-Compute-Communication-Ratio = 4.040088

******************************************************
Received vector X and V from master 
Called SetLoopLookahead: init: 0, final: 16000, step: 8, loopDepth: 1, cumulative-num-iterations: 40000, look-ahead-ns: 74074
Called SetLoopLookahead: init: 0, final: 20, step: 1, loopDepth: 1, cumulative-num-iterations: 40000, look-ahead-ns: 237037
Called SetLoopLookahead: init: 0, final: 2000, step: 1, loopDepth: 2, cumulative-num-iterations: 80000000, look-ahead-ns: 177777776
Sending offset = 1300 to master !
Sending rows = 20 to master !
Sending result vector partition to master!
Sent results to master 
MSG: 22 Done.
Avg-Compute-Communication-Ratio = 4.040112

******************************************************
Received vector X and V from master 
Called SetLoopLookahead: init: 0, final: 16000, step: 8, loopDepth: 1, cumulative-num-iterations: 40000, look-ahead-ns: 74074
Called SetLoopLookahead: init: 0, final: 20, step: 1, loopDepth: 1, cumulative-num-iterations: 40000, look-ahead-ns: 237037
Called SetLoopLookahead: init: 0, final: 2000, step: 1, loopDepth: 2, cumulative-num-iterations: 80000000, look-ahead-ns: 177777776
Sending offset = 1300 to master !
Sending rows = 20 to master !
Sending result vector partition to master!
Sent results to master 
MSG: 23 Done.
Avg-Compute-Communication-Ratio = 4.035286

******************************************************
Received vector X and V from master 
Called SetLoopLookahead: init: 0, final: 16000, step: 8, loopDepth: 1, cumulative-num-iterations: 40000, look-ahead-ns: 74074
Called SetLoopLookahead: init: 0, final: 20, step: 1, loopDepth: 1, cumulative-num-iterations: 40000, look-ahead-ns: 237037
Called SetLoopLookahead: init: 0, final: 2000, step: 1, loopDepth: 2, cumulative-num-iterations: 80000000, look-ahead-ns: 177777776
Sending offset = 1300 to master !
Sending rows = 20 to master !
Sending result vector partition to master!
Sent results to master 
MSG: 24 Done.
Avg-Compute-Communication-Ratio = 4.036686

******************************************************
Received vector X and V from master 
Called SetLoopLookahead: init: 0, final: 16000, step: 8, loopDepth: 1, cumulative-num-iterations: 40000, look-ahead-ns: 74074
Called SetLoopLookahead: init: 0, final: 20, step: 1, loopDepth: 1, cumulative-num-iterations: 40000, look-ahead-ns: 237037
Called SetLoopLookahead: init: 0, final: 2000, step: 1, loopDepth: 2, cumulative-num-iterations: 80000000, look-ahead-ns: 177777776
Sending offset = 1300 to master !
Sending rows = 20 to master !
Sending result vector partition to master!
Sent results to master 
MSG: 25 Done.
Avg-Compute-Communication-Ratio = 4.034237

******************************************************
Received vector X and V from master 
Called SetLoopLookahead: init: 0, final: 16000, step: 8, loopDepth: 1, cumulative-num-iterations: 40000, look-ahead-ns: 74074
Called SetLoopLookahead: init: 0, final: 20, step: 1, loopDepth: 1, cumulative-num-iterations: 40000, look-ahead-ns: 237037
Called SetLoopLookahead: init: 0, final: 2000, step: 1, loopDepth: 2, cumulative-num-iterations: 80000000, look-ahead-ns: 177777776
Sending offset = 1300 to master !
Sending rows = 20 to master !
Sending result vector partition to master!
Sent results to master 
MSG: 26 Done.
Avg-Compute-Communication-Ratio = 4.031241

******************************************************
Received vector X and V from master 
Called SetLoopLookahead: init: 0, final: 16000, step: 8, loopDepth: 1, cumulative-num-iterations: 40000, look-ahead-ns: 74074
Called SetLoopLookahead: init: 0, final: 20, step: 1, loopDepth: 1, cumulative-num-iterations: 40000, look-ahead-ns: 237037
Called SetLoopLookahead: init: 0, final: 2000, step: 1, loopDepth: 2, cumulative-num-iterations: 80000000, look-ahead-ns: 177777776
Sending offset = 1300 to master !
Sending rows = 20 to master !
Sending result vector partition to master!
Sent results to master 
MSG: 27 Done.
Avg-Compute-Communication-Ratio = 4.031427

******************************************************
Received vector X and V from master 
Called SetLoopLookahead: init: 0, final: 16000, step: 8, loopDepth: 1, cumulative-num-iterations: 40000, look-ahead-ns: 74074
Called SetLoopLookahead: init: 0, final: 20, step: 1, loopDepth: 1, cumulative-num-iterations: 40000, look-ahead-ns: 237037
Called SetLoopLookahead: init: 0, final: 2000, step: 1, loopDepth: 2, cumulative-num-iterations: 80000000, look-ahead-ns: 177777776
Sending offset = 1300 to master !
Sending rows = 20 to master !
Sending result vector partition to master!
Sent results to master 
MSG: 28 Done.
Avg-Compute-Communication-Ratio = 4.029557

******************************************************
Received vector X and V from master 
Called SetLoopLookahead: init: 0, final: 16000, step: 8, loopDepth: 1, cumulative-num-iterations: 40000, look-ahead-ns: 74074
Called SetLoopLookahead: init: 0, final: 20, step: 1, loopDepth: 1, cumulative-num-iterations: 40000, look-ahead-ns: 237037
Called SetLoopLookahead: init: 0, final: 2000, step: 1, loopDepth: 2, cumulative-num-iterations: 80000000, look-ahead-ns: 177777776
Sending offset = 1300 to master !
Sending rows = 20 to master !
Sending result vector partition to master!
Sent results to master 
MSG: 29 Done.
Avg-Compute-Communication-Ratio = 4.026190

******************************************************
Received vector X and V from master 
Called SetLoopLookahead: init: 0, final: 16000, step: 8, loopDepth: 1, cumulative-num-iterations: 40000, look-ahead-ns: 74074
Called SetLoopLookahead: init: 0, final: 20, step: 1, loopDepth: 1, cumulative-num-iterations: 40000, look-ahead-ns: 237037
Called SetLoopLookahead: init: 0, final: 2000, step: 1, loopDepth: 2, cumulative-num-iterations: 80000000, look-ahead-ns: 177777776
Sending offset = 1300 to master !
Sending rows = 20 to master !
Sending result vector partition to master!
Sent results to master 
MSG: 30 Done.
Avg-Compute-Communication-Ratio = 4.025345

******************************************************
Received vector X and V from master 
Called SetLoopLookahead: init: 0, final: 16000, step: 8, loopDepth: 1, cumulative-num-iterations: 40000, look-ahead-ns: 74074
Called SetLoopLookahead: init: 0, final: 20, step: 1, loopDepth: 1, cumulative-num-iterations: 40000, look-ahead-ns: 237037
Called SetLoopLookahead: init: 0, final: 2000, step: 1, loopDepth: 2, cumulative-num-iterations: 80000000, look-ahead-ns: 177777776
Sending offset = 1300 to master !
Sending rows = 20 to master !
Sending result vector partition to master!
Sent results to master 
MSG: 31 Done.
Avg-Compute-Communication-Ratio = 4.024678

******************************************************
Received vector X and V from master 
Called SetLoopLookahead: init: 0, final: 16000, step: 8, loopDepth: 1, cumulative-num-iterations: 40000, look-ahead-ns: 74074
Called SetLoopLookahead: init: 0, final: 20, step: 1, loopDepth: 1, cumulative-num-iterations: 40000, look-ahead-ns: 237037
Called SetLoopLookahead: init: 0, final: 2000, step: 1, loopDepth: 2, cumulative-num-iterations: 80000000, look-ahead-ns: 177777776
Sending offset = 1300 to master !
Sending rows = 20 to master !
Sending result vector partition to master!
Sent results to master 
MSG: 32 Done.
Avg-Compute-Communication-Ratio = 4.022456

******************************************************
Received vector X and V from master 
Called SetLoopLookahead: init: 0, final: 16000, step: 8, loopDepth: 1, cumulative-num-iterations: 40000, look-ahead-ns: 74074
Called SetLoopLookahead: init: 0, final: 20, step: 1, loopDepth: 1, cumulative-num-iterations: 40000, look-ahead-ns: 237037
Called SetLoopLookahead: init: 0, final: 2000, step: 1, loopDepth: 2, cumulative-num-iterations: 80000000, look-ahead-ns: 177777776
Sending offset = 1300 to master !
Sending rows = 20 to master !
Sending result vector partition to master!
Sent results to master 
MSG: 33 Done.
Avg-Compute-Communication-Ratio = 4.019986

******************************************************
Received vector X and V from master 
Called SetLoopLookahead: init: 0, final: 16000, step: 8, loopDepth: 1, cumulative-num-iterations: 40000, look-ahead-ns: 74074
Called SetLoopLookahead: init: 0, final: 20, step: 1, loopDepth: 1, cumulative-num-iterations: 40000, look-ahead-ns: 237037
Called SetLoopLookahead: init: 0, final: 2000, step: 1, loopDepth: 2, cumulative-num-iterations: 80000000, look-ahead-ns: 177777776
Sending offset = 1300 to master !
Sending rows = 20 to master !
Sending result vector partition to master!
Sent results to master 
MSG: 34 Done.
Avg-Compute-Communication-Ratio = 4.018972

******************************************************
Received vector X and V from master 
Called SetLoopLookahead: init: 0, final: 16000, step: 8, loopDepth: 1, cumulative-num-iterations: 40000, look-ahead-ns: 74074
Called SetLoopLookahead: init: 0, final: 20, step: 1, loopDepth: 1, cumulative-num-iterations: 40000, look-ahead-ns: 237037
Called SetLoopLookahead: init: 0, final: 2000, step: 1, loopDepth: 2, cumulative-num-iterations: 80000000, look-ahead-ns: 177777776
Sending offset = 1300 to master !
Sending rows = 20 to master !
Sending result vector partition to master!
Sent results to master 
MSG: 35 Done.
Avg-Compute-Communication-Ratio = 4.017824

******************************************************
Received vector X and V from master 
Called SetLoopLookahead: init: 0, final: 16000, step: 8, loopDepth: 1, cumulative-num-iterations: 40000, look-ahead-ns: 74074
Called SetLoopLookahead: init: 0, final: 20, step: 1, loopDepth: 1, cumulative-num-iterations: 40000, look-ahead-ns: 237037
Called SetLoopLookahead: init: 0, final: 2000, step: 1, loopDepth: 2, cumulative-num-iterations: 80000000, look-ahead-ns: 177777776
Sending offset = 1300 to master !
Sending rows = 20 to master !
Sending result vector partition to master!
Sent results to master 
MSG: 36 Done.
Avg-Compute-Communication-Ratio = 4.015805

******************************************************
Received vector X and V from master 
Called SetLoopLookahead: init: 0, final: 16000, step: 8, loopDepth: 1, cumulative-num-iterations: 40000, look-ahead-ns: 74074
Called SetLoopLookahead: init: 0, final: 20, step: 1, loopDepth: 1, cumulative-num-iterations: 40000, look-ahead-ns: 237037
Called SetLoopLookahead: init: 0, final: 2000, step: 1, loopDepth: 2, cumulative-num-iterations: 80000000, look-ahead-ns: 177777776
Sending offset = 1300 to master !
Sending rows = 20 to master !
Sending result vector partition to master!
Sent results to master 
MSG: 37 Done.
Avg-Compute-Communication-Ratio = 4.014538

******************************************************
Received vector X and V from master 
Called SetLoopLookahead: init: 0, final: 16000, step: 8, loopDepth: 1, cumulative-num-iterations: 40000, look-ahead-ns: 74074
Called SetLoopLookahead: init: 0, final: 20, step: 1, loopDepth: 1, cumulative-num-iterations: 40000, look-ahead-ns: 237037
Called SetLoopLookahead: init: 0, final: 2000, step: 1, loopDepth: 2, cumulative-num-iterations: 80000000, look-ahead-ns: 177777776
Sending offset = 1300 to master !
Sending rows = 20 to master !
Sending result vector partition to master!
Sent results to master 
MSG: 38 Done.
Avg-Compute-Communication-Ratio = 4.013926

******************************************************
Received vector X and V from master 
Called SetLoopLookahead: init: 0, final: 16000, step: 8, loopDepth: 1, cumulative-num-iterations: 40000, look-ahead-ns: 74074
Called SetLoopLookahead: init: 0, final: 20, step: 1, loopDepth: 1, cumulative-num-iterations: 40000, look-ahead-ns: 237037
Called SetLoopLookahead: init: 0, final: 2000, step: 1, loopDepth: 2, cumulative-num-iterations: 80000000, look-ahead-ns: 177777776
Sending offset = 1300 to master !
Sending rows = 20 to master !
Sending result vector partition to master!
Sent results to master 
MSG: 39 Done.
Avg-Compute-Communication-Ratio = 4.012926

******************************************************
Received vector X and V from master 
Called SetLoopLookahead: init: 0, final: 16000, step: 8, loopDepth: 1, cumulative-num-iterations: 40000, look-ahead-ns: 74074
Called SetLoopLookahead: init: 0, final: 20, step: 1, loopDepth: 1, cumulative-num-iterations: 40000, look-ahead-ns: 237037
Called SetLoopLookahead: init: 0, final: 2000, step: 1, loopDepth: 2, cumulative-num-iterations: 80000000, look-ahead-ns: 177777776
Sending offset = 1300 to master !
Sending rows = 20 to master !
Sending result vector partition to master!
Sent results to master 
MSG: 40 Done.
Avg-Compute-Communication-Ratio = 4.011687

******************************************************
Received vector X and V from master 
Called SetLoopLookahead: init: 0, final: 16000, step: 8, loopDepth: 1, cumulative-num-iterations: 40000, look-ahead-ns: 74074
Called SetLoopLookahead: init: 0, final: 20, step: 1, loopDepth: 1, cumulative-num-iterations: 40000, look-ahead-ns: 237037
Called SetLoopLookahead: init: 0, final: 2000, step: 1, loopDepth: 2, cumulative-num-iterations: 80000000, look-ahead-ns: 177777776
Sending offset = 1300 to master !
Sending rows = 20 to master !
Sending result vector partition to master!
Sent results to master 
MSG: 41 Done.
Avg-Compute-Communication-Ratio = 4.010861

******************************************************
Received vector X and V from master 
Called SetLoopLookahead: init: 0, final: 16000, step: 8, loopDepth: 1, cumulative-num-iterations: 40000, look-ahead-ns: 74074
Called SetLoopLookahead: init: 0, final: 20, step: 1, loopDepth: 1, cumulative-num-iterations: 40000, look-ahead-ns: 237037
Called SetLoopLookahead: init: 0, final: 2000, step: 1, loopDepth: 2, cumulative-num-iterations: 80000000, look-ahead-ns: 177777776
Sending offset = 1300 to master !
Sending rows = 20 to master !
Sending result vector partition to master!
Sent results to master 
MSG: 42 Done.
Avg-Compute-Communication-Ratio = 4.009579

******************************************************
Received vector X and V from master 
Called SetLoopLookahead: init: 0, final: 16000, step: 8, loopDepth: 1, cumulative-num-iterations: 40000, look-ahead-ns: 74074
Called SetLoopLookahead: init: 0, final: 20, step: 1, loopDepth: 1, cumulative-num-iterations: 40000, look-ahead-ns: 237037
Called SetLoopLookahead: init: 0, final: 2000, step: 1, loopDepth: 2, cumulative-num-iterations: 80000000, look-ahead-ns: 177777776
Sending offset = 1300 to master !
Sending rows = 20 to master !
Sending result vector partition to master!
Sent results to master 
MSG: 43 Done.
Avg-Compute-Communication-Ratio = 4.009046

******************************************************
Received vector X and V from master 
Called SetLoopLookahead: init: 0, final: 16000, step: 8, loopDepth: 1, cumulative-num-iterations: 40000, look-ahead-ns: 74074
Called SetLoopLookahead: init: 0, final: 20, step: 1, loopDepth: 1, cumulative-num-iterations: 40000, look-ahead-ns: 237037
Called SetLoopLookahead: init: 0, final: 2000, step: 1, loopDepth: 2, cumulative-num-iterations: 80000000, look-ahead-ns: 177777776
Sending offset = 1300 to master !
Sending rows = 20 to master !
Sending result vector partition to master!
Sent results to master 
MSG: 44 Done.
Avg-Compute-Communication-Ratio = 4.008357

******************************************************
Received vector X and V from master 
Called SetLoopLookahead: init: 0, final: 16000, step: 8, loopDepth: 1, cumulative-num-iterations: 40000, look-ahead-ns: 74074
Called SetLoopLookahead: init: 0, final: 20, step: 1, loopDepth: 1, cumulative-num-iterations: 40000, look-ahead-ns: 237037
Called SetLoopLookahead: init: 0, final: 2000, step: 1, loopDepth: 2, cumulative-num-iterations: 80000000, look-ahead-ns: 177777776
Sending offset = 1300 to master !
Sending rows = 20 to master !
Sending result vector partition to master!
Sent results to master 
MSG: 45 Done.
Avg-Compute-Communication-Ratio = 4.008015

******************************************************
Received vector X and V from master 
Called SetLoopLookahead: init: 0, final: 16000, step: 8, loopDepth: 1, cumulative-num-iterations: 40000, look-ahead-ns: 74074
Called SetLoopLookahead: init: 0, final: 20, step: 1, loopDepth: 1, cumulative-num-iterations: 40000, look-ahead-ns: 237037
Called SetLoopLookahead: init: 0, final: 2000, step: 1, loopDepth: 2, cumulative-num-iterations: 80000000, look-ahead-ns: 177777776
Sending offset = 1300 to master !
Sending rows = 20 to master !
Sending result vector partition to master!
Sent results to master 
MSG: 46 Done.
Avg-Compute-Communication-Ratio = 4.007043

******************************************************
Received vector X and V from master 
Called SetLoopLookahead: init: 0, final: 16000, step: 8, loopDepth: 1, cumulative-num-iterations: 40000, look-ahead-ns: 74074
Called SetLoopLookahead: init: 0, final: 20, step: 1, loopDepth: 1, cumulative-num-iterations: 40000, look-ahead-ns: 237037
Called SetLoopLookahead: init: 0, final: 2000, step: 1, loopDepth: 2, cumulative-num-iterations: 80000000, look-ahead-ns: 177777776
Sending offset = 1300 to master !
Sending rows = 20 to master !
Sending result vector partition to master!
Sent results to master 
MSG: 47 Done.
Avg-Compute-Communication-Ratio = 4.005715

******************************************************
Received vector X and V from master 
Called SetLoopLookahead: init: 0, final: 16000, step: 8, loopDepth: 1, cumulative-num-iterations: 40000, look-ahead-ns: 74074
Called SetLoopLookahead: init: 0, final: 20, step: 1, loopDepth: 1, cumulative-num-iterations: 40000, look-ahead-ns: 237037
Called SetLoopLookahead: init: 0, final: 2000, step: 1, loopDepth: 2, cumulative-num-iterations: 80000000, look-ahead-ns: 177777776
Sending offset = 1300 to master !
Sending rows = 20 to master !
Sending result vector partition to master!
Sent results to master 
MSG: 48 Done.
Avg-Compute-Communication-Ratio = 4.004815

******************************************************
Received vector X and V from master 
Called SetLoopLookahead: init: 0, final: 16000, step: 8, loopDepth: 1, cumulative-num-iterations: 40000, look-ahead-ns: 74074
Called SetLoopLookahead: init: 0, final: 20, step: 1, loopDepth: 1, cumulative-num-iterations: 40000, look-ahead-ns: 237037
Called SetLoopLookahead: init: 0, final: 2000, step: 1, loopDepth: 2, cumulative-num-iterations: 80000000, look-ahead-ns: 177777776
Sending offset = 1300 to master !
Sending rows = 20 to master !
Sending result vector partition to master!
Sent results to master 
MSG: 49 Done.
Avg-Compute-Communication-Ratio = 4.011153

******************************************************
Received vector X and V from master 
Called SetLoopLookahead: init: 0, final: 16000, step: 8, loopDepth: 1, cumulative-num-iterations: 40000, look-ahead-ns: 74074
Called SetLoopLookahead: init: 0, final: 20, step: 1, loopDepth: 1, cumulative-num-iterations: 40000, look-ahead-ns: 237037
Called SetLoopLookahead: init: 0, final: 2000, step: 1, loopDepth: 2, cumulative-num-iterations: 80000000, look-ahead-ns: 177777776
Sending offset = 1300 to master !
Sending rows = 20 to master !
Sending result vector partition to master!
Sent results to master 
MSG: 50 Done.
Avg-Compute-Communication-Ratio = 4.005465

******************************************************
Received vector X and V from master 
Called SetLoopLookahead: init: 0, final: 16000, step: 8, loopDepth: 1, cumulative-num-iterations: 40000, look-ahead-ns: 74074
Called SetLoopLookahead: init: 0, final: 20, step: 1, loopDepth: 1, cumulative-num-iterations: 40000, look-ahead-ns: 237037
Called SetLoopLookahead: init: 0, final: 2000, step: 1, loopDepth: 2, cumulative-num-iterations: 80000000, look-ahead-ns: 177777776
Sending offset = 1300 to master !
Sending rows = 20 to master !
Sending result vector partition to master!
Sent results to master 
MSG: 51 Done.
Avg-Compute-Communication-Ratio = 4.008560

******************************************************
Received vector X and V from master 
Called SetLoopLookahead: init: 0, final: 16000, step: 8, loopDepth: 1, cumulative-num-iterations: 40000, look-ahead-ns: 74074
Called SetLoopLookahead: init: 0, final: 20, step: 1, loopDepth: 1, cumulative-num-iterations: 40000, look-ahead-ns: 237037
Called SetLoopLookahead: init: 0, final: 2000, step: 1, loopDepth: 2, cumulative-num-iterations: 80000000, look-ahead-ns: 177777776
Sending offset = 1300 to master !
Sending rows = 20 to master !
Sending result vector partition to master!
Sent results to master 
MSG: 52 Done.
Avg-Compute-Communication-Ratio = 4.003598

******************************************************
Received vector X and V from master 
Called SetLoopLookahead: init: 0, final: 16000, step: 8, loopDepth: 1, cumulative-num-iterations: 40000, look-ahead-ns: 74074
Called SetLoopLookahead: init: 0, final: 20, step: 1, loopDepth: 1, cumulative-num-iterations: 40000, look-ahead-ns: 237037
Called SetLoopLookahead: init: 0, final: 2000, step: 1, loopDepth: 2, cumulative-num-iterations: 80000000, look-ahead-ns: 177777776
Sending offset = 1300 to master !
Sending rows = 20 to master !
Sending result vector partition to master!
Sent results to master 
MSG: 53 Done.
Avg-Compute-Communication-Ratio = 4.007208

******************************************************
Received vector X and V from master 
Called SetLoopLookahead: init: 0, final: 16000, step: 8, loopDepth: 1, cumulative-num-iterations: 40000, look-ahead-ns: 74074
Called SetLoopLookahead: init: 0, final: 20, step: 1, loopDepth: 1, cumulative-num-iterations: 40000, look-ahead-ns: 237037
Called SetLoopLookahead: init: 0, final: 2000, step: 1, loopDepth: 2, cumulative-num-iterations: 80000000, look-ahead-ns: 177777776
Sending offset = 1300 to master !
Sending rows = 20 to master !
Sending result vector partition to master!
Sent results to master 
MSG: 54 Done.
Avg-Compute-Communication-Ratio = 4.006339

******************************************************
Received vector X and V from master 
Called SetLoopLookahead: init: 0, final: 16000, step: 8, loopDepth: 1, cumulative-num-iterations: 40000, look-ahead-ns: 74074
Called SetLoopLookahead: init: 0, final: 20, step: 1, loopDepth: 1, cumulative-num-iterations: 40000, look-ahead-ns: 237037
Called SetLoopLookahead: init: 0, final: 2000, step: 1, loopDepth: 2, cumulative-num-iterations: 80000000, look-ahead-ns: 177777776
Sending offset = 1300 to master !
Sending rows = 20 to master !
Sending result vector partition to master!
Sent results to master 
MSG: 55 Done.
Avg-Compute-Communication-Ratio = 4.005593

******************************************************
Received vector X and V from master 
Called SetLoopLookahead: init: 0, final: 16000, step: 8, loopDepth: 1, cumulative-num-iterations: 40000, look-ahead-ns: 74074
Called SetLoopLookahead: init: 0, final: 20, step: 1, loopDepth: 1, cumulative-num-iterations: 40000, look-ahead-ns: 237037
Called SetLoopLookahead: init: 0, final: 2000, step: 1, loopDepth: 2, cumulative-num-iterations: 80000000, look-ahead-ns: 177777776
Sending offset = 1300 to master !
Sending rows = 20 to master !
Sending result vector partition to master!
Sent results to master 
MSG: 56 Done.
Avg-Compute-Communication-Ratio = 4.004868

******************************************************
Received vector X and V from master 
Called SetLoopLookahead: init: 0, final: 16000, step: 8, loopDepth: 1, cumulative-num-iterations: 40000, look-ahead-ns: 74074
Called SetLoopLookahead: init: 0, final: 20, step: 1, loopDepth: 1, cumulative-num-iterations: 40000, look-ahead-ns: 237037
Called SetLoopLookahead: init: 0, final: 2000, step: 1, loopDepth: 2, cumulative-num-iterations: 80000000, look-ahead-ns: 177777776
Sending offset = 1300 to master !
Sending rows = 20 to master !
Sending result vector partition to master!
Sent results to master 
MSG: 57 Done.
Avg-Compute-Communication-Ratio = 4.005539

******************************************************
Received vector X and V from master 
Called SetLoopLookahead: init: 0, final: 16000, step: 8, loopDepth: 1, cumulative-num-iterations: 40000, look-ahead-ns: 74074
Called SetLoopLookahead: init: 0, final: 20, step: 1, loopDepth: 1, cumulative-num-iterations: 40000, look-ahead-ns: 237037
Called SetLoopLookahead: init: 0, final: 2000, step: 1, loopDepth: 2, cumulative-num-iterations: 80000000, look-ahead-ns: 177777776
Sending offset = 1300 to master !
Sending rows = 20 to master !
Sending result vector partition to master!
Sent results to master 
MSG: 58 Done.
Avg-Compute-Communication-Ratio = 4.005366

******************************************************
Received vector X and V from master 
Called SetLoopLookahead: init: 0, final: 16000, step: 8, loopDepth: 1, cumulative-num-iterations: 40000, look-ahead-ns: 74074
Called SetLoopLookahead: init: 0, final: 20, step: 1, loopDepth: 1, cumulative-num-iterations: 40000, look-ahead-ns: 237037
Called SetLoopLookahead: init: 0, final: 2000, step: 1, loopDepth: 2, cumulative-num-iterations: 80000000, look-ahead-ns: 177777776
Sending offset = 1300 to master !
Sending rows = 20 to master !
Sending result vector partition to master!
Sent results to master 
MSG: 59 Done.
Avg-Compute-Communication-Ratio = 4.004404

******************************************************
Received vector X and V from master 
Called SetLoopLookahead: init: 0, final: 16000, step: 8, loopDepth: 1, cumulative-num-iterations: 40000, look-ahead-ns: 74074
Called SetLoopLookahead: init: 0, final: 20, step: 1, loopDepth: 1, cumulative-num-iterations: 40000, look-ahead-ns: 237037
Called SetLoopLookahead: init: 0, final: 2000, step: 1, loopDepth: 2, cumulative-num-iterations: 80000000, look-ahead-ns: 177777776
Sending offset = 1300 to master !
Sending rows = 20 to master !
Sending result vector partition to master!
Sent results to master 
MSG: 60 Done.
Avg-Compute-Communication-Ratio = 4.003700

******************************************************
Received vector X and V from master 
Called SetLoopLookahead: init: 0, final: 16000, step: 8, loopDepth: 1, cumulative-num-iterations: 40000, look-ahead-ns: 74074
Called SetLoopLookahead: init: 0, final: 20, step: 1, loopDepth: 1, cumulative-num-iterations: 40000, look-ahead-ns: 237037
Called SetLoopLookahead: init: 0, final: 2000, step: 1, loopDepth: 2, cumulative-num-iterations: 80000000, look-ahead-ns: 177777776
Sending offset = 1300 to master !
Sending rows = 20 to master !
Sending result vector partition to master!
Sent results to master 
MSG: 61 Done.
Avg-Compute-Communication-Ratio = 4.002732

******************************************************
Received vector X and V from master 
Called SetLoopLookahead: init: 0, final: 16000, step: 8, loopDepth: 1, cumulative-num-iterations: 40000, look-ahead-ns: 74074
Called SetLoopLookahead: init: 0, final: 20, step: 1, loopDepth: 1, cumulative-num-iterations: 40000, look-ahead-ns: 237037
Called SetLoopLookahead: init: 0, final: 2000, step: 1, loopDepth: 2, cumulative-num-iterations: 80000000, look-ahead-ns: 177777776
Sending offset = 1300 to master !
Sending rows = 20 to master !
Sending result vector partition to master!
Sent results to master 
MSG: 62 Done.
Avg-Compute-Communication-Ratio = 4.001976

******************************************************
Received vector X and V from master 
Called SetLoopLookahead: init: 0, final: 16000, step: 8, loopDepth: 1, cumulative-num-iterations: 40000, look-ahead-ns: 74074
Called SetLoopLookahead: init: 0, final: 20, step: 1, loopDepth: 1, cumulative-num-iterations: 40000, look-ahead-ns: 237037
Called SetLoopLookahead: init: 0, final: 2000, step: 1, loopDepth: 2, cumulative-num-iterations: 80000000, look-ahead-ns: 177777776
Sending offset = 1300 to master !
Sending rows = 20 to master !
Sending result vector partition to master!
Sent results to master 
MSG: 63 Done.
Avg-Compute-Communication-Ratio = 4.001310

******************************************************
Received vector X and V from master 
Called SetLoopLookahead: init: 0, final: 16000, step: 8, loopDepth: 1, cumulative-num-iterations: 40000, look-ahead-ns: 74074
Called SetLoopLookahead: init: 0, final: 20, step: 1, loopDepth: 1, cumulative-num-iterations: 40000, look-ahead-ns: 237037
Called SetLoopLookahead: init: 0, final: 2000, step: 1, loopDepth: 2, cumulative-num-iterations: 80000000, look-ahead-ns: 177777776
Sending offset = 1300 to master !
Sending rows = 20 to master !
Sending result vector partition to master!
Sent results to master 
MSG: 64 Done.
Avg-Compute-Communication-Ratio = 4.001042

******************************************************
Received vector X and V from master 
Called SetLoopLookahead: init: 0, final: 16000, step: 8, loopDepth: 1, cumulative-num-iterations: 40000, look-ahead-ns: 74074
Called SetLoopLookahead: init: 0, final: 20, step: 1, loopDepth: 1, cumulative-num-iterations: 40000, look-ahead-ns: 237037
Called SetLoopLookahead: init: 0, final: 2000, step: 1, loopDepth: 2, cumulative-num-iterations: 80000000, look-ahead-ns: 177777776
Sending offset = 1300 to master !
Sending rows = 20 to master !
Sending result vector partition to master!
Sent results to master 
MSG: 65 Done.
Avg-Compute-Communication-Ratio = 4.000047

******************************************************
Received vector X and V from master 
Called SetLoopLookahead: init: 0, final: 16000, step: 8, loopDepth: 1, cumulative-num-iterations: 40000, look-ahead-ns: 74074
Called SetLoopLookahead: init: 0, final: 20, step: 1, loopDepth: 1, cumulative-num-iterations: 40000, look-ahead-ns: 237037
Called SetLoopLookahead: init: 0, final: 2000, step: 1, loopDepth: 2, cumulative-num-iterations: 80000000, look-ahead-ns: 177777776
Sending offset = 1300 to master !
Sending rows = 20 to master !
Sending result vector partition to master!
Sent results to master 
MSG: 66 Done.
Avg-Compute-Communication-Ratio = 3.998917

******************************************************
Received vector X and V from master 
Called SetLoopLookahead: init: 0, final: 16000, step: 8, loopDepth: 1, cumulative-num-iterations: 40000, look-ahead-ns: 74074
Called SetLoopLookahead: init: 0, final: 20, step: 1, loopDepth: 1, cumulative-num-iterations: 40000, look-ahead-ns: 237037
Called SetLoopLookahead: init: 0, final: 2000, step: 1, loopDepth: 2, cumulative-num-iterations: 80000000, look-ahead-ns: 177777776
Sending offset = 1300 to master !
Sending rows = 20 to master !
Sending result vector partition to master!
Sent results to master 
MSG: 67 Done.
Avg-Compute-Communication-Ratio = 3.998005

******************************************************
Received vector X and V from master 
Called SetLoopLookahead: init: 0, final: 16000, step: 8, loopDepth: 1, cumulative-num-iterations: 40000, look-ahead-ns: 74074
Called SetLoopLookahead: init: 0, final: 20, step: 1, loopDepth: 1, cumulative-num-iterations: 40000, look-ahead-ns: 237037
Called SetLoopLookahead: init: 0, final: 2000, step: 1, loopDepth: 2, cumulative-num-iterations: 80000000, look-ahead-ns: 177777776
Sending offset = 1300 to master !
Sending rows = 20 to master !
Sending result vector partition to master!
Sent results to master 
MSG: 68 Done.
Avg-Compute-Communication-Ratio = 3.997194

******************************************************
Received vector X and V from master 
Called SetLoopLookahead: init: 0, final: 16000, step: 8, loopDepth: 1, cumulative-num-iterations: 40000, look-ahead-ns: 74074
Called SetLoopLookahead: init: 0, final: 20, step: 1, loopDepth: 1, cumulative-num-iterations: 40000, look-ahead-ns: 237037
Called SetLoopLookahead: init: 0, final: 2000, step: 1, loopDepth: 2, cumulative-num-iterations: 80000000, look-ahead-ns: 177777776
Sending offset = 1300 to master !
Sending rows = 20 to master !
Sending result vector partition to master!
Sent results to master 
MSG: 69 Done.
Avg-Compute-Communication-Ratio = 3.996612

******************************************************
Received vector X and V from master 
Called SetLoopLookahead: init: 0, final: 16000, step: 8, loopDepth: 1, cumulative-num-iterations: 40000, look-ahead-ns: 74074
Called SetLoopLookahead: init: 0, final: 20, step: 1, loopDepth: 1, cumulative-num-iterations: 40000, look-ahead-ns: 237037
Called SetLoopLookahead: init: 0, final: 2000, step: 1, loopDepth: 2, cumulative-num-iterations: 80000000, look-ahead-ns: 177777776
Sending offset = 1300 to master !
Sending rows = 20 to master !
Sending result vector partition to master!
Sent results to master 
MSG: 70 Done.
Avg-Compute-Communication-Ratio = 4.000144

******************************************************
Received vector X and V from master 
Called SetLoopLookahead: init: 0, final: 16000, step: 8, loopDepth: 1, cumulative-num-iterations: 40000, look-ahead-ns: 74074
Called SetLoopLookahead: init: 0, final: 20, step: 1, loopDepth: 1, cumulative-num-iterations: 40000, look-ahead-ns: 237037
Called SetLoopLookahead: init: 0, final: 2000, step: 1, loopDepth: 2, cumulative-num-iterations: 80000000, look-ahead-ns: 177777776
Sending offset = 1300 to master !
Sending rows = 20 to master !
Sending result vector partition to master!
Sent results to master 
MSG: 71 Done.
Avg-Compute-Communication-Ratio = 3.999119

******************************************************
Received vector X and V from master 
Called SetLoopLookahead: init: 0, final: 16000, step: 8, loopDepth: 1, cumulative-num-iterations: 40000, look-ahead-ns: 74074
Called SetLoopLookahead: init: 0, final: 20, step: 1, loopDepth: 1, cumulative-num-iterations: 40000, look-ahead-ns: 237037
Called SetLoopLookahead: init: 0, final: 2000, step: 1, loopDepth: 2, cumulative-num-iterations: 80000000, look-ahead-ns: 177777776
Sending offset = 1300 to master !
Sending rows = 20 to master !
Sending result vector partition to master!
Sent results to master 
MSG: 72 Done.
Avg-Compute-Communication-Ratio = 3.998137

******************************************************
Received vector X and V from master 
Called SetLoopLookahead: init: 0, final: 16000, step: 8, loopDepth: 1, cumulative-num-iterations: 40000, look-ahead-ns: 74074
Called SetLoopLookahead: init: 0, final: 20, step: 1, loopDepth: 1, cumulative-num-iterations: 40000, look-ahead-ns: 237037
Called SetLoopLookahead: init: 0, final: 2000, step: 1, loopDepth: 2, cumulative-num-iterations: 80000000, look-ahead-ns: 177777776
Sending offset = 1300 to master !
Sending rows = 20 to master !
Sending result vector partition to master!
Sent results to master 
MSG: 73 Done.
Avg-Compute-Communication-Ratio = 3.999034

******************************************************
Received vector X and V from master 
Called SetLoopLookahead: init: 0, final: 16000, step: 8, loopDepth: 1, cumulative-num-iterations: 40000, look-ahead-ns: 74074
Called SetLoopLookahead: init: 0, final: 20, step: 1, loopDepth: 1, cumulative-num-iterations: 40000, look-ahead-ns: 237037
Called SetLoopLookahead: init: 0, final: 2000, step: 1, loopDepth: 2, cumulative-num-iterations: 80000000, look-ahead-ns: 177777776
Sending offset = 1300 to master !
Sending rows = 20 to master !
Sending result vector partition to master!
Sent results to master 
MSG: 74 Done.
Avg-Compute-Communication-Ratio = 4.001502

******************************************************
Received vector X and V from master 
Called SetLoopLookahead: init: 0, final: 16000, step: 8, loopDepth: 1, cumulative-num-iterations: 40000, look-ahead-ns: 74074
Called SetLoopLookahead: init: 0, final: 20, step: 1, loopDepth: 1, cumulative-num-iterations: 40000, look-ahead-ns: 237037
Called SetLoopLookahead: init: 0, final: 2000, step: 1, loopDepth: 2, cumulative-num-iterations: 80000000, look-ahead-ns: 177777776
Sending offset = 1300 to master !
Sending rows = 20 to master !
Sending result vector partition to master!
Sent results to master 
MSG: 75 Done.
Avg-Compute-Communication-Ratio = 4.004701

******************************************************
Received vector X and V from master 
Called SetLoopLookahead: init: 0, final: 16000, step: 8, loopDepth: 1, cumulative-num-iterations: 40000, look-ahead-ns: 74074
Called SetLoopLookahead: init: 0, final: 20, step: 1, loopDepth: 1, cumulative-num-iterations: 40000, look-ahead-ns: 237037
Called SetLoopLookahead: init: 0, final: 2000, step: 1, loopDepth: 2, cumulative-num-iterations: 80000000, look-ahead-ns: 177777776
Sending offset = 1300 to master !
Sending rows = 20 to master !
Sending result vector partition to master!
Sent results to master 
MSG: 76 Done.
Avg-Compute-Communication-Ratio = 4.007894

******************************************************
Received vector X and V from master 
Called SetLoopLookahead: init: 0, final: 16000, step: 8, loopDepth: 1, cumulative-num-iterations: 40000, look-ahead-ns: 74074
Called SetLoopLookahead: init: 0, final: 20, step: 1, loopDepth: 1, cumulative-num-iterations: 40000, look-ahead-ns: 237037
Called SetLoopLookahead: init: 0, final: 2000, step: 1, loopDepth: 2, cumulative-num-iterations: 80000000, look-ahead-ns: 177777776
Sending offset = 1300 to master !
Sending rows = 20 to master !
Sending result vector partition to master!
Sent results to master 
MSG: 77 Done.
Avg-Compute-Communication-Ratio = 4.007375

******************************************************
Received vector X and V from master 
Called SetLoopLookahead: init: 0, final: 16000, step: 8, loopDepth: 1, cumulative-num-iterations: 40000, look-ahead-ns: 74074
Called SetLoopLookahead: init: 0, final: 20, step: 1, loopDepth: 1, cumulative-num-iterations: 40000, look-ahead-ns: 237037
Called SetLoopLookahead: init: 0, final: 2000, step: 1, loopDepth: 2, cumulative-num-iterations: 80000000, look-ahead-ns: 177777776
Sending offset = 1300 to master !
Sending rows = 20 to master !
Sending result vector partition to master!
Sent results to master 
MSG: 78 Done.
Avg-Compute-Communication-Ratio = 4.006366

******************************************************
Received vector X and V from master 
Called SetLoopLookahead: init: 0, final: 16000, step: 8, loopDepth: 1, cumulative-num-iterations: 40000, look-ahead-ns: 74074
Called SetLoopLookahead: init: 0, final: 20, step: 1, loopDepth: 1, cumulative-num-iterations: 40000, look-ahead-ns: 237037
Called SetLoopLookahead: init: 0, final: 2000, step: 1, loopDepth: 2, cumulative-num-iterations: 80000000, look-ahead-ns: 177777776
Sending offset = 1300 to master !
Sending rows = 20 to master !
Sending result vector partition to master!
Sent results to master 
MSG: 79 Done.
Avg-Compute-Communication-Ratio = 4.005754

******************************************************
Received vector X and V from master 
Called SetLoopLookahead: init: 0, final: 16000, step: 8, loopDepth: 1, cumulative-num-iterations: 40000, look-ahead-ns: 74074
Called SetLoopLookahead: init: 0, final: 20, step: 1, loopDepth: 1, cumulative-num-iterations: 40000, look-ahead-ns: 237037
Called SetLoopLookahead: init: 0, final: 2000, step: 1, loopDepth: 2, cumulative-num-iterations: 80000000, look-ahead-ns: 177777776
Sending offset = 1300 to master !
Sending rows = 20 to master !
Sending result vector partition to master!
Sent results to master 
MSG: 80 Done.
Avg-Compute-Communication-Ratio = 4.008885

******************************************************
Received vector X and V from master 
Called SetLoopLookahead: init: 0, final: 16000, step: 8, loopDepth: 1, cumulative-num-iterations: 40000, look-ahead-ns: 74074
Called SetLoopLookahead: init: 0, final: 20, step: 1, loopDepth: 1, cumulative-num-iterations: 40000, look-ahead-ns: 237037
Called SetLoopLookahead: init: 0, final: 2000, step: 1, loopDepth: 2, cumulative-num-iterations: 80000000, look-ahead-ns: 177777776
Sending offset = 1300 to master !
Sending rows = 20 to master !
Sending result vector partition to master!
Sent results to master 
MSG: 81 Done.
Avg-Compute-Communication-Ratio = 4.008477

******************************************************
Received vector X and V from master 
Called SetLoopLookahead: init: 0, final: 16000, step: 8, loopDepth: 1, cumulative-num-iterations: 40000, look-ahead-ns: 74074
Called SetLoopLookahead: init: 0, final: 20, step: 1, loopDepth: 1, cumulative-num-iterations: 40000, look-ahead-ns: 237037
Called SetLoopLookahead: init: 0, final: 2000, step: 1, loopDepth: 2, cumulative-num-iterations: 80000000, look-ahead-ns: 177777776
Sending offset = 1300 to master !
Sending rows = 20 to master !
Sending result vector partition to master!
Sent results to master 
MSG: 82 Done.
Avg-Compute-Communication-Ratio = 4.014333

******************************************************
Received vector X and V from master 
Called SetLoopLookahead: init: 0, final: 16000, step: 8, loopDepth: 1, cumulative-num-iterations: 40000, look-ahead-ns: 74074
Called SetLoopLookahead: init: 0, final: 20, step: 1, loopDepth: 1, cumulative-num-iterations: 40000, look-ahead-ns: 237037
Called SetLoopLookahead: init: 0, final: 2000, step: 1, loopDepth: 2, cumulative-num-iterations: 80000000, look-ahead-ns: 177777776
Sending offset = 1300 to master !
Sending rows = 20 to master !
Sending result vector partition to master!
Sent results to master 
MSG: 83 Done.
Avg-Compute-Communication-Ratio = 4.017138

******************************************************
Received vector X and V from master 
Called SetLoopLookahead: init: 0, final: 16000, step: 8, loopDepth: 1, cumulative-num-iterations: 40000, look-ahead-ns: 74074
Called SetLoopLookahead: init: 0, final: 20, step: 1, loopDepth: 1, cumulative-num-iterations: 40000, look-ahead-ns: 237037
Called SetLoopLookahead: init: 0, final: 2000, step: 1, loopDepth: 2, cumulative-num-iterations: 80000000, look-ahead-ns: 177777776
Sending offset = 1300 to master !
Sending rows = 20 to master !
Sending result vector partition to master!
Sent results to master 
MSG: 84 Done.
Avg-Compute-Communication-Ratio = 4.016178

******************************************************
Received vector X and V from master 
Called SetLoopLookahead: init: 0, final: 16000, step: 8, loopDepth: 1, cumulative-num-iterations: 40000, look-ahead-ns: 74074
Called SetLoopLookahead: init: 0, final: 20, step: 1, loopDepth: 1, cumulative-num-iterations: 40000, look-ahead-ns: 237037
Called SetLoopLookahead: init: 0, final: 2000, step: 1, loopDepth: 2, cumulative-num-iterations: 80000000, look-ahead-ns: 177777776
Exp finishing. Stopping stack thread with id: 6!

------------------------- ACTUAL STDOUT FROM EXECUTABLE ENDED -----------------------------

Process: 6 exiting VT experiment !
Main thread exiting. PID = 6
