Attempting to set static arp entries ...
Tracer: 9 >> Using SRC IP: 10.1.37.94 for any spawned virtual tcp-stacks
Tracer: 9 >> Updating firewall rules to drop outgoing TCP-RST packets
Attempting to set firewall rules ...
Tracer: 9 >> CMD TO RUN: /home/vignesh/VT-S3FNet/csudp/mpi_matrix/mpi_mm 8 101 10.1.37.94 > /home/vignesh/VT-S3FNet/experiment-data/MPI_LA_Enabled_nemus_101_mpi_mm/worker8.log
args[0] = /home/vignesh/VT-S3FNet/csudp/mpi_matrix/mpi_mm
args[1] = 8
args[2] = 101
args[3] = 10.1.37.94
Setting appropriate environment variables ...
HOME DIRECTORY : /home/vignesh
Parsing TTN config file: /home/vignesh/.ttn/projects.db
Setting VT_L1_INS_CACHE_MISS_CYCLES to: 100
Setting VT_L1_INS_CACHE_LINES to: 64
Setting VT_L1_INS_CACHE_SIZE_KB to: 32
Setting VT_L1_INS_CACHE_ASSOC to: 8
Setting VT_L1_INS_CACHE_REPLACEMENT_POLICY to: LRU
Setting VT_L1_DATA_CACHE_MISS_CYCLES to: 100
Setting VT_L1_DATA_CACHE_LINES to: 64
Setting VT_L1_DATA_CACHE_SIZE_KB to: 32
Setting VT_L1_DATA_CACHE_ASSOC to: 8
Setting VT_L1_DATA_CACHE_REPLACEMENT_POLICY to: LRU
Setting VT_CPU_CYLES_NS to: 2.700000
Setting VT_NIC_SPEED_MBPS to: 1000.000000
Setting VT_TIMING_MODEL to: EMPIRICAL
Setting VT_BBL_LOOKAHEAD_FILE to: /home/vignesh/VT-S3FNet/csudp/mpi_matrix/.ttn/lookahead/bbl_lookahead.info
Setting VT_LOOP_LOOKAHEAD_FILE to: /home/vignesh/VT-S3FNet/csudp/mpi_matrix/.ttn/lookahead/loop_lookahead.info
Starting command: /home/vignesh/VT-S3FNet/csudp/mpi_matrix/mpi_mm
Loading orig functions !
Starting executable with Pid = 6
Loading pointers to VTL Logic functions
Loaded pointers to all VTL Logic functions
Now Initializing VT-Management 
Extracting env variables !
Extracted tracer-id: 9
Extracted exp-type: 2
Extracted cpu-cycles-ns: 2.700000
Extracted socket-layer-ip: 1579483402
Starting VT-initialization !
Tracer-ID: 9, Timeline-ID: 9
Tracer registration for EXP_CS complete. TimelineID = 9, Return = 9
Tracer Adding to SQ. Tracer ID = 9
Parsing any provided lookahead information ...
Opening file: /home/vignesh/VT-S3FNet/csudp/mpi_matrix/.ttn/lookahead/bbl_lookahead.info
File size: 344
mapped memblock size: 344
Finish offset: 39, Number of values: 39
Returning success !
Loaded BBL lookaheads for 39 basic blocks ...
Opening file: /home/vignesh/VT-S3FNet/csudp/mpi_matrix/.ttn/lookahead/loop_lookahead.info
File size: 128
mapped memblock size: 128
Finish offset: 12, Number of values: 12
Returning success !
Loaded Loop lookaheads for 12 loops ...
VT initialization successfull !
Finished Initializing VT-Management 
Initializing TCP-stack ...
TCP stack unique-id: 96
Starting virtual socket layer stack-thread !
Pthread_create: vtStackThread special case
Successfully initialized VTL-Logic embedded into the executable

------------------------- ACTUAL STDOUT FROM EXECUTABLE STARTS -----------------------------

Rank = 8, Total = 101, IP = 10.1.37.94
Adding new vt-tcp-socket !
Creating vt-tcp socket !
bind through vt-tcp !
Server socket bound to ip:port: 10.1.37.94:10000
Waiting for OK message from other nodes !
Waiting for OK message !
listen through vt-tcp !
Accept through vt-tcp !
Successfully received OK message !

---------------- Waiting for higher ranked nodes to connect --------------
listen through vt-tcp !
Accepting connection from higher ranked node: 100
Accept through vt-tcp !
Accepted connection from higher ranked node: 100
Successfully connected with higher ranked node: 100
Accepting connection from higher ranked node: 99
Accept through vt-tcp !
Accepted connection from higher ranked node: 99
Successfully connected with higher ranked node: 99
Accepting connection from higher ranked node: 98
Accept through vt-tcp !
Accepted connection from higher ranked node: 98
Successfully connected with higher ranked node: 98
Accepting connection from higher ranked node: 97
Accept through vt-tcp !
Accepted connection from higher ranked node: 97
Successfully connected with higher ranked node: 97
Accepting connection from higher ranked node: 96
Accept through vt-tcp !
Accepted connection from higher ranked node: 96
Successfully connected with higher ranked node: 96
Accepting connection from higher ranked node: 95
Accept through vt-tcp !
Accepted connection from higher ranked node: 95
Successfully connected with higher ranked node: 95
Accepting connection from higher ranked node: 94
Accept through vt-tcp !
Accepted connection from higher ranked node: 94
Successfully connected with higher ranked node: 94
Accepting connection from higher ranked node: 93
Accept through vt-tcp !
Accepted connection from higher ranked node: 93
Successfully connected with higher ranked node: 93
Accepting connection from higher ranked node: 92
Accept through vt-tcp !
Accepted connection from higher ranked node: 92
Successfully connected with higher ranked node: 92
Accepting connection from higher ranked node: 91
Accept through vt-tcp !
Accepted connection from higher ranked node: 91
Successfully connected with higher ranked node: 91
Accepting connection from higher ranked node: 90
Accept through vt-tcp !
Accepted connection from higher ranked node: 90
Successfully connected with higher ranked node: 90
Accepting connection from higher ranked node: 89
Accept through vt-tcp !
Accepted connection from higher ranked node: 89
Successfully connected with higher ranked node: 89
Accepting connection from higher ranked node: 88
Accept through vt-tcp !
Accepted connection from higher ranked node: 88
Successfully connected with higher ranked node: 88
Accepting connection from higher ranked node: 87
Accept through vt-tcp !
Accepted connection from higher ranked node: 87
Successfully connected with higher ranked node: 87
Accepting connection from higher ranked node: 86
Accept through vt-tcp !
Accepted connection from higher ranked node: 86
Successfully connected with higher ranked node: 86
Accepting connection from higher ranked node: 85
Accept through vt-tcp !
Accepted connection from higher ranked node: 85
Successfully connected with higher ranked node: 85
Accepting connection from higher ranked node: 84
Accept through vt-tcp !
Accepted connection from higher ranked node: 84
Successfully connected with higher ranked node: 84
Accepting connection from higher ranked node: 83
Accept through vt-tcp !
Accepted connection from higher ranked node: 83
Successfully connected with higher ranked node: 83
Accepting connection from higher ranked node: 82
Accept through vt-tcp !
Accepted connection from higher ranked node: 82
Successfully connected with higher ranked node: 82
Accepting connection from higher ranked node: 81
Accept through vt-tcp !
Accepted connection from higher ranked node: 81
Successfully connected with higher ranked node: 81
Accepting connection from higher ranked node: 80
Accept through vt-tcp !
Accepted connection from higher ranked node: 80
Successfully connected with higher ranked node: 80
Accepting connection from higher ranked node: 79
Accept through vt-tcp !
Accepted connection from higher ranked node: 79
Successfully connected with higher ranked node: 79
Accepting connection from higher ranked node: 78
Accept through vt-tcp !
Accepted connection from higher ranked node: 78
Successfully connected with higher ranked node: 78
Accepting connection from higher ranked node: 77
Accept through vt-tcp !
Accepted connection from higher ranked node: 77
Successfully connected with higher ranked node: 77
Accepting connection from higher ranked node: 76
Accept through vt-tcp !
Accepted connection from higher ranked node: 76
Successfully connected with higher ranked node: 76
Accepting connection from higher ranked node: 75
Accept through vt-tcp !
Accepted connection from higher ranked node: 75
Successfully connected with higher ranked node: 75
Accepting connection from higher ranked node: 74
Accept through vt-tcp !
Accepted connection from higher ranked node: 74
Successfully connected with higher ranked node: 74
Accepting connection from higher ranked node: 73
Accept through vt-tcp !
Accepted connection from higher ranked node: 73
Successfully connected with higher ranked node: 73
Accepting connection from higher ranked node: 72
Accept through vt-tcp !
Accepted connection from higher ranked node: 72
Successfully connected with higher ranked node: 72
Accepting connection from higher ranked node: 71
Accept through vt-tcp !
Accepted connection from higher ranked node: 71
Successfully connected with higher ranked node: 71
Accepting connection from higher ranked node: 70
Accept through vt-tcp !
Accepted connection from higher ranked node: 70
Successfully connected with higher ranked node: 70
Accepting connection from higher ranked node: 69
Accept through vt-tcp !
Accepted connection from higher ranked node: 69
Successfully connected with higher ranked node: 69
Accepting connection from higher ranked node: 68
Accept through vt-tcp !
Accepted connection from higher ranked node: 68
Successfully connected with higher ranked node: 68
Accepting connection from higher ranked node: 67
Accept through vt-tcp !
Accepted connection from higher ranked node: 67
Successfully connected with higher ranked node: 67
Accepting connection from higher ranked node: 66
Accept through vt-tcp !
Accepted connection from higher ranked node: 66
Successfully connected with higher ranked node: 66
Accepting connection from higher ranked node: 65
Accept through vt-tcp !
Accepted connection from higher ranked node: 65
Successfully connected with higher ranked node: 65
Accepting connection from higher ranked node: 64
Accept through vt-tcp !
Accepted connection from higher ranked node: 64
Successfully connected with higher ranked node: 64
Accepting connection from higher ranked node: 63
Accept through vt-tcp !
Accepted connection from higher ranked node: 63
Successfully connected with higher ranked node: 63
Accepting connection from higher ranked node: 62
Accept through vt-tcp !
Accepted connection from higher ranked node: 62
Successfully connected with higher ranked node: 62
Accepting connection from higher ranked node: 61
Accept through vt-tcp !
Accepted connection from higher ranked node: 61
Successfully connected with higher ranked node: 61
Accepting connection from higher ranked node: 60
Accept through vt-tcp !
Accepted connection from higher ranked node: 60
Successfully connected with higher ranked node: 60
Accepting connection from higher ranked node: 59
Accept through vt-tcp !
Accepted connection from higher ranked node: 59
Successfully connected with higher ranked node: 59
Accepting connection from higher ranked node: 58
Accept through vt-tcp !
Accepted connection from higher ranked node: 58
Successfully connected with higher ranked node: 58
Accepting connection from higher ranked node: 57
Accept through vt-tcp !
Accepted connection from higher ranked node: 57
Successfully connected with higher ranked node: 57
Accepting connection from higher ranked node: 56
Accept through vt-tcp !
Accepted connection from higher ranked node: 56
Successfully connected with higher ranked node: 56
Accepting connection from higher ranked node: 55
Accept through vt-tcp !
Accepted connection from higher ranked node: 55
Successfully connected with higher ranked node: 55
Accepting connection from higher ranked node: 54
Accept through vt-tcp !
Accepted connection from higher ranked node: 54
Successfully connected with higher ranked node: 54
Accepting connection from higher ranked node: 53
Accept through vt-tcp !
Accepted connection from higher ranked node: 53
Successfully connected with higher ranked node: 53
Accepting connection from higher ranked node: 52
Accept through vt-tcp !
Accepted connection from higher ranked node: 52
Successfully connected with higher ranked node: 52
Accepting connection from higher ranked node: 51
Accept through vt-tcp !
Accepted connection from higher ranked node: 51
Successfully connected with higher ranked node: 51
Accepting connection from higher ranked node: 50
Accept through vt-tcp !
Accepted connection from higher ranked node: 50
Successfully connected with higher ranked node: 50
Accepting connection from higher ranked node: 49
Accept through vt-tcp !
Accepted connection from higher ranked node: 49
Successfully connected with higher ranked node: 49
Accepting connection from higher ranked node: 48
Accept through vt-tcp !
Accepted connection from higher ranked node: 48
Successfully connected with higher ranked node: 48
Accepting connection from higher ranked node: 47
Accept through vt-tcp !
Accepted connection from higher ranked node: 47
Successfully connected with higher ranked node: 47
Accepting connection from higher ranked node: 46
Accept through vt-tcp !
Accepted connection from higher ranked node: 46
Successfully connected with higher ranked node: 46
Accepting connection from higher ranked node: 45
Accept through vt-tcp !
Accepted connection from higher ranked node: 45
Successfully connected with higher ranked node: 45
Accepting connection from higher ranked node: 44
Accept through vt-tcp !
Accepted connection from higher ranked node: 44
Successfully connected with higher ranked node: 44
Accepting connection from higher ranked node: 43
Accept through vt-tcp !
Accepted connection from higher ranked node: 43
Successfully connected with higher ranked node: 43
Accepting connection from higher ranked node: 42
Accept through vt-tcp !
Accepted connection from higher ranked node: 42
Successfully connected with higher ranked node: 42
Accepting connection from higher ranked node: 41
Accept through vt-tcp !
Accepted connection from higher ranked node: 41
Successfully connected with higher ranked node: 41
Accepting connection from higher ranked node: 40
Accept through vt-tcp !
Accepted connection from higher ranked node: 40
Successfully connected with higher ranked node: 40
Accepting connection from higher ranked node: 39
Accept through vt-tcp !
Accepted connection from higher ranked node: 39
Successfully connected with higher ranked node: 39
Accepting connection from higher ranked node: 38
Accept through vt-tcp !
Accepted connection from higher ranked node: 38
Successfully connected with higher ranked node: 38
Accepting connection from higher ranked node: 37
Accept through vt-tcp !
Accepted connection from higher ranked node: 37
Successfully connected with higher ranked node: 37
Accepting connection from higher ranked node: 36
Accept through vt-tcp !
Accepted connection from higher ranked node: 36
Successfully connected with higher ranked node: 36
Accepting connection from higher ranked node: 35
Accept through vt-tcp !
Accepted connection from higher ranked node: 35
Successfully connected with higher ranked node: 35
Accepting connection from higher ranked node: 34
Accept through vt-tcp !
Accepted connection from higher ranked node: 34
Successfully connected with higher ranked node: 34
Accepting connection from higher ranked node: 33
Accept through vt-tcp !
Accepted connection from higher ranked node: 33
Successfully connected with higher ranked node: 33
Accepting connection from higher ranked node: 32
Accept through vt-tcp !
Accepted connection from higher ranked node: 32
Successfully connected with higher ranked node: 32
Accepting connection from higher ranked node: 31
Accept through vt-tcp !
Accepted connection from higher ranked node: 31
Successfully connected with higher ranked node: 31
Accepting connection from higher ranked node: 30
Accept through vt-tcp !
Accepted connection from higher ranked node: 30
Successfully connected with higher ranked node: 30
Accepting connection from higher ranked node: 29
Accept through vt-tcp !
Accepted connection from higher ranked node: 29
Successfully connected with higher ranked node: 29
Accepting connection from higher ranked node: 28
Accept through vt-tcp !
Accepted connection from higher ranked node: 28
Successfully connected with higher ranked node: 28
Accepting connection from higher ranked node: 27
Accept through vt-tcp !
Accepted connection from higher ranked node: 27
Successfully connected with higher ranked node: 27
Accepting connection from higher ranked node: 26
Accept through vt-tcp !
Accepted connection from higher ranked node: 26
Successfully connected with higher ranked node: 26
Accepting connection from higher ranked node: 25
Accept through vt-tcp !
Accepted connection from higher ranked node: 25
Successfully connected with higher ranked node: 25
Accepting connection from higher ranked node: 24
Accept through vt-tcp !
Accepted connection from higher ranked node: 24
Successfully connected with higher ranked node: 24
Accepting connection from higher ranked node: 23
Accept through vt-tcp !
Accepted connection from higher ranked node: 23
Successfully connected with higher ranked node: 23
Accepting connection from higher ranked node: 22
Accept through vt-tcp !
Accepted connection from higher ranked node: 22
Successfully connected with higher ranked node: 22
Accepting connection from higher ranked node: 21
Accept through vt-tcp !
Accepted connection from higher ranked node: 21
Successfully connected with higher ranked node: 21
Accepting connection from higher ranked node: 20
Accept through vt-tcp !
Accepted connection from higher ranked node: 20
Successfully connected with higher ranked node: 20
Accepting connection from higher ranked node: 19
Accept through vt-tcp !
Accepted connection from higher ranked node: 19
Successfully connected with higher ranked node: 19
Accepting connection from higher ranked node: 18
Accept through vt-tcp !
Accepted connection from higher ranked node: 18
Successfully connected with higher ranked node: 18
Accepting connection from higher ranked node: 17
Accept through vt-tcp !
Accepted connection from higher ranked node: 17
Successfully connected with higher ranked node: 17
Accepting connection from higher ranked node: 16
Accept through vt-tcp !
Accepted connection from higher ranked node: 16
Successfully connected with higher ranked node: 16
Accepting connection from higher ranked node: 15
Accept through vt-tcp !
Accepted connection from higher ranked node: 15
Successfully connected with higher ranked node: 15
Accepting connection from higher ranked node: 14
Accept through vt-tcp !
Accepted connection from higher ranked node: 14
Successfully connected with higher ranked node: 14
Accepting connection from higher ranked node: 13
Accept through vt-tcp !
Accepted connection from higher ranked node: 13
Successfully connected with higher ranked node: 13
Accepting connection from higher ranked node: 12
Accept through vt-tcp !
Accepted connection from higher ranked node: 12
Successfully connected with higher ranked node: 12
Accepting connection from higher ranked node: 11
Accept through vt-tcp !
Accepted connection from higher ranked node: 11
Successfully connected with higher ranked node: 11
Accepting connection from higher ranked node: 10
Accept through vt-tcp !
Accepted connection from higher ranked node: 10
Successfully connected with higher ranked node: 10
Accepting connection from higher ranked node: 9
Accept through vt-tcp !
Accepted connection from higher ranked node: 9
Successfully connected with higher ranked node: 9
Closing server socket: 4097
Clearing all tcp timers !
TCP-done for socket: 4097, err: -103

---------------- Connecting to lowed ranked nodes ! --------------
Adding new vt-tcp-socket !
Creating vt-tcp socket !
Connecting to lower ranked node: 7 at 10.1.37.98:10000
Connecting .. Socket: 4191, src-port: 40001
Socket: 4097 garbage collection
Freeing socket: 4097
Waking up connected socket !
Socket connect success. socket = 4191
Connecting through vt-tcp success !
Successfully connected to lower ranked node: 7 at 10.1.37.98:10000
Adding new vt-tcp-socket !
Creating vt-tcp socket !
Connecting to lower ranked node: 6 at 10.1.37.102:10000
Connecting .. Socket: 4192, src-port: 40002
Waking up connected socket !
Socket connect success. socket = 4192
Connecting through vt-tcp success !
Successfully connected to lower ranked node: 6 at 10.1.37.102:10000
Adding new vt-tcp-socket !
Creating vt-tcp socket !
Connecting to lower ranked node: 5 at 10.1.36.246:10000
Connecting .. Socket: 4193, src-port: 40003
Waking up connected socket !
Socket connect success. socket = 4193
Connecting through vt-tcp success !
Successfully connected to lower ranked node: 5 at 10.1.36.246:10000
Adding new vt-tcp-socket !
Creating vt-tcp socket !
Connecting to lower ranked node: 4 at 10.1.36.210:10000
Connecting .. Socket: 4194, src-port: 40004
Waking up connected socket !
Socket connect success. socket = 4194
Connecting through vt-tcp success !
Successfully connected to lower ranked node: 4 at 10.1.36.210:10000
Adding new vt-tcp-socket !
Creating vt-tcp socket !
Connecting to lower ranked node: 3 at 10.1.36.214:10000
Connecting .. Socket: 4195, src-port: 40005
Waking up connected socket !
Socket connect success. socket = 4195
Connecting through vt-tcp success !
Successfully connected to lower ranked node: 3 at 10.1.36.214:10000
Adding new vt-tcp-socket !
Creating vt-tcp socket !
Connecting to lower ranked node: 2 at 10.1.36.218:10000
Connecting .. Socket: 4196, src-port: 40006
Waking up connected socket !
Socket connect success. socket = 4196
Connecting through vt-tcp success !
Successfully connected to lower ranked node: 2 at 10.1.36.218:10000
Adding new vt-tcp-socket !
Creating vt-tcp socket !
Connecting to lower ranked node: 1 at 10.1.36.222:10000
Connecting .. Socket: 4197, src-port: 40007
Waking up connected socket !
Socket connect success. socket = 4197
Connecting through vt-tcp success !
Successfully connected to lower ranked node: 1 at 10.1.36.222:10000
Adding new vt-tcp-socket !
Creating vt-tcp socket !
Connecting to lower ranked node: 0 at 10.1.36.226:10000
Connecting .. Socket: 4198, src-port: 40008
Waking up connected socket !
Socket connect success. socket = 4198
Connecting through vt-tcp success !
Successfully connected to lower ranked node: 0 at 10.1.36.226:10000

---------------- Creating listen Thread ! --------------

---------------- MPI-Init success ! --------------
Adding new Thread: 8
Resuming new Thread with Burst of length: 5400
Received matrix-A partition size: 20 from master !

******************************************************
Received vector X and V from master 
Called SetLoopLookahead: init: 0, final: 16000, step: 8, loopDepth: 1, cumulative-num-iterations: 40000, look-ahead-ns: 74074
Called SetLoopLookahead: init: 0, final: 20, step: 1, loopDepth: 1, cumulative-num-iterations: 40000, look-ahead-ns: 237037
Called SetLoopLookahead: init: 0, final: 2000, step: 1, loopDepth: 2, cumulative-num-iterations: 80000000, look-ahead-ns: 177777776
Before rcv-wnd: seq: 1, rcv_nxt: 5
Before rcv-wnd: seq: 1, rcv_nxt: 5
Before rcv-wnd: seq: 1, rcv_nxt: 5
Before rcv-wnd: seq: 1, rcv_nxt: 5
Before rcv-wnd: seq: 1, rcv_nxt: 5
Before rcv-wnd: seq: 1, rcv_nxt: 5
Before rcv-wnd: seq: 1, rcv_nxt: 5
Before rcv-wnd: seq: 1, rcv_nxt: 5
Before rcv-wnd: seq: 1, rcv_nxt: 5
Before rcv-wnd: seq: 1, rcv_nxt: 5
Sending offset = 140 to master !
Sending rows = 20 to master !
Sending result vector partition to master!
Sent results to master 
MSG: 0 Done.
Avg-Compute-Communication-Ratio = 4.400250

******************************************************
Received vector X and V from master 
Called SetLoopLookahead: init: 0, final: 16000, step: 8, loopDepth: 1, cumulative-num-iterations: 40000, look-ahead-ns: 74074
Called SetLoopLookahead: init: 0, final: 20, step: 1, loopDepth: 1, cumulative-num-iterations: 40000, look-ahead-ns: 237037
Called SetLoopLookahead: init: 0, final: 2000, step: 1, loopDepth: 2, cumulative-num-iterations: 80000000, look-ahead-ns: 177777776
Sending offset = 140 to master !
Sending rows = 20 to master !
Sending result vector partition to master!
Sent results to master 
MSG: 1 Done.
Avg-Compute-Communication-Ratio = 4.612639

******************************************************
Received vector X and V from master 
Called SetLoopLookahead: init: 0, final: 16000, step: 8, loopDepth: 1, cumulative-num-iterations: 40000, look-ahead-ns: 74074
Called SetLoopLookahead: init: 0, final: 20, step: 1, loopDepth: 1, cumulative-num-iterations: 40000, look-ahead-ns: 237037
Called SetLoopLookahead: init: 0, final: 2000, step: 1, loopDepth: 2, cumulative-num-iterations: 80000000, look-ahead-ns: 177777776
Sending offset = 140 to master !
Sending rows = 20 to master !
Sending result vector partition to master!
Sent results to master 
MSG: 2 Done.
Avg-Compute-Communication-Ratio = 4.511075

******************************************************
Received vector X and V from master 
Called SetLoopLookahead: init: 0, final: 16000, step: 8, loopDepth: 1, cumulative-num-iterations: 40000, look-ahead-ns: 74074
Called SetLoopLookahead: init: 0, final: 20, step: 1, loopDepth: 1, cumulative-num-iterations: 40000, look-ahead-ns: 237037
Called SetLoopLookahead: init: 0, final: 2000, step: 1, loopDepth: 2, cumulative-num-iterations: 80000000, look-ahead-ns: 177777776
Sending offset = 140 to master !
Sending rows = 20 to master !
Sending result vector partition to master!
Sent results to master 
MSG: 3 Done.
Avg-Compute-Communication-Ratio = 4.351643

******************************************************
Received vector X and V from master 
Called SetLoopLookahead: init: 0, final: 16000, step: 8, loopDepth: 1, cumulative-num-iterations: 40000, look-ahead-ns: 74074
Called SetLoopLookahead: init: 0, final: 20, step: 1, loopDepth: 1, cumulative-num-iterations: 40000, look-ahead-ns: 237037
Called SetLoopLookahead: init: 0, final: 2000, step: 1, loopDepth: 2, cumulative-num-iterations: 80000000, look-ahead-ns: 177777776
Sending offset = 140 to master !
Sending rows = 20 to master !
Sending result vector partition to master!
Sent results to master 
MSG: 4 Done.
Avg-Compute-Communication-Ratio = 4.267274

******************************************************
Received vector X and V from master 
Called SetLoopLookahead: init: 0, final: 16000, step: 8, loopDepth: 1, cumulative-num-iterations: 40000, look-ahead-ns: 74074
Called SetLoopLookahead: init: 0, final: 20, step: 1, loopDepth: 1, cumulative-num-iterations: 40000, look-ahead-ns: 237037
Called SetLoopLookahead: init: 0, final: 2000, step: 1, loopDepth: 2, cumulative-num-iterations: 80000000, look-ahead-ns: 177777776
Sending offset = 140 to master !
Sending rows = 20 to master !
Sending result vector partition to master!
Sent results to master 
MSG: 5 Done.
Avg-Compute-Communication-Ratio = 4.192978

******************************************************
Received vector X and V from master 
Called SetLoopLookahead: init: 0, final: 16000, step: 8, loopDepth: 1, cumulative-num-iterations: 40000, look-ahead-ns: 74074
Called SetLoopLookahead: init: 0, final: 20, step: 1, loopDepth: 1, cumulative-num-iterations: 40000, look-ahead-ns: 237037
Called SetLoopLookahead: init: 0, final: 2000, step: 1, loopDepth: 2, cumulative-num-iterations: 80000000, look-ahead-ns: 177777776
Sending offset = 140 to master !
Sending rows = 20 to master !
Sending result vector partition to master!
Sent results to master 
MSG: 6 Done.
Avg-Compute-Communication-Ratio = 4.158430

******************************************************
Received vector X and V from master 
Called SetLoopLookahead: init: 0, final: 16000, step: 8, loopDepth: 1, cumulative-num-iterations: 40000, look-ahead-ns: 74074
Called SetLoopLookahead: init: 0, final: 20, step: 1, loopDepth: 1, cumulative-num-iterations: 40000, look-ahead-ns: 237037
Called SetLoopLookahead: init: 0, final: 2000, step: 1, loopDepth: 2, cumulative-num-iterations: 80000000, look-ahead-ns: 177777776
Sending offset = 140 to master !
Sending rows = 20 to master !
Sending result vector partition to master!
Sent results to master 
MSG: 7 Done.
Avg-Compute-Communication-Ratio = 4.148106

******************************************************
Received vector X and V from master 
Called SetLoopLookahead: init: 0, final: 16000, step: 8, loopDepth: 1, cumulative-num-iterations: 40000, look-ahead-ns: 74074
Called SetLoopLookahead: init: 0, final: 20, step: 1, loopDepth: 1, cumulative-num-iterations: 40000, look-ahead-ns: 237037
Called SetLoopLookahead: init: 0, final: 2000, step: 1, loopDepth: 2, cumulative-num-iterations: 80000000, look-ahead-ns: 177777776
Sending offset = 140 to master !
Sending rows = 20 to master !
Sending result vector partition to master!
Sent results to master 
MSG: 8 Done.
Avg-Compute-Communication-Ratio = 4.116310

******************************************************
Received vector X and V from master 
Called SetLoopLookahead: init: 0, final: 16000, step: 8, loopDepth: 1, cumulative-num-iterations: 40000, look-ahead-ns: 74074
Called SetLoopLookahead: init: 0, final: 20, step: 1, loopDepth: 1, cumulative-num-iterations: 40000, look-ahead-ns: 237037
Called SetLoopLookahead: init: 0, final: 2000, step: 1, loopDepth: 2, cumulative-num-iterations: 80000000, look-ahead-ns: 177777776
Sending offset = 140 to master !
Sending rows = 20 to master !
Sending result vector partition to master!
Sent results to master 
MSG: 9 Done.
Avg-Compute-Communication-Ratio = 4.103330

******************************************************
Received vector X and V from master 
Called SetLoopLookahead: init: 0, final: 16000, step: 8, loopDepth: 1, cumulative-num-iterations: 40000, look-ahead-ns: 74074
Called SetLoopLookahead: init: 0, final: 20, step: 1, loopDepth: 1, cumulative-num-iterations: 40000, look-ahead-ns: 237037
Called SetLoopLookahead: init: 0, final: 2000, step: 1, loopDepth: 2, cumulative-num-iterations: 80000000, look-ahead-ns: 177777776
Sending offset = 140 to master !
Sending rows = 20 to master !
Sending result vector partition to master!
Sent results to master 
MSG: 10 Done.
Avg-Compute-Communication-Ratio = 4.089913

******************************************************
Received vector X and V from master 
Called SetLoopLookahead: init: 0, final: 16000, step: 8, loopDepth: 1, cumulative-num-iterations: 40000, look-ahead-ns: 74074
Called SetLoopLookahead: init: 0, final: 20, step: 1, loopDepth: 1, cumulative-num-iterations: 40000, look-ahead-ns: 237037
Called SetLoopLookahead: init: 0, final: 2000, step: 1, loopDepth: 2, cumulative-num-iterations: 80000000, look-ahead-ns: 177777776
Sending offset = 140 to master !
Sending rows = 20 to master !
Sending result vector partition to master!
Sent results to master 
MSG: 11 Done.
Avg-Compute-Communication-Ratio = 4.080469

******************************************************
Received vector X and V from master 
Called SetLoopLookahead: init: 0, final: 16000, step: 8, loopDepth: 1, cumulative-num-iterations: 40000, look-ahead-ns: 74074
Called SetLoopLookahead: init: 0, final: 20, step: 1, loopDepth: 1, cumulative-num-iterations: 40000, look-ahead-ns: 237037
Called SetLoopLookahead: init: 0, final: 2000, step: 1, loopDepth: 2, cumulative-num-iterations: 80000000, look-ahead-ns: 177777776
Sending offset = 140 to master !
Sending rows = 20 to master !
Sending result vector partition to master!
Sent results to master 
MSG: 12 Done.
Avg-Compute-Communication-Ratio = 4.021545

******************************************************
Received vector X and V from master 
Called SetLoopLookahead: init: 0, final: 16000, step: 8, loopDepth: 1, cumulative-num-iterations: 40000, look-ahead-ns: 74074
Called SetLoopLookahead: init: 0, final: 20, step: 1, loopDepth: 1, cumulative-num-iterations: 40000, look-ahead-ns: 237037
Called SetLoopLookahead: init: 0, final: 2000, step: 1, loopDepth: 2, cumulative-num-iterations: 80000000, look-ahead-ns: 177777776
Sending offset = 140 to master !
Sending rows = 20 to master !
Sending result vector partition to master!
Sent results to master 
MSG: 13 Done.
Avg-Compute-Communication-Ratio = 4.064037

******************************************************
Received vector X and V from master 
Called SetLoopLookahead: init: 0, final: 16000, step: 8, loopDepth: 1, cumulative-num-iterations: 40000, look-ahead-ns: 74074
Called SetLoopLookahead: init: 0, final: 20, step: 1, loopDepth: 1, cumulative-num-iterations: 40000, look-ahead-ns: 237037
Called SetLoopLookahead: init: 0, final: 2000, step: 1, loopDepth: 2, cumulative-num-iterations: 80000000, look-ahead-ns: 177777776
Sending offset = 140 to master !
Sending rows = 20 to master !
Sending result vector partition to master!
Sent results to master 
MSG: 14 Done.
Avg-Compute-Communication-Ratio = 4.058571

******************************************************
Received vector X and V from master 
Called SetLoopLookahead: init: 0, final: 16000, step: 8, loopDepth: 1, cumulative-num-iterations: 40000, look-ahead-ns: 74074
Called SetLoopLookahead: init: 0, final: 20, step: 1, loopDepth: 1, cumulative-num-iterations: 40000, look-ahead-ns: 237037
Called SetLoopLookahead: init: 0, final: 2000, step: 1, loopDepth: 2, cumulative-num-iterations: 80000000, look-ahead-ns: 177777776
Sending offset = 140 to master !
Sending rows = 20 to master !
Sending result vector partition to master!
Sent results to master 
MSG: 15 Done.
Avg-Compute-Communication-Ratio = 4.015100

******************************************************
Received vector X and V from master 
Called SetLoopLookahead: init: 0, final: 16000, step: 8, loopDepth: 1, cumulative-num-iterations: 40000, look-ahead-ns: 74074
Called SetLoopLookahead: init: 0, final: 20, step: 1, loopDepth: 1, cumulative-num-iterations: 40000, look-ahead-ns: 237037
Called SetLoopLookahead: init: 0, final: 2000, step: 1, loopDepth: 2, cumulative-num-iterations: 80000000, look-ahead-ns: 177777776
Sending offset = 140 to master !
Sending rows = 20 to master !
Sending result vector partition to master!
Sent results to master 
MSG: 16 Done.
Avg-Compute-Communication-Ratio = 4.047207

******************************************************
Received vector X and V from master 
Called SetLoopLookahead: init: 0, final: 16000, step: 8, loopDepth: 1, cumulative-num-iterations: 40000, look-ahead-ns: 74074
Called SetLoopLookahead: init: 0, final: 20, step: 1, loopDepth: 1, cumulative-num-iterations: 40000, look-ahead-ns: 237037
Called SetLoopLookahead: init: 0, final: 2000, step: 1, loopDepth: 2, cumulative-num-iterations: 80000000, look-ahead-ns: 177777776
Sending offset = 140 to master !
Sending rows = 20 to master !
Sending result vector partition to master!
Sent results to master 
MSG: 17 Done.
Avg-Compute-Communication-Ratio = 4.048280

******************************************************
Received vector X and V from master 
Called SetLoopLookahead: init: 0, final: 16000, step: 8, loopDepth: 1, cumulative-num-iterations: 40000, look-ahead-ns: 74074
Called SetLoopLookahead: init: 0, final: 20, step: 1, loopDepth: 1, cumulative-num-iterations: 40000, look-ahead-ns: 237037
Called SetLoopLookahead: init: 0, final: 2000, step: 1, loopDepth: 2, cumulative-num-iterations: 80000000, look-ahead-ns: 177777776
Sending offset = 140 to master !
Sending rows = 20 to master !
Sending result vector partition to master!
Sent results to master 
MSG: 18 Done.
Avg-Compute-Communication-Ratio = 4.038763

******************************************************
Received vector X and V from master 
Called SetLoopLookahead: init: 0, final: 16000, step: 8, loopDepth: 1, cumulative-num-iterations: 40000, look-ahead-ns: 74074
Called SetLoopLookahead: init: 0, final: 20, step: 1, loopDepth: 1, cumulative-num-iterations: 40000, look-ahead-ns: 237037
Called SetLoopLookahead: init: 0, final: 2000, step: 1, loopDepth: 2, cumulative-num-iterations: 80000000, look-ahead-ns: 177777776
Sending offset = 140 to master !
Sending rows = 20 to master !
Sending result vector partition to master!
Sent results to master 
MSG: 19 Done.
Avg-Compute-Communication-Ratio = 4.036337

******************************************************
Received vector X and V from master 
Called SetLoopLookahead: init: 0, final: 16000, step: 8, loopDepth: 1, cumulative-num-iterations: 40000, look-ahead-ns: 74074
Called SetLoopLookahead: init: 0, final: 20, step: 1, loopDepth: 1, cumulative-num-iterations: 40000, look-ahead-ns: 237037
Called SetLoopLookahead: init: 0, final: 2000, step: 1, loopDepth: 2, cumulative-num-iterations: 80000000, look-ahead-ns: 177777776
Sending offset = 140 to master !
Sending rows = 20 to master !
Sending result vector partition to master!
Sent results to master 
MSG: 20 Done.
Avg-Compute-Communication-Ratio = 4.032495

******************************************************
Received vector X and V from master 
Called SetLoopLookahead: init: 0, final: 16000, step: 8, loopDepth: 1, cumulative-num-iterations: 40000, look-ahead-ns: 74074
Called SetLoopLookahead: init: 0, final: 20, step: 1, loopDepth: 1, cumulative-num-iterations: 40000, look-ahead-ns: 237037
Called SetLoopLookahead: init: 0, final: 2000, step: 1, loopDepth: 2, cumulative-num-iterations: 80000000, look-ahead-ns: 177777776
Sending offset = 140 to master !
Sending rows = 20 to master !
Sending result vector partition to master!
Sent results to master 
MSG: 21 Done.
Avg-Compute-Communication-Ratio = 4.033764

******************************************************
Received vector X and V from master 
Called SetLoopLookahead: init: 0, final: 16000, step: 8, loopDepth: 1, cumulative-num-iterations: 40000, look-ahead-ns: 74074
Called SetLoopLookahead: init: 0, final: 20, step: 1, loopDepth: 1, cumulative-num-iterations: 40000, look-ahead-ns: 237037
Called SetLoopLookahead: init: 0, final: 2000, step: 1, loopDepth: 2, cumulative-num-iterations: 80000000, look-ahead-ns: 177777776
Sending offset = 140 to master !
Sending rows = 20 to master !
Sending result vector partition to master!
Sent results to master 
MSG: 22 Done.
Avg-Compute-Communication-Ratio = -nan

******************************************************
Received vector X and V from master 
Called SetLoopLookahead: init: 0, final: 16000, step: 8, loopDepth: 1, cumulative-num-iterations: 40000, look-ahead-ns: 74074
Called SetLoopLookahead: init: 0, final: 20, step: 1, loopDepth: 1, cumulative-num-iterations: 40000, look-ahead-ns: 237037
Called SetLoopLookahead: init: 0, final: 2000, step: 1, loopDepth: 2, cumulative-num-iterations: 80000000, look-ahead-ns: 177777776
Sending offset = 140 to master !
Sending rows = 20 to master !
Sending result vector partition to master!
Sent results to master 
MSG: 23 Done.
Avg-Compute-Communication-Ratio = 4.029503

******************************************************
Received vector X and V from master 
Called SetLoopLookahead: init: 0, final: 16000, step: 8, loopDepth: 1, cumulative-num-iterations: 40000, look-ahead-ns: 74074
Called SetLoopLookahead: init: 0, final: 20, step: 1, loopDepth: 1, cumulative-num-iterations: 40000, look-ahead-ns: 237037
Called SetLoopLookahead: init: 0, final: 2000, step: 1, loopDepth: 2, cumulative-num-iterations: 80000000, look-ahead-ns: 177777776
Sending offset = 140 to master !
Sending rows = 20 to master !
Sending result vector partition to master!
Sent results to master 
MSG: 24 Done.
Avg-Compute-Communication-Ratio = 4.026527

******************************************************
Received vector X and V from master 
Called SetLoopLookahead: init: 0, final: 16000, step: 8, loopDepth: 1, cumulative-num-iterations: 40000, look-ahead-ns: 74074
Called SetLoopLookahead: init: 0, final: 20, step: 1, loopDepth: 1, cumulative-num-iterations: 40000, look-ahead-ns: 237037
Called SetLoopLookahead: init: 0, final: 2000, step: 1, loopDepth: 2, cumulative-num-iterations: 80000000, look-ahead-ns: 177777776
Sending offset = 140 to master !
Sending rows = 20 to master !
Sending result vector partition to master!
Sent results to master 
MSG: 25 Done.
Avg-Compute-Communication-Ratio = 4.023891

******************************************************
Received vector X and V from master 
Called SetLoopLookahead: init: 0, final: 16000, step: 8, loopDepth: 1, cumulative-num-iterations: 40000, look-ahead-ns: 74074
Called SetLoopLookahead: init: 0, final: 20, step: 1, loopDepth: 1, cumulative-num-iterations: 40000, look-ahead-ns: 237037
Called SetLoopLookahead: init: 0, final: 2000, step: 1, loopDepth: 2, cumulative-num-iterations: 80000000, look-ahead-ns: 177777776
Sending offset = 140 to master !
Sending rows = 20 to master !
Sending result vector partition to master!
Sent results to master 
MSG: 26 Done.
Avg-Compute-Communication-Ratio = 4.025839

******************************************************
Received vector X and V from master 
Called SetLoopLookahead: init: 0, final: 16000, step: 8, loopDepth: 1, cumulative-num-iterations: 40000, look-ahead-ns: 74074
Called SetLoopLookahead: init: 0, final: 20, step: 1, loopDepth: 1, cumulative-num-iterations: 40000, look-ahead-ns: 237037
Called SetLoopLookahead: init: 0, final: 2000, step: 1, loopDepth: 2, cumulative-num-iterations: 80000000, look-ahead-ns: 177777776
Sending offset = 140 to master !
Sending rows = 20 to master !
Sending result vector partition to master!
Sent results to master 
MSG: 27 Done.
Avg-Compute-Communication-Ratio = 4.025115

******************************************************
Received vector X and V from master 
Called SetLoopLookahead: init: 0, final: 16000, step: 8, loopDepth: 1, cumulative-num-iterations: 40000, look-ahead-ns: 74074
Called SetLoopLookahead: init: 0, final: 20, step: 1, loopDepth: 1, cumulative-num-iterations: 40000, look-ahead-ns: 237037
Called SetLoopLookahead: init: 0, final: 2000, step: 1, loopDepth: 2, cumulative-num-iterations: 80000000, look-ahead-ns: 177777776
Sending offset = 140 to master !
Sending rows = 20 to master !
Sending result vector partition to master!
Sent results to master 
MSG: 28 Done.
Avg-Compute-Communication-Ratio = 4.019511

******************************************************
Received vector X and V from master 
Called SetLoopLookahead: init: 0, final: 16000, step: 8, loopDepth: 1, cumulative-num-iterations: 40000, look-ahead-ns: 74074
Called SetLoopLookahead: init: 0, final: 20, step: 1, loopDepth: 1, cumulative-num-iterations: 40000, look-ahead-ns: 237037
Called SetLoopLookahead: init: 0, final: 2000, step: 1, loopDepth: 2, cumulative-num-iterations: 80000000, look-ahead-ns: 177777776
Sending offset = 140 to master !
Sending rows = 20 to master !
Sending result vector partition to master!
Sent results to master 
MSG: 29 Done.
Avg-Compute-Communication-Ratio = 4.018025

******************************************************
Received vector X and V from master 
Called SetLoopLookahead: init: 0, final: 16000, step: 8, loopDepth: 1, cumulative-num-iterations: 40000, look-ahead-ns: 74074
Called SetLoopLookahead: init: 0, final: 20, step: 1, loopDepth: 1, cumulative-num-iterations: 40000, look-ahead-ns: 237037
Called SetLoopLookahead: init: 0, final: 2000, step: 1, loopDepth: 2, cumulative-num-iterations: 80000000, look-ahead-ns: 177777776
Sending offset = 140 to master !
Sending rows = 20 to master !
Sending result vector partition to master!
Sent results to master 
MSG: 30 Done.
Avg-Compute-Communication-Ratio = 4.019906

******************************************************
Received vector X and V from master 
Called SetLoopLookahead: init: 0, final: 16000, step: 8, loopDepth: 1, cumulative-num-iterations: 40000, look-ahead-ns: 74074
Called SetLoopLookahead: init: 0, final: 20, step: 1, loopDepth: 1, cumulative-num-iterations: 40000, look-ahead-ns: 237037
Called SetLoopLookahead: init: 0, final: 2000, step: 1, loopDepth: 2, cumulative-num-iterations: 80000000, look-ahead-ns: 177777776
Sending offset = 140 to master !
Sending rows = 20 to master !
Sending result vector partition to master!
Sent results to master 
MSG: 31 Done.
Avg-Compute-Communication-Ratio = 4.016077

******************************************************
Received vector X and V from master 
Called SetLoopLookahead: init: 0, final: 16000, step: 8, loopDepth: 1, cumulative-num-iterations: 40000, look-ahead-ns: 74074
Called SetLoopLookahead: init: 0, final: 20, step: 1, loopDepth: 1, cumulative-num-iterations: 40000, look-ahead-ns: 237037
Called SetLoopLookahead: init: 0, final: 2000, step: 1, loopDepth: 2, cumulative-num-iterations: 80000000, look-ahead-ns: 177777776
Sending offset = 140 to master !
Sending rows = 20 to master !
Sending result vector partition to master!
Sent results to master 
MSG: 32 Done.
Avg-Compute-Communication-Ratio = 4.014355

******************************************************
Received vector X and V from master 
Called SetLoopLookahead: init: 0, final: 16000, step: 8, loopDepth: 1, cumulative-num-iterations: 40000, look-ahead-ns: 74074
Called SetLoopLookahead: init: 0, final: 20, step: 1, loopDepth: 1, cumulative-num-iterations: 40000, look-ahead-ns: 237037
Called SetLoopLookahead: init: 0, final: 2000, step: 1, loopDepth: 2, cumulative-num-iterations: 80000000, look-ahead-ns: 177777776
Sending offset = 140 to master !
Sending rows = 20 to master !
Sending result vector partition to master!
Sent results to master 
MSG: 33 Done.
Avg-Compute-Communication-Ratio = 4.015949

******************************************************
Received vector X and V from master 
Called SetLoopLookahead: init: 0, final: 16000, step: 8, loopDepth: 1, cumulative-num-iterations: 40000, look-ahead-ns: 74074
Called SetLoopLookahead: init: 0, final: 20, step: 1, loopDepth: 1, cumulative-num-iterations: 40000, look-ahead-ns: 237037
Called SetLoopLookahead: init: 0, final: 2000, step: 1, loopDepth: 2, cumulative-num-iterations: 80000000, look-ahead-ns: 177777776
Sending offset = 140 to master !
Sending rows = 20 to master !
Sending result vector partition to master!
Sent results to master 
MSG: 34 Done.
Avg-Compute-Communication-Ratio = 4.011352

******************************************************
Received vector X and V from master 
Called SetLoopLookahead: init: 0, final: 16000, step: 8, loopDepth: 1, cumulative-num-iterations: 40000, look-ahead-ns: 74074
Called SetLoopLookahead: init: 0, final: 20, step: 1, loopDepth: 1, cumulative-num-iterations: 40000, look-ahead-ns: 237037
Called SetLoopLookahead: init: 0, final: 2000, step: 1, loopDepth: 2, cumulative-num-iterations: 80000000, look-ahead-ns: 177777776
Sending offset = 140 to master !
Sending rows = 20 to master !
Sending result vector partition to master!
Sent results to master 
MSG: 35 Done.
Avg-Compute-Communication-Ratio = 4.010422

******************************************************
Received vector X and V from master 
Called SetLoopLookahead: init: 0, final: 16000, step: 8, loopDepth: 1, cumulative-num-iterations: 40000, look-ahead-ns: 74074
Called SetLoopLookahead: init: 0, final: 20, step: 1, loopDepth: 1, cumulative-num-iterations: 40000, look-ahead-ns: 237037
Called SetLoopLookahead: init: 0, final: 2000, step: 1, loopDepth: 2, cumulative-num-iterations: 80000000, look-ahead-ns: 177777776
Sending offset = 140 to master !
Sending rows = 20 to master !
Sending result vector partition to master!
Sent results to master 
MSG: 36 Done.
Avg-Compute-Communication-Ratio = 4.011906

******************************************************
Received vector X and V from master 
Called SetLoopLookahead: init: 0, final: 16000, step: 8, loopDepth: 1, cumulative-num-iterations: 40000, look-ahead-ns: 74074
Called SetLoopLookahead: init: 0, final: 20, step: 1, loopDepth: 1, cumulative-num-iterations: 40000, look-ahead-ns: 237037
Called SetLoopLookahead: init: 0, final: 2000, step: 1, loopDepth: 2, cumulative-num-iterations: 80000000, look-ahead-ns: 177777776
Sending offset = 140 to master !
Sending rows = 20 to master !
Sending result vector partition to master!
Sent results to master 
MSG: 37 Done.
Avg-Compute-Communication-Ratio = 4.010544

******************************************************
Received vector X and V from master 
Called SetLoopLookahead: init: 0, final: 16000, step: 8, loopDepth: 1, cumulative-num-iterations: 40000, look-ahead-ns: 74074
Called SetLoopLookahead: init: 0, final: 20, step: 1, loopDepth: 1, cumulative-num-iterations: 40000, look-ahead-ns: 237037
Called SetLoopLookahead: init: 0, final: 2000, step: 1, loopDepth: 2, cumulative-num-iterations: 80000000, look-ahead-ns: 177777776
Sending offset = 140 to master !
Sending rows = 20 to master !
Sending result vector partition to master!
Sent results to master 
MSG: 38 Done.
Avg-Compute-Communication-Ratio = -nan

******************************************************
Received vector X and V from master 
Called SetLoopLookahead: init: 0, final: 16000, step: 8, loopDepth: 1, cumulative-num-iterations: 40000, look-ahead-ns: 74074
Called SetLoopLookahead: init: 0, final: 20, step: 1, loopDepth: 1, cumulative-num-iterations: 40000, look-ahead-ns: 237037
Called SetLoopLookahead: init: 0, final: 2000, step: 1, loopDepth: 2, cumulative-num-iterations: 80000000, look-ahead-ns: 177777776
Sending offset = 140 to master !
Sending rows = 20 to master !
Sending result vector partition to master!
Sent results to master 
MSG: 39 Done.
Avg-Compute-Communication-Ratio = 4.008948

******************************************************
Received vector X and V from master 
Called SetLoopLookahead: init: 0, final: 16000, step: 8, loopDepth: 1, cumulative-num-iterations: 40000, look-ahead-ns: 74074
Called SetLoopLookahead: init: 0, final: 20, step: 1, loopDepth: 1, cumulative-num-iterations: 40000, look-ahead-ns: 237037
Called SetLoopLookahead: init: 0, final: 2000, step: 1, loopDepth: 2, cumulative-num-iterations: 80000000, look-ahead-ns: 177777776
Sending offset = 140 to master !
Sending rows = 20 to master !
Sending result vector partition to master!
Sent results to master 
MSG: 40 Done.
Avg-Compute-Communication-Ratio = 4.005588

******************************************************
Received vector X and V from master 
Called SetLoopLookahead: init: 0, final: 16000, step: 8, loopDepth: 1, cumulative-num-iterations: 40000, look-ahead-ns: 74074
Called SetLoopLookahead: init: 0, final: 20, step: 1, loopDepth: 1, cumulative-num-iterations: 40000, look-ahead-ns: 237037
Called SetLoopLookahead: init: 0, final: 2000, step: 1, loopDepth: 2, cumulative-num-iterations: 80000000, look-ahead-ns: 177777776
Sending offset = 140 to master !
Sending rows = 20 to master !
Sending result vector partition to master!
Sent results to master 
MSG: 41 Done.
Avg-Compute-Communication-Ratio = 4.004909

******************************************************
Received vector X and V from master 
Called SetLoopLookahead: init: 0, final: 16000, step: 8, loopDepth: 1, cumulative-num-iterations: 40000, look-ahead-ns: 74074
Called SetLoopLookahead: init: 0, final: 20, step: 1, loopDepth: 1, cumulative-num-iterations: 40000, look-ahead-ns: 237037
Called SetLoopLookahead: init: 0, final: 2000, step: 1, loopDepth: 2, cumulative-num-iterations: 80000000, look-ahead-ns: 177777776
Sending offset = 140 to master !
Sending rows = 20 to master !
Sending result vector partition to master!
Sent results to master 
MSG: 42 Done.
Avg-Compute-Communication-Ratio = 4.006240

******************************************************
Received vector X and V from master 
Called SetLoopLookahead: init: 0, final: 16000, step: 8, loopDepth: 1, cumulative-num-iterations: 40000, look-ahead-ns: 74074
Called SetLoopLookahead: init: 0, final: 20, step: 1, loopDepth: 1, cumulative-num-iterations: 40000, look-ahead-ns: 237037
Called SetLoopLookahead: init: 0, final: 2000, step: 1, loopDepth: 2, cumulative-num-iterations: 80000000, look-ahead-ns: 177777776
Sending offset = 140 to master !
Sending rows = 20 to master !
Sending result vector partition to master!
Sent results to master 
MSG: 43 Done.
Avg-Compute-Communication-Ratio = 4.005784

******************************************************
Received vector X and V from master 
Called SetLoopLookahead: init: 0, final: 16000, step: 8, loopDepth: 1, cumulative-num-iterations: 40000, look-ahead-ns: 74074
Called SetLoopLookahead: init: 0, final: 20, step: 1, loopDepth: 1, cumulative-num-iterations: 40000, look-ahead-ns: 237037
Called SetLoopLookahead: init: 0, final: 2000, step: 1, loopDepth: 2, cumulative-num-iterations: 80000000, look-ahead-ns: 177777776
Sending offset = 140 to master !
Sending rows = 20 to master !
Sending result vector partition to master!
Sent results to master 
MSG: 44 Done.
Avg-Compute-Communication-Ratio = 4.002809

******************************************************
Received vector X and V from master 
Called SetLoopLookahead: init: 0, final: 16000, step: 8, loopDepth: 1, cumulative-num-iterations: 40000, look-ahead-ns: 74074
Called SetLoopLookahead: init: 0, final: 20, step: 1, loopDepth: 1, cumulative-num-iterations: 40000, look-ahead-ns: 237037
Called SetLoopLookahead: init: 0, final: 2000, step: 1, loopDepth: 2, cumulative-num-iterations: 80000000, look-ahead-ns: 177777776
Sending offset = 140 to master !
Sending rows = 20 to master !
Sending result vector partition to master!
Sent results to master 
MSG: 45 Done.
Avg-Compute-Communication-Ratio = 4.002256

******************************************************
Received vector X and V from master 
Called SetLoopLookahead: init: 0, final: 16000, step: 8, loopDepth: 1, cumulative-num-iterations: 40000, look-ahead-ns: 74074
Called SetLoopLookahead: init: 0, final: 20, step: 1, loopDepth: 1, cumulative-num-iterations: 40000, look-ahead-ns: 237037
Called SetLoopLookahead: init: 0, final: 2000, step: 1, loopDepth: 2, cumulative-num-iterations: 80000000, look-ahead-ns: 177777776
Sending offset = 140 to master !
Sending rows = 20 to master !
Sending result vector partition to master!
Sent results to master 
MSG: 46 Done.
Avg-Compute-Communication-Ratio = 4.001251

******************************************************
Received vector X and V from master 
Called SetLoopLookahead: init: 0, final: 16000, step: 8, loopDepth: 1, cumulative-num-iterations: 40000, look-ahead-ns: 74074
Called SetLoopLookahead: init: 0, final: 20, step: 1, loopDepth: 1, cumulative-num-iterations: 40000, look-ahead-ns: 237037
Called SetLoopLookahead: init: 0, final: 2000, step: 1, loopDepth: 2, cumulative-num-iterations: 80000000, look-ahead-ns: 177777776
Sending offset = 140 to master !
Sending rows = 20 to master !
Sending result vector partition to master!
Sent results to master 
MSG: 47 Done.
Avg-Compute-Communication-Ratio = 4.002414

******************************************************
Received vector X and V from master 
Called SetLoopLookahead: init: 0, final: 16000, step: 8, loopDepth: 1, cumulative-num-iterations: 40000, look-ahead-ns: 74074
Called SetLoopLookahead: init: 0, final: 20, step: 1, loopDepth: 1, cumulative-num-iterations: 40000, look-ahead-ns: 237037
Called SetLoopLookahead: init: 0, final: 2000, step: 1, loopDepth: 2, cumulative-num-iterations: 80000000, look-ahead-ns: 177777776
Sending offset = 140 to master !
Sending rows = 20 to master !
Sending result vector partition to master!
Sent results to master 
MSG: 48 Done.
Avg-Compute-Communication-Ratio = 4.002048

******************************************************
Received vector X and V from master 
Called SetLoopLookahead: init: 0, final: 16000, step: 8, loopDepth: 1, cumulative-num-iterations: 40000, look-ahead-ns: 74074
Called SetLoopLookahead: init: 0, final: 20, step: 1, loopDepth: 1, cumulative-num-iterations: 40000, look-ahead-ns: 237037
Called SetLoopLookahead: init: 0, final: 2000, step: 1, loopDepth: 2, cumulative-num-iterations: 80000000, look-ahead-ns: 177777776
Sending offset = 140 to master !
Sending rows = 20 to master !
Sending result vector partition to master!
Sent results to master 
MSG: 49 Done.
Avg-Compute-Communication-Ratio = 4.008130

******************************************************
Received vector X and V from master 
Called SetLoopLookahead: init: 0, final: 16000, step: 8, loopDepth: 1, cumulative-num-iterations: 40000, look-ahead-ns: 74074
Called SetLoopLookahead: init: 0, final: 20, step: 1, loopDepth: 1, cumulative-num-iterations: 40000, look-ahead-ns: 237037
Called SetLoopLookahead: init: 0, final: 2000, step: 1, loopDepth: 2, cumulative-num-iterations: 80000000, look-ahead-ns: 177777776
Sending offset = 140 to master !
Sending rows = 20 to master !
Sending result vector partition to master!
Sent results to master 
MSG: 50 Done.
Avg-Compute-Communication-Ratio = 3.993176

******************************************************
Received vector X and V from master 
Called SetLoopLookahead: init: 0, final: 16000, step: 8, loopDepth: 1, cumulative-num-iterations: 40000, look-ahead-ns: 74074
Called SetLoopLookahead: init: 0, final: 20, step: 1, loopDepth: 1, cumulative-num-iterations: 40000, look-ahead-ns: 237037
Called SetLoopLookahead: init: 0, final: 2000, step: 1, loopDepth: 2, cumulative-num-iterations: 80000000, look-ahead-ns: 177777776
Sending offset = 140 to master !
Sending rows = 20 to master !
Sending result vector partition to master!
Sent results to master 
MSG: 51 Done.
Avg-Compute-Communication-Ratio = 4.005951

******************************************************
Received vector X and V from master 
Called SetLoopLookahead: init: 0, final: 16000, step: 8, loopDepth: 1, cumulative-num-iterations: 40000, look-ahead-ns: 74074
Called SetLoopLookahead: init: 0, final: 20, step: 1, loopDepth: 1, cumulative-num-iterations: 40000, look-ahead-ns: 237037
Called SetLoopLookahead: init: 0, final: 2000, step: 1, loopDepth: 2, cumulative-num-iterations: 80000000, look-ahead-ns: 177777776
Sending offset = 140 to master !
Sending rows = 20 to master !
Sending result vector partition to master!
Sent results to master 
MSG: 52 Done.
Avg-Compute-Communication-Ratio = 3.991718

******************************************************
Received vector X and V from master 
Called SetLoopLookahead: init: 0, final: 16000, step: 8, loopDepth: 1, cumulative-num-iterations: 40000, look-ahead-ns: 74074
Called SetLoopLookahead: init: 0, final: 20, step: 1, loopDepth: 1, cumulative-num-iterations: 40000, look-ahead-ns: 237037
Called SetLoopLookahead: init: 0, final: 2000, step: 1, loopDepth: 2, cumulative-num-iterations: 80000000, look-ahead-ns: 177777776
Sending offset = 140 to master !
Sending rows = 20 to master !
Sending result vector partition to master!
Sent results to master 
MSG: 53 Done.
Avg-Compute-Communication-Ratio = 4.002588

******************************************************
Received vector X and V from master 
Called SetLoopLookahead: init: 0, final: 16000, step: 8, loopDepth: 1, cumulative-num-iterations: 40000, look-ahead-ns: 74074
Called SetLoopLookahead: init: 0, final: 20, step: 1, loopDepth: 1, cumulative-num-iterations: 40000, look-ahead-ns: 237037
Called SetLoopLookahead: init: 0, final: 2000, step: 1, loopDepth: 2, cumulative-num-iterations: 80000000, look-ahead-ns: 177777776
Sending offset = 140 to master !
Sending rows = 20 to master !
Sending result vector partition to master!
Sent results to master 
MSG: 54 Done.
Avg-Compute-Communication-Ratio = 4.003056

******************************************************
Received vector X and V from master 
Called SetLoopLookahead: init: 0, final: 16000, step: 8, loopDepth: 1, cumulative-num-iterations: 40000, look-ahead-ns: 74074
Called SetLoopLookahead: init: 0, final: 20, step: 1, loopDepth: 1, cumulative-num-iterations: 40000, look-ahead-ns: 237037
Called SetLoopLookahead: init: 0, final: 2000, step: 1, loopDepth: 2, cumulative-num-iterations: 80000000, look-ahead-ns: 177777776
Sending offset = 140 to master !
Sending rows = 20 to master !
Sending result vector partition to master!
Sent results to master 
MSG: 55 Done.
Avg-Compute-Communication-Ratio = 4.001143

******************************************************
Received vector X and V from master 
Called SetLoopLookahead: init: 0, final: 16000, step: 8, loopDepth: 1, cumulative-num-iterations: 40000, look-ahead-ns: 74074
Called SetLoopLookahead: init: 0, final: 20, step: 1, loopDepth: 1, cumulative-num-iterations: 40000, look-ahead-ns: 237037
Called SetLoopLookahead: init: 0, final: 2000, step: 1, loopDepth: 2, cumulative-num-iterations: 80000000, look-ahead-ns: 177777776
Sending offset = 140 to master !
Sending rows = 20 to master !
Sending result vector partition to master!
Sent results to master 
MSG: 56 Done.
Avg-Compute-Communication-Ratio = 4.002361

******************************************************
Received vector X and V from master 
Called SetLoopLookahead: init: 0, final: 16000, step: 8, loopDepth: 1, cumulative-num-iterations: 40000, look-ahead-ns: 74074
Called SetLoopLookahead: init: 0, final: 20, step: 1, loopDepth: 1, cumulative-num-iterations: 40000, look-ahead-ns: 237037
Called SetLoopLookahead: init: 0, final: 2000, step: 1, loopDepth: 2, cumulative-num-iterations: 80000000, look-ahead-ns: 177777776
Sending offset = 140 to master !
Sending rows = 20 to master !
Sending result vector partition to master!
Sent results to master 
MSG: 57 Done.
Avg-Compute-Communication-Ratio = 4.000854

******************************************************
Received vector X and V from master 
Called SetLoopLookahead: init: 0, final: 16000, step: 8, loopDepth: 1, cumulative-num-iterations: 40000, look-ahead-ns: 74074
Called SetLoopLookahead: init: 0, final: 20, step: 1, loopDepth: 1, cumulative-num-iterations: 40000, look-ahead-ns: 237037
Called SetLoopLookahead: init: 0, final: 2000, step: 1, loopDepth: 2, cumulative-num-iterations: 80000000, look-ahead-ns: 177777776
Sending offset = 140 to master !
Sending rows = 20 to master !
Sending result vector partition to master!
Sent results to master 
MSG: 58 Done.
Avg-Compute-Communication-Ratio = 4.000501

******************************************************
Received vector X and V from master 
Called SetLoopLookahead: init: 0, final: 16000, step: 8, loopDepth: 1, cumulative-num-iterations: 40000, look-ahead-ns: 74074
Called SetLoopLookahead: init: 0, final: 20, step: 1, loopDepth: 1, cumulative-num-iterations: 40000, look-ahead-ns: 237037
Called SetLoopLookahead: init: 0, final: 2000, step: 1, loopDepth: 2, cumulative-num-iterations: 80000000, look-ahead-ns: 177777776
Sending offset = 140 to master !
Sending rows = 20 to master !
Sending result vector partition to master!
Sent results to master 
MSG: 59 Done.
Avg-Compute-Communication-Ratio = 4.001774

******************************************************
Received vector X and V from master 
Called SetLoopLookahead: init: 0, final: 16000, step: 8, loopDepth: 1, cumulative-num-iterations: 40000, look-ahead-ns: 74074
Called SetLoopLookahead: init: 0, final: 20, step: 1, loopDepth: 1, cumulative-num-iterations: 40000, look-ahead-ns: 237037
Called SetLoopLookahead: init: 0, final: 2000, step: 1, loopDepth: 2, cumulative-num-iterations: 80000000, look-ahead-ns: 177777776
Sending offset = 140 to master !
Sending rows = 20 to master !
Sending result vector partition to master!
Sent results to master 
MSG: 60 Done.
Avg-Compute-Communication-Ratio = 3.999628

******************************************************
Received vector X and V from master 
Called SetLoopLookahead: init: 0, final: 16000, step: 8, loopDepth: 1, cumulative-num-iterations: 40000, look-ahead-ns: 74074
Called SetLoopLookahead: init: 0, final: 20, step: 1, loopDepth: 1, cumulative-num-iterations: 40000, look-ahead-ns: 237037
Called SetLoopLookahead: init: 0, final: 2000, step: 1, loopDepth: 2, cumulative-num-iterations: 80000000, look-ahead-ns: 177777776
Sending offset = 140 to master !
Sending rows = 20 to master !
Sending result vector partition to master!
Sent results to master 
MSG: 61 Done.
Avg-Compute-Communication-Ratio = 3.998729

******************************************************
Received vector X and V from master 
Called SetLoopLookahead: init: 0, final: 16000, step: 8, loopDepth: 1, cumulative-num-iterations: 40000, look-ahead-ns: 74074
Called SetLoopLookahead: init: 0, final: 20, step: 1, loopDepth: 1, cumulative-num-iterations: 40000, look-ahead-ns: 237037
Called SetLoopLookahead: init: 0, final: 2000, step: 1, loopDepth: 2, cumulative-num-iterations: 80000000, look-ahead-ns: 177777776
Sending offset = 140 to master !
Sending rows = 20 to master !
Sending result vector partition to master!
Sent results to master 
MSG: 62 Done.
Avg-Compute-Communication-Ratio = 3.998037

******************************************************
Received vector X and V from master 
Called SetLoopLookahead: init: 0, final: 16000, step: 8, loopDepth: 1, cumulative-num-iterations: 40000, look-ahead-ns: 74074
Called SetLoopLookahead: init: 0, final: 20, step: 1, loopDepth: 1, cumulative-num-iterations: 40000, look-ahead-ns: 237037
Called SetLoopLookahead: init: 0, final: 2000, step: 1, loopDepth: 2, cumulative-num-iterations: 80000000, look-ahead-ns: 177777776
Sending offset = 140 to master !
Sending rows = 20 to master !
Sending result vector partition to master!
Sent results to master 
MSG: 63 Done.
Avg-Compute-Communication-Ratio = 3.997197

******************************************************
Received vector X and V from master 
Called SetLoopLookahead: init: 0, final: 16000, step: 8, loopDepth: 1, cumulative-num-iterations: 40000, look-ahead-ns: 74074
Called SetLoopLookahead: init: 0, final: 20, step: 1, loopDepth: 1, cumulative-num-iterations: 40000, look-ahead-ns: 237037
Called SetLoopLookahead: init: 0, final: 2000, step: 1, loopDepth: 2, cumulative-num-iterations: 80000000, look-ahead-ns: 177777776
Sending offset = 140 to master !
Sending rows = 20 to master !
Sending result vector partition to master!
Sent results to master 
MSG: 64 Done.
Avg-Compute-Communication-Ratio = 3.996874

******************************************************
Received vector X and V from master 
Called SetLoopLookahead: init: 0, final: 16000, step: 8, loopDepth: 1, cumulative-num-iterations: 40000, look-ahead-ns: 74074
Called SetLoopLookahead: init: 0, final: 20, step: 1, loopDepth: 1, cumulative-num-iterations: 40000, look-ahead-ns: 237037
Called SetLoopLookahead: init: 0, final: 2000, step: 1, loopDepth: 2, cumulative-num-iterations: 80000000, look-ahead-ns: 177777776
Sending offset = 140 to master !
Sending rows = 20 to master !
Sending result vector partition to master!
Sent results to master 
MSG: 65 Done.
Avg-Compute-Communication-Ratio = 3.996291

******************************************************
Received vector X and V from master 
Called SetLoopLookahead: init: 0, final: 16000, step: 8, loopDepth: 1, cumulative-num-iterations: 40000, look-ahead-ns: 74074
Called SetLoopLookahead: init: 0, final: 20, step: 1, loopDepth: 1, cumulative-num-iterations: 40000, look-ahead-ns: 237037
Called SetLoopLookahead: init: 0, final: 2000, step: 1, loopDepth: 2, cumulative-num-iterations: 80000000, look-ahead-ns: 177777776
Sending offset = 140 to master !
Sending rows = 20 to master !
Sending result vector partition to master!
Sent results to master 
MSG: 66 Done.
Avg-Compute-Communication-Ratio = 3.996686

******************************************************
Received vector X and V from master 
Called SetLoopLookahead: init: 0, final: 16000, step: 8, loopDepth: 1, cumulative-num-iterations: 40000, look-ahead-ns: 74074
Called SetLoopLookahead: init: 0, final: 20, step: 1, loopDepth: 1, cumulative-num-iterations: 40000, look-ahead-ns: 237037
Called SetLoopLookahead: init: 0, final: 2000, step: 1, loopDepth: 2, cumulative-num-iterations: 80000000, look-ahead-ns: 177777776
Sending offset = 140 to master !
Sending rows = 20 to master !
Sending result vector partition to master!
Sent results to master 
MSG: 67 Done.
Avg-Compute-Communication-Ratio = 3.996030

******************************************************
Received vector X and V from master 
Called SetLoopLookahead: init: 0, final: 16000, step: 8, loopDepth: 1, cumulative-num-iterations: 40000, look-ahead-ns: 74074
Called SetLoopLookahead: init: 0, final: 20, step: 1, loopDepth: 1, cumulative-num-iterations: 40000, look-ahead-ns: 237037
Called SetLoopLookahead: init: 0, final: 2000, step: 1, loopDepth: 2, cumulative-num-iterations: 80000000, look-ahead-ns: 177777776
Sending offset = 140 to master !
Sending rows = 20 to master !
Sending result vector partition to master!
Sent results to master 
MSG: 68 Done.
Avg-Compute-Communication-Ratio = 3.993496

******************************************************
Received vector X and V from master 
Called SetLoopLookahead: init: 0, final: 16000, step: 8, loopDepth: 1, cumulative-num-iterations: 40000, look-ahead-ns: 74074
Called SetLoopLookahead: init: 0, final: 20, step: 1, loopDepth: 1, cumulative-num-iterations: 40000, look-ahead-ns: 237037
Called SetLoopLookahead: init: 0, final: 2000, step: 1, loopDepth: 2, cumulative-num-iterations: 80000000, look-ahead-ns: 177777776
Sending offset = 140 to master !
Sending rows = 20 to master !
Sending result vector partition to master!
Sent results to master 
MSG: 69 Done.
Avg-Compute-Communication-Ratio = 3.992969

******************************************************
Received vector X and V from master 
Called SetLoopLookahead: init: 0, final: 16000, step: 8, loopDepth: 1, cumulative-num-iterations: 40000, look-ahead-ns: 74074
Called SetLoopLookahead: init: 0, final: 20, step: 1, loopDepth: 1, cumulative-num-iterations: 40000, look-ahead-ns: 237037
Called SetLoopLookahead: init: 0, final: 2000, step: 1, loopDepth: 2, cumulative-num-iterations: 80000000, look-ahead-ns: 177777776
Sending offset = 140 to master !
Sending rows = 20 to master !
Sending result vector partition to master!
Sent results to master 
MSG: 70 Done.
Avg-Compute-Communication-Ratio = 3.996441

******************************************************
Received vector X and V from master 
Called SetLoopLookahead: init: 0, final: 16000, step: 8, loopDepth: 1, cumulative-num-iterations: 40000, look-ahead-ns: 74074
Called SetLoopLookahead: init: 0, final: 20, step: 1, loopDepth: 1, cumulative-num-iterations: 40000, look-ahead-ns: 237037
Called SetLoopLookahead: init: 0, final: 2000, step: 1, loopDepth: 2, cumulative-num-iterations: 80000000, look-ahead-ns: 177777776
Sending offset = 140 to master !
Sending rows = 20 to master !
Sending result vector partition to master!
Sent results to master 
MSG: 71 Done.
Avg-Compute-Communication-Ratio = 3.995365

******************************************************
Received vector X and V from master 
Called SetLoopLookahead: init: 0, final: 16000, step: 8, loopDepth: 1, cumulative-num-iterations: 40000, look-ahead-ns: 74074
Called SetLoopLookahead: init: 0, final: 20, step: 1, loopDepth: 1, cumulative-num-iterations: 40000, look-ahead-ns: 237037
Called SetLoopLookahead: init: 0, final: 2000, step: 1, loopDepth: 2, cumulative-num-iterations: 80000000, look-ahead-ns: 177777776
Sending offset = 140 to master !
Sending rows = 20 to master !
Sending result vector partition to master!
Sent results to master 
MSG: 72 Done.
Avg-Compute-Communication-Ratio = 3.994851

******************************************************
Received vector X and V from master 
Called SetLoopLookahead: init: 0, final: 16000, step: 8, loopDepth: 1, cumulative-num-iterations: 40000, look-ahead-ns: 74074
Called SetLoopLookahead: init: 0, final: 20, step: 1, loopDepth: 1, cumulative-num-iterations: 40000, look-ahead-ns: 237037
Called SetLoopLookahead: init: 0, final: 2000, step: 1, loopDepth: 2, cumulative-num-iterations: 80000000, look-ahead-ns: 177777776
Sending offset = 140 to master !
Sending rows = 20 to master !
Sending result vector partition to master!
Sent results to master 
MSG: 73 Done.
Avg-Compute-Communication-Ratio = 3.991623

******************************************************
Received vector X and V from master 
Called SetLoopLookahead: init: 0, final: 16000, step: 8, loopDepth: 1, cumulative-num-iterations: 40000, look-ahead-ns: 74074
Called SetLoopLookahead: init: 0, final: 20, step: 1, loopDepth: 1, cumulative-num-iterations: 40000, look-ahead-ns: 237037
Called SetLoopLookahead: init: 0, final: 2000, step: 1, loopDepth: 2, cumulative-num-iterations: 80000000, look-ahead-ns: 177777776
Sending offset = 140 to master !
Sending rows = 20 to master !
Sending result vector partition to master!
Sent results to master 
MSG: 74 Done.
Avg-Compute-Communication-Ratio = 3.997896

******************************************************
Received vector X and V from master 
Called SetLoopLookahead: init: 0, final: 16000, step: 8, loopDepth: 1, cumulative-num-iterations: 40000, look-ahead-ns: 74074
Called SetLoopLookahead: init: 0, final: 20, step: 1, loopDepth: 1, cumulative-num-iterations: 40000, look-ahead-ns: 237037
Called SetLoopLookahead: init: 0, final: 2000, step: 1, loopDepth: 2, cumulative-num-iterations: 80000000, look-ahead-ns: 177777776
Sending offset = 140 to master !
Sending rows = 20 to master !
Sending result vector partition to master!
Sent results to master 
MSG: 75 Done.
Avg-Compute-Communication-Ratio = 4.002935

******************************************************
Received vector X and V from master 
Called SetLoopLookahead: init: 0, final: 16000, step: 8, loopDepth: 1, cumulative-num-iterations: 40000, look-ahead-ns: 74074
Called SetLoopLookahead: init: 0, final: 20, step: 1, loopDepth: 1, cumulative-num-iterations: 40000, look-ahead-ns: 237037
Called SetLoopLookahead: init: 0, final: 2000, step: 1, loopDepth: 2, cumulative-num-iterations: 80000000, look-ahead-ns: 177777776
Sending offset = 140 to master !
Sending rows = 20 to master !
Sending result vector partition to master!
Sent results to master 
MSG: 76 Done.
Avg-Compute-Communication-Ratio = 4.005947

******************************************************
Received vector X and V from master 
Called SetLoopLookahead: init: 0, final: 16000, step: 8, loopDepth: 1, cumulative-num-iterations: 40000, look-ahead-ns: 74074
Called SetLoopLookahead: init: 0, final: 20, step: 1, loopDepth: 1, cumulative-num-iterations: 40000, look-ahead-ns: 237037
Called SetLoopLookahead: init: 0, final: 2000, step: 1, loopDepth: 2, cumulative-num-iterations: 80000000, look-ahead-ns: 177777776
Sending offset = 140 to master !
Sending rows = 20 to master !
Sending result vector partition to master!
Sent results to master 
MSG: 77 Done.
Avg-Compute-Communication-Ratio = 4.004093

******************************************************
Received vector X and V from master 
Called SetLoopLookahead: init: 0, final: 16000, step: 8, loopDepth: 1, cumulative-num-iterations: 40000, look-ahead-ns: 74074
Called SetLoopLookahead: init: 0, final: 20, step: 1, loopDepth: 1, cumulative-num-iterations: 40000, look-ahead-ns: 237037
Called SetLoopLookahead: init: 0, final: 2000, step: 1, loopDepth: 2, cumulative-num-iterations: 80000000, look-ahead-ns: 177777776
Sending offset = 140 to master !
Sending rows = 20 to master !
Sending result vector partition to master!
Sent results to master 
MSG: 78 Done.
Avg-Compute-Communication-Ratio = 4.003030

******************************************************
Received vector X and V from master 
Called SetLoopLookahead: init: 0, final: 16000, step: 8, loopDepth: 1, cumulative-num-iterations: 40000, look-ahead-ns: 74074
Called SetLoopLookahead: init: 0, final: 20, step: 1, loopDepth: 1, cumulative-num-iterations: 40000, look-ahead-ns: 237037
Called SetLoopLookahead: init: 0, final: 2000, step: 1, loopDepth: 2, cumulative-num-iterations: 80000000, look-ahead-ns: 177777776
Sending offset = 140 to master !
Sending rows = 20 to master !
Sending result vector partition to master!
Sent results to master 
MSG: 79 Done.
Avg-Compute-Communication-Ratio = 4.002557

******************************************************
Received vector X and V from master 
Called SetLoopLookahead: init: 0, final: 16000, step: 8, loopDepth: 1, cumulative-num-iterations: 40000, look-ahead-ns: 74074
Called SetLoopLookahead: init: 0, final: 20, step: 1, loopDepth: 1, cumulative-num-iterations: 40000, look-ahead-ns: 237037
Called SetLoopLookahead: init: 0, final: 2000, step: 1, loopDepth: 2, cumulative-num-iterations: 80000000, look-ahead-ns: 177777776
Sending offset = 140 to master !
Sending rows = 20 to master !
Sending result vector partition to master!
Sent results to master 
MSG: 80 Done.
Avg-Compute-Communication-Ratio = 4.005724

******************************************************
Received vector X and V from master 
Called SetLoopLookahead: init: 0, final: 16000, step: 8, loopDepth: 1, cumulative-num-iterations: 40000, look-ahead-ns: 74074
Called SetLoopLookahead: init: 0, final: 20, step: 1, loopDepth: 1, cumulative-num-iterations: 40000, look-ahead-ns: 237037
Called SetLoopLookahead: init: 0, final: 2000, step: 1, loopDepth: 2, cumulative-num-iterations: 80000000, look-ahead-ns: 177777776
Sending offset = 140 to master !
Sending rows = 20 to master !
Sending result vector partition to master!
Sent results to master 
MSG: 81 Done.
Avg-Compute-Communication-Ratio = 4.000742

******************************************************
Received vector X and V from master 
Called SetLoopLookahead: init: 0, final: 16000, step: 8, loopDepth: 1, cumulative-num-iterations: 40000, look-ahead-ns: 74074
Called SetLoopLookahead: init: 0, final: 20, step: 1, loopDepth: 1, cumulative-num-iterations: 40000, look-ahead-ns: 237037
Called SetLoopLookahead: init: 0, final: 2000, step: 1, loopDepth: 2, cumulative-num-iterations: 80000000, look-ahead-ns: 177777776
Sending offset = 140 to master !
Sending rows = 20 to master !
Sending result vector partition to master!
Sent results to master 
MSG: 82 Done.
Avg-Compute-Communication-Ratio = 4.011146

******************************************************
Received vector X and V from master 
Called SetLoopLookahead: init: 0, final: 16000, step: 8, loopDepth: 1, cumulative-num-iterations: 40000, look-ahead-ns: 74074
Called SetLoopLookahead: init: 0, final: 20, step: 1, loopDepth: 1, cumulative-num-iterations: 40000, look-ahead-ns: 237037
Called SetLoopLookahead: init: 0, final: 2000, step: 1, loopDepth: 2, cumulative-num-iterations: 80000000, look-ahead-ns: 177777776
Sending offset = 140 to master !
Sending rows = 20 to master !
Sending result vector partition to master!
Sent results to master 
MSG: 83 Done.
Avg-Compute-Communication-Ratio = 4.015347

******************************************************
Received vector X and V from master 
Called SetLoopLookahead: init: 0, final: 16000, step: 8, loopDepth: 1, cumulative-num-iterations: 40000, look-ahead-ns: 74074
Called SetLoopLookahead: init: 0, final: 20, step: 1, loopDepth: 1, cumulative-num-iterations: 40000, look-ahead-ns: 237037
Called SetLoopLookahead: init: 0, final: 2000, step: 1, loopDepth: 2, cumulative-num-iterations: 80000000, look-ahead-ns: 177777776
Sending offset = 140 to master !
Sending rows = 20 to master !
Sending result vector partition to master!
Sent results to master 
MSG: 84 Done.
Avg-Compute-Communication-Ratio = 4.014501

******************************************************
Received vector X and V from master 
Called SetLoopLookahead: init: 0, final: 16000, step: 8, loopDepth: 1, cumulative-num-iterations: 40000, look-ahead-ns: 74074
Called SetLoopLookahead: init: 0, final: 20, step: 1, loopDepth: 1, cumulative-num-iterations: 40000, look-ahead-ns: 237037
Called SetLoopLookahead: init: 0, final: 2000, step: 1, loopDepth: 2, cumulative-num-iterations: 80000000, look-ahead-ns: 177777776
Exp finishing. Stopping stack thread with id: 6!

------------------------- ACTUAL STDOUT FROM EXECUTABLE ENDED -----------------------------

Process: 6 exiting VT experiment !
Main thread exiting. PID = 6
