Attempting to set static arp entries ...
Tracer: 11 >> Using SRC IP: 10.1.21.70 for any spawned virtual tcp-stacks
Tracer: 11 >> Updating firewall rules to drop outgoing TCP-RST packets
Attempting to set firewall rules ...
Tracer: 11 >> CMD TO RUN: /home/vignesh/VT-S3FNet/csudp/tcp_tgen/tgen client 31 10.1.22.14 7891 poisson 200000 256 > /home/vignesh/VT-S3FNet/experiment-data/TCP_LA_Enabled_nemus_100_poisson_mu_200000_txsize_256/client31.log
args[0] = /home/vignesh/VT-S3FNet/csudp/tcp_tgen/tgen
args[1] = client
args[2] = 31
args[3] = 10.1.22.14
args[4] = 7891
args[5] = poisson
args[6] = 200000
args[7] = 256
Setting appropriate environment variables ...
HOME DIRECTORY : /home/vignesh
Parsing TTN config file: /home/vignesh/.ttn/projects.db
Setting VT_L1_INS_CACHE_MISS_CYCLES to: 100
Setting VT_L1_INS_CACHE_LINES to: 64
Setting VT_L1_INS_CACHE_SIZE_KB to: 32
Setting VT_L1_INS_CACHE_ASSOC to: 8
Setting VT_L1_INS_CACHE_REPLACEMENT_POLICY to: LRU
Setting VT_L1_DATA_CACHE_MISS_CYCLES to: 100
Setting VT_L1_DATA_CACHE_LINES to: 64
Setting VT_L1_DATA_CACHE_SIZE_KB to: 32
Setting VT_L1_DATA_CACHE_ASSOC to: 8
Setting VT_L1_DATA_CACHE_REPLACEMENT_POLICY to: LRU
Setting VT_CPU_CYLES_NS to: 2.700000
Setting VT_NIC_SPEED_MBPS to: 1000.000000
Setting VT_TIMING_MODEL to: EMPIRICAL
Setting VT_BBL_LOOKAHEAD_FILE to: /home/vignesh/VT-S3FNet/csudp/tcp_tgen/.ttn/lookahead/bbl_lookahead.info
Setting VT_LOOP_LOOKAHEAD_FILE to: /home/vignesh/VT-S3FNet/csudp/tcp_tgen/.ttn/lookahead/loop_lookahead.info
Starting command: /home/vignesh/VT-S3FNet/csudp/tcp_tgen/tgen
Loading orig functions !
Starting executable with Pid = 6
Loading pointers to VTL Logic functions
Loaded pointers to all VTL Logic functions
Now Initializing VT-Management 
Extracting env variables !
Extracted tracer-id: 11
Extracted exp-type: 2
Extracted cpu-cycles-ns: 2.700000
Extracted socket-layer-ip: 1175781642
Starting VT-initialization !
Tracer-ID: 11, Timeline-ID: 11
Tracer registration for EXP_CS complete. TimelineID = 11, Return = 11
Tracer Adding to SQ. Tracer ID = 11
Parsing any provided lookahead information ...
Opening file: /home/vignesh/VT-S3FNet/csudp/tcp_tgen/.ttn/lookahead/bbl_lookahead.info
File size: 592
mapped memblock size: 592
Finish offset: 70, Number of values: 70
Returning success !
Loaded BBL lookaheads for 70 basic blocks ...
Opening file: /home/vignesh/VT-S3FNet/csudp/tcp_tgen/.ttn/lookahead/loop_lookahead.info
Failed to parse Loop Lookaheads. Ignoring ...
VT initialization successfull !
Finished Initializing VT-Management 
Initializing TCP-stack ...
TCP stack unique-id: 116
Starting virtual socket layer stack-thread !
Pthread_create: vtStackThread special case
Successfully initialized VTL-Logic embedded into the executable

------------------------- ACTUAL STDOUT FROM EXECUTABLE STARTS -----------------------------

Client: MyPid: 6
Adding new vt-tcp-socket !
Creating vt-tcp socket !
Client socket fd = 4097
setsockopt through vt-tcp !
setsockopt through vt-tcp !
Connecting to server ...
Connecting .. Socket: 4097, src-port: 40001
Waking up connected socket !
Socket connect success. socket = 4097
Connecting through vt-tcp success !
Sending data ...
Sending msgs of size: 1460 to server ...
Sent: 256 KB after: 0.010989 secs
Sent: 256 KB after: 0.455497 secs
Sent: 256 KB after: 0.017809 secs
Sent: 256 KB after: 0.188449 secs
Sent: 256 KB after: 0.078419 secs
Sent: 256 KB after: 0.018760 secs
Sent: 256 KB after: 0.086673 secs
Sent: 256 KB after: 0.237803 secs
Sent: 256 KB after: 0.104351 secs
Sent: 256 KB after: 0.068539 secs
Sent: 256 KB after: 0.013633 secs
Sent: 256 KB after: 0.056071 secs
Sent: 256 KB after: 0.002882 secs
Sent: 256 KB after: 0.126154 secs
Sent: 256 KB after: 0.132515 secs
Sent: 256 KB after: 0.296914 secs
Sent: 256 KB after: 0.004553 secs
Sent: 256 KB after: 0.186290 secs
Sent: 256 KB after: 0.401476 secs
Sent: 256 KB after: 0.050473 secs
Sent: 256 KB after: 0.361692 secs
Sent: 256 KB after: 0.267478 secs
Sent: 256 KB after: 0.126303 secs
Sent: 256 KB after: 0.131350 secs
Sent: 256 KB after: 0.169684 secs
Sent: 256 KB after: 0.006402 secs
Sent: 256 KB after: 0.057906 secs
Sent: 256 KB after: 0.186090 secs
Sent: 256 KB after: 0.033133 secs
Sent: 256 KB after: 0.073674 secs
Sent: 256 KB after: 0.409843 secs
Sent: 256 KB after: 0.046168 secs
Sent: 256 KB after: 0.046033 secs
Sent: 256 KB after: 0.626353 secs
Sent: 256 KB after: 0.338978 secs
Sent: 256 KB after: 0.150986 secs
Sent: 256 KB after: 0.009397 secs
Sent: 256 KB after: 0.036798 secs
Sent: 256 KB after: 0.051091 secs
Sent: 256 KB after: 0.120449 secs
Sent: 256 KB after: 0.122572 secs
Sent: 256 KB after: 0.068872 secs
Sent: 256 KB after: 0.238742 secs
Sent: 256 KB after: 0.127925 secs
Sent: 256 KB after: 0.284713 secs
Sent: 256 KB after: 0.040028 secs
Sent: 256 KB after: 0.056449 secs
Sent: 256 KB after: 0.304337 secs
Sent: 256 KB after: 0.309670 secs
Sent: 256 KB after: 0.023660 secs
Sent: 256 KB after: 0.001000 secs
Sent: 256 KB after: 0.195365 secs
Sent: 256 KB after: 0.378147 secs
Sent: 256 KB after: 0.128077 secs
Sent: 256 KB after: 0.022178 secs
Sent: 256 KB after: 0.109272 secs
Sent: 256 KB after: 0.140403 secs
Sent: 256 KB after: 0.088119 secs
Sent: 256 KB after: 0.005386 secs
Sent: 256 KB after: 0.214054 secs
Sent: 256 KB after: 0.218416 secs
Sent: 256 KB after: 0.456037 secs
Sent: 256 KB after: 0.397873 secs
Exp finishing. Stopping stack thread with id: 6!
VT-sleep-for exiting !

------------------------- ACTUAL STDOUT FROM EXECUTABLE ENDED -----------------------------

Process: 6 exiting VT experiment !
Main thread exiting. PID = 6
