Attempting to set static arp entries ...
Tracer: 21 >> Using SRC IP: 10.1.20.166 for any spawned virtual tcp-stacks
Tracer: 21 >> Updating firewall rules to drop outgoing TCP-RST packets
Attempting to set firewall rules ...
Tracer: 21 >> CMD TO RUN: /home/vignesh/VT-S3FNet/csudp/tcp_tgen/tgen client 41 10.1.22.54 7891 poisson 200000 256 > /home/vignesh/VT-S3FNet/experiment-data/TCP_LA_Enabled_nemus_100_poisson_mu_200000_txsize_256/client41.log
args[0] = /home/vignesh/VT-S3FNet/csudp/tcp_tgen/tgen
args[1] = client
args[2] = 41
args[3] = 10.1.22.54
args[4] = 7891
args[5] = poisson
args[6] = 200000
args[7] = 256
Setting appropriate environment variables ...
HOME DIRECTORY : /home/vignesh
Parsing TTN config file: /home/vignesh/.ttn/projects.db
Setting VT_L1_INS_CACHE_MISS_CYCLES to: 100
Setting VT_L1_INS_CACHE_LINES to: 64
Setting VT_L1_INS_CACHE_SIZE_KB to: 32
Setting VT_L1_INS_CACHE_ASSOC to: 8
Setting VT_L1_INS_CACHE_REPLACEMENT_POLICY to: LRU
Setting VT_L1_DATA_CACHE_MISS_CYCLES to: 100
Setting VT_L1_DATA_CACHE_LINES to: 64
Setting VT_L1_DATA_CACHE_SIZE_KB to: 32
Setting VT_L1_DATA_CACHE_ASSOC to: 8
Setting VT_L1_DATA_CACHE_REPLACEMENT_POLICY to: LRU
Setting VT_CPU_CYLES_NS to: 2.700000
Setting VT_NIC_SPEED_MBPS to: 1000.000000
Setting VT_TIMING_MODEL to: EMPIRICAL
Setting VT_BBL_LOOKAHEAD_FILE to: /home/vignesh/VT-S3FNet/csudp/tcp_tgen/.ttn/lookahead/bbl_lookahead.info
Setting VT_LOOP_LOOKAHEAD_FILE to: /home/vignesh/VT-S3FNet/csudp/tcp_tgen/.ttn/lookahead/loop_lookahead.info
Starting command: /home/vignesh/VT-S3FNet/csudp/tcp_tgen/tgen
Loading orig functions !
Starting executable with Pid = 6
Loading pointers to VTL Logic functions
Loaded pointers to all VTL Logic functions
Now Initializing VT-Management 
Extracting env variables !
Extracted tracer-id: 21
Extracted exp-type: 2
Extracted cpu-cycles-ns: 2.700000
Extracted socket-layer-ip: -1508638454
Starting VT-initialization !
Tracer-ID: 21, Timeline-ID: 21
Tracer registration for EXP_CS complete. TimelineID = 21, Return = 21
Tracer Adding to SQ. Tracer ID = 21
Parsing any provided lookahead information ...
Opening file: /home/vignesh/VT-S3FNet/csudp/tcp_tgen/.ttn/lookahead/bbl_lookahead.info
File size: 592
mapped memblock size: 592
Finish offset: 70, Number of values: 70
Returning success !
Loaded BBL lookaheads for 70 basic blocks ...
Opening file: /home/vignesh/VT-S3FNet/csudp/tcp_tgen/.ttn/lookahead/loop_lookahead.info
Failed to parse Loop Lookaheads. Ignoring ...
VT initialization successfull !
Finished Initializing VT-Management 
Initializing TCP-stack ...
TCP stack unique-id: 216
Starting virtual socket layer stack-thread !
Pthread_create: vtStackThread special case
Successfully initialized VTL-Logic embedded into the executable

------------------------- ACTUAL STDOUT FROM EXECUTABLE STARTS -----------------------------

Client: MyPid: 6
Adding new vt-tcp-socket !
Creating vt-tcp socket !
Client socket fd = 4097
setsockopt through vt-tcp !
setsockopt through vt-tcp !
Connecting to server ...
Connecting .. Socket: 4097, src-port: 40001
Waking up connected socket !
Socket connect success. socket = 4097
Connecting through vt-tcp success !
Sending data ...
Sending msgs of size: 1460 to server ...
Sent: 256 KB after: 0.446447 secs
Sent: 256 KB after: 0.244434 secs
Sent: 256 KB after: 0.381268 secs
Sent: 256 KB after: 0.194923 secs
Sent: 256 KB after: 0.260187 secs
Sent: 256 KB after: 0.223895 secs
Sent: 256 KB after: 0.121671 secs
Sent: 256 KB after: 0.239822 secs
Sent: 256 KB after: 0.122449 secs
Sent: 256 KB after: 0.060231 secs
Sent: 256 KB after: 0.144169 secs
Sent: 256 KB after: 0.553599 secs
Sent: 256 KB after: 0.209395 secs
Sent: 256 KB after: 0.208280 secs
Sent: 256 KB after: 0.032236 secs
Sent: 256 KB after: 0.055446 secs
Sent: 256 KB after: 0.232133 secs
Sent: 256 KB after: 0.154273 secs
Sent: 256 KB after: 0.239716 secs
Sent: 256 KB after: 0.106599 secs
Sent: 256 KB after: 0.016258 secs
Sent: 256 KB after: 0.038916 secs
Sent: 256 KB after: 0.059921 secs
Sent: 256 KB after: 0.183422 secs
Sent: 256 KB after: 0.161093 secs
Sent: 256 KB after: 0.736717 secs
Sent: 256 KB after: 0.053756 secs
Sent: 256 KB after: 0.229192 secs
Sent: 256 KB after: 0.509552 secs
Sent: 256 KB after: 0.044760 secs
Sent: 256 KB after: 0.001000 secs
Sent: 256 KB after: 0.336891 secs
Sent: 256 KB after: 0.472754 secs
Sent: 256 KB after: 0.386769 secs
Sent: 256 KB after: 0.114937 secs
Sent: 256 KB after: 0.200837 secs
Sent: 256 KB after: 0.150561 secs
Sent: 256 KB after: 0.446745 secs
Sent: 256 KB after: 0.080752 secs
Sent: 256 KB after: 0.865887 secs
Sent: 256 KB after: 0.033189 secs
Sent: 256 KB after: 0.373970 secs
Exp finishing. Stopping stack thread with id: 6!
VT-sleep-for exiting !

------------------------- ACTUAL STDOUT FROM EXECUTABLE ENDED -----------------------------

Process: 6 exiting VT experiment !
Main thread exiting. PID = 6
