Attempting to set static arp entries ...
Tracer: 22 >> Using SRC IP: 10.1.20.162 for any spawned virtual tcp-stacks
Tracer: 22 >> Updating firewall rules to drop outgoing TCP-RST packets
Attempting to set firewall rules ...
Tracer: 22 >> CMD TO RUN: /home/vignesh/VT-S3FNet/csudp/tcp_tgen/tgen client 42 10.1.21.150 7891 poisson 200000 256 > /home/vignesh/VT-S3FNet/experiment-data/TCP_LA_Disabled_nemus_100_poisson_mu_200000_txsize_256/client42.log
args[0] = /home/vignesh/VT-S3FNet/csudp/tcp_tgen/tgen
args[1] = client
args[2] = 42
args[3] = 10.1.21.150
args[4] = 7891
args[5] = poisson
args[6] = 200000
args[7] = 256
Setting appropriate environment variables ...
HOME DIRECTORY : /home/vignesh
Parsing TTN config file: /home/vignesh/.ttn/projects.db
Setting VT_L1_INS_CACHE_MISS_CYCLES to: 100
Setting VT_L1_INS_CACHE_LINES to: 64
Setting VT_L1_INS_CACHE_SIZE_KB to: 32
Setting VT_L1_INS_CACHE_ASSOC to: 8
Setting VT_L1_INS_CACHE_REPLACEMENT_POLICY to: LRU
Setting VT_L1_DATA_CACHE_MISS_CYCLES to: 100
Setting VT_L1_DATA_CACHE_LINES to: 64
Setting VT_L1_DATA_CACHE_SIZE_KB to: 32
Setting VT_L1_DATA_CACHE_ASSOC to: 8
Setting VT_L1_DATA_CACHE_REPLACEMENT_POLICY to: LRU
Setting VT_CPU_CYLES_NS to: 2.700000
Setting VT_NIC_SPEED_MBPS to: 1000.000000
Setting VT_TIMING_MODEL to: EMPIRICAL
Setting VT_BBL_LOOKAHEAD_FILE to: /home/vignesh/VT-S3FNet/csudp/tcp_tgen/.ttn/lookahead/bbl_lookahead.info
Setting VT_LOOP_LOOKAHEAD_FILE to: /home/vignesh/VT-S3FNet/csudp/tcp_tgen/.ttn/lookahead/loop_lookahead.info
Starting command: /home/vignesh/VT-S3FNet/csudp/tcp_tgen/tgen
Loading orig functions !
Starting executable with Pid = 6
Loading pointers to VTL Logic functions
Loaded pointers to all VTL Logic functions
Now Initializing VT-Management 
Extracting env variables !
Extracted tracer-id: 22
Extracted exp-type: 2
Extracted cpu-cycles-ns: 2.700000
Extracted socket-layer-ip: -1575747318
Starting VT-initialization !
Tracer-ID: 22, Timeline-ID: 22
Tracer registration for EXP_CS complete. TimelineID = 22, Return = 22
Tracer Adding to SQ. Tracer ID = 22
Parsing any provided lookahead information ...
Opening file: /home/vignesh/VT-S3FNet/csudp/tcp_tgen/.ttn/lookahead/bbl_lookahead.info
File size: 592
mapped memblock size: 592
Finish offset: 70, Number of values: 70
Returning success !
Loaded BBL lookaheads for 70 basic blocks ...
Opening file: /home/vignesh/VT-S3FNet/csudp/tcp_tgen/.ttn/lookahead/loop_lookahead.info
Failed to parse Loop Lookaheads. Ignoring ...
VT initialization successfull !
Finished Initializing VT-Management 
Initializing TCP-stack ...
TCP stack unique-id: 226
Starting virtual socket layer stack-thread !
Pthread_create: vtStackThread special case
Successfully initialized VTL-Logic embedded into the executable

------------------------- ACTUAL STDOUT FROM EXECUTABLE STARTS -----------------------------

Client: MyPid: 6
Adding new vt-tcp-socket !
Creating vt-tcp socket !
Client socket fd = 4097
setsockopt through vt-tcp !
setsockopt through vt-tcp !
Connecting to server ...
Connecting .. Socket: 4097, src-port: 40001
Waking up connected socket !
Socket connect success. socket = 4097
Connecting through vt-tcp success !
Sending data ...
Sending msgs of size: 1460 to server ...
Sent: 256 KB after: 0.128399 secs
Sent: 256 KB after: 0.359153 secs
Sent: 256 KB after: 0.416923 secs
Sent: 256 KB after: 0.077274 secs
Sent: 256 KB after: 0.013515 secs
Sent: 256 KB after: 0.422758 secs
Sent: 256 KB after: 0.165154 secs
Sent: 256 KB after: 0.031447 secs
Sent: 256 KB after: 0.001974 secs
Sent: 256 KB after: 0.021567 secs
Sent: 256 KB after: 0.185430 secs
Sent: 256 KB after: 0.160933 secs
Sent: 256 KB after: 0.034114 secs
Sent: 256 KB after: 0.034849 secs
Sent: 256 KB after: 0.012572 secs
Sent: 256 KB after: 0.357169 secs
Sent: 256 KB after: 1.158437 secs
Sent: 256 KB after: 0.225161 secs
Sent: 256 KB after: 0.195559 secs
Sent: 256 KB after: 0.148715 secs
Sent: 256 KB after: 0.070234 secs
Sent: 256 KB after: 0.047561 secs
Sent: 256 KB after: 0.065342 secs
Sent: 256 KB after: 0.072737 secs
Sent: 256 KB after: 0.367283 secs
Sent: 256 KB after: 0.059666 secs
Sent: 256 KB after: 0.348982 secs
Sent: 256 KB after: 0.197419 secs
Sent: 256 KB after: 0.360341 secs
Sent: 256 KB after: 0.079855 secs
Sent: 256 KB after: 0.033188 secs
Sent: 256 KB after: 0.073848 secs
Sent: 256 KB after: 0.035633 secs
Sent: 256 KB after: 0.005793 secs
Sent: 256 KB after: 0.198431 secs
Sent: 256 KB after: 0.051893 secs
Sent: 256 KB after: 0.476694 secs
Sent: 256 KB after: 0.042472 secs
Sent: 256 KB after: 0.093692 secs
Sent: 256 KB after: 0.499214 secs
Sent: 256 KB after: 0.069500 secs
Sent: 256 KB after: 0.766612 secs
Sent: 256 KB after: 0.127109 secs
Sent: 256 KB after: 0.119700 secs
Sent: 256 KB after: 0.029762 secs
Sent: 256 KB after: 0.151550 secs
Sent: 256 KB after: 0.066455 secs
Sent: 256 KB after: 0.029055 secs
Sent: 256 KB after: 0.046359 secs
Sent: 256 KB after: 0.474107 secs
Sent: 256 KB after: 0.215646 secs
Sent: 256 KB after: 0.139844 secs
Sent: 256 KB after: 0.025161 secs
Exp finishing. Stopping stack thread with id: 6!
VT-sleep-for exiting !

------------------------- ACTUAL STDOUT FROM EXECUTABLE ENDED -----------------------------

Process: 6 exiting VT experiment !
Main thread exiting. PID = 6
