Attempting to set static arp entries ...
Tracer: 49 >> Using SRC IP: 10.1.21.222 for any spawned virtual tcp-stacks
Tracer: 49 >> Updating firewall rules to drop outgoing TCP-RST packets
Attempting to set firewall rules ...
Tracer: 49 >> CMD TO RUN: /home/vignesh/VT-S3FNet/csudp/tcp_tgen/tgen client 69 10.1.21.202 7891 poisson 200000 256 > /home/vignesh/VT-S3FNet/experiment-data/TCP_LA_Disabled_nemus_100_poisson_mu_200000_txsize_256/client69.log
args[0] = /home/vignesh/VT-S3FNet/csudp/tcp_tgen/tgen
args[1] = client
args[2] = 69
args[3] = 10.1.21.202
args[4] = 7891
args[5] = poisson
args[6] = 200000
args[7] = 256
Setting appropriate environment variables ...
HOME DIRECTORY : /home/vignesh
Parsing TTN config file: /home/vignesh/.ttn/projects.db
Setting VT_L1_INS_CACHE_MISS_CYCLES to: 100
Setting VT_L1_INS_CACHE_LINES to: 64
Setting VT_L1_INS_CACHE_SIZE_KB to: 32
Setting VT_L1_INS_CACHE_ASSOC to: 8
Setting VT_L1_INS_CACHE_REPLACEMENT_POLICY to: LRU
Setting VT_L1_DATA_CACHE_MISS_CYCLES to: 100
Setting VT_L1_DATA_CACHE_LINES to: 64
Setting VT_L1_DATA_CACHE_SIZE_KB to: 32
Setting VT_L1_DATA_CACHE_ASSOC to: 8
Setting VT_L1_DATA_CACHE_REPLACEMENT_POLICY to: LRU
Setting VT_CPU_CYLES_NS to: 2.700000
Setting VT_NIC_SPEED_MBPS to: 1000.000000
Setting VT_TIMING_MODEL to: EMPIRICAL
Setting VT_BBL_LOOKAHEAD_FILE to: /home/vignesh/VT-S3FNet/csudp/tcp_tgen/.ttn/lookahead/bbl_lookahead.info
Setting VT_LOOP_LOOKAHEAD_FILE to: /home/vignesh/VT-S3FNet/csudp/tcp_tgen/.ttn/lookahead/loop_lookahead.info
Starting command: /home/vignesh/VT-S3FNet/csudp/tcp_tgen/tgen
Loading orig functions !
Starting executable with Pid = 6
Loading pointers to VTL Logic functions
Loaded pointers to all VTL Logic functions
Now Initializing VT-Management 
Extracting env variables !
Extracted tracer-id: 49
Extracted exp-type: 2
Extracted cpu-cycles-ns: 2.700000
Extracted socket-layer-ip: -569048822
Starting VT-initialization !
Tracer-ID: 49, Timeline-ID: 49
Tracer registration for EXP_CS complete. TimelineID = 49, Return = 49
Tracer Adding to SQ. Tracer ID = 49
Parsing any provided lookahead information ...
Opening file: /home/vignesh/VT-S3FNet/csudp/tcp_tgen/.ttn/lookahead/bbl_lookahead.info
File size: 592
mapped memblock size: 592
Finish offset: 70, Number of values: 70
Returning success !
Loaded BBL lookaheads for 70 basic blocks ...
Opening file: /home/vignesh/VT-S3FNet/csudp/tcp_tgen/.ttn/lookahead/loop_lookahead.info
Failed to parse Loop Lookaheads. Ignoring ...
VT initialization successfull !
Finished Initializing VT-Management 
Initializing TCP-stack ...
TCP stack unique-id: 496
Starting virtual socket layer stack-thread !
Pthread_create: vtStackThread special case
Successfully initialized VTL-Logic embedded into the executable

------------------------- ACTUAL STDOUT FROM EXECUTABLE STARTS -----------------------------

Client: MyPid: 6
Adding new vt-tcp-socket !
Creating vt-tcp socket !
Client socket fd = 4097
setsockopt through vt-tcp !
setsockopt through vt-tcp !
Connecting to server ...
Connecting .. Socket: 4097, src-port: 40001
Waking up connected socket !
Socket connect success. socket = 4097
Connecting through vt-tcp success !
Sending data ...
Sending msgs of size: 1460 to server ...
Sent: 256 KB after: 0.054080 secs
Sent: 256 KB after: 0.091406 secs
Sent: 256 KB after: 0.179293 secs
Sent: 256 KB after: 0.277554 secs
Sent: 256 KB after: 0.282031 secs
Sent: 256 KB after: 0.140125 secs
Sent: 256 KB after: 0.154655 secs
Sent: 256 KB after: 0.072845 secs
Sent: 256 KB after: 0.137128 secs
Sent: 256 KB after: 0.125159 secs
Sent: 256 KB after: 0.218558 secs
Sent: 256 KB after: 0.294915 secs
Sent: 256 KB after: 0.144065 secs
Sent: 256 KB after: 0.031330 secs
Sent: 256 KB after: 0.072227 secs
Sent: 256 KB after: 0.115710 secs
Sent: 256 KB after: 0.155769 secs
Sent: 256 KB after: 0.008119 secs
Sent: 256 KB after: 0.334166 secs
Sent: 256 KB after: 0.267815 secs
Sent: 256 KB after: 0.378109 secs
Sent: 256 KB after: 0.097461 secs
Sent: 256 KB after: 0.012896 secs
Sent: 256 KB after: 0.149389 secs
Sent: 256 KB after: 0.416971 secs
Sent: 256 KB after: 0.045225 secs
Sent: 256 KB after: 0.831750 secs
Sent: 256 KB after: 0.125990 secs
Sent: 256 KB after: 0.088236 secs
Sent: 256 KB after: 0.019142 secs
Sent: 256 KB after: 0.008781 secs
Sent: 256 KB after: 0.180107 secs
Sent: 256 KB after: 0.122538 secs
Sent: 256 KB after: 0.201543 secs
Sent: 256 KB after: 0.084324 secs
Sent: 256 KB after: 0.048161 secs
Sent: 256 KB after: 0.029856 secs
Sent: 256 KB after: 0.428290 secs
Sent: 256 KB after: 0.146489 secs
Sent: 256 KB after: 0.201519 secs
Sent: 256 KB after: 0.085444 secs
Sent: 256 KB after: 0.040666 secs
Sent: 256 KB after: 0.104185 secs
Sent: 256 KB after: 0.394778 secs
Sent: 256 KB after: 0.079793 secs
Sent: 256 KB after: 0.246986 secs
Sent: 256 KB after: 0.071442 secs
Sent: 256 KB after: 0.408119 secs
Sent: 256 KB after: 0.276401 secs
Sent: 256 KB after: 0.023821 secs
Sent: 256 KB after: 0.187279 secs
Sent: 256 KB after: 0.182229 secs
Sent: 256 KB after: 0.137832 secs
Sent: 256 KB after: 0.221978 secs
Sent: 256 KB after: 0.026506 secs
Sent: 256 KB after: 0.093578 secs
Sent: 256 KB after: 0.412378 secs
Sent: 256 KB after: 0.022969 secs
Exp finishing. Stopping stack thread with id: 6!
VT-sleep-for exiting !

------------------------- ACTUAL STDOUT FROM EXECUTABLE ENDED -----------------------------

Process: 6 exiting VT experiment !
Main thread exiting. PID = 6
