Attempting to set static arp entries ...
Tracer: 22 >> Using SRC IP: 10.1.37.42 for any spawned virtual tcp-stacks
Tracer: 22 >> Updating firewall rules to drop outgoing TCP-RST packets
Attempting to set firewall rules ...
Tracer: 22 >> CMD TO RUN: /home/vignesh/VT-S3FNet/csudp/mpi_integral/mpi_int 21 101 10.1.37.42 > /home/vignesh/VT-S3FNet/experiment-data/MPI_LA_Disabled_nemus_101_mpi_int/worker21.log
args[0] = /home/vignesh/VT-S3FNet/csudp/mpi_integral/mpi_int
args[1] = 21
args[2] = 101
args[3] = 10.1.37.42
Setting appropriate environment variables ...
HOME DIRECTORY : /home/vignesh
Parsing TTN config file: /home/vignesh/.ttn/projects.db
Setting VT_L1_INS_CACHE_MISS_CYCLES to: 100
Setting VT_L1_INS_CACHE_LINES to: 64
Setting VT_L1_INS_CACHE_SIZE_KB to: 32
Setting VT_L1_INS_CACHE_ASSOC to: 8
Setting VT_L1_INS_CACHE_REPLACEMENT_POLICY to: LRU
Setting VT_L1_DATA_CACHE_MISS_CYCLES to: 100
Setting VT_L1_DATA_CACHE_LINES to: 64
Setting VT_L1_DATA_CACHE_SIZE_KB to: 32
Setting VT_L1_DATA_CACHE_ASSOC to: 8
Setting VT_L1_DATA_CACHE_REPLACEMENT_POLICY to: LRU
Setting VT_CPU_CYLES_NS to: 2.700000
Setting VT_NIC_SPEED_MBPS to: 1000.000000
Setting VT_TIMING_MODEL to: EMPIRICAL
Setting VT_BBL_LOOKAHEAD_FILE to: /home/vignesh/VT-S3FNet/csudp/mpi_integral/.ttn/lookahead/bbl_lookahead.info
Setting VT_LOOP_LOOKAHEAD_FILE to: /home/vignesh/VT-S3FNet/csudp/mpi_integral/.ttn/lookahead/loop_lookahead.info
Starting command: /home/vignesh/VT-S3FNet/csudp/mpi_integral/mpi_int
Loading orig functions !
Starting executable with Pid = 6
Loading pointers to VTL Logic functions
Loaded pointers to all VTL Logic functions
Now Initializing VT-Management 
Extracting env variables !
Extracted tracer-id: 22
Extracted exp-type: 2
Extracted cpu-cycles-ns: 2.700000
Extracted socket-layer-ip: 707068170
Starting VT-initialization !
Tracer-ID: 22, Timeline-ID: 22
Tracer registration for EXP_CS complete. TimelineID = 22, Return = 22
Tracer Adding to SQ. Tracer ID = 22
Parsing any provided lookahead information ...
Opening file: /home/vignesh/VT-S3FNet/csudp/mpi_integral/.ttn/lookahead/bbl_lookahead.info
File size: 176
mapped memblock size: 176
Finish offset: 18, Number of values: 18
Returning success !
Loaded BBL lookaheads for 18 basic blocks ...
Opening file: /home/vignesh/VT-S3FNet/csudp/mpi_integral/.ttn/lookahead/loop_lookahead.info
File size: 40
mapped memblock size: 40
Finish offset: 1, Number of values: 1
Returning success !
Loaded Loop lookaheads for 1 loops ...
VT initialization successfull !
Finished Initializing VT-Management 
Initializing TCP-stack ...
TCP stack unique-id: 226
Starting virtual socket layer stack-thread !
Pthread_create: vtStackThread special case
Successfully initialized VTL-Logic embedded into the executable

------------------------- ACTUAL STDOUT FROM EXECUTABLE STARTS -----------------------------

Rank = 21, Total = 101, IP = 10.1.37.42
Adding new vt-tcp-socket !
Creating vt-tcp socket !
bind through vt-tcp !
Server socket bound to ip:port: 10.1.37.42:10000
Waiting for OK message from other nodes !
Waiting for OK message !
listen through vt-tcp !
Accept through vt-tcp !
Successfully received OK message !

---------------- Waiting for higher ranked nodes to connect --------------
listen through vt-tcp !
Accepting connection from higher ranked node: 100
Accept through vt-tcp !
Entering time-wait from FIN_WAIT_2
Clearing all tcp timers !
Adding TcpLinger !
Accepted connection from higher ranked node: 100
Successfully connected with higher ranked node: 100
Accepting connection from higher ranked node: 99
Accept through vt-tcp !
Accepted connection from higher ranked node: 99
Successfully connected with higher ranked node: 99
Accepting connection from higher ranked node: 98
Accept through vt-tcp !
Accepted connection from higher ranked node: 98
Successfully connected with higher ranked node: 98
Accepting connection from higher ranked node: 97
Accept through vt-tcp !
Accepted connection from higher ranked node: 97
Successfully connected with higher ranked node: 97
Accepting connection from higher ranked node: 96
Accept through vt-tcp !
Accepted connection from higher ranked node: 96
Successfully connected with higher ranked node: 96
Accepting connection from higher ranked node: 95
Accept through vt-tcp !
Accepted connection from higher ranked node: 95
Successfully connected with higher ranked node: 95
Accepting connection from higher ranked node: 94
Accept through vt-tcp !
Accepted connection from higher ranked node: 94
Successfully connected with higher ranked node: 94
Accepting connection from higher ranked node: 93
Accept through vt-tcp !
Accepted connection from higher ranked node: 93
Successfully connected with higher ranked node: 93
Accepting connection from higher ranked node: 92
Accept through vt-tcp !
Accepted connection from higher ranked node: 92
Successfully connected with higher ranked node: 92
Accepting connection from higher ranked node: 91
Accept through vt-tcp !
Accepted connection from higher ranked node: 91
Successfully connected with higher ranked node: 91
Accepting connection from higher ranked node: 90
Accept through vt-tcp !
Accepted connection from higher ranked node: 90
Successfully connected with higher ranked node: 90
Accepting connection from higher ranked node: 89
Accept through vt-tcp !
Accepted connection from higher ranked node: 89
Successfully connected with higher ranked node: 89
Accepting connection from higher ranked node: 88
Accept through vt-tcp !
Accepted connection from higher ranked node: 88
Successfully connected with higher ranked node: 88
Accepting connection from higher ranked node: 87
Accept through vt-tcp !
Accepted connection from higher ranked node: 87
Successfully connected with higher ranked node: 87
Accepting connection from higher ranked node: 86
Accept through vt-tcp !
Accepted connection from higher ranked node: 86
Successfully connected with higher ranked node: 86
Accepting connection from higher ranked node: 85
Accept through vt-tcp !
Accepted connection from higher ranked node: 85
Successfully connected with higher ranked node: 85
Accepting connection from higher ranked node: 84
Accept through vt-tcp !
Accepted connection from higher ranked node: 84
Successfully connected with higher ranked node: 84
Accepting connection from higher ranked node: 83
Accept through vt-tcp !
Accepted connection from higher ranked node: 83
Successfully connected with higher ranked node: 83
Accepting connection from higher ranked node: 82
Accept through vt-tcp !
Accepted connection from higher ranked node: 82
Successfully connected with higher ranked node: 82
Accepting connection from higher ranked node: 81
Accept through vt-tcp !
Accepted connection from higher ranked node: 81
Successfully connected with higher ranked node: 81
Accepting connection from higher ranked node: 80
Accept through vt-tcp !
Accepted connection from higher ranked node: 80
Successfully connected with higher ranked node: 80
Accepting connection from higher ranked node: 79
Accept through vt-tcp !
Accepted connection from higher ranked node: 79
Successfully connected with higher ranked node: 79
Accepting connection from higher ranked node: 78
Accept through vt-tcp !
Accepted connection from higher ranked node: 78
Successfully connected with higher ranked node: 78
Accepting connection from higher ranked node: 77
Accept through vt-tcp !
Accepted connection from higher ranked node: 77
Successfully connected with higher ranked node: 77
Accepting connection from higher ranked node: 76
Accept through vt-tcp !
Accepted connection from higher ranked node: 76
Successfully connected with higher ranked node: 76
Accepting connection from higher ranked node: 75
Accept through vt-tcp !
Accepted connection from higher ranked node: 75
Successfully connected with higher ranked node: 75
Accepting connection from higher ranked node: 74
Accept through vt-tcp !
Accepted connection from higher ranked node: 74
Successfully connected with higher ranked node: 74
Accepting connection from higher ranked node: 73
Accept through vt-tcp !
Accepted connection from higher ranked node: 73
Successfully connected with higher ranked node: 73
Accepting connection from higher ranked node: 72
Accept through vt-tcp !
Accepted connection from higher ranked node: 72
Successfully connected with higher ranked node: 72
Accepting connection from higher ranked node: 71
Accept through vt-tcp !
Accepted connection from higher ranked node: 71
Successfully connected with higher ranked node: 71
Accepting connection from higher ranked node: 70
Accept through vt-tcp !
Accepted connection from higher ranked node: 70
Successfully connected with higher ranked node: 70
Accepting connection from higher ranked node: 69
Accept through vt-tcp !
Accepted connection from higher ranked node: 69
Successfully connected with higher ranked node: 69
Accepting connection from higher ranked node: 68
Accept through vt-tcp !
Accepted connection from higher ranked node: 68
Successfully connected with higher ranked node: 68
Accepting connection from higher ranked node: 67
Accept through vt-tcp !
Accepted connection from higher ranked node: 67
Successfully connected with higher ranked node: 67
Accepting connection from higher ranked node: 66
Accept through vt-tcp !
Accepted connection from higher ranked node: 66
Successfully connected with higher ranked node: 66
Accepting connection from higher ranked node: 65
Accept through vt-tcp !
Accepted connection from higher ranked node: 65
Successfully connected with higher ranked node: 65
Accepting connection from higher ranked node: 64
Accept through vt-tcp !
Accepted connection from higher ranked node: 64
Successfully connected with higher ranked node: 64
Accepting connection from higher ranked node: 63
Accept through vt-tcp !
Accepted connection from higher ranked node: 63
Successfully connected with higher ranked node: 63
Accepting connection from higher ranked node: 62
Accept through vt-tcp !
Accepted connection from higher ranked node: 62
Successfully connected with higher ranked node: 62
Accepting connection from higher ranked node: 61
Accept through vt-tcp !
Accepted connection from higher ranked node: 61
Successfully connected with higher ranked node: 61
Accepting connection from higher ranked node: 60
Accept through vt-tcp !
Accepted connection from higher ranked node: 60
Successfully connected with higher ranked node: 60
Accepting connection from higher ranked node: 59
Accept through vt-tcp !
Accepted connection from higher ranked node: 59
Successfully connected with higher ranked node: 59
Accepting connection from higher ranked node: 58
Accept through vt-tcp !
Accepted connection from higher ranked node: 58
Successfully connected with higher ranked node: 58
Accepting connection from higher ranked node: 57
Accept through vt-tcp !
Accepted connection from higher ranked node: 57
Successfully connected with higher ranked node: 57
Accepting connection from higher ranked node: 56
Accept through vt-tcp !
Accepted connection from higher ranked node: 56
Successfully connected with higher ranked node: 56
Accepting connection from higher ranked node: 55
Accept through vt-tcp !
Accepted connection from higher ranked node: 55
Successfully connected with higher ranked node: 55
Accepting connection from higher ranked node: 54
Accept through vt-tcp !
Accepted connection from higher ranked node: 54
Successfully connected with higher ranked node: 54
Accepting connection from higher ranked node: 53
Accept through vt-tcp !
Accepted connection from higher ranked node: 53
Successfully connected with higher ranked node: 53
Accepting connection from higher ranked node: 52
Accept through vt-tcp !
Accepted connection from higher ranked node: 52
Successfully connected with higher ranked node: 52
Accepting connection from higher ranked node: 51
Accept through vt-tcp !
Accepted connection from higher ranked node: 51
Successfully connected with higher ranked node: 51
Accepting connection from higher ranked node: 50
Accept through vt-tcp !
Accepted connection from higher ranked node: 50
Successfully connected with higher ranked node: 50
Accepting connection from higher ranked node: 49
Accept through vt-tcp !
Accepted connection from higher ranked node: 49
Successfully connected with higher ranked node: 49
Accepting connection from higher ranked node: 48
Accept through vt-tcp !
Accepted connection from higher ranked node: 48
Successfully connected with higher ranked node: 48
Accepting connection from higher ranked node: 47
Accept through vt-tcp !
Accepted connection from higher ranked node: 47
Successfully connected with higher ranked node: 47
Accepting connection from higher ranked node: 46
Accept through vt-tcp !
Accepted connection from higher ranked node: 46
Successfully connected with higher ranked node: 46
Accepting connection from higher ranked node: 45
Accept through vt-tcp !
Accepted connection from higher ranked node: 45
Successfully connected with higher ranked node: 45
Accepting connection from higher ranked node: 44
Accept through vt-tcp !
Accepted connection from higher ranked node: 44
Successfully connected with higher ranked node: 44
Accepting connection from higher ranked node: 43
Accept through vt-tcp !
Accepted connection from higher ranked node: 43
Successfully connected with higher ranked node: 43
Accepting connection from higher ranked node: 42
Accept through vt-tcp !
Accepted connection from higher ranked node: 42
Successfully connected with higher ranked node: 42
Accepting connection from higher ranked node: 41
Accept through vt-tcp !
Accepted connection from higher ranked node: 41
Successfully connected with higher ranked node: 41
Accepting connection from higher ranked node: 40
Accept through vt-tcp !
Accepted connection from higher ranked node: 40
Successfully connected with higher ranked node: 40
Accepting connection from higher ranked node: 39
Accept through vt-tcp !
Accepted connection from higher ranked node: 39
Successfully connected with higher ranked node: 39
Accepting connection from higher ranked node: 38
Accept through vt-tcp !
Accepted connection from higher ranked node: 38
Successfully connected with higher ranked node: 38
Accepting connection from higher ranked node: 37
Accept through vt-tcp !
Accepted connection from higher ranked node: 37
Successfully connected with higher ranked node: 37
Accepting connection from higher ranked node: 36
Accept through vt-tcp !
Accepted connection from higher ranked node: 36
Successfully connected with higher ranked node: 36
Accepting connection from higher ranked node: 35
Accept through vt-tcp !
Accepted connection from higher ranked node: 35
Successfully connected with higher ranked node: 35
Accepting connection from higher ranked node: 34
Accept through vt-tcp !
Accepted connection from higher ranked node: 34
Successfully connected with higher ranked node: 34
Accepting connection from higher ranked node: 33
Accept through vt-tcp !
Accepted connection from higher ranked node: 33
Successfully connected with higher ranked node: 33
Accepting connection from higher ranked node: 32
Accept through vt-tcp !
Accepted connection from higher ranked node: 32
Successfully connected with higher ranked node: 32
Accepting connection from higher ranked node: 31
Accept through vt-tcp !
Accepted connection from higher ranked node: 31
Successfully connected with higher ranked node: 31
Accepting connection from higher ranked node: 30
Accept through vt-tcp !
Accepted connection from higher ranked node: 30
Successfully connected with higher ranked node: 30
Accepting connection from higher ranked node: 29
Accept through vt-tcp !
Accepted connection from higher ranked node: 29
Successfully connected with higher ranked node: 29
Accepting connection from higher ranked node: 28
Accept through vt-tcp !
Accepted connection from higher ranked node: 28
Successfully connected with higher ranked node: 28
Accepting connection from higher ranked node: 27
Accept through vt-tcp !
Accepted connection from higher ranked node: 27
Successfully connected with higher ranked node: 27
Accepting connection from higher ranked node: 26
Accept through vt-tcp !
Accepted connection from higher ranked node: 26
Successfully connected with higher ranked node: 26
Accepting connection from higher ranked node: 25
Accept through vt-tcp !
Accepted connection from higher ranked node: 25
Successfully connected with higher ranked node: 25
Accepting connection from higher ranked node: 24
Accept through vt-tcp !
Accepted connection from higher ranked node: 24
Successfully connected with higher ranked node: 24
Accepting connection from higher ranked node: 23
Accept through vt-tcp !
Accepted connection from higher ranked node: 23
Successfully connected with higher ranked node: 23
Accepting connection from higher ranked node: 22
Accept through vt-tcp !
Accepted connection from higher ranked node: 22
Successfully connected with higher ranked node: 22
Closing server socket: 4097
Clearing all tcp timers !
TCP-done for socket: 4097, err: -103

---------------- Connecting to lowed ranked nodes ! --------------
Adding new vt-tcp-socket !
Creating vt-tcp socket !
Connecting to lower ranked node: 20 at 10.1.37.46:10000
Connecting .. Socket: 4178, src-port: 40001
Socket: 4097 garbage collection
Freeing socket: 4097
Waking up connected socket !
Socket connect success. socket = 4178
Connecting through vt-tcp success !
Successfully connected to lower ranked node: 20 at 10.1.37.46:10000
Adding new vt-tcp-socket !
Creating vt-tcp socket !
Connecting to lower ranked node: 19 at 10.1.37.50:10000
Connecting .. Socket: 4179, src-port: 40002
Waking up connected socket !
Socket connect success. socket = 4179
Connecting through vt-tcp success !
Successfully connected to lower ranked node: 19 at 10.1.37.50:10000
Adding new vt-tcp-socket !
Creating vt-tcp socket !
Connecting to lower ranked node: 18 at 10.1.37.54:10000
Connecting .. Socket: 4180, src-port: 40003
Waking up connected socket !
Socket connect success. socket = 4180
Connecting through vt-tcp success !
Successfully connected to lower ranked node: 18 at 10.1.37.54:10000
Adding new vt-tcp-socket !
Creating vt-tcp socket !
Connecting to lower ranked node: 17 at 10.1.37.58:10000
Connecting .. Socket: 4181, src-port: 40004
Waking up connected socket !
Socket connect success. socket = 4181
Connecting through vt-tcp success !
Successfully connected to lower ranked node: 17 at 10.1.37.58:10000
Adding new vt-tcp-socket !
Creating vt-tcp socket !
Connecting to lower ranked node: 16 at 10.1.37.62:10000
Connecting .. Socket: 4182, src-port: 40005
Waking up connected socket !
Socket connect success. socket = 4182
Connecting through vt-tcp success !
Successfully connected to lower ranked node: 16 at 10.1.37.62:10000
Adding new vt-tcp-socket !
Creating vt-tcp socket !
Connecting to lower ranked node: 15 at 10.1.37.66:10000
Connecting .. Socket: 4183, src-port: 40006
Waking up connected socket !
Socket connect success. socket = 4183
Connecting through vt-tcp success !
Successfully connected to lower ranked node: 15 at 10.1.37.66:10000
Adding new vt-tcp-socket !
Creating vt-tcp socket !
Connecting to lower ranked node: 14 at 10.1.37.30:10000
Connecting .. Socket: 4184, src-port: 40007
Waking up connected socket !
Socket connect success. socket = 4184
Connecting through vt-tcp success !
Successfully connected to lower ranked node: 14 at 10.1.37.30:10000
Adding new vt-tcp-socket !
Creating vt-tcp socket !
Connecting to lower ranked node: 13 at 10.1.37.74:10000
Connecting .. Socket: 4185, src-port: 40008
Waking up connected socket !
Socket connect success. socket = 4185
Connecting through vt-tcp success !
Successfully connected to lower ranked node: 13 at 10.1.37.74:10000
Adding new vt-tcp-socket !
Creating vt-tcp socket !
Connecting to lower ranked node: 12 at 10.1.37.78:10000
Connecting .. Socket: 4186, src-port: 40009
Waking up connected socket !
Socket connect success. socket = 4186
Connecting through vt-tcp success !
Successfully connected to lower ranked node: 12 at 10.1.37.78:10000
Adding new vt-tcp-socket !
Creating vt-tcp socket !
Connecting to lower ranked node: 11 at 10.1.37.82:10000
Connecting .. Socket: 4187, src-port: 40010
Waking up connected socket !
Socket connect success. socket = 4187
Connecting through vt-tcp success !
Successfully connected to lower ranked node: 11 at 10.1.37.82:10000
Adding new vt-tcp-socket !
Creating vt-tcp socket !
Connecting to lower ranked node: 10 at 10.1.37.86:10000
Connecting .. Socket: 4188, src-port: 40011
Waking up connected socket !
Socket connect success. socket = 4188
Connecting through vt-tcp success !
Successfully connected to lower ranked node: 10 at 10.1.37.86:10000
Adding new vt-tcp-socket !
Creating vt-tcp socket !
Connecting to lower ranked node: 9 at 10.1.37.90:10000
Connecting .. Socket: 4189, src-port: 40012
Waking up connected socket !
Socket connect success. socket = 4189
Connecting through vt-tcp success !
Successfully connected to lower ranked node: 9 at 10.1.37.90:10000
Adding new vt-tcp-socket !
Creating vt-tcp socket !
Connecting to lower ranked node: 8 at 10.1.37.94:10000
Connecting .. Socket: 4190, src-port: 40013
Waking up connected socket !
Socket connect success. socket = 4190
Connecting through vt-tcp success !
Successfully connected to lower ranked node: 8 at 10.1.37.94:10000
Adding new vt-tcp-socket !
Creating vt-tcp socket !
Connecting to lower ranked node: 7 at 10.1.37.98:10000
Connecting .. Socket: 4191, src-port: 40014
Waking up connected socket !
Socket connect success. socket = 4191
Connecting through vt-tcp success !
Successfully connected to lower ranked node: 7 at 10.1.37.98:10000
Adding new vt-tcp-socket !
Creating vt-tcp socket !
Connecting to lower ranked node: 6 at 10.1.37.102:10000
Connecting .. Socket: 4192, src-port: 40015
Waking up connected socket !
Socket connect success. socket = 4192
Connecting through vt-tcp success !
Successfully connected to lower ranked node: 6 at 10.1.37.102:10000
Adding new vt-tcp-socket !
Creating vt-tcp socket !
Connecting to lower ranked node: 5 at 10.1.36.246:10000
Connecting .. Socket: 4193, src-port: 40016
Waking up connected socket !
Socket connect success. socket = 4193
Connecting through vt-tcp success !
Successfully connected to lower ranked node: 5 at 10.1.36.246:10000
Adding new vt-tcp-socket !
Creating vt-tcp socket !
Connecting to lower ranked node: 4 at 10.1.36.210:10000
Connecting .. Socket: 4194, src-port: 40017
Waking up connected socket !
Socket connect success. socket = 4194
Connecting through vt-tcp success !
Successfully connected to lower ranked node: 4 at 10.1.36.210:10000
Adding new vt-tcp-socket !
Creating vt-tcp socket !
Connecting to lower ranked node: 3 at 10.1.36.214:10000
Connecting .. Socket: 4195, src-port: 40018
Waking up connected socket !
Socket connect success. socket = 4195
Connecting through vt-tcp success !
Successfully connected to lower ranked node: 3 at 10.1.36.214:10000
Adding new vt-tcp-socket !
Creating vt-tcp socket !
Connecting to lower ranked node: 2 at 10.1.36.218:10000
Connecting .. Socket: 4196, src-port: 40019
Waking up connected socket !
Socket connect success. socket = 4196
Connecting through vt-tcp success !
Successfully connected to lower ranked node: 2 at 10.1.36.218:10000
Adding new vt-tcp-socket !
Creating vt-tcp socket !
Connecting to lower ranked node: 1 at 10.1.36.222:10000
Connecting .. Socket: 4197, src-port: 40020
Waking up connected socket !
Socket connect success. socket = 4197
Connecting through vt-tcp success !
Successfully connected to lower ranked node: 1 at 10.1.36.222:10000
Adding new vt-tcp-socket !
Creating vt-tcp socket !
Connecting to lower ranked node: 0 at 10.1.36.226:10000
Connecting .. Socket: 4198, src-port: 40021
Waking up connected socket !
Socket connect success. socket = 4198
Connecting through vt-tcp success !
Successfully connected to lower ranked node: 0 at 10.1.36.226:10000

---------------- Creating listen Thread ! --------------

---------------- MPI-Init success ! --------------
Waiting to receive partition information from master !
Adding new Thread: 8
Signal Burst Completion: Flushing Data Cache !
Resuming new Thread with Burst of length: 5400
Trigger syscall finish: 6, currActiveThreadID = 8, myThreadID = 6. Flushing Data Cache !
Process 21 computing itegral over my_a = 12.000000, my_b= 12.100000
Called SetLoopLookahead: init: 0, final: 100000000, step: 1, loopDepth: 0, cumulative-num-iterations: 100000000, look-ahead-ns: 518518496
tcp-linger 
Clearing all tcp timers !
TCP-done for socket: 4098, err: -110
Socket: 4098 garbage collection
Freeing socket: 4098
Before rcv-wnd: seq: 1, rcv_nxt: 5
Before rcv-wnd: seq: 1, rcv_nxt: 5
Before rcv-wnd: seq: 1, rcv_nxt: 5
Before rcv-wnd: seq: 1, rcv_nxt: 5
Before rcv-wnd: seq: 1, rcv_nxt: 5
Before rcv-wnd: seq: 1, rcv_nxt: 5
Before rcv-wnd: seq: 1, rcv_nxt: 5
Before rcv-wnd: seq: 1, rcv_nxt: 5
Before rcv-wnd: seq: 1, rcv_nxt: 5
Before rcv-wnd: seq: 1, rcv_nxt: 5
Before rcv-wnd: seq: 1, rcv_nxt: 5
Before rcv-wnd: seq: 1, rcv_nxt: 5
Before rcv-wnd: seq: 1, rcv_nxt: 5
Before rcv-wnd: seq: 1, rcv_nxt: 5
Before rcv-wnd: seq: 1, rcv_nxt: 5
tcp-rto: snd_una: 1, rto: 400, backoff: 1, sock-fd = 4180
tcp-rto: snd_una: 1, rto: 400, backoff: 1, sock-fd = 4182
tcp-rto: snd_una: 1, rto: 400, backoff: 1, sock-fd = 4190
tcp-rto: snd_una: 1, rto: 400, backoff: 1, sock-fd = 4194
Avg-Compute-Communication-Ratio = 294.394318
Process 21 contributed MY_TOTAL = 0.159837, my_a = 12.000000, my_b= 12.100000
Integral: 0 computed

------------------------------------------------------------------------------
Waiting to receive partition information from master !
Process 21 computing itegral over my_a = 22.000000, my_b= 22.100000
Called SetLoopLookahead: init: 0, final: 100000000, step: 1, loopDepth: 0, cumulative-num-iterations: 100000000, look-ahead-ns: 518518496
Avg-Compute-Communication-Ratio = 465.529200
Process 21 contributed MY_TOTAL = 0.533199, my_a = 22.000000, my_b= 22.100000
Integral: 1 computed

------------------------------------------------------------------------------
Waiting to receive partition information from master !
Process 21 computing itegral over my_a = 32.000000, my_b= 32.100000
Called SetLoopLookahead: init: 0, final: 100000000, step: 1, loopDepth: 0, cumulative-num-iterations: 100000000, look-ahead-ns: 518518496
Avg-Compute-Communication-Ratio = 572.734709
Process 21 contributed MY_TOTAL = 1.124903, my_a = 32.000000, my_b= 32.100000
Integral: 2 computed

------------------------------------------------------------------------------
Waiting to receive partition information from master !
Process 21 computing itegral over my_a = 42.000000, my_b= 42.100000
Called SetLoopLookahead: init: 0, final: 100000000, step: 1, loopDepth: 0, cumulative-num-iterations: 100000000, look-ahead-ns: 518518496
Avg-Compute-Communication-Ratio = 646.455396
Process 21 contributed MY_TOTAL = 1.934947, my_a = 42.000000, my_b= 42.100000
Integral: 3 computed

------------------------------------------------------------------------------
Waiting to receive partition information from master !
Process 21 computing itegral over my_a = 52.000000, my_b= 52.100000
Called SetLoopLookahead: init: 0, final: 100000000, step: 1, loopDepth: 0, cumulative-num-iterations: 100000000, look-ahead-ns: 518518496
Avg-Compute-Communication-Ratio = 703.604020
Process 21 contributed MY_TOTAL = 2.963331, my_a = 52.000000, my_b= 52.100000
Integral: 4 computed

------------------------------------------------------------------------------
Waiting to receive partition information from master !
Process 21 computing itegral over my_a = 62.000000, my_b= 62.100000
Called SetLoopLookahead: init: 0, final: 100000000, step: 1, loopDepth: 0, cumulative-num-iterations: 100000000, look-ahead-ns: 518518496
Avg-Compute-Communication-Ratio = 745.874280
Process 21 contributed MY_TOTAL = 4.210057, my_a = 62.000000, my_b= 62.100000
Integral: 5 computed

------------------------------------------------------------------------------
Waiting to receive partition information from master !
Process 21 computing itegral over my_a = 72.000000, my_b= 72.100000
Called SetLoopLookahead: init: 0, final: 100000000, step: 1, loopDepth: 0, cumulative-num-iterations: 100000000, look-ahead-ns: 518518496
Avg-Compute-Communication-Ratio = 779.651333
Process 21 contributed MY_TOTAL = 5.675123, my_a = 72.000000, my_b= 72.100000
Integral: 6 computed

------------------------------------------------------------------------------
Waiting to receive partition information from master !
Process 21 computing itegral over my_a = 82.000000, my_b= 82.100000
Called SetLoopLookahead: init: 0, final: 100000000, step: 1, loopDepth: 0, cumulative-num-iterations: 100000000, look-ahead-ns: 518518496
Avg-Compute-Communication-Ratio = 806.748151
Process 21 contributed MY_TOTAL = 7.358529, my_a = 82.000000, my_b= 82.100000
Integral: 7 computed

------------------------------------------------------------------------------
Waiting to receive partition information from master !
Process 21 computing itegral over my_a = 92.000000, my_b= 92.100000
Called SetLoopLookahead: init: 0, final: 100000000, step: 1, loopDepth: 0, cumulative-num-iterations: 100000000, look-ahead-ns: 518518496
Avg-Compute-Communication-Ratio = 828.867046
Process 21 contributed MY_TOTAL = 9.260277, my_a = 92.000000, my_b= 92.100000
Integral: 8 computed

------------------------------------------------------------------------------
Waiting to receive partition information from master !
Process 21 computing itegral over my_a = 102.000000, my_b= 102.100000
Called SetLoopLookahead: init: 0, final: 100000000, step: 1, loopDepth: 0, cumulative-num-iterations: 100000000, look-ahead-ns: 518518496
Exp finishing. Stopping stack thread with id: 6!

------------------------- ACTUAL STDOUT FROM EXECUTABLE ENDED -----------------------------

Process: 6 exiting VT experiment !
Main thread exiting. PID = 6
