Attempting to set static arp entries ...
Tracer: 1 >> Using SRC IP: 10.1.38.154 for any spawned virtual tcp-stacks
Tracer: 1 >> Updating firewall rules to drop outgoing TCP-RST packets
Attempting to set firewall rules ...
Tracer: 1 >> CMD TO RUN: /home/vignesh/VT-S3FNet/csudp/mpi_matrix/mpi_mm 0 51 10.1.38.154 > /home/vignesh/VT-S3FNet/experiment-data/MPI_LA_Enabled_nemus_51_mpi_mm/master.log
args[0] = /home/vignesh/VT-S3FNet/csudp/mpi_matrix/mpi_mm
args[1] = 0
args[2] = 51
args[3] = 10.1.38.154
Setting appropriate environment variables ...
HOME DIRECTORY : /home/vignesh
Parsing TTN config file: /home/vignesh/.ttn/projects.db
Setting VT_L1_INS_CACHE_MISS_CYCLES to: 100
Setting VT_L1_INS_CACHE_LINES to: 64
Setting VT_L1_INS_CACHE_SIZE_KB to: 32
Setting VT_L1_INS_CACHE_ASSOC to: 8
Setting VT_L1_INS_CACHE_REPLACEMENT_POLICY to: LRU
Setting VT_L1_DATA_CACHE_MISS_CYCLES to: 100
Setting VT_L1_DATA_CACHE_LINES to: 64
Setting VT_L1_DATA_CACHE_SIZE_KB to: 32
Setting VT_L1_DATA_CACHE_ASSOC to: 8
Setting VT_L1_DATA_CACHE_REPLACEMENT_POLICY to: LRU
Setting VT_CPU_CYLES_NS to: 2.700000
Setting VT_NIC_SPEED_MBPS to: 1000.000000
Setting VT_TIMING_MODEL to: EMPIRICAL
Setting VT_BBL_LOOKAHEAD_FILE to: /home/vignesh/VT-S3FNet/csudp/mpi_matrix/.ttn/lookahead/bbl_lookahead.info
Setting VT_LOOP_LOOKAHEAD_FILE to: /home/vignesh/VT-S3FNet/csudp/mpi_matrix/.ttn/lookahead/loop_lookahead.info
Starting command: /home/vignesh/VT-S3FNet/csudp/mpi_matrix/mpi_mm
Loading orig functions !
Starting executable with Pid = 6
Loading pointers to VTL Logic functions
Loaded pointers to all VTL Logic functions
Now Initializing VT-Management 
Extracting env variables !
Extracted tracer-id: 1
Extracted exp-type: 2
Extracted cpu-cycles-ns: 2.700000
Extracted socket-layer-ip: -1708785398
Starting VT-initialization !
Tracer-ID: 1, Timeline-ID: 1
Tracer registration for EXP_CS complete. TimelineID = 1, Return = 1
Tracer Adding to SQ. Tracer ID = 1
Parsing any provided lookahead information ...
Opening file: /home/vignesh/VT-S3FNet/csudp/mpi_matrix/.ttn/lookahead/bbl_lookahead.info
File size: 304
mapped memblock size: 304
Finish offset: 34, Number of values: 34
Returning success !
Loaded BBL lookaheads for 34 basic blocks ...
Opening file: /home/vignesh/VT-S3FNet/csudp/mpi_matrix/.ttn/lookahead/loop_lookahead.info
File size: 112
mapped memblock size: 112
Finish offset: 10, Number of values: 10
Returning success !
Loaded Loop lookaheads for 10 loops ...
VT initialization successfull !
Finished Initializing VT-Management 
Initializing TCP-stack ...
TCP stack unique-id: 16
Starting virtual socket layer stack-thread !
Pthread_create: vtStackThread special case
Successfully initialized VTL-Logic embedded into the executable

------------------------- ACTUAL STDOUT FROM EXECUTABLE STARTS -----------------------------

Rank = 0, Total = 51, IP = 10.1.38.154
Adding new vt-tcp-socket !
Creating vt-tcp socket !
bind through vt-tcp !
Server socket bound to ip:port: 10.1.38.154:10000
Waiting for OK message from other nodes !
Waiting for OK message !
listen through vt-tcp !
Accept through vt-tcp !
Successfully received OK message !

---------------- Waiting for higher ranked nodes to connect --------------
listen through vt-tcp !
Accepting connection from higher ranked node: 50
Accept through vt-tcp !
Accepted connection from higher ranked node: 50
Successfully connected with higher ranked node: 50
Accepting connection from higher ranked node: 49
Accept through vt-tcp !
Accepted connection from higher ranked node: 49
Successfully connected with higher ranked node: 49
Accepting connection from higher ranked node: 48
Accept through vt-tcp !
Accepted connection from higher ranked node: 48
Successfully connected with higher ranked node: 48
Accepting connection from higher ranked node: 47
Accept through vt-tcp !
Accepted connection from higher ranked node: 47
Successfully connected with higher ranked node: 47
Accepting connection from higher ranked node: 46
Accept through vt-tcp !
Accepted connection from higher ranked node: 46
Successfully connected with higher ranked node: 46
Accepting connection from higher ranked node: 45
Accept through vt-tcp !
Accepted connection from higher ranked node: 45
Successfully connected with higher ranked node: 45
Accepting connection from higher ranked node: 44
Accept through vt-tcp !
Accepted connection from higher ranked node: 44
Successfully connected with higher ranked node: 44
Accepting connection from higher ranked node: 43
Accept through vt-tcp !
Accepted connection from higher ranked node: 43
Successfully connected with higher ranked node: 43
Accepting connection from higher ranked node: 42
Accept through vt-tcp !
Accepted connection from higher ranked node: 42
Successfully connected with higher ranked node: 42
Accepting connection from higher ranked node: 41
Accept through vt-tcp !
Accepted connection from higher ranked node: 41
Successfully connected with higher ranked node: 41
Accepting connection from higher ranked node: 40
Accept through vt-tcp !
Accepted connection from higher ranked node: 40
Successfully connected with higher ranked node: 40
Accepting connection from higher ranked node: 39
Accept through vt-tcp !
Accepted connection from higher ranked node: 39
Successfully connected with higher ranked node: 39
Accepting connection from higher ranked node: 38
Accept through vt-tcp !
Accepted connection from higher ranked node: 38
Successfully connected with higher ranked node: 38
Accepting connection from higher ranked node: 37
Accept through vt-tcp !
Accepted connection from higher ranked node: 37
Successfully connected with higher ranked node: 37
Accepting connection from higher ranked node: 36
Accept through vt-tcp !
Accepted connection from higher ranked node: 36
Successfully connected with higher ranked node: 36
Accepting connection from higher ranked node: 35
Accept through vt-tcp !
Accepted connection from higher ranked node: 35
Successfully connected with higher ranked node: 35
Accepting connection from higher ranked node: 34
Accept through vt-tcp !
Accepted connection from higher ranked node: 34
Successfully connected with higher ranked node: 34
Accepting connection from higher ranked node: 33
Accept through vt-tcp !
Accepted connection from higher ranked node: 33
Successfully connected with higher ranked node: 33
Accepting connection from higher ranked node: 32
Accept through vt-tcp !
Accepted connection from higher ranked node: 32
Successfully connected with higher ranked node: 32
Accepting connection from higher ranked node: 31
Accept through vt-tcp !
Accepted connection from higher ranked node: 31
Successfully connected with higher ranked node: 31
Accepting connection from higher ranked node: 30
Accept through vt-tcp !
Accepted connection from higher ranked node: 30
Successfully connected with higher ranked node: 30
Accepting connection from higher ranked node: 29
Accept through vt-tcp !
Accepted connection from higher ranked node: 29
Successfully connected with higher ranked node: 29
Accepting connection from higher ranked node: 28
Accept through vt-tcp !
Accepted connection from higher ranked node: 28
Successfully connected with higher ranked node: 28
Accepting connection from higher ranked node: 27
Accept through vt-tcp !
Accepted connection from higher ranked node: 27
Successfully connected with higher ranked node: 27
Accepting connection from higher ranked node: 26
Accept through vt-tcp !
Accepted connection from higher ranked node: 26
Successfully connected with higher ranked node: 26
Accepting connection from higher ranked node: 25
Accept through vt-tcp !
Accepted connection from higher ranked node: 25
Successfully connected with higher ranked node: 25
Accepting connection from higher ranked node: 24
Accept through vt-tcp !
Accepted connection from higher ranked node: 24
Successfully connected with higher ranked node: 24
Accepting connection from higher ranked node: 23
Accept through vt-tcp !
Accepted connection from higher ranked node: 23
Successfully connected with higher ranked node: 23
Accepting connection from higher ranked node: 22
Accept through vt-tcp !
Accepted connection from higher ranked node: 22
Successfully connected with higher ranked node: 22
Accepting connection from higher ranked node: 21
Accept through vt-tcp !
Accepted connection from higher ranked node: 21
Successfully connected with higher ranked node: 21
Accepting connection from higher ranked node: 20
Accept through vt-tcp !
Accepted connection from higher ranked node: 20
Successfully connected with higher ranked node: 20
Accepting connection from higher ranked node: 19
Accept through vt-tcp !
Accepted connection from higher ranked node: 19
Successfully connected with higher ranked node: 19
Accepting connection from higher ranked node: 18
Accept through vt-tcp !
Accepted connection from higher ranked node: 18
Successfully connected with higher ranked node: 18
Accepting connection from higher ranked node: 17
Accept through vt-tcp !
Accepted connection from higher ranked node: 17
Successfully connected with higher ranked node: 17
Accepting connection from higher ranked node: 16
Accept through vt-tcp !
Accepted connection from higher ranked node: 16
Successfully connected with higher ranked node: 16
Accepting connection from higher ranked node: 15
Accept through vt-tcp !
Accepted connection from higher ranked node: 15
Successfully connected with higher ranked node: 15
Accepting connection from higher ranked node: 14
Accept through vt-tcp !
Accepted connection from higher ranked node: 14
Successfully connected with higher ranked node: 14
Accepting connection from higher ranked node: 13
Accept through vt-tcp !
Accepted connection from higher ranked node: 13
Successfully connected with higher ranked node: 13
Accepting connection from higher ranked node: 12
Accept through vt-tcp !
Accepted connection from higher ranked node: 12
Successfully connected with higher ranked node: 12
Accepting connection from higher ranked node: 11
Accept through vt-tcp !
Accepted connection from higher ranked node: 11
Successfully connected with higher ranked node: 11
Accepting connection from higher ranked node: 10
Accept through vt-tcp !
Accepted connection from higher ranked node: 10
Successfully connected with higher ranked node: 10
Accepting connection from higher ranked node: 9
Accept through vt-tcp !
Accepted connection from higher ranked node: 9
Successfully connected with higher ranked node: 9
Accepting connection from higher ranked node: 8
Accept through vt-tcp !
Accepted connection from higher ranked node: 8
Successfully connected with higher ranked node: 8
Accepting connection from higher ranked node: 7
Accept through vt-tcp !
Accepted connection from higher ranked node: 7
Successfully connected with higher ranked node: 7
Accepting connection from higher ranked node: 6
Accept through vt-tcp !
Accepted connection from higher ranked node: 6
Successfully connected with higher ranked node: 6
Accepting connection from higher ranked node: 5
Accept through vt-tcp !
Accepted connection from higher ranked node: 5
Successfully connected with higher ranked node: 5
Accepting connection from higher ranked node: 4
Accept through vt-tcp !
Accepted connection from higher ranked node: 4
Successfully connected with higher ranked node: 4
Accepting connection from higher ranked node: 3
Accept through vt-tcp !
Accepted connection from higher ranked node: 3
Successfully connected with higher ranked node: 3
Accepting connection from higher ranked node: 2
Accept through vt-tcp !
Accepted connection from higher ranked node: 2
Successfully connected with higher ranked node: 2
Accepting connection from higher ranked node: 1
Accept through vt-tcp !
Accepted connection from higher ranked node: 1
Successfully connected with higher ranked node: 1
Closing server socket: 4097
Clearing all tcp timers !
TCP-done for socket: 4097, err: -103

---------------- Connecting to lowed ranked nodes ! --------------

---------------- Creating listen Thread ! --------------

---------------- MPI-Init success ! --------------
Sending 40 rows to task 1 offset=0
Sending offset = 0 to dest = 1
Sending partition size (rows) = 40 to dest = 1
A-matrix partition size sent to worker:  1
Sending 40 rows to task 2 offset=40
Sending offset = 40 to dest = 2
Sending partition size (rows) = 40 to dest = 2
A-matrix partition size sent to worker:  2
Sending 40 rows to task 3 offset=80
Sending offset = 80 to dest = 3
Sending partition size (rows) = 40 to dest = 3
A-matrix partition size sent to worker:  3
Sending 40 rows to task 4 offset=120
Sending offset = 120 to dest = 4
Sending partition size (rows) = 40 to dest = 4
A-matrix partition size sent to worker:  4
Sending 40 rows to task 5 offset=160
Sending offset = 160 to dest = 5
Sending partition size (rows) = 40 to dest = 5
A-matrix partition size sent to worker:  5
Sending 40 rows to task 6 offset=200
Sending offset = 200 to dest = 6
Sending partition size (rows) = 40 to dest = 6
A-matrix partition size sent to worker:  6
Sending 40 rows to task 7 offset=240
Sending offset = 240 to dest = 7
Sending partition size (rows) = 40 to dest = 7
A-matrix partition size sent to worker:  7
Sending 40 rows to task 8 offset=280
Sending offset = 280 to dest = 8
Sending partition size (rows) = 40 to dest = 8
A-matrix partition size sent to worker:  8
Sending 40 rows to task 9 offset=320
Sending offset = 320 to dest = 9
Sending partition size (rows) = 40 to dest = 9
A-matrix partition size sent to worker:  9
Sending 40 rows to task 10 offset=360
Sending offset = 360 to dest = 10
Sending partition size (rows) = 40 to dest = 10
A-matrix partition size sent to worker:  10
Sending 40 rows to task 11 offset=400
Sending offset = 400 to dest = 11
Sending partition size (rows) = 40 to dest = 11
A-matrix partition size sent to worker:  11
Sending 40 rows to task 12 offset=440
Sending offset = 440 to dest = 12
Sending partition size (rows) = 40 to dest = 12
A-matrix partition size sent to worker:  12
Sending 40 rows to task 13 offset=480
Sending offset = 480 to dest = 13
Sending partition size (rows) = 40 to dest = 13
A-matrix partition size sent to worker:  13
Sending 40 rows to task 14 offset=520
Sending offset = 520 to dest = 14
Sending partition size (rows) = 40 to dest = 14
A-matrix partition size sent to worker:  14
Sending 40 rows to task 15 offset=560
Sending offset = 560 to dest = 15
Sending partition size (rows) = 40 to dest = 15
A-matrix partition size sent to worker:  15
Sending 40 rows to task 16 offset=600
Sending offset = 600 to dest = 16
Sending partition size (rows) = 40 to dest = 16
A-matrix partition size sent to worker:  16
Sending 40 rows to task 17 offset=640
Sending offset = 640 to dest = 17
Sending partition size (rows) = 40 to dest = 17
A-matrix partition size sent to worker:  17
Sending 40 rows to task 18 offset=680
Sending offset = 680 to dest = 18
Sending partition size (rows) = 40 to dest = 18
A-matrix partition size sent to worker:  18
Sending 40 rows to task 19 offset=720
Sending offset = 720 to dest = 19
Sending partition size (rows) = 40 to dest = 19
A-matrix partition size sent to worker:  19
Sending 40 rows to task 20 offset=760
Sending offset = 760 to dest = 20
Sending partition size (rows) = 40 to dest = 20
A-matrix partition size sent to worker:  20
Sending 40 rows to task 21 offset=800
Sending offset = 800 to dest = 21
Sending partition size (rows) = 40 to dest = 21
A-matrix partition size sent to worker:  21
Sending 40 rows to task 22 offset=840
Sending offset = 840 to dest = 22
Sending partition size (rows) = 40 to dest = 22
A-matrix partition size sent to worker:  22
Sending 40 rows to task 23 offset=880
Sending offset = 880 to dest = 23
Sending partition size (rows) = 40 to dest = 23
A-matrix partition size sent to worker:  23
Sending 40 rows to task 24 offset=920
Sending offset = 920 to dest = 24
Sending partition size (rows) = 40 to dest = 24
A-matrix partition size sent to worker:  24
Sending 40 rows to task 25 offset=960
Sending offset = 960 to dest = 25
Sending partition size (rows) = 40 to dest = 25
A-matrix partition size sent to worker:  25
Sending 40 rows to task 26 offset=1000
Sending offset = 1000 to dest = 26
Sending partition size (rows) = 40 to dest = 26
A-matrix partition size sent to worker:  26
Sending 40 rows to task 27 offset=1040
Sending offset = 1040 to dest = 27
Sending partition size (rows) = 40 to dest = 27
A-matrix partition size sent to worker:  27
Sending 40 rows to task 28 offset=1080
Sending offset = 1080 to dest = 28
Sending partition size (rows) = 40 to dest = 28
A-matrix partition size sent to worker:  28
Sending 40 rows to task 29 offset=1120
Sending offset = 1120 to dest = 29
Sending partition size (rows) = 40 to dest = 29
A-matrix partition size sent to worker:  29
Sending 40 rows to task 30 offset=1160
Sending offset = 1160 to dest = 30
Sending partition size (rows) = 40 to dest = 30
A-matrix partition size sent to worker:  30
Sending 40 rows to task 31 offset=1200
Sending offset = 1200 to dest = 31
Sending partition size (rows) = 40 to dest = 31
A-matrix partition size sent to worker:  31
Sending 40 rows to task 32 offset=1240
Sending offset = 1240 to dest = 32
Sending partition size (rows) = 40 to dest = 32
A-matrix partition size sent to worker:  32
Sending 40 rows to task 33 offset=1280
Sending offset = 1280 to dest = 33
Sending partition size (rows) = 40 to dest = 33
A-matrix partition size sent to worker:  33
Sending 40 rows to task 34 offset=1320
Sending offset = 1320 to dest = 34
Sending partition size (rows) = 40 to dest = 34
A-matrix partition size sent to worker:  34
Sending 40 rows to task 35 offset=1360
Sending offset = 1360 to dest = 35
Sending partition size (rows) = 40 to dest = 35
A-matrix partition size sent to worker:  35
Sending 40 rows to task 36 offset=1400
Sending offset = 1400 to dest = 36
Sending partition size (rows) = 40 to dest = 36
A-matrix partition size sent to worker:  36
Sending 40 rows to task 37 offset=1440
Sending offset = 1440 to dest = 37
Sending partition size (rows) = 40 to dest = 37
A-matrix partition size sent to worker:  37
Sending 40 rows to task 38 offset=1480
Sending offset = 1480 to dest = 38
Sending partition size (rows) = 40 to dest = 38
A-matrix partition size sent to worker:  38
Sending 40 rows to task 39 offset=1520
Sending offset = 1520 to dest = 39
Sending partition size (rows) = 40 to dest = 39
A-matrix partition size sent to worker:  39
Sending 40 rows to task 40 offset=1560
Sending offset = 1560 to dest = 40
Sending partition size (rows) = 40 to dest = 40
A-matrix partition size sent to worker:  40
Sending 40 rows to task 41 offset=1600
Sending offset = 1600 to dest = 41
Sending partition size (rows) = 40 to dest = 41
A-matrix partition size sent to worker:  41
Sending 40 rows to task 42 offset=1640
Sending offset = 1640 to dest = 42
Sending partition size (rows) = 40 to dest = 42
A-matrix partition size sent to worker:  42
Sending 40 rows to task 43 offset=1680
Sending offset = 1680 to dest = 43
Sending partition size (rows) = 40 to dest = 43
A-matrix partition size sent to worker:  43
Sending 40 rows to task 44 offset=1720
Sending offset = 1720 to dest = 44
Sending partition size (rows) = 40 to dest = 44
A-matrix partition size sent to worker:  44
Sending 40 rows to task 45 offset=1760
Sending offset = 1760 to dest = 45
Sending partition size (rows) = 40 to dest = 45
A-matrix partition size sent to worker:  45
Sending 40 rows to task 46 offset=1800
Sending offset = 1800 to dest = 46
Sending partition size (rows) = 40 to dest = 46
A-matrix partition size sent to worker:  46
Sending 40 rows to task 47 offset=1840
Sending offset = 1840 to dest = 47
Sending partition size (rows) = 40 to dest = 47
A-matrix partition size sent to worker:  47
Sending 40 rows to task 48 offset=1880
Sending offset = 1880 to dest = 48
Sending partition size (rows) = 40 to dest = 48
A-matrix partition size sent to worker:  48
Sending 40 rows to task 49 offset=1920
Sending offset = 1920 to dest = 49
Sending partition size (rows) = 40 to dest = 49
A-matrix partition size sent to worker:  49
Sending 40 rows to task 50 offset=1960
Sending offset = 1960 to dest = 50
Sending partition size (rows) = 40 to dest = 50
A-matrix partition size sent to worker:  50

******************************************************
mpi_mm has started with 51 tasks.
Initializing X vector...
Socket: 4097 garbage collection
Freeing socket: 4097
Adding new Thread: 8
Resuming new Thread with Burst of length: 5400
Received offset = 0 from 1
Received rows = 40 from 1
Received results from task 1
Received offset = 40 from 2
Received rows = 40 from 2
Exp finishing. Stopping stack thread with id: 6!
