Attempting to set static arp entries ...
Tracer: 14 >> Using SRC IP: 10.1.38.154 for any spawned virtual tcp-stacks
Tracer: 14 >> Updating firewall rules to drop outgoing TCP-RST packets
Attempting to set firewall rules ...
Tracer: 14 >> CMD TO RUN: /home/vignesh/VT-S3FNet/csudp/mpi_matrix/mpi_mm 13 81 10.1.38.154 > /home/vignesh/VT-S3FNet/experiment-data/MPI_LA_Enabled_nemus_81_mpi_mm/worker13.log
args[0] = /home/vignesh/VT-S3FNet/csudp/mpi_matrix/mpi_mm
args[1] = 13
args[2] = 81
args[3] = 10.1.38.154
Setting appropriate environment variables ...
HOME DIRECTORY : /home/vignesh
Parsing TTN config file: /home/vignesh/.ttn/projects.db
Setting VT_L1_INS_CACHE_MISS_CYCLES to: 100
Setting VT_L1_INS_CACHE_LINES to: 64
Setting VT_L1_INS_CACHE_SIZE_KB to: 32
Setting VT_L1_INS_CACHE_ASSOC to: 8
Setting VT_L1_INS_CACHE_REPLACEMENT_POLICY to: LRU
Setting VT_L1_DATA_CACHE_MISS_CYCLES to: 100
Setting VT_L1_DATA_CACHE_LINES to: 64
Setting VT_L1_DATA_CACHE_SIZE_KB to: 32
Setting VT_L1_DATA_CACHE_ASSOC to: 8
Setting VT_L1_DATA_CACHE_REPLACEMENT_POLICY to: LRU
Setting VT_CPU_CYLES_NS to: 2.700000
Setting VT_NIC_SPEED_MBPS to: 1000.000000
Setting VT_TIMING_MODEL to: EMPIRICAL
Setting VT_BBL_LOOKAHEAD_FILE to: /home/vignesh/VT-S3FNet/csudp/mpi_matrix/.ttn/lookahead/bbl_lookahead.info
Setting VT_LOOP_LOOKAHEAD_FILE to: /home/vignesh/VT-S3FNet/csudp/mpi_matrix/.ttn/lookahead/loop_lookahead.info
Starting command: /home/vignesh/VT-S3FNet/csudp/mpi_matrix/mpi_mm
Loading orig functions !
Starting executable with Pid = 6
Loading pointers to VTL Logic functions
Loaded pointers to all VTL Logic functions
Now Initializing VT-Management 
Extracting env variables !
Extracted tracer-id: 14
Extracted exp-type: 2
Extracted cpu-cycles-ns: 2.700000
Extracted socket-layer-ip: -1708785398
Starting VT-initialization !
Tracer-ID: 14, Timeline-ID: 14
Tracer registration for EXP_CS complete. TimelineID = 14, Return = 14
Tracer Adding to SQ. Tracer ID = 14
Parsing any provided lookahead information ...
Opening file: /home/vignesh/VT-S3FNet/csudp/mpi_matrix/.ttn/lookahead/bbl_lookahead.info
File size: 344
mapped memblock size: 344
Finish offset: 39, Number of values: 39
Returning success !
Loaded BBL lookaheads for 39 basic blocks ...
Opening file: /home/vignesh/VT-S3FNet/csudp/mpi_matrix/.ttn/lookahead/loop_lookahead.info
File size: 128
mapped memblock size: 128
Finish offset: 12, Number of values: 12
Returning success !
Loaded Loop lookaheads for 12 loops ...
VT initialization successfull !
Finished Initializing VT-Management 
Initializing TCP-stack ...
TCP stack unique-id: 146
Starting virtual socket layer stack-thread !
Pthread_create: vtStackThread special case
Successfully initialized VTL-Logic embedded into the executable

------------------------- ACTUAL STDOUT FROM EXECUTABLE STARTS -----------------------------

Rank = 13, Total = 81, IP = 10.1.38.154
Adding new vt-tcp-socket !
Creating vt-tcp socket !
bind through vt-tcp !
Server socket bound to ip:port: 10.1.38.154:10000
Waiting for OK message from other nodes !
Waiting for OK message !
listen through vt-tcp !
Accept through vt-tcp !
Successfully received OK message !

---------------- Waiting for higher ranked nodes to connect --------------
listen through vt-tcp !
Accepting connection from higher ranked node: 80
Accept through vt-tcp !
Accepted connection from higher ranked node: 80
Successfully connected with higher ranked node: 80
Accepting connection from higher ranked node: 79
Accept through vt-tcp !
Accepted connection from higher ranked node: 79
Successfully connected with higher ranked node: 79
Accepting connection from higher ranked node: 78
Accept through vt-tcp !
Accepted connection from higher ranked node: 78
Successfully connected with higher ranked node: 78
Accepting connection from higher ranked node: 77
Accept through vt-tcp !
Accepted connection from higher ranked node: 77
Successfully connected with higher ranked node: 77
Accepting connection from higher ranked node: 76
Accept through vt-tcp !
Accepted connection from higher ranked node: 76
Successfully connected with higher ranked node: 76
Accepting connection from higher ranked node: 75
Accept through vt-tcp !
Accepted connection from higher ranked node: 75
Successfully connected with higher ranked node: 75
Accepting connection from higher ranked node: 74
Accept through vt-tcp !
Accepted connection from higher ranked node: 74
Successfully connected with higher ranked node: 74
Accepting connection from higher ranked node: 73
Accept through vt-tcp !
Accepted connection from higher ranked node: 73
Successfully connected with higher ranked node: 73
Accepting connection from higher ranked node: 72
Accept through vt-tcp !
Accepted connection from higher ranked node: 72
Successfully connected with higher ranked node: 72
Accepting connection from higher ranked node: 71
Accept through vt-tcp !
Accepted connection from higher ranked node: 71
Successfully connected with higher ranked node: 71
Accepting connection from higher ranked node: 70
Accept through vt-tcp !
Accepted connection from higher ranked node: 70
Successfully connected with higher ranked node: 70
Accepting connection from higher ranked node: 69
Accept through vt-tcp !
Accepted connection from higher ranked node: 69
Successfully connected with higher ranked node: 69
Accepting connection from higher ranked node: 68
Accept through vt-tcp !
Accepted connection from higher ranked node: 68
Successfully connected with higher ranked node: 68
Accepting connection from higher ranked node: 67
Accept through vt-tcp !
Accepted connection from higher ranked node: 67
Successfully connected with higher ranked node: 67
Accepting connection from higher ranked node: 66
Accept through vt-tcp !
Accepted connection from higher ranked node: 66
Successfully connected with higher ranked node: 66
Accepting connection from higher ranked node: 65
Accept through vt-tcp !
Accepted connection from higher ranked node: 65
Successfully connected with higher ranked node: 65
Accepting connection from higher ranked node: 64
Accept through vt-tcp !
Accepted connection from higher ranked node: 64
Successfully connected with higher ranked node: 64
Accepting connection from higher ranked node: 63
Accept through vt-tcp !
Accepted connection from higher ranked node: 63
Successfully connected with higher ranked node: 63
Accepting connection from higher ranked node: 62
Accept through vt-tcp !
Accepted connection from higher ranked node: 62
Successfully connected with higher ranked node: 62
Accepting connection from higher ranked node: 61
Accept through vt-tcp !
Accepted connection from higher ranked node: 61
Successfully connected with higher ranked node: 61
Accepting connection from higher ranked node: 60
Accept through vt-tcp !
Accepted connection from higher ranked node: 60
Successfully connected with higher ranked node: 60
Accepting connection from higher ranked node: 59
Accept through vt-tcp !
Accepted connection from higher ranked node: 59
Successfully connected with higher ranked node: 59
Accepting connection from higher ranked node: 58
Accept through vt-tcp !
Accepted connection from higher ranked node: 58
Successfully connected with higher ranked node: 58
Accepting connection from higher ranked node: 57
Accept through vt-tcp !
Accepted connection from higher ranked node: 57
Successfully connected with higher ranked node: 57
Accepting connection from higher ranked node: 56
Accept through vt-tcp !
Accepted connection from higher ranked node: 56
Successfully connected with higher ranked node: 56
Accepting connection from higher ranked node: 55
Accept through vt-tcp !
Accepted connection from higher ranked node: 55
Successfully connected with higher ranked node: 55
Accepting connection from higher ranked node: 54
Accept through vt-tcp !
Accepted connection from higher ranked node: 54
Successfully connected with higher ranked node: 54
Accepting connection from higher ranked node: 53
Accept through vt-tcp !
Accepted connection from higher ranked node: 53
Successfully connected with higher ranked node: 53
Accepting connection from higher ranked node: 52
Accept through vt-tcp !
Accepted connection from higher ranked node: 52
Successfully connected with higher ranked node: 52
Accepting connection from higher ranked node: 51
Accept through vt-tcp !
Accepted connection from higher ranked node: 51
Successfully connected with higher ranked node: 51
Accepting connection from higher ranked node: 50
Accept through vt-tcp !
Accepted connection from higher ranked node: 50
Successfully connected with higher ranked node: 50
Accepting connection from higher ranked node: 49
Accept through vt-tcp !
Accepted connection from higher ranked node: 49
Successfully connected with higher ranked node: 49
Accepting connection from higher ranked node: 48
Accept through vt-tcp !
Accepted connection from higher ranked node: 48
Successfully connected with higher ranked node: 48
Accepting connection from higher ranked node: 47
Accept through vt-tcp !
Accepted connection from higher ranked node: 47
Successfully connected with higher ranked node: 47
Accepting connection from higher ranked node: 46
Accept through vt-tcp !
Accepted connection from higher ranked node: 46
Successfully connected with higher ranked node: 46
Accepting connection from higher ranked node: 45
Accept through vt-tcp !
Accepted connection from higher ranked node: 45
Successfully connected with higher ranked node: 45
Accepting connection from higher ranked node: 44
Accept through vt-tcp !
Accepted connection from higher ranked node: 44
Successfully connected with higher ranked node: 44
Accepting connection from higher ranked node: 43
Accept through vt-tcp !
Accepted connection from higher ranked node: 43
Successfully connected with higher ranked node: 43
Accepting connection from higher ranked node: 42
Accept through vt-tcp !
Accepted connection from higher ranked node: 42
Successfully connected with higher ranked node: 42
Accepting connection from higher ranked node: 41
Accept through vt-tcp !
Accepted connection from higher ranked node: 41
Successfully connected with higher ranked node: 41
Accepting connection from higher ranked node: 40
Accept through vt-tcp !
Accepted connection from higher ranked node: 40
Successfully connected with higher ranked node: 40
Accepting connection from higher ranked node: 39
Accept through vt-tcp !
Accepted connection from higher ranked node: 39
Successfully connected with higher ranked node: 39
Accepting connection from higher ranked node: 38
Accept through vt-tcp !
Accepted connection from higher ranked node: 38
Successfully connected with higher ranked node: 38
Accepting connection from higher ranked node: 37
Accept through vt-tcp !
Accepted connection from higher ranked node: 37
Successfully connected with higher ranked node: 37
Accepting connection from higher ranked node: 36
Accept through vt-tcp !
Accepted connection from higher ranked node: 36
Successfully connected with higher ranked node: 36
Accepting connection from higher ranked node: 35
Accept through vt-tcp !
Accepted connection from higher ranked node: 35
Successfully connected with higher ranked node: 35
Accepting connection from higher ranked node: 34
Accept through vt-tcp !
Accepted connection from higher ranked node: 34
Successfully connected with higher ranked node: 34
Accepting connection from higher ranked node: 33
Accept through vt-tcp !
Accepted connection from higher ranked node: 33
Successfully connected with higher ranked node: 33
Accepting connection from higher ranked node: 32
Accept through vt-tcp !
Accepted connection from higher ranked node: 32
Successfully connected with higher ranked node: 32
Accepting connection from higher ranked node: 31
Accept through vt-tcp !
Accepted connection from higher ranked node: 31
Successfully connected with higher ranked node: 31
Accepting connection from higher ranked node: 30
Accept through vt-tcp !
Accepted connection from higher ranked node: 30
Successfully connected with higher ranked node: 30
Accepting connection from higher ranked node: 29
Accept through vt-tcp !
Accepted connection from higher ranked node: 29
Successfully connected with higher ranked node: 29
Accepting connection from higher ranked node: 28
Accept through vt-tcp !
Accepted connection from higher ranked node: 28
Successfully connected with higher ranked node: 28
Accepting connection from higher ranked node: 27
Accept through vt-tcp !
Accepted connection from higher ranked node: 27
Successfully connected with higher ranked node: 27
Accepting connection from higher ranked node: 26
Accept through vt-tcp !
Accepted connection from higher ranked node: 26
Successfully connected with higher ranked node: 26
Accepting connection from higher ranked node: 25
Accept through vt-tcp !
Accepted connection from higher ranked node: 25
Successfully connected with higher ranked node: 25
Accepting connection from higher ranked node: 24
Accept through vt-tcp !
Accepted connection from higher ranked node: 24
Successfully connected with higher ranked node: 24
Accepting connection from higher ranked node: 23
Accept through vt-tcp !
Accepted connection from higher ranked node: 23
Successfully connected with higher ranked node: 23
Accepting connection from higher ranked node: 22
Accept through vt-tcp !
Accepted connection from higher ranked node: 22
Successfully connected with higher ranked node: 22
Accepting connection from higher ranked node: 21
Accept through vt-tcp !
Accepted connection from higher ranked node: 21
Successfully connected with higher ranked node: 21
Accepting connection from higher ranked node: 20
Accept through vt-tcp !
Accepted connection from higher ranked node: 20
Successfully connected with higher ranked node: 20
Accepting connection from higher ranked node: 19
Accept through vt-tcp !
Accepted connection from higher ranked node: 19
Successfully connected with higher ranked node: 19
Accepting connection from higher ranked node: 18
Accept through vt-tcp !
Accepted connection from higher ranked node: 18
Successfully connected with higher ranked node: 18
Accepting connection from higher ranked node: 17
Accept through vt-tcp !
Accepted connection from higher ranked node: 17
Successfully connected with higher ranked node: 17
Accepting connection from higher ranked node: 16
Accept through vt-tcp !
Accepted connection from higher ranked node: 16
Successfully connected with higher ranked node: 16
Accepting connection from higher ranked node: 15
Accept through vt-tcp !
Accepted connection from higher ranked node: 15
Successfully connected with higher ranked node: 15
Accepting connection from higher ranked node: 14
Accept through vt-tcp !
Accepted connection from higher ranked node: 14
Successfully connected with higher ranked node: 14
Closing server socket: 4097
Clearing all tcp timers !
TCP-done for socket: 4097, err: -103

---------------- Connecting to lowed ranked nodes ! --------------
Adding new vt-tcp-socket !
Creating vt-tcp socket !
Connecting to lower ranked node: 12 at 10.1.38.158:10000
Connecting .. Socket: 4166, src-port: 40001
Socket: 4097 garbage collection
Freeing socket: 4097
Waking up connected socket !
Socket connect success. socket = 4166
Connecting through vt-tcp success !
Successfully connected to lower ranked node: 12 at 10.1.38.158:10000
Adding new vt-tcp-socket !
Creating vt-tcp socket !
Connecting to lower ranked node: 11 at 10.1.38.162:10000
Connecting .. Socket: 4167, src-port: 40002
Waking up connected socket !
Socket connect success. socket = 4167
Connecting through vt-tcp success !
Successfully connected to lower ranked node: 11 at 10.1.38.162:10000
Adding new vt-tcp-socket !
Creating vt-tcp socket !
Connecting to lower ranked node: 10 at 10.1.38.166:10000
Connecting .. Socket: 4168, src-port: 40003
Waking up connected socket !
Socket connect success. socket = 4168
Connecting through vt-tcp success !
Successfully connected to lower ranked node: 10 at 10.1.38.166:10000
Adding new vt-tcp-socket !
Creating vt-tcp socket !
Connecting to lower ranked node: 9 at 10.1.38.170:10000
Connecting .. Socket: 4169, src-port: 40004
Waking up connected socket !
Socket connect success. socket = 4169
Connecting through vt-tcp success !
Successfully connected to lower ranked node: 9 at 10.1.38.170:10000
Adding new vt-tcp-socket !
Creating vt-tcp socket !
Connecting to lower ranked node: 8 at 10.1.38.174:10000
Connecting .. Socket: 4170, src-port: 40005
Waking up connected socket !
Socket connect success. socket = 4170
Connecting through vt-tcp success !
Successfully connected to lower ranked node: 8 at 10.1.38.174:10000
Adding new vt-tcp-socket !
Creating vt-tcp socket !
Connecting to lower ranked node: 7 at 10.1.37.174:10000
Connecting .. Socket: 4171, src-port: 40006
Waking up connected socket !
Socket connect success. socket = 4171
Connecting through vt-tcp success !
Successfully connected to lower ranked node: 7 at 10.1.37.174:10000
Adding new vt-tcp-socket !
Creating vt-tcp socket !
Connecting to lower ranked node: 6 at 10.1.36.246:10000
Connecting .. Socket: 4172, src-port: 40007
Waking up connected socket !
Socket connect success. socket = 4172
Connecting through vt-tcp success !
Successfully connected to lower ranked node: 6 at 10.1.36.246:10000
Adding new vt-tcp-socket !
Creating vt-tcp socket !
Connecting to lower ranked node: 5 at 10.1.36.250:10000
Connecting .. Socket: 4173, src-port: 40008
Waking up connected socket !
Socket connect success. socket = 4173
Connecting through vt-tcp success !
Successfully connected to lower ranked node: 5 at 10.1.36.250:10000
Adding new vt-tcp-socket !
Creating vt-tcp socket !
Connecting to lower ranked node: 4 at 10.1.36.254:10000
Connecting .. Socket: 4174, src-port: 40009
Waking up connected socket !
Socket connect success. socket = 4174
Connecting through vt-tcp success !
Successfully connected to lower ranked node: 4 at 10.1.36.254:10000
Adding new vt-tcp-socket !
Creating vt-tcp socket !
Connecting to lower ranked node: 3 at 10.1.37.2:10000
Connecting .. Socket: 4175, src-port: 40010
Waking up connected socket !
Socket connect success. socket = 4175
Connecting through vt-tcp success !
Successfully connected to lower ranked node: 3 at 10.1.37.2:10000
Adding new vt-tcp-socket !
Creating vt-tcp socket !
Connecting to lower ranked node: 2 at 10.1.37.6:10000
Connecting .. Socket: 4176, src-port: 40011
Waking up connected socket !
Socket connect success. socket = 4176
Connecting through vt-tcp success !
Successfully connected to lower ranked node: 2 at 10.1.37.6:10000
Adding new vt-tcp-socket !
Creating vt-tcp socket !
Connecting to lower ranked node: 1 at 10.1.37.10:10000
Connecting .. Socket: 4177, src-port: 40012
Waking up connected socket !
Socket connect success. socket = 4177
Connecting through vt-tcp success !
Successfully connected to lower ranked node: 1 at 10.1.37.10:10000
Adding new vt-tcp-socket !
Creating vt-tcp socket !
Connecting to lower ranked node: 0 at 10.1.37.14:10000
Connecting .. Socket: 4178, src-port: 40013
Waking up connected socket !
Socket connect success. socket = 4178
Connecting through vt-tcp success !
Successfully connected to lower ranked node: 0 at 10.1.37.14:10000

---------------- Creating listen Thread ! --------------

---------------- MPI-Init success ! --------------
Adding new Thread: 8
Resuming new Thread with Burst of length: 5400
Received matrix-A partition size: 25 from master !

******************************************************
Received vector X and V from master 
Called SetLoopLookahead: init: 0, final: 16000, step: 8, loopDepth: 1, cumulative-num-iterations: 50000, look-ahead-ns: 92592
Called SetLoopLookahead: init: 0, final: 25, step: 1, loopDepth: 1, cumulative-num-iterations: 50000, look-ahead-ns: 296296
Called SetLoopLookahead: init: 0, final: 2000, step: 1, loopDepth: 2, cumulative-num-iterations: 100000000, look-ahead-ns: 222222224
Before rcv-wnd: seq: 1, rcv_nxt: 5
Before rcv-wnd: seq: 1, rcv_nxt: 5
Before rcv-wnd: seq: 1, rcv_nxt: 5
Before rcv-wnd: seq: 1, rcv_nxt: 5
Before rcv-wnd: seq: 1, rcv_nxt: 5
Before rcv-wnd: seq: 1, rcv_nxt: 5
Before rcv-wnd: seq: 1, rcv_nxt: 5
tcp-rto: snd_una: 1, rto: 400, backoff: 1, sock-fd = 4166
Sending offset = 300 to master !
Sending rows = 25 to master !
Sending result vector partition to master!
Sent results to master 
MSG: 0 Done.
Avg-Compute-Communication-Ratio = 7.491550

******************************************************
Received vector X and V from master 
Called SetLoopLookahead: init: 0, final: 16000, step: 8, loopDepth: 1, cumulative-num-iterations: 50000, look-ahead-ns: 92592
Called SetLoopLookahead: init: 0, final: 25, step: 1, loopDepth: 1, cumulative-num-iterations: 50000, look-ahead-ns: 296296
Called SetLoopLookahead: init: 0, final: 2000, step: 1, loopDepth: 2, cumulative-num-iterations: 100000000, look-ahead-ns: 222222224
Sending offset = 300 to master !
Sending rows = 25 to master !
Sending result vector partition to master!
Sent results to master 
MSG: 1 Done.
Avg-Compute-Communication-Ratio = 6.847840

******************************************************
Received vector X and V from master 
Called SetLoopLookahead: init: 0, final: 16000, step: 8, loopDepth: 1, cumulative-num-iterations: 50000, look-ahead-ns: 92592
Called SetLoopLookahead: init: 0, final: 25, step: 1, loopDepth: 1, cumulative-num-iterations: 50000, look-ahead-ns: 296296
Called SetLoopLookahead: init: 0, final: 2000, step: 1, loopDepth: 2, cumulative-num-iterations: 100000000, look-ahead-ns: 222222224
Sending offset = 300 to master !
Sending rows = 25 to master !
Sending result vector partition to master!
Sent results to master 
MSG: 2 Done.
Avg-Compute-Communication-Ratio = 6.594124

******************************************************
Received vector X and V from master 
Called SetLoopLookahead: init: 0, final: 16000, step: 8, loopDepth: 1, cumulative-num-iterations: 50000, look-ahead-ns: 92592
Called SetLoopLookahead: init: 0, final: 25, step: 1, loopDepth: 1, cumulative-num-iterations: 50000, look-ahead-ns: 296296
Called SetLoopLookahead: init: 0, final: 2000, step: 1, loopDepth: 2, cumulative-num-iterations: 100000000, look-ahead-ns: 222222224
Sending offset = 300 to master !
Sending rows = 25 to master !
Sending result vector partition to master!
Sent results to master 
MSG: 3 Done.
Avg-Compute-Communication-Ratio = 6.471194

******************************************************
Received vector X and V from master 
Called SetLoopLookahead: init: 0, final: 16000, step: 8, loopDepth: 1, cumulative-num-iterations: 50000, look-ahead-ns: 92592
Called SetLoopLookahead: init: 0, final: 25, step: 1, loopDepth: 1, cumulative-num-iterations: 50000, look-ahead-ns: 296296
Called SetLoopLookahead: init: 0, final: 2000, step: 1, loopDepth: 2, cumulative-num-iterations: 100000000, look-ahead-ns: 222222224
Sending offset = 300 to master !
Sending rows = 25 to master !
Sending result vector partition to master!
Sent results to master 
MSG: 4 Done.
Avg-Compute-Communication-Ratio = 6.401879

******************************************************
Received vector X and V from master 
Called SetLoopLookahead: init: 0, final: 16000, step: 8, loopDepth: 1, cumulative-num-iterations: 50000, look-ahead-ns: 92592
Called SetLoopLookahead: init: 0, final: 25, step: 1, loopDepth: 1, cumulative-num-iterations: 50000, look-ahead-ns: 296296
Called SetLoopLookahead: init: 0, final: 2000, step: 1, loopDepth: 2, cumulative-num-iterations: 100000000, look-ahead-ns: 222222224
Sending offset = 300 to master !
Sending rows = 25 to master !
Sending result vector partition to master!
Sent results to master 
MSG: 5 Done.
Avg-Compute-Communication-Ratio = 6.336793

******************************************************
Received vector X and V from master 
Called SetLoopLookahead: init: 0, final: 16000, step: 8, loopDepth: 1, cumulative-num-iterations: 50000, look-ahead-ns: 92592
Called SetLoopLookahead: init: 0, final: 25, step: 1, loopDepth: 1, cumulative-num-iterations: 50000, look-ahead-ns: 296296
Called SetLoopLookahead: init: 0, final: 2000, step: 1, loopDepth: 2, cumulative-num-iterations: 100000000, look-ahead-ns: 222222224
Sending offset = 300 to master !
Sending rows = 25 to master !
Sending result vector partition to master!
Sent results to master 
MSG: 6 Done.
Avg-Compute-Communication-Ratio = 6.307247

******************************************************
Received vector X and V from master 
Called SetLoopLookahead: init: 0, final: 16000, step: 8, loopDepth: 1, cumulative-num-iterations: 50000, look-ahead-ns: 92592
Called SetLoopLookahead: init: 0, final: 25, step: 1, loopDepth: 1, cumulative-num-iterations: 50000, look-ahead-ns: 296296
Called SetLoopLookahead: init: 0, final: 2000, step: 1, loopDepth: 2, cumulative-num-iterations: 100000000, look-ahead-ns: 222222224
Sending offset = 300 to master !
Sending rows = 25 to master !
Sending result vector partition to master!
Sent results to master 
MSG: 7 Done.
Avg-Compute-Communication-Ratio = 6.287852

******************************************************
Received vector X and V from master 
Called SetLoopLookahead: init: 0, final: 16000, step: 8, loopDepth: 1, cumulative-num-iterations: 50000, look-ahead-ns: 92592
Called SetLoopLookahead: init: 0, final: 25, step: 1, loopDepth: 1, cumulative-num-iterations: 50000, look-ahead-ns: 296296
Called SetLoopLookahead: init: 0, final: 2000, step: 1, loopDepth: 2, cumulative-num-iterations: 100000000, look-ahead-ns: 222222224
Sending offset = 300 to master !
Sending rows = 25 to master !
Sending result vector partition to master!
Sent results to master 
MSG: 8 Done.
Avg-Compute-Communication-Ratio = 6.274099

******************************************************
Received vector X and V from master 
Called SetLoopLookahead: init: 0, final: 16000, step: 8, loopDepth: 1, cumulative-num-iterations: 50000, look-ahead-ns: 92592
Called SetLoopLookahead: init: 0, final: 25, step: 1, loopDepth: 1, cumulative-num-iterations: 50000, look-ahead-ns: 296296
Called SetLoopLookahead: init: 0, final: 2000, step: 1, loopDepth: 2, cumulative-num-iterations: 100000000, look-ahead-ns: 222222224
Sending offset = 300 to master !
Sending rows = 25 to master !
Sending result vector partition to master!
Sent results to master 
MSG: 9 Done.
Avg-Compute-Communication-Ratio = 6.256549

******************************************************
Received vector X and V from master 
Called SetLoopLookahead: init: 0, final: 16000, step: 8, loopDepth: 1, cumulative-num-iterations: 50000, look-ahead-ns: 92592
Called SetLoopLookahead: init: 0, final: 25, step: 1, loopDepth: 1, cumulative-num-iterations: 50000, look-ahead-ns: 296296
Called SetLoopLookahead: init: 0, final: 2000, step: 1, loopDepth: 2, cumulative-num-iterations: 100000000, look-ahead-ns: 222222224
Sending offset = 300 to master !
Sending rows = 25 to master !
Sending result vector partition to master!
Sent results to master 
MSG: 10 Done.
Avg-Compute-Communication-Ratio = 6.246510

******************************************************
Received vector X and V from master 
Called SetLoopLookahead: init: 0, final: 16000, step: 8, loopDepth: 1, cumulative-num-iterations: 50000, look-ahead-ns: 92592
Called SetLoopLookahead: init: 0, final: 25, step: 1, loopDepth: 1, cumulative-num-iterations: 50000, look-ahead-ns: 296296
Called SetLoopLookahead: init: 0, final: 2000, step: 1, loopDepth: 2, cumulative-num-iterations: 100000000, look-ahead-ns: 222222224
Sending offset = 300 to master !
Sending rows = 25 to master !
Sending result vector partition to master!
Sent results to master 
MSG: 11 Done.
Avg-Compute-Communication-Ratio = 6.240790

******************************************************
Received vector X and V from master 
Called SetLoopLookahead: init: 0, final: 16000, step: 8, loopDepth: 1, cumulative-num-iterations: 50000, look-ahead-ns: 92592
Called SetLoopLookahead: init: 0, final: 25, step: 1, loopDepth: 1, cumulative-num-iterations: 50000, look-ahead-ns: 296296
Called SetLoopLookahead: init: 0, final: 2000, step: 1, loopDepth: 2, cumulative-num-iterations: 100000000, look-ahead-ns: 222222224
Sending offset = 300 to master !
Sending rows = 25 to master !
Sending result vector partition to master!
Sent results to master 
MSG: 12 Done.
Avg-Compute-Communication-Ratio = 6.235906

******************************************************
Received vector X and V from master 
Called SetLoopLookahead: init: 0, final: 16000, step: 8, loopDepth: 1, cumulative-num-iterations: 50000, look-ahead-ns: 92592
Called SetLoopLookahead: init: 0, final: 25, step: 1, loopDepth: 1, cumulative-num-iterations: 50000, look-ahead-ns: 296296
Called SetLoopLookahead: init: 0, final: 2000, step: 1, loopDepth: 2, cumulative-num-iterations: 100000000, look-ahead-ns: 222222224
Sending offset = 300 to master !
Sending rows = 25 to master !
Sending result vector partition to master!
Sent results to master 
MSG: 13 Done.
Avg-Compute-Communication-Ratio = 6.224731

******************************************************
Received vector X and V from master 
Called SetLoopLookahead: init: 0, final: 16000, step: 8, loopDepth: 1, cumulative-num-iterations: 50000, look-ahead-ns: 92592
Called SetLoopLookahead: init: 0, final: 25, step: 1, loopDepth: 1, cumulative-num-iterations: 50000, look-ahead-ns: 296296
Called SetLoopLookahead: init: 0, final: 2000, step: 1, loopDepth: 2, cumulative-num-iterations: 100000000, look-ahead-ns: 222222224
Sending offset = 300 to master !
Sending rows = 25 to master !
Sending result vector partition to master!
Sent results to master 
MSG: 14 Done.
Avg-Compute-Communication-Ratio = 6.224007

******************************************************
Received vector X and V from master 
Called SetLoopLookahead: init: 0, final: 16000, step: 8, loopDepth: 1, cumulative-num-iterations: 50000, look-ahead-ns: 92592
Called SetLoopLookahead: init: 0, final: 25, step: 1, loopDepth: 1, cumulative-num-iterations: 50000, look-ahead-ns: 296296
Called SetLoopLookahead: init: 0, final: 2000, step: 1, loopDepth: 2, cumulative-num-iterations: 100000000, look-ahead-ns: 222222224
Sending offset = 300 to master !
Sending rows = 25 to master !
Sending result vector partition to master!
Sent results to master 
MSG: 15 Done.
Avg-Compute-Communication-Ratio = 6.210553

******************************************************
Received vector X and V from master 
Called SetLoopLookahead: init: 0, final: 16000, step: 8, loopDepth: 1, cumulative-num-iterations: 50000, look-ahead-ns: 92592
Called SetLoopLookahead: init: 0, final: 25, step: 1, loopDepth: 1, cumulative-num-iterations: 50000, look-ahead-ns: 296296
Called SetLoopLookahead: init: 0, final: 2000, step: 1, loopDepth: 2, cumulative-num-iterations: 100000000, look-ahead-ns: 222222224
Sending offset = 300 to master !
Sending rows = 25 to master !
Sending result vector partition to master!
Sent results to master 
MSG: 16 Done.
Avg-Compute-Communication-Ratio = 6.213092

******************************************************
Received vector X and V from master 
Called SetLoopLookahead: init: 0, final: 16000, step: 8, loopDepth: 1, cumulative-num-iterations: 50000, look-ahead-ns: 92592
Called SetLoopLookahead: init: 0, final: 25, step: 1, loopDepth: 1, cumulative-num-iterations: 50000, look-ahead-ns: 296296
Called SetLoopLookahead: init: 0, final: 2000, step: 1, loopDepth: 2, cumulative-num-iterations: 100000000, look-ahead-ns: 222222224
Sending offset = 300 to master !
Sending rows = 25 to master !
Sending result vector partition to master!
Sent results to master 
MSG: 17 Done.
Avg-Compute-Communication-Ratio = 6.209902

******************************************************
Received vector X and V from master 
Called SetLoopLookahead: init: 0, final: 16000, step: 8, loopDepth: 1, cumulative-num-iterations: 50000, look-ahead-ns: 92592
Called SetLoopLookahead: init: 0, final: 25, step: 1, loopDepth: 1, cumulative-num-iterations: 50000, look-ahead-ns: 296296
Called SetLoopLookahead: init: 0, final: 2000, step: 1, loopDepth: 2, cumulative-num-iterations: 100000000, look-ahead-ns: 222222224
Sending offset = 300 to master !
Sending rows = 25 to master !
Sending result vector partition to master!
Sent results to master 
MSG: 18 Done.
Avg-Compute-Communication-Ratio = 6.206105

******************************************************
Received vector X and V from master 
Called SetLoopLookahead: init: 0, final: 16000, step: 8, loopDepth: 1, cumulative-num-iterations: 50000, look-ahead-ns: 92592
Called SetLoopLookahead: init: 0, final: 25, step: 1, loopDepth: 1, cumulative-num-iterations: 50000, look-ahead-ns: 296296
Called SetLoopLookahead: init: 0, final: 2000, step: 1, loopDepth: 2, cumulative-num-iterations: 100000000, look-ahead-ns: 222222224
Sending offset = 300 to master !
Sending rows = 25 to master !
Sending result vector partition to master!
Sent results to master 
MSG: 19 Done.
Avg-Compute-Communication-Ratio = 6.204637

******************************************************
Received vector X and V from master 
Called SetLoopLookahead: init: 0, final: 16000, step: 8, loopDepth: 1, cumulative-num-iterations: 50000, look-ahead-ns: 92592
Called SetLoopLookahead: init: 0, final: 25, step: 1, loopDepth: 1, cumulative-num-iterations: 50000, look-ahead-ns: 296296
Called SetLoopLookahead: init: 0, final: 2000, step: 1, loopDepth: 2, cumulative-num-iterations: 100000000, look-ahead-ns: 222222224
Sending offset = 300 to master !
Sending rows = 25 to master !
Sending result vector partition to master!
Sent results to master 
MSG: 20 Done.
Avg-Compute-Communication-Ratio = 6.200167

******************************************************
Received vector X and V from master 
Called SetLoopLookahead: init: 0, final: 16000, step: 8, loopDepth: 1, cumulative-num-iterations: 50000, look-ahead-ns: 92592
Called SetLoopLookahead: init: 0, final: 25, step: 1, loopDepth: 1, cumulative-num-iterations: 50000, look-ahead-ns: 296296
Called SetLoopLookahead: init: 0, final: 2000, step: 1, loopDepth: 2, cumulative-num-iterations: 100000000, look-ahead-ns: 222222224
Sending offset = 300 to master !
Sending rows = 25 to master !
Sending result vector partition to master!
Sent results to master 
MSG: 21 Done.
Avg-Compute-Communication-Ratio = 6.195136

******************************************************
Received vector X and V from master 
Called SetLoopLookahead: init: 0, final: 16000, step: 8, loopDepth: 1, cumulative-num-iterations: 50000, look-ahead-ns: 92592
Called SetLoopLookahead: init: 0, final: 25, step: 1, loopDepth: 1, cumulative-num-iterations: 50000, look-ahead-ns: 296296
Called SetLoopLookahead: init: 0, final: 2000, step: 1, loopDepth: 2, cumulative-num-iterations: 100000000, look-ahead-ns: 222222224
Sending offset = 300 to master !
Sending rows = 25 to master !
Sending result vector partition to master!
Sent results to master 
MSG: 22 Done.
Avg-Compute-Communication-Ratio = 6.195443

******************************************************
Received vector X and V from master 
Called SetLoopLookahead: init: 0, final: 16000, step: 8, loopDepth: 1, cumulative-num-iterations: 50000, look-ahead-ns: 92592
Called SetLoopLookahead: init: 0, final: 25, step: 1, loopDepth: 1, cumulative-num-iterations: 50000, look-ahead-ns: 296296
Called SetLoopLookahead: init: 0, final: 2000, step: 1, loopDepth: 2, cumulative-num-iterations: 100000000, look-ahead-ns: 222222224
Sending offset = 300 to master !
Sending rows = 25 to master !
Sending result vector partition to master!
Sent results to master 
MSG: 23 Done.
Avg-Compute-Communication-Ratio = 6.192243

******************************************************
Received vector X and V from master 
Called SetLoopLookahead: init: 0, final: 16000, step: 8, loopDepth: 1, cumulative-num-iterations: 50000, look-ahead-ns: 92592
Called SetLoopLookahead: init: 0, final: 25, step: 1, loopDepth: 1, cumulative-num-iterations: 50000, look-ahead-ns: 296296
Called SetLoopLookahead: init: 0, final: 2000, step: 1, loopDepth: 2, cumulative-num-iterations: 100000000, look-ahead-ns: 222222224
Sending offset = 300 to master !
Sending rows = 25 to master !
Sending result vector partition to master!
Sent results to master 
MSG: 24 Done.
Avg-Compute-Communication-Ratio = 6.187183

******************************************************
Received vector X and V from master 
Called SetLoopLookahead: init: 0, final: 16000, step: 8, loopDepth: 1, cumulative-num-iterations: 50000, look-ahead-ns: 92592
Called SetLoopLookahead: init: 0, final: 25, step: 1, loopDepth: 1, cumulative-num-iterations: 50000, look-ahead-ns: 296296
Called SetLoopLookahead: init: 0, final: 2000, step: 1, loopDepth: 2, cumulative-num-iterations: 100000000, look-ahead-ns: 222222224
Sending offset = 300 to master !
Sending rows = 25 to master !
Sending result vector partition to master!
Sent results to master 
MSG: 25 Done.
Avg-Compute-Communication-Ratio = 6.189957

******************************************************
Received vector X and V from master 
Called SetLoopLookahead: init: 0, final: 16000, step: 8, loopDepth: 1, cumulative-num-iterations: 50000, look-ahead-ns: 92592
Called SetLoopLookahead: init: 0, final: 25, step: 1, loopDepth: 1, cumulative-num-iterations: 50000, look-ahead-ns: 296296
Called SetLoopLookahead: init: 0, final: 2000, step: 1, loopDepth: 2, cumulative-num-iterations: 100000000, look-ahead-ns: 222222224
Sending offset = 300 to master !
Sending rows = 25 to master !
Sending result vector partition to master!
Sent results to master 
MSG: 26 Done.
Avg-Compute-Communication-Ratio = 6.202518

******************************************************
Received vector X and V from master 
Called SetLoopLookahead: init: 0, final: 16000, step: 8, loopDepth: 1, cumulative-num-iterations: 50000, look-ahead-ns: 92592
Called SetLoopLookahead: init: 0, final: 25, step: 1, loopDepth: 1, cumulative-num-iterations: 50000, look-ahead-ns: 296296
Called SetLoopLookahead: init: 0, final: 2000, step: 1, loopDepth: 2, cumulative-num-iterations: 100000000, look-ahead-ns: 222222224
Sending offset = 300 to master !
Sending rows = 25 to master !
Sending result vector partition to master!
Sent results to master 
MSG: 27 Done.
Avg-Compute-Communication-Ratio = 6.197321

******************************************************
Received vector X and V from master 
Called SetLoopLookahead: init: 0, final: 16000, step: 8, loopDepth: 1, cumulative-num-iterations: 50000, look-ahead-ns: 92592
Called SetLoopLookahead: init: 0, final: 25, step: 1, loopDepth: 1, cumulative-num-iterations: 50000, look-ahead-ns: 296296
Called SetLoopLookahead: init: 0, final: 2000, step: 1, loopDepth: 2, cumulative-num-iterations: 100000000, look-ahead-ns: 222222224
Sending offset = 300 to master !
Sending rows = 25 to master !
Sending result vector partition to master!
Sent results to master 
MSG: 28 Done.
Avg-Compute-Communication-Ratio = 6.198182

******************************************************
Received vector X and V from master 
Called SetLoopLookahead: init: 0, final: 16000, step: 8, loopDepth: 1, cumulative-num-iterations: 50000, look-ahead-ns: 92592
Called SetLoopLookahead: init: 0, final: 25, step: 1, loopDepth: 1, cumulative-num-iterations: 50000, look-ahead-ns: 296296
Called SetLoopLookahead: init: 0, final: 2000, step: 1, loopDepth: 2, cumulative-num-iterations: 100000000, look-ahead-ns: 222222224
Sending offset = 300 to master !
Sending rows = 25 to master !
Sending result vector partition to master!
Sent results to master 
MSG: 29 Done.
Avg-Compute-Communication-Ratio = 6.191246

******************************************************
Received vector X and V from master 
Called SetLoopLookahead: init: 0, final: 16000, step: 8, loopDepth: 1, cumulative-num-iterations: 50000, look-ahead-ns: 92592
Called SetLoopLookahead: init: 0, final: 25, step: 1, loopDepth: 1, cumulative-num-iterations: 50000, look-ahead-ns: 296296
Called SetLoopLookahead: init: 0, final: 2000, step: 1, loopDepth: 2, cumulative-num-iterations: 100000000, look-ahead-ns: 222222224
Sending offset = 300 to master !
Sending rows = 25 to master !
Sending result vector partition to master!
Sent results to master 
MSG: 30 Done.
Avg-Compute-Communication-Ratio = 6.190964

******************************************************
Received vector X and V from master 
Called SetLoopLookahead: init: 0, final: 16000, step: 8, loopDepth: 1, cumulative-num-iterations: 50000, look-ahead-ns: 92592
Called SetLoopLookahead: init: 0, final: 25, step: 1, loopDepth: 1, cumulative-num-iterations: 50000, look-ahead-ns: 296296
Called SetLoopLookahead: init: 0, final: 2000, step: 1, loopDepth: 2, cumulative-num-iterations: 100000000, look-ahead-ns: 222222224
Sending offset = 300 to master !
Sending rows = 25 to master !
Sending result vector partition to master!
Sent results to master 
MSG: 31 Done.
Avg-Compute-Communication-Ratio = 6.188061

******************************************************
Received vector X and V from master 
Called SetLoopLookahead: init: 0, final: 16000, step: 8, loopDepth: 1, cumulative-num-iterations: 50000, look-ahead-ns: 92592
Called SetLoopLookahead: init: 0, final: 25, step: 1, loopDepth: 1, cumulative-num-iterations: 50000, look-ahead-ns: 296296
Called SetLoopLookahead: init: 0, final: 2000, step: 1, loopDepth: 2, cumulative-num-iterations: 100000000, look-ahead-ns: 222222224
Sending offset = 300 to master !
Sending rows = 25 to master !
Sending result vector partition to master!
Sent results to master 
MSG: 32 Done.
Avg-Compute-Communication-Ratio = 6.187883

******************************************************
Received vector X and V from master 
Called SetLoopLookahead: init: 0, final: 16000, step: 8, loopDepth: 1, cumulative-num-iterations: 50000, look-ahead-ns: 92592
Called SetLoopLookahead: init: 0, final: 25, step: 1, loopDepth: 1, cumulative-num-iterations: 50000, look-ahead-ns: 296296
Called SetLoopLookahead: init: 0, final: 2000, step: 1, loopDepth: 2, cumulative-num-iterations: 100000000, look-ahead-ns: 222222224
Sending offset = 300 to master !
Sending rows = 25 to master !
Sending result vector partition to master!
Sent results to master 
MSG: 33 Done.
Avg-Compute-Communication-Ratio = 6.187247

******************************************************
Received vector X and V from master 
Called SetLoopLookahead: init: 0, final: 16000, step: 8, loopDepth: 1, cumulative-num-iterations: 50000, look-ahead-ns: 92592
Called SetLoopLookahead: init: 0, final: 25, step: 1, loopDepth: 1, cumulative-num-iterations: 50000, look-ahead-ns: 296296
Called SetLoopLookahead: init: 0, final: 2000, step: 1, loopDepth: 2, cumulative-num-iterations: 100000000, look-ahead-ns: 222222224
Sending offset = 300 to master !
Sending rows = 25 to master !
Sending result vector partition to master!
Sent results to master 
MSG: 34 Done.
Avg-Compute-Communication-Ratio = 6.187815

******************************************************
Received vector X and V from master 
Called SetLoopLookahead: init: 0, final: 16000, step: 8, loopDepth: 1, cumulative-num-iterations: 50000, look-ahead-ns: 92592
Called SetLoopLookahead: init: 0, final: 25, step: 1, loopDepth: 1, cumulative-num-iterations: 50000, look-ahead-ns: 296296
Called SetLoopLookahead: init: 0, final: 2000, step: 1, loopDepth: 2, cumulative-num-iterations: 100000000, look-ahead-ns: 222222224
Sending offset = 300 to master !
Sending rows = 25 to master !
Sending result vector partition to master!
Sent results to master 
MSG: 35 Done.
Avg-Compute-Communication-Ratio = 6.183460

******************************************************
Received vector X and V from master 
Called SetLoopLookahead: init: 0, final: 16000, step: 8, loopDepth: 1, cumulative-num-iterations: 50000, look-ahead-ns: 92592
Called SetLoopLookahead: init: 0, final: 25, step: 1, loopDepth: 1, cumulative-num-iterations: 50000, look-ahead-ns: 296296
Called SetLoopLookahead: init: 0, final: 2000, step: 1, loopDepth: 2, cumulative-num-iterations: 100000000, look-ahead-ns: 222222224
Sending offset = 300 to master !
Sending rows = 25 to master !
Sending result vector partition to master!
Sent results to master 
MSG: 36 Done.
Avg-Compute-Communication-Ratio = 6.182777

******************************************************
Received vector X and V from master 
Called SetLoopLookahead: init: 0, final: 16000, step: 8, loopDepth: 1, cumulative-num-iterations: 50000, look-ahead-ns: 92592
Called SetLoopLookahead: init: 0, final: 25, step: 1, loopDepth: 1, cumulative-num-iterations: 50000, look-ahead-ns: 296296
Called SetLoopLookahead: init: 0, final: 2000, step: 1, loopDepth: 2, cumulative-num-iterations: 100000000, look-ahead-ns: 222222224
Sending offset = 300 to master !
Sending rows = 25 to master !
Sending result vector partition to master!
Sent results to master 
MSG: 37 Done.
Avg-Compute-Communication-Ratio = 6.183991

******************************************************
Received vector X and V from master 
Called SetLoopLookahead: init: 0, final: 16000, step: 8, loopDepth: 1, cumulative-num-iterations: 50000, look-ahead-ns: 92592
Called SetLoopLookahead: init: 0, final: 25, step: 1, loopDepth: 1, cumulative-num-iterations: 50000, look-ahead-ns: 296296
Called SetLoopLookahead: init: 0, final: 2000, step: 1, loopDepth: 2, cumulative-num-iterations: 100000000, look-ahead-ns: 222222224
Sending offset = 300 to master !
Sending rows = 25 to master !
Sending result vector partition to master!
Sent results to master 
MSG: 38 Done.
Avg-Compute-Communication-Ratio = 6.180535

******************************************************
Received vector X and V from master 
Called SetLoopLookahead: init: 0, final: 16000, step: 8, loopDepth: 1, cumulative-num-iterations: 50000, look-ahead-ns: 92592
Called SetLoopLookahead: init: 0, final: 25, step: 1, loopDepth: 1, cumulative-num-iterations: 50000, look-ahead-ns: 296296
Called SetLoopLookahead: init: 0, final: 2000, step: 1, loopDepth: 2, cumulative-num-iterations: 100000000, look-ahead-ns: 222222224
Sending offset = 300 to master !
Sending rows = 25 to master !
Sending result vector partition to master!
Sent results to master 
MSG: 39 Done.
Avg-Compute-Communication-Ratio = 6.181843

******************************************************
Received vector X and V from master 
Called SetLoopLookahead: init: 0, final: 16000, step: 8, loopDepth: 1, cumulative-num-iterations: 50000, look-ahead-ns: 92592
Called SetLoopLookahead: init: 0, final: 25, step: 1, loopDepth: 1, cumulative-num-iterations: 50000, look-ahead-ns: 296296
Called SetLoopLookahead: init: 0, final: 2000, step: 1, loopDepth: 2, cumulative-num-iterations: 100000000, look-ahead-ns: 222222224
Sending offset = 300 to master !
Sending rows = 25 to master !
Sending result vector partition to master!
Sent results to master 
MSG: 40 Done.
Avg-Compute-Communication-Ratio = 6.177270

******************************************************
Received vector X and V from master 
Called SetLoopLookahead: init: 0, final: 16000, step: 8, loopDepth: 1, cumulative-num-iterations: 50000, look-ahead-ns: 92592
Called SetLoopLookahead: init: 0, final: 25, step: 1, loopDepth: 1, cumulative-num-iterations: 50000, look-ahead-ns: 296296
Called SetLoopLookahead: init: 0, final: 2000, step: 1, loopDepth: 2, cumulative-num-iterations: 100000000, look-ahead-ns: 222222224
Sending offset = 300 to master !
Sending rows = 25 to master !
Sending result vector partition to master!
Sent results to master 
MSG: 41 Done.
Avg-Compute-Communication-Ratio = 6.179955

******************************************************
Received vector X and V from master 
Called SetLoopLookahead: init: 0, final: 16000, step: 8, loopDepth: 1, cumulative-num-iterations: 50000, look-ahead-ns: 92592
Called SetLoopLookahead: init: 0, final: 25, step: 1, loopDepth: 1, cumulative-num-iterations: 50000, look-ahead-ns: 296296
Called SetLoopLookahead: init: 0, final: 2000, step: 1, loopDepth: 2, cumulative-num-iterations: 100000000, look-ahead-ns: 222222224
Sending offset = 300 to master !
Sending rows = 25 to master !
Sending result vector partition to master!
Sent results to master 
MSG: 42 Done.
Avg-Compute-Communication-Ratio = 6.176316

******************************************************
Received vector X and V from master 
Called SetLoopLookahead: init: 0, final: 16000, step: 8, loopDepth: 1, cumulative-num-iterations: 50000, look-ahead-ns: 92592
Called SetLoopLookahead: init: 0, final: 25, step: 1, loopDepth: 1, cumulative-num-iterations: 50000, look-ahead-ns: 296296
Called SetLoopLookahead: init: 0, final: 2000, step: 1, loopDepth: 2, cumulative-num-iterations: 100000000, look-ahead-ns: 222222224
Sending offset = 300 to master !
Sending rows = 25 to master !
Sending result vector partition to master!
Sent results to master 
MSG: 43 Done.
Avg-Compute-Communication-Ratio = 6.177517

******************************************************
Received vector X and V from master 
Called SetLoopLookahead: init: 0, final: 16000, step: 8, loopDepth: 1, cumulative-num-iterations: 50000, look-ahead-ns: 92592
Called SetLoopLookahead: init: 0, final: 25, step: 1, loopDepth: 1, cumulative-num-iterations: 50000, look-ahead-ns: 296296
Called SetLoopLookahead: init: 0, final: 2000, step: 1, loopDepth: 2, cumulative-num-iterations: 100000000, look-ahead-ns: 222222224
Sending offset = 300 to master !
Sending rows = 25 to master !
Sending result vector partition to master!
Sent results to master 
MSG: 44 Done.
Avg-Compute-Communication-Ratio = 6.183681

******************************************************
Received vector X and V from master 
Called SetLoopLookahead: init: 0, final: 16000, step: 8, loopDepth: 1, cumulative-num-iterations: 50000, look-ahead-ns: 92592
Called SetLoopLookahead: init: 0, final: 25, step: 1, loopDepth: 1, cumulative-num-iterations: 50000, look-ahead-ns: 296296
Called SetLoopLookahead: init: 0, final: 2000, step: 1, loopDepth: 2, cumulative-num-iterations: 100000000, look-ahead-ns: 222222224
Sending offset = 300 to master !
Sending rows = 25 to master !
Sending result vector partition to master!
Sent results to master 
MSG: 45 Done.
Avg-Compute-Communication-Ratio = 6.184978

******************************************************
Received vector X and V from master 
Called SetLoopLookahead: init: 0, final: 16000, step: 8, loopDepth: 1, cumulative-num-iterations: 50000, look-ahead-ns: 92592
Called SetLoopLookahead: init: 0, final: 25, step: 1, loopDepth: 1, cumulative-num-iterations: 50000, look-ahead-ns: 296296
Called SetLoopLookahead: init: 0, final: 2000, step: 1, loopDepth: 2, cumulative-num-iterations: 100000000, look-ahead-ns: 222222224
Sending offset = 300 to master !
Sending rows = 25 to master !
Sending result vector partition to master!
Sent results to master 
MSG: 46 Done.
Avg-Compute-Communication-Ratio = 6.183413

******************************************************
Received vector X and V from master 
Called SetLoopLookahead: init: 0, final: 16000, step: 8, loopDepth: 1, cumulative-num-iterations: 50000, look-ahead-ns: 92592
Called SetLoopLookahead: init: 0, final: 25, step: 1, loopDepth: 1, cumulative-num-iterations: 50000, look-ahead-ns: 296296
Called SetLoopLookahead: init: 0, final: 2000, step: 1, loopDepth: 2, cumulative-num-iterations: 100000000, look-ahead-ns: 222222224
Sending offset = 300 to master !
Sending rows = 25 to master !
Sending result vector partition to master!
Sent results to master 
MSG: 47 Done.
Avg-Compute-Communication-Ratio = 6.182837

******************************************************
Received vector X and V from master 
Called SetLoopLookahead: init: 0, final: 16000, step: 8, loopDepth: 1, cumulative-num-iterations: 50000, look-ahead-ns: 92592
Called SetLoopLookahead: init: 0, final: 25, step: 1, loopDepth: 1, cumulative-num-iterations: 50000, look-ahead-ns: 296296
Called SetLoopLookahead: init: 0, final: 2000, step: 1, loopDepth: 2, cumulative-num-iterations: 100000000, look-ahead-ns: 222222224
Sending offset = 300 to master !
Sending rows = 25 to master !
Sending result vector partition to master!
Sent results to master 
MSG: 48 Done.
Avg-Compute-Communication-Ratio = 6.179386

******************************************************
Received vector X and V from master 
Called SetLoopLookahead: init: 0, final: 16000, step: 8, loopDepth: 1, cumulative-num-iterations: 50000, look-ahead-ns: 92592
Called SetLoopLookahead: init: 0, final: 25, step: 1, loopDepth: 1, cumulative-num-iterations: 50000, look-ahead-ns: 296296
Called SetLoopLookahead: init: 0, final: 2000, step: 1, loopDepth: 2, cumulative-num-iterations: 100000000, look-ahead-ns: 222222224
Sending offset = 300 to master !
Sending rows = 25 to master !
Sending result vector partition to master!
Sent results to master 
MSG: 49 Done.
Avg-Compute-Communication-Ratio = 6.181842

******************************************************
Received vector X and V from master 
Called SetLoopLookahead: init: 0, final: 16000, step: 8, loopDepth: 1, cumulative-num-iterations: 50000, look-ahead-ns: 92592
Called SetLoopLookahead: init: 0, final: 25, step: 1, loopDepth: 1, cumulative-num-iterations: 50000, look-ahead-ns: 296296
Called SetLoopLookahead: init: 0, final: 2000, step: 1, loopDepth: 2, cumulative-num-iterations: 100000000, look-ahead-ns: 222222224
Sending offset = 300 to master !
Sending rows = 25 to master !
Sending result vector partition to master!
Sent results to master 
MSG: 50 Done.
Avg-Compute-Communication-Ratio = 6.178679

******************************************************
Received vector X and V from master 
Called SetLoopLookahead: init: 0, final: 16000, step: 8, loopDepth: 1, cumulative-num-iterations: 50000, look-ahead-ns: 92592
Called SetLoopLookahead: init: 0, final: 25, step: 1, loopDepth: 1, cumulative-num-iterations: 50000, look-ahead-ns: 296296
Called SetLoopLookahead: init: 0, final: 2000, step: 1, loopDepth: 2, cumulative-num-iterations: 100000000, look-ahead-ns: 222222224
Sending offset = 300 to master !
Sending rows = 25 to master !
Sending result vector partition to master!
Sent results to master 
MSG: 51 Done.
Avg-Compute-Communication-Ratio = 6.179958

******************************************************
Received vector X and V from master 
Called SetLoopLookahead: init: 0, final: 16000, step: 8, loopDepth: 1, cumulative-num-iterations: 50000, look-ahead-ns: 92592
Called SetLoopLookahead: init: 0, final: 25, step: 1, loopDepth: 1, cumulative-num-iterations: 50000, look-ahead-ns: 296296
Called SetLoopLookahead: init: 0, final: 2000, step: 1, loopDepth: 2, cumulative-num-iterations: 100000000, look-ahead-ns: 222222224
Sending offset = 300 to master !
Sending rows = 25 to master !
Sending result vector partition to master!
Sent results to master 
MSG: 52 Done.
Avg-Compute-Communication-Ratio = 6.180212

******************************************************
Received vector X and V from master 
Called SetLoopLookahead: init: 0, final: 16000, step: 8, loopDepth: 1, cumulative-num-iterations: 50000, look-ahead-ns: 92592
Called SetLoopLookahead: init: 0, final: 25, step: 1, loopDepth: 1, cumulative-num-iterations: 50000, look-ahead-ns: 296296
Called SetLoopLookahead: init: 0, final: 2000, step: 1, loopDepth: 2, cumulative-num-iterations: 100000000, look-ahead-ns: 222222224
Sending offset = 300 to master !
Sending rows = 25 to master !
Sending result vector partition to master!
Sent results to master 
MSG: 53 Done.
Avg-Compute-Communication-Ratio = 6.178479

******************************************************
Received vector X and V from master 
Called SetLoopLookahead: init: 0, final: 16000, step: 8, loopDepth: 1, cumulative-num-iterations: 50000, look-ahead-ns: 92592
Called SetLoopLookahead: init: 0, final: 25, step: 1, loopDepth: 1, cumulative-num-iterations: 50000, look-ahead-ns: 296296
Called SetLoopLookahead: init: 0, final: 2000, step: 1, loopDepth: 2, cumulative-num-iterations: 100000000, look-ahead-ns: 222222224
Sending offset = 300 to master !
Sending rows = 25 to master !
Sending result vector partition to master!
Sent results to master 
MSG: 54 Done.
Avg-Compute-Communication-Ratio = 6.176965

******************************************************
Received vector X and V from master 
Called SetLoopLookahead: init: 0, final: 16000, step: 8, loopDepth: 1, cumulative-num-iterations: 50000, look-ahead-ns: 92592
Called SetLoopLookahead: init: 0, final: 25, step: 1, loopDepth: 1, cumulative-num-iterations: 50000, look-ahead-ns: 296296
Called SetLoopLookahead: init: 0, final: 2000, step: 1, loopDepth: 2, cumulative-num-iterations: 100000000, look-ahead-ns: 222222224
Sending offset = 300 to master !
Sending rows = 25 to master !
Sending result vector partition to master!
Sent results to master 
MSG: 55 Done.
Avg-Compute-Communication-Ratio = 6.174494

******************************************************
Received vector X and V from master 
Called SetLoopLookahead: init: 0, final: 16000, step: 8, loopDepth: 1, cumulative-num-iterations: 50000, look-ahead-ns: 92592
Called SetLoopLookahead: init: 0, final: 25, step: 1, loopDepth: 1, cumulative-num-iterations: 50000, look-ahead-ns: 296296
Called SetLoopLookahead: init: 0, final: 2000, step: 1, loopDepth: 2, cumulative-num-iterations: 100000000, look-ahead-ns: 222222224
Sending offset = 300 to master !
Sending rows = 25 to master !
Sending result vector partition to master!
Sent results to master 
MSG: 56 Done.
Avg-Compute-Communication-Ratio = 6.175950

******************************************************
Received vector X and V from master 
Called SetLoopLookahead: init: 0, final: 16000, step: 8, loopDepth: 1, cumulative-num-iterations: 50000, look-ahead-ns: 92592
Called SetLoopLookahead: init: 0, final: 25, step: 1, loopDepth: 1, cumulative-num-iterations: 50000, look-ahead-ns: 296296
Called SetLoopLookahead: init: 0, final: 2000, step: 1, loopDepth: 2, cumulative-num-iterations: 100000000, look-ahead-ns: 222222224
Sending offset = 300 to master !
Sending rows = 25 to master !
Sending result vector partition to master!
Sent results to master 
MSG: 57 Done.
Avg-Compute-Communication-Ratio = 6.175082

******************************************************
Received vector X and V from master 
Called SetLoopLookahead: init: 0, final: 16000, step: 8, loopDepth: 1, cumulative-num-iterations: 50000, look-ahead-ns: 92592
Called SetLoopLookahead: init: 0, final: 25, step: 1, loopDepth: 1, cumulative-num-iterations: 50000, look-ahead-ns: 296296
Called SetLoopLookahead: init: 0, final: 2000, step: 1, loopDepth: 2, cumulative-num-iterations: 100000000, look-ahead-ns: 222222224
Sending offset = 300 to master !
Sending rows = 25 to master !
Sending result vector partition to master!
Sent results to master 
MSG: 58 Done.
Avg-Compute-Communication-Ratio = 6.171299

******************************************************
Received vector X and V from master 
Called SetLoopLookahead: init: 0, final: 16000, step: 8, loopDepth: 1, cumulative-num-iterations: 50000, look-ahead-ns: 92592
Called SetLoopLookahead: init: 0, final: 25, step: 1, loopDepth: 1, cumulative-num-iterations: 50000, look-ahead-ns: 296296
Called SetLoopLookahead: init: 0, final: 2000, step: 1, loopDepth: 2, cumulative-num-iterations: 100000000, look-ahead-ns: 222222224
Sending offset = 300 to master !
Sending rows = 25 to master !
Sending result vector partition to master!
Sent results to master 
MSG: 59 Done.
Avg-Compute-Communication-Ratio = 6.172369

******************************************************
Received vector X and V from master 
Called SetLoopLookahead: init: 0, final: 16000, step: 8, loopDepth: 1, cumulative-num-iterations: 50000, look-ahead-ns: 92592
Called SetLoopLookahead: init: 0, final: 25, step: 1, loopDepth: 1, cumulative-num-iterations: 50000, look-ahead-ns: 296296
Called SetLoopLookahead: init: 0, final: 2000, step: 1, loopDepth: 2, cumulative-num-iterations: 100000000, look-ahead-ns: 222222224
Sending offset = 300 to master !
Sending rows = 25 to master !
Sending result vector partition to master!
Sent results to master 
MSG: 60 Done.
Avg-Compute-Communication-Ratio = 6.170886

******************************************************
Received vector X and V from master 
Called SetLoopLookahead: init: 0, final: 16000, step: 8, loopDepth: 1, cumulative-num-iterations: 50000, look-ahead-ns: 92592
Called SetLoopLookahead: init: 0, final: 25, step: 1, loopDepth: 1, cumulative-num-iterations: 50000, look-ahead-ns: 296296
Called SetLoopLookahead: init: 0, final: 2000, step: 1, loopDepth: 2, cumulative-num-iterations: 100000000, look-ahead-ns: 222222224
Sending offset = 300 to master !
Sending rows = 25 to master !
Sending result vector partition to master!
Sent results to master 
MSG: 61 Done.
Avg-Compute-Communication-Ratio = 6.168812

******************************************************
Received vector X and V from master 
Called SetLoopLookahead: init: 0, final: 16000, step: 8, loopDepth: 1, cumulative-num-iterations: 50000, look-ahead-ns: 92592
Called SetLoopLookahead: init: 0, final: 25, step: 1, loopDepth: 1, cumulative-num-iterations: 50000, look-ahead-ns: 296296
Called SetLoopLookahead: init: 0, final: 2000, step: 1, loopDepth: 2, cumulative-num-iterations: 100000000, look-ahead-ns: 222222224
Sending offset = 300 to master !
Sending rows = 25 to master !
Sending result vector partition to master!
Sent results to master 
MSG: 62 Done.
Avg-Compute-Communication-Ratio = 6.166380

******************************************************
Received vector X and V from master 
Called SetLoopLookahead: init: 0, final: 16000, step: 8, loopDepth: 1, cumulative-num-iterations: 50000, look-ahead-ns: 92592
Called SetLoopLookahead: init: 0, final: 25, step: 1, loopDepth: 1, cumulative-num-iterations: 50000, look-ahead-ns: 296296
Called SetLoopLookahead: init: 0, final: 2000, step: 1, loopDepth: 2, cumulative-num-iterations: 100000000, look-ahead-ns: 222222224
Sending offset = 300 to master !
Sending rows = 25 to master !
Sending result vector partition to master!
Sent results to master 
MSG: 63 Done.
Avg-Compute-Communication-Ratio = 6.164501

******************************************************
Received vector X and V from master 
Called SetLoopLookahead: init: 0, final: 16000, step: 8, loopDepth: 1, cumulative-num-iterations: 50000, look-ahead-ns: 92592
Called SetLoopLookahead: init: 0, final: 25, step: 1, loopDepth: 1, cumulative-num-iterations: 50000, look-ahead-ns: 296296
Called SetLoopLookahead: init: 0, final: 2000, step: 1, loopDepth: 2, cumulative-num-iterations: 100000000, look-ahead-ns: 222222224
Sending offset = 300 to master !
Sending rows = 25 to master !
Sending result vector partition to master!
Sent results to master 
MSG: 64 Done.
Avg-Compute-Communication-Ratio = 6.164792

******************************************************
Received vector X and V from master 
Called SetLoopLookahead: init: 0, final: 16000, step: 8, loopDepth: 1, cumulative-num-iterations: 50000, look-ahead-ns: 92592
Called SetLoopLookahead: init: 0, final: 25, step: 1, loopDepth: 1, cumulative-num-iterations: 50000, look-ahead-ns: 296296
Called SetLoopLookahead: init: 0, final: 2000, step: 1, loopDepth: 2, cumulative-num-iterations: 100000000, look-ahead-ns: 222222224
Sending offset = 300 to master !
Sending rows = 25 to master !
Sending result vector partition to master!
Sent results to master 
MSG: 65 Done.
Avg-Compute-Communication-Ratio = 6.161697

******************************************************
Received vector X and V from master 
Called SetLoopLookahead: init: 0, final: 16000, step: 8, loopDepth: 1, cumulative-num-iterations: 50000, look-ahead-ns: 92592
Called SetLoopLookahead: init: 0, final: 25, step: 1, loopDepth: 1, cumulative-num-iterations: 50000, look-ahead-ns: 296296
Called SetLoopLookahead: init: 0, final: 2000, step: 1, loopDepth: 2, cumulative-num-iterations: 100000000, look-ahead-ns: 222222224
Sending offset = 300 to master !
Sending rows = 25 to master !
Sending result vector partition to master!
Sent results to master 
MSG: 66 Done.
Avg-Compute-Communication-Ratio = 6.162395

******************************************************
Received vector X and V from master 
Called SetLoopLookahead: init: 0, final: 16000, step: 8, loopDepth: 1, cumulative-num-iterations: 50000, look-ahead-ns: 92592
Called SetLoopLookahead: init: 0, final: 25, step: 1, loopDepth: 1, cumulative-num-iterations: 50000, look-ahead-ns: 296296
Called SetLoopLookahead: init: 0, final: 2000, step: 1, loopDepth: 2, cumulative-num-iterations: 100000000, look-ahead-ns: 222222224
Sending offset = 300 to master !
Sending rows = 25 to master !
Sending result vector partition to master!
Sent results to master 
MSG: 67 Done.
Avg-Compute-Communication-Ratio = 6.160060

******************************************************
Received vector X and V from master 
Called SetLoopLookahead: init: 0, final: 16000, step: 8, loopDepth: 1, cumulative-num-iterations: 50000, look-ahead-ns: 92592
Called SetLoopLookahead: init: 0, final: 25, step: 1, loopDepth: 1, cumulative-num-iterations: 50000, look-ahead-ns: 296296
Called SetLoopLookahead: init: 0, final: 2000, step: 1, loopDepth: 2, cumulative-num-iterations: 100000000, look-ahead-ns: 222222224
Sending offset = 300 to master !
Sending rows = 25 to master !
Sending result vector partition to master!
Sent results to master 
MSG: 68 Done.
Avg-Compute-Communication-Ratio = 6.159586

******************************************************
Received vector X and V from master 
Called SetLoopLookahead: init: 0, final: 16000, step: 8, loopDepth: 1, cumulative-num-iterations: 50000, look-ahead-ns: 92592
Called SetLoopLookahead: init: 0, final: 25, step: 1, loopDepth: 1, cumulative-num-iterations: 50000, look-ahead-ns: 296296
Called SetLoopLookahead: init: 0, final: 2000, step: 1, loopDepth: 2, cumulative-num-iterations: 100000000, look-ahead-ns: 222222224
Sending offset = 300 to master !
Sending rows = 25 to master !
Sending result vector partition to master!
Sent results to master 
MSG: 69 Done.
Avg-Compute-Communication-Ratio = 6.158780

******************************************************
Received vector X and V from master 
Called SetLoopLookahead: init: 0, final: 16000, step: 8, loopDepth: 1, cumulative-num-iterations: 50000, look-ahead-ns: 92592
Called SetLoopLookahead: init: 0, final: 25, step: 1, loopDepth: 1, cumulative-num-iterations: 50000, look-ahead-ns: 296296
Called SetLoopLookahead: init: 0, final: 2000, step: 1, loopDepth: 2, cumulative-num-iterations: 100000000, look-ahead-ns: 222222224
Sending offset = 300 to master !
Sending rows = 25 to master !
Sending result vector partition to master!
Sent results to master 
MSG: 70 Done.
Avg-Compute-Communication-Ratio = 6.158834

******************************************************
Received vector X and V from master 
Called SetLoopLookahead: init: 0, final: 16000, step: 8, loopDepth: 1, cumulative-num-iterations: 50000, look-ahead-ns: 92592
Called SetLoopLookahead: init: 0, final: 25, step: 1, loopDepth: 1, cumulative-num-iterations: 50000, look-ahead-ns: 296296
Called SetLoopLookahead: init: 0, final: 2000, step: 1, loopDepth: 2, cumulative-num-iterations: 100000000, look-ahead-ns: 222222224
Sending offset = 300 to master !
Sending rows = 25 to master !
Sending result vector partition to master!
Sent results to master 
MSG: 71 Done.
Avg-Compute-Communication-Ratio = 6.156425

******************************************************
Received vector X and V from master 
Called SetLoopLookahead: init: 0, final: 16000, step: 8, loopDepth: 1, cumulative-num-iterations: 50000, look-ahead-ns: 92592
Called SetLoopLookahead: init: 0, final: 25, step: 1, loopDepth: 1, cumulative-num-iterations: 50000, look-ahead-ns: 296296
Called SetLoopLookahead: init: 0, final: 2000, step: 1, loopDepth: 2, cumulative-num-iterations: 100000000, look-ahead-ns: 222222224
Sending offset = 300 to master !
Sending rows = 25 to master !
Sending result vector partition to master!
Sent results to master 
MSG: 72 Done.
Avg-Compute-Communication-Ratio = 6.156626

******************************************************
Received vector X and V from master 
Called SetLoopLookahead: init: 0, final: 16000, step: 8, loopDepth: 1, cumulative-num-iterations: 50000, look-ahead-ns: 92592
Called SetLoopLookahead: init: 0, final: 25, step: 1, loopDepth: 1, cumulative-num-iterations: 50000, look-ahead-ns: 296296
Called SetLoopLookahead: init: 0, final: 2000, step: 1, loopDepth: 2, cumulative-num-iterations: 100000000, look-ahead-ns: 222222224
Sending offset = 300 to master !
Sending rows = 25 to master !
Sending result vector partition to master!
Sent results to master 
MSG: 73 Done.
Avg-Compute-Communication-Ratio = 6.155691

******************************************************
Received vector X and V from master 
Called SetLoopLookahead: init: 0, final: 16000, step: 8, loopDepth: 1, cumulative-num-iterations: 50000, look-ahead-ns: 92592
Called SetLoopLookahead: init: 0, final: 25, step: 1, loopDepth: 1, cumulative-num-iterations: 50000, look-ahead-ns: 296296
Called SetLoopLookahead: init: 0, final: 2000, step: 1, loopDepth: 2, cumulative-num-iterations: 100000000, look-ahead-ns: 222222224
Exp finishing. Stopping stack thread with id: 6!

------------------------- ACTUAL STDOUT FROM EXECUTABLE ENDED -----------------------------

Process: 6 exiting VT experiment !
Main thread exiting. PID = 6
