Attempting to set static arp entries ...
Tracer: 68 >> Using SRC IP: 10.1.38.86 for any spawned virtual tcp-stacks
Tracer: 68 >> Updating firewall rules to drop outgoing TCP-RST packets
Attempting to set firewall rules ...
Tracer: 68 >> CMD TO RUN: /home/vignesh/VT-S3FNet/csudp/mpi_sat/mpi_csat 67 81 10.1.38.86 > /home/vignesh/VT-S3FNet/experiment-data/MPI_LA_Disabled_nemus_81_mpi_sat/worker67.log
args[0] = /home/vignesh/VT-S3FNet/csudp/mpi_sat/mpi_csat
args[1] = 67
args[2] = 81
args[3] = 10.1.38.86
Setting appropriate environment variables ...
HOME DIRECTORY : /home/vignesh
Parsing TTN config file: /home/vignesh/.ttn/projects.db
Setting VT_L1_INS_CACHE_MISS_CYCLES to: 100
Setting VT_L1_INS_CACHE_LINES to: 64
Setting VT_L1_INS_CACHE_SIZE_KB to: 32
Setting VT_L1_INS_CACHE_ASSOC to: 8
Setting VT_L1_INS_CACHE_REPLACEMENT_POLICY to: LRU
Setting VT_L1_DATA_CACHE_MISS_CYCLES to: 100
Setting VT_L1_DATA_CACHE_LINES to: 64
Setting VT_L1_DATA_CACHE_SIZE_KB to: 32
Setting VT_L1_DATA_CACHE_ASSOC to: 8
Setting VT_L1_DATA_CACHE_REPLACEMENT_POLICY to: LRU
Setting VT_CPU_CYLES_NS to: 2.700000
Setting VT_NIC_SPEED_MBPS to: 1000.000000
Setting VT_TIMING_MODEL to: EMPIRICAL
Setting VT_BBL_LOOKAHEAD_FILE to: /home/vignesh/VT-S3FNet/csudp/mpi_sat/.ttn/lookahead/bbl_lookahead.info
Setting VT_LOOP_LOOKAHEAD_FILE to: /home/vignesh/VT-S3FNet/csudp/mpi_sat/.ttn/lookahead/loop_lookahead.info
Starting command: /home/vignesh/VT-S3FNet/csudp/mpi_sat/mpi_csat
Loading orig functions !
Starting executable with Pid = 6
Loading pointers to VTL Logic functions
Loaded pointers to all VTL Logic functions
Now Initializing VT-Management 
Extracting env variables !
Extracted tracer-id: 68
Extracted exp-type: 2
Extracted cpu-cycles-ns: 2.700000
Extracted socket-layer-ip: 1445331210
Starting VT-initialization !
Tracer-ID: 68, Timeline-ID: 68
Tracer registration for EXP_CS complete. TimelineID = 68, Return = 68
Tracer Adding to SQ. Tracer ID = 68
Parsing any provided lookahead information ...
Opening file: /home/vignesh/VT-S3FNet/csudp/mpi_sat/.ttn/lookahead/bbl_lookahead.info
File size: 808
mapped memblock size: 808
Finish offset: 97, Number of values: 97
Returning success !
Loaded BBL lookaheads for 97 basic blocks ...
Opening file: /home/vignesh/VT-S3FNet/csudp/mpi_sat/.ttn/lookahead/loop_lookahead.info
File size: 56
mapped memblock size: 56
Finish offset: 3, Number of values: 3
Returning success !
Loaded Loop lookaheads for 3 loops ...
VT initialization successfull !
Finished Initializing VT-Management 
Initializing TCP-stack ...
TCP stack unique-id: 686
Starting virtual socket layer stack-thread !
Pthread_create: vtStackThread special case
Successfully initialized VTL-Logic embedded into the executable

------------------------- ACTUAL STDOUT FROM EXECUTABLE STARTS -----------------------------

Rank = 67, Total = 81, IP = 10.1.38.86
Adding new vt-tcp-socket !
Creating vt-tcp socket !
bind through vt-tcp !
Server socket bound to ip:port: 10.1.38.86:10000
Waiting for OK message from other nodes !
Waiting for OK message !
listen through vt-tcp !
Accept through vt-tcp !
Successfully received OK message !

---------------- Waiting for higher ranked nodes to connect --------------
listen through vt-tcp !
Accepting connection from higher ranked node: 80
Accept through vt-tcp !
Entering time-wait from FIN_WAIT_2
Clearing all tcp timers !
Adding TcpLinger !
Accepted connection from higher ranked node: 80
Successfully connected with higher ranked node: 80
Accepting connection from higher ranked node: 79
Accept through vt-tcp !
Accepted connection from higher ranked node: 79
Successfully connected with higher ranked node: 79
Accepting connection from higher ranked node: 78
Accept through vt-tcp !
Accepted connection from higher ranked node: 78
Successfully connected with higher ranked node: 78
Accepting connection from higher ranked node: 77
Accept through vt-tcp !
Accepted connection from higher ranked node: 77
Successfully connected with higher ranked node: 77
Accepting connection from higher ranked node: 76
Accept through vt-tcp !
Accepted connection from higher ranked node: 76
Successfully connected with higher ranked node: 76
Accepting connection from higher ranked node: 75
Accept through vt-tcp !
Accepted connection from higher ranked node: 75
Successfully connected with higher ranked node: 75
Accepting connection from higher ranked node: 74
Accept through vt-tcp !
Accepted connection from higher ranked node: 74
Successfully connected with higher ranked node: 74
Accepting connection from higher ranked node: 73
Accept through vt-tcp !
Accepted connection from higher ranked node: 73
Successfully connected with higher ranked node: 73
Accepting connection from higher ranked node: 72
Accept through vt-tcp !
Accepted connection from higher ranked node: 72
Successfully connected with higher ranked node: 72
Accepting connection from higher ranked node: 71
Accept through vt-tcp !
Accepted connection from higher ranked node: 71
Successfully connected with higher ranked node: 71
Accepting connection from higher ranked node: 70
Accept through vt-tcp !
Accepted connection from higher ranked node: 70
Successfully connected with higher ranked node: 70
Accepting connection from higher ranked node: 69
Accept through vt-tcp !
Accepted connection from higher ranked node: 69
Successfully connected with higher ranked node: 69
Accepting connection from higher ranked node: 68
Accept through vt-tcp !
Accepted connection from higher ranked node: 68
Successfully connected with higher ranked node: 68
Closing server socket: 4097
Clearing all tcp timers !
TCP-done for socket: 4097, err: -103

---------------- Connecting to lowed ranked nodes ! --------------
Adding new vt-tcp-socket !
Creating vt-tcp socket !
Connecting to lower ranked node: 66 at 10.1.38.90:10000
Connecting .. Socket: 4112, src-port: 40001
Socket: 4097 garbage collection
Freeing socket: 4097
Waking up connected socket !
Socket connect success. socket = 4112
Connecting through vt-tcp success !
Successfully connected to lower ranked node: 66 at 10.1.38.90:10000
Adding new vt-tcp-socket !
Creating vt-tcp socket !
Connecting to lower ranked node: 65 at 10.1.38.94:10000
Connecting .. Socket: 4113, src-port: 40002
Waking up connected socket !
Socket connect success. socket = 4113
Connecting through vt-tcp success !
Successfully connected to lower ranked node: 65 at 10.1.38.94:10000
Adding new vt-tcp-socket !
Creating vt-tcp socket !
Connecting to lower ranked node: 64 at 10.1.38.98:10000
Connecting .. Socket: 4114, src-port: 40003
Waking up connected socket !
Socket connect success. socket = 4114
Connecting through vt-tcp success !
Successfully connected to lower ranked node: 64 at 10.1.38.98:10000
Adding new vt-tcp-socket !
Creating vt-tcp socket !
Connecting to lower ranked node: 63 at 10.1.37.250:10000
Connecting .. Socket: 4115, src-port: 40004
Waking up connected socket !
Socket connect success. socket = 4115
Connecting through vt-tcp success !
Successfully connected to lower ranked node: 63 at 10.1.37.250:10000
Adding new vt-tcp-socket !
Creating vt-tcp socket !
Connecting to lower ranked node: 62 at 10.1.37.214:10000
Connecting .. Socket: 4116, src-port: 40005
Waking up connected socket !
Socket connect success. socket = 4116
Connecting through vt-tcp success !
Successfully connected to lower ranked node: 62 at 10.1.37.214:10000
Adding new vt-tcp-socket !
Creating vt-tcp socket !
Connecting to lower ranked node: 61 at 10.1.37.218:10000
Connecting .. Socket: 4117, src-port: 40006
Waking up connected socket !
Socket connect success. socket = 4117
Connecting through vt-tcp success !
Successfully connected to lower ranked node: 61 at 10.1.37.218:10000
Adding new vt-tcp-socket !
Creating vt-tcp socket !
Connecting to lower ranked node: 60 at 10.1.37.222:10000
Connecting .. Socket: 4118, src-port: 40007
Waking up connected socket !
Socket connect success. socket = 4118
Connecting through vt-tcp success !
Successfully connected to lower ranked node: 60 at 10.1.37.222:10000
Adding new vt-tcp-socket !
Creating vt-tcp socket !
Connecting to lower ranked node: 59 at 10.1.37.226:10000
Connecting .. Socket: 4119, src-port: 40008
Waking up connected socket !
Socket connect success. socket = 4119
Connecting through vt-tcp success !
Successfully connected to lower ranked node: 59 at 10.1.37.226:10000
Adding new vt-tcp-socket !
Creating vt-tcp socket !
Connecting to lower ranked node: 58 at 10.1.37.230:10000
Connecting .. Socket: 4120, src-port: 40009
Waking up connected socket !
Socket connect success. socket = 4120
Connecting through vt-tcp success !
Successfully connected to lower ranked node: 58 at 10.1.37.230:10000
Adding new vt-tcp-socket !
Creating vt-tcp socket !
Connecting to lower ranked node: 57 at 10.1.37.234:10000
Connecting .. Socket: 4121, src-port: 40010
Waking up connected socket !
Socket connect success. socket = 4121
Connecting through vt-tcp success !
Successfully connected to lower ranked node: 57 at 10.1.37.234:10000
Adding new vt-tcp-socket !
Creating vt-tcp socket !
Connecting to lower ranked node: 56 at 10.1.37.238:10000
Connecting .. Socket: 4122, src-port: 40011
Waking up connected socket !
Socket connect success. socket = 4122
Connecting through vt-tcp success !
Successfully connected to lower ranked node: 56 at 10.1.37.238:10000
Adding new vt-tcp-socket !
Creating vt-tcp socket !
Connecting to lower ranked node: 55 at 10.1.37.242:10000
Connecting .. Socket: 4123, src-port: 40012
Waking up connected socket !
Socket connect success. socket = 4123
Connecting through vt-tcp success !
Successfully connected to lower ranked node: 55 at 10.1.37.242:10000
Adding new vt-tcp-socket !
Creating vt-tcp socket !
Connecting to lower ranked node: 54 at 10.1.37.246:10000
Connecting .. Socket: 4124, src-port: 40013
Waking up connected socket !
Socket connect success. socket = 4124
Connecting through vt-tcp success !
Successfully connected to lower ranked node: 54 at 10.1.37.246:10000
Adding new vt-tcp-socket !
Creating vt-tcp socket !
Connecting to lower ranked node: 53 at 10.1.37.210:10000
Connecting .. Socket: 4125, src-port: 40014
Waking up connected socket !
Socket connect success. socket = 4125
Connecting through vt-tcp success !
Successfully connected to lower ranked node: 53 at 10.1.37.210:10000
Adding new vt-tcp-socket !
Creating vt-tcp socket !
Connecting to lower ranked node: 52 at 10.1.37.254:10000
Connecting .. Socket: 4126, src-port: 40015
Waking up connected socket !
Socket connect success. socket = 4126
Connecting through vt-tcp success !
Successfully connected to lower ranked node: 52 at 10.1.37.254:10000
Adding new vt-tcp-socket !
Creating vt-tcp socket !
Connecting to lower ranked node: 51 at 10.1.38.2:10000
Connecting .. Socket: 4127, src-port: 40016
Waking up connected socket !
Socket connect success. socket = 4127
Connecting through vt-tcp success !
Successfully connected to lower ranked node: 51 at 10.1.38.2:10000
Adding new vt-tcp-socket !
Creating vt-tcp socket !
Connecting to lower ranked node: 50 at 10.1.38.6:10000
Connecting .. Socket: 4128, src-port: 40017
Waking up connected socket !
Socket connect success. socket = 4128
Connecting through vt-tcp success !
Successfully connected to lower ranked node: 50 at 10.1.38.6:10000
Adding new vt-tcp-socket !
Creating vt-tcp socket !
Connecting to lower ranked node: 49 at 10.1.38.10:10000
Connecting .. Socket: 4129, src-port: 40018
Waking up connected socket !
Socket connect success. socket = 4129
Connecting through vt-tcp success !
Successfully connected to lower ranked node: 49 at 10.1.38.10:10000
Adding new vt-tcp-socket !
Creating vt-tcp socket !
Connecting to lower ranked node: 48 at 10.1.38.14:10000
Connecting .. Socket: 4130, src-port: 40019
Waking up connected socket !
Socket connect success. socket = 4130
Connecting through vt-tcp success !
Successfully connected to lower ranked node: 48 at 10.1.38.14:10000
Adding new vt-tcp-socket !
Creating vt-tcp socket !
Connecting to lower ranked node: 47 at 10.1.38.18:10000
Connecting .. Socket: 4131, src-port: 40020
Waking up connected socket !
Socket connect success. socket = 4131
Connecting through vt-tcp success !
Successfully connected to lower ranked node: 47 at 10.1.38.18:10000
Adding new vt-tcp-socket !
Creating vt-tcp socket !
Connecting to lower ranked node: 46 at 10.1.38.22:10000
Connecting .. Socket: 4132, src-port: 40021
Waking up connected socket !
Socket connect success. socket = 4132
Connecting through vt-tcp success !
Successfully connected to lower ranked node: 46 at 10.1.38.22:10000
Adding new vt-tcp-socket !
Creating vt-tcp socket !
Connecting to lower ranked node: 45 at 10.1.38.26:10000
Connecting .. Socket: 4133, src-port: 40022
Waking up connected socket !
Socket connect success. socket = 4133
Connecting through vt-tcp success !
Successfully connected to lower ranked node: 45 at 10.1.38.26:10000
Adding new vt-tcp-socket !
Creating vt-tcp socket !
Connecting to lower ranked node: 44 at 10.1.38.66:10000
Connecting .. Socket: 4134, src-port: 40023
Waking up connected socket !
Socket connect success. socket = 4134
Connecting through vt-tcp success !
Successfully connected to lower ranked node: 44 at 10.1.38.66:10000
Adding new vt-tcp-socket !
Creating vt-tcp socket !
Connecting to lower ranked node: 43 at 10.1.38.182:10000
Connecting .. Socket: 4135, src-port: 40024
Waking up connected socket !
Socket connect success. socket = 4135
Connecting through vt-tcp success !
Successfully connected to lower ranked node: 43 at 10.1.38.182:10000
Adding new vt-tcp-socket !
Creating vt-tcp socket !
Connecting to lower ranked node: 42 at 10.1.38.186:10000
Connecting .. Socket: 4136, src-port: 40025
Waking up connected socket !
Socket connect success. socket = 4136
Connecting through vt-tcp success !
Successfully connected to lower ranked node: 42 at 10.1.38.186:10000
Adding new vt-tcp-socket !
Creating vt-tcp socket !
Connecting to lower ranked node: 41 at 10.1.38.190:10000
Connecting .. Socket: 4137, src-port: 40026
Waking up connected socket !
Socket connect success. socket = 4137
Connecting through vt-tcp success !
Successfully connected to lower ranked node: 41 at 10.1.38.190:10000
Adding new vt-tcp-socket !
Creating vt-tcp socket !
Connecting to lower ranked node: 40 at 10.1.38.194:10000
Connecting .. Socket: 4138, src-port: 40027
Waking up connected socket !
Socket connect success. socket = 4138
Connecting through vt-tcp success !
Successfully connected to lower ranked node: 40 at 10.1.38.194:10000
Adding new vt-tcp-socket !
Creating vt-tcp socket !
Connecting to lower ranked node: 39 at 10.1.38.198:10000
Connecting .. Socket: 4139, src-port: 40028
Waking up connected socket !
Socket connect success. socket = 4139
Connecting through vt-tcp success !
Successfully connected to lower ranked node: 39 at 10.1.38.198:10000
Adding new vt-tcp-socket !
Creating vt-tcp socket !
Connecting to lower ranked node: 38 at 10.1.38.202:10000
Connecting .. Socket: 4140, src-port: 40029
Waking up connected socket !
Socket connect success. socket = 4140
Connecting through vt-tcp success !
Successfully connected to lower ranked node: 38 at 10.1.38.202:10000
Adding new vt-tcp-socket !
Creating vt-tcp socket !
Connecting to lower ranked node: 37 at 10.1.38.206:10000
Connecting .. Socket: 4141, src-port: 40030
Waking up connected socket !
Socket connect success. socket = 4141
Connecting through vt-tcp success !
Successfully connected to lower ranked node: 37 at 10.1.38.206:10000
Adding new vt-tcp-socket !
Creating vt-tcp socket !
Connecting to lower ranked node: 36 at 10.1.38.210:10000
Connecting .. Socket: 4142, src-port: 40031
Waking up connected socket !
Socket connect success. socket = 4142
Connecting through vt-tcp success !
Successfully connected to lower ranked node: 36 at 10.1.38.210:10000
Adding new vt-tcp-socket !
Creating vt-tcp socket !
Connecting to lower ranked node: 35 at 10.1.38.178:10000
Connecting .. Socket: 4143, src-port: 40032
Waking up connected socket !
Socket connect success. socket = 4143
Connecting through vt-tcp success !
Successfully connected to lower ranked node: 35 at 10.1.38.178:10000
Adding new vt-tcp-socket !
Creating vt-tcp socket !
Connecting to lower ranked node: 34 at 10.1.38.218:10000
Connecting .. Socket: 4144, src-port: 40033
Waking up connected socket !
Socket connect success. socket = 4144
Connecting through vt-tcp success !
Successfully connected to lower ranked node: 34 at 10.1.38.218:10000
Adding new vt-tcp-socket !
Creating vt-tcp socket !
Connecting to lower ranked node: 33 at 10.1.38.222:10000
Connecting .. Socket: 4145, src-port: 40034
Waking up connected socket !
Socket connect success. socket = 4145
Connecting through vt-tcp success !
Successfully connected to lower ranked node: 33 at 10.1.38.222:10000
Adding new vt-tcp-socket !
Creating vt-tcp socket !
Connecting to lower ranked node: 32 at 10.1.38.226:10000
Connecting .. Socket: 4146, src-port: 40035
Waking up connected socket !
Socket connect success. socket = 4146
Connecting through vt-tcp success !
Successfully connected to lower ranked node: 32 at 10.1.38.226:10000
Adding new vt-tcp-socket !
Creating vt-tcp socket !
Connecting to lower ranked node: 31 at 10.1.38.230:10000
Connecting .. Socket: 4147, src-port: 40036
Waking up connected socket !
Socket connect success. socket = 4147
Connecting through vt-tcp success !
Successfully connected to lower ranked node: 31 at 10.1.38.230:10000
Adding new vt-tcp-socket !
Creating vt-tcp socket !
Connecting to lower ranked node: 30 at 10.1.38.234:10000
Connecting .. Socket: 4148, src-port: 40037
Waking up connected socket !
Socket connect success. socket = 4148
Connecting through vt-tcp success !
Successfully connected to lower ranked node: 30 at 10.1.38.234:10000
Adding new vt-tcp-socket !
Creating vt-tcp socket !
Connecting to lower ranked node: 29 at 10.1.38.238:10000
Connecting .. Socket: 4149, src-port: 40038
Waking up connected socket !
Socket connect success. socket = 4149
Connecting through vt-tcp success !
Successfully connected to lower ranked node: 29 at 10.1.38.238:10000
Adding new vt-tcp-socket !
Creating vt-tcp socket !
Connecting to lower ranked node: 28 at 10.1.38.242:10000
Connecting .. Socket: 4150, src-port: 40039
Waking up connected socket !
Socket connect success. socket = 4150
Connecting through vt-tcp success !
Successfully connected to lower ranked node: 28 at 10.1.38.242:10000
Adding new vt-tcp-socket !
Creating vt-tcp socket !
Connecting to lower ranked node: 27 at 10.1.38.246:10000
Connecting .. Socket: 4151, src-port: 40040
Waking up connected socket !
Socket connect success. socket = 4151
Connecting through vt-tcp success !
Successfully connected to lower ranked node: 27 at 10.1.38.246:10000
Adding new vt-tcp-socket !
Creating vt-tcp socket !
Connecting to lower ranked node: 26 at 10.1.38.142:10000
Connecting .. Socket: 4152, src-port: 40041
Waking up connected socket !
Socket connect success. socket = 4152
Connecting through vt-tcp success !
Successfully connected to lower ranked node: 26 at 10.1.38.142:10000
Adding new vt-tcp-socket !
Creating vt-tcp socket !
Connecting to lower ranked node: 25 at 10.1.38.106:10000
Connecting .. Socket: 4153, src-port: 40042
Waking up connected socket !
Socket connect success. socket = 4153
Connecting through vt-tcp success !
Successfully connected to lower ranked node: 25 at 10.1.38.106:10000
Adding new vt-tcp-socket !
Creating vt-tcp socket !
Connecting to lower ranked node: 24 at 10.1.38.110:10000
Connecting .. Socket: 4154, src-port: 40043
Waking up connected socket !
Socket connect success. socket = 4154
Connecting through vt-tcp success !
Successfully connected to lower ranked node: 24 at 10.1.38.110:10000
Adding new vt-tcp-socket !
Creating vt-tcp socket !
Connecting to lower ranked node: 23 at 10.1.38.114:10000
Connecting .. Socket: 4155, src-port: 40044
Waking up connected socket !
Socket connect success. socket = 4155
Connecting through vt-tcp success !
Successfully connected to lower ranked node: 23 at 10.1.38.114:10000
Adding new vt-tcp-socket !
Creating vt-tcp socket !
Connecting to lower ranked node: 22 at 10.1.38.118:10000
Connecting .. Socket: 4156, src-port: 40045
Waking up connected socket !
Socket connect success. socket = 4156
Connecting through vt-tcp success !
Successfully connected to lower ranked node: 22 at 10.1.38.118:10000
Adding new vt-tcp-socket !
Creating vt-tcp socket !
Connecting to lower ranked node: 21 at 10.1.38.122:10000
Connecting .. Socket: 4157, src-port: 40046
Waking up connected socket !
Socket connect success. socket = 4157
Connecting through vt-tcp success !
Successfully connected to lower ranked node: 21 at 10.1.38.122:10000
Adding new vt-tcp-socket !
Creating vt-tcp socket !
Connecting to lower ranked node: 20 at 10.1.38.126:10000
Connecting .. Socket: 4158, src-port: 40047
Waking up connected socket !
Socket connect success. socket = 4158
Connecting through vt-tcp success !
Successfully connected to lower ranked node: 20 at 10.1.38.126:10000
Adding new vt-tcp-socket !
Creating vt-tcp socket !
Connecting to lower ranked node: 19 at 10.1.38.130:10000
Connecting .. Socket: 4159, src-port: 40048
Waking up connected socket !
Socket connect success. socket = 4159
Connecting through vt-tcp success !
Successfully connected to lower ranked node: 19 at 10.1.38.130:10000
Adding new vt-tcp-socket !
Creating vt-tcp socket !
Connecting to lower ranked node: 18 at 10.1.38.134:10000
Connecting .. Socket: 4160, src-port: 40049
Waking up connected socket !
Socket connect success. socket = 4160
Connecting through vt-tcp success !
Successfully connected to lower ranked node: 18 at 10.1.38.134:10000
Adding new vt-tcp-socket !
Creating vt-tcp socket !
Connecting to lower ranked node: 17 at 10.1.38.138:10000
Connecting .. Socket: 4161, src-port: 40050
Waking up connected socket !
Socket connect success. socket = 4161
Connecting through vt-tcp success !
Successfully connected to lower ranked node: 17 at 10.1.38.138:10000
Adding new vt-tcp-socket !
Creating vt-tcp socket !
Connecting to lower ranked node: 16 at 10.1.38.102:10000
Connecting .. Socket: 4162, src-port: 40051
Waking up connected socket !
Socket connect success. socket = 4162
Connecting through vt-tcp success !
Successfully connected to lower ranked node: 16 at 10.1.38.102:10000
Adding new vt-tcp-socket !
Creating vt-tcp socket !
Connecting to lower ranked node: 15 at 10.1.38.146:10000
Connecting .. Socket: 4163, src-port: 40052
Waking up connected socket !
Socket connect success. socket = 4163
Connecting through vt-tcp success !
Successfully connected to lower ranked node: 15 at 10.1.38.146:10000
Adding new vt-tcp-socket !
Creating vt-tcp socket !
Connecting to lower ranked node: 14 at 10.1.38.150:10000
Connecting .. Socket: 4164, src-port: 40053
Waking up connected socket !
Socket connect success. socket = 4164
Connecting through vt-tcp success !
Successfully connected to lower ranked node: 14 at 10.1.38.150:10000
Adding new vt-tcp-socket !
Creating vt-tcp socket !
Connecting to lower ranked node: 13 at 10.1.38.154:10000
Connecting .. Socket: 4165, src-port: 40054
Waking up connected socket !
Socket connect success. socket = 4165
Connecting through vt-tcp success !
Successfully connected to lower ranked node: 13 at 10.1.38.154:10000
Adding new vt-tcp-socket !
Creating vt-tcp socket !
Connecting to lower ranked node: 12 at 10.1.38.158:10000
Connecting .. Socket: 4166, src-port: 40055
Waking up connected socket !
Socket connect success. socket = 4166
Connecting through vt-tcp success !
Successfully connected to lower ranked node: 12 at 10.1.38.158:10000
Adding new vt-tcp-socket !
Creating vt-tcp socket !
Connecting to lower ranked node: 11 at 10.1.38.162:10000
Connecting .. Socket: 4167, src-port: 40056
Waking up connected socket !
Socket connect success. socket = 4167
Connecting through vt-tcp success !
Successfully connected to lower ranked node: 11 at 10.1.38.162:10000
Adding new vt-tcp-socket !
Creating vt-tcp socket !
Connecting to lower ranked node: 10 at 10.1.38.166:10000
Connecting .. Socket: 4168, src-port: 40057
Waking up connected socket !
Socket connect success. socket = 4168
Connecting through vt-tcp success !
Successfully connected to lower ranked node: 10 at 10.1.38.166:10000
Adding new vt-tcp-socket !
Creating vt-tcp socket !
Connecting to lower ranked node: 9 at 10.1.38.170:10000
Connecting .. Socket: 4169, src-port: 40058
Waking up connected socket !
Socket connect success. socket = 4169
Connecting through vt-tcp success !
Successfully connected to lower ranked node: 9 at 10.1.38.170:10000
Adding new vt-tcp-socket !
Creating vt-tcp socket !
Connecting to lower ranked node: 8 at 10.1.38.174:10000
Connecting .. Socket: 4170, src-port: 40059
Waking up connected socket !
Socket connect success. socket = 4170
Connecting through vt-tcp success !
Successfully connected to lower ranked node: 8 at 10.1.38.174:10000
Adding new vt-tcp-socket !
Creating vt-tcp socket !
Connecting to lower ranked node: 7 at 10.1.37.174:10000
Connecting .. Socket: 4171, src-port: 40060
Waking up connected socket !
Socket connect success. socket = 4171
Connecting through vt-tcp success !
Successfully connected to lower ranked node: 7 at 10.1.37.174:10000
Adding new vt-tcp-socket !
Creating vt-tcp socket !
Connecting to lower ranked node: 6 at 10.1.36.246:10000
Connecting .. Socket: 4172, src-port: 40061
Waking up connected socket !
Socket connect success. socket = 4172
Connecting through vt-tcp success !
Successfully connected to lower ranked node: 6 at 10.1.36.246:10000
Adding new vt-tcp-socket !
Creating vt-tcp socket !
Connecting to lower ranked node: 5 at 10.1.36.250:10000
Connecting .. Socket: 4173, src-port: 40062
Waking up connected socket !
Socket connect success. socket = 4173
Connecting through vt-tcp success !
Successfully connected to lower ranked node: 5 at 10.1.36.250:10000
Adding new vt-tcp-socket !
Creating vt-tcp socket !
Connecting to lower ranked node: 4 at 10.1.36.254:10000
Connecting .. Socket: 4174, src-port: 40063
Waking up connected socket !
Socket connect success. socket = 4174
Connecting through vt-tcp success !
Successfully connected to lower ranked node: 4 at 10.1.36.254:10000
Adding new vt-tcp-socket !
Creating vt-tcp socket !
Connecting to lower ranked node: 3 at 10.1.37.2:10000
Connecting .. Socket: 4175, src-port: 40064
Waking up connected socket !
Socket connect success. socket = 4175
Connecting through vt-tcp success !
Successfully connected to lower ranked node: 3 at 10.1.37.2:10000
Adding new vt-tcp-socket !
Creating vt-tcp socket !
Connecting to lower ranked node: 2 at 10.1.37.6:10000
Connecting .. Socket: 4176, src-port: 40065
Waking up connected socket !
Socket connect success. socket = 4176
Connecting through vt-tcp success !
Successfully connected to lower ranked node: 2 at 10.1.37.6:10000
Adding new vt-tcp-socket !
Creating vt-tcp socket !
Connecting to lower ranked node: 1 at 10.1.37.10:10000
Connecting .. Socket: 4177, src-port: 40066
Waking up connected socket !
Socket connect success. socket = 4177
Connecting through vt-tcp success !
Successfully connected to lower ranked node: 1 at 10.1.37.10:10000
Adding new vt-tcp-socket !
Creating vt-tcp socket !
Connecting to lower ranked node: 0 at 10.1.37.14:10000
Connecting .. Socket: 4178, src-port: 40067
Waking up connected socket !
Socket connect success. socket = 4178
Connecting through vt-tcp success !
Successfully connected to lower ranked node: 0 at 10.1.37.14:10000

---------------- Creating listen Thread ! --------------

---------------- MPI-Init success ! --------------

-------------------------------------------------------------
  Task no: 1
Waiting for trigger !
Adding new Thread: 8
Signal Burst Completion: Flushing Data Cache !
Resuming new Thread with Burst of length: 5400
Trigger syscall finish: 6, currActiveThreadID = 8, myThreadID = 6. Flushing Data Cache !
  Worker 67 iterates from 888156757 <= I < 901412827

Called SetLoopLookahead: init: 888156757, final: 901412827, step: 1, loopDepth: 0, cumulative-num-iterations: 13256070, look-ahead-ns: 78554488
Called SetLoopLookahead: init: 29, final: -1, step: -1, loopDepth: 1, cumulative-num-iterations: 397682100, look-ahead-ns: 736448320
tcp-linger 
Clearing all tcp timers !
TCP-done for socket: 4098, err: -110
Socket: 4098 garbage collection
Freeing socket: 4098
Before rcv-wnd: seq: 1, rcv_nxt: 5
tcp-rto: snd_una: 1, rto: 400, backoff: 1, sock-fd = 4115
tcp-rto: snd_una: 1, rto: 400, backoff: 1, sock-fd = 4122
tcp-rto: snd_una: 1, rto: 400, backoff: 1, sock-fd = 4124
tcp-rto: snd_una: 1, rto: 400, backoff: 1, sock-fd = 4135
tcp-rto: snd_una: 1, rto: 400, backoff: 1, sock-fd = 4136
tcp-rto: snd_una: 1, rto: 400, backoff: 1, sock-fd = 4143
tcp-rto: snd_una: 1, rto: 400, backoff: 1, sock-fd = 4151
Sending results to master node !
Avg-Compute-Communication-Ratio = 883.762009

-------------------------------------------------------------
  Task no: 2
Waiting for trigger !
  Worker 67 iterates from 888156757 <= I < 901412827

Called SetLoopLookahead: init: 888156757, final: 901412827, step: 1, loopDepth: 0, cumulative-num-iterations: 13256070, look-ahead-ns: 78554488
Called SetLoopLookahead: init: 29, final: -1, step: -1, loopDepth: 1, cumulative-num-iterations: 397682100, look-ahead-ns: 736448320
Sending results to master node !
Avg-Compute-Communication-Ratio = 27.013014

-------------------------------------------------------------
  Task no: 3
Waiting for trigger !
  Worker 67 iterates from 888156757 <= I < 901412827

Called SetLoopLookahead: init: 888156757, final: 901412827, step: 1, loopDepth: 0, cumulative-num-iterations: 13256070, look-ahead-ns: 78554488
Called SetLoopLookahead: init: 29, final: -1, step: -1, loopDepth: 1, cumulative-num-iterations: 397682100, look-ahead-ns: 736448320
Sending results to master node !
Avg-Compute-Communication-Ratio = 20.410620

-------------------------------------------------------------
  Task no: 4
Waiting for trigger !
  Worker 67 iterates from 888156757 <= I < 901412827

Called SetLoopLookahead: init: 888156757, final: 901412827, step: 1, loopDepth: 0, cumulative-num-iterations: 13256070, look-ahead-ns: 78554488
Called SetLoopLookahead: init: 29, final: -1, step: -1, loopDepth: 1, cumulative-num-iterations: 397682100, look-ahead-ns: 736448320
Sending results to master node !
Avg-Compute-Communication-Ratio = 18.188939

-------------------------------------------------------------
  Task no: 5
Waiting for trigger !
  Worker 67 iterates from 888156757 <= I < 901412827

Called SetLoopLookahead: init: 888156757, final: 901412827, step: 1, loopDepth: 0, cumulative-num-iterations: 13256070, look-ahead-ns: 78554488
Called SetLoopLookahead: init: 29, final: -1, step: -1, loopDepth: 1, cumulative-num-iterations: 397682100, look-ahead-ns: 736448320
Sending results to master node !
Avg-Compute-Communication-Ratio = 17.072845

-------------------------------------------------------------
  Task no: 6
Waiting for trigger !
  Worker 67 iterates from 888156757 <= I < 901412827

Called SetLoopLookahead: init: 888156757, final: 901412827, step: 1, loopDepth: 0, cumulative-num-iterations: 13256070, look-ahead-ns: 78554488
Called SetLoopLookahead: init: 29, final: -1, step: -1, loopDepth: 1, cumulative-num-iterations: 397682100, look-ahead-ns: 736448320
Exp finishing. Stopping stack thread with id: 6!

------------------------- ACTUAL STDOUT FROM EXECUTABLE ENDED -----------------------------

Process: 6 exiting VT experiment !
Main thread exiting. PID = 6
