Attempting to set static arp entries ...
Tracer: 3 >> Using SRC IP: 10.1.20.134 for any spawned virtual tcp-stacks
Tracer: 3 >> Updating firewall rules to drop outgoing TCP-RST packets
Attempting to set firewall rules ...
Tracer: 3 >> CMD TO RUN: /home/vignesh/VT-S3FNet/csudp/tcp_tgen/tgen client 23 10.1.20.222 7891 poisson 200000 8 > /home/vignesh/VT-S3FNet/experiment-data/TCP_LA_Disabled_nemus_20_poisson_mu_200000_txsize_8/client23.log
args[0] = /home/vignesh/VT-S3FNet/csudp/tcp_tgen/tgen
args[1] = client
args[2] = 23
args[3] = 10.1.20.222
args[4] = 7891
args[5] = poisson
args[6] = 200000
args[7] = 8
Setting appropriate environment variables ...
HOME DIRECTORY : /home/vignesh
Parsing TTN config file: /home/vignesh/.ttn/projects.db
Setting VT_L1_INS_CACHE_MISS_CYCLES to: 100
Setting VT_L1_INS_CACHE_LINES to: 64
Setting VT_L1_INS_CACHE_SIZE_KB to: 32
Setting VT_L1_INS_CACHE_ASSOC to: 8
Setting VT_L1_INS_CACHE_REPLACEMENT_POLICY to: LRU
Setting VT_L1_DATA_CACHE_MISS_CYCLES to: 100
Setting VT_L1_DATA_CACHE_LINES to: 64
Setting VT_L1_DATA_CACHE_SIZE_KB to: 32
Setting VT_L1_DATA_CACHE_ASSOC to: 8
Setting VT_L1_DATA_CACHE_REPLACEMENT_POLICY to: LRU
Setting VT_CPU_CYLES_NS to: 2.700000
Setting VT_NIC_SPEED_MBPS to: 1000.000000
Setting VT_TIMING_MODEL to: EMPIRICAL
Setting VT_BBL_LOOKAHEAD_FILE to: /home/vignesh/VT-S3FNet/csudp/tcp_tgen/.ttn/lookahead/bbl_lookahead.info
Setting VT_LOOP_LOOKAHEAD_FILE to: /home/vignesh/VT-S3FNet/csudp/tcp_tgen/.ttn/lookahead/loop_lookahead.info
Starting command: /home/vignesh/VT-S3FNet/csudp/tcp_tgen/tgen
Loading orig functions !
Starting executable with Pid = 6
Loading pointers to VTL Logic functions
Loaded pointers to all VTL Logic functions
Now Initializing VT-Management 
Extracting env variables !
Extracted tracer-id: 3
Extracted exp-type: 2
Extracted cpu-cycles-ns: 2.700000
Extracted socket-layer-ip: -2045509366
Starting VT-initialization !
Tracer-ID: 3, Timeline-ID: 3
Tracer registration for EXP_CS complete. TimelineID = 3, Return = 3
Tracer Adding to SQ. Tracer ID = 3
Parsing any provided lookahead information ...
Opening file: /home/vignesh/VT-S3FNet/csudp/tcp_tgen/.ttn/lookahead/bbl_lookahead.info
File size: 592
mapped memblock size: 592
Finish offset: 70, Number of values: 70
Returning success !
Loaded BBL lookaheads for 70 basic blocks ...
Opening file: /home/vignesh/VT-S3FNet/csudp/tcp_tgen/.ttn/lookahead/loop_lookahead.info
Failed to parse Loop Lookaheads. Ignoring ...
VT initialization successfull !
Finished Initializing VT-Management 
Initializing TCP-stack ...
TCP stack unique-id: 36
Starting virtual socket layer stack-thread !
Pthread_create: vtStackThread special case
Successfully initialized VTL-Logic embedded into the executable

------------------------- ACTUAL STDOUT FROM EXECUTABLE STARTS -----------------------------

Client: MyPid: 6
Adding new vt-tcp-socket !
Creating vt-tcp socket !
Client socket fd = 4097
setsockopt through vt-tcp !
setsockopt through vt-tcp !
Connecting to server ...
Connecting .. Socket: 4097, src-port: 40001
Waking up connected socket !
Socket connect success. socket = 4097
Connecting through vt-tcp success !
Sending data ...
Sending msgs of size: 1460 to server ...
Sent: 8 KB after: 0.096014 secs
Sent: 8 KB after: 0.085925 secs
Sent: 8 KB after: 0.412457 secs
Sent: 8 KB after: 1.552781 secs
Sent: 8 KB after: 0.182948 secs
Sent: 8 KB after: 0.512448 secs
Sent: 8 KB after: 0.126140 secs
Sent: 8 KB after: 0.018913 secs
Sent: 8 KB after: 0.125425 secs
Sent: 8 KB after: 0.144214 secs
Sent: 8 KB after: 0.326234 secs
Sent: 8 KB after: 0.312637 secs
Sent: 8 KB after: 0.104279 secs
Sent: 8 KB after: 0.343430 secs
Sent: 8 KB after: 0.033183 secs
Sent: 8 KB after: 1.296967 secs
Sent: 8 KB after: 0.133268 secs
Sent: 8 KB after: 0.123308 secs
Sent: 8 KB after: 0.102130 secs
Sent: 8 KB after: 0.061703 secs
Sent: 8 KB after: 0.155878 secs
Sent: 8 KB after: 0.097823 secs
Sent: 8 KB after: 0.052115 secs
Sent: 8 KB after: 0.306789 secs
Sent: 8 KB after: 0.041719 secs
Sent: 8 KB after: 0.037194 secs
Sent: 8 KB after: 0.647488 secs
Sent: 8 KB after: 0.118244 secs
Sent: 8 KB after: 0.052135 secs
Sent: 8 KB after: 0.233951 secs
Sent: 8 KB after: 0.167564 secs
Sent: 8 KB after: 0.188695 secs
Sent: 8 KB after: 0.007916 secs
Sent: 8 KB after: 0.116029 secs
Sent: 8 KB after: 0.188477 secs
Sent: 8 KB after: 0.203324 secs
Sent: 8 KB after: 0.090214 secs
Sent: 8 KB after: 0.016261 secs
Sent: 8 KB after: 0.260695 secs
Sent: 8 KB after: 0.353134 secs
Sent: 8 KB after: 0.179226 secs
Sent: 8 KB after: 0.152163 secs
Sent: 8 KB after: 0.193233 secs
Exp finishing. Stopping stack thread with id: 6!
VT-sleep-for exiting !

------------------------- ACTUAL STDOUT FROM EXECUTABLE ENDED -----------------------------

Process: 6 exiting VT experiment !
Main thread exiting. PID = 6
