Attempting to set static arp entries ...
Tracer: 19 >> Using SRC IP: 10.1.37.138 for any spawned virtual tcp-stacks
Tracer: 19 >> Updating firewall rules to drop outgoing TCP-RST packets
Attempting to set firewall rules ...
Tracer: 19 >> CMD TO RUN: /home/vignesh/VT-S3FNet/csudp/mpi_matrix/mpi_mm 18 21 10.1.37.138 > /home/vignesh/VT-S3FNet/experiment-data/MPI_LA_Enabled_nemus_21_mpi_mm/worker18.log
args[0] = /home/vignesh/VT-S3FNet/csudp/mpi_matrix/mpi_mm
args[1] = 18
args[2] = 21
args[3] = 10.1.37.138
Setting appropriate environment variables ...
HOME DIRECTORY : /home/vignesh
Parsing TTN config file: /home/vignesh/.ttn/projects.db
Setting VT_L1_INS_CACHE_MISS_CYCLES to: 100
Setting VT_L1_INS_CACHE_LINES to: 64
Setting VT_L1_INS_CACHE_SIZE_KB to: 32
Setting VT_L1_INS_CACHE_ASSOC to: 8
Setting VT_L1_INS_CACHE_REPLACEMENT_POLICY to: LRU
Setting VT_L1_DATA_CACHE_MISS_CYCLES to: 100
Setting VT_L1_DATA_CACHE_LINES to: 64
Setting VT_L1_DATA_CACHE_SIZE_KB to: 32
Setting VT_L1_DATA_CACHE_ASSOC to: 8
Setting VT_L1_DATA_CACHE_REPLACEMENT_POLICY to: LRU
Setting VT_CPU_CYLES_NS to: 2.700000
Setting VT_NIC_SPEED_MBPS to: 1000.000000
Setting VT_TIMING_MODEL to: EMPIRICAL
Setting VT_BBL_LOOKAHEAD_FILE to: /home/vignesh/VT-S3FNet/csudp/mpi_matrix/.ttn/lookahead/bbl_lookahead.info
Setting VT_LOOP_LOOKAHEAD_FILE to: /home/vignesh/VT-S3FNet/csudp/mpi_matrix/.ttn/lookahead/loop_lookahead.info
Starting command: /home/vignesh/VT-S3FNet/csudp/mpi_matrix/mpi_mm
Loading orig functions !
Starting executable with Pid = 6
Loading pointers to VTL Logic functions
Loaded pointers to all VTL Logic functions
Now Initializing VT-Management 
Extracting env variables !
Extracted tracer-id: 19
Extracted exp-type: 2
Extracted cpu-cycles-ns: 2.700000
Extracted socket-layer-ip: -1977286390
Starting VT-initialization !
Tracer-ID: 19, Timeline-ID: 19
Tracer registration for EXP_CS complete. TimelineID = 19, Return = 19
Tracer Adding to SQ. Tracer ID = 19
Parsing any provided lookahead information ...
Opening file: /home/vignesh/VT-S3FNet/csudp/mpi_matrix/.ttn/lookahead/bbl_lookahead.info
File size: 344
mapped memblock size: 344
Finish offset: 39, Number of values: 39
Returning success !
Loaded BBL lookaheads for 39 basic blocks ...
Opening file: /home/vignesh/VT-S3FNet/csudp/mpi_matrix/.ttn/lookahead/loop_lookahead.info
File size: 128
mapped memblock size: 128
Finish offset: 12, Number of values: 12
Returning success !
Loaded Loop lookaheads for 12 loops ...
VT initialization successfull !
Finished Initializing VT-Management 
Initializing TCP-stack ...
TCP stack unique-id: 196
Starting virtual socket layer stack-thread !
Pthread_create: vtStackThread special case
Successfully initialized VTL-Logic embedded into the executable

------------------------- ACTUAL STDOUT FROM EXECUTABLE STARTS -----------------------------

Rank = 18, Total = 21, IP = 10.1.37.138
Adding new vt-tcp-socket !
Creating vt-tcp socket !
bind through vt-tcp !
Server socket bound to ip:port: 10.1.37.138:10000
Waiting for OK message from other nodes !
Waiting for OK message !
listen through vt-tcp !
Accept through vt-tcp !
Successfully received OK message !

---------------- Waiting for higher ranked nodes to connect --------------
listen through vt-tcp !
Accepting connection from higher ranked node: 20
Accept through vt-tcp !
Entering time-wait from FIN_WAIT_2
Clearing all tcp timers !
Adding TcpLinger !
Received ack in time_wait !
Clearing all tcp timers !
TCP-done for socket: 4098, err: 0
Socket: 4098 garbage collection
Freeing socket: 4098
Accepted connection from higher ranked node: 20
Successfully connected with higher ranked node: 20
Accepting connection from higher ranked node: 19
Accept through vt-tcp !
Accepted connection from higher ranked node: 19
Successfully connected with higher ranked node: 19
Closing server socket: 4097
Clearing all tcp timers !
TCP-done for socket: 4097, err: -103

---------------- Connecting to lowed ranked nodes ! --------------
Adding new vt-tcp-socket !
Creating vt-tcp socket !
Connecting to lower ranked node: 17 at 10.1.37.142:10000
Connecting .. Socket: 4101, src-port: 40001
Socket: 4097 garbage collection
Freeing socket: 4097
Waking up connected socket !
Socket connect success. socket = 4101
Connecting through vt-tcp success !
Successfully connected to lower ranked node: 17 at 10.1.37.142:10000
Adding new vt-tcp-socket !
Creating vt-tcp socket !
Connecting to lower ranked node: 16 at 10.1.37.146:10000
Connecting .. Socket: 4102, src-port: 40002
Waking up connected socket !
Socket connect success. socket = 4102
Connecting through vt-tcp success !
Successfully connected to lower ranked node: 16 at 10.1.37.146:10000
Adding new vt-tcp-socket !
Creating vt-tcp socket !
Connecting to lower ranked node: 15 at 10.1.37.150:10000
Connecting .. Socket: 4103, src-port: 40003
Waking up connected socket !
Socket connect success. socket = 4103
Connecting through vt-tcp success !
Successfully connected to lower ranked node: 15 at 10.1.37.150:10000
Adding new vt-tcp-socket !
Creating vt-tcp socket !
Connecting to lower ranked node: 14 at 10.1.37.154:10000
Connecting .. Socket: 4104, src-port: 40004
Waking up connected socket !
Socket connect success. socket = 4104
Connecting through vt-tcp success !
Successfully connected to lower ranked node: 14 at 10.1.37.154:10000
Adding new vt-tcp-socket !
Creating vt-tcp socket !
Connecting to lower ranked node: 13 at 10.1.37.158:10000
Connecting .. Socket: 4105, src-port: 40005
Waking up connected socket !
Socket connect success. socket = 4105
Connecting through vt-tcp success !
Successfully connected to lower ranked node: 13 at 10.1.37.158:10000
Adding new vt-tcp-socket !
Creating vt-tcp socket !
Connecting to lower ranked node: 12 at 10.1.37.126:10000
Connecting .. Socket: 4106, src-port: 40006
Waking up connected socket !
Socket connect success. socket = 4106
Connecting through vt-tcp success !
Successfully connected to lower ranked node: 12 at 10.1.37.126:10000
Adding new vt-tcp-socket !
Creating vt-tcp socket !
Connecting to lower ranked node: 11 at 10.1.37.166:10000
Connecting .. Socket: 4107, src-port: 40007
Waking up connected socket !
Socket connect success. socket = 4107
Connecting through vt-tcp success !
Successfully connected to lower ranked node: 11 at 10.1.37.166:10000
Adding new vt-tcp-socket !
Creating vt-tcp socket !
Connecting to lower ranked node: 10 at 10.1.37.170:10000
Connecting .. Socket: 4108, src-port: 40008
Waking up connected socket !
Socket connect success. socket = 4108
Connecting through vt-tcp success !
Successfully connected to lower ranked node: 10 at 10.1.37.170:10000
Adding new vt-tcp-socket !
Creating vt-tcp socket !
Connecting to lower ranked node: 9 at 10.1.37.174:10000
Connecting .. Socket: 4109, src-port: 40009
Waking up connected socket !
Socket connect success. socket = 4109
Connecting through vt-tcp success !
Successfully connected to lower ranked node: 9 at 10.1.37.174:10000
Adding new vt-tcp-socket !
Creating vt-tcp socket !
Connecting to lower ranked node: 8 at 10.1.37.178:10000
Connecting .. Socket: 4110, src-port: 40010
Waking up connected socket !
Socket connect success. socket = 4110
Connecting through vt-tcp success !
Successfully connected to lower ranked node: 8 at 10.1.37.178:10000
Adding new vt-tcp-socket !
Creating vt-tcp socket !
Connecting to lower ranked node: 7 at 10.1.37.182:10000
Connecting .. Socket: 4111, src-port: 40011
Waking up connected socket !
Socket connect success. socket = 4111
Connecting through vt-tcp success !
Successfully connected to lower ranked node: 7 at 10.1.37.182:10000
Adding new vt-tcp-socket !
Creating vt-tcp socket !
Connecting to lower ranked node: 6 at 10.1.37.186:10000
Connecting .. Socket: 4112, src-port: 40012
Waking up connected socket !
Socket connect success. socket = 4112
Connecting through vt-tcp success !
Successfully connected to lower ranked node: 6 at 10.1.37.186:10000
Adding new vt-tcp-socket !
Creating vt-tcp socket !
Connecting to lower ranked node: 5 at 10.1.37.190:10000
Connecting .. Socket: 4113, src-port: 40013
Waking up connected socket !
Socket connect success. socket = 4113
Connecting through vt-tcp success !
Successfully connected to lower ranked node: 5 at 10.1.37.190:10000
Adding new vt-tcp-socket !
Creating vt-tcp socket !
Connecting to lower ranked node: 4 at 10.1.37.94:10000
Connecting .. Socket: 4114, src-port: 40014
Waking up connected socket !
Socket connect success. socket = 4114
Connecting through vt-tcp success !
Successfully connected to lower ranked node: 4 at 10.1.37.94:10000
Adding new vt-tcp-socket !
Creating vt-tcp socket !
Connecting to lower ranked node: 3 at 10.1.37.62:10000
Connecting .. Socket: 4115, src-port: 40015
Waking up connected socket !
Socket connect success. socket = 4115
Connecting through vt-tcp success !
Successfully connected to lower ranked node: 3 at 10.1.37.62:10000
Adding new vt-tcp-socket !
Creating vt-tcp socket !
Connecting to lower ranked node: 2 at 10.1.37.66:10000
Connecting .. Socket: 4116, src-port: 40016
Waking up connected socket !
Socket connect success. socket = 4116
Connecting through vt-tcp success !
Successfully connected to lower ranked node: 2 at 10.1.37.66:10000
Adding new vt-tcp-socket !
Creating vt-tcp socket !
Connecting to lower ranked node: 1 at 10.1.37.70:10000
Connecting .. Socket: 4117, src-port: 40017
Waking up connected socket !
Socket connect success. socket = 4117
Connecting through vt-tcp success !
Successfully connected to lower ranked node: 1 at 10.1.37.70:10000
Adding new vt-tcp-socket !
Creating vt-tcp socket !
Connecting to lower ranked node: 0 at 10.1.37.74:10000
Connecting .. Socket: 4118, src-port: 40018
Waking up connected socket !
Socket connect success. socket = 4118
Connecting through vt-tcp success !
Successfully connected to lower ranked node: 0 at 10.1.37.74:10000

---------------- Creating listen Thread ! --------------

---------------- MPI-Init success ! --------------
Adding new Thread: 8
Resuming new Thread with Burst of length: 5400
Received matrix-A partition size: 100 from master !

******************************************************
Received vector X and V from master 
Called SetLoopLookahead: init: 0, final: 16000, step: 8, loopDepth: 1, cumulative-num-iterations: 200000, look-ahead-ns: 370370
Called SetLoopLookahead: init: 0, final: 100, step: 1, loopDepth: 1, cumulative-num-iterations: 200000, look-ahead-ns: 1185185
Called SetLoopLookahead: init: 0, final: 2000, step: 1, loopDepth: 2, cumulative-num-iterations: 400000000, look-ahead-ns: 888888896
Before rcv-wnd: seq: 1, rcv_nxt: 5
tcp-rto: snd_una: 1, rto: 400, backoff: 1, sock-fd = 4107
tcp-rto: snd_una: 1, rto: 400, backoff: 1, sock-fd = 4113
tcp-rto: snd_una: 1, rto: 400, backoff: 1, sock-fd = 4114
Sending offset = 1700 to master !
Sending rows = 100 to master !
Sending result vector partition to master!
Sent results to master 
MSG: 0 Done.
Avg-Compute-Communication-Ratio = 126.854925

******************************************************
Received vector X and V from master 
Called SetLoopLookahead: init: 0, final: 16000, step: 8, loopDepth: 1, cumulative-num-iterations: 200000, look-ahead-ns: 370370
Called SetLoopLookahead: init: 0, final: 100, step: 1, loopDepth: 1, cumulative-num-iterations: 200000, look-ahead-ns: 1185185
Called SetLoopLookahead: init: 0, final: 2000, step: 1, loopDepth: 2, cumulative-num-iterations: 400000000, look-ahead-ns: 888888896
Sending offset = 1700 to master !
Sending rows = 100 to master !
Sending result vector partition to master!
Sent results to master 
MSG: 1 Done.
Avg-Compute-Communication-Ratio = 107.030005

******************************************************
Received vector X and V from master 
Called SetLoopLookahead: init: 0, final: 16000, step: 8, loopDepth: 1, cumulative-num-iterations: 200000, look-ahead-ns: 370370
Called SetLoopLookahead: init: 0, final: 100, step: 1, loopDepth: 1, cumulative-num-iterations: 200000, look-ahead-ns: 1185185
Called SetLoopLookahead: init: 0, final: 2000, step: 1, loopDepth: 2, cumulative-num-iterations: 400000000, look-ahead-ns: 888888896
Sending offset = 1700 to master !
Sending rows = 100 to master !
Sending result vector partition to master!
Sent results to master 
MSG: 2 Done.
Avg-Compute-Communication-Ratio = 100.987567

******************************************************
Received vector X and V from master 
Called SetLoopLookahead: init: 0, final: 16000, step: 8, loopDepth: 1, cumulative-num-iterations: 200000, look-ahead-ns: 370370
Called SetLoopLookahead: init: 0, final: 100, step: 1, loopDepth: 1, cumulative-num-iterations: 200000, look-ahead-ns: 1185185
Called SetLoopLookahead: init: 0, final: 2000, step: 1, loopDepth: 2, cumulative-num-iterations: 400000000, look-ahead-ns: 888888896
Sending offset = 1700 to master !
Sending rows = 100 to master !
Sending result vector partition to master!
Sent results to master 
MSG: 3 Done.
Avg-Compute-Communication-Ratio = 98.236660

******************************************************
Received vector X and V from master 
Called SetLoopLookahead: init: 0, final: 16000, step: 8, loopDepth: 1, cumulative-num-iterations: 200000, look-ahead-ns: 370370
Called SetLoopLookahead: init: 0, final: 100, step: 1, loopDepth: 1, cumulative-num-iterations: 200000, look-ahead-ns: 1185185
Called SetLoopLookahead: init: 0, final: 2000, step: 1, loopDepth: 2, cumulative-num-iterations: 400000000, look-ahead-ns: 888888896
Sending offset = 1700 to master !
Sending rows = 100 to master !
Sending result vector partition to master!
Sent results to master 
MSG: 4 Done.
Avg-Compute-Communication-Ratio = 97.351961

******************************************************
Received vector X and V from master 
Called SetLoopLookahead: init: 0, final: 16000, step: 8, loopDepth: 1, cumulative-num-iterations: 200000, look-ahead-ns: 370370
Called SetLoopLookahead: init: 0, final: 100, step: 1, loopDepth: 1, cumulative-num-iterations: 200000, look-ahead-ns: 1185185
Called SetLoopLookahead: init: 0, final: 2000, step: 1, loopDepth: 2, cumulative-num-iterations: 400000000, look-ahead-ns: 888888896
Sending offset = 1700 to master !
Sending rows = 100 to master !
Sending result vector partition to master!
Sent results to master 
MSG: 5 Done.
Avg-Compute-Communication-Ratio = 96.549220

******************************************************
Received vector X and V from master 
Called SetLoopLookahead: init: 0, final: 16000, step: 8, loopDepth: 1, cumulative-num-iterations: 200000, look-ahead-ns: 370370
Called SetLoopLookahead: init: 0, final: 100, step: 1, loopDepth: 1, cumulative-num-iterations: 200000, look-ahead-ns: 1185185
Called SetLoopLookahead: init: 0, final: 2000, step: 1, loopDepth: 2, cumulative-num-iterations: 400000000, look-ahead-ns: 888888896
Sending offset = 1700 to master !
Sending rows = 100 to master !
Sending result vector partition to master!
Sent results to master 
MSG: 6 Done.
Avg-Compute-Communication-Ratio = 96.090910

******************************************************
Received vector X and V from master 
Called SetLoopLookahead: init: 0, final: 16000, step: 8, loopDepth: 1, cumulative-num-iterations: 200000, look-ahead-ns: 370370
Called SetLoopLookahead: init: 0, final: 100, step: 1, loopDepth: 1, cumulative-num-iterations: 200000, look-ahead-ns: 1185185
Called SetLoopLookahead: init: 0, final: 2000, step: 1, loopDepth: 2, cumulative-num-iterations: 400000000, look-ahead-ns: 888888896
Sending offset = 1700 to master !
Sending rows = 100 to master !
Sending result vector partition to master!
Sent results to master 
MSG: 7 Done.
Avg-Compute-Communication-Ratio = 95.728341

******************************************************
Received vector X and V from master 
Called SetLoopLookahead: init: 0, final: 16000, step: 8, loopDepth: 1, cumulative-num-iterations: 200000, look-ahead-ns: 370370
Called SetLoopLookahead: init: 0, final: 100, step: 1, loopDepth: 1, cumulative-num-iterations: 200000, look-ahead-ns: 1185185
Called SetLoopLookahead: init: 0, final: 2000, step: 1, loopDepth: 2, cumulative-num-iterations: 400000000, look-ahead-ns: 888888896
Sending offset = 1700 to master !
Sending rows = 100 to master !
Sending result vector partition to master!
Sent results to master 
MSG: 8 Done.
Avg-Compute-Communication-Ratio = 96.321014

******************************************************
Received vector X and V from master 
Called SetLoopLookahead: init: 0, final: 16000, step: 8, loopDepth: 1, cumulative-num-iterations: 200000, look-ahead-ns: 370370
Called SetLoopLookahead: init: 0, final: 100, step: 1, loopDepth: 1, cumulative-num-iterations: 200000, look-ahead-ns: 1185185
Called SetLoopLookahead: init: 0, final: 2000, step: 1, loopDepth: 2, cumulative-num-iterations: 400000000, look-ahead-ns: 888888896
Sending offset = 1700 to master !
Sending rows = 100 to master !
Sending result vector partition to master!
Sent results to master 
MSG: 9 Done.
Avg-Compute-Communication-Ratio = 95.376886

******************************************************
Received vector X and V from master 
Called SetLoopLookahead: init: 0, final: 16000, step: 8, loopDepth: 1, cumulative-num-iterations: 200000, look-ahead-ns: 370370
Called SetLoopLookahead: init: 0, final: 100, step: 1, loopDepth: 1, cumulative-num-iterations: 200000, look-ahead-ns: 1185185
Called SetLoopLookahead: init: 0, final: 2000, step: 1, loopDepth: 2, cumulative-num-iterations: 400000000, look-ahead-ns: 888888896
Sending offset = 1700 to master !
Sending rows = 100 to master !
Sending result vector partition to master!
Sent results to master 
MSG: 10 Done.
Avg-Compute-Communication-Ratio = 95.337894

******************************************************
Received vector X and V from master 
Called SetLoopLookahead: init: 0, final: 16000, step: 8, loopDepth: 1, cumulative-num-iterations: 200000, look-ahead-ns: 370370
Called SetLoopLookahead: init: 0, final: 100, step: 1, loopDepth: 1, cumulative-num-iterations: 200000, look-ahead-ns: 1185185
Called SetLoopLookahead: init: 0, final: 2000, step: 1, loopDepth: 2, cumulative-num-iterations: 400000000, look-ahead-ns: 888888896
Sending offset = 1700 to master !
Sending rows = 100 to master !
Sending result vector partition to master!
Sent results to master 
MSG: 11 Done.
Avg-Compute-Communication-Ratio = 95.143173

******************************************************
Received vector X and V from master 
Called SetLoopLookahead: init: 0, final: 16000, step: 8, loopDepth: 1, cumulative-num-iterations: 200000, look-ahead-ns: 370370
Called SetLoopLookahead: init: 0, final: 100, step: 1, loopDepth: 1, cumulative-num-iterations: 200000, look-ahead-ns: 1185185
Called SetLoopLookahead: init: 0, final: 2000, step: 1, loopDepth: 2, cumulative-num-iterations: 400000000, look-ahead-ns: 888888896
Sending offset = 1700 to master !
Sending rows = 100 to master !
Sending result vector partition to master!
Sent results to master 
MSG: 12 Done.
Avg-Compute-Communication-Ratio = 96.020140

******************************************************
Received vector X and V from master 
Called SetLoopLookahead: init: 0, final: 16000, step: 8, loopDepth: 1, cumulative-num-iterations: 200000, look-ahead-ns: 370370
Called SetLoopLookahead: init: 0, final: 100, step: 1, loopDepth: 1, cumulative-num-iterations: 200000, look-ahead-ns: 1185185
Called SetLoopLookahead: init: 0, final: 2000, step: 1, loopDepth: 2, cumulative-num-iterations: 400000000, look-ahead-ns: 888888896
Sending offset = 1700 to master !
Sending rows = 100 to master !
Sending result vector partition to master!
Sent results to master 
MSG: 13 Done.
Avg-Compute-Communication-Ratio = 95.847878

******************************************************
Received vector X and V from master 
Called SetLoopLookahead: init: 0, final: 16000, step: 8, loopDepth: 1, cumulative-num-iterations: 200000, look-ahead-ns: 370370
Called SetLoopLookahead: init: 0, final: 100, step: 1, loopDepth: 1, cumulative-num-iterations: 200000, look-ahead-ns: 1185185
Called SetLoopLookahead: init: 0, final: 2000, step: 1, loopDepth: 2, cumulative-num-iterations: 400000000, look-ahead-ns: 888888896
Sending offset = 1700 to master !
Sending rows = 100 to master !
Sending result vector partition to master!
Sent results to master 
MSG: 14 Done.
Avg-Compute-Communication-Ratio = 96.044698

******************************************************
Received vector X and V from master 
Called SetLoopLookahead: init: 0, final: 16000, step: 8, loopDepth: 1, cumulative-num-iterations: 200000, look-ahead-ns: 370370
Called SetLoopLookahead: init: 0, final: 100, step: 1, loopDepth: 1, cumulative-num-iterations: 200000, look-ahead-ns: 1185185
Called SetLoopLookahead: init: 0, final: 2000, step: 1, loopDepth: 2, cumulative-num-iterations: 400000000, look-ahead-ns: 888888896
Sending offset = 1700 to master !
Sending rows = 100 to master !
Sending result vector partition to master!
Sent results to master 
MSG: 15 Done.
Avg-Compute-Communication-Ratio = 95.474744

******************************************************
Received vector X and V from master 
Called SetLoopLookahead: init: 0, final: 16000, step: 8, loopDepth: 1, cumulative-num-iterations: 200000, look-ahead-ns: 370370
Called SetLoopLookahead: init: 0, final: 100, step: 1, loopDepth: 1, cumulative-num-iterations: 200000, look-ahead-ns: 1185185
Called SetLoopLookahead: init: 0, final: 2000, step: 1, loopDepth: 2, cumulative-num-iterations: 400000000, look-ahead-ns: 888888896
Sending offset = 1700 to master !
Sending rows = 100 to master !
Sending result vector partition to master!
Sent results to master 
MSG: 16 Done.
Avg-Compute-Communication-Ratio = 95.269353

******************************************************
Received vector X and V from master 
Called SetLoopLookahead: init: 0, final: 16000, step: 8, loopDepth: 1, cumulative-num-iterations: 200000, look-ahead-ns: 370370
Called SetLoopLookahead: init: 0, final: 100, step: 1, loopDepth: 1, cumulative-num-iterations: 200000, look-ahead-ns: 1185185
Called SetLoopLookahead: init: 0, final: 2000, step: 1, loopDepth: 2, cumulative-num-iterations: 400000000, look-ahead-ns: 888888896
Sending offset = 1700 to master !
Sending rows = 100 to master !
Sending result vector partition to master!
Sent results to master 
MSG: 17 Done.
Avg-Compute-Communication-Ratio = 95.162464

******************************************************
Received vector X and V from master 
Called SetLoopLookahead: init: 0, final: 16000, step: 8, loopDepth: 1, cumulative-num-iterations: 200000, look-ahead-ns: 370370
Called SetLoopLookahead: init: 0, final: 100, step: 1, loopDepth: 1, cumulative-num-iterations: 200000, look-ahead-ns: 1185185
Called SetLoopLookahead: init: 0, final: 2000, step: 1, loopDepth: 2, cumulative-num-iterations: 400000000, look-ahead-ns: 888888896
Sending offset = 1700 to master !
Sending rows = 100 to master !
Sending result vector partition to master!
Sent results to master 
MSG: 18 Done.
Avg-Compute-Communication-Ratio = 95.477851

******************************************************
Received vector X and V from master 
Called SetLoopLookahead: init: 0, final: 16000, step: 8, loopDepth: 1, cumulative-num-iterations: 200000, look-ahead-ns: 370370
Called SetLoopLookahead: init: 0, final: 100, step: 1, loopDepth: 1, cumulative-num-iterations: 200000, look-ahead-ns: 1185185
Called SetLoopLookahead: init: 0, final: 2000, step: 1, loopDepth: 2, cumulative-num-iterations: 400000000, look-ahead-ns: 888888896
Sending offset = 1700 to master !
Sending rows = 100 to master !
Sending result vector partition to master!
Sent results to master 
MSG: 19 Done.
Avg-Compute-Communication-Ratio = 94.944684

******************************************************
Received vector X and V from master 
Called SetLoopLookahead: init: 0, final: 16000, step: 8, loopDepth: 1, cumulative-num-iterations: 200000, look-ahead-ns: 370370
Called SetLoopLookahead: init: 0, final: 100, step: 1, loopDepth: 1, cumulative-num-iterations: 200000, look-ahead-ns: 1185185
Called SetLoopLookahead: init: 0, final: 2000, step: 1, loopDepth: 2, cumulative-num-iterations: 400000000, look-ahead-ns: 888888896
Sending offset = 1700 to master !
Sending rows = 100 to master !
Sending result vector partition to master!
Sent results to master 
MSG: 20 Done.
Avg-Compute-Communication-Ratio = 94.843315

******************************************************
Received vector X and V from master 
Called SetLoopLookahead: init: 0, final: 16000, step: 8, loopDepth: 1, cumulative-num-iterations: 200000, look-ahead-ns: 370370
Called SetLoopLookahead: init: 0, final: 100, step: 1, loopDepth: 1, cumulative-num-iterations: 200000, look-ahead-ns: 1185185
Called SetLoopLookahead: init: 0, final: 2000, step: 1, loopDepth: 2, cumulative-num-iterations: 400000000, look-ahead-ns: 888888896
Sending offset = 1700 to master !
Sending rows = 100 to master !
Sending result vector partition to master!
Sent results to master 
MSG: 21 Done.
Avg-Compute-Communication-Ratio = 95.005347

******************************************************
Received vector X and V from master 
Called SetLoopLookahead: init: 0, final: 16000, step: 8, loopDepth: 1, cumulative-num-iterations: 200000, look-ahead-ns: 370370
Called SetLoopLookahead: init: 0, final: 100, step: 1, loopDepth: 1, cumulative-num-iterations: 200000, look-ahead-ns: 1185185
Called SetLoopLookahead: init: 0, final: 2000, step: 1, loopDepth: 2, cumulative-num-iterations: 400000000, look-ahead-ns: 888888896
Exp finishing. Stopping stack thread with id: 6!

------------------------- ACTUAL STDOUT FROM EXECUTABLE ENDED -----------------------------

Process: 6 exiting VT experiment !
Main thread exiting. PID = 6
