Attempting to set static arp entries ...
Tracer: 7 >> Using SRC IP: 10.1.37.218 for any spawned virtual tcp-stacks
Tracer: 7 >> Updating firewall rules to drop outgoing TCP-RST packets
Attempting to set firewall rules ...
Tracer: 7 >> CMD TO RUN: /home/vignesh/VT-S3FNet/csudp/mpi_matrix/mpi_mm 6 41 10.1.37.218 > /home/vignesh/VT-S3FNet/experiment-data/MPI_LA_Enabled_nemus_41_mpi_mm/worker6.log
args[0] = /home/vignesh/VT-S3FNet/csudp/mpi_matrix/mpi_mm
args[1] = 6
args[2] = 41
args[3] = 10.1.37.218
Setting appropriate environment variables ...
HOME DIRECTORY : /home/vignesh
Parsing TTN config file: /home/vignesh/.ttn/projects.db
Setting VT_L1_INS_CACHE_MISS_CYCLES to: 100
Setting VT_L1_INS_CACHE_LINES to: 64
Setting VT_L1_INS_CACHE_SIZE_KB to: 32
Setting VT_L1_INS_CACHE_ASSOC to: 8
Setting VT_L1_INS_CACHE_REPLACEMENT_POLICY to: LRU
Setting VT_L1_DATA_CACHE_MISS_CYCLES to: 100
Setting VT_L1_DATA_CACHE_LINES to: 64
Setting VT_L1_DATA_CACHE_SIZE_KB to: 32
Setting VT_L1_DATA_CACHE_ASSOC to: 8
Setting VT_L1_DATA_CACHE_REPLACEMENT_POLICY to: LRU
Setting VT_CPU_CYLES_NS to: 2.700000
Setting VT_NIC_SPEED_MBPS to: 1000.000000
Setting VT_TIMING_MODEL to: EMPIRICAL
Setting VT_BBL_LOOKAHEAD_FILE to: /home/vignesh/VT-S3FNet/csudp/mpi_matrix/.ttn/lookahead/bbl_lookahead.info
Setting VT_LOOP_LOOKAHEAD_FILE to: /home/vignesh/VT-S3FNet/csudp/mpi_matrix/.ttn/lookahead/loop_lookahead.info
Starting command: /home/vignesh/VT-S3FNet/csudp/mpi_matrix/mpi_mm
Loading orig functions !
Starting executable with Pid = 6
Loading pointers to VTL Logic functions
Loaded pointers to all VTL Logic functions
Now Initializing VT-Management 
Extracting env variables !
Extracted tracer-id: 7
Extracted exp-type: 2
Extracted cpu-cycles-ns: 2.700000
Extracted socket-layer-ip: -635109110
Starting VT-initialization !
Tracer-ID: 7, Timeline-ID: 7
Tracer registration for EXP_CS complete. TimelineID = 7, Return = 7
Tracer Adding to SQ. Tracer ID = 7
Parsing any provided lookahead information ...
Opening file: /home/vignesh/VT-S3FNet/csudp/mpi_matrix/.ttn/lookahead/bbl_lookahead.info
File size: 344
mapped memblock size: 344
Finish offset: 39, Number of values: 39
Returning success !
Loaded BBL lookaheads for 39 basic blocks ...
Opening file: /home/vignesh/VT-S3FNet/csudp/mpi_matrix/.ttn/lookahead/loop_lookahead.info
File size: 128
mapped memblock size: 128
Finish offset: 12, Number of values: 12
Returning success !
Loaded Loop lookaheads for 12 loops ...
VT initialization successfull !
Finished Initializing VT-Management 
Initializing TCP-stack ...
TCP stack unique-id: 76
Starting virtual socket layer stack-thread !
Pthread_create: vtStackThread special case
Successfully initialized VTL-Logic embedded into the executable

------------------------- ACTUAL STDOUT FROM EXECUTABLE STARTS -----------------------------

Rank = 6, Total = 41, IP = 10.1.37.218
Adding new vt-tcp-socket !
Creating vt-tcp socket !
bind through vt-tcp !
Server socket bound to ip:port: 10.1.37.218:10000
Waiting for OK message from other nodes !
Waiting for OK message !
listen through vt-tcp !
Accept through vt-tcp !
Successfully received OK message !

---------------- Waiting for higher ranked nodes to connect --------------
listen through vt-tcp !
Accepting connection from higher ranked node: 40
Accept through vt-tcp !
Accepted connection from higher ranked node: 40
Successfully connected with higher ranked node: 40
Accepting connection from higher ranked node: 39
Accept through vt-tcp !
Accepted connection from higher ranked node: 39
Successfully connected with higher ranked node: 39
Accepting connection from higher ranked node: 38
Accept through vt-tcp !
Accepted connection from higher ranked node: 38
Successfully connected with higher ranked node: 38
Accepting connection from higher ranked node: 37
Accept through vt-tcp !
Accepted connection from higher ranked node: 37
Successfully connected with higher ranked node: 37
Accepting connection from higher ranked node: 36
Accept through vt-tcp !
Accepted connection from higher ranked node: 36
Successfully connected with higher ranked node: 36
Accepting connection from higher ranked node: 35
Accept through vt-tcp !
Accepted connection from higher ranked node: 35
Successfully connected with higher ranked node: 35
Accepting connection from higher ranked node: 34
Accept through vt-tcp !
Accepted connection from higher ranked node: 34
Successfully connected with higher ranked node: 34
Accepting connection from higher ranked node: 33
Accept through vt-tcp !
Accepted connection from higher ranked node: 33
Successfully connected with higher ranked node: 33
Accepting connection from higher ranked node: 32
Accept through vt-tcp !
Accepted connection from higher ranked node: 32
Successfully connected with higher ranked node: 32
Accepting connection from higher ranked node: 31
Accept through vt-tcp !
Accepted connection from higher ranked node: 31
Successfully connected with higher ranked node: 31
Accepting connection from higher ranked node: 30
Accept through vt-tcp !
Accepted connection from higher ranked node: 30
Successfully connected with higher ranked node: 30
Accepting connection from higher ranked node: 29
Accept through vt-tcp !
Accepted connection from higher ranked node: 29
Successfully connected with higher ranked node: 29
Accepting connection from higher ranked node: 28
Accept through vt-tcp !
Accepted connection from higher ranked node: 28
Successfully connected with higher ranked node: 28
Accepting connection from higher ranked node: 27
Accept through vt-tcp !
Accepted connection from higher ranked node: 27
Successfully connected with higher ranked node: 27
Accepting connection from higher ranked node: 26
Accept through vt-tcp !
Accepted connection from higher ranked node: 26
Successfully connected with higher ranked node: 26
Accepting connection from higher ranked node: 25
Accept through vt-tcp !
Accepted connection from higher ranked node: 25
Successfully connected with higher ranked node: 25
Accepting connection from higher ranked node: 24
Accept through vt-tcp !
Accepted connection from higher ranked node: 24
Successfully connected with higher ranked node: 24
Accepting connection from higher ranked node: 23
Accept through vt-tcp !
Accepted connection from higher ranked node: 23
Successfully connected with higher ranked node: 23
Accepting connection from higher ranked node: 22
Accept through vt-tcp !
Accepted connection from higher ranked node: 22
Successfully connected with higher ranked node: 22
Accepting connection from higher ranked node: 21
Accept through vt-tcp !
Accepted connection from higher ranked node: 21
Successfully connected with higher ranked node: 21
Accepting connection from higher ranked node: 20
Accept through vt-tcp !
Accepted connection from higher ranked node: 20
Successfully connected with higher ranked node: 20
Accepting connection from higher ranked node: 19
Accept through vt-tcp !
Accepted connection from higher ranked node: 19
Successfully connected with higher ranked node: 19
Accepting connection from higher ranked node: 18
Accept through vt-tcp !
Accepted connection from higher ranked node: 18
Successfully connected with higher ranked node: 18
Accepting connection from higher ranked node: 17
Accept through vt-tcp !
Accepted connection from higher ranked node: 17
Successfully connected with higher ranked node: 17
Accepting connection from higher ranked node: 16
Accept through vt-tcp !
Accepted connection from higher ranked node: 16
Successfully connected with higher ranked node: 16
Accepting connection from higher ranked node: 15
Accept through vt-tcp !
Accepted connection from higher ranked node: 15
Successfully connected with higher ranked node: 15
Accepting connection from higher ranked node: 14
Accept through vt-tcp !
Accepted connection from higher ranked node: 14
Successfully connected with higher ranked node: 14
Accepting connection from higher ranked node: 13
Accept through vt-tcp !
Accepted connection from higher ranked node: 13
Successfully connected with higher ranked node: 13
Accepting connection from higher ranked node: 12
Accept through vt-tcp !
Accepted connection from higher ranked node: 12
Successfully connected with higher ranked node: 12
Accepting connection from higher ranked node: 11
Accept through vt-tcp !
Accepted connection from higher ranked node: 11
Successfully connected with higher ranked node: 11
Accepting connection from higher ranked node: 10
Accept through vt-tcp !
Accepted connection from higher ranked node: 10
Successfully connected with higher ranked node: 10
Accepting connection from higher ranked node: 9
Accept through vt-tcp !
Accepted connection from higher ranked node: 9
Successfully connected with higher ranked node: 9
Accepting connection from higher ranked node: 8
Accept through vt-tcp !
Accepted connection from higher ranked node: 8
Successfully connected with higher ranked node: 8
Accepting connection from higher ranked node: 7
Accept through vt-tcp !
Accepted connection from higher ranked node: 7
Successfully connected with higher ranked node: 7
Closing server socket: 4097
Clearing all tcp timers !
TCP-done for socket: 4097, err: -103

---------------- Connecting to lowed ranked nodes ! --------------
Adding new vt-tcp-socket !
Creating vt-tcp socket !
Connecting to lower ranked node: 5 at 10.1.38.66:10000
Connecting .. Socket: 4133, src-port: 40001
Socket: 4097 garbage collection
Freeing socket: 4097
Waking up connected socket !
Socket connect success. socket = 4133
Connecting through vt-tcp success !
Successfully connected to lower ranked node: 5 at 10.1.38.66:10000
Adding new vt-tcp-socket !
Creating vt-tcp socket !
Connecting to lower ranked node: 4 at 10.1.38.70:10000
Connecting .. Socket: 4134, src-port: 40002
Waking up connected socket !
Socket connect success. socket = 4134
Connecting through vt-tcp success !
Successfully connected to lower ranked node: 4 at 10.1.38.70:10000
Adding new vt-tcp-socket !
Creating vt-tcp socket !
Connecting to lower ranked node: 3 at 10.1.38.74:10000
Connecting .. Socket: 4135, src-port: 40003
Waking up connected socket !
Socket connect success. socket = 4135
Connecting through vt-tcp success !
Successfully connected to lower ranked node: 3 at 10.1.38.74:10000
Adding new vt-tcp-socket !
Creating vt-tcp socket !
Connecting to lower ranked node: 2 at 10.1.38.78:10000
Connecting .. Socket: 4136, src-port: 40004
Waking up connected socket !
Socket connect success. socket = 4136
Connecting through vt-tcp success !
Successfully connected to lower ranked node: 2 at 10.1.38.78:10000
Adding new vt-tcp-socket !
Creating vt-tcp socket !
Connecting to lower ranked node: 1 at 10.1.38.82:10000
Connecting .. Socket: 4137, src-port: 40005
Waking up connected socket !
Socket connect success. socket = 4137
Connecting through vt-tcp success !
Successfully connected to lower ranked node: 1 at 10.1.38.82:10000
Adding new vt-tcp-socket !
Creating vt-tcp socket !
Connecting to lower ranked node: 0 at 10.1.38.86:10000
Connecting .. Socket: 4138, src-port: 40006
Waking up connected socket !
Socket connect success. socket = 4138
Connecting through vt-tcp success !
Successfully connected to lower ranked node: 0 at 10.1.38.86:10000

---------------- Creating listen Thread ! --------------

---------------- MPI-Init success ! --------------
Adding new Thread: 8
Resuming new Thread with Burst of length: 5400
Received matrix-A partition size: 50 from master !

******************************************************
Received vector X and V from master 
Called SetLoopLookahead: init: 0, final: 16000, step: 8, loopDepth: 1, cumulative-num-iterations: 100000, look-ahead-ns: 185185
Called SetLoopLookahead: init: 0, final: 50, step: 1, loopDepth: 1, cumulative-num-iterations: 100000, look-ahead-ns: 592592
Called SetLoopLookahead: init: 0, final: 2000, step: 1, loopDepth: 2, cumulative-num-iterations: 200000000, look-ahead-ns: 444444448
Before rcv-wnd: seq: 1, rcv_nxt: 5
Before rcv-wnd: seq: 1, rcv_nxt: 5
Before rcv-wnd: seq: 1, rcv_nxt: 5
Before rcv-wnd: seq: 1, rcv_nxt: 5
Before rcv-wnd: seq: 1, rcv_nxt: 5
Sending offset = 250 to master !
Sending rows = 50 to master !
Sending result vector partition to master!
Sent results to master 
MSG: 0 Done.
Avg-Compute-Communication-Ratio = 28.640333

******************************************************
Received vector X and V from master 
Called SetLoopLookahead: init: 0, final: 16000, step: 8, loopDepth: 1, cumulative-num-iterations: 100000, look-ahead-ns: 185185
Called SetLoopLookahead: init: 0, final: 50, step: 1, loopDepth: 1, cumulative-num-iterations: 100000, look-ahead-ns: 592592
Called SetLoopLookahead: init: 0, final: 2000, step: 1, loopDepth: 2, cumulative-num-iterations: 200000000, look-ahead-ns: 444444448
Sending offset = 250 to master !
Sending rows = 50 to master !
Sending result vector partition to master!
Sent results to master 
MSG: 1 Done.
Avg-Compute-Communication-Ratio = 25.660259

******************************************************
Received vector X and V from master 
Called SetLoopLookahead: init: 0, final: 16000, step: 8, loopDepth: 1, cumulative-num-iterations: 100000, look-ahead-ns: 185185
Called SetLoopLookahead: init: 0, final: 50, step: 1, loopDepth: 1, cumulative-num-iterations: 100000, look-ahead-ns: 592592
Called SetLoopLookahead: init: 0, final: 2000, step: 1, loopDepth: 2, cumulative-num-iterations: 200000000, look-ahead-ns: 444444448
Sending offset = 250 to master !
Sending rows = 50 to master !
Sending result vector partition to master!
Sent results to master 
MSG: 2 Done.
Avg-Compute-Communication-Ratio = 25.305692

******************************************************
Received vector X and V from master 
Called SetLoopLookahead: init: 0, final: 16000, step: 8, loopDepth: 1, cumulative-num-iterations: 100000, look-ahead-ns: 185185
Called SetLoopLookahead: init: 0, final: 50, step: 1, loopDepth: 1, cumulative-num-iterations: 100000, look-ahead-ns: 592592
Called SetLoopLookahead: init: 0, final: 2000, step: 1, loopDepth: 2, cumulative-num-iterations: 200000000, look-ahead-ns: 444444448
Sending offset = 250 to master !
Sending rows = 50 to master !
Sending result vector partition to master!
Sent results to master 
MSG: 3 Done.
Avg-Compute-Communication-Ratio = 25.039168

******************************************************
Received vector X and V from master 
Called SetLoopLookahead: init: 0, final: 16000, step: 8, loopDepth: 1, cumulative-num-iterations: 100000, look-ahead-ns: 185185
Called SetLoopLookahead: init: 0, final: 50, step: 1, loopDepth: 1, cumulative-num-iterations: 100000, look-ahead-ns: 592592
Called SetLoopLookahead: init: 0, final: 2000, step: 1, loopDepth: 2, cumulative-num-iterations: 200000000, look-ahead-ns: 444444448
Sending offset = 250 to master !
Sending rows = 50 to master !
Sending result vector partition to master!
Sent results to master 
MSG: 4 Done.
Avg-Compute-Communication-Ratio = 24.665051

******************************************************
Received vector X and V from master 
Called SetLoopLookahead: init: 0, final: 16000, step: 8, loopDepth: 1, cumulative-num-iterations: 100000, look-ahead-ns: 185185
Called SetLoopLookahead: init: 0, final: 50, step: 1, loopDepth: 1, cumulative-num-iterations: 100000, look-ahead-ns: 592592
Called SetLoopLookahead: init: 0, final: 2000, step: 1, loopDepth: 2, cumulative-num-iterations: 200000000, look-ahead-ns: 444444448
Sending offset = 250 to master !
Sending rows = 50 to master !
Sending result vector partition to master!
Sent results to master 
MSG: 5 Done.
Avg-Compute-Communication-Ratio = 24.680741

******************************************************
Received vector X and V from master 
Called SetLoopLookahead: init: 0, final: 16000, step: 8, loopDepth: 1, cumulative-num-iterations: 100000, look-ahead-ns: 185185
Called SetLoopLookahead: init: 0, final: 50, step: 1, loopDepth: 1, cumulative-num-iterations: 100000, look-ahead-ns: 592592
Called SetLoopLookahead: init: 0, final: 2000, step: 1, loopDepth: 2, cumulative-num-iterations: 200000000, look-ahead-ns: 444444448
Sending offset = 250 to master !
Sending rows = 50 to master !
Sending result vector partition to master!
Sent results to master 
MSG: 6 Done.
Avg-Compute-Communication-Ratio = 24.569756

******************************************************
Received vector X and V from master 
Called SetLoopLookahead: init: 0, final: 16000, step: 8, loopDepth: 1, cumulative-num-iterations: 100000, look-ahead-ns: 185185
Called SetLoopLookahead: init: 0, final: 50, step: 1, loopDepth: 1, cumulative-num-iterations: 100000, look-ahead-ns: 592592
Called SetLoopLookahead: init: 0, final: 2000, step: 1, loopDepth: 2, cumulative-num-iterations: 200000000, look-ahead-ns: 444444448
Sending offset = 250 to master !
Sending rows = 50 to master !
Sending result vector partition to master!
Sent results to master 
MSG: 7 Done.
Avg-Compute-Communication-Ratio = 24.418503

******************************************************
Received vector X and V from master 
Called SetLoopLookahead: init: 0, final: 16000, step: 8, loopDepth: 1, cumulative-num-iterations: 100000, look-ahead-ns: 185185
Called SetLoopLookahead: init: 0, final: 50, step: 1, loopDepth: 1, cumulative-num-iterations: 100000, look-ahead-ns: 592592
Called SetLoopLookahead: init: 0, final: 2000, step: 1, loopDepth: 2, cumulative-num-iterations: 200000000, look-ahead-ns: 444444448
Sending offset = 250 to master !
Sending rows = 50 to master !
Sending result vector partition to master!
Sent results to master 
MSG: 8 Done.
Avg-Compute-Communication-Ratio = 24.336455

******************************************************
Received vector X and V from master 
Called SetLoopLookahead: init: 0, final: 16000, step: 8, loopDepth: 1, cumulative-num-iterations: 100000, look-ahead-ns: 185185
Called SetLoopLookahead: init: 0, final: 50, step: 1, loopDepth: 1, cumulative-num-iterations: 100000, look-ahead-ns: 592592
Called SetLoopLookahead: init: 0, final: 2000, step: 1, loopDepth: 2, cumulative-num-iterations: 200000000, look-ahead-ns: 444444448
Sending offset = 250 to master !
Sending rows = 50 to master !
Sending result vector partition to master!
Sent results to master 
MSG: 9 Done.
Avg-Compute-Communication-Ratio = 24.394616

******************************************************
Received vector X and V from master 
Called SetLoopLookahead: init: 0, final: 16000, step: 8, loopDepth: 1, cumulative-num-iterations: 100000, look-ahead-ns: 185185
Called SetLoopLookahead: init: 0, final: 50, step: 1, loopDepth: 1, cumulative-num-iterations: 100000, look-ahead-ns: 592592
Called SetLoopLookahead: init: 0, final: 2000, step: 1, loopDepth: 2, cumulative-num-iterations: 200000000, look-ahead-ns: 444444448
Sending offset = 250 to master !
Sending rows = 50 to master !
Sending result vector partition to master!
Sent results to master 
MSG: 10 Done.
Avg-Compute-Communication-Ratio = 24.137541

******************************************************
Received vector X and V from master 
Called SetLoopLookahead: init: 0, final: 16000, step: 8, loopDepth: 1, cumulative-num-iterations: 100000, look-ahead-ns: 185185
Called SetLoopLookahead: init: 0, final: 50, step: 1, loopDepth: 1, cumulative-num-iterations: 100000, look-ahead-ns: 592592
Called SetLoopLookahead: init: 0, final: 2000, step: 1, loopDepth: 2, cumulative-num-iterations: 200000000, look-ahead-ns: 444444448
Sending offset = 250 to master !
Sending rows = 50 to master !
Sending result vector partition to master!
Sent results to master 
MSG: 11 Done.
Avg-Compute-Communication-Ratio = 24.276037

******************************************************
Received vector X and V from master 
Called SetLoopLookahead: init: 0, final: 16000, step: 8, loopDepth: 1, cumulative-num-iterations: 100000, look-ahead-ns: 185185
Called SetLoopLookahead: init: 0, final: 50, step: 1, loopDepth: 1, cumulative-num-iterations: 100000, look-ahead-ns: 592592
Called SetLoopLookahead: init: 0, final: 2000, step: 1, loopDepth: 2, cumulative-num-iterations: 200000000, look-ahead-ns: 444444448
Sending offset = 250 to master !
Sending rows = 50 to master !
Sending result vector partition to master!
Sent results to master 
MSG: 12 Done.
Avg-Compute-Communication-Ratio = 24.342645

******************************************************
Received vector X and V from master 
Called SetLoopLookahead: init: 0, final: 16000, step: 8, loopDepth: 1, cumulative-num-iterations: 100000, look-ahead-ns: 185185
Called SetLoopLookahead: init: 0, final: 50, step: 1, loopDepth: 1, cumulative-num-iterations: 100000, look-ahead-ns: 592592
Called SetLoopLookahead: init: 0, final: 2000, step: 1, loopDepth: 2, cumulative-num-iterations: 200000000, look-ahead-ns: 444444448
Sending offset = 250 to master !
Sending rows = 50 to master !
Sending result vector partition to master!
Sent results to master 
MSG: 13 Done.
Avg-Compute-Communication-Ratio = 24.277721

******************************************************
Received vector X and V from master 
Called SetLoopLookahead: init: 0, final: 16000, step: 8, loopDepth: 1, cumulative-num-iterations: 100000, look-ahead-ns: 185185
Called SetLoopLookahead: init: 0, final: 50, step: 1, loopDepth: 1, cumulative-num-iterations: 100000, look-ahead-ns: 592592
Called SetLoopLookahead: init: 0, final: 2000, step: 1, loopDepth: 2, cumulative-num-iterations: 200000000, look-ahead-ns: 444444448
Sending offset = 250 to master !
Sending rows = 50 to master !
Sending result vector partition to master!
Sent results to master 
MSG: 14 Done.
Avg-Compute-Communication-Ratio = 24.230009

******************************************************
Received vector X and V from master 
Called SetLoopLookahead: init: 0, final: 16000, step: 8, loopDepth: 1, cumulative-num-iterations: 100000, look-ahead-ns: 185185
Called SetLoopLookahead: init: 0, final: 50, step: 1, loopDepth: 1, cumulative-num-iterations: 100000, look-ahead-ns: 592592
Called SetLoopLookahead: init: 0, final: 2000, step: 1, loopDepth: 2, cumulative-num-iterations: 200000000, look-ahead-ns: 444444448
Sending offset = 250 to master !
Sending rows = 50 to master !
Sending result vector partition to master!
Sent results to master 
MSG: 15 Done.
Avg-Compute-Communication-Ratio = 24.231998

******************************************************
Received vector X and V from master 
Called SetLoopLookahead: init: 0, final: 16000, step: 8, loopDepth: 1, cumulative-num-iterations: 100000, look-ahead-ns: 185185
Called SetLoopLookahead: init: 0, final: 50, step: 1, loopDepth: 1, cumulative-num-iterations: 100000, look-ahead-ns: 592592
Called SetLoopLookahead: init: 0, final: 2000, step: 1, loopDepth: 2, cumulative-num-iterations: 200000000, look-ahead-ns: 444444448
Sending offset = 250 to master !
Sending rows = 50 to master !
Sending result vector partition to master!
Sent results to master 
MSG: 16 Done.
Avg-Compute-Communication-Ratio = 24.254320

******************************************************
Received vector X and V from master 
Called SetLoopLookahead: init: 0, final: 16000, step: 8, loopDepth: 1, cumulative-num-iterations: 100000, look-ahead-ns: 185185
Called SetLoopLookahead: init: 0, final: 50, step: 1, loopDepth: 1, cumulative-num-iterations: 100000, look-ahead-ns: 592592
Called SetLoopLookahead: init: 0, final: 2000, step: 1, loopDepth: 2, cumulative-num-iterations: 200000000, look-ahead-ns: 444444448
Sending offset = 250 to master !
Sending rows = 50 to master !
Sending result vector partition to master!
Sent results to master 
MSG: 17 Done.
Avg-Compute-Communication-Ratio = 24.214913

******************************************************
Received vector X and V from master 
Called SetLoopLookahead: init: 0, final: 16000, step: 8, loopDepth: 1, cumulative-num-iterations: 100000, look-ahead-ns: 185185
Called SetLoopLookahead: init: 0, final: 50, step: 1, loopDepth: 1, cumulative-num-iterations: 100000, look-ahead-ns: 592592
Called SetLoopLookahead: init: 0, final: 2000, step: 1, loopDepth: 2, cumulative-num-iterations: 200000000, look-ahead-ns: 444444448
Sending offset = 250 to master !
Sending rows = 50 to master !
Sending result vector partition to master!
Sent results to master 
MSG: 18 Done.
Avg-Compute-Communication-Ratio = 24.197674

******************************************************
Received vector X and V from master 
Called SetLoopLookahead: init: 0, final: 16000, step: 8, loopDepth: 1, cumulative-num-iterations: 100000, look-ahead-ns: 185185
Called SetLoopLookahead: init: 0, final: 50, step: 1, loopDepth: 1, cumulative-num-iterations: 100000, look-ahead-ns: 592592
Called SetLoopLookahead: init: 0, final: 2000, step: 1, loopDepth: 2, cumulative-num-iterations: 200000000, look-ahead-ns: 444444448
Sending offset = 250 to master !
Sending rows = 50 to master !
Sending result vector partition to master!
Sent results to master 
MSG: 19 Done.
Avg-Compute-Communication-Ratio = 24.222056

******************************************************
Received vector X and V from master 
Called SetLoopLookahead: init: 0, final: 16000, step: 8, loopDepth: 1, cumulative-num-iterations: 100000, look-ahead-ns: 185185
Called SetLoopLookahead: init: 0, final: 50, step: 1, loopDepth: 1, cumulative-num-iterations: 100000, look-ahead-ns: 592592
Called SetLoopLookahead: init: 0, final: 2000, step: 1, loopDepth: 2, cumulative-num-iterations: 200000000, look-ahead-ns: 444444448
Sending offset = 250 to master !
Sending rows = 50 to master !
Sending result vector partition to master!
Sent results to master 
MSG: 20 Done.
Avg-Compute-Communication-Ratio = 24.176147

******************************************************
Received vector X and V from master 
Called SetLoopLookahead: init: 0, final: 16000, step: 8, loopDepth: 1, cumulative-num-iterations: 100000, look-ahead-ns: 185185
Called SetLoopLookahead: init: 0, final: 50, step: 1, loopDepth: 1, cumulative-num-iterations: 100000, look-ahead-ns: 592592
Called SetLoopLookahead: init: 0, final: 2000, step: 1, loopDepth: 2, cumulative-num-iterations: 200000000, look-ahead-ns: 444444448
Sending offset = 250 to master !
Sending rows = 50 to master !
Sending result vector partition to master!
Sent results to master 
MSG: 21 Done.
Avg-Compute-Communication-Ratio = 24.215447

******************************************************
Received vector X and V from master 
Called SetLoopLookahead: init: 0, final: 16000, step: 8, loopDepth: 1, cumulative-num-iterations: 100000, look-ahead-ns: 185185
Called SetLoopLookahead: init: 0, final: 50, step: 1, loopDepth: 1, cumulative-num-iterations: 100000, look-ahead-ns: 592592
Called SetLoopLookahead: init: 0, final: 2000, step: 1, loopDepth: 2, cumulative-num-iterations: 200000000, look-ahead-ns: 444444448
Sending offset = 250 to master !
Sending rows = 50 to master !
Sending result vector partition to master!
Sent results to master 
MSG: 22 Done.
Avg-Compute-Communication-Ratio = 24.163370

******************************************************
Received vector X and V from master 
Called SetLoopLookahead: init: 0, final: 16000, step: 8, loopDepth: 1, cumulative-num-iterations: 100000, look-ahead-ns: 185185
Called SetLoopLookahead: init: 0, final: 50, step: 1, loopDepth: 1, cumulative-num-iterations: 100000, look-ahead-ns: 592592
Called SetLoopLookahead: init: 0, final: 2000, step: 1, loopDepth: 2, cumulative-num-iterations: 200000000, look-ahead-ns: 444444448
Sending offset = 250 to master !
Sending rows = 50 to master !
Sending result vector partition to master!
Sent results to master 
MSG: 23 Done.
Avg-Compute-Communication-Ratio = 24.260032

******************************************************
Received vector X and V from master 
Called SetLoopLookahead: init: 0, final: 16000, step: 8, loopDepth: 1, cumulative-num-iterations: 100000, look-ahead-ns: 185185
Called SetLoopLookahead: init: 0, final: 50, step: 1, loopDepth: 1, cumulative-num-iterations: 100000, look-ahead-ns: 592592
Called SetLoopLookahead: init: 0, final: 2000, step: 1, loopDepth: 2, cumulative-num-iterations: 200000000, look-ahead-ns: 444444448
Sending offset = 250 to master !
Sending rows = 50 to master !
Sending result vector partition to master!
Sent results to master 
MSG: 24 Done.
Avg-Compute-Communication-Ratio = 24.291265

******************************************************
Received vector X and V from master 
Called SetLoopLookahead: init: 0, final: 16000, step: 8, loopDepth: 1, cumulative-num-iterations: 100000, look-ahead-ns: 185185
Called SetLoopLookahead: init: 0, final: 50, step: 1, loopDepth: 1, cumulative-num-iterations: 100000, look-ahead-ns: 592592
Called SetLoopLookahead: init: 0, final: 2000, step: 1, loopDepth: 2, cumulative-num-iterations: 200000000, look-ahead-ns: 444444448
Sending offset = 250 to master !
Sending rows = 50 to master !
Sending result vector partition to master!
Sent results to master 
MSG: 25 Done.
Avg-Compute-Communication-Ratio = 24.281739

******************************************************
Received vector X and V from master 
Called SetLoopLookahead: init: 0, final: 16000, step: 8, loopDepth: 1, cumulative-num-iterations: 100000, look-ahead-ns: 185185
Called SetLoopLookahead: init: 0, final: 50, step: 1, loopDepth: 1, cumulative-num-iterations: 100000, look-ahead-ns: 592592
Called SetLoopLookahead: init: 0, final: 2000, step: 1, loopDepth: 2, cumulative-num-iterations: 200000000, look-ahead-ns: 444444448
Sending offset = 250 to master !
Sending rows = 50 to master !
Sending result vector partition to master!
Sent results to master 
MSG: 26 Done.
Avg-Compute-Communication-Ratio = 24.243632

******************************************************
Received vector X and V from master 
Called SetLoopLookahead: init: 0, final: 16000, step: 8, loopDepth: 1, cumulative-num-iterations: 100000, look-ahead-ns: 185185
Called SetLoopLookahead: init: 0, final: 50, step: 1, loopDepth: 1, cumulative-num-iterations: 100000, look-ahead-ns: 592592
Called SetLoopLookahead: init: 0, final: 2000, step: 1, loopDepth: 2, cumulative-num-iterations: 200000000, look-ahead-ns: 444444448
Sending offset = 250 to master !
Sending rows = 50 to master !
Sending result vector partition to master!
Sent results to master 
MSG: 27 Done.
Avg-Compute-Communication-Ratio = 24.231987

******************************************************
Received vector X and V from master 
Called SetLoopLookahead: init: 0, final: 16000, step: 8, loopDepth: 1, cumulative-num-iterations: 100000, look-ahead-ns: 185185
Called SetLoopLookahead: init: 0, final: 50, step: 1, loopDepth: 1, cumulative-num-iterations: 100000, look-ahead-ns: 592592
Called SetLoopLookahead: init: 0, final: 2000, step: 1, loopDepth: 2, cumulative-num-iterations: 200000000, look-ahead-ns: 444444448
Sending offset = 250 to master !
Sending rows = 50 to master !
Sending result vector partition to master!
Sent results to master 
MSG: 28 Done.
Avg-Compute-Communication-Ratio = 24.220174

******************************************************
Received vector X and V from master 
Called SetLoopLookahead: init: 0, final: 16000, step: 8, loopDepth: 1, cumulative-num-iterations: 100000, look-ahead-ns: 185185
Called SetLoopLookahead: init: 0, final: 50, step: 1, loopDepth: 1, cumulative-num-iterations: 100000, look-ahead-ns: 592592
Called SetLoopLookahead: init: 0, final: 2000, step: 1, loopDepth: 2, cumulative-num-iterations: 200000000, look-ahead-ns: 444444448
Sending offset = 250 to master !
Sending rows = 50 to master !
Sending result vector partition to master!
Sent results to master 
MSG: 29 Done.
Avg-Compute-Communication-Ratio = 24.240965

******************************************************
Received vector X and V from master 
Called SetLoopLookahead: init: 0, final: 16000, step: 8, loopDepth: 1, cumulative-num-iterations: 100000, look-ahead-ns: 185185
Called SetLoopLookahead: init: 0, final: 50, step: 1, loopDepth: 1, cumulative-num-iterations: 100000, look-ahead-ns: 592592
Called SetLoopLookahead: init: 0, final: 2000, step: 1, loopDepth: 2, cumulative-num-iterations: 200000000, look-ahead-ns: 444444448
Sending offset = 250 to master !
Sending rows = 50 to master !
Sending result vector partition to master!
Sent results to master 
MSG: 30 Done.
Avg-Compute-Communication-Ratio = 24.222609

******************************************************
Received vector X and V from master 
Called SetLoopLookahead: init: 0, final: 16000, step: 8, loopDepth: 1, cumulative-num-iterations: 100000, look-ahead-ns: 185185
Called SetLoopLookahead: init: 0, final: 50, step: 1, loopDepth: 1, cumulative-num-iterations: 100000, look-ahead-ns: 592592
Called SetLoopLookahead: init: 0, final: 2000, step: 1, loopDepth: 2, cumulative-num-iterations: 200000000, look-ahead-ns: 444444448
Sending offset = 250 to master !
Sending rows = 50 to master !
Sending result vector partition to master!
Sent results to master 
MSG: 31 Done.
Avg-Compute-Communication-Ratio = 24.231513

******************************************************
Received vector X and V from master 
Called SetLoopLookahead: init: 0, final: 16000, step: 8, loopDepth: 1, cumulative-num-iterations: 100000, look-ahead-ns: 185185
Called SetLoopLookahead: init: 0, final: 50, step: 1, loopDepth: 1, cumulative-num-iterations: 100000, look-ahead-ns: 592592
Called SetLoopLookahead: init: 0, final: 2000, step: 1, loopDepth: 2, cumulative-num-iterations: 200000000, look-ahead-ns: 444444448
Sending offset = 250 to master !
Sending rows = 50 to master !
Sending result vector partition to master!
Sent results to master 
MSG: 32 Done.
Avg-Compute-Communication-Ratio = 24.215272

******************************************************
Received vector X and V from master 
Called SetLoopLookahead: init: 0, final: 16000, step: 8, loopDepth: 1, cumulative-num-iterations: 100000, look-ahead-ns: 185185
Called SetLoopLookahead: init: 0, final: 50, step: 1, loopDepth: 1, cumulative-num-iterations: 100000, look-ahead-ns: 592592
Called SetLoopLookahead: init: 0, final: 2000, step: 1, loopDepth: 2, cumulative-num-iterations: 200000000, look-ahead-ns: 444444448
Sending offset = 250 to master !
Sending rows = 50 to master !
Sending result vector partition to master!
Sent results to master 
MSG: 33 Done.
Avg-Compute-Communication-Ratio = 24.200007

******************************************************
Received vector X and V from master 
Called SetLoopLookahead: init: 0, final: 16000, step: 8, loopDepth: 1, cumulative-num-iterations: 100000, look-ahead-ns: 185185
Called SetLoopLookahead: init: 0, final: 50, step: 1, loopDepth: 1, cumulative-num-iterations: 100000, look-ahead-ns: 592592
Called SetLoopLookahead: init: 0, final: 2000, step: 1, loopDepth: 2, cumulative-num-iterations: 200000000, look-ahead-ns: 444444448
Sending offset = 250 to master !
Sending rows = 50 to master !
Sending result vector partition to master!
Sent results to master 
MSG: 34 Done.
Avg-Compute-Communication-Ratio = 24.202360

******************************************************
Received vector X and V from master 
Called SetLoopLookahead: init: 0, final: 16000, step: 8, loopDepth: 1, cumulative-num-iterations: 100000, look-ahead-ns: 185185
Called SetLoopLookahead: init: 0, final: 50, step: 1, loopDepth: 1, cumulative-num-iterations: 100000, look-ahead-ns: 592592
Called SetLoopLookahead: init: 0, final: 2000, step: 1, loopDepth: 2, cumulative-num-iterations: 200000000, look-ahead-ns: 444444448
Sending offset = 250 to master !
Sending rows = 50 to master !
Sending result vector partition to master!
Sent results to master 
MSG: 35 Done.
Avg-Compute-Communication-Ratio = 24.183018

******************************************************
Received vector X and V from master 
Called SetLoopLookahead: init: 0, final: 16000, step: 8, loopDepth: 1, cumulative-num-iterations: 100000, look-ahead-ns: 185185
Called SetLoopLookahead: init: 0, final: 50, step: 1, loopDepth: 1, cumulative-num-iterations: 100000, look-ahead-ns: 592592
Called SetLoopLookahead: init: 0, final: 2000, step: 1, loopDepth: 2, cumulative-num-iterations: 200000000, look-ahead-ns: 444444448
Sending offset = 250 to master !
Sending rows = 50 to master !
Sending result vector partition to master!
Sent results to master 
MSG: 36 Done.
Avg-Compute-Communication-Ratio = 24.187162

******************************************************
Received vector X and V from master 
Called SetLoopLookahead: init: 0, final: 16000, step: 8, loopDepth: 1, cumulative-num-iterations: 100000, look-ahead-ns: 185185
Called SetLoopLookahead: init: 0, final: 50, step: 1, loopDepth: 1, cumulative-num-iterations: 100000, look-ahead-ns: 592592
Called SetLoopLookahead: init: 0, final: 2000, step: 1, loopDepth: 2, cumulative-num-iterations: 200000000, look-ahead-ns: 444444448
Sending offset = 250 to master !
Sending rows = 50 to master !
Sending result vector partition to master!
Sent results to master 
MSG: 37 Done.
Avg-Compute-Communication-Ratio = 24.055861

******************************************************
Received vector X and V from master 
Called SetLoopLookahead: init: 0, final: 16000, step: 8, loopDepth: 1, cumulative-num-iterations: 100000, look-ahead-ns: 185185
Called SetLoopLookahead: init: 0, final: 50, step: 1, loopDepth: 1, cumulative-num-iterations: 100000, look-ahead-ns: 592592
Called SetLoopLookahead: init: 0, final: 2000, step: 1, loopDepth: 2, cumulative-num-iterations: 200000000, look-ahead-ns: 444444448
Sending offset = 250 to master !
Sending rows = 50 to master !
Sending result vector partition to master!
Sent results to master 
MSG: 38 Done.
Avg-Compute-Communication-Ratio = 24.132674

******************************************************
Received vector X and V from master 
Called SetLoopLookahead: init: 0, final: 16000, step: 8, loopDepth: 1, cumulative-num-iterations: 100000, look-ahead-ns: 185185
Called SetLoopLookahead: init: 0, final: 50, step: 1, loopDepth: 1, cumulative-num-iterations: 100000, look-ahead-ns: 592592
Called SetLoopLookahead: init: 0, final: 2000, step: 1, loopDepth: 2, cumulative-num-iterations: 200000000, look-ahead-ns: 444444448
Sending offset = 250 to master !
Sending rows = 50 to master !
Sending result vector partition to master!
Sent results to master 
MSG: 39 Done.
Avg-Compute-Communication-Ratio = 24.100452

******************************************************
Received vector X and V from master 
Called SetLoopLookahead: init: 0, final: 16000, step: 8, loopDepth: 1, cumulative-num-iterations: 100000, look-ahead-ns: 185185
Called SetLoopLookahead: init: 0, final: 50, step: 1, loopDepth: 1, cumulative-num-iterations: 100000, look-ahead-ns: 592592
Called SetLoopLookahead: init: 0, final: 2000, step: 1, loopDepth: 2, cumulative-num-iterations: 200000000, look-ahead-ns: 444444448
Sending offset = 250 to master !
Sending rows = 50 to master !
Sending result vector partition to master!
Sent results to master 
MSG: 40 Done.
Avg-Compute-Communication-Ratio = 24.114046

******************************************************
Received vector X and V from master 
Called SetLoopLookahead: init: 0, final: 16000, step: 8, loopDepth: 1, cumulative-num-iterations: 100000, look-ahead-ns: 185185
Called SetLoopLookahead: init: 0, final: 50, step: 1, loopDepth: 1, cumulative-num-iterations: 100000, look-ahead-ns: 592592
Called SetLoopLookahead: init: 0, final: 2000, step: 1, loopDepth: 2, cumulative-num-iterations: 200000000, look-ahead-ns: 444444448
Sending offset = 250 to master !
Sending rows = 50 to master !
Sending result vector partition to master!
Sent results to master 
MSG: 41 Done.
Avg-Compute-Communication-Ratio = 24.097455

******************************************************
Received vector X and V from master 
Called SetLoopLookahead: init: 0, final: 16000, step: 8, loopDepth: 1, cumulative-num-iterations: 100000, look-ahead-ns: 185185
Called SetLoopLookahead: init: 0, final: 50, step: 1, loopDepth: 1, cumulative-num-iterations: 100000, look-ahead-ns: 592592
Called SetLoopLookahead: init: 0, final: 2000, step: 1, loopDepth: 2, cumulative-num-iterations: 200000000, look-ahead-ns: 444444448
Exp finishing. Stopping stack thread with id: 6!

------------------------- ACTUAL STDOUT FROM EXECUTABLE ENDED -----------------------------

Process: 6 exiting VT experiment !
Main thread exiting. PID = 6
