Attempting to set static arp entries ...
Tracer: 24 >> Using SRC IP: 10.1.37.114 for any spawned virtual tcp-stacks
Tracer: 24 >> Updating firewall rules to drop outgoing TCP-RST packets
Attempting to set firewall rules ...
Tracer: 24 >> CMD TO RUN: /home/vignesh/VT-S3FNet/csudp/mpi_matrix/mpi_mm 23 41 10.1.37.114 > /home/vignesh/VT-S3FNet/experiment-data/MPI_LA_Enabled_nemus_41_mpi_mm/worker23.log
args[0] = /home/vignesh/VT-S3FNet/csudp/mpi_matrix/mpi_mm
args[1] = 23
args[2] = 41
args[3] = 10.1.37.114
Setting appropriate environment variables ...
HOME DIRECTORY : /home/vignesh
Parsing TTN config file: /home/vignesh/.ttn/projects.db
Setting VT_L1_INS_CACHE_MISS_CYCLES to: 100
Setting VT_L1_INS_CACHE_LINES to: 64
Setting VT_L1_INS_CACHE_SIZE_KB to: 32
Setting VT_L1_INS_CACHE_ASSOC to: 8
Setting VT_L1_INS_CACHE_REPLACEMENT_POLICY to: LRU
Setting VT_L1_DATA_CACHE_MISS_CYCLES to: 100
Setting VT_L1_DATA_CACHE_LINES to: 64
Setting VT_L1_DATA_CACHE_SIZE_KB to: 32
Setting VT_L1_DATA_CACHE_ASSOC to: 8
Setting VT_L1_DATA_CACHE_REPLACEMENT_POLICY to: LRU
Setting VT_CPU_CYLES_NS to: 2.700000
Setting VT_NIC_SPEED_MBPS to: 1000.000000
Setting VT_TIMING_MODEL to: EMPIRICAL
Setting VT_BBL_LOOKAHEAD_FILE to: /home/vignesh/VT-S3FNet/csudp/mpi_matrix/.ttn/lookahead/bbl_lookahead.info
Setting VT_LOOP_LOOKAHEAD_FILE to: /home/vignesh/VT-S3FNet/csudp/mpi_matrix/.ttn/lookahead/loop_lookahead.info
Starting command: /home/vignesh/VT-S3FNet/csudp/mpi_matrix/mpi_mm
Loading orig functions !
Starting executable with Pid = 6
Loading pointers to VTL Logic functions
Loaded pointers to all VTL Logic functions
Now Initializing VT-Management 
Extracting env variables !
Extracted tracer-id: 24
Extracted exp-type: 2
Extracted cpu-cycles-ns: 2.700000
Extracted socket-layer-ip: 1915027722
Starting VT-initialization !
Tracer-ID: 24, Timeline-ID: 24
Tracer registration for EXP_CS complete. TimelineID = 24, Return = 24
Tracer Adding to SQ. Tracer ID = 24
Parsing any provided lookahead information ...
Opening file: /home/vignesh/VT-S3FNet/csudp/mpi_matrix/.ttn/lookahead/bbl_lookahead.info
File size: 344
mapped memblock size: 344
Finish offset: 39, Number of values: 39
Returning success !
Loaded BBL lookaheads for 39 basic blocks ...
Opening file: /home/vignesh/VT-S3FNet/csudp/mpi_matrix/.ttn/lookahead/loop_lookahead.info
File size: 128
mapped memblock size: 128
Finish offset: 12, Number of values: 12
Returning success !
Loaded Loop lookaheads for 12 loops ...
VT initialization successfull !
Finished Initializing VT-Management 
Initializing TCP-stack ...
TCP stack unique-id: 246
Starting virtual socket layer stack-thread !
Pthread_create: vtStackThread special case
Successfully initialized VTL-Logic embedded into the executable

------------------------- ACTUAL STDOUT FROM EXECUTABLE STARTS -----------------------------

Rank = 23, Total = 41, IP = 10.1.37.114
Adding new vt-tcp-socket !
Creating vt-tcp socket !
bind through vt-tcp !
Server socket bound to ip:port: 10.1.37.114:10000
Waiting for OK message from other nodes !
Waiting for OK message !
listen through vt-tcp !
Accept through vt-tcp !
Successfully received OK message !

---------------- Waiting for higher ranked nodes to connect --------------
listen through vt-tcp !
Accepting connection from higher ranked node: 40
Accept through vt-tcp !
Accepted connection from higher ranked node: 40
Successfully connected with higher ranked node: 40
Accepting connection from higher ranked node: 39
Accept through vt-tcp !
Accepted connection from higher ranked node: 39
Successfully connected with higher ranked node: 39
Accepting connection from higher ranked node: 38
Accept through vt-tcp !
Accepted connection from higher ranked node: 38
Successfully connected with higher ranked node: 38
Accepting connection from higher ranked node: 37
Accept through vt-tcp !
Accepted connection from higher ranked node: 37
Successfully connected with higher ranked node: 37
Accepting connection from higher ranked node: 36
Accept through vt-tcp !
Accepted connection from higher ranked node: 36
Successfully connected with higher ranked node: 36
Accepting connection from higher ranked node: 35
Accept through vt-tcp !
Accepted connection from higher ranked node: 35
Successfully connected with higher ranked node: 35
Accepting connection from higher ranked node: 34
Accept through vt-tcp !
Accepted connection from higher ranked node: 34
Successfully connected with higher ranked node: 34
Accepting connection from higher ranked node: 33
Accept through vt-tcp !
Accepted connection from higher ranked node: 33
Successfully connected with higher ranked node: 33
Accepting connection from higher ranked node: 32
Accept through vt-tcp !
Accepted connection from higher ranked node: 32
Successfully connected with higher ranked node: 32
Accepting connection from higher ranked node: 31
Accept through vt-tcp !
Accepted connection from higher ranked node: 31
Successfully connected with higher ranked node: 31
Accepting connection from higher ranked node: 30
Accept through vt-tcp !
Accepted connection from higher ranked node: 30
Successfully connected with higher ranked node: 30
Accepting connection from higher ranked node: 29
Accept through vt-tcp !
Accepted connection from higher ranked node: 29
Successfully connected with higher ranked node: 29
Accepting connection from higher ranked node: 28
Accept through vt-tcp !
Accepted connection from higher ranked node: 28
Successfully connected with higher ranked node: 28
Accepting connection from higher ranked node: 27
Accept through vt-tcp !
Accepted connection from higher ranked node: 27
Successfully connected with higher ranked node: 27
Accepting connection from higher ranked node: 26
Accept through vt-tcp !
Accepted connection from higher ranked node: 26
Successfully connected with higher ranked node: 26
Accepting connection from higher ranked node: 25
Accept through vt-tcp !
Accepted connection from higher ranked node: 25
Successfully connected with higher ranked node: 25
Accepting connection from higher ranked node: 24
Accept through vt-tcp !
Accepted connection from higher ranked node: 24
Successfully connected with higher ranked node: 24
Closing server socket: 4097
Clearing all tcp timers !
TCP-done for socket: 4097, err: -103

---------------- Connecting to lowed ranked nodes ! --------------
Adding new vt-tcp-socket !
Creating vt-tcp socket !
Connecting to lower ranked node: 22 at 10.1.37.118:10000
Connecting .. Socket: 4116, src-port: 40001
Socket: 4097 garbage collection
Freeing socket: 4097
Waking up connected socket !
Socket connect success. socket = 4116
Connecting through vt-tcp success !
Successfully connected to lower ranked node: 22 at 10.1.37.118:10000
Adding new vt-tcp-socket !
Creating vt-tcp socket !
Connecting to lower ranked node: 21 at 10.1.37.122:10000
Connecting .. Socket: 4117, src-port: 40002
Waking up connected socket !
Socket connect success. socket = 4117
Connecting through vt-tcp success !
Successfully connected to lower ranked node: 21 at 10.1.37.122:10000
Adding new vt-tcp-socket !
Creating vt-tcp socket !
Connecting to lower ranked node: 20 at 10.1.37.126:10000
Connecting .. Socket: 4118, src-port: 40003
Waking up connected socket !
Socket connect success. socket = 4118
Connecting through vt-tcp success !
Successfully connected to lower ranked node: 20 at 10.1.37.126:10000
Adding new vt-tcp-socket !
Creating vt-tcp socket !
Connecting to lower ranked node: 19 at 10.1.37.130:10000
Connecting .. Socket: 4119, src-port: 40004
Waking up connected socket !
Socket connect success. socket = 4119
Connecting through vt-tcp success !
Successfully connected to lower ranked node: 19 at 10.1.37.130:10000
Adding new vt-tcp-socket !
Creating vt-tcp socket !
Connecting to lower ranked node: 18 at 10.1.37.134:10000
Connecting .. Socket: 4120, src-port: 40005
Waking up connected socket !
Socket connect success. socket = 4120
Connecting through vt-tcp success !
Successfully connected to lower ranked node: 18 at 10.1.37.134:10000
Adding new vt-tcp-socket !
Creating vt-tcp socket !
Connecting to lower ranked node: 17 at 10.1.37.138:10000
Connecting .. Socket: 4121, src-port: 40006
Waking up connected socket !
Socket connect success. socket = 4121
Connecting through vt-tcp success !
Successfully connected to lower ranked node: 17 at 10.1.37.138:10000
Adding new vt-tcp-socket !
Creating vt-tcp socket !
Connecting to lower ranked node: 16 at 10.1.37.142:10000
Connecting .. Socket: 4122, src-port: 40007
Waking up connected socket !
Socket connect success. socket = 4122
Connecting through vt-tcp success !
Successfully connected to lower ranked node: 16 at 10.1.37.142:10000
Adding new vt-tcp-socket !
Creating vt-tcp socket !
Connecting to lower ranked node: 15 at 10.1.37.110:10000
Connecting .. Socket: 4123, src-port: 40008
Waking up connected socket !
Socket connect success. socket = 4123
Connecting through vt-tcp success !
Successfully connected to lower ranked node: 15 at 10.1.37.110:10000
Adding new vt-tcp-socket !
Creating vt-tcp socket !
Connecting to lower ranked node: 14 at 10.1.37.150:10000
Connecting .. Socket: 4124, src-port: 40009
Waking up connected socket !
Socket connect success. socket = 4124
Connecting through vt-tcp success !
Successfully connected to lower ranked node: 14 at 10.1.37.150:10000
Adding new vt-tcp-socket !
Creating vt-tcp socket !
Connecting to lower ranked node: 13 at 10.1.37.154:10000
Connecting .. Socket: 4125, src-port: 40010
Waking up connected socket !
Socket connect success. socket = 4125
Connecting through vt-tcp success !
Successfully connected to lower ranked node: 13 at 10.1.37.154:10000
Adding new vt-tcp-socket !
Creating vt-tcp socket !
Connecting to lower ranked node: 12 at 10.1.37.158:10000
Connecting .. Socket: 4126, src-port: 40011
Waking up connected socket !
Socket connect success. socket = 4126
Connecting through vt-tcp success !
Successfully connected to lower ranked node: 12 at 10.1.37.158:10000
Adding new vt-tcp-socket !
Creating vt-tcp socket !
Connecting to lower ranked node: 11 at 10.1.37.162:10000
Connecting .. Socket: 4127, src-port: 40012
Waking up connected socket !
Socket connect success. socket = 4127
Connecting through vt-tcp success !
Successfully connected to lower ranked node: 11 at 10.1.37.162:10000
Adding new vt-tcp-socket !
Creating vt-tcp socket !
Connecting to lower ranked node: 10 at 10.1.37.166:10000
Connecting .. Socket: 4128, src-port: 40013
Waking up connected socket !
Socket connect success. socket = 4128
Connecting through vt-tcp success !
Successfully connected to lower ranked node: 10 at 10.1.37.166:10000
Adding new vt-tcp-socket !
Creating vt-tcp socket !
Connecting to lower ranked node: 9 at 10.1.37.170:10000
Connecting .. Socket: 4129, src-port: 40014
Waking up connected socket !
Socket connect success. socket = 4129
Connecting through vt-tcp success !
Successfully connected to lower ranked node: 9 at 10.1.37.170:10000
Adding new vt-tcp-socket !
Creating vt-tcp socket !
Connecting to lower ranked node: 8 at 10.1.37.174:10000
Connecting .. Socket: 4130, src-port: 40015
Waking up connected socket !
Socket connect success. socket = 4130
Connecting through vt-tcp success !
Successfully connected to lower ranked node: 8 at 10.1.37.174:10000
Adding new vt-tcp-socket !
Creating vt-tcp socket !
Connecting to lower ranked node: 7 at 10.1.37.178:10000
Connecting .. Socket: 4131, src-port: 40016
Waking up connected socket !
Socket connect success. socket = 4131
Connecting through vt-tcp success !
Successfully connected to lower ranked node: 7 at 10.1.37.178:10000
Adding new vt-tcp-socket !
Creating vt-tcp socket !
Connecting to lower ranked node: 6 at 10.1.37.218:10000
Connecting .. Socket: 4132, src-port: 40017
Waking up connected socket !
Socket connect success. socket = 4132
Connecting through vt-tcp success !
Successfully connected to lower ranked node: 6 at 10.1.37.218:10000
Adding new vt-tcp-socket !
Creating vt-tcp socket !
Connecting to lower ranked node: 5 at 10.1.38.66:10000
Connecting .. Socket: 4133, src-port: 40018
Waking up connected socket !
Socket connect success. socket = 4133
Connecting through vt-tcp success !
Successfully connected to lower ranked node: 5 at 10.1.38.66:10000
Adding new vt-tcp-socket !
Creating vt-tcp socket !
Connecting to lower ranked node: 4 at 10.1.38.70:10000
Connecting .. Socket: 4134, src-port: 40019
Waking up connected socket !
Socket connect success. socket = 4134
Connecting through vt-tcp success !
Successfully connected to lower ranked node: 4 at 10.1.38.70:10000
Adding new vt-tcp-socket !
Creating vt-tcp socket !
Connecting to lower ranked node: 3 at 10.1.38.74:10000
Connecting .. Socket: 4135, src-port: 40020
Waking up connected socket !
Socket connect success. socket = 4135
Connecting through vt-tcp success !
Successfully connected to lower ranked node: 3 at 10.1.38.74:10000
Adding new vt-tcp-socket !
Creating vt-tcp socket !
Connecting to lower ranked node: 2 at 10.1.38.78:10000
Connecting .. Socket: 4136, src-port: 40021
Waking up connected socket !
Socket connect success. socket = 4136
Connecting through vt-tcp success !
Successfully connected to lower ranked node: 2 at 10.1.38.78:10000
Adding new vt-tcp-socket !
Creating vt-tcp socket !
Connecting to lower ranked node: 1 at 10.1.38.82:10000
Connecting .. Socket: 4137, src-port: 40022
Waking up connected socket !
Socket connect success. socket = 4137
Connecting through vt-tcp success !
Successfully connected to lower ranked node: 1 at 10.1.38.82:10000
Adding new vt-tcp-socket !
Creating vt-tcp socket !
Connecting to lower ranked node: 0 at 10.1.38.86:10000
Connecting .. Socket: 4138, src-port: 40023
Waking up connected socket !
Socket connect success. socket = 4138
Connecting through vt-tcp success !
Successfully connected to lower ranked node: 0 at 10.1.38.86:10000

---------------- Creating listen Thread ! --------------

---------------- MPI-Init success ! --------------
Adding new Thread: 8
Resuming new Thread with Burst of length: 5400
Received matrix-A partition size: 50 from master !

******************************************************
Received vector X and V from master 
Called SetLoopLookahead: init: 0, final: 16000, step: 8, loopDepth: 1, cumulative-num-iterations: 100000, look-ahead-ns: 185185
Called SetLoopLookahead: init: 0, final: 50, step: 1, loopDepth: 1, cumulative-num-iterations: 100000, look-ahead-ns: 592592
Called SetLoopLookahead: init: 0, final: 2000, step: 1, loopDepth: 2, cumulative-num-iterations: 200000000, look-ahead-ns: 444444448
Before rcv-wnd: seq: 1, rcv_nxt: 5
Before rcv-wnd: seq: 1, rcv_nxt: 5
Before rcv-wnd: seq: 1, rcv_nxt: 5
tcp-rto: snd_una: 1, rto: 400, backoff: 1, sock-fd = 4136
Sending offset = 1100 to master !
Sending rows = 50 to master !
Sending result vector partition to master!
Sent results to master 
MSG: 0 Done.
Avg-Compute-Communication-Ratio = 30.885411

******************************************************
Received vector X and V from master 
Called SetLoopLookahead: init: 0, final: 16000, step: 8, loopDepth: 1, cumulative-num-iterations: 100000, look-ahead-ns: 185185
Called SetLoopLookahead: init: 0, final: 50, step: 1, loopDepth: 1, cumulative-num-iterations: 100000, look-ahead-ns: 592592
Called SetLoopLookahead: init: 0, final: 2000, step: 1, loopDepth: 2, cumulative-num-iterations: 200000000, look-ahead-ns: 444444448
Sending offset = 1100 to master !
Sending rows = 50 to master !
Sending result vector partition to master!
Sent results to master 
MSG: 1 Done.
Avg-Compute-Communication-Ratio = 26.719146

******************************************************
Received vector X and V from master 
Called SetLoopLookahead: init: 0, final: 16000, step: 8, loopDepth: 1, cumulative-num-iterations: 100000, look-ahead-ns: 185185
Called SetLoopLookahead: init: 0, final: 50, step: 1, loopDepth: 1, cumulative-num-iterations: 100000, look-ahead-ns: 592592
Called SetLoopLookahead: init: 0, final: 2000, step: 1, loopDepth: 2, cumulative-num-iterations: 200000000, look-ahead-ns: 444444448
Sending offset = 1100 to master !
Sending rows = 50 to master !
Sending result vector partition to master!
Sent results to master 
MSG: 2 Done.
Avg-Compute-Communication-Ratio = 25.859316

******************************************************
Received vector X and V from master 
Called SetLoopLookahead: init: 0, final: 16000, step: 8, loopDepth: 1, cumulative-num-iterations: 100000, look-ahead-ns: 185185
Called SetLoopLookahead: init: 0, final: 50, step: 1, loopDepth: 1, cumulative-num-iterations: 100000, look-ahead-ns: 592592
Called SetLoopLookahead: init: 0, final: 2000, step: 1, loopDepth: 2, cumulative-num-iterations: 200000000, look-ahead-ns: 444444448
Sending offset = 1100 to master !
Sending rows = 50 to master !
Sending result vector partition to master!
Sent results to master 
MSG: 3 Done.
Avg-Compute-Communication-Ratio = 25.291000

******************************************************
Received vector X and V from master 
Called SetLoopLookahead: init: 0, final: 16000, step: 8, loopDepth: 1, cumulative-num-iterations: 100000, look-ahead-ns: 185185
Called SetLoopLookahead: init: 0, final: 50, step: 1, loopDepth: 1, cumulative-num-iterations: 100000, look-ahead-ns: 592592
Called SetLoopLookahead: init: 0, final: 2000, step: 1, loopDepth: 2, cumulative-num-iterations: 200000000, look-ahead-ns: 444444448
Sending offset = 1100 to master !
Sending rows = 50 to master !
Sending result vector partition to master!
Sent results to master 
MSG: 4 Done.
Avg-Compute-Communication-Ratio = 24.999515

******************************************************
Received vector X and V from master 
Called SetLoopLookahead: init: 0, final: 16000, step: 8, loopDepth: 1, cumulative-num-iterations: 100000, look-ahead-ns: 185185
Called SetLoopLookahead: init: 0, final: 50, step: 1, loopDepth: 1, cumulative-num-iterations: 100000, look-ahead-ns: 592592
Called SetLoopLookahead: init: 0, final: 2000, step: 1, loopDepth: 2, cumulative-num-iterations: 200000000, look-ahead-ns: 444444448
Sending offset = 1100 to master !
Sending rows = 50 to master !
Sending result vector partition to master!
Sent results to master 
MSG: 5 Done.
Avg-Compute-Communication-Ratio = 24.804603

******************************************************
Received vector X and V from master 
Called SetLoopLookahead: init: 0, final: 16000, step: 8, loopDepth: 1, cumulative-num-iterations: 100000, look-ahead-ns: 185185
Called SetLoopLookahead: init: 0, final: 50, step: 1, loopDepth: 1, cumulative-num-iterations: 100000, look-ahead-ns: 592592
Called SetLoopLookahead: init: 0, final: 2000, step: 1, loopDepth: 2, cumulative-num-iterations: 200000000, look-ahead-ns: 444444448
Sending offset = 1100 to master !
Sending rows = 50 to master !
Sending result vector partition to master!
Sent results to master 
MSG: 6 Done.
Avg-Compute-Communication-Ratio = 24.707514

******************************************************
Received vector X and V from master 
Called SetLoopLookahead: init: 0, final: 16000, step: 8, loopDepth: 1, cumulative-num-iterations: 100000, look-ahead-ns: 185185
Called SetLoopLookahead: init: 0, final: 50, step: 1, loopDepth: 1, cumulative-num-iterations: 100000, look-ahead-ns: 592592
Called SetLoopLookahead: init: 0, final: 2000, step: 1, loopDepth: 2, cumulative-num-iterations: 200000000, look-ahead-ns: 444444448
Sending offset = 1100 to master !
Sending rows = 50 to master !
Sending result vector partition to master!
Sent results to master 
MSG: 7 Done.
Avg-Compute-Communication-Ratio = 24.622331

******************************************************
Received vector X and V from master 
Called SetLoopLookahead: init: 0, final: 16000, step: 8, loopDepth: 1, cumulative-num-iterations: 100000, look-ahead-ns: 185185
Called SetLoopLookahead: init: 0, final: 50, step: 1, loopDepth: 1, cumulative-num-iterations: 100000, look-ahead-ns: 592592
Called SetLoopLookahead: init: 0, final: 2000, step: 1, loopDepth: 2, cumulative-num-iterations: 200000000, look-ahead-ns: 444444448
Sending offset = 1100 to master !
Sending rows = 50 to master !
Sending result vector partition to master!
Sent results to master 
MSG: 8 Done.
Avg-Compute-Communication-Ratio = 24.541287

******************************************************
Received vector X and V from master 
Called SetLoopLookahead: init: 0, final: 16000, step: 8, loopDepth: 1, cumulative-num-iterations: 100000, look-ahead-ns: 185185
Called SetLoopLookahead: init: 0, final: 50, step: 1, loopDepth: 1, cumulative-num-iterations: 100000, look-ahead-ns: 592592
Called SetLoopLookahead: init: 0, final: 2000, step: 1, loopDepth: 2, cumulative-num-iterations: 200000000, look-ahead-ns: 444444448
Sending offset = 1100 to master !
Sending rows = 50 to master !
Sending result vector partition to master!
Sent results to master 
MSG: 9 Done.
Avg-Compute-Communication-Ratio = 24.372478

******************************************************
Received vector X and V from master 
Called SetLoopLookahead: init: 0, final: 16000, step: 8, loopDepth: 1, cumulative-num-iterations: 100000, look-ahead-ns: 185185
Called SetLoopLookahead: init: 0, final: 50, step: 1, loopDepth: 1, cumulative-num-iterations: 100000, look-ahead-ns: 592592
Called SetLoopLookahead: init: 0, final: 2000, step: 1, loopDepth: 2, cumulative-num-iterations: 200000000, look-ahead-ns: 444444448
Sending offset = 1100 to master !
Sending rows = 50 to master !
Sending result vector partition to master!
Sent results to master 
MSG: 10 Done.
Avg-Compute-Communication-Ratio = 24.344325

******************************************************
Received vector X and V from master 
Called SetLoopLookahead: init: 0, final: 16000, step: 8, loopDepth: 1, cumulative-num-iterations: 100000, look-ahead-ns: 185185
Called SetLoopLookahead: init: 0, final: 50, step: 1, loopDepth: 1, cumulative-num-iterations: 100000, look-ahead-ns: 592592
Called SetLoopLookahead: init: 0, final: 2000, step: 1, loopDepth: 2, cumulative-num-iterations: 200000000, look-ahead-ns: 444444448
Sending offset = 1100 to master !
Sending rows = 50 to master !
Sending result vector partition to master!
Sent results to master 
MSG: 11 Done.
Avg-Compute-Communication-Ratio = 24.419595

******************************************************
Received vector X and V from master 
Called SetLoopLookahead: init: 0, final: 16000, step: 8, loopDepth: 1, cumulative-num-iterations: 100000, look-ahead-ns: 185185
Called SetLoopLookahead: init: 0, final: 50, step: 1, loopDepth: 1, cumulative-num-iterations: 100000, look-ahead-ns: 592592
Called SetLoopLookahead: init: 0, final: 2000, step: 1, loopDepth: 2, cumulative-num-iterations: 200000000, look-ahead-ns: 444444448
Sending offset = 1100 to master !
Sending rows = 50 to master !
Sending result vector partition to master!
Sent results to master 
MSG: 12 Done.
Avg-Compute-Communication-Ratio = 24.385803

******************************************************
Received vector X and V from master 
Called SetLoopLookahead: init: 0, final: 16000, step: 8, loopDepth: 1, cumulative-num-iterations: 100000, look-ahead-ns: 185185
Called SetLoopLookahead: init: 0, final: 50, step: 1, loopDepth: 1, cumulative-num-iterations: 100000, look-ahead-ns: 592592
Called SetLoopLookahead: init: 0, final: 2000, step: 1, loopDepth: 2, cumulative-num-iterations: 200000000, look-ahead-ns: 444444448
Sending offset = 1100 to master !
Sending rows = 50 to master !
Sending result vector partition to master!
Sent results to master 
MSG: 13 Done.
Avg-Compute-Communication-Ratio = 24.375038

******************************************************
Received vector X and V from master 
Called SetLoopLookahead: init: 0, final: 16000, step: 8, loopDepth: 1, cumulative-num-iterations: 100000, look-ahead-ns: 185185
Called SetLoopLookahead: init: 0, final: 50, step: 1, loopDepth: 1, cumulative-num-iterations: 100000, look-ahead-ns: 592592
Called SetLoopLookahead: init: 0, final: 2000, step: 1, loopDepth: 2, cumulative-num-iterations: 200000000, look-ahead-ns: 444444448
Sending offset = 1100 to master !
Sending rows = 50 to master !
Sending result vector partition to master!
Sent results to master 
MSG: 14 Done.
Avg-Compute-Communication-Ratio = 24.328800

******************************************************
Received vector X and V from master 
Called SetLoopLookahead: init: 0, final: 16000, step: 8, loopDepth: 1, cumulative-num-iterations: 100000, look-ahead-ns: 185185
Called SetLoopLookahead: init: 0, final: 50, step: 1, loopDepth: 1, cumulative-num-iterations: 100000, look-ahead-ns: 592592
Called SetLoopLookahead: init: 0, final: 2000, step: 1, loopDepth: 2, cumulative-num-iterations: 200000000, look-ahead-ns: 444444448
Sending offset = 1100 to master !
Sending rows = 50 to master !
Sending result vector partition to master!
Sent results to master 
MSG: 15 Done.
Avg-Compute-Communication-Ratio = 24.331288

******************************************************
Received vector X and V from master 
Called SetLoopLookahead: init: 0, final: 16000, step: 8, loopDepth: 1, cumulative-num-iterations: 100000, look-ahead-ns: 185185
Called SetLoopLookahead: init: 0, final: 50, step: 1, loopDepth: 1, cumulative-num-iterations: 100000, look-ahead-ns: 592592
Called SetLoopLookahead: init: 0, final: 2000, step: 1, loopDepth: 2, cumulative-num-iterations: 200000000, look-ahead-ns: 444444448
Sending offset = 1100 to master !
Sending rows = 50 to master !
Sending result vector partition to master!
Sent results to master 
MSG: 16 Done.
Avg-Compute-Communication-Ratio = 24.308341

******************************************************
Received vector X and V from master 
Called SetLoopLookahead: init: 0, final: 16000, step: 8, loopDepth: 1, cumulative-num-iterations: 100000, look-ahead-ns: 185185
Called SetLoopLookahead: init: 0, final: 50, step: 1, loopDepth: 1, cumulative-num-iterations: 100000, look-ahead-ns: 592592
Called SetLoopLookahead: init: 0, final: 2000, step: 1, loopDepth: 2, cumulative-num-iterations: 200000000, look-ahead-ns: 444444448
Sending offset = 1100 to master !
Sending rows = 50 to master !
Sending result vector partition to master!
Sent results to master 
MSG: 17 Done.
Avg-Compute-Communication-Ratio = 24.335147

******************************************************
Received vector X and V from master 
Called SetLoopLookahead: init: 0, final: 16000, step: 8, loopDepth: 1, cumulative-num-iterations: 100000, look-ahead-ns: 185185
Called SetLoopLookahead: init: 0, final: 50, step: 1, loopDepth: 1, cumulative-num-iterations: 100000, look-ahead-ns: 592592
Called SetLoopLookahead: init: 0, final: 2000, step: 1, loopDepth: 2, cumulative-num-iterations: 200000000, look-ahead-ns: 444444448
Sending offset = 1100 to master !
Sending rows = 50 to master !
Sending result vector partition to master!
Sent results to master 
MSG: 18 Done.
Avg-Compute-Communication-Ratio = 24.317558

******************************************************
Received vector X and V from master 
Called SetLoopLookahead: init: 0, final: 16000, step: 8, loopDepth: 1, cumulative-num-iterations: 100000, look-ahead-ns: 185185
Called SetLoopLookahead: init: 0, final: 50, step: 1, loopDepth: 1, cumulative-num-iterations: 100000, look-ahead-ns: 592592
Called SetLoopLookahead: init: 0, final: 2000, step: 1, loopDepth: 2, cumulative-num-iterations: 200000000, look-ahead-ns: 444444448
Sending offset = 1100 to master !
Sending rows = 50 to master !
Sending result vector partition to master!
Sent results to master 
MSG: 19 Done.
Avg-Compute-Communication-Ratio = 24.273547

******************************************************
Received vector X and V from master 
Called SetLoopLookahead: init: 0, final: 16000, step: 8, loopDepth: 1, cumulative-num-iterations: 100000, look-ahead-ns: 185185
Called SetLoopLookahead: init: 0, final: 50, step: 1, loopDepth: 1, cumulative-num-iterations: 100000, look-ahead-ns: 592592
Called SetLoopLookahead: init: 0, final: 2000, step: 1, loopDepth: 2, cumulative-num-iterations: 200000000, look-ahead-ns: 444444448
Sending offset = 1100 to master !
Sending rows = 50 to master !
Sending result vector partition to master!
Sent results to master 
MSG: 20 Done.
Avg-Compute-Communication-Ratio = 24.284369

******************************************************
Received vector X and V from master 
Called SetLoopLookahead: init: 0, final: 16000, step: 8, loopDepth: 1, cumulative-num-iterations: 100000, look-ahead-ns: 185185
Called SetLoopLookahead: init: 0, final: 50, step: 1, loopDepth: 1, cumulative-num-iterations: 100000, look-ahead-ns: 592592
Called SetLoopLookahead: init: 0, final: 2000, step: 1, loopDepth: 2, cumulative-num-iterations: 200000000, look-ahead-ns: 444444448
Sending offset = 1100 to master !
Sending rows = 50 to master !
Sending result vector partition to master!
Sent results to master 
MSG: 21 Done.
Avg-Compute-Communication-Ratio = 24.245963

******************************************************
Received vector X and V from master 
Called SetLoopLookahead: init: 0, final: 16000, step: 8, loopDepth: 1, cumulative-num-iterations: 100000, look-ahead-ns: 185185
Called SetLoopLookahead: init: 0, final: 50, step: 1, loopDepth: 1, cumulative-num-iterations: 100000, look-ahead-ns: 592592
Called SetLoopLookahead: init: 0, final: 2000, step: 1, loopDepth: 2, cumulative-num-iterations: 200000000, look-ahead-ns: 444444448
Sending offset = 1100 to master !
Sending rows = 50 to master !
Sending result vector partition to master!
Sent results to master 
MSG: 22 Done.
Avg-Compute-Communication-Ratio = 24.294334

******************************************************
Received vector X and V from master 
Called SetLoopLookahead: init: 0, final: 16000, step: 8, loopDepth: 1, cumulative-num-iterations: 100000, look-ahead-ns: 185185
Called SetLoopLookahead: init: 0, final: 50, step: 1, loopDepth: 1, cumulative-num-iterations: 100000, look-ahead-ns: 592592
Called SetLoopLookahead: init: 0, final: 2000, step: 1, loopDepth: 2, cumulative-num-iterations: 200000000, look-ahead-ns: 444444448
Sending offset = 1100 to master !
Sending rows = 50 to master !
Sending result vector partition to master!
Sent results to master 
MSG: 23 Done.
Avg-Compute-Communication-Ratio = 24.335962

******************************************************
Received vector X and V from master 
Called SetLoopLookahead: init: 0, final: 16000, step: 8, loopDepth: 1, cumulative-num-iterations: 100000, look-ahead-ns: 185185
Called SetLoopLookahead: init: 0, final: 50, step: 1, loopDepth: 1, cumulative-num-iterations: 100000, look-ahead-ns: 592592
Called SetLoopLookahead: init: 0, final: 2000, step: 1, loopDepth: 2, cumulative-num-iterations: 200000000, look-ahead-ns: 444444448
Sending offset = 1100 to master !
Sending rows = 50 to master !
Sending result vector partition to master!
Sent results to master 
MSG: 24 Done.
Avg-Compute-Communication-Ratio = 24.319535

******************************************************
Received vector X and V from master 
Called SetLoopLookahead: init: 0, final: 16000, step: 8, loopDepth: 1, cumulative-num-iterations: 100000, look-ahead-ns: 185185
Called SetLoopLookahead: init: 0, final: 50, step: 1, loopDepth: 1, cumulative-num-iterations: 100000, look-ahead-ns: 592592
Called SetLoopLookahead: init: 0, final: 2000, step: 1, loopDepth: 2, cumulative-num-iterations: 200000000, look-ahead-ns: 444444448
Sending offset = 1100 to master !
Sending rows = 50 to master !
Sending result vector partition to master!
Sent results to master 
MSG: 25 Done.
Avg-Compute-Communication-Ratio = 24.325935

******************************************************
Received vector X and V from master 
Called SetLoopLookahead: init: 0, final: 16000, step: 8, loopDepth: 1, cumulative-num-iterations: 100000, look-ahead-ns: 185185
Called SetLoopLookahead: init: 0, final: 50, step: 1, loopDepth: 1, cumulative-num-iterations: 100000, look-ahead-ns: 592592
Called SetLoopLookahead: init: 0, final: 2000, step: 1, loopDepth: 2, cumulative-num-iterations: 200000000, look-ahead-ns: 444444448
Sending offset = 1100 to master !
Sending rows = 50 to master !
Sending result vector partition to master!
Sent results to master 
MSG: 26 Done.
Avg-Compute-Communication-Ratio = 24.323846

******************************************************
Received vector X and V from master 
Called SetLoopLookahead: init: 0, final: 16000, step: 8, loopDepth: 1, cumulative-num-iterations: 100000, look-ahead-ns: 185185
Called SetLoopLookahead: init: 0, final: 50, step: 1, loopDepth: 1, cumulative-num-iterations: 100000, look-ahead-ns: 592592
Called SetLoopLookahead: init: 0, final: 2000, step: 1, loopDepth: 2, cumulative-num-iterations: 200000000, look-ahead-ns: 444444448
Sending offset = 1100 to master !
Sending rows = 50 to master !
Sending result vector partition to master!
Sent results to master 
MSG: 27 Done.
Avg-Compute-Communication-Ratio = 24.284912

******************************************************
Received vector X and V from master 
Called SetLoopLookahead: init: 0, final: 16000, step: 8, loopDepth: 1, cumulative-num-iterations: 100000, look-ahead-ns: 185185
Called SetLoopLookahead: init: 0, final: 50, step: 1, loopDepth: 1, cumulative-num-iterations: 100000, look-ahead-ns: 592592
Called SetLoopLookahead: init: 0, final: 2000, step: 1, loopDepth: 2, cumulative-num-iterations: 200000000, look-ahead-ns: 444444448
Sending offset = 1100 to master !
Sending rows = 50 to master !
Sending result vector partition to master!
Sent results to master 
MSG: 28 Done.
Avg-Compute-Communication-Ratio = 24.275159

******************************************************
Received vector X and V from master 
Called SetLoopLookahead: init: 0, final: 16000, step: 8, loopDepth: 1, cumulative-num-iterations: 100000, look-ahead-ns: 185185
Called SetLoopLookahead: init: 0, final: 50, step: 1, loopDepth: 1, cumulative-num-iterations: 100000, look-ahead-ns: 592592
Called SetLoopLookahead: init: 0, final: 2000, step: 1, loopDepth: 2, cumulative-num-iterations: 200000000, look-ahead-ns: 444444448
Sending offset = 1100 to master !
Sending rows = 50 to master !
Sending result vector partition to master!
Sent results to master 
MSG: 29 Done.
Avg-Compute-Communication-Ratio = 24.278784

******************************************************
Received vector X and V from master 
Called SetLoopLookahead: init: 0, final: 16000, step: 8, loopDepth: 1, cumulative-num-iterations: 100000, look-ahead-ns: 185185
Called SetLoopLookahead: init: 0, final: 50, step: 1, loopDepth: 1, cumulative-num-iterations: 100000, look-ahead-ns: 592592
Called SetLoopLookahead: init: 0, final: 2000, step: 1, loopDepth: 2, cumulative-num-iterations: 200000000, look-ahead-ns: 444444448
Sending offset = 1100 to master !
Sending rows = 50 to master !
Sending result vector partition to master!
Sent results to master 
MSG: 30 Done.
Avg-Compute-Communication-Ratio = 24.266933

******************************************************
Received vector X and V from master 
Called SetLoopLookahead: init: 0, final: 16000, step: 8, loopDepth: 1, cumulative-num-iterations: 100000, look-ahead-ns: 185185
Called SetLoopLookahead: init: 0, final: 50, step: 1, loopDepth: 1, cumulative-num-iterations: 100000, look-ahead-ns: 592592
Called SetLoopLookahead: init: 0, final: 2000, step: 1, loopDepth: 2, cumulative-num-iterations: 200000000, look-ahead-ns: 444444448
Sending offset = 1100 to master !
Sending rows = 50 to master !
Sending result vector partition to master!
Sent results to master 
MSG: 31 Done.
Avg-Compute-Communication-Ratio = 24.264099

******************************************************
Received vector X and V from master 
Called SetLoopLookahead: init: 0, final: 16000, step: 8, loopDepth: 1, cumulative-num-iterations: 100000, look-ahead-ns: 185185
Called SetLoopLookahead: init: 0, final: 50, step: 1, loopDepth: 1, cumulative-num-iterations: 100000, look-ahead-ns: 592592
Called SetLoopLookahead: init: 0, final: 2000, step: 1, loopDepth: 2, cumulative-num-iterations: 200000000, look-ahead-ns: 444444448
Sending offset = 1100 to master !
Sending rows = 50 to master !
Sending result vector partition to master!
Sent results to master 
MSG: 32 Done.
Avg-Compute-Communication-Ratio = 24.249968

******************************************************
Received vector X and V from master 
Called SetLoopLookahead: init: 0, final: 16000, step: 8, loopDepth: 1, cumulative-num-iterations: 100000, look-ahead-ns: 185185
Called SetLoopLookahead: init: 0, final: 50, step: 1, loopDepth: 1, cumulative-num-iterations: 100000, look-ahead-ns: 592592
Called SetLoopLookahead: init: 0, final: 2000, step: 1, loopDepth: 2, cumulative-num-iterations: 200000000, look-ahead-ns: 444444448
Sending offset = 1100 to master !
Sending rows = 50 to master !
Sending result vector partition to master!
Sent results to master 
MSG: 33 Done.
Avg-Compute-Communication-Ratio = 24.243765

******************************************************
Received vector X and V from master 
Called SetLoopLookahead: init: 0, final: 16000, step: 8, loopDepth: 1, cumulative-num-iterations: 100000, look-ahead-ns: 185185
Called SetLoopLookahead: init: 0, final: 50, step: 1, loopDepth: 1, cumulative-num-iterations: 100000, look-ahead-ns: 592592
Called SetLoopLookahead: init: 0, final: 2000, step: 1, loopDepth: 2, cumulative-num-iterations: 200000000, look-ahead-ns: 444444448
Sending offset = 1100 to master !
Sending rows = 50 to master !
Sending result vector partition to master!
Sent results to master 
MSG: 34 Done.
Avg-Compute-Communication-Ratio = 24.225722

******************************************************
Received vector X and V from master 
Called SetLoopLookahead: init: 0, final: 16000, step: 8, loopDepth: 1, cumulative-num-iterations: 100000, look-ahead-ns: 185185
Called SetLoopLookahead: init: 0, final: 50, step: 1, loopDepth: 1, cumulative-num-iterations: 100000, look-ahead-ns: 592592
Called SetLoopLookahead: init: 0, final: 2000, step: 1, loopDepth: 2, cumulative-num-iterations: 200000000, look-ahead-ns: 444444448
Sending offset = 1100 to master !
Sending rows = 50 to master !
Sending result vector partition to master!
Sent results to master 
MSG: 35 Done.
Avg-Compute-Communication-Ratio = 24.217605

******************************************************
Received vector X and V from master 
Called SetLoopLookahead: init: 0, final: 16000, step: 8, loopDepth: 1, cumulative-num-iterations: 100000, look-ahead-ns: 185185
Called SetLoopLookahead: init: 0, final: 50, step: 1, loopDepth: 1, cumulative-num-iterations: 100000, look-ahead-ns: 592592
Called SetLoopLookahead: init: 0, final: 2000, step: 1, loopDepth: 2, cumulative-num-iterations: 200000000, look-ahead-ns: 444444448
Sending offset = 1100 to master !
Sending rows = 50 to master !
Sending result vector partition to master!
Sent results to master 
MSG: 36 Done.
Avg-Compute-Communication-Ratio = 24.206651

******************************************************
Received vector X and V from master 
Called SetLoopLookahead: init: 0, final: 16000, step: 8, loopDepth: 1, cumulative-num-iterations: 100000, look-ahead-ns: 185185
Called SetLoopLookahead: init: 0, final: 50, step: 1, loopDepth: 1, cumulative-num-iterations: 100000, look-ahead-ns: 592592
Called SetLoopLookahead: init: 0, final: 2000, step: 1, loopDepth: 2, cumulative-num-iterations: 200000000, look-ahead-ns: 444444448
Sending offset = 1100 to master !
Sending rows = 50 to master !
Sending result vector partition to master!
Sent results to master 
MSG: 37 Done.
Avg-Compute-Communication-Ratio = 24.121835

******************************************************
Received vector X and V from master 
Called SetLoopLookahead: init: 0, final: 16000, step: 8, loopDepth: 1, cumulative-num-iterations: 100000, look-ahead-ns: 185185
Called SetLoopLookahead: init: 0, final: 50, step: 1, loopDepth: 1, cumulative-num-iterations: 100000, look-ahead-ns: 592592
Called SetLoopLookahead: init: 0, final: 2000, step: 1, loopDepth: 2, cumulative-num-iterations: 200000000, look-ahead-ns: 444444448
Sending offset = 1100 to master !
Sending rows = 50 to master !
Sending result vector partition to master!
Sent results to master 
MSG: 38 Done.
Avg-Compute-Communication-Ratio = 24.155891

******************************************************
Received vector X and V from master 
Called SetLoopLookahead: init: 0, final: 16000, step: 8, loopDepth: 1, cumulative-num-iterations: 100000, look-ahead-ns: 185185
Called SetLoopLookahead: init: 0, final: 50, step: 1, loopDepth: 1, cumulative-num-iterations: 100000, look-ahead-ns: 592592
Called SetLoopLookahead: init: 0, final: 2000, step: 1, loopDepth: 2, cumulative-num-iterations: 200000000, look-ahead-ns: 444444448
Sending offset = 1100 to master !
Sending rows = 50 to master !
Sending result vector partition to master!
Sent results to master 
MSG: 39 Done.
Avg-Compute-Communication-Ratio = 24.156793

******************************************************
Received vector X and V from master 
Called SetLoopLookahead: init: 0, final: 16000, step: 8, loopDepth: 1, cumulative-num-iterations: 100000, look-ahead-ns: 185185
Called SetLoopLookahead: init: 0, final: 50, step: 1, loopDepth: 1, cumulative-num-iterations: 100000, look-ahead-ns: 592592
Called SetLoopLookahead: init: 0, final: 2000, step: 1, loopDepth: 2, cumulative-num-iterations: 200000000, look-ahead-ns: 444444448
Sending offset = 1100 to master !
Sending rows = 50 to master !
Sending result vector partition to master!
Sent results to master 
MSG: 40 Done.
Avg-Compute-Communication-Ratio = 24.138913

******************************************************
Received vector X and V from master 
Called SetLoopLookahead: init: 0, final: 16000, step: 8, loopDepth: 1, cumulative-num-iterations: 100000, look-ahead-ns: 185185
Called SetLoopLookahead: init: 0, final: 50, step: 1, loopDepth: 1, cumulative-num-iterations: 100000, look-ahead-ns: 592592
Called SetLoopLookahead: init: 0, final: 2000, step: 1, loopDepth: 2, cumulative-num-iterations: 200000000, look-ahead-ns: 444444448
Sending offset = 1100 to master !
Sending rows = 50 to master !
Sending result vector partition to master!
Sent results to master 
MSG: 41 Done.
Avg-Compute-Communication-Ratio = 24.129328

******************************************************
Received vector X and V from master 
Called SetLoopLookahead: init: 0, final: 16000, step: 8, loopDepth: 1, cumulative-num-iterations: 100000, look-ahead-ns: 185185
Called SetLoopLookahead: init: 0, final: 50, step: 1, loopDepth: 1, cumulative-num-iterations: 100000, look-ahead-ns: 592592
Called SetLoopLookahead: init: 0, final: 2000, step: 1, loopDepth: 2, cumulative-num-iterations: 200000000, look-ahead-ns: 444444448
Exp finishing. Stopping stack thread with id: 6!

------------------------- ACTUAL STDOUT FROM EXECUTABLE ENDED -----------------------------

Process: 6 exiting VT experiment !
Main thread exiting. PID = 6
