Attempting to set static arp entries ...
Tracer: 8 >> Using SRC IP: 10.1.20.130 for any spawned virtual tcp-stacks
Tracer: 8 >> Updating firewall rules to drop outgoing TCP-RST packets
Attempting to set firewall rules ...
Tracer: 8 >> CMD TO RUN: /home/vignesh/VT-S3FNet/csudp/tcp_tgen/tgen client 28 10.1.21.138 7891 poisson 200000 2000 > /home/vignesh/VT-S3FNet/experiment-data/TCP_LA_Enabled_nemus_60_poisson_mu_200000_txsize_2000/client28.log
args[0] = /home/vignesh/VT-S3FNet/csudp/tcp_tgen/tgen
args[1] = client
args[2] = 28
args[3] = 10.1.21.138
args[4] = 7891
args[5] = poisson
args[6] = 200000
args[7] = 2000
Setting appropriate environment variables ...
HOME DIRECTORY : /home/vignesh
Parsing TTN config file: /home/vignesh/.ttn/projects.db
Setting VT_L1_INS_CACHE_MISS_CYCLES to: 100
Setting VT_L1_INS_CACHE_LINES to: 64
Setting VT_L1_INS_CACHE_SIZE_KB to: 32
Setting VT_L1_INS_CACHE_ASSOC to: 8
Setting VT_L1_INS_CACHE_REPLACEMENT_POLICY to: LRU
Setting VT_L1_DATA_CACHE_MISS_CYCLES to: 100
Setting VT_L1_DATA_CACHE_LINES to: 64
Setting VT_L1_DATA_CACHE_SIZE_KB to: 32
Setting VT_L1_DATA_CACHE_ASSOC to: 8
Setting VT_L1_DATA_CACHE_REPLACEMENT_POLICY to: LRU
Setting VT_CPU_CYLES_NS to: 2.700000
Setting VT_NIC_SPEED_MBPS to: 1000.000000
Setting VT_TIMING_MODEL to: EMPIRICAL
Setting VT_BBL_LOOKAHEAD_FILE to: /home/vignesh/VT-S3FNet/csudp/tcp_tgen/.ttn/lookahead/bbl_lookahead.info
Setting VT_LOOP_LOOKAHEAD_FILE to: /home/vignesh/VT-S3FNet/csudp/tcp_tgen/.ttn/lookahead/loop_lookahead.info
Starting command: /home/vignesh/VT-S3FNet/csudp/tcp_tgen/tgen
Loading orig functions !
Starting executable with Pid = 6
Loading pointers to VTL Logic functions
Loaded pointers to all VTL Logic functions
Now Initializing VT-Management 
Extracting env variables !
Extracted tracer-id: 8
Extracted exp-type: 2
Extracted cpu-cycles-ns: 2.700000
Extracted socket-layer-ip: -2112618230
Starting VT-initialization !
Tracer-ID: 8, Timeline-ID: 8
Tracer registration for EXP_CS complete. TimelineID = 8, Return = 8
Tracer Adding to SQ. Tracer ID = 8
Parsing any provided lookahead information ...
Opening file: /home/vignesh/VT-S3FNet/csudp/tcp_tgen/.ttn/lookahead/bbl_lookahead.info
File size: 592
mapped memblock size: 592
Finish offset: 70, Number of values: 70
Returning success !
Loaded BBL lookaheads for 70 basic blocks ...
Opening file: /home/vignesh/VT-S3FNet/csudp/tcp_tgen/.ttn/lookahead/loop_lookahead.info
Failed to parse Loop Lookaheads. Ignoring ...
VT initialization successfull !
Finished Initializing VT-Management 
Initializing TCP-stack ...
TCP stack unique-id: 86
Starting virtual socket layer stack-thread !
Pthread_create: vtStackThread special case
Successfully initialized VTL-Logic embedded into the executable

------------------------- ACTUAL STDOUT FROM EXECUTABLE STARTS -----------------------------

Client: MyPid: 6
Adding new vt-tcp-socket !
Creating vt-tcp socket !
Client socket fd = 4097
setsockopt through vt-tcp !
setsockopt through vt-tcp !
Connecting to server ...
Connecting .. Socket: 4097, src-port: 40001
Waking up connected socket !
Socket connect success. socket = 4097
Connecting through vt-tcp success !
Sending data ...
Sending msgs of size: 1460 to server ...
Sent: 2000 KB after: 0.320301 secs
Sent: 2000 KB after: 0.001000 secs
Sent: 2000 KB after: 0.139066 secs
Sent: 2000 KB after: 0.001000 secs
Sent: 2000 KB after: 0.070969 secs
Sent: 2000 KB after: 0.122951 secs
Sent: 2000 KB after: 0.145032 secs
Sent: 2000 KB after: 0.365385 secs
Sent: 2000 KB after: 0.053574 secs
Sent: 2000 KB after: 0.055822 secs
Sent: 2000 KB after: 0.064346 secs
Sent: 2000 KB after: 0.422934 secs
Sent: 2000 KB after: 0.125894 secs
Sent: 2000 KB after: 0.473815 secs
Sent: 2000 KB after: 0.051336 secs
Sent: 2000 KB after: 0.128735 secs
Sent: 2000 KB after: 0.166136 secs
Sent: 2000 KB after: 0.036318 secs
Sent: 2000 KB after: 0.011534 secs
Sent: 2000 KB after: 0.087816 secs
Sent: 2000 KB after: 0.032739 secs
Sent: 2000 KB after: 0.019710 secs
Sent: 2000 KB after: 0.091912 secs
Sent: 2000 KB after: 0.080372 secs
Sent: 2000 KB after: 0.217714 secs
Sent: 2000 KB after: 0.200814 secs
Sent: 2000 KB after: 0.557385 secs
Sent: 2000 KB after: 0.048545 secs
Sent: 2000 KB after: 0.087489 secs
Sent: 2000 KB after: 0.092214 secs
Sent: 2000 KB after: 0.394081 secs
Sent: 2000 KB after: 0.033146 secs
Sent: 2000 KB after: 0.092578 secs
Sent: 2000 KB after: 0.089786 secs
Sent: 2000 KB after: 0.033760 secs
Sent: 2000 KB after: 0.221282 secs
Sent: 2000 KB after: 0.343980 secs
Sent: 2000 KB after: 0.222386 secs
Sent: 2000 KB after: 0.141997 secs
Sent: 2000 KB after: 0.011506 secs
Sent: 2000 KB after: 0.492128 secs
Sent: 2000 KB after: 0.305992 secs
Sent: 2000 KB after: 0.547395 secs
Sent: 2000 KB after: 0.096171 secs
Sent: 2000 KB after: 0.234165 secs
Sent: 2000 KB after: 0.035256 secs
Sent: 2000 KB after: 0.388127 secs
Sent: 2000 KB after: 0.058642 secs
Sent: 2000 KB after: 0.079402 secs
Sent: 2000 KB after: 0.487053 secs
Sent: 2000 KB after: 0.188068 secs
Sent: 2000 KB after: 0.130275 secs
Sent: 2000 KB after: 0.001259 secs
Sent: 2000 KB after: 0.762828 secs
Exp finishing. Stopping stack thread with id: 6!
VT-sleep-for exiting !

------------------------- ACTUAL STDOUT FROM EXECUTABLE ENDED -----------------------------

Process: 6 exiting VT experiment !
Main thread exiting. PID = 6
