Attempting to set static arp entries ...
Tracer: 8 >> Using SRC IP: 10.1.20.202 for any spawned virtual tcp-stacks
Tracer: 8 >> Updating firewall rules to drop outgoing TCP-RST packets
Attempting to set firewall rules ...
Tracer: 8 >> CMD TO RUN: /home/titan/VT-S3FNet/csudp/tcp_tgen/tgen client 28 10.1.20.242 7891 periodic 200000 2000 > /home/titan/VT-S3FNet/experiment-data/TCP_LA_Enabled_nemus_20_periodic_period_200000_txsize_2000/client28.log
args[0] = /home/titan/VT-S3FNet/csudp/tcp_tgen/tgen
args[1] = client
args[2] = 28
args[3] = 10.1.20.242
args[4] = 7891
args[5] = periodic
args[6] = 200000
args[7] = 2000
Setting appropriate environment variables ...
HOME DIRECTORY : /home/titan
Parsing TTN config file: /home/titan/.ttn/projects.db
Setting VT_L1_INS_CACHE_MISS_CYCLES to: 100
Setting VT_L1_INS_CACHE_LINES to: 64
Setting VT_L1_INS_CACHE_SIZE_KB to: 32
Setting VT_L1_INS_CACHE_ASSOC to: 8
Setting VT_L1_INS_CACHE_REPLACEMENT_POLICY to: LRU
Setting VT_L1_DATA_CACHE_MISS_CYCLES to: 100
Setting VT_L1_DATA_CACHE_LINES to: 64
Setting VT_L1_DATA_CACHE_SIZE_KB to: 32
Setting VT_L1_DATA_CACHE_ASSOC to: 8
Setting VT_L1_DATA_CACHE_REPLACEMENT_POLICY to: LRU
Setting VT_CPU_CYLES_NS to: 2.700000
Setting VT_NIC_SPEED_MBPS to: 1000.000000
Setting VT_TIMING_MODEL to: EMPIRICAL
Setting VT_BBL_LOOKAHEAD_FILE to: /home/titan/VT-S3FNet/csudp/tcp_tgen/.ttn/lookahead/bbl_lookahead.info
Setting VT_LOOP_LOOKAHEAD_FILE to: /home/titan/VT-S3FNet/csudp/tcp_tgen/.ttn/lookahead/loop_lookahead.info
Starting command: /home/titan/VT-S3FNet/csudp/tcp_tgen/tgen
Loading orig functions !
Starting executable with Pid = 6
Loading pointers to VTL Logic functions
Loaded pointers to all VTL Logic functions
Now Initializing VT-Management 
Extracting env variables !
Extracted tracer-id: 8
Extracted exp-type: 2
Extracted cpu-cycles-ns: 2.700000
Starting VT-initialization !
Tracer-ID: 8, Timeline-ID: 8
Tracer registration for EXP_CS complete. TimelineID = 8, Return = 8
Tracer Adding to SQ. Tracer ID = 8
Parsing any provided lookahead information ...
Opening file: /home/titan/VT-S3FNet/csudp/tcp_tgen/.ttn/lookahead/bbl_lookahead.info
File size: 592
mapped memblock size: 592
Finish offset: 70, Number of values: 70
Returning success !
Loaded BBL lookaheads for 70 basic blocks ...
Opening file: /home/titan/VT-S3FNet/csudp/tcp_tgen/.ttn/lookahead/loop_lookahead.info
Failed to parse Loop Lookaheads. Ignoring ...
VT initialization successfull !
Finished Initializing VT-Management 
Successfully initialized VTL-Logic embedded into the executable

------------------------- ACTUAL STDOUT FROM EXECUTABLE STARTS -----------------------------

Client: MyPid: 6
Client socket fd = 3
Connecting to server ...
Sending data ...
Sending msgs of size: 1460 to server ...
Sent: 2000 KB after: 200000 usecs
Sent: 2000 KB after: 200000 usecs
Sent: 2000 KB after: 200000 usecs
Sent: 2000 KB after: 200000 usecs
Sent: 2000 KB after: 200000 usecs
Sent: 2000 KB after: 200000 usecs
Sent: 2000 KB after: 200000 usecs
Sent: 2000 KB after: 200000 usecs
Sent: 2000 KB after: 200000 usecs
Sent: 2000 KB after: 200000 usecs
Sent: 2000 KB after: 200000 usecs
Sent: 2000 KB after: 200000 usecs
Sent: 2000 KB after: 200000 usecs
Sent: 2000 KB after: 200000 usecs
Sent: 2000 KB after: 200000 usecs
Sent: 2000 KB after: 200000 usecs
Sent: 2000 KB after: 200000 usecs
Sent: 2000 KB after: 200000 usecs
Sent: 2000 KB after: 200000 usecs
Sent: 2000 KB after: 200000 usecs
Sent: 2000 KB after: 200000 usecs
Sent: 2000 KB after: 200000 usecs
Sent: 2000 KB after: 200000 usecs
Sent: 2000 KB after: 200000 usecs
Sent: 2000 KB after: 200000 usecs
VT-sleep-for exiting !

------------------------- ACTUAL STDOUT FROM EXECUTABLE ENDED -----------------------------

Process: 6 exiting VT experiment !
Main thread exiting. PID = 6
