Attempting to set static arp entries ...
Tracer: 13 >> Using SRC IP: 10.1.37.158 for any spawned virtual tcp-stacks
Tracer: 13 >> Updating firewall rules to drop outgoing TCP-RST packets
Attempting to set firewall rules ...
Tracer: 13 >> CMD TO RUN: /home/vignesh/VT-S3FNet/csudp/mpi_integral/mpi_int 12 41 10.1.37.158 > /home/vignesh/VT-S3FNet/experiment-data/MPI_LA_Enabled_nemus_41_mpi_int/worker12.log
args[0] = /home/vignesh/VT-S3FNet/csudp/mpi_integral/mpi_int
args[1] = 12
args[2] = 41
args[3] = 10.1.37.158
Setting appropriate environment variables ...
HOME DIRECTORY : /home/vignesh
Parsing TTN config file: /home/vignesh/.ttn/projects.db
Setting VT_L1_INS_CACHE_MISS_CYCLES to: 100
Setting VT_L1_INS_CACHE_LINES to: 64
Setting VT_L1_INS_CACHE_SIZE_KB to: 32
Setting VT_L1_INS_CACHE_ASSOC to: 8
Setting VT_L1_INS_CACHE_REPLACEMENT_POLICY to: LRU
Setting VT_L1_DATA_CACHE_MISS_CYCLES to: 100
Setting VT_L1_DATA_CACHE_LINES to: 64
Setting VT_L1_DATA_CACHE_SIZE_KB to: 32
Setting VT_L1_DATA_CACHE_ASSOC to: 8
Setting VT_L1_DATA_CACHE_REPLACEMENT_POLICY to: LRU
Setting VT_CPU_CYLES_NS to: 2.700000
Setting VT_NIC_SPEED_MBPS to: 1000.000000
Setting VT_TIMING_MODEL to: EMPIRICAL
Setting VT_BBL_LOOKAHEAD_FILE to: /home/vignesh/VT-S3FNet/csudp/mpi_integral/.ttn/lookahead/bbl_lookahead.info
Setting VT_LOOP_LOOKAHEAD_FILE to: /home/vignesh/VT-S3FNet/csudp/mpi_integral/.ttn/lookahead/loop_lookahead.info
Starting command: /home/vignesh/VT-S3FNet/csudp/mpi_integral/mpi_int
Loading orig functions !
Starting executable with Pid = 6
Loading pointers to VTL Logic functions
Loaded pointers to all VTL Logic functions
Now Initializing VT-Management 
Extracting env variables !
Extracted tracer-id: 13
Extracted exp-type: 2
Extracted cpu-cycles-ns: 2.700000
Extracted socket-layer-ip: -1641742070
Starting VT-initialization !
Tracer-ID: 13, Timeline-ID: 13
Tracer registration for EXP_CS complete. TimelineID = 13, Return = 13
Tracer Adding to SQ. Tracer ID = 13
Parsing any provided lookahead information ...
Opening file: /home/vignesh/VT-S3FNet/csudp/mpi_integral/.ttn/lookahead/bbl_lookahead.info
File size: 176
mapped memblock size: 176
Finish offset: 18, Number of values: 18
Returning success !
Loaded BBL lookaheads for 18 basic blocks ...
Opening file: /home/vignesh/VT-S3FNet/csudp/mpi_integral/.ttn/lookahead/loop_lookahead.info
File size: 40
mapped memblock size: 40
Finish offset: 1, Number of values: 1
Returning success !
Loaded Loop lookaheads for 1 loops ...
VT initialization successfull !
Finished Initializing VT-Management 
Initializing TCP-stack ...
TCP stack unique-id: 136
Starting virtual socket layer stack-thread !
Pthread_create: vtStackThread special case
Successfully initialized VTL-Logic embedded into the executable

------------------------- ACTUAL STDOUT FROM EXECUTABLE STARTS -----------------------------

Rank = 12, Total = 41, IP = 10.1.37.158
Adding new vt-tcp-socket !
Creating vt-tcp socket !
bind through vt-tcp !
Server socket bound to ip:port: 10.1.37.158:10000
Waiting for OK message from other nodes !
Waiting for OK message !
listen through vt-tcp !
Accept through vt-tcp !
Successfully received OK message !

---------------- Waiting for higher ranked nodes to connect --------------
listen through vt-tcp !
Accepting connection from higher ranked node: 40
Accept through vt-tcp !
Entering time-wait from FIN_WAIT_2
Clearing all tcp timers !
Adding TcpLinger !
Accepted connection from higher ranked node: 40
Successfully connected with higher ranked node: 40
Accepting connection from higher ranked node: 39
Accept through vt-tcp !
Accepted connection from higher ranked node: 39
Successfully connected with higher ranked node: 39
Accepting connection from higher ranked node: 38
Accept through vt-tcp !
Accepted connection from higher ranked node: 38
Successfully connected with higher ranked node: 38
Accepting connection from higher ranked node: 37
Accept through vt-tcp !
Accepted connection from higher ranked node: 37
Successfully connected with higher ranked node: 37
Accepting connection from higher ranked node: 36
Accept through vt-tcp !
Accepted connection from higher ranked node: 36
Successfully connected with higher ranked node: 36
Accepting connection from higher ranked node: 35
Accept through vt-tcp !
Accepted connection from higher ranked node: 35
Successfully connected with higher ranked node: 35
Accepting connection from higher ranked node: 34
Accept through vt-tcp !
Accepted connection from higher ranked node: 34
Successfully connected with higher ranked node: 34
Accepting connection from higher ranked node: 33
Accept through vt-tcp !
Accepted connection from higher ranked node: 33
Successfully connected with higher ranked node: 33
Accepting connection from higher ranked node: 32
Accept through vt-tcp !
Accepted connection from higher ranked node: 32
Successfully connected with higher ranked node: 32
Accepting connection from higher ranked node: 31
Accept through vt-tcp !
Accepted connection from higher ranked node: 31
Successfully connected with higher ranked node: 31
Accepting connection from higher ranked node: 30
Accept through vt-tcp !
Accepted connection from higher ranked node: 30
Successfully connected with higher ranked node: 30
Accepting connection from higher ranked node: 29
Accept through vt-tcp !
Accepted connection from higher ranked node: 29
Successfully connected with higher ranked node: 29
Accepting connection from higher ranked node: 28
Accept through vt-tcp !
Accepted connection from higher ranked node: 28
Successfully connected with higher ranked node: 28
Accepting connection from higher ranked node: 27
Accept through vt-tcp !
Accepted connection from higher ranked node: 27
Successfully connected with higher ranked node: 27
Accepting connection from higher ranked node: 26
Accept through vt-tcp !
Accepted connection from higher ranked node: 26
Successfully connected with higher ranked node: 26
Accepting connection from higher ranked node: 25
Accept through vt-tcp !
Accepted connection from higher ranked node: 25
Successfully connected with higher ranked node: 25
Accepting connection from higher ranked node: 24
Accept through vt-tcp !
Accepted connection from higher ranked node: 24
Successfully connected with higher ranked node: 24
Accepting connection from higher ranked node: 23
Accept through vt-tcp !
Accepted connection from higher ranked node: 23
Successfully connected with higher ranked node: 23
Accepting connection from higher ranked node: 22
Accept through vt-tcp !
Accepted connection from higher ranked node: 22
Successfully connected with higher ranked node: 22
Accepting connection from higher ranked node: 21
Accept through vt-tcp !
Accepted connection from higher ranked node: 21
Successfully connected with higher ranked node: 21
Accepting connection from higher ranked node: 20
Accept through vt-tcp !
Accepted connection from higher ranked node: 20
Successfully connected with higher ranked node: 20
Accepting connection from higher ranked node: 19
Accept through vt-tcp !
Accepted connection from higher ranked node: 19
Successfully connected with higher ranked node: 19
Accepting connection from higher ranked node: 18
Accept through vt-tcp !
Accepted connection from higher ranked node: 18
Successfully connected with higher ranked node: 18
Accepting connection from higher ranked node: 17
Accept through vt-tcp !
Accepted connection from higher ranked node: 17
Successfully connected with higher ranked node: 17
Accepting connection from higher ranked node: 16
Accept through vt-tcp !
Accepted connection from higher ranked node: 16
Successfully connected with higher ranked node: 16
Accepting connection from higher ranked node: 15
Accept through vt-tcp !
Accepted connection from higher ranked node: 15
Successfully connected with higher ranked node: 15
Accepting connection from higher ranked node: 14
Accept through vt-tcp !
Accepted connection from higher ranked node: 14
Successfully connected with higher ranked node: 14
Accepting connection from higher ranked node: 13
Accept through vt-tcp !
Accepted connection from higher ranked node: 13
Successfully connected with higher ranked node: 13
Closing server socket: 4097
Clearing all tcp timers !
TCP-done for socket: 4097, err: -103

---------------- Connecting to lowed ranked nodes ! --------------
Adding new vt-tcp-socket !
Creating vt-tcp socket !
Connecting to lower ranked node: 11 at 10.1.37.162:10000
Connecting .. Socket: 4127, src-port: 40001
Socket: 4097 garbage collection
Freeing socket: 4097
Waking up connected socket !
Socket connect success. socket = 4127
Connecting through vt-tcp success !
Successfully connected to lower ranked node: 11 at 10.1.37.162:10000
Adding new vt-tcp-socket !
Creating vt-tcp socket !
Connecting to lower ranked node: 10 at 10.1.37.166:10000
Connecting .. Socket: 4128, src-port: 40002
Waking up connected socket !
Socket connect success. socket = 4128
Connecting through vt-tcp success !
Successfully connected to lower ranked node: 10 at 10.1.37.166:10000
Adding new vt-tcp-socket !
Creating vt-tcp socket !
Connecting to lower ranked node: 9 at 10.1.37.170:10000
Connecting .. Socket: 4129, src-port: 40003
Waking up connected socket !
Socket connect success. socket = 4129
Connecting through vt-tcp success !
Successfully connected to lower ranked node: 9 at 10.1.37.170:10000
Adding new vt-tcp-socket !
Creating vt-tcp socket !
Connecting to lower ranked node: 8 at 10.1.37.174:10000
Connecting .. Socket: 4130, src-port: 40004
Waking up connected socket !
Socket connect success. socket = 4130
Connecting through vt-tcp success !
Successfully connected to lower ranked node: 8 at 10.1.37.174:10000
Adding new vt-tcp-socket !
Creating vt-tcp socket !
Connecting to lower ranked node: 7 at 10.1.37.178:10000
Connecting .. Socket: 4131, src-port: 40005
Waking up connected socket !
Socket connect success. socket = 4131
Connecting through vt-tcp success !
Successfully connected to lower ranked node: 7 at 10.1.37.178:10000
Adding new vt-tcp-socket !
Creating vt-tcp socket !
Connecting to lower ranked node: 6 at 10.1.37.218:10000
Connecting .. Socket: 4132, src-port: 40006
Waking up connected socket !
Socket connect success. socket = 4132
Connecting through vt-tcp success !
Successfully connected to lower ranked node: 6 at 10.1.37.218:10000
Adding new vt-tcp-socket !
Creating vt-tcp socket !
Connecting to lower ranked node: 5 at 10.1.38.66:10000
Connecting .. Socket: 4133, src-port: 40007
Waking up connected socket !
Socket connect success. socket = 4133
Connecting through vt-tcp success !
Successfully connected to lower ranked node: 5 at 10.1.38.66:10000
Adding new vt-tcp-socket !
Creating vt-tcp socket !
Connecting to lower ranked node: 4 at 10.1.38.70:10000
Connecting .. Socket: 4134, src-port: 40008
Waking up connected socket !
Socket connect success. socket = 4134
Connecting through vt-tcp success !
Successfully connected to lower ranked node: 4 at 10.1.38.70:10000
Adding new vt-tcp-socket !
Creating vt-tcp socket !
Connecting to lower ranked node: 3 at 10.1.38.74:10000
Connecting .. Socket: 4135, src-port: 40009
Waking up connected socket !
Socket connect success. socket = 4135
Connecting through vt-tcp success !
Successfully connected to lower ranked node: 3 at 10.1.38.74:10000
Adding new vt-tcp-socket !
Creating vt-tcp socket !
Connecting to lower ranked node: 2 at 10.1.38.78:10000
Connecting .. Socket: 4136, src-port: 40010
Waking up connected socket !
Socket connect success. socket = 4136
Connecting through vt-tcp success !
Successfully connected to lower ranked node: 2 at 10.1.38.78:10000
Adding new vt-tcp-socket !
Creating vt-tcp socket !
Connecting to lower ranked node: 1 at 10.1.38.82:10000
Connecting .. Socket: 4137, src-port: 40011
Waking up connected socket !
Socket connect success. socket = 4137
Connecting through vt-tcp success !
Successfully connected to lower ranked node: 1 at 10.1.38.82:10000
Adding new vt-tcp-socket !
Creating vt-tcp socket !
Connecting to lower ranked node: 0 at 10.1.38.86:10000
Connecting .. Socket: 4138, src-port: 40012
Waking up connected socket !
Socket connect success. socket = 4138
Connecting through vt-tcp success !
Successfully connected to lower ranked node: 0 at 10.1.38.86:10000

---------------- Creating listen Thread ! --------------

---------------- MPI-Init success ! --------------
Waiting to receive partition information from master !
Adding new Thread: 8
Resuming new Thread with Burst of length: 5400
Process 12 computing itegral over my_a = 12.750000, my_b= 13.000000
Called SetLoopLookahead: init: 0, final: 100000000, step: 1, loopDepth: 0, cumulative-num-iterations: 100000000, look-ahead-ns: 518518496
tcp-linger 
Clearing all tcp timers !
TCP-done for socket: 4098, err: -110
Socket: 4098 garbage collection
Freeing socket: 4098
Avg-Compute-Communication-Ratio = 1401.391892
Process 12 contributed MY_TOTAL = -nan, my_a = 12.750000, my_b= 13.000000
Integral: 0 computed

------------------------------------------------------------------------------
Waiting to receive partition information from master !
Process 12 computing itegral over my_a = 22.750000, my_b= 23.000000
Called SetLoopLookahead: init: 0, final: 100000000, step: 1, loopDepth: 0, cumulative-num-iterations: 100000000, look-ahead-ns: 518518496
Avg-Compute-Communication-Ratio = 1697.260229
Process 12 contributed MY_TOTAL = -nan, my_a = 22.750000, my_b= 23.000000
Integral: 1 computed

------------------------------------------------------------------------------
Waiting to receive partition information from master !
Process 12 computing itegral over my_a = 32.750000, my_b= 33.000000
Called SetLoopLookahead: init: 0, final: 100000000, step: 1, loopDepth: 0, cumulative-num-iterations: 100000000, look-ahead-ns: 518518496
Avg-Compute-Communication-Ratio = 1834.364387
Process 12 contributed MY_TOTAL = -nan, my_a = 32.750000, my_b= 33.000000
Integral: 2 computed

------------------------------------------------------------------------------
Waiting to receive partition information from master !
Process 12 computing itegral over my_a = 42.750000, my_b= 43.000000
Called SetLoopLookahead: init: 0, final: 100000000, step: 1, loopDepth: 0, cumulative-num-iterations: 100000000, look-ahead-ns: 518518496
Avg-Compute-Communication-Ratio = 1894.115982
Process 12 contributed MY_TOTAL = -nan, my_a = 42.750000, my_b= 43.000000
Integral: 3 computed

------------------------------------------------------------------------------
Waiting to receive partition information from master !
Process 12 computing itegral over my_a = 52.750000, my_b= 53.000000
Called SetLoopLookahead: init: 0, final: 100000000, step: 1, loopDepth: 0, cumulative-num-iterations: 100000000, look-ahead-ns: 518518496
Avg-Compute-Communication-Ratio = 1939.096485
Process 12 contributed MY_TOTAL = -nan, my_a = 52.750000, my_b= 53.000000
Integral: 4 computed

------------------------------------------------------------------------------
Waiting to receive partition information from master !
Process 12 computing itegral over my_a = 62.750000, my_b= 63.000000
Called SetLoopLookahead: init: 0, final: 100000000, step: 1, loopDepth: 0, cumulative-num-iterations: 100000000, look-ahead-ns: 518518496
Avg-Compute-Communication-Ratio = 1969.042405
Process 12 contributed MY_TOTAL = -nan, my_a = 62.750000, my_b= 63.000000
Integral: 5 computed

------------------------------------------------------------------------------
Waiting to receive partition information from master !
Process 12 computing itegral over my_a = 72.750000, my_b= 73.000000
Called SetLoopLookahead: init: 0, final: 100000000, step: 1, loopDepth: 0, cumulative-num-iterations: 100000000, look-ahead-ns: 518518496
Avg-Compute-Communication-Ratio = 1995.383178
Process 12 contributed MY_TOTAL = -nan, my_a = 72.750000, my_b= 73.000000
Integral: 6 computed

------------------------------------------------------------------------------
Waiting to receive partition information from master !
Process 12 computing itegral over my_a = 82.750000, my_b= 83.000000
Called SetLoopLookahead: init: 0, final: 100000000, step: 1, loopDepth: 0, cumulative-num-iterations: 100000000, look-ahead-ns: 518518496
Avg-Compute-Communication-Ratio = 2008.773850
Process 12 contributed MY_TOTAL = -nan, my_a = 82.750000, my_b= 83.000000
Integral: 7 computed

------------------------------------------------------------------------------
Waiting to receive partition information from master !
Process 12 computing itegral over my_a = 92.750000, my_b= 93.000000
Called SetLoopLookahead: init: 0, final: 100000000, step: 1, loopDepth: 0, cumulative-num-iterations: 100000000, look-ahead-ns: 518518496
Avg-Compute-Communication-Ratio = 2019.313284
Process 12 contributed MY_TOTAL = -nan, my_a = 92.750000, my_b= 93.000000
Integral: 8 computed

------------------------------------------------------------------------------
Waiting to receive partition information from master !
Process 12 computing itegral over my_a = 102.750000, my_b= 103.000000
Called SetLoopLookahead: init: 0, final: 100000000, step: 1, loopDepth: 0, cumulative-num-iterations: 100000000, look-ahead-ns: 518518496
Avg-Compute-Communication-Ratio = 2031.797806
Process 12 contributed MY_TOTAL = -nan, my_a = 102.750000, my_b= 103.000000
Integral: 9 computed

------------------------------------------------------------------------------
Waiting to receive partition information from master !
Process 12 computing itegral over my_a = 112.750000, my_b= 113.000000
Called SetLoopLookahead: init: 0, final: 100000000, step: 1, loopDepth: 0, cumulative-num-iterations: 100000000, look-ahead-ns: 518518496
Avg-Compute-Communication-Ratio = 2043.591186
Process 12 contributed MY_TOTAL = -nan, my_a = 112.750000, my_b= 113.000000
Integral: 10 computed

------------------------------------------------------------------------------
Waiting to receive partition information from master !
Process 12 computing itegral over my_a = 122.750000, my_b= 123.000000
Called SetLoopLookahead: init: 0, final: 100000000, step: 1, loopDepth: 0, cumulative-num-iterations: 100000000, look-ahead-ns: 518518496
Avg-Compute-Communication-Ratio = 2049.466074
Process 12 contributed MY_TOTAL = -nan, my_a = 122.750000, my_b= 123.000000
Integral: 11 computed

------------------------------------------------------------------------------
Waiting to receive partition information from master !
Process 12 computing itegral over my_a = 132.750000, my_b= 133.000000
Called SetLoopLookahead: init: 0, final: 100000000, step: 1, loopDepth: 0, cumulative-num-iterations: 100000000, look-ahead-ns: 518518496
Avg-Compute-Communication-Ratio = 2056.343502
Process 12 contributed MY_TOTAL = -nan, my_a = 132.750000, my_b= 133.000000
Integral: 12 computed

------------------------------------------------------------------------------
Waiting to receive partition information from master !
Process 12 computing itegral over my_a = 142.750000, my_b= 143.000000
Called SetLoopLookahead: init: 0, final: 100000000, step: 1, loopDepth: 0, cumulative-num-iterations: 100000000, look-ahead-ns: 518518496
Avg-Compute-Communication-Ratio = 2065.208819
Process 12 contributed MY_TOTAL = -nan, my_a = 142.750000, my_b= 143.000000
Integral: 13 computed

------------------------------------------------------------------------------
Waiting to receive partition information from master !
Process 12 computing itegral over my_a = 152.750000, my_b= 153.000000
Called SetLoopLookahead: init: 0, final: 100000000, step: 1, loopDepth: 0, cumulative-num-iterations: 100000000, look-ahead-ns: 518518496
Avg-Compute-Communication-Ratio = 2069.093908
Process 12 contributed MY_TOTAL = -nan, my_a = 152.750000, my_b= 153.000000
Integral: 14 computed

------------------------------------------------------------------------------
Waiting to receive partition information from master !
Process 12 computing itegral over my_a = 162.750000, my_b= 163.000000
Called SetLoopLookahead: init: 0, final: 100000000, step: 1, loopDepth: 0, cumulative-num-iterations: 100000000, look-ahead-ns: 518518496
Avg-Compute-Communication-Ratio = 2075.097549
Process 12 contributed MY_TOTAL = -nan, my_a = 162.750000, my_b= 163.000000
Integral: 15 computed

------------------------------------------------------------------------------
Waiting to receive partition information from master !
Process 12 computing itegral over my_a = 172.750000, my_b= 173.000000
Called SetLoopLookahead: init: 0, final: 100000000, step: 1, loopDepth: 0, cumulative-num-iterations: 100000000, look-ahead-ns: 518518496
Avg-Compute-Communication-Ratio = 2078.951651
Process 12 contributed MY_TOTAL = -nan, my_a = 172.750000, my_b= 173.000000
Integral: 16 computed

------------------------------------------------------------------------------
Waiting to receive partition information from master !
Process 12 computing itegral over my_a = 182.750000, my_b= 183.000000
Called SetLoopLookahead: init: 0, final: 100000000, step: 1, loopDepth: 0, cumulative-num-iterations: 100000000, look-ahead-ns: 518518496
Avg-Compute-Communication-Ratio = 2082.854274
Process 12 contributed MY_TOTAL = -nan, my_a = 182.750000, my_b= 183.000000
Integral: 17 computed

------------------------------------------------------------------------------
Waiting to receive partition information from master !
Process 12 computing itegral over my_a = 192.750000, my_b= 193.000000
Called SetLoopLookahead: init: 0, final: 100000000, step: 1, loopDepth: 0, cumulative-num-iterations: 100000000, look-ahead-ns: 518518496
Avg-Compute-Communication-Ratio = 2088.570066
Process 12 contributed MY_TOTAL = -nan, my_a = 192.750000, my_b= 193.000000
Integral: 18 computed

------------------------------------------------------------------------------
Waiting to receive partition information from master !
Process 12 computing itegral over my_a = 202.750000, my_b= 203.000000
Called SetLoopLookahead: init: 0, final: 100000000, step: 1, loopDepth: 0, cumulative-num-iterations: 100000000, look-ahead-ns: 518518496
Avg-Compute-Communication-Ratio = 2090.786290
Process 12 contributed MY_TOTAL = -nan, my_a = 202.750000, my_b= 203.000000
Integral: 19 computed

------------------------------------------------------------------------------
Waiting to receive partition information from master !
Process 12 computing itegral over my_a = 212.750000, my_b= 213.000000
Called SetLoopLookahead: init: 0, final: 100000000, step: 1, loopDepth: 0, cumulative-num-iterations: 100000000, look-ahead-ns: 518518496
Avg-Compute-Communication-Ratio = 2093.600269
Process 12 contributed MY_TOTAL = -nan, my_a = 212.750000, my_b= 213.000000
Integral: 20 computed

------------------------------------------------------------------------------
Waiting to receive partition information from master !
Process 12 computing itegral over my_a = 222.750000, my_b= 223.000000
Called SetLoopLookahead: init: 0, final: 100000000, step: 1, loopDepth: 0, cumulative-num-iterations: 100000000, look-ahead-ns: 518518496
Avg-Compute-Communication-Ratio = 2096.165013
Process 12 contributed MY_TOTAL = -nan, my_a = 222.750000, my_b= 223.000000
Integral: 21 computed

------------------------------------------------------------------------------
Waiting to receive partition information from master !
Process 12 computing itegral over my_a = 232.750000, my_b= 233.000000
Called SetLoopLookahead: init: 0, final: 100000000, step: 1, loopDepth: 0, cumulative-num-iterations: 100000000, look-ahead-ns: 518518496
Avg-Compute-Communication-Ratio = 2099.251012
Process 12 contributed MY_TOTAL = -nan, my_a = 232.750000, my_b= 233.000000
Integral: 22 computed

------------------------------------------------------------------------------
Waiting to receive partition information from master !
Process 12 computing itegral over my_a = 242.750000, my_b= 243.000000
Called SetLoopLookahead: init: 0, final: 100000000, step: 1, loopDepth: 0, cumulative-num-iterations: 100000000, look-ahead-ns: 518518496
Avg-Compute-Communication-Ratio = 2100.668467
Process 12 contributed MY_TOTAL = -nan, my_a = 242.750000, my_b= 243.000000
Integral: 23 computed

------------------------------------------------------------------------------
Waiting to receive partition information from master !
Process 12 computing itegral over my_a = 252.750000, my_b= 253.000000
Called SetLoopLookahead: init: 0, final: 100000000, step: 1, loopDepth: 0, cumulative-num-iterations: 100000000, look-ahead-ns: 518518496
Avg-Compute-Communication-Ratio = 2102.656123
Process 12 contributed MY_TOTAL = -nan, my_a = 252.750000, my_b= 253.000000
Integral: 24 computed

------------------------------------------------------------------------------
Waiting to receive partition information from master !
Process 12 computing itegral over my_a = 262.750000, my_b= 263.000000
Called SetLoopLookahead: init: 0, final: 100000000, step: 1, loopDepth: 0, cumulative-num-iterations: 100000000, look-ahead-ns: 518518496
Avg-Compute-Communication-Ratio = 2105.151468
Process 12 contributed MY_TOTAL = -nan, my_a = 262.750000, my_b= 263.000000
Integral: 25 computed

------------------------------------------------------------------------------
Waiting to receive partition information from master !
Process 12 computing itegral over my_a = 272.750000, my_b= 273.000000
Called SetLoopLookahead: init: 0, final: 100000000, step: 1, loopDepth: 0, cumulative-num-iterations: 100000000, look-ahead-ns: 518518496
Avg-Compute-Communication-Ratio = 2110.008289
Process 12 contributed MY_TOTAL = -nan, my_a = 272.750000, my_b= 273.000000
Integral: 26 computed

------------------------------------------------------------------------------
Waiting to receive partition information from master !
Process 12 computing itegral over my_a = 282.750000, my_b= 283.000000
Called SetLoopLookahead: init: 0, final: 100000000, step: 1, loopDepth: 0, cumulative-num-iterations: 100000000, look-ahead-ns: 518518496
Avg-Compute-Communication-Ratio = 2109.315705
Process 12 contributed MY_TOTAL = -nan, my_a = 282.750000, my_b= 283.000000
Integral: 27 computed

------------------------------------------------------------------------------
Waiting to receive partition information from master !
Process 12 computing itegral over my_a = 292.750000, my_b= 293.000000
Called SetLoopLookahead: init: 0, final: 100000000, step: 1, loopDepth: 0, cumulative-num-iterations: 100000000, look-ahead-ns: 518518496
Avg-Compute-Communication-Ratio = 2108.967041
Process 12 contributed MY_TOTAL = -nan, my_a = 292.750000, my_b= 293.000000
Integral: 28 computed

------------------------------------------------------------------------------
Waiting to receive partition information from master !
Process 12 computing itegral over my_a = 302.750000, my_b= 303.000000
Called SetLoopLookahead: init: 0, final: 100000000, step: 1, loopDepth: 0, cumulative-num-iterations: 100000000, look-ahead-ns: 518518496
Avg-Compute-Communication-Ratio = 2110.358160
Process 12 contributed MY_TOTAL = -nan, my_a = 302.750000, my_b= 303.000000
Integral: 29 computed

------------------------------------------------------------------------------
Waiting to receive partition information from master !
Process 12 computing itegral over my_a = 312.750000, my_b= 313.000000
Called SetLoopLookahead: init: 0, final: 100000000, step: 1, loopDepth: 0, cumulative-num-iterations: 100000000, look-ahead-ns: 518518496
Avg-Compute-Communication-Ratio = 2112.216163
Process 12 contributed MY_TOTAL = -nan, my_a = 312.750000, my_b= 313.000000
Integral: 30 computed

------------------------------------------------------------------------------
Waiting to receive partition information from master !
Process 12 computing itegral over my_a = 322.750000, my_b= 323.000000
Called SetLoopLookahead: init: 0, final: 100000000, step: 1, loopDepth: 0, cumulative-num-iterations: 100000000, look-ahead-ns: 518518496
Avg-Compute-Communication-Ratio = 2113.961014
Process 12 contributed MY_TOTAL = -nan, my_a = 322.750000, my_b= 323.000000
Integral: 31 computed

------------------------------------------------------------------------------
Waiting to receive partition information from master !
Process 12 computing itegral over my_a = 332.750000, my_b= 333.000000
Called SetLoopLookahead: init: 0, final: 100000000, step: 1, loopDepth: 0, cumulative-num-iterations: 100000000, look-ahead-ns: 518518496
Avg-Compute-Communication-Ratio = 2115.079728
Process 12 contributed MY_TOTAL = -nan, my_a = 332.750000, my_b= 333.000000
Integral: 32 computed

------------------------------------------------------------------------------
Waiting to receive partition information from master !
Process 12 computing itegral over my_a = 342.750000, my_b= 343.000000
Called SetLoopLookahead: init: 0, final: 100000000, step: 1, loopDepth: 0, cumulative-num-iterations: 100000000, look-ahead-ns: 518518496
Avg-Compute-Communication-Ratio = 2116.133717
Process 12 contributed MY_TOTAL = -nan, my_a = 342.750000, my_b= 343.000000
Integral: 33 computed

------------------------------------------------------------------------------
Waiting to receive partition information from master !
Process 12 computing itegral over my_a = 352.750000, my_b= 353.000000
Called SetLoopLookahead: init: 0, final: 100000000, step: 1, loopDepth: 0, cumulative-num-iterations: 100000000, look-ahead-ns: 518518496
Avg-Compute-Communication-Ratio = 2118.116830
Process 12 contributed MY_TOTAL = -nan, my_a = 352.750000, my_b= 353.000000
Integral: 34 computed

------------------------------------------------------------------------------
Waiting to receive partition information from master !
Process 12 computing itegral over my_a = 362.750000, my_b= 363.000000
Called SetLoopLookahead: init: 0, final: 100000000, step: 1, loopDepth: 0, cumulative-num-iterations: 100000000, look-ahead-ns: 518518496
Avg-Compute-Communication-Ratio = 2118.549540
Process 12 contributed MY_TOTAL = -nan, my_a = 362.750000, my_b= 363.000000
Integral: 35 computed

------------------------------------------------------------------------------
Waiting to receive partition information from master !
Process 12 computing itegral over my_a = 372.750000, my_b= 373.000000
Called SetLoopLookahead: init: 0, final: 100000000, step: 1, loopDepth: 0, cumulative-num-iterations: 100000000, look-ahead-ns: 518518496
Avg-Compute-Communication-Ratio = 2119.895691
Process 12 contributed MY_TOTAL = -nan, my_a = 372.750000, my_b= 373.000000
Integral: 36 computed

------------------------------------------------------------------------------
Waiting to receive partition information from master !
Process 12 computing itegral over my_a = 382.750000, my_b= 383.000000
Called SetLoopLookahead: init: 0, final: 100000000, step: 1, loopDepth: 0, cumulative-num-iterations: 100000000, look-ahead-ns: 518518496
Avg-Compute-Communication-Ratio = 2120.487624
Process 12 contributed MY_TOTAL = -nan, my_a = 382.750000, my_b= 383.000000
Integral: 37 computed

------------------------------------------------------------------------------
Waiting to receive partition information from master !
Process 12 computing itegral over my_a = 392.750000, my_b= 393.000000
Called SetLoopLookahead: init: 0, final: 100000000, step: 1, loopDepth: 0, cumulative-num-iterations: 100000000, look-ahead-ns: 518518496
Exp finishing. Stopping stack thread with id: 6!

------------------------- ACTUAL STDOUT FROM EXECUTABLE ENDED -----------------------------

Process: 6 exiting VT experiment !
Main thread exiting. PID = 6
