Attempting to set static arp entries ...
Tracer: 101 >> Using SRC IP: 10.1.35.78 for any spawned virtual tcp-stacks
Tracer: 101 >> Updating firewall rules to drop outgoing TCP-RST packets
Attempting to set firewall rules ...
Tracer: 101 >> CMD TO RUN: /home/vignesh/VT-S3FNet/csudp/mpi_sat/mpi_csat 100 101 10.1.35.78 > /home/vignesh/VT-S3FNet/experiment-data/MPI_LA_Enabled_nemus_101_mpi_sat/worker100.log
args[0] = /home/vignesh/VT-S3FNet/csudp/mpi_sat/mpi_csat
args[1] = 100
args[2] = 101
args[3] = 10.1.35.78
Setting appropriate environment variables ...
HOME DIRECTORY : /home/vignesh
Parsing TTN config file: /home/vignesh/.ttn/projects.db
Setting VT_L1_INS_CACHE_MISS_CYCLES to: 100
Setting VT_L1_INS_CACHE_LINES to: 64
Setting VT_L1_INS_CACHE_SIZE_KB to: 32
Setting VT_L1_INS_CACHE_ASSOC to: 8
Setting VT_L1_INS_CACHE_REPLACEMENT_POLICY to: LRU
Setting VT_L1_DATA_CACHE_MISS_CYCLES to: 100
Setting VT_L1_DATA_CACHE_LINES to: 64
Setting VT_L1_DATA_CACHE_SIZE_KB to: 32
Setting VT_L1_DATA_CACHE_ASSOC to: 8
Setting VT_L1_DATA_CACHE_REPLACEMENT_POLICY to: LRU
Setting VT_CPU_CYLES_NS to: 2.700000
Setting VT_NIC_SPEED_MBPS to: 1000.000000
Setting VT_TIMING_MODEL to: EMPIRICAL
Setting VT_BBL_LOOKAHEAD_FILE to: /home/vignesh/VT-S3FNet/csudp/mpi_sat/.ttn/lookahead/bbl_lookahead.info
Setting VT_LOOP_LOOKAHEAD_FILE to: /home/vignesh/VT-S3FNet/csudp/mpi_sat/.ttn/lookahead/loop_lookahead.info
Starting command: /home/vignesh/VT-S3FNet/csudp/mpi_sat/mpi_csat
Loading orig functions !
Starting executable with Pid = 6
Loading pointers to VTL Logic functions
Loaded pointers to all VTL Logic functions
Now Initializing VT-Management 
Extracting env variables !
Extracted tracer-id: 101
Extracted exp-type: 2
Extracted cpu-cycles-ns: 2.700000
Extracted socket-layer-ip: 1310916874
Starting VT-initialization !
Tracer-ID: 101, Timeline-ID: 101
Tracer registration for EXP_CS complete. TimelineID = 101, Return = 101
Tracer Adding to SQ. Tracer ID = 101
Parsing any provided lookahead information ...
Opening file: /home/vignesh/VT-S3FNet/csudp/mpi_sat/.ttn/lookahead/bbl_lookahead.info
File size: 840
mapped memblock size: 840
Finish offset: 101, Number of values: 101
Returning success !
Loaded BBL lookaheads for 101 basic blocks ...
Opening file: /home/vignesh/VT-S3FNet/csudp/mpi_sat/.ttn/lookahead/loop_lookahead.info
File size: 64
mapped memblock size: 64
Finish offset: 4, Number of values: 4
Returning success !
Loaded Loop lookaheads for 4 loops ...
VT initialization successfull !
Finished Initializing VT-Management 
Initializing TCP-stack ...
TCP stack unique-id: 1016
Starting virtual socket layer stack-thread !
Pthread_create: vtStackThread special case
Successfully initialized VTL-Logic embedded into the executable

------------------------- ACTUAL STDOUT FROM EXECUTABLE STARTS -----------------------------

Rank = 100, Total = 101, IP = 10.1.35.78
Adding new vt-tcp-socket !
Creating vt-tcp socket !
bind through vt-tcp !
Server socket bound to ip:port: 10.1.35.78:10000
Last node: Sending Ok msg to all nodes!
Adding new vt-tcp-socket !
Creating vt-tcp socket !
Connecting to : 10.1.36.226:10000 to send OK message
Connecting .. Socket: 4098, src-port: 40001
Waking up connected socket !
Socket connect success. socket = 4098
Connecting through vt-tcp success !
Successfully sent OK message !
Adding new vt-tcp-socket !
Creating vt-tcp socket !
Connecting to : 10.1.36.222:10000 to send OK message
Connecting .. Socket: 4099, src-port: 40002
Transmitting fin packet 
Waking up connected socket !
Socket connect success. socket = 4099
Connecting through vt-tcp success !
Successfully sent OK message !
Adding new vt-tcp-socket !
Creating vt-tcp socket !
Connecting to : 10.1.36.218:10000 to send OK message
Connecting .. Socket: 4100, src-port: 40003
Waking up connected socket !
Socket connect success. socket = 4100
Connecting through vt-tcp success !
Successfully sent OK message !
Adding new vt-tcp-socket !
Creating vt-tcp socket !
Connecting to : 10.1.36.214:10000 to send OK message
Connecting .. Socket: 4101, src-port: 40004
Waking up connected socket !
Socket connect success. socket = 4101
Connecting through vt-tcp success !
Successfully sent OK message !
Adding new vt-tcp-socket !
Creating vt-tcp socket !
Connecting to : 10.1.36.210:10000 to send OK message
Connecting .. Socket: 4102, src-port: 40005
Transmitting fin packet 
Entering time-wait from FIN_WAIT_2
Clearing all tcp timers !
Adding TcpLinger !
Waking up connected socket !
Socket connect success. socket = 4102
Connecting through vt-tcp success !
Successfully sent OK message !
Adding new vt-tcp-socket !
Creating vt-tcp socket !
Connecting to : 10.1.36.246:10000 to send OK message
Connecting .. Socket: 4103, src-port: 40006
Received ack in time_wait !
Clearing all tcp timers !
TCP-done for socket: 4101, err: 0
Socket: 4101 garbage collection
Freeing socket: 4101
Waking up connected socket !
Socket connect success. socket = 4103
Connecting through vt-tcp success !
Successfully sent OK message !
Adding new vt-tcp-socket !
Creating vt-tcp socket !
Connecting to : 10.1.37.102:10000 to send OK message
Connecting .. Socket: 4104, src-port: 40007
Transmitting fin packet 
Waking up connected socket !
Socket connect success. socket = 4104
Connecting through vt-tcp success !
Successfully sent OK message !
Adding new vt-tcp-socket !
Creating vt-tcp socket !
Connecting to : 10.1.37.98:10000 to send OK message
Connecting .. Socket: 4105, src-port: 40008
Waking up connected socket !
Socket connect success. socket = 4105
Connecting through vt-tcp success !
Successfully sent OK message !
Adding new vt-tcp-socket !
Creating vt-tcp socket !
Connecting to : 10.1.37.94:10000 to send OK message
Connecting .. Socket: 4106, src-port: 40009
Waking up connected socket !
Socket connect success. socket = 4106
Connecting through vt-tcp success !
Successfully sent OK message !
Adding new vt-tcp-socket !
Creating vt-tcp socket !
Connecting to : 10.1.37.90:10000 to send OK message
Connecting .. Socket: 4107, src-port: 40010
Transmitting fin packet 
Entering time-wait from FIN_WAIT_2
Clearing all tcp timers !
Adding TcpLinger !
Waking up connected socket !
Socket connect success. socket = 4107
Connecting through vt-tcp success !
Successfully sent OK message !
Adding new vt-tcp-socket !
Creating vt-tcp socket !
Connecting to : 10.1.37.86:10000 to send OK message
Connecting .. Socket: 4108, src-port: 40011
Received ack in time_wait !
Clearing all tcp timers !
TCP-done for socket: 4106, err: 0
Socket: 4106 garbage collection
Freeing socket: 4106
Waking up connected socket !
Socket connect success. socket = 4108
Connecting through vt-tcp success !
Successfully sent OK message !
Adding new vt-tcp-socket !
Creating vt-tcp socket !
Connecting to : 10.1.37.82:10000 to send OK message
Connecting .. Socket: 4109, src-port: 40012
Waking up connected socket !
Socket connect success. socket = 4109
Connecting through vt-tcp success !
Successfully sent OK message !
Adding new vt-tcp-socket !
Creating vt-tcp socket !
Connecting to : 10.1.37.78:10000 to send OK message
Connecting .. Socket: 4110, src-port: 40013
Transmitting fin packet 
Waking up connected socket !
Socket connect success. socket = 4110
Connecting through vt-tcp success !
Successfully sent OK message !
Adding new vt-tcp-socket !
Creating vt-tcp socket !
Connecting to : 10.1.37.74:10000 to send OK message
Connecting .. Socket: 4111, src-port: 40014
Transmitting fin packet 
Waking up connected socket !
Socket connect success. socket = 4111
Connecting through vt-tcp success !
Successfully sent OK message !
Adding new vt-tcp-socket !
Creating vt-tcp socket !
Connecting to : 10.1.37.30:10000 to send OK message
Connecting .. Socket: 4112, src-port: 40015
Waking up connected socket !
Socket connect success. socket = 4112
Connecting through vt-tcp success !
Successfully sent OK message !
Adding new vt-tcp-socket !
Creating vt-tcp socket !
Connecting to : 10.1.37.66:10000 to send OK message
Connecting .. Socket: 4113, src-port: 40016
Transmitting fin packet 
Waking up connected socket !
Socket connect success. socket = 4113
Connecting through vt-tcp success !
Successfully sent OK message !
Adding new vt-tcp-socket !
Creating vt-tcp socket !
Connecting to : 10.1.37.62:10000 to send OK message
Connecting .. Socket: 4114, src-port: 40017
Transmitting fin packet 
Waking up connected socket !
Socket connect success. socket = 4114
Connecting through vt-tcp success !
Successfully sent OK message !
Adding new vt-tcp-socket !
Creating vt-tcp socket !
Connecting to : 10.1.37.58:10000 to send OK message
Connecting .. Socket: 4115, src-port: 40018
Transmitting fin packet 
Waking up connected socket !
Socket connect success. socket = 4115
Connecting through vt-tcp success !
Successfully sent OK message !
Adding new vt-tcp-socket !
Creating vt-tcp socket !
Connecting to : 10.1.37.54:10000 to send OK message
Connecting .. Socket: 4116, src-port: 40019
Waking up connected socket !
Socket connect success. socket = 4116
Connecting through vt-tcp success !
Successfully sent OK message !
Adding new vt-tcp-socket !
Creating vt-tcp socket !
Connecting to : 10.1.37.50:10000 to send OK message
Connecting .. Socket: 4117, src-port: 40020
Transmitting fin packet 
Waking up connected socket !
Socket connect success. socket = 4117
Connecting through vt-tcp success !
Successfully sent OK message !
Adding new vt-tcp-socket !
Creating vt-tcp socket !
Connecting to : 10.1.37.46:10000 to send OK message
Connecting .. Socket: 4118, src-port: 40021
Waking up connected socket !
Socket connect success. socket = 4118
Connecting through vt-tcp success !
Successfully sent OK message !
Adding new vt-tcp-socket !
Creating vt-tcp socket !
Connecting to : 10.1.37.42:10000 to send OK message
Connecting .. Socket: 4119, src-port: 40022
Waking up connected socket !
Socket connect success. socket = 4119
Connecting through vt-tcp success !
Successfully sent OK message !
Adding new vt-tcp-socket !
Creating vt-tcp socket !
Connecting to : 10.1.37.38:10000 to send OK message
Connecting .. Socket: 4120, src-port: 40023
Waking up connected socket !
Socket connect success. socket = 4120
Connecting through vt-tcp success !
Successfully sent OK message !
Adding new vt-tcp-socket !
Creating vt-tcp socket !
Connecting to : 10.1.37.34:10000 to send OK message
Connecting .. Socket: 4121, src-port: 40024
Waking up connected socket !
Socket connect success. socket = 4121
Connecting through vt-tcp success !
Successfully sent OK message !
Adding new vt-tcp-socket !
Creating vt-tcp socket !
Connecting to : 10.1.37.222:10000 to send OK message
Connecting .. Socket: 4122, src-port: 40025
Transmitting fin packet 
Waking up connected socket !
Socket connect success. socket = 4122
Connecting through vt-tcp success !
Successfully sent OK message !
Adding new vt-tcp-socket !
Creating vt-tcp socket !
Connecting to : 10.1.38.230:10000 to send OK message
Connecting .. Socket: 4123, src-port: 40026
Transmitting fin packet 
Waking up connected socket !
Socket connect success. socket = 4123
Connecting through vt-tcp success !
Successfully sent OK message !
Adding new vt-tcp-socket !
Creating vt-tcp socket !
Connecting to : 10.1.38.226:10000 to send OK message
Connecting .. Socket: 4124, src-port: 40027
Waking up connected socket !
Socket connect success. socket = 4124
Connecting through vt-tcp success !
Successfully sent OK message !
Adding new vt-tcp-socket !
Creating vt-tcp socket !
Connecting to : 10.1.38.222:10000 to send OK message
Connecting .. Socket: 4125, src-port: 40028
Transmitting fin packet 
Waking up connected socket !
Socket connect success. socket = 4125
Connecting through vt-tcp success !
Successfully sent OK message !
Adding new vt-tcp-socket !
Creating vt-tcp socket !
Connecting to : 10.1.38.218:10000 to send OK message
Connecting .. Socket: 4126, src-port: 40029
Transmitting fin packet 
Entering time-wait from FIN_WAIT_2
Clearing all tcp timers !
Adding TcpLinger !
Waking up connected socket !
Socket connect success. socket = 4126
Connecting through vt-tcp success !
Successfully sent OK message !
Adding new vt-tcp-socket !
Creating vt-tcp socket !
Connecting to : 10.1.38.214:10000 to send OK message
Connecting .. Socket: 4127, src-port: 40030
Received ack in time_wait !
Clearing all tcp timers !
TCP-done for socket: 4125, err: 0
Socket: 4125 garbage collection
Freeing socket: 4125
Transmitting fin packet 
Waking up connected socket !
Socket connect success. socket = 4127
Connecting through vt-tcp success !
Successfully sent OK message !
Adding new vt-tcp-socket !
Creating vt-tcp socket !
Connecting to : 10.1.38.210:10000 to send OK message
Connecting .. Socket: 4128, src-port: 40031
Waking up connected socket !
Socket connect success. socket = 4128
Connecting through vt-tcp success !
Successfully sent OK message !
Adding new vt-tcp-socket !
Creating vt-tcp socket !
Connecting to : 10.1.38.206:10000 to send OK message
Connecting .. Socket: 4129, src-port: 40032
Transmitting fin packet 
Waking up connected socket !
Socket connect success. socket = 4129
Connecting through vt-tcp success !
Successfully sent OK message !
Adding new vt-tcp-socket !
Creating vt-tcp socket !
Connecting to : 10.1.38.202:10000 to send OK message
Connecting .. Socket: 4130, src-port: 40033
Transmitting fin packet 
Waking up connected socket !
Socket connect success. socket = 4130
Connecting through vt-tcp success !
Successfully sent OK message !
Adding new vt-tcp-socket !
Creating vt-tcp socket !
Connecting to : 10.1.38.158:10000 to send OK message
Connecting .. Socket: 4131, src-port: 40034
Transmitting fin packet 
Waking up connected socket !
Socket connect success. socket = 4131
Connecting through vt-tcp success !
Successfully sent OK message !
Adding new vt-tcp-socket !
Creating vt-tcp socket !
Connecting to : 10.1.38.194:10000 to send OK message
Connecting .. Socket: 4132, src-port: 40035
Transmitting fin packet 
Waking up connected socket !
Socket connect success. socket = 4132
Connecting through vt-tcp success !
Successfully sent OK message !
Adding new vt-tcp-socket !
Creating vt-tcp socket !
Connecting to : 10.1.38.190:10000 to send OK message
Connecting .. Socket: 4133, src-port: 40036
Waking up connected socket !
Socket connect success. socket = 4133
Connecting through vt-tcp success !
Successfully sent OK message !
Adding new vt-tcp-socket !
Creating vt-tcp socket !
Connecting to : 10.1.38.186:10000 to send OK message
Connecting .. Socket: 4134, src-port: 40037
Transmitting fin packet 
Waking up connected socket !
Socket connect success. socket = 4134
Connecting through vt-tcp success !
Successfully sent OK message !
Adding new vt-tcp-socket !
Creating vt-tcp socket !
Connecting to : 10.1.38.182:10000 to send OK message
Connecting .. Socket: 4135, src-port: 40038
Transmitting fin packet 
Waking up connected socket !
Socket connect success. socket = 4135
Connecting through vt-tcp success !
Successfully sent OK message !
Adding new vt-tcp-socket !
Creating vt-tcp socket !
Connecting to : 10.1.38.178:10000 to send OK message
Connecting .. Socket: 4136, src-port: 40039
Waking up connected socket !
Socket connect success. socket = 4136
Connecting through vt-tcp success !
Successfully sent OK message !
Adding new vt-tcp-socket !
Creating vt-tcp socket !
Connecting to : 10.1.38.174:10000 to send OK message
Connecting .. Socket: 4137, src-port: 40040
Waking up connected socket !
Socket connect success. socket = 4137
Connecting through vt-tcp success !
Successfully sent OK message !
Adding new vt-tcp-socket !
Creating vt-tcp socket !
Connecting to : 10.1.38.170:10000 to send OK message
Connecting .. Socket: 4138, src-port: 40041
Transmitting fin packet 
Waking up connected socket !
Socket connect success. socket = 4138
Connecting through vt-tcp success !
Successfully sent OK message !
Adding new vt-tcp-socket !
Creating vt-tcp socket !
Connecting to : 10.1.38.166:10000 to send OK message
Connecting .. Socket: 4139, src-port: 40042
Transmitting fin packet 
Waking up connected socket !
Socket connect success. socket = 4139
Connecting through vt-tcp success !
Successfully sent OK message !
Adding new vt-tcp-socket !
Creating vt-tcp socket !
Connecting to : 10.1.38.162:10000 to send OK message
Connecting .. Socket: 4140, src-port: 40043
Waking up connected socket !
Socket connect success. socket = 4140
Connecting through vt-tcp success !
Successfully sent OK message !
Adding new vt-tcp-socket !
Creating vt-tcp socket !
Connecting to : 10.1.38.198:10000 to send OK message
Connecting .. Socket: 4141, src-port: 40044
Waking up connected socket !
Socket connect success. socket = 4141
Connecting through vt-tcp success !
Successfully sent OK message !
Adding new vt-tcp-socket !
Creating vt-tcp socket !
Connecting to : 10.1.39.50:10000 to send OK message
Connecting .. Socket: 4142, src-port: 40045
Transmitting fin packet 
Entering time-wait from FIN_WAIT_2
Clearing all tcp timers !
Adding TcpLinger !
Waking up connected socket !
Socket connect success. socket = 4142
Connecting through vt-tcp success !
Successfully sent OK message !
Adding new vt-tcp-socket !
Creating vt-tcp socket !
Connecting to : 10.1.39.46:10000 to send OK message
Connecting .. Socket: 4143, src-port: 40046
Received ack in time_wait !
Clearing all tcp timers !
TCP-done for socket: 4141, err: 0
Socket: 4141 garbage collection
Freeing socket: 4141
Transmitting fin packet 
Waking up connected socket !
Socket connect success. socket = 4143
Connecting through vt-tcp success !
Successfully sent OK message !
Adding new vt-tcp-socket !
Creating vt-tcp socket !
Connecting to : 10.1.39.42:10000 to send OK message
Connecting .. Socket: 4144, src-port: 40047
Transmitting fin packet 
Waking up connected socket !
Socket connect success. socket = 4144
Connecting through vt-tcp success !
Successfully sent OK message !
Adding new vt-tcp-socket !
Creating vt-tcp socket !
Connecting to : 10.1.39.38:10000 to send OK message
Connecting .. Socket: 4145, src-port: 40048
Waking up connected socket !
Socket connect success. socket = 4145
Connecting through vt-tcp success !
Successfully sent OK message !
Adding new vt-tcp-socket !
Creating vt-tcp socket !
Connecting to : 10.1.39.34:10000 to send OK message
Connecting .. Socket: 4146, src-port: 40049
Transmitting fin packet 
Waking up connected socket !
Socket connect success. socket = 4146
Connecting through vt-tcp success !
Successfully sent OK message !
Adding new vt-tcp-socket !
Creating vt-tcp socket !
Connecting to : 10.1.39.30:10000 to send OK message
Connecting .. Socket: 4147, src-port: 40050
Transmitting fin packet 
Waking up connected socket !
Socket connect success. socket = 4147
Connecting through vt-tcp success !
Successfully sent OK message !
Adding new vt-tcp-socket !
Creating vt-tcp socket !
Connecting to : 10.1.39.26:10000 to send OK message
Connecting .. Socket: 4148, src-port: 40051
Transmitting fin packet 
Waking up connected socket !
Socket connect success. socket = 4148
Connecting through vt-tcp success !
Successfully sent OK message !
Adding new vt-tcp-socket !
Creating vt-tcp socket !
Connecting to : 10.1.39.22:10000 to send OK message
Connecting .. Socket: 4149, src-port: 40052
Transmitting fin packet 
Waking up connected socket !
Socket connect success. socket = 4149
Connecting through vt-tcp success !
Successfully sent OK message !
Adding new vt-tcp-socket !
Creating vt-tcp socket !
Connecting to : 10.1.38.234:10000 to send OK message
Connecting .. Socket: 4150, src-port: 40053
Waking up connected socket !
Socket connect success. socket = 4150
Connecting through vt-tcp success !
Successfully sent OK message !
Adding new vt-tcp-socket !
Creating vt-tcp socket !
Connecting to : 10.1.39.14:10000 to send OK message
Connecting .. Socket: 4151, src-port: 40054
Waking up connected socket !
Socket connect success. socket = 4151
Connecting through vt-tcp success !
Successfully sent OK message !
Adding new vt-tcp-socket !
Creating vt-tcp socket !
Connecting to : 10.1.39.10:10000 to send OK message
Connecting .. Socket: 4152, src-port: 40055
Waking up connected socket !
Socket connect success. socket = 4152
Connecting through vt-tcp success !
Successfully sent OK message !
Adding new vt-tcp-socket !
Creating vt-tcp socket !
Connecting to : 10.1.39.6:10000 to send OK message
Connecting .. Socket: 4153, src-port: 40056
Waking up connected socket !
Socket connect success. socket = 4153
Connecting through vt-tcp success !
Successfully sent OK message !
Adding new vt-tcp-socket !
Creating vt-tcp socket !
Connecting to : 10.1.39.2:10000 to send OK message
Connecting .. Socket: 4154, src-port: 40057
Transmitting fin packet 
Waking up connected socket !
Socket connect success. socket = 4154
Connecting through vt-tcp success !
Successfully sent OK message !
Adding new vt-tcp-socket !
Creating vt-tcp socket !
Connecting to : 10.1.38.254:10000 to send OK message
Connecting .. Socket: 4155, src-port: 40058
Transmitting fin packet 
Waking up connected socket !
Socket connect success. socket = 4155
Connecting through vt-tcp success !
Successfully sent OK message !
Adding new vt-tcp-socket !
Creating vt-tcp socket !
Connecting to : 10.1.38.250:10000 to send OK message
Connecting .. Socket: 4156, src-port: 40059
Transmitting fin packet 
Waking up connected socket !
Socket connect success. socket = 4156
Connecting through vt-tcp success !
Successfully sent OK message !
Adding new vt-tcp-socket !
Creating vt-tcp socket !
Connecting to : 10.1.38.246:10000 to send OK message
Connecting .. Socket: 4157, src-port: 40060
Transmitting fin packet 
Waking up connected socket !
Socket connect success. socket = 4157
Connecting through vt-tcp success !
Successfully sent OK message !
Adding new vt-tcp-socket !
Creating vt-tcp socket !
Connecting to : 10.1.38.242:10000 to send OK message
Connecting .. Socket: 4158, src-port: 40061
Transmitting fin packet 
Waking up connected socket !
Socket connect success. socket = 4158
Connecting through vt-tcp success !
Successfully sent OK message !
Adding new vt-tcp-socket !
Creating vt-tcp socket !
Connecting to : 10.1.38.238:10000 to send OK message
Connecting .. Socket: 4159, src-port: 40062
Waking up connected socket !
Socket connect success. socket = 4159
Connecting through vt-tcp success !
Successfully sent OK message !
Adding new vt-tcp-socket !
Creating vt-tcp socket !
Connecting to : 10.1.38.122:10000 to send OK message
Connecting .. Socket: 4160, src-port: 40063
Transmitting fin packet 
Waking up connected socket !
Socket connect success. socket = 4160
Connecting through vt-tcp success !
Successfully sent OK message !
Adding new vt-tcp-socket !
Creating vt-tcp socket !
Connecting to : 10.1.38.78:10000 to send OK message
Connecting .. Socket: 4161, src-port: 40064
Transmitting fin packet 
Entering time-wait from FIN_WAIT_2
Clearing all tcp timers !
Adding TcpLinger !
Waking up connected socket !
Socket connect success. socket = 4161
Connecting through vt-tcp success !
Successfully sent OK message !
Adding new vt-tcp-socket !
Creating vt-tcp socket !
Connecting to : 10.1.38.74:10000 to send OK message
Connecting .. Socket: 4162, src-port: 40065
Received ack in time_wait !
Clearing all tcp timers !
TCP-done for socket: 4160, err: 0
Socket: 4160 garbage collection
Freeing socket: 4160
Waking up connected socket !
Socket connect success. socket = 4162
Connecting through vt-tcp success !
Successfully sent OK message !
Adding new vt-tcp-socket !
Creating vt-tcp socket !
Connecting to : 10.1.38.70:10000 to send OK message
Connecting .. Socket: 4163, src-port: 40066
Waking up connected socket !
Socket connect success. socket = 4163
Connecting through vt-tcp success !
Successfully sent OK message !
Adding new vt-tcp-socket !
Creating vt-tcp socket !
Connecting to : 10.1.38.66:10000 to send OK message
Connecting .. Socket: 4164, src-port: 40067
Transmitting fin packet 
Waking up connected socket !
Socket connect success. socket = 4164
Connecting through vt-tcp success !
Successfully sent OK message !
Adding new vt-tcp-socket !
Creating vt-tcp socket !
Connecting to : 10.1.38.62:10000 to send OK message
Connecting .. Socket: 4165, src-port: 40068
Transmitting fin packet 
Waking up connected socket !
Socket connect success. socket = 4165
Connecting through vt-tcp success !
Successfully sent OK message !
Adding new vt-tcp-socket !
Creating vt-tcp socket !
Connecting to : 10.1.38.58:10000 to send OK message
Connecting .. Socket: 4166, src-port: 40069
Waking up connected socket !
Socket connect success. socket = 4166
Connecting through vt-tcp success !
Successfully sent OK message !
Adding new vt-tcp-socket !
Creating vt-tcp socket !
Connecting to : 10.1.38.54:10000 to send OK message
Connecting .. Socket: 4167, src-port: 40070
Transmitting fin packet 
Waking up connected socket !
Socket connect success. socket = 4167
Connecting through vt-tcp success !
Successfully sent OK message !
Adding new vt-tcp-socket !
Creating vt-tcp socket !
Connecting to : 10.1.38.50:10000 to send OK message
Connecting .. Socket: 4168, src-port: 40071
Entering time-wait from FIN_WAIT_2
Clearing all tcp timers !
Adding TcpLinger !
Received ack in time_wait !
Clearing all tcp timers !
TCP-done for socket: 4166, err: 0
Socket: 4166 garbage collection
Freeing socket: 4166
Transmitting fin packet 
Waking up connected socket !
Socket connect success. socket = 4168
Connecting through vt-tcp success !
Successfully sent OK message !
Adding new vt-tcp-socket !
Creating vt-tcp socket !
Connecting to : 10.1.38.46:10000 to send OK message
Connecting .. Socket: 4169, src-port: 40072
Waking up connected socket !
Socket connect success. socket = 4169
Connecting through vt-tcp success !
Successfully sent OK message !
Adding new vt-tcp-socket !
Creating vt-tcp socket !
Connecting to : 10.1.38.2:10000 to send OK message
Connecting .. Socket: 4170, src-port: 40073
Waking up connected socket !
Socket connect success. socket = 4170
Connecting through vt-tcp success !
Successfully sent OK message !
Adding new vt-tcp-socket !
Creating vt-tcp socket !
Connecting to : 10.1.38.38:10000 to send OK message
Connecting .. Socket: 4171, src-port: 40074
Transmitting fin packet 
Waking up connected socket !
Socket connect success. socket = 4171
Connecting through vt-tcp success !
Successfully sent OK message !
Adding new vt-tcp-socket !
Creating vt-tcp socket !
Connecting to : 10.1.38.34:10000 to send OK message
Connecting .. Socket: 4172, src-port: 40075
Waking up connected socket !
Socket connect success. socket = 4172
Connecting through vt-tcp success !
Successfully sent OK message !
Adding new vt-tcp-socket !
Creating vt-tcp socket !
Connecting to : 10.1.38.30:10000 to send OK message
Connecting .. Socket: 4173, src-port: 40076
Waking up connected socket !
Socket connect success. socket = 4173
Connecting through vt-tcp success !
Successfully sent OK message !
Adding new vt-tcp-socket !
Creating vt-tcp socket !
Connecting to : 10.1.38.26:10000 to send OK message
Connecting .. Socket: 4174, src-port: 40077
Transmitting fin packet 
Waking up connected socket !
Socket connect success. socket = 4174
Connecting through vt-tcp success !
Successfully sent OK message !
Adding new vt-tcp-socket !
Creating vt-tcp socket !
Connecting to : 10.1.38.22:10000 to send OK message
Connecting .. Socket: 4175, src-port: 40078
Transmitting fin packet 
Waking up connected socket !
Socket connect success. socket = 4175
Connecting through vt-tcp success !
Successfully sent OK message !
Adding new vt-tcp-socket !
Creating vt-tcp socket !
Connecting to : 10.1.38.18:10000 to send OK message
Connecting .. Socket: 4176, src-port: 40079
Waking up connected socket !
Socket connect success. socket = 4176
Connecting through vt-tcp success !
Successfully sent OK message !
Adding new vt-tcp-socket !
Creating vt-tcp socket !
Connecting to : 10.1.38.14:10000 to send OK message
Connecting .. Socket: 4177, src-port: 40080
Waking up connected socket !
Socket connect success. socket = 4177
Connecting through vt-tcp success !
Successfully sent OK message !
Adding new vt-tcp-socket !
Creating vt-tcp socket !
Connecting to : 10.1.38.10:10000 to send OK message
Connecting .. Socket: 4178, src-port: 40081
Waking up connected socket !
Socket connect success. socket = 4178
Connecting through vt-tcp success !
Successfully sent OK message !
Adding new vt-tcp-socket !
Creating vt-tcp socket !
Connecting to : 10.1.38.6:10000 to send OK message
Connecting .. Socket: 4179, src-port: 40082
Waking up connected socket !
Socket connect success. socket = 4179
Connecting through vt-tcp success !
Successfully sent OK message !
Adding new vt-tcp-socket !
Creating vt-tcp socket !
Connecting to : 10.1.38.42:10000 to send OK message
Connecting .. Socket: 4180, src-port: 40083
Waking up connected socket !
Socket connect success. socket = 4180
Connecting through vt-tcp success !
Successfully sent OK message !
Adding new vt-tcp-socket !
Creating vt-tcp socket !
Connecting to : 10.1.38.154:10000 to send OK message
Connecting .. Socket: 4181, src-port: 40084
Transmitting fin packet 
Waking up connected socket !
Socket connect success. socket = 4181
Connecting through vt-tcp success !
Successfully sent OK message !
Adding new vt-tcp-socket !
Creating vt-tcp socket !
Connecting to : 10.1.38.150:10000 to send OK message
Connecting .. Socket: 4182, src-port: 40085
Waking up connected socket !
Socket connect success. socket = 4182
Connecting through vt-tcp success !
Successfully sent OK message !
Adding new vt-tcp-socket !
Creating vt-tcp socket !
Connecting to : 10.1.38.146:10000 to send OK message
Connecting .. Socket: 4183, src-port: 40086
Transmitting fin packet 
Entering time-wait from FIN_WAIT_2
Clearing all tcp timers !
Adding TcpLinger !
Waking up connected socket !
Socket connect success. socket = 4183
Connecting through vt-tcp success !
Successfully sent OK message !
Adding new vt-tcp-socket !
Creating vt-tcp socket !
Connecting to : 10.1.38.142:10000 to send OK message
Connecting .. Socket: 4184, src-port: 40087
Received ack in time_wait !
Clearing all tcp timers !
TCP-done for socket: 4182, err: 0
Socket: 4182 garbage collection
Freeing socket: 4182
Transmitting fin packet 
Waking up connected socket !
Socket connect success. socket = 4184
Connecting through vt-tcp success !
Successfully sent OK message !
Adding new vt-tcp-socket !
Creating vt-tcp socket !
Connecting to : 10.1.38.138:10000 to send OK message
Connecting .. Socket: 4185, src-port: 40088
Waking up connected socket !
Socket connect success. socket = 4185
Connecting through vt-tcp success !
Successfully sent OK message !
Adding new vt-tcp-socket !
Creating vt-tcp socket !
Connecting to : 10.1.38.134:10000 to send OK message
Connecting .. Socket: 4186, src-port: 40089
Waking up connected socket !
Socket connect success. socket = 4186
Connecting through vt-tcp success !
Successfully sent OK message !
Adding new vt-tcp-socket !
Creating vt-tcp socket !
Connecting to : 10.1.38.130:10000 to send OK message
Connecting .. Socket: 4187, src-port: 40090
Waking up connected socket !
Socket connect success. socket = 4187
Connecting through vt-tcp success !
Successfully sent OK message !
Adding new vt-tcp-socket !
Creating vt-tcp socket !
Connecting to : 10.1.38.126:10000 to send OK message
Connecting .. Socket: 4188, src-port: 40091
Transmitting fin packet 
Entering time-wait from FIN_WAIT_2
Clearing all tcp timers !
Adding TcpLinger !
Waking up connected socket !
Socket connect success. socket = 4188
Connecting through vt-tcp success !
Successfully sent OK message !
Adding new vt-tcp-socket !
Creating vt-tcp socket !
Connecting to : 10.1.38.82:10000 to send OK message
Connecting .. Socket: 4189, src-port: 40092
Received ack in time_wait !
Clearing all tcp timers !
TCP-done for socket: 4186, err: 0
Socket: 4186 garbage collection
Freeing socket: 4186
Transmitting fin packet 
Waking up connected socket !
Socket connect success. socket = 4189
Connecting through vt-tcp success !
Successfully sent OK message !
Adding new vt-tcp-socket !
Creating vt-tcp socket !
Connecting to : 10.1.38.118:10000 to send OK message
Connecting .. Socket: 4190, src-port: 40093
Waking up connected socket !
Socket connect success. socket = 4190
Connecting through vt-tcp success !
Successfully sent OK message !
Adding new vt-tcp-socket !
Creating vt-tcp socket !
Connecting to : 10.1.38.114:10000 to send OK message
Connecting .. Socket: 4191, src-port: 40094
Waking up connected socket !
Socket connect success. socket = 4191
Connecting through vt-tcp success !
Successfully sent OK message !
Adding new vt-tcp-socket !
Creating vt-tcp socket !
Connecting to : 10.1.38.110:10000 to send OK message
Connecting .. Socket: 4192, src-port: 40095
Waking up connected socket !
Socket connect success. socket = 4192
Connecting through vt-tcp success !
Successfully sent OK message !
Adding new vt-tcp-socket !
Creating vt-tcp socket !
Connecting to : 10.1.38.106:10000 to send OK message
Connecting .. Socket: 4193, src-port: 40096
Waking up connected socket !
Socket connect success. socket = 4193
Connecting through vt-tcp success !
Successfully sent OK message !
Adding new vt-tcp-socket !
Creating vt-tcp socket !
Connecting to : 10.1.38.102:10000 to send OK message
Connecting .. Socket: 4194, src-port: 40097
Transmitting fin packet 
Entering time-wait from FIN_WAIT_2
Clearing all tcp timers !
Adding TcpLinger !
Transmitting fin packet 
Waking up connected socket !
Socket connect success. socket = 4194
Connecting through vt-tcp success !
Successfully sent OK message !
Adding new vt-tcp-socket !
Creating vt-tcp socket !
Connecting to : 10.1.38.98:10000 to send OK message
Connecting .. Socket: 4195, src-port: 40098
Received ack in time_wait !
Clearing all tcp timers !
TCP-done for socket: 4192, err: 0
Socket: 4192 garbage collection
Freeing socket: 4192
Transmitting fin packet 
Waking up connected socket !
Socket connect success. socket = 4195
Connecting through vt-tcp success !
Successfully sent OK message !
Adding new vt-tcp-socket !
Creating vt-tcp socket !
Connecting to : 10.1.38.94:10000 to send OK message
Connecting .. Socket: 4196, src-port: 40099
Transmitting fin packet 
Waking up connected socket !
Socket connect success. socket = 4196
Connecting through vt-tcp success !
Successfully sent OK message !
Adding new vt-tcp-socket !
Creating vt-tcp socket !
Connecting to : 10.1.38.90:10000 to send OK message
Connecting .. Socket: 4197, src-port: 40100
Transmitting fin packet 
Waking up connected socket !
Socket connect success. socket = 4197
Connecting through vt-tcp success !
Successfully sent OK message !

---------------- Waiting for higher ranked nodes to connect --------------
listen through vt-tcp !
Closing server socket: 4097
Clearing all tcp timers !
TCP-done for socket: 4097, err: -103

---------------- Connecting to lowed ranked nodes ! --------------
Adding new vt-tcp-socket !
Creating vt-tcp socket !
Connecting to lower ranked node: 99 at 10.1.38.90:10000
Connecting .. Socket: 4198, src-port: 40101
Socket: 4097 garbage collection
Freeing socket: 4097
Transmitting fin packet 
Entering time-wait from FIN_WAIT_2
Clearing all tcp timers !
Adding TcpLinger !
Waking up connected socket !
Socket connect success. socket = 4198
Connecting through vt-tcp success !
Successfully connected to lower ranked node: 99 at 10.1.38.90:10000
Adding new vt-tcp-socket !
Creating vt-tcp socket !
Connecting to lower ranked node: 98 at 10.1.38.94:10000
Connecting .. Socket: 4199, src-port: 40102
Received ack in time_wait !
Clearing all tcp timers !
TCP-done for socket: 4197, err: 0
Socket: 4197 garbage collection
Freeing socket: 4197
Waking up connected socket !
Socket connect success. socket = 4199
Connecting through vt-tcp success !
Successfully connected to lower ranked node: 98 at 10.1.38.94:10000
Adding new vt-tcp-socket !
Creating vt-tcp socket !
Connecting to lower ranked node: 97 at 10.1.38.98:10000
Connecting .. Socket: 4200, src-port: 40103
Waking up connected socket !
Socket connect success. socket = 4200
Connecting through vt-tcp success !
Successfully connected to lower ranked node: 97 at 10.1.38.98:10000
Adding new vt-tcp-socket !
Creating vt-tcp socket !
Connecting to lower ranked node: 96 at 10.1.38.102:10000
Connecting .. Socket: 4201, src-port: 40104
Waking up connected socket !
Socket connect success. socket = 4201
Connecting through vt-tcp success !
Successfully connected to lower ranked node: 96 at 10.1.38.102:10000
Adding new vt-tcp-socket !
Creating vt-tcp socket !
Connecting to lower ranked node: 95 at 10.1.38.106:10000
Connecting .. Socket: 4202, src-port: 40105
Waking up connected socket !
Socket connect success. socket = 4202
Connecting through vt-tcp success !
Successfully connected to lower ranked node: 95 at 10.1.38.106:10000
Adding new vt-tcp-socket !
Creating vt-tcp socket !
Connecting to lower ranked node: 94 at 10.1.38.110:10000
Connecting .. Socket: 4203, src-port: 40106
Waking up connected socket !
Socket connect success. socket = 4203
Connecting through vt-tcp success !
Successfully connected to lower ranked node: 94 at 10.1.38.110:10000
Adding new vt-tcp-socket !
Creating vt-tcp socket !
Connecting to lower ranked node: 93 at 10.1.38.114:10000
Connecting .. Socket: 4204, src-port: 40107
Waking up connected socket !
Socket connect success. socket = 4204
Connecting through vt-tcp success !
Successfully connected to lower ranked node: 93 at 10.1.38.114:10000
Adding new vt-tcp-socket !
Creating vt-tcp socket !
Connecting to lower ranked node: 92 at 10.1.38.118:10000
Connecting .. Socket: 4205, src-port: 40108
Waking up connected socket !
Socket connect success. socket = 4205
Connecting through vt-tcp success !
Successfully connected to lower ranked node: 92 at 10.1.38.118:10000
Adding new vt-tcp-socket !
Creating vt-tcp socket !
Connecting to lower ranked node: 91 at 10.1.38.82:10000
Connecting .. Socket: 4206, src-port: 40109
Waking up connected socket !
Socket connect success. socket = 4206
Connecting through vt-tcp success !
Successfully connected to lower ranked node: 91 at 10.1.38.82:10000
Adding new vt-tcp-socket !
Creating vt-tcp socket !
Connecting to lower ranked node: 90 at 10.1.38.126:10000
Connecting .. Socket: 4207, src-port: 40110
Waking up connected socket !
Socket connect success. socket = 4207
Connecting through vt-tcp success !
Successfully connected to lower ranked node: 90 at 10.1.38.126:10000
Adding new vt-tcp-socket !
Creating vt-tcp socket !
Connecting to lower ranked node: 89 at 10.1.38.130:10000
Connecting .. Socket: 4208, src-port: 40111
Waking up connected socket !
Socket connect success. socket = 4208
Connecting through vt-tcp success !
Successfully connected to lower ranked node: 89 at 10.1.38.130:10000
Adding new vt-tcp-socket !
Creating vt-tcp socket !
Connecting to lower ranked node: 88 at 10.1.38.134:10000
Connecting .. Socket: 4209, src-port: 40112
Waking up connected socket !
Socket connect success. socket = 4209
Connecting through vt-tcp success !
Successfully connected to lower ranked node: 88 at 10.1.38.134:10000
Adding new vt-tcp-socket !
Creating vt-tcp socket !
Connecting to lower ranked node: 87 at 10.1.38.138:10000
Connecting .. Socket: 4210, src-port: 40113
Waking up connected socket !
Socket connect success. socket = 4210
Connecting through vt-tcp success !
Successfully connected to lower ranked node: 87 at 10.1.38.138:10000
Adding new vt-tcp-socket !
Creating vt-tcp socket !
Connecting to lower ranked node: 86 at 10.1.38.142:10000
Connecting .. Socket: 4211, src-port: 40114
Waking up connected socket !
Socket connect success. socket = 4211
Connecting through vt-tcp success !
Successfully connected to lower ranked node: 86 at 10.1.38.142:10000
Adding new vt-tcp-socket !
Creating vt-tcp socket !
Connecting to lower ranked node: 85 at 10.1.38.146:10000
Connecting .. Socket: 4212, src-port: 40115
Waking up connected socket !
Socket connect success. socket = 4212
Connecting through vt-tcp success !
Successfully connected to lower ranked node: 85 at 10.1.38.146:10000
Adding new vt-tcp-socket !
Creating vt-tcp socket !
Connecting to lower ranked node: 84 at 10.1.38.150:10000
Connecting .. Socket: 4213, src-port: 40116
Waking up connected socket !
Socket connect success. socket = 4213
Connecting through vt-tcp success !
Successfully connected to lower ranked node: 84 at 10.1.38.150:10000
Adding new vt-tcp-socket !
Creating vt-tcp socket !
Connecting to lower ranked node: 83 at 10.1.38.154:10000
Connecting .. Socket: 4214, src-port: 40117
Waking up connected socket !
Socket connect success. socket = 4214
Connecting through vt-tcp success !
Successfully connected to lower ranked node: 83 at 10.1.38.154:10000
Adding new vt-tcp-socket !
Creating vt-tcp socket !
Connecting to lower ranked node: 82 at 10.1.38.42:10000
Connecting .. Socket: 4215, src-port: 40118
Waking up connected socket !
Socket connect success. socket = 4215
Connecting through vt-tcp success !
Successfully connected to lower ranked node: 82 at 10.1.38.42:10000
Adding new vt-tcp-socket !
Creating vt-tcp socket !
Connecting to lower ranked node: 81 at 10.1.38.6:10000
Connecting .. Socket: 4216, src-port: 40119
Waking up connected socket !
Socket connect success. socket = 4216
Connecting through vt-tcp success !
Successfully connected to lower ranked node: 81 at 10.1.38.6:10000
Adding new vt-tcp-socket !
Creating vt-tcp socket !
Connecting to lower ranked node: 80 at 10.1.38.10:10000
Connecting .. Socket: 4217, src-port: 40120
Waking up connected socket !
Socket connect success. socket = 4217
Connecting through vt-tcp success !
Successfully connected to lower ranked node: 80 at 10.1.38.10:10000
Adding new vt-tcp-socket !
Creating vt-tcp socket !
Connecting to lower ranked node: 79 at 10.1.38.14:10000
Connecting .. Socket: 4218, src-port: 40121
Waking up connected socket !
Socket connect success. socket = 4218
Connecting through vt-tcp success !
Successfully connected to lower ranked node: 79 at 10.1.38.14:10000
Adding new vt-tcp-socket !
Creating vt-tcp socket !
Connecting to lower ranked node: 78 at 10.1.38.18:10000
Connecting .. Socket: 4219, src-port: 40122
Waking up connected socket !
Socket connect success. socket = 4219
Connecting through vt-tcp success !
Successfully connected to lower ranked node: 78 at 10.1.38.18:10000
Adding new vt-tcp-socket !
Creating vt-tcp socket !
Connecting to lower ranked node: 77 at 10.1.38.22:10000
Connecting .. Socket: 4220, src-port: 40123
Waking up connected socket !
Socket connect success. socket = 4220
Connecting through vt-tcp success !
Successfully connected to lower ranked node: 77 at 10.1.38.22:10000
Adding new vt-tcp-socket !
Creating vt-tcp socket !
Connecting to lower ranked node: 76 at 10.1.38.26:10000
Connecting .. Socket: 4221, src-port: 40124
Waking up connected socket !
Socket connect success. socket = 4221
Connecting through vt-tcp success !
Successfully connected to lower ranked node: 76 at 10.1.38.26:10000
Adding new vt-tcp-socket !
Creating vt-tcp socket !
Connecting to lower ranked node: 75 at 10.1.38.30:10000
Connecting .. Socket: 4222, src-port: 40125
Waking up connected socket !
Socket connect success. socket = 4222
Connecting through vt-tcp success !
Successfully connected to lower ranked node: 75 at 10.1.38.30:10000
Adding new vt-tcp-socket !
Creating vt-tcp socket !
Connecting to lower ranked node: 74 at 10.1.38.34:10000
Connecting .. Socket: 4223, src-port: 40126
Waking up connected socket !
Socket connect success. socket = 4223
Connecting through vt-tcp success !
Successfully connected to lower ranked node: 74 at 10.1.38.34:10000
Adding new vt-tcp-socket !
Creating vt-tcp socket !
Connecting to lower ranked node: 73 at 10.1.38.38:10000
Connecting .. Socket: 4224, src-port: 40127
Waking up connected socket !
Socket connect success. socket = 4224
Connecting through vt-tcp success !
Successfully connected to lower ranked node: 73 at 10.1.38.38:10000
Adding new vt-tcp-socket !
Creating vt-tcp socket !
Connecting to lower ranked node: 72 at 10.1.38.2:10000
Connecting .. Socket: 4225, src-port: 40128
Waking up connected socket !
Socket connect success. socket = 4225
Connecting through vt-tcp success !
Successfully connected to lower ranked node: 72 at 10.1.38.2:10000
Adding new vt-tcp-socket !
Creating vt-tcp socket !
Connecting to lower ranked node: 71 at 10.1.38.46:10000
Connecting .. Socket: 4226, src-port: 40129
Waking up connected socket !
Socket connect success. socket = 4226
Connecting through vt-tcp success !
Successfully connected to lower ranked node: 71 at 10.1.38.46:10000
Adding new vt-tcp-socket !
Creating vt-tcp socket !
Connecting to lower ranked node: 70 at 10.1.38.50:10000
Connecting .. Socket: 4227, src-port: 40130
Waking up connected socket !
Socket connect success. socket = 4227
Connecting through vt-tcp success !
Successfully connected to lower ranked node: 70 at 10.1.38.50:10000
Adding new vt-tcp-socket !
Creating vt-tcp socket !
Connecting to lower ranked node: 69 at 10.1.38.54:10000
Connecting .. Socket: 4228, src-port: 40131
Waking up connected socket !
Socket connect success. socket = 4228
Connecting through vt-tcp success !
Successfully connected to lower ranked node: 69 at 10.1.38.54:10000
Adding new vt-tcp-socket !
Creating vt-tcp socket !
Connecting to lower ranked node: 68 at 10.1.38.58:10000
Connecting .. Socket: 4229, src-port: 40132
Waking up connected socket !
Socket connect success. socket = 4229
Connecting through vt-tcp success !
Successfully connected to lower ranked node: 68 at 10.1.38.58:10000
Adding new vt-tcp-socket !
Creating vt-tcp socket !
Connecting to lower ranked node: 67 at 10.1.38.62:10000
Connecting .. Socket: 4230, src-port: 40133
Waking up connected socket !
Socket connect success. socket = 4230
Connecting through vt-tcp success !
Successfully connected to lower ranked node: 67 at 10.1.38.62:10000
Adding new vt-tcp-socket !
Creating vt-tcp socket !
Connecting to lower ranked node: 66 at 10.1.38.66:10000
Connecting .. Socket: 4231, src-port: 40134
Waking up connected socket !
Socket connect success. socket = 4231
Connecting through vt-tcp success !
Successfully connected to lower ranked node: 66 at 10.1.38.66:10000
Adding new vt-tcp-socket !
Creating vt-tcp socket !
Connecting to lower ranked node: 65 at 10.1.38.70:10000
Connecting .. Socket: 4232, src-port: 40135
Waking up connected socket !
Socket connect success. socket = 4232
Connecting through vt-tcp success !
Successfully connected to lower ranked node: 65 at 10.1.38.70:10000
Adding new vt-tcp-socket !
Creating vt-tcp socket !
Connecting to lower ranked node: 64 at 10.1.38.74:10000
Connecting .. Socket: 4233, src-port: 40136
Waking up connected socket !
Socket connect success. socket = 4233
Connecting through vt-tcp success !
Successfully connected to lower ranked node: 64 at 10.1.38.74:10000
Adding new vt-tcp-socket !
Creating vt-tcp socket !
Connecting to lower ranked node: 63 at 10.1.38.78:10000
Connecting .. Socket: 4234, src-port: 40137
Waking up connected socket !
Socket connect success. socket = 4234
Connecting through vt-tcp success !
Successfully connected to lower ranked node: 63 at 10.1.38.78:10000
Adding new vt-tcp-socket !
Creating vt-tcp socket !
Connecting to lower ranked node: 62 at 10.1.38.122:10000
Connecting .. Socket: 4235, src-port: 40138
Waking up connected socket !
Socket connect success. socket = 4235
Connecting through vt-tcp success !
Successfully connected to lower ranked node: 62 at 10.1.38.122:10000
Adding new vt-tcp-socket !
Creating vt-tcp socket !
Connecting to lower ranked node: 61 at 10.1.38.238:10000
Connecting .. Socket: 4236, src-port: 40139
Waking up connected socket !
Socket connect success. socket = 4236
Connecting through vt-tcp success !
Successfully connected to lower ranked node: 61 at 10.1.38.238:10000
Adding new vt-tcp-socket !
Creating vt-tcp socket !
Connecting to lower ranked node: 60 at 10.1.38.242:10000
Connecting .. Socket: 4237, src-port: 40140
Waking up connected socket !
Socket connect success. socket = 4237
Connecting through vt-tcp success !
Successfully connected to lower ranked node: 60 at 10.1.38.242:10000
Adding new vt-tcp-socket !
Creating vt-tcp socket !
Connecting to lower ranked node: 59 at 10.1.38.246:10000
Connecting .. Socket: 4238, src-port: 40141
Waking up connected socket !
Socket connect success. socket = 4238
Connecting through vt-tcp success !
Successfully connected to lower ranked node: 59 at 10.1.38.246:10000
Adding new vt-tcp-socket !
Creating vt-tcp socket !
Connecting to lower ranked node: 58 at 10.1.38.250:10000
Connecting .. Socket: 4239, src-port: 40142
Waking up connected socket !
Socket connect success. socket = 4239
Connecting through vt-tcp success !
Successfully connected to lower ranked node: 58 at 10.1.38.250:10000
Adding new vt-tcp-socket !
Creating vt-tcp socket !
Connecting to lower ranked node: 57 at 10.1.38.254:10000
Connecting .. Socket: 4240, src-port: 40143
Waking up connected socket !
Socket connect success. socket = 4240
Connecting through vt-tcp success !
Successfully connected to lower ranked node: 57 at 10.1.38.254:10000
Adding new vt-tcp-socket !
Creating vt-tcp socket !
Connecting to lower ranked node: 56 at 10.1.39.2:10000
Connecting .. Socket: 4241, src-port: 40144
Waking up connected socket !
Socket connect success. socket = 4241
Connecting through vt-tcp success !
Successfully connected to lower ranked node: 56 at 10.1.39.2:10000
Adding new vt-tcp-socket !
Creating vt-tcp socket !
Connecting to lower ranked node: 55 at 10.1.39.6:10000
Connecting .. Socket: 4242, src-port: 40145
Waking up connected socket !
Socket connect success. socket = 4242
Connecting through vt-tcp success !
Successfully connected to lower ranked node: 55 at 10.1.39.6:10000
Adding new vt-tcp-socket !
Creating vt-tcp socket !
Connecting to lower ranked node: 54 at 10.1.39.10:10000
Connecting .. Socket: 4243, src-port: 40146
Waking up connected socket !
Socket connect success. socket = 4243
Connecting through vt-tcp success !
Successfully connected to lower ranked node: 54 at 10.1.39.10:10000
Adding new vt-tcp-socket !
Creating vt-tcp socket !
Connecting to lower ranked node: 53 at 10.1.39.14:10000
Connecting .. Socket: 4244, src-port: 40147
Waking up connected socket !
Socket connect success. socket = 4244
Connecting through vt-tcp success !
Successfully connected to lower ranked node: 53 at 10.1.39.14:10000
Adding new vt-tcp-socket !
Creating vt-tcp socket !
Connecting to lower ranked node: 52 at 10.1.38.234:10000
Connecting .. Socket: 4245, src-port: 40148
Waking up connected socket !
Socket connect success. socket = 4245
Connecting through vt-tcp success !
Successfully connected to lower ranked node: 52 at 10.1.38.234:10000
Adding new vt-tcp-socket !
Creating vt-tcp socket !
Connecting to lower ranked node: 51 at 10.1.39.22:10000
Connecting .. Socket: 4246, src-port: 40149
Waking up connected socket !
Socket connect success. socket = 4246
Connecting through vt-tcp success !
Successfully connected to lower ranked node: 51 at 10.1.39.22:10000
Adding new vt-tcp-socket !
Creating vt-tcp socket !
Connecting to lower ranked node: 50 at 10.1.39.26:10000
Connecting .. Socket: 4247, src-port: 40150
Waking up connected socket !
Socket connect success. socket = 4247
Connecting through vt-tcp success !
Successfully connected to lower ranked node: 50 at 10.1.39.26:10000
Adding new vt-tcp-socket !
Creating vt-tcp socket !
Connecting to lower ranked node: 49 at 10.1.39.30:10000
Connecting .. Socket: 4248, src-port: 40151
Waking up connected socket !
Socket connect success. socket = 4248
Connecting through vt-tcp success !
Successfully connected to lower ranked node: 49 at 10.1.39.30:10000
Adding new vt-tcp-socket !
Creating vt-tcp socket !
Connecting to lower ranked node: 48 at 10.1.39.34:10000
Connecting .. Socket: 4249, src-port: 40152
Waking up connected socket !
Socket connect success. socket = 4249
Connecting through vt-tcp success !
Successfully connected to lower ranked node: 48 at 10.1.39.34:10000
Adding new vt-tcp-socket !
Creating vt-tcp socket !
Connecting to lower ranked node: 47 at 10.1.39.38:10000
Connecting .. Socket: 4250, src-port: 40153
Waking up connected socket !
Socket connect success. socket = 4250
Connecting through vt-tcp success !
Successfully connected to lower ranked node: 47 at 10.1.39.38:10000
Adding new vt-tcp-socket !
Creating vt-tcp socket !
Connecting to lower ranked node: 46 at 10.1.39.42:10000
Connecting .. Socket: 4251, src-port: 40154
Waking up connected socket !
Socket connect success. socket = 4251
Connecting through vt-tcp success !
Successfully connected to lower ranked node: 46 at 10.1.39.42:10000
Adding new vt-tcp-socket !
Creating vt-tcp socket !
Connecting to lower ranked node: 45 at 10.1.39.46:10000
Connecting .. Socket: 4252, src-port: 40155
Waking up connected socket !
Socket connect success. socket = 4252
Connecting through vt-tcp success !
Successfully connected to lower ranked node: 45 at 10.1.39.46:10000
Adding new vt-tcp-socket !
Creating vt-tcp socket !
Connecting to lower ranked node: 44 at 10.1.39.50:10000
Connecting .. Socket: 4253, src-port: 40156
Waking up connected socket !
Socket connect success. socket = 4253
Connecting through vt-tcp success !
Successfully connected to lower ranked node: 44 at 10.1.39.50:10000
Adding new vt-tcp-socket !
Creating vt-tcp socket !
Connecting to lower ranked node: 43 at 10.1.38.198:10000
Connecting .. Socket: 4254, src-port: 40157
Waking up connected socket !
Socket connect success. socket = 4254
Connecting through vt-tcp success !
Successfully connected to lower ranked node: 43 at 10.1.38.198:10000
Adding new vt-tcp-socket !
Creating vt-tcp socket !
Connecting to lower ranked node: 42 at 10.1.38.162:10000
Connecting .. Socket: 4255, src-port: 40158
Waking up connected socket !
Socket connect success. socket = 4255
Connecting through vt-tcp success !
Successfully connected to lower ranked node: 42 at 10.1.38.162:10000
Adding new vt-tcp-socket !
Creating vt-tcp socket !
Connecting to lower ranked node: 41 at 10.1.38.166:10000
Connecting .. Socket: 4256, src-port: 40159
Waking up connected socket !
Socket connect success. socket = 4256
Connecting through vt-tcp success !
Successfully connected to lower ranked node: 41 at 10.1.38.166:10000
Adding new vt-tcp-socket !
Creating vt-tcp socket !
Connecting to lower ranked node: 40 at 10.1.38.170:10000
Connecting .. Socket: 4257, src-port: 40160
Waking up connected socket !
Socket connect success. socket = 4257
Connecting through vt-tcp success !
Successfully connected to lower ranked node: 40 at 10.1.38.170:10000
Adding new vt-tcp-socket !
Creating vt-tcp socket !
Connecting to lower ranked node: 39 at 10.1.38.174:10000
Connecting .. Socket: 4258, src-port: 40161
Waking up connected socket !
Socket connect success. socket = 4258
Connecting through vt-tcp success !
Successfully connected to lower ranked node: 39 at 10.1.38.174:10000
Adding new vt-tcp-socket !
Creating vt-tcp socket !
Connecting to lower ranked node: 38 at 10.1.38.178:10000
Connecting .. Socket: 4259, src-port: 40162
Waking up connected socket !
Socket connect success. socket = 4259
Connecting through vt-tcp success !
Successfully connected to lower ranked node: 38 at 10.1.38.178:10000
Adding new vt-tcp-socket !
Creating vt-tcp socket !
Connecting to lower ranked node: 37 at 10.1.38.182:10000
Connecting .. Socket: 4260, src-port: 40163
Waking up connected socket !
Socket connect success. socket = 4260
Connecting through vt-tcp success !
Successfully connected to lower ranked node: 37 at 10.1.38.182:10000
Adding new vt-tcp-socket !
Creating vt-tcp socket !
Connecting to lower ranked node: 36 at 10.1.38.186:10000
Connecting .. Socket: 4261, src-port: 40164
Waking up connected socket !
Socket connect success. socket = 4261
Connecting through vt-tcp success !
Successfully connected to lower ranked node: 36 at 10.1.38.186:10000
Adding new vt-tcp-socket !
Creating vt-tcp socket !
Connecting to lower ranked node: 35 at 10.1.38.190:10000
Connecting .. Socket: 4262, src-port: 40165
Waking up connected socket !
Socket connect success. socket = 4262
Connecting through vt-tcp success !
Successfully connected to lower ranked node: 35 at 10.1.38.190:10000
Adding new vt-tcp-socket !
Creating vt-tcp socket !
Connecting to lower ranked node: 34 at 10.1.38.194:10000
Connecting .. Socket: 4263, src-port: 40166
Waking up connected socket !
Socket connect success. socket = 4263
Connecting through vt-tcp success !
Successfully connected to lower ranked node: 34 at 10.1.38.194:10000
Adding new vt-tcp-socket !
Creating vt-tcp socket !
Connecting to lower ranked node: 33 at 10.1.38.158:10000
Connecting .. Socket: 4264, src-port: 40167
Waking up connected socket !
Socket connect success. socket = 4264
Connecting through vt-tcp success !
Successfully connected to lower ranked node: 33 at 10.1.38.158:10000
Adding new vt-tcp-socket !
Creating vt-tcp socket !
Connecting to lower ranked node: 32 at 10.1.38.202:10000
Connecting .. Socket: 4265, src-port: 40168
Waking up connected socket !
Socket connect success. socket = 4265
Connecting through vt-tcp success !
Successfully connected to lower ranked node: 32 at 10.1.38.202:10000
Adding new vt-tcp-socket !
Creating vt-tcp socket !
Connecting to lower ranked node: 31 at 10.1.38.206:10000
Connecting .. Socket: 4266, src-port: 40169
Waking up connected socket !
Socket connect success. socket = 4266
Connecting through vt-tcp success !
Successfully connected to lower ranked node: 31 at 10.1.38.206:10000
Adding new vt-tcp-socket !
Creating vt-tcp socket !
Connecting to lower ranked node: 30 at 10.1.38.210:10000
Connecting .. Socket: 4267, src-port: 40170
Waking up connected socket !
Socket connect success. socket = 4267
Connecting through vt-tcp success !
Successfully connected to lower ranked node: 30 at 10.1.38.210:10000
Adding new vt-tcp-socket !
Creating vt-tcp socket !
Connecting to lower ranked node: 29 at 10.1.38.214:10000
Connecting .. Socket: 4268, src-port: 40171
Waking up connected socket !
Socket connect success. socket = 4268
Connecting through vt-tcp success !
Successfully connected to lower ranked node: 29 at 10.1.38.214:10000
Adding new vt-tcp-socket !
Creating vt-tcp socket !
Connecting to lower ranked node: 28 at 10.1.38.218:10000
Connecting .. Socket: 4269, src-port: 40172
Waking up connected socket !
Socket connect success. socket = 4269
Connecting through vt-tcp success !
Successfully connected to lower ranked node: 28 at 10.1.38.218:10000
Adding new vt-tcp-socket !
Creating vt-tcp socket !
Connecting to lower ranked node: 27 at 10.1.38.222:10000
Connecting .. Socket: 4270, src-port: 40173
Waking up connected socket !
Socket connect success. socket = 4270
Connecting through vt-tcp success !
Successfully connected to lower ranked node: 27 at 10.1.38.222:10000
Adding new vt-tcp-socket !
Creating vt-tcp socket !
Connecting to lower ranked node: 26 at 10.1.38.226:10000
Connecting .. Socket: 4271, src-port: 40174
Waking up connected socket !
Socket connect success. socket = 4271
Connecting through vt-tcp success !
Successfully connected to lower ranked node: 26 at 10.1.38.226:10000
Adding new vt-tcp-socket !
Creating vt-tcp socket !
Connecting to lower ranked node: 25 at 10.1.38.230:10000
Connecting .. Socket: 4272, src-port: 40175
Waking up connected socket !
Socket connect success. socket = 4272
Connecting through vt-tcp success !
Successfully connected to lower ranked node: 25 at 10.1.38.230:10000
Adding new vt-tcp-socket !
Creating vt-tcp socket !
Connecting to lower ranked node: 24 at 10.1.37.222:10000
Connecting .. Socket: 4273, src-port: 40176
Waking up connected socket !
Socket connect success. socket = 4273
Connecting through vt-tcp success !
Successfully connected to lower ranked node: 24 at 10.1.37.222:10000
Adding new vt-tcp-socket !
Creating vt-tcp socket !
Connecting to lower ranked node: 23 at 10.1.37.34:10000
Connecting .. Socket: 4274, src-port: 40177
Waking up connected socket !
Socket connect success. socket = 4274
Connecting through vt-tcp success !
Successfully connected to lower ranked node: 23 at 10.1.37.34:10000
Adding new vt-tcp-socket !
Creating vt-tcp socket !
Connecting to lower ranked node: 22 at 10.1.37.38:10000
Connecting .. Socket: 4275, src-port: 40178
Waking up connected socket !
Socket connect success. socket = 4275
Connecting through vt-tcp success !
Successfully connected to lower ranked node: 22 at 10.1.37.38:10000
Adding new vt-tcp-socket !
Creating vt-tcp socket !
Connecting to lower ranked node: 21 at 10.1.37.42:10000
Connecting .. Socket: 4276, src-port: 40179
Waking up connected socket !
Socket connect success. socket = 4276
Connecting through vt-tcp success !
Successfully connected to lower ranked node: 21 at 10.1.37.42:10000
Adding new vt-tcp-socket !
Creating vt-tcp socket !
Connecting to lower ranked node: 20 at 10.1.37.46:10000
Connecting .. Socket: 4277, src-port: 40180
Waking up connected socket !
Socket connect success. socket = 4277
Connecting through vt-tcp success !
Successfully connected to lower ranked node: 20 at 10.1.37.46:10000
Adding new vt-tcp-socket !
Creating vt-tcp socket !
Connecting to lower ranked node: 19 at 10.1.37.50:10000
Connecting .. Socket: 4278, src-port: 40181
Waking up connected socket !
Socket connect success. socket = 4278
Connecting through vt-tcp success !
Successfully connected to lower ranked node: 19 at 10.1.37.50:10000
Adding new vt-tcp-socket !
Creating vt-tcp socket !
Connecting to lower ranked node: 18 at 10.1.37.54:10000
Connecting .. Socket: 4279, src-port: 40182
Waking up connected socket !
Socket connect success. socket = 4279
Connecting through vt-tcp success !
Successfully connected to lower ranked node: 18 at 10.1.37.54:10000
Adding new vt-tcp-socket !
Creating vt-tcp socket !
Connecting to lower ranked node: 17 at 10.1.37.58:10000
Connecting .. Socket: 4280, src-port: 40183
Waking up connected socket !
Socket connect success. socket = 4280
Connecting through vt-tcp success !
Successfully connected to lower ranked node: 17 at 10.1.37.58:10000
Adding new vt-tcp-socket !
Creating vt-tcp socket !
Connecting to lower ranked node: 16 at 10.1.37.62:10000
Connecting .. Socket: 4281, src-port: 40184
Waking up connected socket !
Socket connect success. socket = 4281
Connecting through vt-tcp success !
Successfully connected to lower ranked node: 16 at 10.1.37.62:10000
Adding new vt-tcp-socket !
Creating vt-tcp socket !
Connecting to lower ranked node: 15 at 10.1.37.66:10000
Connecting .. Socket: 4282, src-port: 40185
Waking up connected socket !
Socket connect success. socket = 4282
Connecting through vt-tcp success !
Successfully connected to lower ranked node: 15 at 10.1.37.66:10000
Adding new vt-tcp-socket !
Creating vt-tcp socket !
Connecting to lower ranked node: 14 at 10.1.37.30:10000
Connecting .. Socket: 4283, src-port: 40186
Waking up connected socket !
Socket connect success. socket = 4283
Connecting through vt-tcp success !
Successfully connected to lower ranked node: 14 at 10.1.37.30:10000
Adding new vt-tcp-socket !
Creating vt-tcp socket !
Connecting to lower ranked node: 13 at 10.1.37.74:10000
Connecting .. Socket: 4284, src-port: 40187
Waking up connected socket !
Socket connect success. socket = 4284
Connecting through vt-tcp success !
Successfully connected to lower ranked node: 13 at 10.1.37.74:10000
Adding new vt-tcp-socket !
Creating vt-tcp socket !
Connecting to lower ranked node: 12 at 10.1.37.78:10000
Connecting .. Socket: 4285, src-port: 40188
Waking up connected socket !
Socket connect success. socket = 4285
Connecting through vt-tcp success !
Successfully connected to lower ranked node: 12 at 10.1.37.78:10000
Adding new vt-tcp-socket !
Creating vt-tcp socket !
Connecting to lower ranked node: 11 at 10.1.37.82:10000
Connecting .. Socket: 4286, src-port: 40189
Waking up connected socket !
Socket connect success. socket = 4286
Connecting through vt-tcp success !
Successfully connected to lower ranked node: 11 at 10.1.37.82:10000
Adding new vt-tcp-socket !
Creating vt-tcp socket !
Connecting to lower ranked node: 10 at 10.1.37.86:10000
Connecting .. Socket: 4287, src-port: 40190
Waking up connected socket !
Socket connect success. socket = 4287
Connecting through vt-tcp success !
Successfully connected to lower ranked node: 10 at 10.1.37.86:10000
Adding new vt-tcp-socket !
Creating vt-tcp socket !
Connecting to lower ranked node: 9 at 10.1.37.90:10000
Connecting .. Socket: 4288, src-port: 40191
Waking up connected socket !
Socket connect success. socket = 4288
Connecting through vt-tcp success !
Successfully connected to lower ranked node: 9 at 10.1.37.90:10000
Adding new vt-tcp-socket !
Creating vt-tcp socket !
Connecting to lower ranked node: 8 at 10.1.37.94:10000
Connecting .. Socket: 4289, src-port: 40192
Waking up connected socket !
Socket connect success. socket = 4289
Connecting through vt-tcp success !
Successfully connected to lower ranked node: 8 at 10.1.37.94:10000
Adding new vt-tcp-socket !
Creating vt-tcp socket !
Connecting to lower ranked node: 7 at 10.1.37.98:10000
Connecting .. Socket: 4290, src-port: 40193
Waking up connected socket !
Socket connect success. socket = 4290
Connecting through vt-tcp success !
Successfully connected to lower ranked node: 7 at 10.1.37.98:10000
Adding new vt-tcp-socket !
Creating vt-tcp socket !
Connecting to lower ranked node: 6 at 10.1.37.102:10000
Connecting .. Socket: 4291, src-port: 40194
Waking up connected socket !
Socket connect success. socket = 4291
Connecting through vt-tcp success !
Successfully connected to lower ranked node: 6 at 10.1.37.102:10000
Adding new vt-tcp-socket !
Creating vt-tcp socket !
Connecting to lower ranked node: 5 at 10.1.36.246:10000
Connecting .. Socket: 4292, src-port: 40195
Waking up connected socket !
Socket connect success. socket = 4292
Connecting through vt-tcp success !
Successfully connected to lower ranked node: 5 at 10.1.36.246:10000
Adding new vt-tcp-socket !
Creating vt-tcp socket !
Connecting to lower ranked node: 4 at 10.1.36.210:10000
Connecting .. Socket: 4293, src-port: 40196
Waking up connected socket !
Socket connect success. socket = 4293
Connecting through vt-tcp success !
Successfully connected to lower ranked node: 4 at 10.1.36.210:10000
Adding new vt-tcp-socket !
Creating vt-tcp socket !
Connecting to lower ranked node: 3 at 10.1.36.214:10000
Connecting .. Socket: 4294, src-port: 40197
Waking up connected socket !
Socket connect success. socket = 4294
Connecting through vt-tcp success !
Successfully connected to lower ranked node: 3 at 10.1.36.214:10000
Adding new vt-tcp-socket !
Creating vt-tcp socket !
Connecting to lower ranked node: 2 at 10.1.36.218:10000
Connecting .. Socket: 4295, src-port: 40198
Waking up connected socket !
Socket connect success. socket = 4295
Connecting through vt-tcp success !
Successfully connected to lower ranked node: 2 at 10.1.36.218:10000
Adding new vt-tcp-socket !
Creating vt-tcp socket !
Connecting to lower ranked node: 1 at 10.1.36.222:10000
Connecting .. Socket: 4296, src-port: 40199
Waking up connected socket !
Socket connect success. socket = 4296
Connecting through vt-tcp success !
Successfully connected to lower ranked node: 1 at 10.1.36.222:10000
Adding new vt-tcp-socket !
Creating vt-tcp socket !
Connecting to lower ranked node: 0 at 10.1.36.226:10000
Connecting .. Socket: 4297, src-port: 40200
Waking up connected socket !
Socket connect success. socket = 4297
Connecting through vt-tcp success !
Successfully connected to lower ranked node: 0 at 10.1.36.226:10000

---------------- Creating listen Thread ! --------------

---------------- MPI-Init success ! --------------

-------------------------------------------------------------
  Task no: 1
Waiting for trigger !
Adding new Thread: 8
Resuming new Thread with Burst of length: 5400
  Worker 100 iterates from 1063110700 <= I < 1073741824

Called SetLoopLookahead: init: 1063110700, final: 1073741824, step: 1, loopDepth: 0, cumulative-num-iterations: 10631124, look-ahead-ns: 62999252
Called SetLoopLookahead: init: 29, final: -1, step: -1, loopDepth: 1, cumulative-num-iterations: 318933720, look-ahead-ns: 590617984
tcp-rto: snd_una: 1, rto: 400, backoff: 1, sock-fd = 4204
tcp-rto: snd_una: 1, rto: 400, backoff: 1, sock-fd = 4214
tcp-rto: snd_una: 1, rto: 400, backoff: 1, sock-fd = 4216
tcp-rto: snd_una: 1, rto: 400, backoff: 1, sock-fd = 4218
tcp-rto: snd_una: 1, rto: 400, backoff: 1, sock-fd = 4221
tcp-rto: snd_una: 1, rto: 400, backoff: 1, sock-fd = 4222
tcp-rto: snd_una: 1, rto: 400, backoff: 1, sock-fd = 4226
tcp-rto: snd_una: 1, rto: 400, backoff: 1, sock-fd = 4228
tcp-rto: snd_una: 1, rto: 400, backoff: 1, sock-fd = 4235
tcp-rto: snd_una: 1, rto: 400, backoff: 1, sock-fd = 4236
tcp-rto: snd_una: 1, rto: 400, backoff: 1, sock-fd = 4240
tcp-rto: snd_una: 1, rto: 400, backoff: 1, sock-fd = 4242
tcp-rto: snd_una: 1, rto: 400, backoff: 1, sock-fd = 4248
tcp-rto: snd_una: 1, rto: 400, backoff: 1, sock-fd = 4254
tcp-rto: snd_una: 1, rto: 400, backoff: 1, sock-fd = 4261
tcp-rto: snd_una: 1, rto: 400, backoff: 1, sock-fd = 4287
tcp-rto: snd_una: 1, rto: 400, backoff: 1, sock-fd = 4288
tcp-rto: snd_una: 1, rto: 400, backoff: 1, sock-fd = 4291
Sending results to master node !
Avg-Compute-Communication-Ratio = 57.478588

-------------------------------------------------------------
  Task no: 2
Waiting for trigger !
  Worker 100 iterates from 1063110700 <= I < 1073741824

Called SetLoopLookahead: init: 1063110700, final: 1073741824, step: 1, loopDepth: 0, cumulative-num-iterations: 10631124, look-ahead-ns: 62999252
Called SetLoopLookahead: init: 29, final: -1, step: -1, loopDepth: 1, cumulative-num-iterations: 318933720, look-ahead-ns: 590617984
Sending results to master node !
Avg-Compute-Communication-Ratio = 21.342346

-------------------------------------------------------------
  Task no: 3
Waiting for trigger !
  Worker 100 iterates from 1063110700 <= I < 1073741824

Called SetLoopLookahead: init: 1063110700, final: 1073741824, step: 1, loopDepth: 0, cumulative-num-iterations: 10631124, look-ahead-ns: 62999252
Called SetLoopLookahead: init: 29, final: -1, step: -1, loopDepth: 1, cumulative-num-iterations: 318933720, look-ahead-ns: 590617984
Sending results to master node !
Avg-Compute-Communication-Ratio = 17.647093

-------------------------------------------------------------
  Task no: 4
Waiting for trigger !
  Worker 100 iterates from 1063110700 <= I < 1073741824

Called SetLoopLookahead: init: 1063110700, final: 1073741824, step: 1, loopDepth: 0, cumulative-num-iterations: 10631124, look-ahead-ns: 62999252
Called SetLoopLookahead: init: 29, final: -1, step: -1, loopDepth: 1, cumulative-num-iterations: 318933720, look-ahead-ns: 590617984
Sending results to master node !
Avg-Compute-Communication-Ratio = 16.239976

-------------------------------------------------------------
  Task no: 5
Waiting for trigger !
  Worker 100 iterates from 1063110700 <= I < 1073741824

Called SetLoopLookahead: init: 1063110700, final: 1073741824, step: 1, loopDepth: 0, cumulative-num-iterations: 10631124, look-ahead-ns: 62999252
Called SetLoopLookahead: init: 29, final: -1, step: -1, loopDepth: 1, cumulative-num-iterations: 318933720, look-ahead-ns: 590617984
Sending results to master node !
Avg-Compute-Communication-Ratio = 15.499540

-------------------------------------------------------------
  Task no: 6
Waiting for trigger !
  Worker 100 iterates from 1063110700 <= I < 1073741824

Called SetLoopLookahead: init: 1063110700, final: 1073741824, step: 1, loopDepth: 0, cumulative-num-iterations: 10631124, look-ahead-ns: 62999252
Called SetLoopLookahead: init: 29, final: -1, step: -1, loopDepth: 1, cumulative-num-iterations: 318933720, look-ahead-ns: 590617984
Sending results to master node !
Avg-Compute-Communication-Ratio = 15.041797

-------------------------------------------------------------
  Task no: 7
Waiting for trigger !
  Worker 100 iterates from 1063110700 <= I < 1073741824

Called SetLoopLookahead: init: 1063110700, final: 1073741824, step: 1, loopDepth: 0, cumulative-num-iterations: 10631124, look-ahead-ns: 62999252
Called SetLoopLookahead: init: 29, final: -1, step: -1, loopDepth: 1, cumulative-num-iterations: 318933720, look-ahead-ns: 590617984
Sending results to master node !
Avg-Compute-Communication-Ratio = 14.730859

-------------------------------------------------------------
  Task no: 8
Waiting for trigger !
  Worker 100 iterates from 1063110700 <= I < 1073741824

Called SetLoopLookahead: init: 1063110700, final: 1073741824, step: 1, loopDepth: 0, cumulative-num-iterations: 10631124, look-ahead-ns: 62999252
Called SetLoopLookahead: init: 29, final: -1, step: -1, loopDepth: 1, cumulative-num-iterations: 318933720, look-ahead-ns: 590617984
Sending results to master node !
Avg-Compute-Communication-Ratio = 14.506368

-------------------------------------------------------------
  Task no: 9
Waiting for trigger !
  Worker 100 iterates from 1063110700 <= I < 1073741824

Called SetLoopLookahead: init: 1063110700, final: 1073741824, step: 1, loopDepth: 0, cumulative-num-iterations: 10631124, look-ahead-ns: 62999252
Called SetLoopLookahead: init: 29, final: -1, step: -1, loopDepth: 1, cumulative-num-iterations: 318933720, look-ahead-ns: 590617984
Sending results to master node !
Avg-Compute-Communication-Ratio = 14.336299

-------------------------------------------------------------
  Task no: 10
Waiting for trigger !
  Worker 100 iterates from 1063110700 <= I < 1073741824

Called SetLoopLookahead: init: 1063110700, final: 1073741824, step: 1, loopDepth: 0, cumulative-num-iterations: 10631124, look-ahead-ns: 62999252
Called SetLoopLookahead: init: 29, final: -1, step: -1, loopDepth: 1, cumulative-num-iterations: 318933720, look-ahead-ns: 590617984
Sending results to master node !
Avg-Compute-Communication-Ratio = 14.203274

-------------------------------------------------------------
  Task no: 11
Waiting for trigger !
  Worker 100 iterates from 1063110700 <= I < 1073741824

Called SetLoopLookahead: init: 1063110700, final: 1073741824, step: 1, loopDepth: 0, cumulative-num-iterations: 10631124, look-ahead-ns: 62999252
Called SetLoopLookahead: init: 29, final: -1, step: -1, loopDepth: 1, cumulative-num-iterations: 318933720, look-ahead-ns: 590617984
Sending results to master node !
Avg-Compute-Communication-Ratio = 14.095924

-------------------------------------------------------------
  Task no: 12
Waiting for trigger !
  Worker 100 iterates from 1063110700 <= I < 1073741824

Called SetLoopLookahead: init: 1063110700, final: 1073741824, step: 1, loopDepth: 0, cumulative-num-iterations: 10631124, look-ahead-ns: 62999252
Called SetLoopLookahead: init: 29, final: -1, step: -1, loopDepth: 1, cumulative-num-iterations: 318933720, look-ahead-ns: 590617984
Sending results to master node !
Avg-Compute-Communication-Ratio = 13.982972

-------------------------------------------------------------
  Task no: 13
Waiting for trigger !
  Worker 100 iterates from 1063110700 <= I < 1073741824

Called SetLoopLookahead: init: 1063110700, final: 1073741824, step: 1, loopDepth: 0, cumulative-num-iterations: 10631124, look-ahead-ns: 62999252
Called SetLoopLookahead: init: 29, final: -1, step: -1, loopDepth: 1, cumulative-num-iterations: 318933720, look-ahead-ns: 590617984
Sending results to master node !
Avg-Compute-Communication-Ratio = 13.934152

-------------------------------------------------------------
  Task no: 14
Waiting for trigger !
  Worker 100 iterates from 1063110700 <= I < 1073741824

Called SetLoopLookahead: init: 1063110700, final: 1073741824, step: 1, loopDepth: 0, cumulative-num-iterations: 10631124, look-ahead-ns: 62999252
Called SetLoopLookahead: init: 29, final: -1, step: -1, loopDepth: 1, cumulative-num-iterations: 318933720, look-ahead-ns: 590617984
Sending results to master node !
Avg-Compute-Communication-Ratio = 13.871559

-------------------------------------------------------------
  Task no: 15
Waiting for trigger !
  Worker 100 iterates from 1063110700 <= I < 1073741824

Called SetLoopLookahead: init: 1063110700, final: 1073741824, step: 1, loopDepth: 0, cumulative-num-iterations: 10631124, look-ahead-ns: 62999252
Called SetLoopLookahead: init: 29, final: -1, step: -1, loopDepth: 1, cumulative-num-iterations: 318933720, look-ahead-ns: 590617984
Sending results to master node !
Avg-Compute-Communication-Ratio = 13.817745

-------------------------------------------------------------
  Task no: 16
Waiting for trigger !
  Worker 100 iterates from 1063110700 <= I < 1073741824

Called SetLoopLookahead: init: 1063110700, final: 1073741824, step: 1, loopDepth: 0, cumulative-num-iterations: 10631124, look-ahead-ns: 62999252
Called SetLoopLookahead: init: 29, final: -1, step: -1, loopDepth: 1, cumulative-num-iterations: 318933720, look-ahead-ns: 590617984
Sending results to master node !
Avg-Compute-Communication-Ratio = 13.771109

-------------------------------------------------------------
  Task no: 17
Waiting for trigger !
  Worker 100 iterates from 1063110700 <= I < 1073741824

Called SetLoopLookahead: init: 1063110700, final: 1073741824, step: 1, loopDepth: 0, cumulative-num-iterations: 10631124, look-ahead-ns: 62999252
Called SetLoopLookahead: init: 29, final: -1, step: -1, loopDepth: 1, cumulative-num-iterations: 318933720, look-ahead-ns: 590617984
Sending results to master node !
Avg-Compute-Communication-Ratio = 13.729912

-------------------------------------------------------------
  Task no: 18
Waiting for trigger !
  Worker 100 iterates from 1063110700 <= I < 1073741824

Called SetLoopLookahead: init: 1063110700, final: 1073741824, step: 1, loopDepth: 0, cumulative-num-iterations: 10631124, look-ahead-ns: 62999252
Called SetLoopLookahead: init: 29, final: -1, step: -1, loopDepth: 1, cumulative-num-iterations: 318933720, look-ahead-ns: 590617984
Sending results to master node !
Avg-Compute-Communication-Ratio = 13.693836

-------------------------------------------------------------
  Task no: 19
Waiting for trigger !
  Worker 100 iterates from 1063110700 <= I < 1073741824

Called SetLoopLookahead: init: 1063110700, final: 1073741824, step: 1, loopDepth: 0, cumulative-num-iterations: 10631124, look-ahead-ns: 62999252
Called SetLoopLookahead: init: 29, final: -1, step: -1, loopDepth: 1, cumulative-num-iterations: 318933720, look-ahead-ns: 590617984
Sending results to master node !
Avg-Compute-Communication-Ratio = 13.661520

-------------------------------------------------------------
  Task no: 20
Waiting for trigger !
  Worker 100 iterates from 1063110700 <= I < 1073741824

Called SetLoopLookahead: init: 1063110700, final: 1073741824, step: 1, loopDepth: 0, cumulative-num-iterations: 10631124, look-ahead-ns: 62999252
Called SetLoopLookahead: init: 29, final: -1, step: -1, loopDepth: 1, cumulative-num-iterations: 318933720, look-ahead-ns: 590617984
Sending results to master node !
Avg-Compute-Communication-Ratio = 13.632610

-------------------------------------------------------------
  Task no: 21
Waiting for trigger !
  Worker 100 iterates from 1063110700 <= I < 1073741824

Called SetLoopLookahead: init: 1063110700, final: 1073741824, step: 1, loopDepth: 0, cumulative-num-iterations: 10631124, look-ahead-ns: 62999252
Called SetLoopLookahead: init: 29, final: -1, step: -1, loopDepth: 1, cumulative-num-iterations: 318933720, look-ahead-ns: 590617984
Sending results to master node !
Avg-Compute-Communication-Ratio = 13.606681

-------------------------------------------------------------
  Task no: 22
Waiting for trigger !
  Worker 100 iterates from 1063110700 <= I < 1073741824

Called SetLoopLookahead: init: 1063110700, final: 1073741824, step: 1, loopDepth: 0, cumulative-num-iterations: 10631124, look-ahead-ns: 62999252
Called SetLoopLookahead: init: 29, final: -1, step: -1, loopDepth: 1, cumulative-num-iterations: 318933720, look-ahead-ns: 590617984
Sending results to master node !
Avg-Compute-Communication-Ratio = 13.582988

-------------------------------------------------------------
  Task no: 23
Waiting for trigger !
  Worker 100 iterates from 1063110700 <= I < 1073741824

Called SetLoopLookahead: init: 1063110700, final: 1073741824, step: 1, loopDepth: 0, cumulative-num-iterations: 10631124, look-ahead-ns: 62999252
Called SetLoopLookahead: init: 29, final: -1, step: -1, loopDepth: 1, cumulative-num-iterations: 318933720, look-ahead-ns: 590617984
Sending results to master node !
Avg-Compute-Communication-Ratio = 13.561598

-------------------------------------------------------------
  Task no: 24
Waiting for trigger !
  Worker 100 iterates from 1063110700 <= I < 1073741824

Called SetLoopLookahead: init: 1063110700, final: 1073741824, step: 1, loopDepth: 0, cumulative-num-iterations: 10631124, look-ahead-ns: 62999252
Called SetLoopLookahead: init: 29, final: -1, step: -1, loopDepth: 1, cumulative-num-iterations: 318933720, look-ahead-ns: 590617984
Sending results to master node !
Avg-Compute-Communication-Ratio = 13.542086

-------------------------------------------------------------
  Task no: 25
Waiting for trigger !
  Worker 100 iterates from 1063110700 <= I < 1073741824

Called SetLoopLookahead: init: 1063110700, final: 1073741824, step: 1, loopDepth: 0, cumulative-num-iterations: 10631124, look-ahead-ns: 62999252
Called SetLoopLookahead: init: 29, final: -1, step: -1, loopDepth: 1, cumulative-num-iterations: 318933720, look-ahead-ns: 590617984
Sending results to master node !
Avg-Compute-Communication-Ratio = 13.524068

-------------------------------------------------------------
  Task no: 26
Waiting for trigger !
  Worker 100 iterates from 1063110700 <= I < 1073741824

Called SetLoopLookahead: init: 1063110700, final: 1073741824, step: 1, loopDepth: 0, cumulative-num-iterations: 10631124, look-ahead-ns: 62999252
Called SetLoopLookahead: init: 29, final: -1, step: -1, loopDepth: 1, cumulative-num-iterations: 318933720, look-ahead-ns: 590617984
Sending results to master node !
Avg-Compute-Communication-Ratio = 13.507568

-------------------------------------------------------------
  Task no: 27
Waiting for trigger !
  Worker 100 iterates from 1063110700 <= I < 1073741824

Called SetLoopLookahead: init: 1063110700, final: 1073741824, step: 1, loopDepth: 0, cumulative-num-iterations: 10631124, look-ahead-ns: 62999252
Called SetLoopLookahead: init: 29, final: -1, step: -1, loopDepth: 1, cumulative-num-iterations: 318933720, look-ahead-ns: 590617984
Sending results to master node !
Avg-Compute-Communication-Ratio = 13.481987

-------------------------------------------------------------
  Task no: 28
Waiting for trigger !
  Worker 100 iterates from 1063110700 <= I < 1073741824

Called SetLoopLookahead: init: 1063110700, final: 1073741824, step: 1, loopDepth: 0, cumulative-num-iterations: 10631124, look-ahead-ns: 62999252
Called SetLoopLookahead: init: 29, final: -1, step: -1, loopDepth: 1, cumulative-num-iterations: 318933720, look-ahead-ns: 590617984
Sending results to master node !
Avg-Compute-Communication-Ratio = 13.478154

-------------------------------------------------------------
  Task no: 29
Waiting for trigger !
  Worker 100 iterates from 1063110700 <= I < 1073741824

Called SetLoopLookahead: init: 1063110700, final: 1073741824, step: 1, loopDepth: 0, cumulative-num-iterations: 10631124, look-ahead-ns: 62999252
Called SetLoopLookahead: init: 29, final: -1, step: -1, loopDepth: 1, cumulative-num-iterations: 318933720, look-ahead-ns: 590617984
Exp finishing. Stopping stack thread with id: 6!

------------------------- ACTUAL STDOUT FROM EXECUTABLE ENDED -----------------------------

Process: 6 exiting VT experiment !
Main thread exiting. PID = 6
