Attempting to set static arp entries ...
Tracer: 40 >> Using SRC IP: 10.1.21.166 for any spawned virtual tcp-stacks
Tracer: 40 >> Updating firewall rules to drop outgoing TCP-RST packets
Attempting to set firewall rules ...
Tracer: 40 >> CMD TO RUN: /home/vignesh/VT-S3FNet/csudp/tcp_tgen/tgen client 60 10.1.20.226 7891 poisson 200000 8 > /home/vignesh/VT-S3FNet/experiment-data/TCP_LA_Enabled_nemus_80_poisson_mu_200000_txsize_8/client60.log
args[0] = /home/vignesh/VT-S3FNet/csudp/tcp_tgen/tgen
args[1] = client
args[2] = 60
args[3] = 10.1.20.226
args[4] = 7891
args[5] = poisson
args[6] = 200000
args[7] = 8
Setting appropriate environment variables ...
HOME DIRECTORY : /home/vignesh
Parsing TTN config file: /home/vignesh/.ttn/projects.db
Setting VT_L1_INS_CACHE_MISS_CYCLES to: 100
Setting VT_L1_INS_CACHE_LINES to: 64
Setting VT_L1_INS_CACHE_SIZE_KB to: 32
Setting VT_L1_INS_CACHE_ASSOC to: 8
Setting VT_L1_INS_CACHE_REPLACEMENT_POLICY to: LRU
Setting VT_L1_DATA_CACHE_MISS_CYCLES to: 100
Setting VT_L1_DATA_CACHE_LINES to: 64
Setting VT_L1_DATA_CACHE_SIZE_KB to: 32
Setting VT_L1_DATA_CACHE_ASSOC to: 8
Setting VT_L1_DATA_CACHE_REPLACEMENT_POLICY to: LRU
Setting VT_CPU_CYLES_NS to: 2.700000
Setting VT_NIC_SPEED_MBPS to: 1000.000000
Setting VT_TIMING_MODEL to: EMPIRICAL
Setting VT_BBL_LOOKAHEAD_FILE to: /home/vignesh/VT-S3FNet/csudp/tcp_tgen/.ttn/lookahead/bbl_lookahead.info
Setting VT_LOOP_LOOKAHEAD_FILE to: /home/vignesh/VT-S3FNet/csudp/tcp_tgen/.ttn/lookahead/loop_lookahead.info
Starting command: /home/vignesh/VT-S3FNet/csudp/tcp_tgen/tgen
Loading orig functions !
Starting executable with Pid = 6
Loading pointers to VTL Logic functions
Loaded pointers to all VTL Logic functions
Now Initializing VT-Management 
Extracting env variables !
Extracted tracer-id: 40
Extracted exp-type: 2
Extracted cpu-cycles-ns: 2.700000
Extracted socket-layer-ip: -1508572918
Starting VT-initialization !
Tracer-ID: 40, Timeline-ID: 40
Tracer registration for EXP_CS complete. TimelineID = 40, Return = 40
Tracer Adding to SQ. Tracer ID = 40
Parsing any provided lookahead information ...
Opening file: /home/vignesh/VT-S3FNet/csudp/tcp_tgen/.ttn/lookahead/bbl_lookahead.info
File size: 592
mapped memblock size: 592
Finish offset: 70, Number of values: 70
Returning success !
Loaded BBL lookaheads for 70 basic blocks ...
Opening file: /home/vignesh/VT-S3FNet/csudp/tcp_tgen/.ttn/lookahead/loop_lookahead.info
Failed to parse Loop Lookaheads. Ignoring ...
VT initialization successfull !
Finished Initializing VT-Management 
Initializing TCP-stack ...
TCP stack unique-id: 406
Starting virtual socket layer stack-thread !
Pthread_create: vtStackThread special case
Successfully initialized VTL-Logic embedded into the executable

------------------------- ACTUAL STDOUT FROM EXECUTABLE STARTS -----------------------------

Client: MyPid: 6
Adding new vt-tcp-socket !
Creating vt-tcp socket !
Client socket fd = 4097
setsockopt through vt-tcp !
setsockopt through vt-tcp !
Connecting to server ...
Connecting .. Socket: 4097, src-port: 40001
Waking up connected socket !
Socket connect success. socket = 4097
Connecting through vt-tcp success !
Sending data ...
Sending msgs of size: 1460 to server ...
Sent: 8 KB after: 0.808091 secs
Sent: 8 KB after: 0.234042 secs
Sent: 8 KB after: 0.086916 secs
Sent: 8 KB after: 0.116018 secs
Sent: 8 KB after: 0.042879 secs
Sent: 8 KB after: 0.027413 secs
Sent: 8 KB after: 0.157910 secs
Sent: 8 KB after: 0.279460 secs
Sent: 8 KB after: 0.138597 secs
Sent: 8 KB after: 0.371014 secs
Sent: 8 KB after: 0.074828 secs
Sent: 8 KB after: 0.239119 secs
Sent: 8 KB after: 0.448216 secs
Sent: 8 KB after: 0.132447 secs
Sent: 8 KB after: 0.161880 secs
Sent: 8 KB after: 0.168378 secs
Sent: 8 KB after: 0.043174 secs
Sent: 8 KB after: 0.278011 secs
Sent: 8 KB after: 0.491399 secs
Sent: 8 KB after: 0.036798 secs
Sent: 8 KB after: 0.080310 secs
Sent: 8 KB after: 0.973978 secs
Sent: 8 KB after: 0.324439 secs
Sent: 8 KB after: 0.192785 secs
Sent: 8 KB after: 0.237332 secs
Sent: 8 KB after: 0.162210 secs
Sent: 8 KB after: 0.020587 secs
Sent: 8 KB after: 0.086426 secs
Sent: 8 KB after: 0.145749 secs
Sent: 8 KB after: 0.082315 secs
Sent: 8 KB after: 0.171497 secs
Sent: 8 KB after: 0.138588 secs
Sent: 8 KB after: 0.005493 secs
Sent: 8 KB after: 0.526877 secs
Sent: 8 KB after: 0.562846 secs
Sent: 8 KB after: 0.049708 secs
Sent: 8 KB after: 0.011595 secs
Sent: 8 KB after: 0.133106 secs
Sent: 8 KB after: 0.720896 secs
Sent: 8 KB after: 0.162496 secs
Sent: 8 KB after: 0.079963 secs
Sent: 8 KB after: 0.067071 secs
Sent: 8 KB after: 0.058531 secs
Sent: 8 KB after: 0.050518 secs
Sent: 8 KB after: 0.293259 secs
Sent: 8 KB after: 0.330672 secs
Exp finishing. Stopping stack thread with id: 6!
VT-sleep-for exiting !

------------------------- ACTUAL STDOUT FROM EXECUTABLE ENDED -----------------------------

Process: 6 exiting VT experiment !
Main thread exiting. PID = 6
