Attempting to set static arp entries ...
Tracer: 16 >> Using SRC IP: 10.1.20.162 for any spawned virtual tcp-stacks
Tracer: 16 >> Updating firewall rules to drop outgoing TCP-RST packets
Attempting to set firewall rules ...
Tracer: 16 >> CMD TO RUN: /home/titan/VT-S3FNet/csudp/tcp_rand/rand_tgen client 36 10.1.21.134 7891 1000000 2000 > /home/titan/VT-S3FNet/experiment-data/TCP_RAND_LA_Enabled_nemus_60_poisson_mu_1000000_txsize_2000/client36.log
args[0] = /home/titan/VT-S3FNet/csudp/tcp_rand/rand_tgen
args[1] = client
args[2] = 36
args[3] = 10.1.21.134
args[4] = 7891
args[5] = 1000000
args[6] = 2000
Setting appropriate environment variables ...
HOME DIRECTORY : /home/titan
Parsing TTN config file: /home/titan/.ttn/projects.db
Setting VT_L1_INS_CACHE_MISS_CYCLES to: 100
Setting VT_L1_INS_CACHE_LINES to: 64
Setting VT_L1_INS_CACHE_SIZE_KB to: 32
Setting VT_L1_INS_CACHE_ASSOC to: 8
Setting VT_L1_INS_CACHE_REPLACEMENT_POLICY to: LRU
Setting VT_L1_DATA_CACHE_MISS_CYCLES to: 100
Setting VT_L1_DATA_CACHE_LINES to: 64
Setting VT_L1_DATA_CACHE_SIZE_KB to: 32
Setting VT_L1_DATA_CACHE_ASSOC to: 8
Setting VT_L1_DATA_CACHE_REPLACEMENT_POLICY to: LRU
Setting VT_CPU_CYLES_NS to: 2.700000
Setting VT_NIC_SPEED_MBPS to: 1000.000000
Setting VT_TIMING_MODEL to: EMPIRICAL
Setting VT_BBL_LOOKAHEAD_FILE to: /home/titan/VT-S3FNet/csudp/tcp_rand/.ttn/lookahead/bbl_lookahead.info
Setting VT_LOOP_LOOKAHEAD_FILE to: /home/titan/VT-S3FNet/csudp/tcp_rand/.ttn/lookahead/loop_lookahead.info
Starting command: /home/titan/VT-S3FNet/csudp/tcp_rand/rand_tgen
Loading orig functions !
Starting executable with Pid = 6
Loading pointers to VTL Logic functions
Loaded pointers to all VTL Logic functions
Now Initializing VT-Management 
Extracting env variables !
Extracted tracer-id: 16
Extracted exp-type: 2
Extracted cpu-cycles-ns: 2.700000
Extracted socket-layer-ip: -1575747318
Starting VT-initialization !
Tracer-ID: 16, Timeline-ID: 16
Tracer registration for EXP_CS complete. TimelineID = 16, Return = 16
Tracer Adding to SQ. Tracer ID = 16
Parsing any provided lookahead information ...
Opening file: /home/titan/VT-S3FNet/csudp/tcp_rand/.ttn/lookahead/bbl_lookahead.info
File size: 328
mapped memblock size: 328
Finish offset: 37, Number of values: 37
Returning success !
Loaded BBL lookaheads for 37 basic blocks ...
Opening file: /home/titan/VT-S3FNet/csudp/tcp_rand/.ttn/lookahead/loop_lookahead.info
Failed to parse Loop Lookaheads. Ignoring ...
VT initialization successfull !
Finished Initializing VT-Management 
Initializing TCP-stack ...
TCP stack unique-id: 166
Starting virtual socket layer stack-thread !
Pthread_create: vtStackThread special case
Successfully initialized VTL-Logic embedded into the executable

------------------------- ACTUAL STDOUT FROM EXECUTABLE STARTS -----------------------------

Client: MyPid: 6
Adding new vt-tcp-socket !
Creating vt-tcp socket !
Client socket fd = 4097
setsockopt through vt-tcp !
setsockopt through vt-tcp !
Connecting to server ...
Connecting .. Socket: 4097, src-port: 40001
Waking up connected socket !
Socket connect success. socket = 4097
Connecting through vt-tcp success !
Sending data ...
Sending msgs of size: 1460 to server ...
Sent: 2000 KB after: 0.637975 secs
Sent: 2000 KB after: 0.050735 secs
Sent: 2000 KB after: 0.244223 secs
Sent: 2000 KB after: 0.121901 secs
Sent: 2000 KB after: 0.741718 secs
Sent: 2000 KB after: 0.993141 secs
Sent: 2000 KB after: 2.320097 secs
Sent: 2000 KB after: 2.886632 secs
Sent: 2000 KB after: 0.198215 secs
Sent: 2000 KB after: 0.739755 secs
Sent: 2000 KB after: 0.768942 secs
Exp finishing. Stopping stack thread with id: 6!
VT-sleep-for exiting !

------------------------- ACTUAL STDOUT FROM EXECUTABLE ENDED -----------------------------

Process: 6 exiting VT experiment !
Main thread exiting. PID = 6
