Attempting to set static arp entries ...
Tracer: 42 >> Using SRC IP: 10.1.20.230 for any spawned virtual tcp-stacks
Tracer: 42 >> Updating firewall rules to drop outgoing TCP-RST packets
Attempting to set firewall rules ...
Tracer: 42 >> CMD TO RUN: /home/vignesh/VT-S3FNet/csudp/tcp_tgen/tgen client 62 10.1.21.174 7891 poisson 200000 8 > /home/vignesh/VT-S3FNet/experiment-data/TCP_LA_Disabled_nemus_100_mixed/client62.log
args[0] = /home/vignesh/VT-S3FNet/csudp/tcp_tgen/tgen
args[1] = client
args[2] = 62
args[3] = 10.1.21.174
args[4] = 7891
args[5] = poisson
args[6] = 200000
args[7] = 8
Setting appropriate environment variables ...
HOME DIRECTORY : /home/vignesh
Parsing TTN config file: /home/vignesh/.ttn/projects.db
Setting VT_L1_INS_CACHE_MISS_CYCLES to: 100
Setting VT_L1_INS_CACHE_LINES to: 64
Setting VT_L1_INS_CACHE_SIZE_KB to: 32
Setting VT_L1_INS_CACHE_ASSOC to: 8
Setting VT_L1_INS_CACHE_REPLACEMENT_POLICY to: LRU
Setting VT_L1_DATA_CACHE_MISS_CYCLES to: 100
Setting VT_L1_DATA_CACHE_LINES to: 64
Setting VT_L1_DATA_CACHE_SIZE_KB to: 32
Setting VT_L1_DATA_CACHE_ASSOC to: 8
Setting VT_L1_DATA_CACHE_REPLACEMENT_POLICY to: LRU
Setting VT_CPU_CYLES_NS to: 2.700000
Setting VT_NIC_SPEED_MBPS to: 1000.000000
Setting VT_TIMING_MODEL to: EMPIRICAL
Setting VT_BBL_LOOKAHEAD_FILE to: /home/vignesh/VT-S3FNet/csudp/tcp_tgen/.ttn/lookahead/bbl_lookahead.info
Setting VT_LOOP_LOOKAHEAD_FILE to: /home/vignesh/VT-S3FNet/csudp/tcp_tgen/.ttn/lookahead/loop_lookahead.info
Starting command: /home/vignesh/VT-S3FNet/csudp/tcp_tgen/tgen
Loading orig functions !
Starting executable with Pid = 6
Loading pointers to VTL Logic functions
Loaded pointers to all VTL Logic functions
Now Initializing VT-Management 
Extracting env variables !
Extracted tracer-id: 42
Extracted exp-type: 2
Extracted cpu-cycles-ns: 2.700000
Extracted socket-layer-ip: -434896630
Starting VT-initialization !
Tracer-ID: 42, Timeline-ID: 42
Tracer registration for EXP_CS complete. TimelineID = 42, Return = 42
Tracer Adding to SQ. Tracer ID = 42
Parsing any provided lookahead information ...
Opening file: /home/vignesh/VT-S3FNet/csudp/tcp_tgen/.ttn/lookahead/bbl_lookahead.info
File size: 592
mapped memblock size: 592
Finish offset: 70, Number of values: 70
Returning success !
Loaded BBL lookaheads for 70 basic blocks ...
Opening file: /home/vignesh/VT-S3FNet/csudp/tcp_tgen/.ttn/lookahead/loop_lookahead.info
Failed to parse Loop Lookaheads. Ignoring ...
VT initialization successfull !
Finished Initializing VT-Management 
Initializing TCP-stack ...
TCP stack unique-id: 426
Starting virtual socket layer stack-thread !
Pthread_create: vtStackThread special case
Successfully initialized VTL-Logic embedded into the executable

------------------------- ACTUAL STDOUT FROM EXECUTABLE STARTS -----------------------------

Client: MyPid: 6
Adding new vt-tcp-socket !
Creating vt-tcp socket !
Client socket fd = 4097
setsockopt through vt-tcp !
setsockopt through vt-tcp !
Connecting to server ...
Connecting .. Socket: 4097, src-port: 40001
Waking up connected socket !
Socket connect success. socket = 4097
Connecting through vt-tcp success !
Sending data ...
Sending msgs of size: 1460 to server ...
Sent: 8 KB after: 0.032860 secs
Sent: 8 KB after: 0.119935 secs
Sent: 8 KB after: 0.474830 secs
Sent: 8 KB after: 0.084393 secs
Sent: 8 KB after: 0.413284 secs
Sent: 8 KB after: 0.009450 secs
Sent: 8 KB after: 0.292894 secs
Sent: 8 KB after: 0.211741 secs
Sent: 8 KB after: 0.023641 secs
Sent: 8 KB after: 0.155336 secs
Sent: 8 KB after: 0.001000 secs
Sent: 8 KB after: 0.115010 secs
Sent: 8 KB after: 0.514642 secs
Sent: 8 KB after: 0.004066 secs
Sent: 8 KB after: 0.439691 secs
Sent: 8 KB after: 0.062022 secs
Sent: 8 KB after: 0.351149 secs
Sent: 8 KB after: 0.154638 secs
Sent: 8 KB after: 0.307794 secs
Sent: 8 KB after: 0.104397 secs
Sent: 8 KB after: 0.065757 secs
Sent: 8 KB after: 0.176184 secs
Sent: 8 KB after: 0.395766 secs
Sent: 8 KB after: 0.156747 secs
Sent: 8 KB after: 0.319263 secs
Sent: 8 KB after: 0.031587 secs
Sent: 8 KB after: 0.317327 secs
Sent: 8 KB after: 0.063922 secs
Sent: 8 KB after: 0.414403 secs
Sent: 8 KB after: 0.024735 secs
Sent: 8 KB after: 0.105824 secs
Sent: 8 KB after: 0.005183 secs
Sent: 8 KB after: 0.167563 secs
Sent: 8 KB after: 0.076482 secs
Sent: 8 KB after: 0.092351 secs
Sent: 8 KB after: 0.116216 secs
Sent: 8 KB after: 0.090492 secs
Sent: 8 KB after: 0.029845 secs
Sent: 8 KB after: 0.019700 secs
Sent: 8 KB after: 0.129032 secs
Sent: 8 KB after: 0.227071 secs
Sent: 8 KB after: 0.020031 secs
Sent: 8 KB after: 0.487786 secs
Sent: 8 KB after: 0.184463 secs
Sent: 8 KB after: 0.024530 secs
Sent: 8 KB after: 0.323667 secs
Sent: 8 KB after: 0.406565 secs
Sent: 8 KB after: 0.571703 secs
Sent: 8 KB after: 0.083174 secs
Sent: 8 KB after: 0.212513 secs
Sent: 8 KB after: 0.085943 secs
Sent: 8 KB after: 0.193746 secs
Sent: 8 KB after: 0.054896 secs
Sent: 8 KB after: 0.047417 secs
Sent: 8 KB after: 0.035762 secs
Sent: 8 KB after: 0.007621 secs
Sent: 8 KB after: 0.088375 secs
Exp finishing. Stopping stack thread with id: 6!
VT-sleep-for exiting !

------------------------- ACTUAL STDOUT FROM EXECUTABLE ENDED -----------------------------

Process: 6 exiting VT experiment !
Main thread exiting. PID = 6
