Attempting to set static arp entries ...
Tracer: 3 >> Using SRC IP: 10.1.0.138 for any spawned virtual tcp-stacks
Tracer: 3 >> Updating firewall rules to drop outgoing TCP-RST packets
Attempting to set firewall rules ...
Tracer: 3 >> CMD TO RUN: /home/vignesh/VT-S3FNet/csudp/mpi_integral/mpi_int 2 16 10.1.0.138 > /home/vignesh/VT-S3FNet/experiment-data/MPI_LA_Enabled_nemus_16_mpi_int/worker2.log
args[0] = /home/vignesh/VT-S3FNet/csudp/mpi_integral/mpi_int
args[1] = 2
args[2] = 16
args[3] = 10.1.0.138
Setting appropriate environment variables ...
HOME DIRECTORY : /home/vignesh
Parsing TTN config file: /home/vignesh/.ttn/projects.db
Setting VT_L1_INS_CACHE_MISS_CYCLES to: 100
Setting VT_L1_INS_CACHE_LINES to: 64
Setting VT_L1_INS_CACHE_SIZE_KB to: 32
Setting VT_L1_INS_CACHE_ASSOC to: 8
Setting VT_L1_INS_CACHE_REPLACEMENT_POLICY to: LRU
Setting VT_L1_DATA_CACHE_MISS_CYCLES to: 100
Setting VT_L1_DATA_CACHE_LINES to: 64
Setting VT_L1_DATA_CACHE_SIZE_KB to: 256
Setting VT_L1_DATA_CACHE_ASSOC to: 8
Setting VT_L1_DATA_CACHE_REPLACEMENT_POLICY to: LRU
Setting VT_CPU_CYLES_NS to: 2.700000
Setting VT_NIC_SPEED_MBPS to: 1000.000000
Setting VT_TIMING_MODEL to: EMPIRICAL
Setting VT_BBL_LOOKAHEAD_FILE to: /home/vignesh/VT-S3FNet/csudp/mpi_integral/.ttn/lookahead/bbl_lookahead.info
Setting VT_LOOP_LOOKAHEAD_FILE to: /home/vignesh/VT-S3FNet/csudp/mpi_integral/.ttn/lookahead/loop_lookahead.info
Starting command: /home/vignesh/VT-S3FNet/csudp/mpi_integral/mpi_int
Loading orig functions !
Starting executable with Pid = 6
Loading pointers to VTL Logic functions
Loaded pointers to all VTL Logic functions
Now Initializing VT-Management 
Extracting env variables !
Extracted tracer-id: 3
Extracted exp-type: 2
Extracted cpu-cycles-ns: 2.700000
Extracted socket-layer-ip: -1979711222
Starting VT-initialization !
Tracer-ID: 3, Timeline-ID: 3
Tracer registration for EXP_CS complete. TimelineID = 3, Return = 3
Tracer Adding to SQ. Tracer ID = 3
Parsing any provided lookahead information ...
Opening file: /home/vignesh/VT-S3FNet/csudp/mpi_integral/.ttn/lookahead/bbl_lookahead.info
File size: 176
mapped memblock size: 176
Finish offset: 18, Number of values: 18
Returning success !
Loaded BBL lookaheads for 18 basic blocks ...
Opening file: /home/vignesh/VT-S3FNet/csudp/mpi_integral/.ttn/lookahead/loop_lookahead.info
File size: 40
mapped memblock size: 40
Finish offset: 1, Number of values: 1
Returning success !
Loaded Loop lookaheads for 1 loops ...
Parsing any data cache params ...
Flushed Data Cache !

******************* Data Cache Stats *******************
Size (kb)                   :       256
Lines size (bytes)          :       64
Associativity               :       8
Miss cycles                 :       100
Num lines                   :       4096
Num sets                    :       512
Offset start                :       0
Set start                   :       6
Tag start                   :       15
Num hits                    :       0
Num misses                  :       0
Num accesses                :       0
Timing Model                :       EMPIRICAL
VT initialization successfull !
Finished Initializing VT-Management 
Initializing TCP-stack ...
TCP stack unique-id: 36
Starting virtual socket layer stack-thread !
Flushed Data Cache !

******************* Data Cache Stats *******************
Size (kb)                   :       256
Lines size (bytes)          :       64
Associativity               :       8
Miss cycles                 :       100
Num lines                   :       4096
Num sets                    :       512
Offset start                :       0
Set start                   :       6
Tag start                   :       15
Num hits                    :       0
Num misses                  :       0
Num accesses                :       0
Timing Model                :       EMPIRICAL
Flushed Data Cache !
Pthread_create: vtStackThread special case
Successfully initialized VTL-Logic embedded into the executable

------------------------- ACTUAL STDOUT FROM EXECUTABLE STARTS -----------------------------

Rank = 2, Total = 16, IP = 10.1.0.138
Adding new vt-tcp-socket !
Creating vt-tcp socket !
bind through vt-tcp !
Server socket bound to ip:port: 10.1.0.138:10000
Waiting for OK message from other nodes !
Waiting for OK message !
listen through vt-tcp !
Accept through vt-tcp !
Successfully received OK message !

---------------- Waiting for higher ranked nodes to connect --------------
listen through vt-tcp !
Accepting connection from higher ranked node: 15
Accept through vt-tcp !
Entering time-wait from FIN_WAIT_2
Clearing all tcp timers !
Adding TcpLinger !
Accepted connection from higher ranked node: 15
Successfully connected with higher ranked node: 15
Accepting connection from higher ranked node: 14
Accept through vt-tcp !
Accepted connection from higher ranked node: 14
Successfully connected with higher ranked node: 14
Accepting connection from higher ranked node: 13
Accept through vt-tcp !
Accepted connection from higher ranked node: 13
Successfully connected with higher ranked node: 13
Accepting connection from higher ranked node: 12
Accept through vt-tcp !
Accepted connection from higher ranked node: 12
Successfully connected with higher ranked node: 12
Accepting connection from higher ranked node: 11
Accept through vt-tcp !
Accepted connection from higher ranked node: 11
Successfully connected with higher ranked node: 11
Accepting connection from higher ranked node: 10
Accept through vt-tcp !
Accepted connection from higher ranked node: 10
Successfully connected with higher ranked node: 10
Accepting connection from higher ranked node: 9
Accept through vt-tcp !
Accepted connection from higher ranked node: 9
Successfully connected with higher ranked node: 9
Accepting connection from higher ranked node: 8
Accept through vt-tcp !
Accepted connection from higher ranked node: 8
Successfully connected with higher ranked node: 8
Accepting connection from higher ranked node: 7
Accept through vt-tcp !
Accepted connection from higher ranked node: 7
Successfully connected with higher ranked node: 7
Accepting connection from higher ranked node: 6
Accept through vt-tcp !
Accepted connection from higher ranked node: 6
Successfully connected with higher ranked node: 6
Accepting connection from higher ranked node: 5
Accept through vt-tcp !
Accepted connection from higher ranked node: 5
Successfully connected with higher ranked node: 5
Accepting connection from higher ranked node: 4
Accept through vt-tcp !
Accepted connection from higher ranked node: 4
Successfully connected with higher ranked node: 4
Accepting connection from higher ranked node: 3
Accept through vt-tcp !
Accepted connection from higher ranked node: 3
Successfully connected with higher ranked node: 3
Closing server socket: 4097
Clearing all tcp timers !
TCP-done for socket: 4097, err: -103

---------------- Connecting to lowed ranked nodes ! --------------
Adding new vt-tcp-socket !
Creating vt-tcp socket !
Connecting to lower ranked node: 1 at 10.1.0.142:10000
Connecting .. Socket: 4112, src-port: 40001
Socket: 4097 garbage collection
Freeing socket: 4097
Waking up connected socket !
Socket connect success. socket = 4112
Connecting through vt-tcp success !
Successfully connected to lower ranked node: 1 at 10.1.0.142:10000
Adding new vt-tcp-socket !
Creating vt-tcp socket !
Connecting to lower ranked node: 0 at 10.1.0.146:10000
Connecting .. Socket: 4113, src-port: 40002
Waking up connected socket !
Socket connect success. socket = 4113
Connecting through vt-tcp success !
Successfully connected to lower ranked node: 0 at 10.1.0.146:10000

---------------- Creating listen Thread ! --------------

---------------- MPI-Init success ! --------------
Waiting to receive partition information from master !
Adding new Thread: 8
Signal Burst Completion: Flushing Data Cache !
Flushed Data Cache !
Resuming new Thread with Burst of length: 5400
Trigger syscall finish: 6, currActiveThreadID = 8, myThreadID = 6. Flushing Data Cache !
Flushed Data Cache !
Process 2 computing itegral over my_a = 10.666667, my_b= 11.333333
Called SetLoopLookahead: init: 0, final: 100000000, step: 1, loopDepth: 0, cumulative-num-iterations: 100000000, look-ahead-ns: 518518496
tcp-linger 
Clearing all tcp timers !
TCP-done for socket: 4098, err: -110
Socket: 4098 garbage collection
Freeing socket: 4098
Before rcv-wnd: seq: 1, rcv_nxt: 5
Before rcv-wnd: seq: 1, rcv_nxt: 5
Before rcv-wnd: seq: 1, rcv_nxt: 5
Avg-Compute-Communication-Ratio = 8939.913794
Process 2 contributed MY_TOTAL = 633750.538345, my_a = 10.666667, my_b= 11.333333
Integral: 0 computed

------------------------------------------------------------------------------
Waiting to receive partition information from master !
Process 2 computing itegral over my_a = 20.666667, my_b= 21.333333
Called SetLoopLookahead: init: 0, final: 100000000, step: 1, loopDepth: 0, cumulative-num-iterations: 100000000, look-ahead-ns: 518518496
Avg-Compute-Communication-Ratio = 5545.614974
Process 2 contributed MY_TOTAL = 2309266.620260, my_a = 20.666667, my_b= 21.333333
Integral: 1 computed

------------------------------------------------------------------------------
Waiting to receive partition information from master !
Process 2 computing itegral over my_a = 30.666667, my_b= 31.333333
Called SetLoopLookahead: init: 0, final: 100000000, step: 1, loopDepth: 0, cumulative-num-iterations: 100000000, look-ahead-ns: 518518496
Avg-Compute-Communication-Ratio = 4922.613924
Process 2 contributed MY_TOTAL = 5031980.253371, my_a = 30.666667, my_b= 31.333333
Integral: 2 computed

------------------------------------------------------------------------------
Waiting to receive partition information from master !
Process 2 computing itegral over my_a = 40.666667, my_b= 41.333333
Called SetLoopLookahead: init: 0, final: 100000000, step: 1, loopDepth: 0, cumulative-num-iterations: 100000000, look-ahead-ns: 518518496
Avg-Compute-Communication-Ratio = 4671.308559
Process 2 contributed MY_TOTAL = 8801891.437679, my_a = 40.666667, my_b= 41.333333
Integral: 3 computed

------------------------------------------------------------------------------
Waiting to receive partition information from master !
Process 2 computing itegral over my_a = 50.666667, my_b= 51.333333
Called SetLoopLookahead: init: 0, final: 100000000, step: 1, loopDepth: 0, cumulative-num-iterations: 100000000, look-ahead-ns: 518518496
Avg-Compute-Communication-Ratio = 4524.565445
Process 2 contributed MY_TOTAL = 13619000.173183, my_a = 50.666667, my_b= 51.333333
Integral: 4 computed

------------------------------------------------------------------------------
Waiting to receive partition information from master !
Process 2 computing itegral over my_a = 60.666667, my_b= 61.333333
Called SetLoopLookahead: init: 0, final: 100000000, step: 1, loopDepth: 0, cumulative-num-iterations: 100000000, look-ahead-ns: 518518496
Avg-Compute-Communication-Ratio = 4444.415714
Process 2 contributed MY_TOTAL = 19483306.459886, my_a = 60.666667, my_b= 61.333333
Integral: 5 computed

------------------------------------------------------------------------------
Waiting to receive partition information from master !
Process 2 computing itegral over my_a = 70.666667, my_b= 71.333333
Called SetLoopLookahead: init: 0, final: 100000000, step: 1, loopDepth: 0, cumulative-num-iterations: 100000000, look-ahead-ns: 518518496
Avg-Compute-Communication-Ratio = 4378.294331
Process 2 contributed MY_TOTAL = 26394810.297780, my_a = 70.666667, my_b= 71.333333
Integral: 6 computed

------------------------------------------------------------------------------
Waiting to receive partition information from master !
Process 2 computing itegral over my_a = 80.666667, my_b= 81.333333
Called SetLoopLookahead: init: 0, final: 100000000, step: 1, loopDepth: 0, cumulative-num-iterations: 100000000, look-ahead-ns: 518518496
Avg-Compute-Communication-Ratio = 4329.980167
Process 2 contributed MY_TOTAL = 34353511.686875, my_a = 80.666667, my_b= 81.333333
Integral: 7 computed

------------------------------------------------------------------------------
Waiting to receive partition information from master !
Process 2 computing itegral over my_a = 90.666667, my_b= 91.333333
Called SetLoopLookahead: init: 0, final: 100000000, step: 1, loopDepth: 0, cumulative-num-iterations: 100000000, look-ahead-ns: 518518496
Avg-Compute-Communication-Ratio = 4293.133395
Process 2 contributed MY_TOTAL = 43359410.627168, my_a = 90.666667, my_b= 91.333333
Integral: 8 computed

------------------------------------------------------------------------------
Waiting to receive partition information from master !
Process 2 computing itegral over my_a = 100.666667, my_b= 101.333333
Called SetLoopLookahead: init: 0, final: 100000000, step: 1, loopDepth: 0, cumulative-num-iterations: 100000000, look-ahead-ns: 518518496
Exp finishing. Stopping stack thread with id: 6!

------------------------- ACTUAL STDOUT FROM EXECUTABLE ENDED -----------------------------


******************* Data Cache Stats *******************
Size (kb)                   :       256
Lines size (bytes)          :       64
Associativity               :       8
Miss cycles                 :       100
Num lines                   :       4096
Num sets                    :       512
Offset start                :       0
Set start                   :       6
Tag start                   :       15
Num hits                    :       158
Num misses                  :       6
Num accesses                :       164
Miss rate                   :       0.036585
Hit rate                    :       0.963415
Timing Model                :       EMPIRICAL
Process: 6 exiting VT experiment !
Main thread exiting. PID = 6
