Attempting to set static arp entries ...
Tracer: 90 >> Using SRC IP: 10.1.21.166 for any spawned virtual tcp-stacks
Tracer: 90 >> Updating firewall rules to drop outgoing TCP-RST packets
Attempting to set firewall rules ...
Tracer: 90 >> CMD TO RUN: /home/titan/VT-S3FNet/csudp/tcp_rand/rand_tgen server 110 10.1.21.166 7891 > /home/titan/VT-S3FNet/experiment-data/TCP_RAND_LA_Disabled_nemus_100_poisson_mu_1000000_txsize_256/server110.log
args[0] = /home/titan/VT-S3FNet/csudp/tcp_rand/rand_tgen
args[1] = server
args[2] = 110
args[3] = 10.1.21.166
args[4] = 7891
Setting appropriate environment variables ...
HOME DIRECTORY : /home/titan
Parsing TTN config file: /home/titan/.ttn/projects.db
Setting VT_L1_INS_CACHE_MISS_CYCLES to: 100
Setting VT_L1_INS_CACHE_LINES to: 64
Setting VT_L1_INS_CACHE_SIZE_KB to: 32
Setting VT_L1_INS_CACHE_ASSOC to: 8
Setting VT_L1_INS_CACHE_REPLACEMENT_POLICY to: LRU
Setting VT_L1_DATA_CACHE_MISS_CYCLES to: 100
Setting VT_L1_DATA_CACHE_LINES to: 64
Setting VT_L1_DATA_CACHE_SIZE_KB to: 32
Setting VT_L1_DATA_CACHE_ASSOC to: 8
Setting VT_L1_DATA_CACHE_REPLACEMENT_POLICY to: LRU
Setting VT_CPU_CYLES_NS to: 2.700000
Setting VT_NIC_SPEED_MBPS to: 1000.000000
Setting VT_TIMING_MODEL to: EMPIRICAL
Setting VT_BBL_LOOKAHEAD_FILE to: /home/titan/VT-S3FNet/csudp/tcp_rand/.ttn/lookahead/bbl_lookahead.info
Setting VT_LOOP_LOOKAHEAD_FILE to: /home/titan/VT-S3FNet/csudp/tcp_rand/.ttn/lookahead/loop_lookahead.info
Starting command: /home/titan/VT-S3FNet/csudp/tcp_rand/rand_tgen
Loading orig functions !
Starting executable with Pid = 6
Loading pointers to VTL Logic functions
Loaded pointers to all VTL Logic functions
Now Initializing VT-Management 
Extracting env variables !
Extracted tracer-id: 90
Extracted exp-type: 2
Extracted cpu-cycles-ns: 2.700000
Extracted socket-layer-ip: -1508572918
Starting VT-initialization !
Tracer-ID: 90, Timeline-ID: 90
Tracer registration for EXP_CS complete. TimelineID = 90, Return = 90
Tracer Adding to SQ. Tracer ID = 90
Parsing any provided lookahead information ...
Opening file: /home/titan/VT-S3FNet/csudp/tcp_rand/.ttn/lookahead/bbl_lookahead.info
File size: 328
mapped memblock size: 328
Finish offset: 37, Number of values: 37
Returning success !
Loaded BBL lookaheads for 37 basic blocks ...
Opening file: /home/titan/VT-S3FNet/csudp/tcp_rand/.ttn/lookahead/loop_lookahead.info
Failed to parse Loop Lookaheads. Ignoring ...
VT initialization successfull !
Finished Initializing VT-Management 
Initializing TCP-stack ...
TCP stack unique-id: 906
Starting virtual socket layer stack-thread !
Pthread_create: vtStackThread special case
Successfully initialized VTL-Logic embedded into the executable

------------------------- ACTUAL STDOUT FROM EXECUTABLE STARTS -----------------------------

Adding new vt-tcp-socket !
Creating vt-tcp socket !
Server: MyPid: 6
Welcome socket fd = 4097
setsockopt through vt-tcp !
setsockopt through vt-tcp !
Binding to server port: 7891
bind through vt-tcp !
Listening for new connections ...
listen through vt-tcp !
Listening
Accepting new connections ...
Accept through vt-tcp !
Exp finishing. Stopping stack thread with id: 6!
