Attempting to set static arp entries ...
Tracer: 48 >> Using SRC IP: 10.1.38.18 for any spawned virtual tcp-stacks
Tracer: 48 >> Updating firewall rules to drop outgoing TCP-RST packets
Attempting to set firewall rules ...
Tracer: 48 >> CMD TO RUN: /home/vignesh/VT-S3FNet/csudp/mpi_integral/mpi_int 47 81 10.1.38.18 > /home/vignesh/VT-S3FNet/experiment-data/MPI_LA_Enabled_nemus_81_mpi_int/worker47.log
args[0] = /home/vignesh/VT-S3FNet/csudp/mpi_integral/mpi_int
args[1] = 47
args[2] = 81
args[3] = 10.1.38.18
Setting appropriate environment variables ...
HOME DIRECTORY : /home/vignesh
Parsing TTN config file: /home/vignesh/.ttn/projects.db
Setting VT_L1_INS_CACHE_MISS_CYCLES to: 100
Setting VT_L1_INS_CACHE_LINES to: 64
Setting VT_L1_INS_CACHE_SIZE_KB to: 32
Setting VT_L1_INS_CACHE_ASSOC to: 8
Setting VT_L1_INS_CACHE_REPLACEMENT_POLICY to: LRU
Setting VT_L1_DATA_CACHE_MISS_CYCLES to: 100
Setting VT_L1_DATA_CACHE_LINES to: 64
Setting VT_L1_DATA_CACHE_SIZE_KB to: 32
Setting VT_L1_DATA_CACHE_ASSOC to: 8
Setting VT_L1_DATA_CACHE_REPLACEMENT_POLICY to: LRU
Setting VT_CPU_CYLES_NS to: 2.700000
Setting VT_NIC_SPEED_MBPS to: 1000.000000
Setting VT_TIMING_MODEL to: EMPIRICAL
Setting VT_BBL_LOOKAHEAD_FILE to: /home/vignesh/VT-S3FNet/csudp/mpi_integral/.ttn/lookahead/bbl_lookahead.info
Setting VT_LOOP_LOOKAHEAD_FILE to: /home/vignesh/VT-S3FNet/csudp/mpi_integral/.ttn/lookahead/loop_lookahead.info
Starting command: /home/vignesh/VT-S3FNet/csudp/mpi_integral/mpi_int
Loading orig functions !
Starting executable with Pid = 6
Loading pointers to VTL Logic functions
Loaded pointers to all VTL Logic functions
Now Initializing VT-Management 
Extracting env variables !
Extracted tracer-id: 48
Extracted exp-type: 2
Extracted cpu-cycles-ns: 2.700000
Extracted socket-layer-ip: 304480522
Starting VT-initialization !
Tracer-ID: 48, Timeline-ID: 48
Tracer registration for EXP_CS complete. TimelineID = 48, Return = 48
Tracer Adding to SQ. Tracer ID = 48
Parsing any provided lookahead information ...
Opening file: /home/vignesh/VT-S3FNet/csudp/mpi_integral/.ttn/lookahead/bbl_lookahead.info
File size: 176
mapped memblock size: 176
Finish offset: 18, Number of values: 18
Returning success !
Loaded BBL lookaheads for 18 basic blocks ...
Opening file: /home/vignesh/VT-S3FNet/csudp/mpi_integral/.ttn/lookahead/loop_lookahead.info
File size: 40
mapped memblock size: 40
Finish offset: 1, Number of values: 1
Returning success !
Loaded Loop lookaheads for 1 loops ...
VT initialization successfull !
Finished Initializing VT-Management 
Initializing TCP-stack ...
TCP stack unique-id: 486
Starting virtual socket layer stack-thread !
Pthread_create: vtStackThread special case
Successfully initialized VTL-Logic embedded into the executable

------------------------- ACTUAL STDOUT FROM EXECUTABLE STARTS -----------------------------

Rank = 47, Total = 81, IP = 10.1.38.18
Adding new vt-tcp-socket !
Creating vt-tcp socket !
bind through vt-tcp !
Server socket bound to ip:port: 10.1.38.18:10000
Waiting for OK message from other nodes !
Waiting for OK message !
listen through vt-tcp !
Accept through vt-tcp !
Successfully received OK message !

---------------- Waiting for higher ranked nodes to connect --------------
listen through vt-tcp !
Accepting connection from higher ranked node: 80
Accept through vt-tcp !
Accepted connection from higher ranked node: 80
Successfully connected with higher ranked node: 80
Accepting connection from higher ranked node: 79
Accept through vt-tcp !
Accepted connection from higher ranked node: 79
Successfully connected with higher ranked node: 79
Accepting connection from higher ranked node: 78
Accept through vt-tcp !
Accepted connection from higher ranked node: 78
Successfully connected with higher ranked node: 78
Accepting connection from higher ranked node: 77
Accept through vt-tcp !
Accepted connection from higher ranked node: 77
Successfully connected with higher ranked node: 77
Accepting connection from higher ranked node: 76
Accept through vt-tcp !
Accepted connection from higher ranked node: 76
Successfully connected with higher ranked node: 76
Accepting connection from higher ranked node: 75
Accept through vt-tcp !
Accepted connection from higher ranked node: 75
Successfully connected with higher ranked node: 75
Accepting connection from higher ranked node: 74
Accept through vt-tcp !
Accepted connection from higher ranked node: 74
Successfully connected with higher ranked node: 74
Accepting connection from higher ranked node: 73
Accept through vt-tcp !
Accepted connection from higher ranked node: 73
Successfully connected with higher ranked node: 73
Accepting connection from higher ranked node: 72
Accept through vt-tcp !
Accepted connection from higher ranked node: 72
Successfully connected with higher ranked node: 72
Accepting connection from higher ranked node: 71
Accept through vt-tcp !
Accepted connection from higher ranked node: 71
Successfully connected with higher ranked node: 71
Accepting connection from higher ranked node: 70
Accept through vt-tcp !
Accepted connection from higher ranked node: 70
Successfully connected with higher ranked node: 70
Accepting connection from higher ranked node: 69
Accept through vt-tcp !
Accepted connection from higher ranked node: 69
Successfully connected with higher ranked node: 69
Accepting connection from higher ranked node: 68
Accept through vt-tcp !
Accepted connection from higher ranked node: 68
Successfully connected with higher ranked node: 68
Accepting connection from higher ranked node: 67
Accept through vt-tcp !
Accepted connection from higher ranked node: 67
Successfully connected with higher ranked node: 67
Accepting connection from higher ranked node: 66
Accept through vt-tcp !
Accepted connection from higher ranked node: 66
Successfully connected with higher ranked node: 66
Accepting connection from higher ranked node: 65
Accept through vt-tcp !
Accepted connection from higher ranked node: 65
Successfully connected with higher ranked node: 65
Accepting connection from higher ranked node: 64
Accept through vt-tcp !
Accepted connection from higher ranked node: 64
Successfully connected with higher ranked node: 64
Accepting connection from higher ranked node: 63
Accept through vt-tcp !
Accepted connection from higher ranked node: 63
Successfully connected with higher ranked node: 63
Accepting connection from higher ranked node: 62
Accept through vt-tcp !
Accepted connection from higher ranked node: 62
Successfully connected with higher ranked node: 62
Accepting connection from higher ranked node: 61
Accept through vt-tcp !
Accepted connection from higher ranked node: 61
Successfully connected with higher ranked node: 61
Accepting connection from higher ranked node: 60
Accept through vt-tcp !
Accepted connection from higher ranked node: 60
Successfully connected with higher ranked node: 60
Accepting connection from higher ranked node: 59
Accept through vt-tcp !
Accepted connection from higher ranked node: 59
Successfully connected with higher ranked node: 59
Accepting connection from higher ranked node: 58
Accept through vt-tcp !
Accepted connection from higher ranked node: 58
Successfully connected with higher ranked node: 58
Accepting connection from higher ranked node: 57
Accept through vt-tcp !
Accepted connection from higher ranked node: 57
Successfully connected with higher ranked node: 57
Accepting connection from higher ranked node: 56
Accept through vt-tcp !
Accepted connection from higher ranked node: 56
Successfully connected with higher ranked node: 56
Accepting connection from higher ranked node: 55
Accept through vt-tcp !
Accepted connection from higher ranked node: 55
Successfully connected with higher ranked node: 55
Accepting connection from higher ranked node: 54
Accept through vt-tcp !
Accepted connection from higher ranked node: 54
Successfully connected with higher ranked node: 54
Accepting connection from higher ranked node: 53
Accept through vt-tcp !
Accepted connection from higher ranked node: 53
Successfully connected with higher ranked node: 53
Accepting connection from higher ranked node: 52
Accept through vt-tcp !
Accepted connection from higher ranked node: 52
Successfully connected with higher ranked node: 52
Accepting connection from higher ranked node: 51
Accept through vt-tcp !
Accepted connection from higher ranked node: 51
Successfully connected with higher ranked node: 51
Accepting connection from higher ranked node: 50
Accept through vt-tcp !
Accepted connection from higher ranked node: 50
Successfully connected with higher ranked node: 50
Accepting connection from higher ranked node: 49
Accept through vt-tcp !
Accepted connection from higher ranked node: 49
Successfully connected with higher ranked node: 49
Accepting connection from higher ranked node: 48
Accept through vt-tcp !
Accepted connection from higher ranked node: 48
Successfully connected with higher ranked node: 48
Closing server socket: 4097
Clearing all tcp timers !
TCP-done for socket: 4097, err: -103

---------------- Connecting to lowed ranked nodes ! --------------
Adding new vt-tcp-socket !
Creating vt-tcp socket !
Connecting to lower ranked node: 46 at 10.1.38.22:10000
Connecting .. Socket: 4132, src-port: 40001
Socket: 4097 garbage collection
Freeing socket: 4097
Waking up connected socket !
Socket connect success. socket = 4132
Connecting through vt-tcp success !
Successfully connected to lower ranked node: 46 at 10.1.38.22:10000
Adding new vt-tcp-socket !
Creating vt-tcp socket !
Connecting to lower ranked node: 45 at 10.1.38.26:10000
Connecting .. Socket: 4133, src-port: 40002
Waking up connected socket !
Socket connect success. socket = 4133
Connecting through vt-tcp success !
Successfully connected to lower ranked node: 45 at 10.1.38.26:10000
Adding new vt-tcp-socket !
Creating vt-tcp socket !
Connecting to lower ranked node: 44 at 10.1.38.66:10000
Connecting .. Socket: 4134, src-port: 40003
Waking up connected socket !
Socket connect success. socket = 4134
Connecting through vt-tcp success !
Successfully connected to lower ranked node: 44 at 10.1.38.66:10000
Adding new vt-tcp-socket !
Creating vt-tcp socket !
Connecting to lower ranked node: 43 at 10.1.38.182:10000
Connecting .. Socket: 4135, src-port: 40004
Waking up connected socket !
Socket connect success. socket = 4135
Connecting through vt-tcp success !
Successfully connected to lower ranked node: 43 at 10.1.38.182:10000
Adding new vt-tcp-socket !
Creating vt-tcp socket !
Connecting to lower ranked node: 42 at 10.1.38.186:10000
Connecting .. Socket: 4136, src-port: 40005
Waking up connected socket !
Socket connect success. socket = 4136
Connecting through vt-tcp success !
Successfully connected to lower ranked node: 42 at 10.1.38.186:10000
Adding new vt-tcp-socket !
Creating vt-tcp socket !
Connecting to lower ranked node: 41 at 10.1.38.190:10000
Connecting .. Socket: 4137, src-port: 40006
Waking up connected socket !
Socket connect success. socket = 4137
Connecting through vt-tcp success !
Successfully connected to lower ranked node: 41 at 10.1.38.190:10000
Adding new vt-tcp-socket !
Creating vt-tcp socket !
Connecting to lower ranked node: 40 at 10.1.38.194:10000
Connecting .. Socket: 4138, src-port: 40007
Waking up connected socket !
Socket connect success. socket = 4138
Connecting through vt-tcp success !
Successfully connected to lower ranked node: 40 at 10.1.38.194:10000
Adding new vt-tcp-socket !
Creating vt-tcp socket !
Connecting to lower ranked node: 39 at 10.1.38.198:10000
Connecting .. Socket: 4139, src-port: 40008
Waking up connected socket !
Socket connect success. socket = 4139
Connecting through vt-tcp success !
Successfully connected to lower ranked node: 39 at 10.1.38.198:10000
Adding new vt-tcp-socket !
Creating vt-tcp socket !
Connecting to lower ranked node: 38 at 10.1.38.202:10000
Connecting .. Socket: 4140, src-port: 40009
Waking up connected socket !
Socket connect success. socket = 4140
Connecting through vt-tcp success !
Successfully connected to lower ranked node: 38 at 10.1.38.202:10000
Adding new vt-tcp-socket !
Creating vt-tcp socket !
Connecting to lower ranked node: 37 at 10.1.38.206:10000
Connecting .. Socket: 4141, src-port: 40010
Waking up connected socket !
Socket connect success. socket = 4141
Connecting through vt-tcp success !
Successfully connected to lower ranked node: 37 at 10.1.38.206:10000
Adding new vt-tcp-socket !
Creating vt-tcp socket !
Connecting to lower ranked node: 36 at 10.1.38.210:10000
Connecting .. Socket: 4142, src-port: 40011
Waking up connected socket !
Socket connect success. socket = 4142
Connecting through vt-tcp success !
Successfully connected to lower ranked node: 36 at 10.1.38.210:10000
Adding new vt-tcp-socket !
Creating vt-tcp socket !
Connecting to lower ranked node: 35 at 10.1.38.178:10000
Connecting .. Socket: 4143, src-port: 40012
Waking up connected socket !
Socket connect success. socket = 4143
Connecting through vt-tcp success !
Successfully connected to lower ranked node: 35 at 10.1.38.178:10000
Adding new vt-tcp-socket !
Creating vt-tcp socket !
Connecting to lower ranked node: 34 at 10.1.38.218:10000
Connecting .. Socket: 4144, src-port: 40013
Waking up connected socket !
Socket connect success. socket = 4144
Connecting through vt-tcp success !
Successfully connected to lower ranked node: 34 at 10.1.38.218:10000
Adding new vt-tcp-socket !
Creating vt-tcp socket !
Connecting to lower ranked node: 33 at 10.1.38.222:10000
Connecting .. Socket: 4145, src-port: 40014
Waking up connected socket !
Socket connect success. socket = 4145
Connecting through vt-tcp success !
Successfully connected to lower ranked node: 33 at 10.1.38.222:10000
Adding new vt-tcp-socket !
Creating vt-tcp socket !
Connecting to lower ranked node: 32 at 10.1.38.226:10000
Connecting .. Socket: 4146, src-port: 40015
Waking up connected socket !
Socket connect success. socket = 4146
Connecting through vt-tcp success !
Successfully connected to lower ranked node: 32 at 10.1.38.226:10000
Adding new vt-tcp-socket !
Creating vt-tcp socket !
Connecting to lower ranked node: 31 at 10.1.38.230:10000
Connecting .. Socket: 4147, src-port: 40016
Waking up connected socket !
Socket connect success. socket = 4147
Connecting through vt-tcp success !
Successfully connected to lower ranked node: 31 at 10.1.38.230:10000
Adding new vt-tcp-socket !
Creating vt-tcp socket !
Connecting to lower ranked node: 30 at 10.1.38.234:10000
Connecting .. Socket: 4148, src-port: 40017
Waking up connected socket !
Socket connect success. socket = 4148
Connecting through vt-tcp success !
Successfully connected to lower ranked node: 30 at 10.1.38.234:10000
Adding new vt-tcp-socket !
Creating vt-tcp socket !
Connecting to lower ranked node: 29 at 10.1.38.238:10000
Connecting .. Socket: 4149, src-port: 40018
Waking up connected socket !
Socket connect success. socket = 4149
Connecting through vt-tcp success !
Successfully connected to lower ranked node: 29 at 10.1.38.238:10000
Adding new vt-tcp-socket !
Creating vt-tcp socket !
Connecting to lower ranked node: 28 at 10.1.38.242:10000
Connecting .. Socket: 4150, src-port: 40019
Waking up connected socket !
Socket connect success. socket = 4150
Connecting through vt-tcp success !
Successfully connected to lower ranked node: 28 at 10.1.38.242:10000
Adding new vt-tcp-socket !
Creating vt-tcp socket !
Connecting to lower ranked node: 27 at 10.1.38.246:10000
Connecting .. Socket: 4151, src-port: 40020
Waking up connected socket !
Socket connect success. socket = 4151
Connecting through vt-tcp success !
Successfully connected to lower ranked node: 27 at 10.1.38.246:10000
Adding new vt-tcp-socket !
Creating vt-tcp socket !
Connecting to lower ranked node: 26 at 10.1.38.142:10000
Connecting .. Socket: 4152, src-port: 40021
Waking up connected socket !
Socket connect success. socket = 4152
Connecting through vt-tcp success !
Successfully connected to lower ranked node: 26 at 10.1.38.142:10000
Adding new vt-tcp-socket !
Creating vt-tcp socket !
Connecting to lower ranked node: 25 at 10.1.38.106:10000
Connecting .. Socket: 4153, src-port: 40022
Waking up connected socket !
Socket connect success. socket = 4153
Connecting through vt-tcp success !
Successfully connected to lower ranked node: 25 at 10.1.38.106:10000
Adding new vt-tcp-socket !
Creating vt-tcp socket !
Connecting to lower ranked node: 24 at 10.1.38.110:10000
Connecting .. Socket: 4154, src-port: 40023
Waking up connected socket !
Socket connect success. socket = 4154
Connecting through vt-tcp success !
Successfully connected to lower ranked node: 24 at 10.1.38.110:10000
Adding new vt-tcp-socket !
Creating vt-tcp socket !
Connecting to lower ranked node: 23 at 10.1.38.114:10000
Connecting .. Socket: 4155, src-port: 40024
Waking up connected socket !
Socket connect success. socket = 4155
Connecting through vt-tcp success !
Successfully connected to lower ranked node: 23 at 10.1.38.114:10000
Adding new vt-tcp-socket !
Creating vt-tcp socket !
Connecting to lower ranked node: 22 at 10.1.38.118:10000
Connecting .. Socket: 4156, src-port: 40025
Waking up connected socket !
Socket connect success. socket = 4156
Connecting through vt-tcp success !
Successfully connected to lower ranked node: 22 at 10.1.38.118:10000
Adding new vt-tcp-socket !
Creating vt-tcp socket !
Connecting to lower ranked node: 21 at 10.1.38.122:10000
Connecting .. Socket: 4157, src-port: 40026
Waking up connected socket !
Socket connect success. socket = 4157
Connecting through vt-tcp success !
Successfully connected to lower ranked node: 21 at 10.1.38.122:10000
Adding new vt-tcp-socket !
Creating vt-tcp socket !
Connecting to lower ranked node: 20 at 10.1.38.126:10000
Connecting .. Socket: 4158, src-port: 40027
Waking up connected socket !
Socket connect success. socket = 4158
Connecting through vt-tcp success !
Successfully connected to lower ranked node: 20 at 10.1.38.126:10000
Adding new vt-tcp-socket !
Creating vt-tcp socket !
Connecting to lower ranked node: 19 at 10.1.38.130:10000
Connecting .. Socket: 4159, src-port: 40028
Waking up connected socket !
Socket connect success. socket = 4159
Connecting through vt-tcp success !
Successfully connected to lower ranked node: 19 at 10.1.38.130:10000
Adding new vt-tcp-socket !
Creating vt-tcp socket !
Connecting to lower ranked node: 18 at 10.1.38.134:10000
Connecting .. Socket: 4160, src-port: 40029
Waking up connected socket !
Socket connect success. socket = 4160
Connecting through vt-tcp success !
Successfully connected to lower ranked node: 18 at 10.1.38.134:10000
Adding new vt-tcp-socket !
Creating vt-tcp socket !
Connecting to lower ranked node: 17 at 10.1.38.138:10000
Connecting .. Socket: 4161, src-port: 40030
Waking up connected socket !
Socket connect success. socket = 4161
Connecting through vt-tcp success !
Successfully connected to lower ranked node: 17 at 10.1.38.138:10000
Adding new vt-tcp-socket !
Creating vt-tcp socket !
Connecting to lower ranked node: 16 at 10.1.38.102:10000
Connecting .. Socket: 4162, src-port: 40031
Waking up connected socket !
Socket connect success. socket = 4162
Connecting through vt-tcp success !
Successfully connected to lower ranked node: 16 at 10.1.38.102:10000
Adding new vt-tcp-socket !
Creating vt-tcp socket !
Connecting to lower ranked node: 15 at 10.1.38.146:10000
Connecting .. Socket: 4163, src-port: 40032
Waking up connected socket !
Socket connect success. socket = 4163
Connecting through vt-tcp success !
Successfully connected to lower ranked node: 15 at 10.1.38.146:10000
Adding new vt-tcp-socket !
Creating vt-tcp socket !
Connecting to lower ranked node: 14 at 10.1.38.150:10000
Connecting .. Socket: 4164, src-port: 40033
Waking up connected socket !
Socket connect success. socket = 4164
Connecting through vt-tcp success !
Successfully connected to lower ranked node: 14 at 10.1.38.150:10000
Adding new vt-tcp-socket !
Creating vt-tcp socket !
Connecting to lower ranked node: 13 at 10.1.38.154:10000
Connecting .. Socket: 4165, src-port: 40034
Waking up connected socket !
Socket connect success. socket = 4165
Connecting through vt-tcp success !
Successfully connected to lower ranked node: 13 at 10.1.38.154:10000
Adding new vt-tcp-socket !
Creating vt-tcp socket !
Connecting to lower ranked node: 12 at 10.1.38.158:10000
Connecting .. Socket: 4166, src-port: 40035
Waking up connected socket !
Socket connect success. socket = 4166
Connecting through vt-tcp success !
Successfully connected to lower ranked node: 12 at 10.1.38.158:10000
Adding new vt-tcp-socket !
Creating vt-tcp socket !
Connecting to lower ranked node: 11 at 10.1.38.162:10000
Connecting .. Socket: 4167, src-port: 40036
Waking up connected socket !
Socket connect success. socket = 4167
Connecting through vt-tcp success !
Successfully connected to lower ranked node: 11 at 10.1.38.162:10000
Adding new vt-tcp-socket !
Creating vt-tcp socket !
Connecting to lower ranked node: 10 at 10.1.38.166:10000
Connecting .. Socket: 4168, src-port: 40037
Waking up connected socket !
Socket connect success. socket = 4168
Connecting through vt-tcp success !
Successfully connected to lower ranked node: 10 at 10.1.38.166:10000
Adding new vt-tcp-socket !
Creating vt-tcp socket !
Connecting to lower ranked node: 9 at 10.1.38.170:10000
Connecting .. Socket: 4169, src-port: 40038
Waking up connected socket !
Socket connect success. socket = 4169
Connecting through vt-tcp success !
Successfully connected to lower ranked node: 9 at 10.1.38.170:10000
Adding new vt-tcp-socket !
Creating vt-tcp socket !
Connecting to lower ranked node: 8 at 10.1.38.174:10000
Connecting .. Socket: 4170, src-port: 40039
Waking up connected socket !
Socket connect success. socket = 4170
Connecting through vt-tcp success !
Successfully connected to lower ranked node: 8 at 10.1.38.174:10000
Adding new vt-tcp-socket !
Creating vt-tcp socket !
Connecting to lower ranked node: 7 at 10.1.37.174:10000
Connecting .. Socket: 4171, src-port: 40040
Waking up connected socket !
Socket connect success. socket = 4171
Connecting through vt-tcp success !
Successfully connected to lower ranked node: 7 at 10.1.37.174:10000
Adding new vt-tcp-socket !
Creating vt-tcp socket !
Connecting to lower ranked node: 6 at 10.1.36.246:10000
Connecting .. Socket: 4172, src-port: 40041
Waking up connected socket !
Socket connect success. socket = 4172
Connecting through vt-tcp success !
Successfully connected to lower ranked node: 6 at 10.1.36.246:10000
Adding new vt-tcp-socket !
Creating vt-tcp socket !
Connecting to lower ranked node: 5 at 10.1.36.250:10000
Connecting .. Socket: 4173, src-port: 40042
Waking up connected socket !
Socket connect success. socket = 4173
Connecting through vt-tcp success !
Successfully connected to lower ranked node: 5 at 10.1.36.250:10000
Adding new vt-tcp-socket !
Creating vt-tcp socket !
Connecting to lower ranked node: 4 at 10.1.36.254:10000
Connecting .. Socket: 4174, src-port: 40043
Waking up connected socket !
Socket connect success. socket = 4174
Connecting through vt-tcp success !
Successfully connected to lower ranked node: 4 at 10.1.36.254:10000
Adding new vt-tcp-socket !
Creating vt-tcp socket !
Connecting to lower ranked node: 3 at 10.1.37.2:10000
Connecting .. Socket: 4175, src-port: 40044
Waking up connected socket !
Socket connect success. socket = 4175
Connecting through vt-tcp success !
Successfully connected to lower ranked node: 3 at 10.1.37.2:10000
Adding new vt-tcp-socket !
Creating vt-tcp socket !
Connecting to lower ranked node: 2 at 10.1.37.6:10000
Connecting .. Socket: 4176, src-port: 40045
Waking up connected socket !
Socket connect success. socket = 4176
Connecting through vt-tcp success !
Successfully connected to lower ranked node: 2 at 10.1.37.6:10000
Adding new vt-tcp-socket !
Creating vt-tcp socket !
Connecting to lower ranked node: 1 at 10.1.37.10:10000
Connecting .. Socket: 4177, src-port: 40046
Waking up connected socket !
Socket connect success. socket = 4177
Connecting through vt-tcp success !
Successfully connected to lower ranked node: 1 at 10.1.37.10:10000
Adding new vt-tcp-socket !
Creating vt-tcp socket !
Connecting to lower ranked node: 0 at 10.1.37.14:10000
Connecting .. Socket: 4178, src-port: 40047
Waking up connected socket !
Socket connect success. socket = 4178
Connecting through vt-tcp success !
Successfully connected to lower ranked node: 0 at 10.1.37.14:10000

---------------- Creating listen Thread ! --------------

---------------- MPI-Init success ! --------------
Waiting to receive partition information from master !
Adding new Thread: 8
Resuming new Thread with Burst of length: 5400
Process 47 computing itegral over my_a = 15.750000, my_b= 15.875000
Called SetLoopLookahead: init: 0, final: 100000000, step: 1, loopDepth: 0, cumulative-num-iterations: 100000000, look-ahead-ns: 518518496
Avg-Compute-Communication-Ratio = 993.323755
Process 47 contributed MY_TOTAL = -nan, my_a = 15.750000, my_b= 15.875000
Integral: 0 computed

------------------------------------------------------------------------------
Waiting to receive partition information from master !
Process 47 computing itegral over my_a = 25.750000, my_b= 25.875000
Called SetLoopLookahead: init: 0, final: 100000000, step: 1, loopDepth: 0, cumulative-num-iterations: 100000000, look-ahead-ns: 518518496
Before rcv-wnd: seq: 1, rcv_nxt: 5
Before rcv-wnd: seq: 1, rcv_nxt: 5
Before rcv-wnd: seq: 1, rcv_nxt: 5
Before rcv-wnd: seq: 1, rcv_nxt: 5
Before rcv-wnd: seq: 1, rcv_nxt: 5
Before rcv-wnd: seq: 1, rcv_nxt: 5
Before rcv-wnd: seq: 1, rcv_nxt: 5
tcp-rto: snd_una: 1, rto: 2000, backoff: 1
tcp-rto: snd_una: 1, rto: 2000, backoff: 1
Avg-Compute-Communication-Ratio = 1135.840088
Process 47 contributed MY_TOTAL = -nan, my_a = 25.750000, my_b= 25.875000
Integral: 1 computed

------------------------------------------------------------------------------
Waiting to receive partition information from master !
Process 47 computing itegral over my_a = 35.750000, my_b= 35.875000
Called SetLoopLookahead: init: 0, final: 100000000, step: 1, loopDepth: 0, cumulative-num-iterations: 100000000, look-ahead-ns: 518518496
Avg-Compute-Communication-Ratio = 1180.225341
Process 47 contributed MY_TOTAL = -nan, my_a = 35.750000, my_b= 35.875000
Integral: 2 computed

------------------------------------------------------------------------------
Waiting to receive partition information from master !
Process 47 computing itegral over my_a = 45.750000, my_b= 45.875000
Called SetLoopLookahead: init: 0, final: 100000000, step: 1, loopDepth: 0, cumulative-num-iterations: 100000000, look-ahead-ns: 518518496
Avg-Compute-Communication-Ratio = 1205.143521
Process 47 contributed MY_TOTAL = -nan, my_a = 45.750000, my_b= 45.875000
Integral: 3 computed

------------------------------------------------------------------------------
Waiting to receive partition information from master !
Process 47 computing itegral over my_a = 55.750000, my_b= 55.875000
Called SetLoopLookahead: init: 0, final: 100000000, step: 1, loopDepth: 0, cumulative-num-iterations: 100000000, look-ahead-ns: 518518496
Avg-Compute-Communication-Ratio = 1225.220699
Process 47 contributed MY_TOTAL = -nan, my_a = 55.750000, my_b= 55.875000
Integral: 4 computed

------------------------------------------------------------------------------
Waiting to receive partition information from master !
Process 47 computing itegral over my_a = 65.750000, my_b= 65.875000
Called SetLoopLookahead: init: 0, final: 100000000, step: 1, loopDepth: 0, cumulative-num-iterations: 100000000, look-ahead-ns: 518518496
Avg-Compute-Communication-Ratio = 1232.112079
Process 47 contributed MY_TOTAL = -nan, my_a = 65.750000, my_b= 65.875000
Integral: 5 computed

------------------------------------------------------------------------------
Waiting to receive partition information from master !
Process 47 computing itegral over my_a = 75.750000, my_b= 75.875000
Called SetLoopLookahead: init: 0, final: 100000000, step: 1, loopDepth: 0, cumulative-num-iterations: 100000000, look-ahead-ns: 518518496
Avg-Compute-Communication-Ratio = 1239.193581
Process 47 contributed MY_TOTAL = -nan, my_a = 75.750000, my_b= 75.875000
Integral: 6 computed

------------------------------------------------------------------------------
Waiting to receive partition information from master !
Process 47 computing itegral over my_a = 85.750000, my_b= 85.875000
Called SetLoopLookahead: init: 0, final: 100000000, step: 1, loopDepth: 0, cumulative-num-iterations: 100000000, look-ahead-ns: 518518496
Avg-Compute-Communication-Ratio = 1241.950000
Process 47 contributed MY_TOTAL = -nan, my_a = 85.750000, my_b= 85.875000
Integral: 7 computed

------------------------------------------------------------------------------
Waiting to receive partition information from master !
Process 47 computing itegral over my_a = 95.750000, my_b= 95.875000
Called SetLoopLookahead: init: 0, final: 100000000, step: 1, loopDepth: 0, cumulative-num-iterations: 100000000, look-ahead-ns: 518518496
Avg-Compute-Communication-Ratio = 1244.766071
Process 47 contributed MY_TOTAL = -nan, my_a = 95.750000, my_b= 95.875000
Integral: 8 computed

------------------------------------------------------------------------------
Waiting to receive partition information from master !
Process 47 computing itegral over my_a = 105.750000, my_b= 105.875000
Called SetLoopLookahead: init: 0, final: 100000000, step: 1, loopDepth: 0, cumulative-num-iterations: 100000000, look-ahead-ns: 518518496
Avg-Compute-Communication-Ratio = 1250.034474
Process 47 contributed MY_TOTAL = -nan, my_a = 105.750000, my_b= 105.875000
Integral: 9 computed

------------------------------------------------------------------------------
Waiting to receive partition information from master !
Process 47 computing itegral over my_a = 115.750000, my_b= 115.875000
Called SetLoopLookahead: init: 0, final: 100000000, step: 1, loopDepth: 0, cumulative-num-iterations: 100000000, look-ahead-ns: 518518496
Avg-Compute-Communication-Ratio = 1252.175192
Process 47 contributed MY_TOTAL = -nan, my_a = 115.750000, my_b= 115.875000
Integral: 10 computed

------------------------------------------------------------------------------
Waiting to receive partition information from master !
Process 47 computing itegral over my_a = 125.750000, my_b= 125.875000
Called SetLoopLookahead: init: 0, final: 100000000, step: 1, loopDepth: 0, cumulative-num-iterations: 100000000, look-ahead-ns: 518518496
Avg-Compute-Communication-Ratio = 1255.229574
Process 47 contributed MY_TOTAL = -nan, my_a = 125.750000, my_b= 125.875000
Integral: 11 computed

------------------------------------------------------------------------------
Waiting to receive partition information from master !
Process 47 computing itegral over my_a = 135.750000, my_b= 135.875000
Called SetLoopLookahead: init: 0, final: 100000000, step: 1, loopDepth: 0, cumulative-num-iterations: 100000000, look-ahead-ns: 518518496
Avg-Compute-Communication-Ratio = 1259.941682
Process 47 contributed MY_TOTAL = -nan, my_a = 135.750000, my_b= 135.875000
Integral: 12 computed

------------------------------------------------------------------------------
Waiting to receive partition information from master !
Process 47 computing itegral over my_a = 145.750000, my_b= 145.875000
Called SetLoopLookahead: init: 0, final: 100000000, step: 1, loopDepth: 0, cumulative-num-iterations: 100000000, look-ahead-ns: 518518496
Avg-Compute-Communication-Ratio = 1262.689685
Process 47 contributed MY_TOTAL = -nan, my_a = 145.750000, my_b= 145.875000
Integral: 13 computed

------------------------------------------------------------------------------
Waiting to receive partition information from master !
Process 47 computing itegral over my_a = 155.750000, my_b= 155.875000
Called SetLoopLookahead: init: 0, final: 100000000, step: 1, loopDepth: 0, cumulative-num-iterations: 100000000, look-ahead-ns: 518518496
Avg-Compute-Communication-Ratio = 1265.904622
Process 47 contributed MY_TOTAL = -nan, my_a = 155.750000, my_b= 155.875000
Integral: 14 computed

------------------------------------------------------------------------------
Waiting to receive partition information from master !
Process 47 computing itegral over my_a = 165.750000, my_b= 165.875000
Called SetLoopLookahead: init: 0, final: 100000000, step: 1, loopDepth: 0, cumulative-num-iterations: 100000000, look-ahead-ns: 518518496
Avg-Compute-Communication-Ratio = 1267.180846
Process 47 contributed MY_TOTAL = -nan, my_a = 165.750000, my_b= 165.875000
Integral: 15 computed

------------------------------------------------------------------------------
Waiting to receive partition information from master !
Process 47 computing itegral over my_a = 175.750000, my_b= 175.875000
Called SetLoopLookahead: init: 0, final: 100000000, step: 1, loopDepth: 0, cumulative-num-iterations: 100000000, look-ahead-ns: 518518496
Avg-Compute-Communication-Ratio = 1267.944189
Process 47 contributed MY_TOTAL = -nan, my_a = 175.750000, my_b= 175.875000
Integral: 16 computed

------------------------------------------------------------------------------
Waiting to receive partition information from master !
Process 47 computing itegral over my_a = 185.750000, my_b= 185.875000
Called SetLoopLookahead: init: 0, final: 100000000, step: 1, loopDepth: 0, cumulative-num-iterations: 100000000, look-ahead-ns: 518518496
Avg-Compute-Communication-Ratio = 1270.004626
Process 47 contributed MY_TOTAL = -nan, my_a = 185.750000, my_b= 185.875000
Integral: 17 computed

------------------------------------------------------------------------------
Waiting to receive partition information from master !
Process 47 computing itegral over my_a = 195.750000, my_b= 195.875000
Called SetLoopLookahead: init: 0, final: 100000000, step: 1, loopDepth: 0, cumulative-num-iterations: 100000000, look-ahead-ns: 518518496
Avg-Compute-Communication-Ratio = 1271.689557
Process 47 contributed MY_TOTAL = -nan, my_a = 195.750000, my_b= 195.875000
Integral: 18 computed

------------------------------------------------------------------------------
Waiting to receive partition information from master !
Process 47 computing itegral over my_a = 205.750000, my_b= 205.875000
Called SetLoopLookahead: init: 0, final: 100000000, step: 1, loopDepth: 0, cumulative-num-iterations: 100000000, look-ahead-ns: 518518496
Avg-Compute-Communication-Ratio = 1273.991892
Process 47 contributed MY_TOTAL = -nan, my_a = 205.750000, my_b= 205.875000
Integral: 19 computed

------------------------------------------------------------------------------
Waiting to receive partition information from master !
Process 47 computing itegral over my_a = 215.750000, my_b= 215.875000
Called SetLoopLookahead: init: 0, final: 100000000, step: 1, loopDepth: 0, cumulative-num-iterations: 100000000, look-ahead-ns: 518518496
Avg-Compute-Communication-Ratio = 1274.588435
Process 47 contributed MY_TOTAL = -nan, my_a = 215.750000, my_b= 215.875000
Integral: 20 computed

------------------------------------------------------------------------------
Waiting to receive partition information from master !
Process 47 computing itegral over my_a = 225.750000, my_b= 225.875000
Called SetLoopLookahead: init: 0, final: 100000000, step: 1, loopDepth: 0, cumulative-num-iterations: 100000000, look-ahead-ns: 518518496
Avg-Compute-Communication-Ratio = 1276.272544
Process 47 contributed MY_TOTAL = -nan, my_a = 225.750000, my_b= 225.875000
Integral: 21 computed

------------------------------------------------------------------------------
Waiting to receive partition information from master !
Process 47 computing itegral over my_a = 235.750000, my_b= 235.875000
Called SetLoopLookahead: init: 0, final: 100000000, step: 1, loopDepth: 0, cumulative-num-iterations: 100000000, look-ahead-ns: 518518496
Avg-Compute-Communication-Ratio = 1276.993147
Process 47 contributed MY_TOTAL = -nan, my_a = 235.750000, my_b= 235.875000
Integral: 22 computed

------------------------------------------------------------------------------
Waiting to receive partition information from master !
Process 47 computing itegral over my_a = 245.750000, my_b= 245.875000
Called SetLoopLookahead: init: 0, final: 100000000, step: 1, loopDepth: 0, cumulative-num-iterations: 100000000, look-ahead-ns: 518518496
Avg-Compute-Communication-Ratio = 1277.654415
Process 47 contributed MY_TOTAL = -nan, my_a = 245.750000, my_b= 245.875000
Integral: 23 computed

------------------------------------------------------------------------------
Waiting to receive partition information from master !
Process 47 computing itegral over my_a = 255.750000, my_b= 255.875000
Called SetLoopLookahead: init: 0, final: 100000000, step: 1, loopDepth: 0, cumulative-num-iterations: 100000000, look-ahead-ns: 518518496
Avg-Compute-Communication-Ratio = 1279.777767
Process 47 contributed MY_TOTAL = -nan, my_a = 255.750000, my_b= 255.875000
Integral: 24 computed

------------------------------------------------------------------------------
Waiting to receive partition information from master !
Process 47 computing itegral over my_a = 265.750000, my_b= 265.875000
Called SetLoopLookahead: init: 0, final: 100000000, step: 1, loopDepth: 0, cumulative-num-iterations: 100000000, look-ahead-ns: 518518496
Avg-Compute-Communication-Ratio = 1279.675748
Process 47 contributed MY_TOTAL = -nan, my_a = 265.750000, my_b= 265.875000
Integral: 25 computed

------------------------------------------------------------------------------
Waiting to receive partition information from master !
Process 47 computing itegral over my_a = 275.750000, my_b= 275.875000
Called SetLoopLookahead: init: 0, final: 100000000, step: 1, loopDepth: 0, cumulative-num-iterations: 100000000, look-ahead-ns: 518518496
Avg-Compute-Communication-Ratio = 1279.113659
Process 47 contributed MY_TOTAL = -nan, my_a = 275.750000, my_b= 275.875000
Integral: 26 computed

------------------------------------------------------------------------------
Waiting to receive partition information from master !
Process 47 computing itegral over my_a = 285.750000, my_b= 285.875000
Called SetLoopLookahead: init: 0, final: 100000000, step: 1, loopDepth: 0, cumulative-num-iterations: 100000000, look-ahead-ns: 518518496
Avg-Compute-Communication-Ratio = 1280.283422
Process 47 contributed MY_TOTAL = -nan, my_a = 285.750000, my_b= 285.875000
Integral: 27 computed

------------------------------------------------------------------------------
Waiting to receive partition information from master !
Process 47 computing itegral over my_a = 295.750000, my_b= 295.875000
Called SetLoopLookahead: init: 0, final: 100000000, step: 1, loopDepth: 0, cumulative-num-iterations: 100000000, look-ahead-ns: 518518496
Avg-Compute-Communication-Ratio = 1279.847561
Process 47 contributed MY_TOTAL = -nan, my_a = 295.750000, my_b= 295.875000
Integral: 28 computed

------------------------------------------------------------------------------
Waiting to receive partition information from master !
Process 47 computing itegral over my_a = 305.750000, my_b= 305.875000
Called SetLoopLookahead: init: 0, final: 100000000, step: 1, loopDepth: 0, cumulative-num-iterations: 100000000, look-ahead-ns: 518518496
Avg-Compute-Communication-Ratio = 1279.230592
Process 47 contributed MY_TOTAL = -nan, my_a = 305.750000, my_b= 305.875000
Integral: 29 computed

------------------------------------------------------------------------------
Waiting to receive partition information from master !
Process 47 computing itegral over my_a = 315.750000, my_b= 315.875000
Called SetLoopLookahead: init: 0, final: 100000000, step: 1, loopDepth: 0, cumulative-num-iterations: 100000000, look-ahead-ns: 518518496
Avg-Compute-Communication-Ratio = 1279.875707
Process 47 contributed MY_TOTAL = -nan, my_a = 315.750000, my_b= 315.875000
Integral: 30 computed

------------------------------------------------------------------------------
Waiting to receive partition information from master !
Process 47 computing itegral over my_a = 325.750000, my_b= 325.875000
Called SetLoopLookahead: init: 0, final: 100000000, step: 1, loopDepth: 0, cumulative-num-iterations: 100000000, look-ahead-ns: 518518496
Avg-Compute-Communication-Ratio = 1281.272124
Process 47 contributed MY_TOTAL = -nan, my_a = 325.750000, my_b= 325.875000
Integral: 31 computed

------------------------------------------------------------------------------
Waiting to receive partition information from master !
Process 47 computing itegral over my_a = 335.750000, my_b= 335.875000
Called SetLoopLookahead: init: 0, final: 100000000, step: 1, loopDepth: 0, cumulative-num-iterations: 100000000, look-ahead-ns: 518518496
Avg-Compute-Communication-Ratio = 1282.010115
Process 47 contributed MY_TOTAL = -nan, my_a = 335.750000, my_b= 335.875000
Integral: 32 computed

------------------------------------------------------------------------------
Waiting to receive partition information from master !
Process 47 computing itegral over my_a = 345.750000, my_b= 345.875000
Called SetLoopLookahead: init: 0, final: 100000000, step: 1, loopDepth: 0, cumulative-num-iterations: 100000000, look-ahead-ns: 518518496
Avg-Compute-Communication-Ratio = 1283.265686
Process 47 contributed MY_TOTAL = -nan, my_a = 345.750000, my_b= 345.875000
Integral: 33 computed

------------------------------------------------------------------------------
Waiting to receive partition information from master !
Process 47 computing itegral over my_a = 355.750000, my_b= 355.875000
Called SetLoopLookahead: init: 0, final: 100000000, step: 1, loopDepth: 0, cumulative-num-iterations: 100000000, look-ahead-ns: 518518496
Avg-Compute-Communication-Ratio = 1284.542681
Process 47 contributed MY_TOTAL = -nan, my_a = 355.750000, my_b= 355.875000
Integral: 34 computed

------------------------------------------------------------------------------
Waiting to receive partition information from master !
Process 47 computing itegral over my_a = 365.750000, my_b= 365.875000
Called SetLoopLookahead: init: 0, final: 100000000, step: 1, loopDepth: 0, cumulative-num-iterations: 100000000, look-ahead-ns: 518518496
Avg-Compute-Communication-Ratio = 1284.954499
Process 47 contributed MY_TOTAL = -nan, my_a = 365.750000, my_b= 365.875000
Integral: 35 computed

------------------------------------------------------------------------------
Waiting to receive partition information from master !
Process 47 computing itegral over my_a = 375.750000, my_b= 375.875000
Called SetLoopLookahead: init: 0, final: 100000000, step: 1, loopDepth: 0, cumulative-num-iterations: 100000000, look-ahead-ns: 518518496
Avg-Compute-Communication-Ratio = 1286.033584
Process 47 contributed MY_TOTAL = -nan, my_a = 375.750000, my_b= 375.875000
Integral: 36 computed

------------------------------------------------------------------------------
Waiting to receive partition information from master !
Process 47 computing itegral over my_a = 385.750000, my_b= 385.875000
Called SetLoopLookahead: init: 0, final: 100000000, step: 1, loopDepth: 0, cumulative-num-iterations: 100000000, look-ahead-ns: 518518496
Avg-Compute-Communication-Ratio = 1286.889426
Process 47 contributed MY_TOTAL = -nan, my_a = 385.750000, my_b= 385.875000
Integral: 37 computed

------------------------------------------------------------------------------
Waiting to receive partition information from master !
Process 47 computing itegral over my_a = 395.750000, my_b= 395.875000
Called SetLoopLookahead: init: 0, final: 100000000, step: 1, loopDepth: 0, cumulative-num-iterations: 100000000, look-ahead-ns: 518518496
Exp finishing. Stopping stack thread with id: 6!

------------------------- ACTUAL STDOUT FROM EXECUTABLE ENDED -----------------------------

Process: 6 exiting VT experiment !
Main thread exiting. PID = 6
