Attempting to set static arp entries ...
Tracer: 31 >> Using SRC IP: 10.1.37.210 for any spawned virtual tcp-stacks
Tracer: 31 >> Updating firewall rules to drop outgoing TCP-RST packets
Attempting to set firewall rules ...
Tracer: 31 >> CMD TO RUN: /home/vignesh/VT-S3FNet/csudp/mpi_integral/mpi_int 30 61 10.1.37.210 > /home/vignesh/VT-S3FNet/experiment-data/MPI_LA_Enabled_nemus_61_mpi_int/worker30.log
args[0] = /home/vignesh/VT-S3FNet/csudp/mpi_integral/mpi_int
args[1] = 30
args[2] = 61
args[3] = 10.1.37.210
Setting appropriate environment variables ...
HOME DIRECTORY : /home/vignesh
Parsing TTN config file: /home/vignesh/.ttn/projects.db
Setting VT_L1_INS_CACHE_MISS_CYCLES to: 100
Setting VT_L1_INS_CACHE_LINES to: 64
Setting VT_L1_INS_CACHE_SIZE_KB to: 32
Setting VT_L1_INS_CACHE_ASSOC to: 8
Setting VT_L1_INS_CACHE_REPLACEMENT_POLICY to: LRU
Setting VT_L1_DATA_CACHE_MISS_CYCLES to: 100
Setting VT_L1_DATA_CACHE_LINES to: 64
Setting VT_L1_DATA_CACHE_SIZE_KB to: 32
Setting VT_L1_DATA_CACHE_ASSOC to: 8
Setting VT_L1_DATA_CACHE_REPLACEMENT_POLICY to: LRU
Setting VT_CPU_CYLES_NS to: 2.700000
Setting VT_NIC_SPEED_MBPS to: 1000.000000
Setting VT_TIMING_MODEL to: EMPIRICAL
Setting VT_BBL_LOOKAHEAD_FILE to: /home/vignesh/VT-S3FNet/csudp/mpi_integral/.ttn/lookahead/bbl_lookahead.info
Setting VT_LOOP_LOOKAHEAD_FILE to: /home/vignesh/VT-S3FNet/csudp/mpi_integral/.ttn/lookahead/loop_lookahead.info
Starting command: /home/vignesh/VT-S3FNet/csudp/mpi_integral/mpi_int
Loading orig functions !
Starting executable with Pid = 6
Loading pointers to VTL Logic functions
Loaded pointers to all VTL Logic functions
Now Initializing VT-Management 
Extracting env variables !
Extracted tracer-id: 31
Extracted exp-type: 2
Extracted cpu-cycles-ns: 2.700000
Extracted socket-layer-ip: -769326838
Starting VT-initialization !
Tracer-ID: 31, Timeline-ID: 31
Tracer registration for EXP_CS complete. TimelineID = 31, Return = 31
Tracer Adding to SQ. Tracer ID = 31
Parsing any provided lookahead information ...
Opening file: /home/vignesh/VT-S3FNet/csudp/mpi_integral/.ttn/lookahead/bbl_lookahead.info
File size: 176
mapped memblock size: 176
Finish offset: 18, Number of values: 18
Returning success !
Loaded BBL lookaheads for 18 basic blocks ...
Opening file: /home/vignesh/VT-S3FNet/csudp/mpi_integral/.ttn/lookahead/loop_lookahead.info
File size: 40
mapped memblock size: 40
Finish offset: 1, Number of values: 1
Returning success !
Loaded Loop lookaheads for 1 loops ...
VT initialization successfull !
Finished Initializing VT-Management 
Initializing TCP-stack ...
TCP stack unique-id: 316
Starting virtual socket layer stack-thread !
Pthread_create: vtStackThread special case
Successfully initialized VTL-Logic embedded into the executable

------------------------- ACTUAL STDOUT FROM EXECUTABLE STARTS -----------------------------

Rank = 30, Total = 61, IP = 10.1.37.210
Adding new vt-tcp-socket !
Creating vt-tcp socket !
bind through vt-tcp !
Server socket bound to ip:port: 10.1.37.210:10000
Waiting for OK message from other nodes !
Waiting for OK message !
listen through vt-tcp !
Accept through vt-tcp !
Successfully received OK message !

---------------- Waiting for higher ranked nodes to connect --------------
listen through vt-tcp !
Accepting connection from higher ranked node: 60
Accept through vt-tcp !
Accepted connection from higher ranked node: 60
Successfully connected with higher ranked node: 60
Accepting connection from higher ranked node: 59
Accept through vt-tcp !
Accepted connection from higher ranked node: 59
Successfully connected with higher ranked node: 59
Accepting connection from higher ranked node: 58
Accept through vt-tcp !
Accepted connection from higher ranked node: 58
Successfully connected with higher ranked node: 58
Accepting connection from higher ranked node: 57
Accept through vt-tcp !
Accepted connection from higher ranked node: 57
Successfully connected with higher ranked node: 57
Accepting connection from higher ranked node: 56
Accept through vt-tcp !
Accepted connection from higher ranked node: 56
Successfully connected with higher ranked node: 56
Accepting connection from higher ranked node: 55
Accept through vt-tcp !
Accepted connection from higher ranked node: 55
Successfully connected with higher ranked node: 55
Accepting connection from higher ranked node: 54
Accept through vt-tcp !
Accepted connection from higher ranked node: 54
Successfully connected with higher ranked node: 54
Accepting connection from higher ranked node: 53
Accept through vt-tcp !
Accepted connection from higher ranked node: 53
Successfully connected with higher ranked node: 53
Accepting connection from higher ranked node: 52
Accept through vt-tcp !
Accepted connection from higher ranked node: 52
Successfully connected with higher ranked node: 52
Accepting connection from higher ranked node: 51
Accept through vt-tcp !
Accepted connection from higher ranked node: 51
Successfully connected with higher ranked node: 51
Accepting connection from higher ranked node: 50
Accept through vt-tcp !
Accepted connection from higher ranked node: 50
Successfully connected with higher ranked node: 50
Accepting connection from higher ranked node: 49
Accept through vt-tcp !
Accepted connection from higher ranked node: 49
Successfully connected with higher ranked node: 49
Accepting connection from higher ranked node: 48
Accept through vt-tcp !
Accepted connection from higher ranked node: 48
Successfully connected with higher ranked node: 48
Accepting connection from higher ranked node: 47
Accept through vt-tcp !
Accepted connection from higher ranked node: 47
Successfully connected with higher ranked node: 47
Accepting connection from higher ranked node: 46
Accept through vt-tcp !
Accepted connection from higher ranked node: 46
Successfully connected with higher ranked node: 46
Accepting connection from higher ranked node: 45
Accept through vt-tcp !
Accepted connection from higher ranked node: 45
Successfully connected with higher ranked node: 45
Accepting connection from higher ranked node: 44
Accept through vt-tcp !
Accepted connection from higher ranked node: 44
Successfully connected with higher ranked node: 44
Accepting connection from higher ranked node: 43
Accept through vt-tcp !
Accepted connection from higher ranked node: 43
Successfully connected with higher ranked node: 43
Accepting connection from higher ranked node: 42
Accept through vt-tcp !
Accepted connection from higher ranked node: 42
Successfully connected with higher ranked node: 42
Accepting connection from higher ranked node: 41
Accept through vt-tcp !
Accepted connection from higher ranked node: 41
Successfully connected with higher ranked node: 41
Accepting connection from higher ranked node: 40
Accept through vt-tcp !
Accepted connection from higher ranked node: 40
Successfully connected with higher ranked node: 40
Accepting connection from higher ranked node: 39
Accept through vt-tcp !
Accepted connection from higher ranked node: 39
Successfully connected with higher ranked node: 39
Accepting connection from higher ranked node: 38
Accept through vt-tcp !
Accepted connection from higher ranked node: 38
Successfully connected with higher ranked node: 38
Accepting connection from higher ranked node: 37
Accept through vt-tcp !
Accepted connection from higher ranked node: 37
Successfully connected with higher ranked node: 37
Accepting connection from higher ranked node: 36
Accept through vt-tcp !
Accepted connection from higher ranked node: 36
Successfully connected with higher ranked node: 36
Accepting connection from higher ranked node: 35
Accept through vt-tcp !
Accepted connection from higher ranked node: 35
Successfully connected with higher ranked node: 35
Accepting connection from higher ranked node: 34
Accept through vt-tcp !
Accepted connection from higher ranked node: 34
Successfully connected with higher ranked node: 34
Accepting connection from higher ranked node: 33
Accept through vt-tcp !
Accepted connection from higher ranked node: 33
Successfully connected with higher ranked node: 33
Accepting connection from higher ranked node: 32
Accept through vt-tcp !
Accepted connection from higher ranked node: 32
Successfully connected with higher ranked node: 32
Accepting connection from higher ranked node: 31
Accept through vt-tcp !
Accepted connection from higher ranked node: 31
Successfully connected with higher ranked node: 31
Closing server socket: 4097
Clearing all tcp timers !
TCP-done for socket: 4097, err: -103

---------------- Connecting to lowed ranked nodes ! --------------
Adding new vt-tcp-socket !
Creating vt-tcp socket !
Connecting to lower ranked node: 29 at 10.1.37.214:10000
Connecting .. Socket: 4129, src-port: 40001
Socket: 4097 garbage collection
Freeing socket: 4097
Waking up connected socket !
Socket connect success. socket = 4129
Connecting through vt-tcp success !
Successfully connected to lower ranked node: 29 at 10.1.37.214:10000
Adding new vt-tcp-socket !
Creating vt-tcp socket !
Connecting to lower ranked node: 28 at 10.1.37.218:10000
Connecting .. Socket: 4130, src-port: 40002
Waking up connected socket !
Socket connect success. socket = 4130
Connecting through vt-tcp success !
Successfully connected to lower ranked node: 28 at 10.1.37.218:10000
Adding new vt-tcp-socket !
Creating vt-tcp socket !
Connecting to lower ranked node: 27 at 10.1.37.222:10000
Connecting .. Socket: 4131, src-port: 40003
Waking up connected socket !
Socket connect success. socket = 4131
Connecting through vt-tcp success !
Successfully connected to lower ranked node: 27 at 10.1.37.222:10000
Adding new vt-tcp-socket !
Creating vt-tcp socket !
Connecting to lower ranked node: 26 at 10.1.37.226:10000
Connecting .. Socket: 4132, src-port: 40004
Waking up connected socket !
Socket connect success. socket = 4132
Connecting through vt-tcp success !
Successfully connected to lower ranked node: 26 at 10.1.37.226:10000
Adding new vt-tcp-socket !
Creating vt-tcp socket !
Connecting to lower ranked node: 25 at 10.1.38.10:10000
Connecting .. Socket: 4133, src-port: 40005
Waking up connected socket !
Socket connect success. socket = 4133
Connecting through vt-tcp success !
Successfully connected to lower ranked node: 25 at 10.1.38.10:10000
Adding new vt-tcp-socket !
Creating vt-tcp socket !
Connecting to lower ranked node: 24 at 10.1.38.122:10000
Connecting .. Socket: 4134, src-port: 40006
Waking up connected socket !
Socket connect success. socket = 4134
Connecting through vt-tcp success !
Successfully connected to lower ranked node: 24 at 10.1.38.122:10000
Adding new vt-tcp-socket !
Creating vt-tcp socket !
Connecting to lower ranked node: 23 at 10.1.38.126:10000
Connecting .. Socket: 4135, src-port: 40007
Waking up connected socket !
Socket connect success. socket = 4135
Connecting through vt-tcp success !
Successfully connected to lower ranked node: 23 at 10.1.38.126:10000
Adding new vt-tcp-socket !
Creating vt-tcp socket !
Connecting to lower ranked node: 22 at 10.1.38.130:10000
Connecting .. Socket: 4136, src-port: 40008
Waking up connected socket !
Socket connect success. socket = 4136
Connecting through vt-tcp success !
Successfully connected to lower ranked node: 22 at 10.1.38.130:10000
Adding new vt-tcp-socket !
Creating vt-tcp socket !
Connecting to lower ranked node: 21 at 10.1.38.134:10000
Connecting .. Socket: 4137, src-port: 40009
Waking up connected socket !
Socket connect success. socket = 4137
Connecting through vt-tcp success !
Successfully connected to lower ranked node: 21 at 10.1.38.134:10000
Adding new vt-tcp-socket !
Creating vt-tcp socket !
Connecting to lower ranked node: 20 at 10.1.38.138:10000
Connecting .. Socket: 4138, src-port: 40010
Waking up connected socket !
Socket connect success. socket = 4138
Connecting through vt-tcp success !
Successfully connected to lower ranked node: 20 at 10.1.38.138:10000
Adding new vt-tcp-socket !
Creating vt-tcp socket !
Connecting to lower ranked node: 19 at 10.1.38.142:10000
Connecting .. Socket: 4139, src-port: 40011
Waking up connected socket !
Socket connect success. socket = 4139
Connecting through vt-tcp success !
Successfully connected to lower ranked node: 19 at 10.1.38.142:10000
Adding new vt-tcp-socket !
Creating vt-tcp socket !
Connecting to lower ranked node: 18 at 10.1.38.146:10000
Connecting .. Socket: 4140, src-port: 40012
Waking up connected socket !
Socket connect success. socket = 4140
Connecting through vt-tcp success !
Successfully connected to lower ranked node: 18 at 10.1.38.146:10000
Adding new vt-tcp-socket !
Creating vt-tcp socket !
Connecting to lower ranked node: 17 at 10.1.38.150:10000
Connecting .. Socket: 4141, src-port: 40013
Waking up connected socket !
Socket connect success. socket = 4141
Connecting through vt-tcp success !
Successfully connected to lower ranked node: 17 at 10.1.38.150:10000
Adding new vt-tcp-socket !
Creating vt-tcp socket !
Connecting to lower ranked node: 16 at 10.1.38.118:10000
Connecting .. Socket: 4142, src-port: 40014
Waking up connected socket !
Socket connect success. socket = 4142
Connecting through vt-tcp success !
Successfully connected to lower ranked node: 16 at 10.1.38.118:10000
Adding new vt-tcp-socket !
Creating vt-tcp socket !
Connecting to lower ranked node: 15 at 10.1.38.158:10000
Connecting .. Socket: 4143, src-port: 40015
Waking up connected socket !
Socket connect success. socket = 4143
Connecting through vt-tcp success !
Successfully connected to lower ranked node: 15 at 10.1.38.158:10000
Adding new vt-tcp-socket !
Creating vt-tcp socket !
Connecting to lower ranked node: 14 at 10.1.38.162:10000
Connecting .. Socket: 4144, src-port: 40016
Waking up connected socket !
Socket connect success. socket = 4144
Connecting through vt-tcp success !
Successfully connected to lower ranked node: 14 at 10.1.38.162:10000
Adding new vt-tcp-socket !
Creating vt-tcp socket !
Connecting to lower ranked node: 13 at 10.1.38.166:10000
Connecting .. Socket: 4145, src-port: 40017
Waking up connected socket !
Socket connect success. socket = 4145
Connecting through vt-tcp success !
Successfully connected to lower ranked node: 13 at 10.1.38.166:10000
Adding new vt-tcp-socket !
Creating vt-tcp socket !
Connecting to lower ranked node: 12 at 10.1.38.170:10000
Connecting .. Socket: 4146, src-port: 40018
Waking up connected socket !
Socket connect success. socket = 4146
Connecting through vt-tcp success !
Successfully connected to lower ranked node: 12 at 10.1.38.170:10000
Adding new vt-tcp-socket !
Creating vt-tcp socket !
Connecting to lower ranked node: 11 at 10.1.38.174:10000
Connecting .. Socket: 4147, src-port: 40019
Waking up connected socket !
Socket connect success. socket = 4147
Connecting through vt-tcp success !
Successfully connected to lower ranked node: 11 at 10.1.38.174:10000
Adding new vt-tcp-socket !
Creating vt-tcp socket !
Connecting to lower ranked node: 10 at 10.1.38.178:10000
Connecting .. Socket: 4148, src-port: 40020
Waking up connected socket !
Socket connect success. socket = 4148
Connecting through vt-tcp success !
Successfully connected to lower ranked node: 10 at 10.1.38.178:10000
Adding new vt-tcp-socket !
Creating vt-tcp socket !
Connecting to lower ranked node: 9 at 10.1.38.182:10000
Connecting .. Socket: 4149, src-port: 40021
Waking up connected socket !
Socket connect success. socket = 4149
Connecting through vt-tcp success !
Successfully connected to lower ranked node: 9 at 10.1.38.182:10000
Adding new vt-tcp-socket !
Creating vt-tcp socket !
Connecting to lower ranked node: 8 at 10.1.38.186:10000
Connecting .. Socket: 4150, src-port: 40022
Waking up connected socket !
Socket connect success. socket = 4150
Connecting through vt-tcp success !
Successfully connected to lower ranked node: 8 at 10.1.38.186:10000
Adding new vt-tcp-socket !
Creating vt-tcp socket !
Connecting to lower ranked node: 7 at 10.1.38.82:10000
Connecting .. Socket: 4151, src-port: 40023
Waking up connected socket !
Socket connect success. socket = 4151
Connecting through vt-tcp success !
Successfully connected to lower ranked node: 7 at 10.1.38.82:10000
Adding new vt-tcp-socket !
Creating vt-tcp socket !
Connecting to lower ranked node: 6 at 10.1.38.50:10000
Connecting .. Socket: 4152, src-port: 40024
Waking up connected socket !
Socket connect success. socket = 4152
Connecting through vt-tcp success !
Successfully connected to lower ranked node: 6 at 10.1.38.50:10000
Adding new vt-tcp-socket !
Creating vt-tcp socket !
Connecting to lower ranked node: 5 at 10.1.38.54:10000
Connecting .. Socket: 4153, src-port: 40025
Waking up connected socket !
Socket connect success. socket = 4153
Connecting through vt-tcp success !
Successfully connected to lower ranked node: 5 at 10.1.38.54:10000
Adding new vt-tcp-socket !
Creating vt-tcp socket !
Connecting to lower ranked node: 4 at 10.1.38.58:10000
Connecting .. Socket: 4154, src-port: 40026
Waking up connected socket !
Socket connect success. socket = 4154
Connecting through vt-tcp success !
Successfully connected to lower ranked node: 4 at 10.1.38.58:10000
Adding new vt-tcp-socket !
Creating vt-tcp socket !
Connecting to lower ranked node: 3 at 10.1.38.62:10000
Connecting .. Socket: 4155, src-port: 40027
Waking up connected socket !
Socket connect success. socket = 4155
Connecting through vt-tcp success !
Successfully connected to lower ranked node: 3 at 10.1.38.62:10000
Adding new vt-tcp-socket !
Creating vt-tcp socket !
Connecting to lower ranked node: 2 at 10.1.38.66:10000
Connecting .. Socket: 4156, src-port: 40028
Waking up connected socket !
Socket connect success. socket = 4156
Connecting through vt-tcp success !
Successfully connected to lower ranked node: 2 at 10.1.38.66:10000
Adding new vt-tcp-socket !
Creating vt-tcp socket !
Connecting to lower ranked node: 1 at 10.1.38.70:10000
Connecting .. Socket: 4157, src-port: 40029
Waking up connected socket !
Socket connect success. socket = 4157
Connecting through vt-tcp success !
Successfully connected to lower ranked node: 1 at 10.1.38.70:10000
Adding new vt-tcp-socket !
Creating vt-tcp socket !
Connecting to lower ranked node: 0 at 10.1.38.74:10000
Connecting .. Socket: 4158, src-port: 40030
Waking up connected socket !
Socket connect success. socket = 4158
Connecting through vt-tcp success !
Successfully connected to lower ranked node: 0 at 10.1.38.74:10000

---------------- Creating listen Thread ! --------------

---------------- MPI-Init success ! --------------
Waiting to receive partition information from master !
Adding new Thread: 8
Resuming new Thread with Burst of length: 5400
Process 30 computing itegral over my_a = 14.833333, my_b= 15.000000
Called SetLoopLookahead: init: 0, final: 100000000, step: 1, loopDepth: 0, cumulative-num-iterations: 100000000, look-ahead-ns: 518518496
Avg-Compute-Communication-Ratio = 1152.255556
Process 30 contributed MY_TOTAL = -nan, my_a = 14.833333, my_b= 15.000000
Integral: 0 computed

------------------------------------------------------------------------------
Waiting to receive partition information from master !
Process 30 computing itegral over my_a = 24.833333, my_b= 25.000000
Called SetLoopLookahead: init: 0, final: 100000000, step: 1, loopDepth: 0, cumulative-num-iterations: 100000000, look-ahead-ns: 518518496
Before rcv-wnd: seq: 1, rcv_nxt: 5
tcp-rto: snd_una: 1, rto: 2000, backoff: 1
tcp-rto: snd_una: 1, rto: 2000, backoff: 1
tcp-rto: snd_una: 1, rto: 2000, backoff: 1
tcp-rto: snd_una: 1, rto: 2000, backoff: 1
tcp-rto: snd_una: 1, rto: 2000, backoff: 1
tcp-rto: snd_una: 1, rto: 2000, backoff: 1
tcp-rto: snd_una: 1, rto: 2000, backoff: 1
tcp-rto: snd_una: 1, rto: 2000, backoff: 1
Avg-Compute-Communication-Ratio = 1353.817232
Process 30 contributed MY_TOTAL = -nan, my_a = 24.833333, my_b= 25.000000
Integral: 1 computed

------------------------------------------------------------------------------
Waiting to receive partition information from master !
Process 30 computing itegral over my_a = 34.833333, my_b= 35.000000
Called SetLoopLookahead: init: 0, final: 100000000, step: 1, loopDepth: 0, cumulative-num-iterations: 100000000, look-ahead-ns: 518518496
Avg-Compute-Communication-Ratio = 1427.100000
Process 30 contributed MY_TOTAL = -nan, my_a = 34.833333, my_b= 35.000000
Integral: 2 computed

------------------------------------------------------------------------------
Waiting to receive partition information from master !
Process 30 computing itegral over my_a = 44.833333, my_b= 45.000000
Called SetLoopLookahead: init: 0, final: 100000000, step: 1, loopDepth: 0, cumulative-num-iterations: 100000000, look-ahead-ns: 518518496
Avg-Compute-Communication-Ratio = 1473.049716
Process 30 contributed MY_TOTAL = -nan, my_a = 44.833333, my_b= 45.000000
Integral: 3 computed

------------------------------------------------------------------------------
Waiting to receive partition information from master !
Process 30 computing itegral over my_a = 54.833333, my_b= 55.000000
Called SetLoopLookahead: init: 0, final: 100000000, step: 1, loopDepth: 0, cumulative-num-iterations: 100000000, look-ahead-ns: 518518496
Avg-Compute-Communication-Ratio = 1494.276081
Process 30 contributed MY_TOTAL = -nan, my_a = 54.833333, my_b= 55.000000
Integral: 4 computed

------------------------------------------------------------------------------
Waiting to receive partition information from master !
Process 30 computing itegral over my_a = 64.833333, my_b= 65.000000
Called SetLoopLookahead: init: 0, final: 100000000, step: 1, loopDepth: 0, cumulative-num-iterations: 100000000, look-ahead-ns: 518518496
Avg-Compute-Communication-Ratio = 1508.770126
Process 30 contributed MY_TOTAL = -nan, my_a = 64.833333, my_b= 65.000000
Integral: 5 computed

------------------------------------------------------------------------------
Waiting to receive partition information from master !
Process 30 computing itegral over my_a = 74.833333, my_b= 75.000000
Called SetLoopLookahead: init: 0, final: 100000000, step: 1, loopDepth: 0, cumulative-num-iterations: 100000000, look-ahead-ns: 518518496
Avg-Compute-Communication-Ratio = 1521.844444
Process 30 contributed MY_TOTAL = -nan, my_a = 74.833333, my_b= 75.000000
Integral: 6 computed

------------------------------------------------------------------------------
Waiting to receive partition information from master !
Process 30 computing itegral over my_a = 84.833333, my_b= 85.000000
Called SetLoopLookahead: init: 0, final: 100000000, step: 1, loopDepth: 0, cumulative-num-iterations: 100000000, look-ahead-ns: 518518496
Avg-Compute-Communication-Ratio = 1528.413412
Process 30 contributed MY_TOTAL = -nan, my_a = 84.833333, my_b= 85.000000
Integral: 7 computed

------------------------------------------------------------------------------
Waiting to receive partition information from master !
Process 30 computing itegral over my_a = 94.833333, my_b= 95.000000
Called SetLoopLookahead: init: 0, final: 100000000, step: 1, loopDepth: 0, cumulative-num-iterations: 100000000, look-ahead-ns: 518518496
Avg-Compute-Communication-Ratio = 1535.580454
Process 30 contributed MY_TOTAL = -nan, my_a = 94.833333, my_b= 95.000000
Integral: 8 computed

------------------------------------------------------------------------------
Waiting to receive partition information from master !
Process 30 computing itegral over my_a = 104.833333, my_b= 105.000000
Called SetLoopLookahead: init: 0, final: 100000000, step: 1, loopDepth: 0, cumulative-num-iterations: 100000000, look-ahead-ns: 518518496
Avg-Compute-Communication-Ratio = 1543.197619
Process 30 contributed MY_TOTAL = -nan, my_a = 104.833333, my_b= 105.000000
Integral: 9 computed

------------------------------------------------------------------------------
Waiting to receive partition information from master !
Process 30 computing itegral over my_a = 114.833333, my_b= 115.000000
Called SetLoopLookahead: init: 0, final: 100000000, step: 1, loopDepth: 0, cumulative-num-iterations: 100000000, look-ahead-ns: 518518496
Avg-Compute-Communication-Ratio = 1549.065454
Process 30 contributed MY_TOTAL = -nan, my_a = 114.833333, my_b= 115.000000
Integral: 10 computed

------------------------------------------------------------------------------
Waiting to receive partition information from master !
Process 30 computing itegral over my_a = 124.833333, my_b= 125.000000
Called SetLoopLookahead: init: 0, final: 100000000, step: 1, loopDepth: 0, cumulative-num-iterations: 100000000, look-ahead-ns: 518518496
Avg-Compute-Communication-Ratio = 1552.438623
Process 30 contributed MY_TOTAL = -nan, my_a = 124.833333, my_b= 125.000000
Integral: 11 computed

------------------------------------------------------------------------------
Waiting to receive partition information from master !
Process 30 computing itegral over my_a = 134.833333, my_b= 135.000000
Called SetLoopLookahead: init: 0, final: 100000000, step: 1, loopDepth: 0, cumulative-num-iterations: 100000000, look-ahead-ns: 518518496
Avg-Compute-Communication-Ratio = 1557.820661
Process 30 contributed MY_TOTAL = -nan, my_a = 134.833333, my_b= 135.000000
Integral: 12 computed

------------------------------------------------------------------------------
Waiting to receive partition information from master !
Process 30 computing itegral over my_a = 144.833333, my_b= 145.000000
Called SetLoopLookahead: init: 0, final: 100000000, step: 1, loopDepth: 0, cumulative-num-iterations: 100000000, look-ahead-ns: 518518496
Avg-Compute-Communication-Ratio = 1560.783702
Process 30 contributed MY_TOTAL = -nan, my_a = 144.833333, my_b= 145.000000
Integral: 13 computed

------------------------------------------------------------------------------
Waiting to receive partition information from master !
Process 30 computing itegral over my_a = 154.833333, my_b= 155.000000
Called SetLoopLookahead: init: 0, final: 100000000, step: 1, loopDepth: 0, cumulative-num-iterations: 100000000, look-ahead-ns: 518518496
Avg-Compute-Communication-Ratio = 1563.046624
Process 30 contributed MY_TOTAL = -nan, my_a = 154.833333, my_b= 155.000000
Integral: 14 computed

------------------------------------------------------------------------------
Waiting to receive partition information from master !
Process 30 computing itegral over my_a = 164.833333, my_b= 165.000000
Called SetLoopLookahead: init: 0, final: 100000000, step: 1, loopDepth: 0, cumulative-num-iterations: 100000000, look-ahead-ns: 518518496
Avg-Compute-Communication-Ratio = 1565.918271
Process 30 contributed MY_TOTAL = -nan, my_a = 164.833333, my_b= 165.000000
Integral: 15 computed

------------------------------------------------------------------------------
Waiting to receive partition information from master !
Process 30 computing itegral over my_a = 174.833333, my_b= 175.000000
Called SetLoopLookahead: init: 0, final: 100000000, step: 1, loopDepth: 0, cumulative-num-iterations: 100000000, look-ahead-ns: 518518496
Avg-Compute-Communication-Ratio = 1569.857525
Process 30 contributed MY_TOTAL = -nan, my_a = 174.833333, my_b= 175.000000
Integral: 16 computed

------------------------------------------------------------------------------
Waiting to receive partition information from master !
Process 30 computing itegral over my_a = 184.833333, my_b= 185.000000
Called SetLoopLookahead: init: 0, final: 100000000, step: 1, loopDepth: 0, cumulative-num-iterations: 100000000, look-ahead-ns: 518518496
Avg-Compute-Communication-Ratio = 1571.521300
Process 30 contributed MY_TOTAL = -nan, my_a = 184.833333, my_b= 185.000000
Integral: 17 computed

------------------------------------------------------------------------------
Waiting to receive partition information from master !
Process 30 computing itegral over my_a = 194.833333, my_b= 195.000000
Called SetLoopLookahead: init: 0, final: 100000000, step: 1, loopDepth: 0, cumulative-num-iterations: 100000000, look-ahead-ns: 518518496
Avg-Compute-Communication-Ratio = 1575.276783
Process 30 contributed MY_TOTAL = -nan, my_a = 194.833333, my_b= 195.000000
Integral: 18 computed

------------------------------------------------------------------------------
Waiting to receive partition information from master !
Process 30 computing itegral over my_a = 204.833333, my_b= 205.000000
Called SetLoopLookahead: init: 0, final: 100000000, step: 1, loopDepth: 0, cumulative-num-iterations: 100000000, look-ahead-ns: 518518496
Avg-Compute-Communication-Ratio = 1576.991484
Process 30 contributed MY_TOTAL = -nan, my_a = 204.833333, my_b= 205.000000
Integral: 19 computed

------------------------------------------------------------------------------
Waiting to receive partition information from master !
Process 30 computing itegral over my_a = 214.833333, my_b= 215.000000
Called SetLoopLookahead: init: 0, final: 100000000, step: 1, loopDepth: 0, cumulative-num-iterations: 100000000, look-ahead-ns: 518518496
Avg-Compute-Communication-Ratio = 1578.317292
Process 30 contributed MY_TOTAL = -nan, my_a = 214.833333, my_b= 215.000000
Integral: 20 computed

------------------------------------------------------------------------------
Waiting to receive partition information from master !
Process 30 computing itegral over my_a = 224.833333, my_b= 225.000000
Called SetLoopLookahead: init: 0, final: 100000000, step: 1, loopDepth: 0, cumulative-num-iterations: 100000000, look-ahead-ns: 518518496
Avg-Compute-Communication-Ratio = 1579.743249
Process 30 contributed MY_TOTAL = -nan, my_a = 224.833333, my_b= 225.000000
Integral: 21 computed

------------------------------------------------------------------------------
Waiting to receive partition information from master !
Process 30 computing itegral over my_a = 234.833333, my_b= 235.000000
Called SetLoopLookahead: init: 0, final: 100000000, step: 1, loopDepth: 0, cumulative-num-iterations: 100000000, look-ahead-ns: 518518496
Avg-Compute-Communication-Ratio = 1580.000132
Process 30 contributed MY_TOTAL = -nan, my_a = 234.833333, my_b= 235.000000
Integral: 22 computed

------------------------------------------------------------------------------
Waiting to receive partition information from master !
Process 30 computing itegral over my_a = 244.833333, my_b= 245.000000
Called SetLoopLookahead: init: 0, final: 100000000, step: 1, loopDepth: 0, cumulative-num-iterations: 100000000, look-ahead-ns: 518518496
Avg-Compute-Communication-Ratio = 1581.641586
Process 30 contributed MY_TOTAL = -nan, my_a = 244.833333, my_b= 245.000000
Integral: 23 computed

------------------------------------------------------------------------------
Waiting to receive partition information from master !
Process 30 computing itegral over my_a = 254.833333, my_b= 255.000000
Called SetLoopLookahead: init: 0, final: 100000000, step: 1, loopDepth: 0, cumulative-num-iterations: 100000000, look-ahead-ns: 518518496
Avg-Compute-Communication-Ratio = 1583.154861
Process 30 contributed MY_TOTAL = -nan, my_a = 254.833333, my_b= 255.000000
Integral: 24 computed

------------------------------------------------------------------------------
Waiting to receive partition information from master !
Process 30 computing itegral over my_a = 264.833333, my_b= 265.000000
Called SetLoopLookahead: init: 0, final: 100000000, step: 1, loopDepth: 0, cumulative-num-iterations: 100000000, look-ahead-ns: 518518496
Avg-Compute-Communication-Ratio = 1584.181786
Process 30 contributed MY_TOTAL = -nan, my_a = 264.833333, my_b= 265.000000
Integral: 25 computed

------------------------------------------------------------------------------
Waiting to receive partition information from master !
Process 30 computing itegral over my_a = 274.833333, my_b= 275.000000
Called SetLoopLookahead: init: 0, final: 100000000, step: 1, loopDepth: 0, cumulative-num-iterations: 100000000, look-ahead-ns: 518518496
Avg-Compute-Communication-Ratio = 1584.595586
Process 30 contributed MY_TOTAL = -nan, my_a = 274.833333, my_b= 275.000000
Integral: 26 computed

------------------------------------------------------------------------------
Waiting to receive partition information from master !
Process 30 computing itegral over my_a = 284.833333, my_b= 285.000000
Called SetLoopLookahead: init: 0, final: 100000000, step: 1, loopDepth: 0, cumulative-num-iterations: 100000000, look-ahead-ns: 518518496
Avg-Compute-Communication-Ratio = 1584.634032
Process 30 contributed MY_TOTAL = -nan, my_a = 284.833333, my_b= 285.000000
Integral: 27 computed

------------------------------------------------------------------------------
Waiting to receive partition information from master !
Process 30 computing itegral over my_a = 294.833333, my_b= 295.000000
Called SetLoopLookahead: init: 0, final: 100000000, step: 1, loopDepth: 0, cumulative-num-iterations: 100000000, look-ahead-ns: 518518496
Avg-Compute-Communication-Ratio = 1586.341597
Process 30 contributed MY_TOTAL = -nan, my_a = 294.833333, my_b= 295.000000
Integral: 28 computed

------------------------------------------------------------------------------
Waiting to receive partition information from master !
Process 30 computing itegral over my_a = 304.833333, my_b= 305.000000
Called SetLoopLookahead: init: 0, final: 100000000, step: 1, loopDepth: 0, cumulative-num-iterations: 100000000, look-ahead-ns: 518518496
Avg-Compute-Communication-Ratio = 1586.642901
Process 30 contributed MY_TOTAL = -nan, my_a = 304.833333, my_b= 305.000000
Integral: 29 computed

------------------------------------------------------------------------------
Waiting to receive partition information from master !
Process 30 computing itegral over my_a = 314.833333, my_b= 315.000000
Called SetLoopLookahead: init: 0, final: 100000000, step: 1, loopDepth: 0, cumulative-num-iterations: 100000000, look-ahead-ns: 518518496
Avg-Compute-Communication-Ratio = 1587.551901
Process 30 contributed MY_TOTAL = -nan, my_a = 314.833333, my_b= 315.000000
Integral: 30 computed

------------------------------------------------------------------------------
Waiting to receive partition information from master !
Process 30 computing itegral over my_a = 324.833333, my_b= 325.000000
Called SetLoopLookahead: init: 0, final: 100000000, step: 1, loopDepth: 0, cumulative-num-iterations: 100000000, look-ahead-ns: 518518496
Avg-Compute-Communication-Ratio = 1588.252896
Process 30 contributed MY_TOTAL = -nan, my_a = 324.833333, my_b= 325.000000
Integral: 31 computed

------------------------------------------------------------------------------
Waiting to receive partition information from master !
Process 30 computing itegral over my_a = 334.833333, my_b= 335.000000
Called SetLoopLookahead: init: 0, final: 100000000, step: 1, loopDepth: 0, cumulative-num-iterations: 100000000, look-ahead-ns: 518518496
Avg-Compute-Communication-Ratio = 1589.354728
Process 30 contributed MY_TOTAL = -nan, my_a = 334.833333, my_b= 335.000000
Integral: 32 computed

------------------------------------------------------------------------------
Waiting to receive partition information from master !
Process 30 computing itegral over my_a = 344.833333, my_b= 345.000000
Called SetLoopLookahead: init: 0, final: 100000000, step: 1, loopDepth: 0, cumulative-num-iterations: 100000000, look-ahead-ns: 518518496
Avg-Compute-Communication-Ratio = 1590.106251
Process 30 contributed MY_TOTAL = -nan, my_a = 344.833333, my_b= 345.000000
Integral: 33 computed

------------------------------------------------------------------------------
Waiting to receive partition information from master !
Process 30 computing itegral over my_a = 354.833333, my_b= 355.000000
Called SetLoopLookahead: init: 0, final: 100000000, step: 1, loopDepth: 0, cumulative-num-iterations: 100000000, look-ahead-ns: 518518496
Avg-Compute-Communication-Ratio = 1590.536635
Process 30 contributed MY_TOTAL = -nan, my_a = 354.833333, my_b= 355.000000
Integral: 34 computed

------------------------------------------------------------------------------
Waiting to receive partition information from master !
Process 30 computing itegral over my_a = 364.833333, my_b= 365.000000
Called SetLoopLookahead: init: 0, final: 100000000, step: 1, loopDepth: 0, cumulative-num-iterations: 100000000, look-ahead-ns: 518518496
Avg-Compute-Communication-Ratio = 1591.757312
Process 30 contributed MY_TOTAL = -nan, my_a = 364.833333, my_b= 365.000000
Integral: 35 computed

------------------------------------------------------------------------------
Waiting to receive partition information from master !
Process 30 computing itegral over my_a = 374.833333, my_b= 375.000000
Called SetLoopLookahead: init: 0, final: 100000000, step: 1, loopDepth: 0, cumulative-num-iterations: 100000000, look-ahead-ns: 518518496
Avg-Compute-Communication-Ratio = 1592.384960
Process 30 contributed MY_TOTAL = -nan, my_a = 374.833333, my_b= 375.000000
Integral: 36 computed

------------------------------------------------------------------------------
Waiting to receive partition information from master !
Process 30 computing itegral over my_a = 384.833333, my_b= 385.000000
Called SetLoopLookahead: init: 0, final: 100000000, step: 1, loopDepth: 0, cumulative-num-iterations: 100000000, look-ahead-ns: 518518496
Avg-Compute-Communication-Ratio = 1593.366408
Process 30 contributed MY_TOTAL = -nan, my_a = 384.833333, my_b= 385.000000
Integral: 37 computed

------------------------------------------------------------------------------
Waiting to receive partition information from master !
Process 30 computing itegral over my_a = 394.833333, my_b= 395.000000
Called SetLoopLookahead: init: 0, final: 100000000, step: 1, loopDepth: 0, cumulative-num-iterations: 100000000, look-ahead-ns: 518518496
Exp finishing. Stopping stack thread with id: 6!

------------------------- ACTUAL STDOUT FROM EXECUTABLE ENDED -----------------------------

Process: 6 exiting VT experiment !
Main thread exiting. PID = 6
