Attempting to set static arp entries ...
Tracer: 61 >> Using SRC IP: 10.1.35.22 for any spawned virtual tcp-stacks
Tracer: 61 >> Updating firewall rules to drop outgoing TCP-RST packets
Attempting to set firewall rules ...
Tracer: 61 >> CMD TO RUN: /home/vignesh/VT-S3FNet/csudp/mpi_integral/mpi_int 60 61 10.1.35.22 > /home/vignesh/VT-S3FNet/experiment-data/MPI_LA_Enabled_nemus_61_mpi_int/worker60.log
args[0] = /home/vignesh/VT-S3FNet/csudp/mpi_integral/mpi_int
args[1] = 60
args[2] = 61
args[3] = 10.1.35.22
Setting appropriate environment variables ...
HOME DIRECTORY : /home/vignesh
Parsing TTN config file: /home/vignesh/.ttn/projects.db
Setting VT_L1_INS_CACHE_MISS_CYCLES to: 100
Setting VT_L1_INS_CACHE_LINES to: 64
Setting VT_L1_INS_CACHE_SIZE_KB to: 32
Setting VT_L1_INS_CACHE_ASSOC to: 8
Setting VT_L1_INS_CACHE_REPLACEMENT_POLICY to: LRU
Setting VT_L1_DATA_CACHE_MISS_CYCLES to: 100
Setting VT_L1_DATA_CACHE_LINES to: 64
Setting VT_L1_DATA_CACHE_SIZE_KB to: 32
Setting VT_L1_DATA_CACHE_ASSOC to: 8
Setting VT_L1_DATA_CACHE_REPLACEMENT_POLICY to: LRU
Setting VT_CPU_CYLES_NS to: 2.700000
Setting VT_NIC_SPEED_MBPS to: 1000.000000
Setting VT_TIMING_MODEL to: EMPIRICAL
Setting VT_BBL_LOOKAHEAD_FILE to: /home/vignesh/VT-S3FNet/csudp/mpi_integral/.ttn/lookahead/bbl_lookahead.info
Setting VT_LOOP_LOOKAHEAD_FILE to: /home/vignesh/VT-S3FNet/csudp/mpi_integral/.ttn/lookahead/loop_lookahead.info
Starting command: /home/vignesh/VT-S3FNet/csudp/mpi_integral/mpi_int
Loading orig functions !
Starting executable with Pid = 6
Loading pointers to VTL Logic functions
Loaded pointers to all VTL Logic functions
Now Initializing VT-Management 
Extracting env variables !
Extracted tracer-id: 61
Extracted exp-type: 2
Extracted cpu-cycles-ns: 2.700000
Extracted socket-layer-ip: 371392778
Starting VT-initialization !
Tracer-ID: 61, Timeline-ID: 61
Tracer registration for EXP_CS complete. TimelineID = 61, Return = 61
Tracer Adding to SQ. Tracer ID = 61
Parsing any provided lookahead information ...
Opening file: /home/vignesh/VT-S3FNet/csudp/mpi_integral/.ttn/lookahead/bbl_lookahead.info
File size: 176
mapped memblock size: 176
Finish offset: 18, Number of values: 18
Returning success !
Loaded BBL lookaheads for 18 basic blocks ...
Opening file: /home/vignesh/VT-S3FNet/csudp/mpi_integral/.ttn/lookahead/loop_lookahead.info
File size: 40
mapped memblock size: 40
Finish offset: 1, Number of values: 1
Returning success !
Loaded Loop lookaheads for 1 loops ...
VT initialization successfull !
Finished Initializing VT-Management 
Initializing TCP-stack ...
TCP stack unique-id: 616
Starting virtual socket layer stack-thread !
Pthread_create: vtStackThread special case
Successfully initialized VTL-Logic embedded into the executable

------------------------- ACTUAL STDOUT FROM EXECUTABLE STARTS -----------------------------

Rank = 60, Total = 61, IP = 10.1.35.22
Adding new vt-tcp-socket !
Creating vt-tcp socket !
bind through vt-tcp !
Server socket bound to ip:port: 10.1.35.22:10000
Last node: Sending Ok msg to all nodes!
Adding new vt-tcp-socket !
Creating vt-tcp socket !
Connecting to : 10.1.38.74:10000 to send OK message
Connecting .. Socket: 4098, src-port: 40001
Waking up connected socket !
Socket connect success. socket = 4098
Connecting through vt-tcp success !
Successfully sent OK message !
Adding new vt-tcp-socket !
Creating vt-tcp socket !
Connecting to : 10.1.38.70:10000 to send OK message
Connecting .. Socket: 4099, src-port: 40002
Waking up connected socket !
Socket connect success. socket = 4099
Connecting through vt-tcp success !
Successfully sent OK message !
Adding new vt-tcp-socket !
Creating vt-tcp socket !
Connecting to : 10.1.38.66:10000 to send OK message
Connecting .. Socket: 4100, src-port: 40003
Waking up connected socket !
Socket connect success. socket = 4100
Connecting through vt-tcp success !
Successfully sent OK message !
Adding new vt-tcp-socket !
Creating vt-tcp socket !
Connecting to : 10.1.38.62:10000 to send OK message
Connecting .. Socket: 4101, src-port: 40004
Transmitting fin packet 
Waking up connected socket !
Socket connect success. socket = 4101
Connecting through vt-tcp success !
Successfully sent OK message !
Adding new vt-tcp-socket !
Creating vt-tcp socket !
Connecting to : 10.1.38.58:10000 to send OK message
Connecting .. Socket: 4102, src-port: 40005
Waking up connected socket !
Socket connect success. socket = 4102
Connecting through vt-tcp success !
Successfully sent OK message !
Adding new vt-tcp-socket !
Creating vt-tcp socket !
Connecting to : 10.1.38.54:10000 to send OK message
Connecting .. Socket: 4103, src-port: 40006
Transmitting fin packet 
Waking up connected socket !
Socket connect success. socket = 4103
Connecting through vt-tcp success !
Successfully sent OK message !
Adding new vt-tcp-socket !
Creating vt-tcp socket !
Connecting to : 10.1.38.50:10000 to send OK message
Connecting .. Socket: 4104, src-port: 40007
Transmitting fin packet 
Waking up connected socket !
Socket connect success. socket = 4104
Connecting through vt-tcp success !
Successfully sent OK message !
Adding new vt-tcp-socket !
Creating vt-tcp socket !
Connecting to : 10.1.38.82:10000 to send OK message
Connecting .. Socket: 4105, src-port: 40008
Waking up connected socket !
Socket connect success. socket = 4105
Connecting through vt-tcp success !
Successfully sent OK message !
Adding new vt-tcp-socket !
Creating vt-tcp socket !
Connecting to : 10.1.38.186:10000 to send OK message
Connecting .. Socket: 4106, src-port: 40009
Waking up connected socket !
Socket connect success. socket = 4106
Connecting through vt-tcp success !
Successfully sent OK message !
Adding new vt-tcp-socket !
Creating vt-tcp socket !
Connecting to : 10.1.38.182:10000 to send OK message
Connecting .. Socket: 4107, src-port: 40010
Waking up connected socket !
Socket connect success. socket = 4107
Connecting through vt-tcp success !
Successfully sent OK message !
Adding new vt-tcp-socket !
Creating vt-tcp socket !
Connecting to : 10.1.38.178:10000 to send OK message
Connecting .. Socket: 4108, src-port: 40011
Transmitting fin packet 
Waking up connected socket !
Socket connect success. socket = 4108
Connecting through vt-tcp success !
Successfully sent OK message !
Adding new vt-tcp-socket !
Creating vt-tcp socket !
Connecting to : 10.1.38.174:10000 to send OK message
Connecting .. Socket: 4109, src-port: 40012
Transmitting fin packet 
Waking up connected socket !
Socket connect success. socket = 4109
Connecting through vt-tcp success !
Successfully sent OK message !
Adding new vt-tcp-socket !
Creating vt-tcp socket !
Connecting to : 10.1.38.170:10000 to send OK message
Connecting .. Socket: 4110, src-port: 40013
Transmitting fin packet 
Waking up connected socket !
Socket connect success. socket = 4110
Connecting through vt-tcp success !
Successfully sent OK message !
Adding new vt-tcp-socket !
Creating vt-tcp socket !
Connecting to : 10.1.38.166:10000 to send OK message
Connecting .. Socket: 4111, src-port: 40014
Transmitting fin packet 
Waking up connected socket !
Socket connect success. socket = 4111
Connecting through vt-tcp success !
Successfully sent OK message !
Adding new vt-tcp-socket !
Creating vt-tcp socket !
Connecting to : 10.1.38.162:10000 to send OK message
Connecting .. Socket: 4112, src-port: 40015
Waking up connected socket !
Socket connect success. socket = 4112
Connecting through vt-tcp success !
Successfully sent OK message !
Adding new vt-tcp-socket !
Creating vt-tcp socket !
Connecting to : 10.1.38.158:10000 to send OK message
Connecting .. Socket: 4113, src-port: 40016
Waking up connected socket !
Socket connect success. socket = 4113
Connecting through vt-tcp success !
Successfully sent OK message !
Adding new vt-tcp-socket !
Creating vt-tcp socket !
Connecting to : 10.1.38.118:10000 to send OK message
Connecting .. Socket: 4114, src-port: 40017
Transmitting fin packet 
Entering time-wait from FIN_WAIT_2
Clearing all tcp timers !
Adding TcpLinger !
Waking up connected socket !
Socket connect success. socket = 4114
Connecting through vt-tcp success !
Successfully sent OK message !
Adding new vt-tcp-socket !
Creating vt-tcp socket !
Connecting to : 10.1.38.150:10000 to send OK message
Connecting .. Socket: 4115, src-port: 40018
Received ack in time_wait !
Clearing all tcp timers !
TCP-done for socket: 4113, err: 0
Socket: 4113 garbage collection
Freeing socket: 4113
Transmitting fin packet 
Waking up connected socket !
Socket connect success. socket = 4115
Connecting through vt-tcp success !
Successfully sent OK message !
Adding new vt-tcp-socket !
Creating vt-tcp socket !
Connecting to : 10.1.38.146:10000 to send OK message
Connecting .. Socket: 4116, src-port: 40019
Waking up connected socket !
Socket connect success. socket = 4116
Connecting through vt-tcp success !
Successfully sent OK message !
Adding new vt-tcp-socket !
Creating vt-tcp socket !
Connecting to : 10.1.38.142:10000 to send OK message
Connecting .. Socket: 4117, src-port: 40020
Transmitting fin packet 
Waking up connected socket !
Socket connect success. socket = 4117
Connecting through vt-tcp success !
Successfully sent OK message !
Adding new vt-tcp-socket !
Creating vt-tcp socket !
Connecting to : 10.1.38.138:10000 to send OK message
Connecting .. Socket: 4118, src-port: 40021
Transmitting fin packet 
Waking up connected socket !
Socket connect success. socket = 4118
Connecting through vt-tcp success !
Successfully sent OK message !
Adding new vt-tcp-socket !
Creating vt-tcp socket !
Connecting to : 10.1.38.134:10000 to send OK message
Connecting .. Socket: 4119, src-port: 40022
Waking up connected socket !
Socket connect success. socket = 4119
Connecting through vt-tcp success !
Successfully sent OK message !
Adding new vt-tcp-socket !
Creating vt-tcp socket !
Connecting to : 10.1.38.130:10000 to send OK message
Connecting .. Socket: 4120, src-port: 40023
Transmitting fin packet 
Waking up connected socket !
Socket connect success. socket = 4120
Connecting through vt-tcp success !
Successfully sent OK message !
Adding new vt-tcp-socket !
Creating vt-tcp socket !
Connecting to : 10.1.38.126:10000 to send OK message
Connecting .. Socket: 4121, src-port: 40024
Waking up connected socket !
Socket connect success. socket = 4121
Connecting through vt-tcp success !
Successfully sent OK message !
Adding new vt-tcp-socket !
Creating vt-tcp socket !
Connecting to : 10.1.38.122:10000 to send OK message
Connecting .. Socket: 4122, src-port: 40025
Transmitting fin packet 
Waking up connected socket !
Socket connect success. socket = 4122
Connecting through vt-tcp success !
Successfully sent OK message !
Adding new vt-tcp-socket !
Creating vt-tcp socket !
Connecting to : 10.1.38.10:10000 to send OK message
Connecting .. Socket: 4123, src-port: 40026
Waking up connected socket !
Socket connect success. socket = 4123
Connecting through vt-tcp success !
Successfully sent OK message !
Adding new vt-tcp-socket !
Creating vt-tcp socket !
Connecting to : 10.1.37.226:10000 to send OK message
Connecting .. Socket: 4124, src-port: 40027
Transmitting fin packet 
Waking up connected socket !
Socket connect success. socket = 4124
Connecting through vt-tcp success !
Successfully sent OK message !
Adding new vt-tcp-socket !
Creating vt-tcp socket !
Connecting to : 10.1.37.222:10000 to send OK message
Connecting .. Socket: 4125, src-port: 40028
Transmitting fin packet 
Waking up connected socket !
Socket connect success. socket = 4125
Connecting through vt-tcp success !
Successfully sent OK message !
Adding new vt-tcp-socket !
Creating vt-tcp socket !
Connecting to : 10.1.37.218:10000 to send OK message
Connecting .. Socket: 4126, src-port: 40029
Transmitting fin packet 
Waking up connected socket !
Socket connect success. socket = 4126
Connecting through vt-tcp success !
Successfully sent OK message !
Adding new vt-tcp-socket !
Creating vt-tcp socket !
Connecting to : 10.1.37.214:10000 to send OK message
Connecting .. Socket: 4127, src-port: 40030
Waking up connected socket !
Socket connect success. socket = 4127
Connecting through vt-tcp success !
Successfully sent OK message !
Adding new vt-tcp-socket !
Creating vt-tcp socket !
Connecting to : 10.1.37.210:10000 to send OK message
Connecting .. Socket: 4128, src-port: 40031
Transmitting fin packet 
Waking up connected socket !
Socket connect success. socket = 4128
Connecting through vt-tcp success !
Successfully sent OK message !
Adding new vt-tcp-socket !
Creating vt-tcp socket !
Connecting to : 10.1.37.206:10000 to send OK message
Connecting .. Socket: 4129, src-port: 40032
Waking up connected socket !
Socket connect success. socket = 4129
Connecting through vt-tcp success !
Successfully sent OK message !
Adding new vt-tcp-socket !
Creating vt-tcp socket !
Connecting to : 10.1.37.202:10000 to send OK message
Connecting .. Socket: 4130, src-port: 40033
Waking up connected socket !
Socket connect success. socket = 4130
Connecting through vt-tcp success !
Successfully sent OK message !
Adding new vt-tcp-socket !
Creating vt-tcp socket !
Connecting to : 10.1.37.198:10000 to send OK message
Connecting .. Socket: 4131, src-port: 40034
Transmitting fin packet 
Waking up connected socket !
Socket connect success. socket = 4131
Connecting through vt-tcp success !
Successfully sent OK message !
Adding new vt-tcp-socket !
Creating vt-tcp socket !
Connecting to : 10.1.37.158:10000 to send OK message
Connecting .. Socket: 4132, src-port: 40035
Waking up connected socket !
Socket connect success. socket = 4132
Connecting through vt-tcp success !
Successfully sent OK message !
Adding new vt-tcp-socket !
Creating vt-tcp socket !
Connecting to : 10.1.37.190:10000 to send OK message
Connecting .. Socket: 4133, src-port: 40036
Transmitting fin packet 
Waking up connected socket !
Socket connect success. socket = 4133
Connecting through vt-tcp success !
Successfully sent OK message !
Adding new vt-tcp-socket !
Creating vt-tcp socket !
Connecting to : 10.1.37.186:10000 to send OK message
Connecting .. Socket: 4134, src-port: 40037
Waking up connected socket !
Socket connect success. socket = 4134
Connecting through vt-tcp success !
Successfully sent OK message !
Adding new vt-tcp-socket !
Creating vt-tcp socket !
Connecting to : 10.1.37.182:10000 to send OK message
Connecting .. Socket: 4135, src-port: 40038
Transmitting fin packet 
Waking up connected socket !
Socket connect success. socket = 4135
Connecting through vt-tcp success !
Successfully sent OK message !
Adding new vt-tcp-socket !
Creating vt-tcp socket !
Connecting to : 10.1.37.178:10000 to send OK message
Connecting .. Socket: 4136, src-port: 40039
Transmitting fin packet 
Waking up connected socket !
Socket connect success. socket = 4136
Connecting through vt-tcp success !
Successfully sent OK message !
Adding new vt-tcp-socket !
Creating vt-tcp socket !
Connecting to : 10.1.37.174:10000 to send OK message
Connecting .. Socket: 4137, src-port: 40040
Waking up connected socket !
Socket connect success. socket = 4137
Connecting through vt-tcp success !
Successfully sent OK message !
Adding new vt-tcp-socket !
Creating vt-tcp socket !
Connecting to : 10.1.37.170:10000 to send OK message
Connecting .. Socket: 4138, src-port: 40041
Transmitting fin packet 
Waking up connected socket !
Socket connect success. socket = 4138
Connecting through vt-tcp success !
Successfully sent OK message !
Adding new vt-tcp-socket !
Creating vt-tcp socket !
Connecting to : 10.1.37.166:10000 to send OK message
Connecting .. Socket: 4139, src-port: 40042
Transmitting fin packet 
Waking up connected socket !
Socket connect success. socket = 4139
Connecting through vt-tcp success !
Successfully sent OK message !
Adding new vt-tcp-socket !
Creating vt-tcp socket !
Connecting to : 10.1.37.162:10000 to send OK message
Connecting .. Socket: 4140, src-port: 40043
Waking up connected socket !
Socket connect success. socket = 4140
Connecting through vt-tcp success !
Successfully sent OK message !
Adding new vt-tcp-socket !
Creating vt-tcp socket !
Connecting to : 10.1.37.194:10000 to send OK message
Connecting .. Socket: 4141, src-port: 40044
Waking up connected socket !
Socket connect success. socket = 4141
Connecting through vt-tcp success !
Successfully sent OK message !
Adding new vt-tcp-socket !
Creating vt-tcp socket !
Connecting to : 10.1.38.42:10000 to send OK message
Connecting .. Socket: 4142, src-port: 40045
Waking up connected socket !
Socket connect success. socket = 4142
Connecting through vt-tcp success !
Successfully sent OK message !
Adding new vt-tcp-socket !
Creating vt-tcp socket !
Connecting to : 10.1.38.38:10000 to send OK message
Connecting .. Socket: 4143, src-port: 40046
Transmitting fin packet 
Waking up connected socket !
Socket connect success. socket = 4143
Connecting through vt-tcp success !
Successfully sent OK message !
Adding new vt-tcp-socket !
Creating vt-tcp socket !
Connecting to : 10.1.38.34:10000 to send OK message
Connecting .. Socket: 4144, src-port: 40047
Transmitting fin packet 
Waking up connected socket !
Socket connect success. socket = 4144
Connecting through vt-tcp success !
Successfully sent OK message !
Adding new vt-tcp-socket !
Creating vt-tcp socket !
Connecting to : 10.1.38.30:10000 to send OK message
Connecting .. Socket: 4145, src-port: 40048
Waking up connected socket !
Socket connect success. socket = 4145
Connecting through vt-tcp success !
Successfully sent OK message !
Adding new vt-tcp-socket !
Creating vt-tcp socket !
Connecting to : 10.1.38.26:10000 to send OK message
Connecting .. Socket: 4146, src-port: 40049
Transmitting fin packet 
Waking up connected socket !
Socket connect success. socket = 4146
Connecting through vt-tcp success !
Successfully sent OK message !
Adding new vt-tcp-socket !
Creating vt-tcp socket !
Connecting to : 10.1.38.22:10000 to send OK message
Connecting .. Socket: 4147, src-port: 40050
Waking up connected socket !
Socket connect success. socket = 4147
Connecting through vt-tcp success !
Successfully sent OK message !
Adding new vt-tcp-socket !
Creating vt-tcp socket !
Connecting to : 10.1.38.18:10000 to send OK message
Connecting .. Socket: 4148, src-port: 40051
Waking up connected socket !
Socket connect success. socket = 4148
Connecting through vt-tcp success !
Successfully sent OK message !
Adding new vt-tcp-socket !
Creating vt-tcp socket !
Connecting to : 10.1.38.14:10000 to send OK message
Connecting .. Socket: 4149, src-port: 40052
Transmitting fin packet 
Waking up connected socket !
Socket connect success. socket = 4149
Connecting through vt-tcp success !
Successfully sent OK message !
Adding new vt-tcp-socket !
Creating vt-tcp socket !
Connecting to : 10.1.37.230:10000 to send OK message
Connecting .. Socket: 4150, src-port: 40053
Waking up connected socket !
Socket connect success. socket = 4150
Connecting through vt-tcp success !
Successfully sent OK message !
Adding new vt-tcp-socket !
Creating vt-tcp socket !
Connecting to : 10.1.38.6:10000 to send OK message
Connecting .. Socket: 4151, src-port: 40054
Transmitting fin packet 
Waking up connected socket !
Socket connect success. socket = 4151
Connecting through vt-tcp success !
Successfully sent OK message !
Adding new vt-tcp-socket !
Creating vt-tcp socket !
Connecting to : 10.1.38.2:10000 to send OK message
Connecting .. Socket: 4152, src-port: 40055
Transmitting fin packet 
Waking up connected socket !
Socket connect success. socket = 4152
Connecting through vt-tcp success !
Successfully sent OK message !
Adding new vt-tcp-socket !
Creating vt-tcp socket !
Connecting to : 10.1.37.254:10000 to send OK message
Connecting .. Socket: 4153, src-port: 40056
Waking up connected socket !
Socket connect success. socket = 4153
Connecting through vt-tcp success !
Successfully sent OK message !
Adding new vt-tcp-socket !
Creating vt-tcp socket !
Connecting to : 10.1.37.250:10000 to send OK message
Connecting .. Socket: 4154, src-port: 40057
Transmitting fin packet 
Entering time-wait from FIN_WAIT_2
Clearing all tcp timers !
Adding TcpLinger !
Transmitting fin packet 
Waking up connected socket !
Socket connect success. socket = 4154
Connecting through vt-tcp success !
Successfully sent OK message !
Adding new vt-tcp-socket !
Creating vt-tcp socket !
Connecting to : 10.1.37.246:10000 to send OK message
Connecting .. Socket: 4155, src-port: 40058
Received ack in time_wait !
Clearing all tcp timers !
TCP-done for socket: 4152, err: 0
Socket: 4152 garbage collection
Freeing socket: 4152
Transmitting fin packet 
Waking up connected socket !
Socket connect success. socket = 4155
Connecting through vt-tcp success !
Successfully sent OK message !
Adding new vt-tcp-socket !
Creating vt-tcp socket !
Connecting to : 10.1.37.242:10000 to send OK message
Connecting .. Socket: 4156, src-port: 40059
Waking up connected socket !
Socket connect success. socket = 4156
Connecting through vt-tcp success !
Successfully sent OK message !
Adding new vt-tcp-socket !
Creating vt-tcp socket !
Connecting to : 10.1.37.238:10000 to send OK message
Connecting .. Socket: 4157, src-port: 40060
Transmitting fin packet 
Entering time-wait from FIN_WAIT_2
Clearing all tcp timers !
Adding TcpLinger !
Transmitting fin packet 
Waking up connected socket !
Socket connect success. socket = 4157
Connecting through vt-tcp success !
Successfully sent OK message !

---------------- Waiting for higher ranked nodes to connect --------------
listen through vt-tcp !
Closing server socket: 4097
Clearing all tcp timers !
TCP-done for socket: 4097, err: -103

---------------- Connecting to lowed ranked nodes ! --------------
Adding new vt-tcp-socket !
Creating vt-tcp socket !
Connecting to lower ranked node: 59 at 10.1.37.238:10000
Connecting .. Socket: 4158, src-port: 40061
Socket: 4097 garbage collection
Freeing socket: 4097
Received ack in time_wait !
Clearing all tcp timers !
TCP-done for socket: 4155, err: 0
Socket: 4155 garbage collection
Freeing socket: 4155
Transmitting fin packet 
Entering time-wait from FIN_WAIT_2
Clearing all tcp timers !
Adding TcpLinger !
Waking up connected socket !
Socket connect success. socket = 4158
Connecting through vt-tcp success !
Successfully connected to lower ranked node: 59 at 10.1.37.238:10000
Adding new vt-tcp-socket !
Creating vt-tcp socket !
Connecting to lower ranked node: 58 at 10.1.37.242:10000
Connecting .. Socket: 4159, src-port: 40062
Received ack in time_wait !
Clearing all tcp timers !
TCP-done for socket: 4157, err: 0
Socket: 4157 garbage collection
Freeing socket: 4157
Waking up connected socket !
Socket connect success. socket = 4159
Connecting through vt-tcp success !
Successfully connected to lower ranked node: 58 at 10.1.37.242:10000
Adding new vt-tcp-socket !
Creating vt-tcp socket !
Connecting to lower ranked node: 57 at 10.1.37.246:10000
Connecting .. Socket: 4160, src-port: 40063
Waking up connected socket !
Socket connect success. socket = 4160
Connecting through vt-tcp success !
Successfully connected to lower ranked node: 57 at 10.1.37.246:10000
Adding new vt-tcp-socket !
Creating vt-tcp socket !
Connecting to lower ranked node: 56 at 10.1.37.250:10000
Connecting .. Socket: 4161, src-port: 40064
Waking up connected socket !
Socket connect success. socket = 4161
Connecting through vt-tcp success !
Successfully connected to lower ranked node: 56 at 10.1.37.250:10000
Adding new vt-tcp-socket !
Creating vt-tcp socket !
Connecting to lower ranked node: 55 at 10.1.37.254:10000
Connecting .. Socket: 4162, src-port: 40065
Waking up connected socket !
Socket connect success. socket = 4162
Connecting through vt-tcp success !
Successfully connected to lower ranked node: 55 at 10.1.37.254:10000
Adding new vt-tcp-socket !
Creating vt-tcp socket !
Connecting to lower ranked node: 54 at 10.1.38.2:10000
Connecting .. Socket: 4163, src-port: 40066
Waking up connected socket !
Socket connect success. socket = 4163
Connecting through vt-tcp success !
Successfully connected to lower ranked node: 54 at 10.1.38.2:10000
Adding new vt-tcp-socket !
Creating vt-tcp socket !
Connecting to lower ranked node: 53 at 10.1.38.6:10000
Connecting .. Socket: 4164, src-port: 40067
Waking up connected socket !
Socket connect success. socket = 4164
Connecting through vt-tcp success !
Successfully connected to lower ranked node: 53 at 10.1.38.6:10000
Adding new vt-tcp-socket !
Creating vt-tcp socket !
Connecting to lower ranked node: 52 at 10.1.37.230:10000
Connecting .. Socket: 4165, src-port: 40068
Waking up connected socket !
Socket connect success. socket = 4165
Connecting through vt-tcp success !
Successfully connected to lower ranked node: 52 at 10.1.37.230:10000
Adding new vt-tcp-socket !
Creating vt-tcp socket !
Connecting to lower ranked node: 51 at 10.1.38.14:10000
Connecting .. Socket: 4166, src-port: 40069
Waking up connected socket !
Socket connect success. socket = 4166
Connecting through vt-tcp success !
Successfully connected to lower ranked node: 51 at 10.1.38.14:10000
Adding new vt-tcp-socket !
Creating vt-tcp socket !
Connecting to lower ranked node: 50 at 10.1.38.18:10000
Connecting .. Socket: 4167, src-port: 40070
Waking up connected socket !
Socket connect success. socket = 4167
Connecting through vt-tcp success !
Successfully connected to lower ranked node: 50 at 10.1.38.18:10000
Adding new vt-tcp-socket !
Creating vt-tcp socket !
Connecting to lower ranked node: 49 at 10.1.38.22:10000
Connecting .. Socket: 4168, src-port: 40071
Waking up connected socket !
Socket connect success. socket = 4168
Connecting through vt-tcp success !
Successfully connected to lower ranked node: 49 at 10.1.38.22:10000
Adding new vt-tcp-socket !
Creating vt-tcp socket !
Connecting to lower ranked node: 48 at 10.1.38.26:10000
Connecting .. Socket: 4169, src-port: 40072
Waking up connected socket !
Socket connect success. socket = 4169
Connecting through vt-tcp success !
Successfully connected to lower ranked node: 48 at 10.1.38.26:10000
Adding new vt-tcp-socket !
Creating vt-tcp socket !
Connecting to lower ranked node: 47 at 10.1.38.30:10000
Connecting .. Socket: 4170, src-port: 40073
Waking up connected socket !
Socket connect success. socket = 4170
Connecting through vt-tcp success !
Successfully connected to lower ranked node: 47 at 10.1.38.30:10000
Adding new vt-tcp-socket !
Creating vt-tcp socket !
Connecting to lower ranked node: 46 at 10.1.38.34:10000
Connecting .. Socket: 4171, src-port: 40074
Waking up connected socket !
Socket connect success. socket = 4171
Connecting through vt-tcp success !
Successfully connected to lower ranked node: 46 at 10.1.38.34:10000
Adding new vt-tcp-socket !
Creating vt-tcp socket !
Connecting to lower ranked node: 45 at 10.1.38.38:10000
Connecting .. Socket: 4172, src-port: 40075
Waking up connected socket !
Socket connect success. socket = 4172
Connecting through vt-tcp success !
Successfully connected to lower ranked node: 45 at 10.1.38.38:10000
Adding new vt-tcp-socket !
Creating vt-tcp socket !
Connecting to lower ranked node: 44 at 10.1.38.42:10000
Connecting .. Socket: 4173, src-port: 40076
Waking up connected socket !
Socket connect success. socket = 4173
Connecting through vt-tcp success !
Successfully connected to lower ranked node: 44 at 10.1.38.42:10000
Adding new vt-tcp-socket !
Creating vt-tcp socket !
Connecting to lower ranked node: 43 at 10.1.37.194:10000
Connecting .. Socket: 4174, src-port: 40077
Waking up connected socket !
Socket connect success. socket = 4174
Connecting through vt-tcp success !
Successfully connected to lower ranked node: 43 at 10.1.37.194:10000
Adding new vt-tcp-socket !
Creating vt-tcp socket !
Connecting to lower ranked node: 42 at 10.1.37.162:10000
Connecting .. Socket: 4175, src-port: 40078
Waking up connected socket !
Socket connect success. socket = 4175
Connecting through vt-tcp success !
Successfully connected to lower ranked node: 42 at 10.1.37.162:10000
Adding new vt-tcp-socket !
Creating vt-tcp socket !
Connecting to lower ranked node: 41 at 10.1.37.166:10000
Connecting .. Socket: 4176, src-port: 40079
Waking up connected socket !
Socket connect success. socket = 4176
Connecting through vt-tcp success !
Successfully connected to lower ranked node: 41 at 10.1.37.166:10000
Adding new vt-tcp-socket !
Creating vt-tcp socket !
Connecting to lower ranked node: 40 at 10.1.37.170:10000
Connecting .. Socket: 4177, src-port: 40080
Waking up connected socket !
Socket connect success. socket = 4177
Connecting through vt-tcp success !
Successfully connected to lower ranked node: 40 at 10.1.37.170:10000
Adding new vt-tcp-socket !
Creating vt-tcp socket !
Connecting to lower ranked node: 39 at 10.1.37.174:10000
Connecting .. Socket: 4178, src-port: 40081
Waking up connected socket !
Socket connect success. socket = 4178
Connecting through vt-tcp success !
Successfully connected to lower ranked node: 39 at 10.1.37.174:10000
Adding new vt-tcp-socket !
Creating vt-tcp socket !
Connecting to lower ranked node: 38 at 10.1.37.178:10000
Connecting .. Socket: 4179, src-port: 40082
Waking up connected socket !
Socket connect success. socket = 4179
Connecting through vt-tcp success !
Successfully connected to lower ranked node: 38 at 10.1.37.178:10000
Adding new vt-tcp-socket !
Creating vt-tcp socket !
Connecting to lower ranked node: 37 at 10.1.37.182:10000
Connecting .. Socket: 4180, src-port: 40083
Waking up connected socket !
Socket connect success. socket = 4180
Connecting through vt-tcp success !
Successfully connected to lower ranked node: 37 at 10.1.37.182:10000
Adding new vt-tcp-socket !
Creating vt-tcp socket !
Connecting to lower ranked node: 36 at 10.1.37.186:10000
Connecting .. Socket: 4181, src-port: 40084
Waking up connected socket !
Socket connect success. socket = 4181
Connecting through vt-tcp success !
Successfully connected to lower ranked node: 36 at 10.1.37.186:10000
Adding new vt-tcp-socket !
Creating vt-tcp socket !
Connecting to lower ranked node: 35 at 10.1.37.190:10000
Connecting .. Socket: 4182, src-port: 40085
Waking up connected socket !
Socket connect success. socket = 4182
Connecting through vt-tcp success !
Successfully connected to lower ranked node: 35 at 10.1.37.190:10000
Adding new vt-tcp-socket !
Creating vt-tcp socket !
Connecting to lower ranked node: 34 at 10.1.37.158:10000
Connecting .. Socket: 4183, src-port: 40086
Waking up connected socket !
Socket connect success. socket = 4183
Connecting through vt-tcp success !
Successfully connected to lower ranked node: 34 at 10.1.37.158:10000
Adding new vt-tcp-socket !
Creating vt-tcp socket !
Connecting to lower ranked node: 33 at 10.1.37.198:10000
Connecting .. Socket: 4184, src-port: 40087
Waking up connected socket !
Socket connect success. socket = 4184
Connecting through vt-tcp success !
Successfully connected to lower ranked node: 33 at 10.1.37.198:10000
Adding new vt-tcp-socket !
Creating vt-tcp socket !
Connecting to lower ranked node: 32 at 10.1.37.202:10000
Connecting .. Socket: 4185, src-port: 40088
Waking up connected socket !
Socket connect success. socket = 4185
Connecting through vt-tcp success !
Successfully connected to lower ranked node: 32 at 10.1.37.202:10000
Adding new vt-tcp-socket !
Creating vt-tcp socket !
Connecting to lower ranked node: 31 at 10.1.37.206:10000
Connecting .. Socket: 4186, src-port: 40089
Waking up connected socket !
Socket connect success. socket = 4186
Connecting through vt-tcp success !
Successfully connected to lower ranked node: 31 at 10.1.37.206:10000
Adding new vt-tcp-socket !
Creating vt-tcp socket !
Connecting to lower ranked node: 30 at 10.1.37.210:10000
Connecting .. Socket: 4187, src-port: 40090
Waking up connected socket !
Socket connect success. socket = 4187
Connecting through vt-tcp success !
Successfully connected to lower ranked node: 30 at 10.1.37.210:10000
Adding new vt-tcp-socket !
Creating vt-tcp socket !
Connecting to lower ranked node: 29 at 10.1.37.214:10000
Connecting .. Socket: 4188, src-port: 40091
Waking up connected socket !
Socket connect success. socket = 4188
Connecting through vt-tcp success !
Successfully connected to lower ranked node: 29 at 10.1.37.214:10000
Adding new vt-tcp-socket !
Creating vt-tcp socket !
Connecting to lower ranked node: 28 at 10.1.37.218:10000
Connecting .. Socket: 4189, src-port: 40092
Waking up connected socket !
Socket connect success. socket = 4189
Connecting through vt-tcp success !
Successfully connected to lower ranked node: 28 at 10.1.37.218:10000
Adding new vt-tcp-socket !
Creating vt-tcp socket !
Connecting to lower ranked node: 27 at 10.1.37.222:10000
Connecting .. Socket: 4190, src-port: 40093
Waking up connected socket !
Socket connect success. socket = 4190
Connecting through vt-tcp success !
Successfully connected to lower ranked node: 27 at 10.1.37.222:10000
Adding new vt-tcp-socket !
Creating vt-tcp socket !
Connecting to lower ranked node: 26 at 10.1.37.226:10000
Connecting .. Socket: 4191, src-port: 40094
Waking up connected socket !
Socket connect success. socket = 4191
Connecting through vt-tcp success !
Successfully connected to lower ranked node: 26 at 10.1.37.226:10000
Adding new vt-tcp-socket !
Creating vt-tcp socket !
Connecting to lower ranked node: 25 at 10.1.38.10:10000
Connecting .. Socket: 4192, src-port: 40095
Waking up connected socket !
Socket connect success. socket = 4192
Connecting through vt-tcp success !
Successfully connected to lower ranked node: 25 at 10.1.38.10:10000
Adding new vt-tcp-socket !
Creating vt-tcp socket !
Connecting to lower ranked node: 24 at 10.1.38.122:10000
Connecting .. Socket: 4193, src-port: 40096
Waking up connected socket !
Socket connect success. socket = 4193
Connecting through vt-tcp success !
Successfully connected to lower ranked node: 24 at 10.1.38.122:10000
Adding new vt-tcp-socket !
Creating vt-tcp socket !
Connecting to lower ranked node: 23 at 10.1.38.126:10000
Connecting .. Socket: 4194, src-port: 40097
Waking up connected socket !
Socket connect success. socket = 4194
Connecting through vt-tcp success !
Successfully connected to lower ranked node: 23 at 10.1.38.126:10000
Adding new vt-tcp-socket !
Creating vt-tcp socket !
Connecting to lower ranked node: 22 at 10.1.38.130:10000
Connecting .. Socket: 4195, src-port: 40098
Waking up connected socket !
Socket connect success. socket = 4195
Connecting through vt-tcp success !
Successfully connected to lower ranked node: 22 at 10.1.38.130:10000
Adding new vt-tcp-socket !
Creating vt-tcp socket !
Connecting to lower ranked node: 21 at 10.1.38.134:10000
Connecting .. Socket: 4196, src-port: 40099
Waking up connected socket !
Socket connect success. socket = 4196
Connecting through vt-tcp success !
Successfully connected to lower ranked node: 21 at 10.1.38.134:10000
Adding new vt-tcp-socket !
Creating vt-tcp socket !
Connecting to lower ranked node: 20 at 10.1.38.138:10000
Connecting .. Socket: 4197, src-port: 40100
Waking up connected socket !
Socket connect success. socket = 4197
Connecting through vt-tcp success !
Successfully connected to lower ranked node: 20 at 10.1.38.138:10000
Adding new vt-tcp-socket !
Creating vt-tcp socket !
Connecting to lower ranked node: 19 at 10.1.38.142:10000
Connecting .. Socket: 4198, src-port: 40101
Waking up connected socket !
Socket connect success. socket = 4198
Connecting through vt-tcp success !
Successfully connected to lower ranked node: 19 at 10.1.38.142:10000
Adding new vt-tcp-socket !
Creating vt-tcp socket !
Connecting to lower ranked node: 18 at 10.1.38.146:10000
Connecting .. Socket: 4199, src-port: 40102
Waking up connected socket !
Socket connect success. socket = 4199
Connecting through vt-tcp success !
Successfully connected to lower ranked node: 18 at 10.1.38.146:10000
Adding new vt-tcp-socket !
Creating vt-tcp socket !
Connecting to lower ranked node: 17 at 10.1.38.150:10000
Connecting .. Socket: 4200, src-port: 40103
Waking up connected socket !
Socket connect success. socket = 4200
Connecting through vt-tcp success !
Successfully connected to lower ranked node: 17 at 10.1.38.150:10000
Adding new vt-tcp-socket !
Creating vt-tcp socket !
Connecting to lower ranked node: 16 at 10.1.38.118:10000
Connecting .. Socket: 4201, src-port: 40104
Waking up connected socket !
Socket connect success. socket = 4201
Connecting through vt-tcp success !
Successfully connected to lower ranked node: 16 at 10.1.38.118:10000
Adding new vt-tcp-socket !
Creating vt-tcp socket !
Connecting to lower ranked node: 15 at 10.1.38.158:10000
Connecting .. Socket: 4202, src-port: 40105
Waking up connected socket !
Socket connect success. socket = 4202
Connecting through vt-tcp success !
Successfully connected to lower ranked node: 15 at 10.1.38.158:10000
Adding new vt-tcp-socket !
Creating vt-tcp socket !
Connecting to lower ranked node: 14 at 10.1.38.162:10000
Connecting .. Socket: 4203, src-port: 40106
Waking up connected socket !
Socket connect success. socket = 4203
Connecting through vt-tcp success !
Successfully connected to lower ranked node: 14 at 10.1.38.162:10000
Adding new vt-tcp-socket !
Creating vt-tcp socket !
Connecting to lower ranked node: 13 at 10.1.38.166:10000
Connecting .. Socket: 4204, src-port: 40107
Waking up connected socket !
Socket connect success. socket = 4204
Connecting through vt-tcp success !
Successfully connected to lower ranked node: 13 at 10.1.38.166:10000
Adding new vt-tcp-socket !
Creating vt-tcp socket !
Connecting to lower ranked node: 12 at 10.1.38.170:10000
Connecting .. Socket: 4205, src-port: 40108
Waking up connected socket !
Socket connect success. socket = 4205
Connecting through vt-tcp success !
Successfully connected to lower ranked node: 12 at 10.1.38.170:10000
Adding new vt-tcp-socket !
Creating vt-tcp socket !
Connecting to lower ranked node: 11 at 10.1.38.174:10000
Connecting .. Socket: 4206, src-port: 40109
Waking up connected socket !
Socket connect success. socket = 4206
Connecting through vt-tcp success !
Successfully connected to lower ranked node: 11 at 10.1.38.174:10000
Adding new vt-tcp-socket !
Creating vt-tcp socket !
Connecting to lower ranked node: 10 at 10.1.38.178:10000
Connecting .. Socket: 4207, src-port: 40110
Waking up connected socket !
Socket connect success. socket = 4207
Connecting through vt-tcp success !
Successfully connected to lower ranked node: 10 at 10.1.38.178:10000
Adding new vt-tcp-socket !
Creating vt-tcp socket !
Connecting to lower ranked node: 9 at 10.1.38.182:10000
Connecting .. Socket: 4208, src-port: 40111
Waking up connected socket !
Socket connect success. socket = 4208
Connecting through vt-tcp success !
Successfully connected to lower ranked node: 9 at 10.1.38.182:10000
Adding new vt-tcp-socket !
Creating vt-tcp socket !
Connecting to lower ranked node: 8 at 10.1.38.186:10000
Connecting .. Socket: 4209, src-port: 40112
Waking up connected socket !
Socket connect success. socket = 4209
Connecting through vt-tcp success !
Successfully connected to lower ranked node: 8 at 10.1.38.186:10000
Adding new vt-tcp-socket !
Creating vt-tcp socket !
Connecting to lower ranked node: 7 at 10.1.38.82:10000
Connecting .. Socket: 4210, src-port: 40113
Waking up connected socket !
Socket connect success. socket = 4210
Connecting through vt-tcp success !
Successfully connected to lower ranked node: 7 at 10.1.38.82:10000
Adding new vt-tcp-socket !
Creating vt-tcp socket !
Connecting to lower ranked node: 6 at 10.1.38.50:10000
Connecting .. Socket: 4211, src-port: 40114
Waking up connected socket !
Socket connect success. socket = 4211
Connecting through vt-tcp success !
Successfully connected to lower ranked node: 6 at 10.1.38.50:10000
Adding new vt-tcp-socket !
Creating vt-tcp socket !
Connecting to lower ranked node: 5 at 10.1.38.54:10000
Connecting .. Socket: 4212, src-port: 40115
Waking up connected socket !
Socket connect success. socket = 4212
Connecting through vt-tcp success !
Successfully connected to lower ranked node: 5 at 10.1.38.54:10000
Adding new vt-tcp-socket !
Creating vt-tcp socket !
Connecting to lower ranked node: 4 at 10.1.38.58:10000
Connecting .. Socket: 4213, src-port: 40116
Waking up connected socket !
Socket connect success. socket = 4213
Connecting through vt-tcp success !
Successfully connected to lower ranked node: 4 at 10.1.38.58:10000
Adding new vt-tcp-socket !
Creating vt-tcp socket !
Connecting to lower ranked node: 3 at 10.1.38.62:10000
Connecting .. Socket: 4214, src-port: 40117
Waking up connected socket !
Socket connect success. socket = 4214
Connecting through vt-tcp success !
Successfully connected to lower ranked node: 3 at 10.1.38.62:10000
Adding new vt-tcp-socket !
Creating vt-tcp socket !
Connecting to lower ranked node: 2 at 10.1.38.66:10000
Connecting .. Socket: 4215, src-port: 40118
Waking up connected socket !
Socket connect success. socket = 4215
Connecting through vt-tcp success !
Successfully connected to lower ranked node: 2 at 10.1.38.66:10000
Adding new vt-tcp-socket !
Creating vt-tcp socket !
Connecting to lower ranked node: 1 at 10.1.38.70:10000
Connecting .. Socket: 4216, src-port: 40119
Waking up connected socket !
Socket connect success. socket = 4216
Connecting through vt-tcp success !
Successfully connected to lower ranked node: 1 at 10.1.38.70:10000
Adding new vt-tcp-socket !
Creating vt-tcp socket !
Connecting to lower ranked node: 0 at 10.1.38.74:10000
Connecting .. Socket: 4217, src-port: 40120
Waking up connected socket !
Socket connect success. socket = 4217
Connecting through vt-tcp success !
Successfully connected to lower ranked node: 0 at 10.1.38.74:10000

---------------- Creating listen Thread ! --------------

---------------- MPI-Init success ! --------------
Waiting to receive partition information from master !
Adding new Thread: 8
Resuming new Thread with Burst of length: 5400
Process 60 computing itegral over my_a = 19.833333, my_b= 20.000000
Called SetLoopLookahead: init: 0, final: 100000000, step: 1, loopDepth: 0, cumulative-num-iterations: 100000000, look-ahead-ns: 518518496
Avg-Compute-Communication-Ratio = 128.983831
Process 60 contributed MY_TOTAL = -nan, my_a = 19.833333, my_b= 20.000000
Integral: 0 computed

------------------------------------------------------------------------------
Waiting to receive partition information from master !
Process 60 computing itegral over my_a = 29.833333, my_b= 30.000000
Called SetLoopLookahead: init: 0, final: 100000000, step: 1, loopDepth: 0, cumulative-num-iterations: 100000000, look-ahead-ns: 518518496
tcp-rto: snd_una: 1, rto: 2000, backoff: 1
tcp-rto: snd_una: 1, rto: 2000, backoff: 1
tcp-rto: snd_una: 1, rto: 2000, backoff: 1
tcp-rto: snd_una: 1, rto: 2000, backoff: 1
tcp-rto: snd_una: 1, rto: 2000, backoff: 1
tcp-rto: snd_una: 1, rto: 2000, backoff: 1
tcp-rto: snd_una: 1, rto: 2000, backoff: 1
tcp-rto: snd_una: 1, rto: 2000, backoff: 1
tcp-rto: snd_una: 1, rto: 2000, backoff: 1
tcp-rto: snd_una: 1, rto: 2000, backoff: 1
tcp-rto: snd_una: 1, rto: 2000, backoff: 1
tcp-rto: snd_una: 1, rto: 2000, backoff: 1
tcp-rto: snd_una: 1, rto: 2000, backoff: 1
tcp-rto: snd_una: 1, rto: 2000, backoff: 1
tcp-rto: snd_una: 1, rto: 2000, backoff: 1
tcp-rto: snd_una: 1, rto: 2000, backoff: 1
tcp-rto: snd_una: 1, rto: 2000, backoff: 1
tcp-rto: snd_una: 1, rto: 2000, backoff: 1
tcp-rto: snd_una: 1, rto: 2000, backoff: 1
Avg-Compute-Communication-Ratio = 239.386888
Process 60 contributed MY_TOTAL = -nan, my_a = 29.833333, my_b= 30.000000
Integral: 1 computed

------------------------------------------------------------------------------
Waiting to receive partition information from master !
Process 60 computing itegral over my_a = 39.833333, my_b= 40.000000
Called SetLoopLookahead: init: 0, final: 100000000, step: 1, loopDepth: 0, cumulative-num-iterations: 100000000, look-ahead-ns: 518518496
Avg-Compute-Communication-Ratio = 333.663449
Process 60 contributed MY_TOTAL = -nan, my_a = 39.833333, my_b= 40.000000
Integral: 2 computed

------------------------------------------------------------------------------
Waiting to receive partition information from master !
Process 60 computing itegral over my_a = 49.833333, my_b= 50.000000
Called SetLoopLookahead: init: 0, final: 100000000, step: 1, loopDepth: 0, cumulative-num-iterations: 100000000, look-ahead-ns: 518518496
Avg-Compute-Communication-Ratio = 417.146822
Process 60 contributed MY_TOTAL = -nan, my_a = 49.833333, my_b= 50.000000
Integral: 3 computed

------------------------------------------------------------------------------
Waiting to receive partition information from master !
Process 60 computing itegral over my_a = 59.833333, my_b= 60.000000
Called SetLoopLookahead: init: 0, final: 100000000, step: 1, loopDepth: 0, cumulative-num-iterations: 100000000, look-ahead-ns: 518518496
Avg-Compute-Communication-Ratio = 488.426714
Process 60 contributed MY_TOTAL = -nan, my_a = 59.833333, my_b= 60.000000
Integral: 4 computed

------------------------------------------------------------------------------
Waiting to receive partition information from master !
Process 60 computing itegral over my_a = 69.833333, my_b= 70.000000
Called SetLoopLookahead: init: 0, final: 100000000, step: 1, loopDepth: 0, cumulative-num-iterations: 100000000, look-ahead-ns: 518518496
Avg-Compute-Communication-Ratio = 552.983292
Process 60 contributed MY_TOTAL = -nan, my_a = 69.833333, my_b= 70.000000
Integral: 5 computed

------------------------------------------------------------------------------
Waiting to receive partition information from master !
Process 60 computing itegral over my_a = 79.833333, my_b= 80.000000
Called SetLoopLookahead: init: 0, final: 100000000, step: 1, loopDepth: 0, cumulative-num-iterations: 100000000, look-ahead-ns: 518518496
Avg-Compute-Communication-Ratio = 610.119180
Process 60 contributed MY_TOTAL = -nan, my_a = 79.833333, my_b= 80.000000
Integral: 6 computed

------------------------------------------------------------------------------
Waiting to receive partition information from master !
Process 60 computing itegral over my_a = 89.833333, my_b= 90.000000
Called SetLoopLookahead: init: 0, final: 100000000, step: 1, loopDepth: 0, cumulative-num-iterations: 100000000, look-ahead-ns: 518518496
Avg-Compute-Communication-Ratio = 660.948693
Process 60 contributed MY_TOTAL = -nan, my_a = 89.833333, my_b= 90.000000
Integral: 7 computed

------------------------------------------------------------------------------
Waiting to receive partition information from master !
Process 60 computing itegral over my_a = 99.833333, my_b= 100.000000
Called SetLoopLookahead: init: 0, final: 100000000, step: 1, loopDepth: 0, cumulative-num-iterations: 100000000, look-ahead-ns: 518518496
Avg-Compute-Communication-Ratio = 706.315877
Process 60 contributed MY_TOTAL = -nan, my_a = 99.833333, my_b= 100.000000
Integral: 8 computed

------------------------------------------------------------------------------
Waiting to receive partition information from master !
Process 60 computing itegral over my_a = 109.833333, my_b= 110.000000
Called SetLoopLookahead: init: 0, final: 100000000, step: 1, loopDepth: 0, cumulative-num-iterations: 100000000, look-ahead-ns: 518518496
Avg-Compute-Communication-Ratio = 748.649148
Process 60 contributed MY_TOTAL = -nan, my_a = 109.833333, my_b= 110.000000
Integral: 9 computed

------------------------------------------------------------------------------
Waiting to receive partition information from master !
Process 60 computing itegral over my_a = 119.833333, my_b= 120.000000
Called SetLoopLookahead: init: 0, final: 100000000, step: 1, loopDepth: 0, cumulative-num-iterations: 100000000, look-ahead-ns: 518518496
Avg-Compute-Communication-Ratio = 785.952735
Process 60 contributed MY_TOTAL = -nan, my_a = 119.833333, my_b= 120.000000
Integral: 10 computed

------------------------------------------------------------------------------
Waiting to receive partition information from master !
Process 60 computing itegral over my_a = 129.833333, my_b= 130.000000
Called SetLoopLookahead: init: 0, final: 100000000, step: 1, loopDepth: 0, cumulative-num-iterations: 100000000, look-ahead-ns: 518518496
Avg-Compute-Communication-Ratio = 822.168869
Process 60 contributed MY_TOTAL = -nan, my_a = 129.833333, my_b= 130.000000
Integral: 11 computed

------------------------------------------------------------------------------
Waiting to receive partition information from master !
Process 60 computing itegral over my_a = 139.833333, my_b= 140.000000
Called SetLoopLookahead: init: 0, final: 100000000, step: 1, loopDepth: 0, cumulative-num-iterations: 100000000, look-ahead-ns: 518518496
Avg-Compute-Communication-Ratio = 853.576042
Process 60 contributed MY_TOTAL = -nan, my_a = 139.833333, my_b= 140.000000
Integral: 12 computed

------------------------------------------------------------------------------
Waiting to receive partition information from master !
Process 60 computing itegral over my_a = 149.833333, my_b= 150.000000
Called SetLoopLookahead: init: 0, final: 100000000, step: 1, loopDepth: 0, cumulative-num-iterations: 100000000, look-ahead-ns: 518518496
Avg-Compute-Communication-Ratio = 882.578116
Process 60 contributed MY_TOTAL = -nan, my_a = 149.833333, my_b= 150.000000
Integral: 13 computed

------------------------------------------------------------------------------
Waiting to receive partition information from master !
Process 60 computing itegral over my_a = 159.833333, my_b= 160.000000
Called SetLoopLookahead: init: 0, final: 100000000, step: 1, loopDepth: 0, cumulative-num-iterations: 100000000, look-ahead-ns: 518518496
Avg-Compute-Communication-Ratio = 909.887693
Process 60 contributed MY_TOTAL = -nan, my_a = 159.833333, my_b= 160.000000
Integral: 14 computed

------------------------------------------------------------------------------
Waiting to receive partition information from master !
Process 60 computing itegral over my_a = 169.833333, my_b= 170.000000
Called SetLoopLookahead: init: 0, final: 100000000, step: 1, loopDepth: 0, cumulative-num-iterations: 100000000, look-ahead-ns: 518518496
Avg-Compute-Communication-Ratio = 935.524921
Process 60 contributed MY_TOTAL = -nan, my_a = 169.833333, my_b= 170.000000
Integral: 15 computed

------------------------------------------------------------------------------
Waiting to receive partition information from master !
Process 60 computing itegral over my_a = 179.833333, my_b= 180.000000
Called SetLoopLookahead: init: 0, final: 100000000, step: 1, loopDepth: 0, cumulative-num-iterations: 100000000, look-ahead-ns: 518518496
Avg-Compute-Communication-Ratio = 959.167573
Process 60 contributed MY_TOTAL = -nan, my_a = 179.833333, my_b= 180.000000
Integral: 16 computed

------------------------------------------------------------------------------
Waiting to receive partition information from master !
Process 60 computing itegral over my_a = 189.833333, my_b= 190.000000
Called SetLoopLookahead: init: 0, final: 100000000, step: 1, loopDepth: 0, cumulative-num-iterations: 100000000, look-ahead-ns: 518518496
Avg-Compute-Communication-Ratio = 982.138798
Process 60 contributed MY_TOTAL = -nan, my_a = 189.833333, my_b= 190.000000
Integral: 17 computed

------------------------------------------------------------------------------
Waiting to receive partition information from master !
Process 60 computing itegral over my_a = 199.833333, my_b= 200.000000
Called SetLoopLookahead: init: 0, final: 100000000, step: 1, loopDepth: 0, cumulative-num-iterations: 100000000, look-ahead-ns: 518518496
Avg-Compute-Communication-Ratio = 1003.032071
Process 60 contributed MY_TOTAL = -nan, my_a = 199.833333, my_b= 200.000000
Integral: 18 computed

------------------------------------------------------------------------------
Waiting to receive partition information from master !
Process 60 computing itegral over my_a = 209.833333, my_b= 210.000000
Called SetLoopLookahead: init: 0, final: 100000000, step: 1, loopDepth: 0, cumulative-num-iterations: 100000000, look-ahead-ns: 518518496
Avg-Compute-Communication-Ratio = 1022.711637
Process 60 contributed MY_TOTAL = -nan, my_a = 209.833333, my_b= 210.000000
Integral: 19 computed

------------------------------------------------------------------------------
Waiting to receive partition information from master !
Process 60 computing itegral over my_a = 219.833333, my_b= 220.000000
Called SetLoopLookahead: init: 0, final: 100000000, step: 1, loopDepth: 0, cumulative-num-iterations: 100000000, look-ahead-ns: 518518496
Avg-Compute-Communication-Ratio = 1041.094847
Process 60 contributed MY_TOTAL = -nan, my_a = 219.833333, my_b= 220.000000
Integral: 20 computed

------------------------------------------------------------------------------
Waiting to receive partition information from master !
Process 60 computing itegral over my_a = 229.833333, my_b= 230.000000
Called SetLoopLookahead: init: 0, final: 100000000, step: 1, loopDepth: 0, cumulative-num-iterations: 100000000, look-ahead-ns: 518518496
Avg-Compute-Communication-Ratio = 1057.114818
Process 60 contributed MY_TOTAL = -nan, my_a = 229.833333, my_b= 230.000000
Integral: 21 computed

------------------------------------------------------------------------------
Waiting to receive partition information from master !
Process 60 computing itegral over my_a = 239.833333, my_b= 240.000000
Called SetLoopLookahead: init: 0, final: 100000000, step: 1, loopDepth: 0, cumulative-num-iterations: 100000000, look-ahead-ns: 518518496
Avg-Compute-Communication-Ratio = 1072.853634
Process 60 contributed MY_TOTAL = -nan, my_a = 239.833333, my_b= 240.000000
Integral: 22 computed

------------------------------------------------------------------------------
Waiting to receive partition information from master !
Process 60 computing itegral over my_a = 249.833333, my_b= 250.000000
Called SetLoopLookahead: init: 0, final: 100000000, step: 1, loopDepth: 0, cumulative-num-iterations: 100000000, look-ahead-ns: 518518496
Avg-Compute-Communication-Ratio = 1087.888452
Process 60 contributed MY_TOTAL = -nan, my_a = 249.833333, my_b= 250.000000
Integral: 23 computed

------------------------------------------------------------------------------
Waiting to receive partition information from master !
Process 60 computing itegral over my_a = 259.833333, my_b= 260.000000
Called SetLoopLookahead: init: 0, final: 100000000, step: 1, loopDepth: 0, cumulative-num-iterations: 100000000, look-ahead-ns: 518518496
Avg-Compute-Communication-Ratio = 1102.472529
Process 60 contributed MY_TOTAL = -nan, my_a = 259.833333, my_b= 260.000000
Integral: 24 computed

------------------------------------------------------------------------------
Waiting to receive partition information from master !
Process 60 computing itegral over my_a = 269.833333, my_b= 270.000000
Called SetLoopLookahead: init: 0, final: 100000000, step: 1, loopDepth: 0, cumulative-num-iterations: 100000000, look-ahead-ns: 518518496
Avg-Compute-Communication-Ratio = 1116.193658
Process 60 contributed MY_TOTAL = -nan, my_a = 269.833333, my_b= 270.000000
Integral: 25 computed

------------------------------------------------------------------------------
Waiting to receive partition information from master !
Process 60 computing itegral over my_a = 279.833333, my_b= 280.000000
Called SetLoopLookahead: init: 0, final: 100000000, step: 1, loopDepth: 0, cumulative-num-iterations: 100000000, look-ahead-ns: 518518496
Avg-Compute-Communication-Ratio = 1129.297572
Process 60 contributed MY_TOTAL = -nan, my_a = 279.833333, my_b= 280.000000
Integral: 26 computed

------------------------------------------------------------------------------
Waiting to receive partition information from master !
Process 60 computing itegral over my_a = 289.833333, my_b= 290.000000
Called SetLoopLookahead: init: 0, final: 100000000, step: 1, loopDepth: 0, cumulative-num-iterations: 100000000, look-ahead-ns: 518518496
Avg-Compute-Communication-Ratio = 1140.309221
Process 60 contributed MY_TOTAL = -nan, my_a = 289.833333, my_b= 290.000000
Integral: 27 computed

------------------------------------------------------------------------------
Waiting to receive partition information from master !
Process 60 computing itegral over my_a = 299.833333, my_b= 300.000000
Called SetLoopLookahead: init: 0, final: 100000000, step: 1, loopDepth: 0, cumulative-num-iterations: 100000000, look-ahead-ns: 518518496
Avg-Compute-Communication-Ratio = 1152.696972
Process 60 contributed MY_TOTAL = -nan, my_a = 299.833333, my_b= 300.000000
Integral: 28 computed

------------------------------------------------------------------------------
Waiting to receive partition information from master !
Process 60 computing itegral over my_a = 309.833333, my_b= 310.000000
Called SetLoopLookahead: init: 0, final: 100000000, step: 1, loopDepth: 0, cumulative-num-iterations: 100000000, look-ahead-ns: 518518496
Avg-Compute-Communication-Ratio = 1163.807197
Process 60 contributed MY_TOTAL = -nan, my_a = 309.833333, my_b= 310.000000
Integral: 29 computed

------------------------------------------------------------------------------
Waiting to receive partition information from master !
Process 60 computing itegral over my_a = 319.833333, my_b= 320.000000
Called SetLoopLookahead: init: 0, final: 100000000, step: 1, loopDepth: 0, cumulative-num-iterations: 100000000, look-ahead-ns: 518518496
Avg-Compute-Communication-Ratio = 1173.025104
Process 60 contributed MY_TOTAL = -nan, my_a = 319.833333, my_b= 320.000000
Integral: 30 computed

------------------------------------------------------------------------------
Waiting to receive partition information from master !
Process 60 computing itegral over my_a = 329.833333, my_b= 330.000000
Called SetLoopLookahead: init: 0, final: 100000000, step: 1, loopDepth: 0, cumulative-num-iterations: 100000000, look-ahead-ns: 518518496
Avg-Compute-Communication-Ratio = 1183.233117
Process 60 contributed MY_TOTAL = -nan, my_a = 329.833333, my_b= 330.000000
Integral: 31 computed

------------------------------------------------------------------------------
Waiting to receive partition information from master !
Process 60 computing itegral over my_a = 339.833333, my_b= 340.000000
Called SetLoopLookahead: init: 0, final: 100000000, step: 1, loopDepth: 0, cumulative-num-iterations: 100000000, look-ahead-ns: 518518496
Avg-Compute-Communication-Ratio = 1193.068819
Process 60 contributed MY_TOTAL = -nan, my_a = 339.833333, my_b= 340.000000
Integral: 32 computed

------------------------------------------------------------------------------
Waiting to receive partition information from master !
Process 60 computing itegral over my_a = 349.833333, my_b= 350.000000
Called SetLoopLookahead: init: 0, final: 100000000, step: 1, loopDepth: 0, cumulative-num-iterations: 100000000, look-ahead-ns: 518518496
Avg-Compute-Communication-Ratio = 1202.312487
Process 60 contributed MY_TOTAL = -nan, my_a = 349.833333, my_b= 350.000000
Integral: 33 computed

------------------------------------------------------------------------------
Waiting to receive partition information from master !
Process 60 computing itegral over my_a = 359.833333, my_b= 360.000000
Called SetLoopLookahead: init: 0, final: 100000000, step: 1, loopDepth: 0, cumulative-num-iterations: 100000000, look-ahead-ns: 518518496
Avg-Compute-Communication-Ratio = 1210.998465
Process 60 contributed MY_TOTAL = -nan, my_a = 359.833333, my_b= 360.000000
Integral: 34 computed

------------------------------------------------------------------------------
Waiting to receive partition information from master !
Process 60 computing itegral over my_a = 369.833333, my_b= 370.000000
Called SetLoopLookahead: init: 0, final: 100000000, step: 1, loopDepth: 0, cumulative-num-iterations: 100000000, look-ahead-ns: 518518496
Avg-Compute-Communication-Ratio = 1219.636589
Process 60 contributed MY_TOTAL = -nan, my_a = 369.833333, my_b= 370.000000
Integral: 35 computed

------------------------------------------------------------------------------
Waiting to receive partition information from master !
Process 60 computing itegral over my_a = 379.833333, my_b= 380.000000
Called SetLoopLookahead: init: 0, final: 100000000, step: 1, loopDepth: 0, cumulative-num-iterations: 100000000, look-ahead-ns: 518518496
Avg-Compute-Communication-Ratio = 1227.922043
Process 60 contributed MY_TOTAL = -nan, my_a = 379.833333, my_b= 380.000000
Integral: 36 computed

------------------------------------------------------------------------------
Waiting to receive partition information from master !
Process 60 computing itegral over my_a = 389.833333, my_b= 390.000000
Called SetLoopLookahead: init: 0, final: 100000000, step: 1, loopDepth: 0, cumulative-num-iterations: 100000000, look-ahead-ns: 518518496
Avg-Compute-Communication-Ratio = 1235.798357
Process 60 contributed MY_TOTAL = -nan, my_a = 389.833333, my_b= 390.000000
Integral: 37 computed

------------------------------------------------------------------------------
Waiting to receive partition information from master !
Process 60 computing itegral over my_a = 399.833333, my_b= 400.000000
Called SetLoopLookahead: init: 0, final: 100000000, step: 1, loopDepth: 0, cumulative-num-iterations: 100000000, look-ahead-ns: 518518496
Exp finishing. Stopping stack thread with id: 6!

------------------------- ACTUAL STDOUT FROM EXECUTABLE ENDED -----------------------------

Process: 6 exiting VT experiment !
Main thread exiting. PID = 6
