Attempting to set static arp entries ...
Tracer: 7 >> Using SRC IP: 10.1.38.50 for any spawned virtual tcp-stacks
Tracer: 7 >> Updating firewall rules to drop outgoing TCP-RST packets
Attempting to set firewall rules ...
Tracer: 7 >> CMD TO RUN: /home/vignesh/VT-S3FNet/csudp/mpi_integral/mpi_int 6 61 10.1.38.50 > /home/vignesh/VT-S3FNet/experiment-data/MPI_LA_Enabled_nemus_61_mpi_int/worker6.log
args[0] = /home/vignesh/VT-S3FNet/csudp/mpi_integral/mpi_int
args[1] = 6
args[2] = 61
args[3] = 10.1.38.50
Setting appropriate environment variables ...
HOME DIRECTORY : /home/vignesh
Parsing TTN config file: /home/vignesh/.ttn/projects.db
Setting VT_L1_INS_CACHE_MISS_CYCLES to: 100
Setting VT_L1_INS_CACHE_LINES to: 64
Setting VT_L1_INS_CACHE_SIZE_KB to: 32
Setting VT_L1_INS_CACHE_ASSOC to: 8
Setting VT_L1_INS_CACHE_REPLACEMENT_POLICY to: LRU
Setting VT_L1_DATA_CACHE_MISS_CYCLES to: 100
Setting VT_L1_DATA_CACHE_LINES to: 64
Setting VT_L1_DATA_CACHE_SIZE_KB to: 32
Setting VT_L1_DATA_CACHE_ASSOC to: 8
Setting VT_L1_DATA_CACHE_REPLACEMENT_POLICY to: LRU
Setting VT_CPU_CYLES_NS to: 2.700000
Setting VT_NIC_SPEED_MBPS to: 1000.000000
Setting VT_TIMING_MODEL to: EMPIRICAL
Setting VT_BBL_LOOKAHEAD_FILE to: /home/vignesh/VT-S3FNet/csudp/mpi_integral/.ttn/lookahead/bbl_lookahead.info
Setting VT_LOOP_LOOKAHEAD_FILE to: /home/vignesh/VT-S3FNet/csudp/mpi_integral/.ttn/lookahead/loop_lookahead.info
Starting command: /home/vignesh/VT-S3FNet/csudp/mpi_integral/mpi_int
Loading orig functions !
Starting executable with Pid = 6
Loading pointers to VTL Logic functions
Loaded pointers to all VTL Logic functions
Now Initializing VT-Management 
Extracting env variables !
Extracted tracer-id: 7
Extracted exp-type: 2
Extracted cpu-cycles-ns: 2.700000
Extracted socket-layer-ip: 841351434
Starting VT-initialization !
Tracer-ID: 7, Timeline-ID: 7
Tracer registration for EXP_CS complete. TimelineID = 7, Return = 7
Tracer Adding to SQ. Tracer ID = 7
Parsing any provided lookahead information ...
Opening file: /home/vignesh/VT-S3FNet/csudp/mpi_integral/.ttn/lookahead/bbl_lookahead.info
File size: 176
mapped memblock size: 176
Finish offset: 18, Number of values: 18
Returning success !
Loaded BBL lookaheads for 18 basic blocks ...
Opening file: /home/vignesh/VT-S3FNet/csudp/mpi_integral/.ttn/lookahead/loop_lookahead.info
File size: 40
mapped memblock size: 40
Finish offset: 1, Number of values: 1
Returning success !
Loaded Loop lookaheads for 1 loops ...
VT initialization successfull !
Finished Initializing VT-Management 
Initializing TCP-stack ...
TCP stack unique-id: 76
Starting virtual socket layer stack-thread !
Pthread_create: vtStackThread special case
Successfully initialized VTL-Logic embedded into the executable

------------------------- ACTUAL STDOUT FROM EXECUTABLE STARTS -----------------------------

Rank = 6, Total = 61, IP = 10.1.38.50
Adding new vt-tcp-socket !
Creating vt-tcp socket !
bind through vt-tcp !
Server socket bound to ip:port: 10.1.38.50:10000
Waiting for OK message from other nodes !
Waiting for OK message !
listen through vt-tcp !
Accept through vt-tcp !
Successfully received OK message !

---------------- Waiting for higher ranked nodes to connect --------------
listen through vt-tcp !
Accepting connection from higher ranked node: 60
Accept through vt-tcp !
Accepted connection from higher ranked node: 60
Successfully connected with higher ranked node: 60
Accepting connection from higher ranked node: 59
Accept through vt-tcp !
Accepted connection from higher ranked node: 59
Successfully connected with higher ranked node: 59
Accepting connection from higher ranked node: 58
Accept through vt-tcp !
Accepted connection from higher ranked node: 58
Successfully connected with higher ranked node: 58
Accepting connection from higher ranked node: 57
Accept through vt-tcp !
Accepted connection from higher ranked node: 57
Successfully connected with higher ranked node: 57
Accepting connection from higher ranked node: 56
Accept through vt-tcp !
Accepted connection from higher ranked node: 56
Successfully connected with higher ranked node: 56
Accepting connection from higher ranked node: 55
Accept through vt-tcp !
Accepted connection from higher ranked node: 55
Successfully connected with higher ranked node: 55
Accepting connection from higher ranked node: 54
Accept through vt-tcp !
Accepted connection from higher ranked node: 54
Successfully connected with higher ranked node: 54
Accepting connection from higher ranked node: 53
Accept through vt-tcp !
Accepted connection from higher ranked node: 53
Successfully connected with higher ranked node: 53
Accepting connection from higher ranked node: 52
Accept through vt-tcp !
Accepted connection from higher ranked node: 52
Successfully connected with higher ranked node: 52
Accepting connection from higher ranked node: 51
Accept through vt-tcp !
Accepted connection from higher ranked node: 51
Successfully connected with higher ranked node: 51
Accepting connection from higher ranked node: 50
Accept through vt-tcp !
Accepted connection from higher ranked node: 50
Successfully connected with higher ranked node: 50
Accepting connection from higher ranked node: 49
Accept through vt-tcp !
Accepted connection from higher ranked node: 49
Successfully connected with higher ranked node: 49
Accepting connection from higher ranked node: 48
Accept through vt-tcp !
Accepted connection from higher ranked node: 48
Successfully connected with higher ranked node: 48
Accepting connection from higher ranked node: 47
Accept through vt-tcp !
Accepted connection from higher ranked node: 47
Successfully connected with higher ranked node: 47
Accepting connection from higher ranked node: 46
Accept through vt-tcp !
Accepted connection from higher ranked node: 46
Successfully connected with higher ranked node: 46
Accepting connection from higher ranked node: 45
Accept through vt-tcp !
Accepted connection from higher ranked node: 45
Successfully connected with higher ranked node: 45
Accepting connection from higher ranked node: 44
Accept through vt-tcp !
Accepted connection from higher ranked node: 44
Successfully connected with higher ranked node: 44
Accepting connection from higher ranked node: 43
Accept through vt-tcp !
Accepted connection from higher ranked node: 43
Successfully connected with higher ranked node: 43
Accepting connection from higher ranked node: 42
Accept through vt-tcp !
Accepted connection from higher ranked node: 42
Successfully connected with higher ranked node: 42
Accepting connection from higher ranked node: 41
Accept through vt-tcp !
Accepted connection from higher ranked node: 41
Successfully connected with higher ranked node: 41
Accepting connection from higher ranked node: 40
Accept through vt-tcp !
Accepted connection from higher ranked node: 40
Successfully connected with higher ranked node: 40
Accepting connection from higher ranked node: 39
Accept through vt-tcp !
Accepted connection from higher ranked node: 39
Successfully connected with higher ranked node: 39
Accepting connection from higher ranked node: 38
Accept through vt-tcp !
Accepted connection from higher ranked node: 38
Successfully connected with higher ranked node: 38
Accepting connection from higher ranked node: 37
Accept through vt-tcp !
Accepted connection from higher ranked node: 37
Successfully connected with higher ranked node: 37
Accepting connection from higher ranked node: 36
Accept through vt-tcp !
Accepted connection from higher ranked node: 36
Successfully connected with higher ranked node: 36
Accepting connection from higher ranked node: 35
Accept through vt-tcp !
Accepted connection from higher ranked node: 35
Successfully connected with higher ranked node: 35
Accepting connection from higher ranked node: 34
Accept through vt-tcp !
Accepted connection from higher ranked node: 34
Successfully connected with higher ranked node: 34
Accepting connection from higher ranked node: 33
Accept through vt-tcp !
Accepted connection from higher ranked node: 33
Successfully connected with higher ranked node: 33
Accepting connection from higher ranked node: 32
Accept through vt-tcp !
Accepted connection from higher ranked node: 32
Successfully connected with higher ranked node: 32
Accepting connection from higher ranked node: 31
Accept through vt-tcp !
Accepted connection from higher ranked node: 31
Successfully connected with higher ranked node: 31
Accepting connection from higher ranked node: 30
Accept through vt-tcp !
Accepted connection from higher ranked node: 30
Successfully connected with higher ranked node: 30
Accepting connection from higher ranked node: 29
Accept through vt-tcp !
Accepted connection from higher ranked node: 29
Successfully connected with higher ranked node: 29
Accepting connection from higher ranked node: 28
Accept through vt-tcp !
Accepted connection from higher ranked node: 28
Successfully connected with higher ranked node: 28
Accepting connection from higher ranked node: 27
Accept through vt-tcp !
Accepted connection from higher ranked node: 27
Successfully connected with higher ranked node: 27
Accepting connection from higher ranked node: 26
Accept through vt-tcp !
Accepted connection from higher ranked node: 26
Successfully connected with higher ranked node: 26
Accepting connection from higher ranked node: 25
Accept through vt-tcp !
Accepted connection from higher ranked node: 25
Successfully connected with higher ranked node: 25
Accepting connection from higher ranked node: 24
Accept through vt-tcp !
Accepted connection from higher ranked node: 24
Successfully connected with higher ranked node: 24
Accepting connection from higher ranked node: 23
Accept through vt-tcp !
Accepted connection from higher ranked node: 23
Successfully connected with higher ranked node: 23
Accepting connection from higher ranked node: 22
Accept through vt-tcp !
Accepted connection from higher ranked node: 22
Successfully connected with higher ranked node: 22
Accepting connection from higher ranked node: 21
Accept through vt-tcp !
Accepted connection from higher ranked node: 21
Successfully connected with higher ranked node: 21
Accepting connection from higher ranked node: 20
Accept through vt-tcp !
Accepted connection from higher ranked node: 20
Successfully connected with higher ranked node: 20
Accepting connection from higher ranked node: 19
Accept through vt-tcp !
Accepted connection from higher ranked node: 19
Successfully connected with higher ranked node: 19
Accepting connection from higher ranked node: 18
Accept through vt-tcp !
Accepted connection from higher ranked node: 18
Successfully connected with higher ranked node: 18
Accepting connection from higher ranked node: 17
Accept through vt-tcp !
Accepted connection from higher ranked node: 17
Successfully connected with higher ranked node: 17
Accepting connection from higher ranked node: 16
Accept through vt-tcp !
Accepted connection from higher ranked node: 16
Successfully connected with higher ranked node: 16
Accepting connection from higher ranked node: 15
Accept through vt-tcp !
Accepted connection from higher ranked node: 15
Successfully connected with higher ranked node: 15
Accepting connection from higher ranked node: 14
Accept through vt-tcp !
Accepted connection from higher ranked node: 14
Successfully connected with higher ranked node: 14
Accepting connection from higher ranked node: 13
Accept through vt-tcp !
Accepted connection from higher ranked node: 13
Successfully connected with higher ranked node: 13
Accepting connection from higher ranked node: 12
Accept through vt-tcp !
Accepted connection from higher ranked node: 12
Successfully connected with higher ranked node: 12
Accepting connection from higher ranked node: 11
Accept through vt-tcp !
Accepted connection from higher ranked node: 11
Successfully connected with higher ranked node: 11
Accepting connection from higher ranked node: 10
Accept through vt-tcp !
Accepted connection from higher ranked node: 10
Successfully connected with higher ranked node: 10
Accepting connection from higher ranked node: 9
Accept through vt-tcp !
Accepted connection from higher ranked node: 9
Successfully connected with higher ranked node: 9
Accepting connection from higher ranked node: 8
Accept through vt-tcp !
Accepted connection from higher ranked node: 8
Successfully connected with higher ranked node: 8
Accepting connection from higher ranked node: 7
Accept through vt-tcp !
Accepted connection from higher ranked node: 7
Successfully connected with higher ranked node: 7
Closing server socket: 4097
Clearing all tcp timers !
TCP-done for socket: 4097, err: -103

---------------- Connecting to lowed ranked nodes ! --------------
Adding new vt-tcp-socket !
Creating vt-tcp socket !
Connecting to lower ranked node: 5 at 10.1.38.54:10000
Connecting .. Socket: 4153, src-port: 40001
Socket: 4097 garbage collection
Freeing socket: 4097
Waking up connected socket !
Socket connect success. socket = 4153
Connecting through vt-tcp success !
Successfully connected to lower ranked node: 5 at 10.1.38.54:10000
Adding new vt-tcp-socket !
Creating vt-tcp socket !
Connecting to lower ranked node: 4 at 10.1.38.58:10000
Connecting .. Socket: 4154, src-port: 40002
Waking up connected socket !
Socket connect success. socket = 4154
Connecting through vt-tcp success !
Successfully connected to lower ranked node: 4 at 10.1.38.58:10000
Adding new vt-tcp-socket !
Creating vt-tcp socket !
Connecting to lower ranked node: 3 at 10.1.38.62:10000
Connecting .. Socket: 4155, src-port: 40003
Waking up connected socket !
Socket connect success. socket = 4155
Connecting through vt-tcp success !
Successfully connected to lower ranked node: 3 at 10.1.38.62:10000
Adding new vt-tcp-socket !
Creating vt-tcp socket !
Connecting to lower ranked node: 2 at 10.1.38.66:10000
Connecting .. Socket: 4156, src-port: 40004
Waking up connected socket !
Socket connect success. socket = 4156
Connecting through vt-tcp success !
Successfully connected to lower ranked node: 2 at 10.1.38.66:10000
Adding new vt-tcp-socket !
Creating vt-tcp socket !
Connecting to lower ranked node: 1 at 10.1.38.70:10000
Connecting .. Socket: 4157, src-port: 40005
Waking up connected socket !
Socket connect success. socket = 4157
Connecting through vt-tcp success !
Successfully connected to lower ranked node: 1 at 10.1.38.70:10000
Adding new vt-tcp-socket !
Creating vt-tcp socket !
Connecting to lower ranked node: 0 at 10.1.38.74:10000
Connecting .. Socket: 4158, src-port: 40006
Waking up connected socket !
Socket connect success. socket = 4158
Connecting through vt-tcp success !
Successfully connected to lower ranked node: 0 at 10.1.38.74:10000

---------------- Creating listen Thread ! --------------

---------------- MPI-Init success ! --------------
Waiting to receive partition information from master !
Adding new Thread: 8
Resuming new Thread with Burst of length: 5400
Process 6 computing itegral over my_a = 10.833333, my_b= 11.000000
Called SetLoopLookahead: init: 0, final: 100000000, step: 1, loopDepth: 0, cumulative-num-iterations: 100000000, look-ahead-ns: 518518496
Avg-Compute-Communication-Ratio = 2541.740196
Process 6 contributed MY_TOTAL = -nan, my_a = 10.833333, my_b= 11.000000
Integral: 0 computed

------------------------------------------------------------------------------
Waiting to receive partition information from master !
Process 6 computing itegral over my_a = 20.833333, my_b= 21.000000
Called SetLoopLookahead: init: 0, final: 100000000, step: 1, loopDepth: 0, cumulative-num-iterations: 100000000, look-ahead-ns: 518518496
Before rcv-wnd: seq: 1, rcv_nxt: 5
Before rcv-wnd: seq: 1, rcv_nxt: 5
Before rcv-wnd: seq: 1, rcv_nxt: 5
Before rcv-wnd: seq: 1, rcv_nxt: 5
Before rcv-wnd: seq: 1, rcv_nxt: 5
Before rcv-wnd: seq: 1, rcv_nxt: 5
tcp-rto: snd_una: 1, rto: 2000, backoff: 1
Avg-Compute-Communication-Ratio = 1975.283810
Process 6 contributed MY_TOTAL = -nan, my_a = 20.833333, my_b= 21.000000
Integral: 1 computed

------------------------------------------------------------------------------
Waiting to receive partition information from master !
Process 6 computing itegral over my_a = 30.833333, my_b= 31.000000
Called SetLoopLookahead: init: 0, final: 100000000, step: 1, loopDepth: 0, cumulative-num-iterations: 100000000, look-ahead-ns: 518518496
Avg-Compute-Communication-Ratio = 1827.895417
Process 6 contributed MY_TOTAL = -nan, my_a = 30.833333, my_b= 31.000000
Integral: 2 computed

------------------------------------------------------------------------------
Waiting to receive partition information from master !
Process 6 computing itegral over my_a = 40.833333, my_b= 41.000000
Called SetLoopLookahead: init: 0, final: 100000000, step: 1, loopDepth: 0, cumulative-num-iterations: 100000000, look-ahead-ns: 518518496
Avg-Compute-Communication-Ratio = 1765.152340
Process 6 contributed MY_TOTAL = -nan, my_a = 40.833333, my_b= 41.000000
Integral: 3 computed

------------------------------------------------------------------------------
Waiting to receive partition information from master !
Process 6 computing itegral over my_a = 50.833333, my_b= 51.000000
Called SetLoopLookahead: init: 0, final: 100000000, step: 1, loopDepth: 0, cumulative-num-iterations: 100000000, look-ahead-ns: 518518496
Avg-Compute-Communication-Ratio = 1733.000668
Process 6 contributed MY_TOTAL = -nan, my_a = 50.833333, my_b= 51.000000
Integral: 4 computed

------------------------------------------------------------------------------
Waiting to receive partition information from master !
Process 6 computing itegral over my_a = 60.833333, my_b= 61.000000
Called SetLoopLookahead: init: 0, final: 100000000, step: 1, loopDepth: 0, cumulative-num-iterations: 100000000, look-ahead-ns: 518518496
Avg-Compute-Communication-Ratio = 1710.326553
Process 6 contributed MY_TOTAL = -nan, my_a = 60.833333, my_b= 61.000000
Integral: 5 computed

------------------------------------------------------------------------------
Waiting to receive partition information from master !
Process 6 computing itegral over my_a = 70.833333, my_b= 71.000000
Called SetLoopLookahead: init: 0, final: 100000000, step: 1, loopDepth: 0, cumulative-num-iterations: 100000000, look-ahead-ns: 518518496
Avg-Compute-Communication-Ratio = 1691.332246
Process 6 contributed MY_TOTAL = -nan, my_a = 70.833333, my_b= 71.000000
Integral: 6 computed

------------------------------------------------------------------------------
Waiting to receive partition information from master !
Process 6 computing itegral over my_a = 80.833333, my_b= 81.000000
Called SetLoopLookahead: init: 0, final: 100000000, step: 1, loopDepth: 0, cumulative-num-iterations: 100000000, look-ahead-ns: 518518496
Avg-Compute-Communication-Ratio = 1678.718737
Process 6 contributed MY_TOTAL = -nan, my_a = 80.833333, my_b= 81.000000
Integral: 7 computed

------------------------------------------------------------------------------
Waiting to receive partition information from master !
Process 6 computing itegral over my_a = 90.833333, my_b= 91.000000
Called SetLoopLookahead: init: 0, final: 100000000, step: 1, loopDepth: 0, cumulative-num-iterations: 100000000, look-ahead-ns: 518518496
Avg-Compute-Communication-Ratio = 1666.653214
Process 6 contributed MY_TOTAL = -nan, my_a = 90.833333, my_b= 91.000000
Integral: 8 computed

------------------------------------------------------------------------------
Waiting to receive partition information from master !
Process 6 computing itegral over my_a = 100.833333, my_b= 101.000000
Called SetLoopLookahead: init: 0, final: 100000000, step: 1, loopDepth: 0, cumulative-num-iterations: 100000000, look-ahead-ns: 518518496
Avg-Compute-Communication-Ratio = 1662.437961
Process 6 contributed MY_TOTAL = -nan, my_a = 100.833333, my_b= 101.000000
Integral: 9 computed

------------------------------------------------------------------------------
Waiting to receive partition information from master !
Process 6 computing itegral over my_a = 110.833333, my_b= 111.000000
Called SetLoopLookahead: init: 0, final: 100000000, step: 1, loopDepth: 0, cumulative-num-iterations: 100000000, look-ahead-ns: 518518496
Avg-Compute-Communication-Ratio = 1654.193445
Process 6 contributed MY_TOTAL = -nan, my_a = 110.833333, my_b= 111.000000
Integral: 10 computed

------------------------------------------------------------------------------
Waiting to receive partition information from master !
Process 6 computing itegral over my_a = 120.833333, my_b= 121.000000
Called SetLoopLookahead: init: 0, final: 100000000, step: 1, loopDepth: 0, cumulative-num-iterations: 100000000, look-ahead-ns: 518518496
Avg-Compute-Communication-Ratio = 1651.758428
Process 6 contributed MY_TOTAL = -nan, my_a = 120.833333, my_b= 121.000000
Integral: 11 computed

------------------------------------------------------------------------------
Waiting to receive partition information from master !
Process 6 computing itegral over my_a = 130.833333, my_b= 131.000000
Called SetLoopLookahead: init: 0, final: 100000000, step: 1, loopDepth: 0, cumulative-num-iterations: 100000000, look-ahead-ns: 518518496
Avg-Compute-Communication-Ratio = 1648.090465
Process 6 contributed MY_TOTAL = -nan, my_a = 130.833333, my_b= 131.000000
Integral: 12 computed

------------------------------------------------------------------------------
Waiting to receive partition information from master !
Process 6 computing itegral over my_a = 140.833333, my_b= 141.000000
Called SetLoopLookahead: init: 0, final: 100000000, step: 1, loopDepth: 0, cumulative-num-iterations: 100000000, look-ahead-ns: 518518496
Avg-Compute-Communication-Ratio = 1646.078231
Process 6 contributed MY_TOTAL = -nan, my_a = 140.833333, my_b= 141.000000
Integral: 13 computed

------------------------------------------------------------------------------
Waiting to receive partition information from master !
Process 6 computing itegral over my_a = 150.833333, my_b= 151.000000
Called SetLoopLookahead: init: 0, final: 100000000, step: 1, loopDepth: 0, cumulative-num-iterations: 100000000, look-ahead-ns: 518518496
Avg-Compute-Communication-Ratio = 1642.601901
Process 6 contributed MY_TOTAL = -nan, my_a = 150.833333, my_b= 151.000000
Integral: 14 computed

------------------------------------------------------------------------------
Waiting to receive partition information from master !
Process 6 computing itegral over my_a = 160.833333, my_b= 161.000000
Called SetLoopLookahead: init: 0, final: 100000000, step: 1, loopDepth: 0, cumulative-num-iterations: 100000000, look-ahead-ns: 518518496
Avg-Compute-Communication-Ratio = 1637.953603
Process 6 contributed MY_TOTAL = -nan, my_a = 160.833333, my_b= 161.000000
Integral: 15 computed

------------------------------------------------------------------------------
Waiting to receive partition information from master !
Process 6 computing itegral over my_a = 170.833333, my_b= 171.000000
Called SetLoopLookahead: init: 0, final: 100000000, step: 1, loopDepth: 0, cumulative-num-iterations: 100000000, look-ahead-ns: 518518496
Avg-Compute-Communication-Ratio = 1638.733965
Process 6 contributed MY_TOTAL = -nan, my_a = 170.833333, my_b= 171.000000
Integral: 16 computed

------------------------------------------------------------------------------
Waiting to receive partition information from master !
Process 6 computing itegral over my_a = 180.833333, my_b= 181.000000
Called SetLoopLookahead: init: 0, final: 100000000, step: 1, loopDepth: 0, cumulative-num-iterations: 100000000, look-ahead-ns: 518518496
Avg-Compute-Communication-Ratio = 1637.989645
Process 6 contributed MY_TOTAL = -nan, my_a = 180.833333, my_b= 181.000000
Integral: 17 computed

------------------------------------------------------------------------------
Waiting to receive partition information from master !
Process 6 computing itegral over my_a = 190.833333, my_b= 191.000000
Called SetLoopLookahead: init: 0, final: 100000000, step: 1, loopDepth: 0, cumulative-num-iterations: 100000000, look-ahead-ns: 518518496
Avg-Compute-Communication-Ratio = 1636.780362
Process 6 contributed MY_TOTAL = -nan, my_a = 190.833333, my_b= 191.000000
Integral: 18 computed

------------------------------------------------------------------------------
Waiting to receive partition information from master !
Process 6 computing itegral over my_a = 200.833333, my_b= 201.000000
Called SetLoopLookahead: init: 0, final: 100000000, step: 1, loopDepth: 0, cumulative-num-iterations: 100000000, look-ahead-ns: 518518496
Avg-Compute-Communication-Ratio = 1635.951412
Process 6 contributed MY_TOTAL = -nan, my_a = 200.833333, my_b= 201.000000
Integral: 19 computed

------------------------------------------------------------------------------
Waiting to receive partition information from master !
Process 6 computing itegral over my_a = 210.833333, my_b= 211.000000
Called SetLoopLookahead: init: 0, final: 100000000, step: 1, loopDepth: 0, cumulative-num-iterations: 100000000, look-ahead-ns: 518518496
Avg-Compute-Communication-Ratio = 1635.939153
Process 6 contributed MY_TOTAL = -nan, my_a = 210.833333, my_b= 211.000000
Integral: 20 computed

------------------------------------------------------------------------------
Waiting to receive partition information from master !
Process 6 computing itegral over my_a = 220.833333, my_b= 221.000000
Called SetLoopLookahead: init: 0, final: 100000000, step: 1, loopDepth: 0, cumulative-num-iterations: 100000000, look-ahead-ns: 518518496
Avg-Compute-Communication-Ratio = 1632.883768
Process 6 contributed MY_TOTAL = -nan, my_a = 220.833333, my_b= 221.000000
Integral: 21 computed

------------------------------------------------------------------------------
Waiting to receive partition information from master !
Process 6 computing itegral over my_a = 230.833333, my_b= 231.000000
Called SetLoopLookahead: init: 0, final: 100000000, step: 1, loopDepth: 0, cumulative-num-iterations: 100000000, look-ahead-ns: 518518496
Avg-Compute-Communication-Ratio = 1632.111811
Process 6 contributed MY_TOTAL = -nan, my_a = 230.833333, my_b= 231.000000
Integral: 22 computed

------------------------------------------------------------------------------
Waiting to receive partition information from master !
Process 6 computing itegral over my_a = 240.833333, my_b= 241.000000
Called SetLoopLookahead: init: 0, final: 100000000, step: 1, loopDepth: 0, cumulative-num-iterations: 100000000, look-ahead-ns: 518518496
Avg-Compute-Communication-Ratio = 1630.977195
Process 6 contributed MY_TOTAL = -nan, my_a = 240.833333, my_b= 241.000000
Integral: 23 computed

------------------------------------------------------------------------------
Waiting to receive partition information from master !
Process 6 computing itegral over my_a = 250.833333, my_b= 251.000000
Called SetLoopLookahead: init: 0, final: 100000000, step: 1, loopDepth: 0, cumulative-num-iterations: 100000000, look-ahead-ns: 518518496
Avg-Compute-Communication-Ratio = 1629.934867
Process 6 contributed MY_TOTAL = -nan, my_a = 250.833333, my_b= 251.000000
Integral: 24 computed

------------------------------------------------------------------------------
Waiting to receive partition information from master !
Process 6 computing itegral over my_a = 260.833333, my_b= 261.000000
Called SetLoopLookahead: init: 0, final: 100000000, step: 1, loopDepth: 0, cumulative-num-iterations: 100000000, look-ahead-ns: 518518496
Avg-Compute-Communication-Ratio = 1630.352763
Process 6 contributed MY_TOTAL = -nan, my_a = 260.833333, my_b= 261.000000
Integral: 25 computed

------------------------------------------------------------------------------
Waiting to receive partition information from master !
Process 6 computing itegral over my_a = 270.833333, my_b= 271.000000
Called SetLoopLookahead: init: 0, final: 100000000, step: 1, loopDepth: 0, cumulative-num-iterations: 100000000, look-ahead-ns: 518518496
Avg-Compute-Communication-Ratio = 1628.653094
Process 6 contributed MY_TOTAL = -nan, my_a = 270.833333, my_b= 271.000000
Integral: 26 computed

------------------------------------------------------------------------------
Waiting to receive partition information from master !
Process 6 computing itegral over my_a = 280.833333, my_b= 281.000000
Called SetLoopLookahead: init: 0, final: 100000000, step: 1, loopDepth: 0, cumulative-num-iterations: 100000000, look-ahead-ns: 518518496
Avg-Compute-Communication-Ratio = 1628.903512
Process 6 contributed MY_TOTAL = -nan, my_a = 280.833333, my_b= 281.000000
Integral: 27 computed

------------------------------------------------------------------------------
Waiting to receive partition information from master !
Process 6 computing itegral over my_a = 290.833333, my_b= 291.000000
Called SetLoopLookahead: init: 0, final: 100000000, step: 1, loopDepth: 0, cumulative-num-iterations: 100000000, look-ahead-ns: 518518496
Avg-Compute-Communication-Ratio = 1627.373593
Process 6 contributed MY_TOTAL = -nan, my_a = 290.833333, my_b= 291.000000
Integral: 28 computed

------------------------------------------------------------------------------
Waiting to receive partition information from master !
Process 6 computing itegral over my_a = 300.833333, my_b= 301.000000
Called SetLoopLookahead: init: 0, final: 100000000, step: 1, loopDepth: 0, cumulative-num-iterations: 100000000, look-ahead-ns: 518518496
Avg-Compute-Communication-Ratio = 1625.948260
Process 6 contributed MY_TOTAL = -nan, my_a = 300.833333, my_b= 301.000000
Integral: 29 computed

------------------------------------------------------------------------------
Waiting to receive partition information from master !
Process 6 computing itegral over my_a = 310.833333, my_b= 311.000000
Called SetLoopLookahead: init: 0, final: 100000000, step: 1, loopDepth: 0, cumulative-num-iterations: 100000000, look-ahead-ns: 518518496
Avg-Compute-Communication-Ratio = 1625.931924
Process 6 contributed MY_TOTAL = -nan, my_a = 310.833333, my_b= 311.000000
Integral: 30 computed

------------------------------------------------------------------------------
Waiting to receive partition information from master !
Process 6 computing itegral over my_a = 320.833333, my_b= 321.000000
Called SetLoopLookahead: init: 0, final: 100000000, step: 1, loopDepth: 0, cumulative-num-iterations: 100000000, look-ahead-ns: 518518496
Avg-Compute-Communication-Ratio = 1625.120274
Process 6 contributed MY_TOTAL = -nan, my_a = 320.833333, my_b= 321.000000
Integral: 31 computed

------------------------------------------------------------------------------
Waiting to receive partition information from master !
Process 6 computing itegral over my_a = 330.833333, my_b= 331.000000
Called SetLoopLookahead: init: 0, final: 100000000, step: 1, loopDepth: 0, cumulative-num-iterations: 100000000, look-ahead-ns: 518518496
Avg-Compute-Communication-Ratio = 1625.129927
Process 6 contributed MY_TOTAL = -nan, my_a = 330.833333, my_b= 331.000000
Integral: 32 computed

------------------------------------------------------------------------------
Waiting to receive partition information from master !
Process 6 computing itegral over my_a = 340.833333, my_b= 341.000000
Called SetLoopLookahead: init: 0, final: 100000000, step: 1, loopDepth: 0, cumulative-num-iterations: 100000000, look-ahead-ns: 518518496
Avg-Compute-Communication-Ratio = 1624.839447
Process 6 contributed MY_TOTAL = -nan, my_a = 340.833333, my_b= 341.000000
Integral: 33 computed

------------------------------------------------------------------------------
Waiting to receive partition information from master !
Process 6 computing itegral over my_a = 350.833333, my_b= 351.000000
Called SetLoopLookahead: init: 0, final: 100000000, step: 1, loopDepth: 0, cumulative-num-iterations: 100000000, look-ahead-ns: 518518496
Avg-Compute-Communication-Ratio = 1625.147578
Process 6 contributed MY_TOTAL = -nan, my_a = 350.833333, my_b= 351.000000
Integral: 34 computed

------------------------------------------------------------------------------
Waiting to receive partition information from master !
Process 6 computing itegral over my_a = 360.833333, my_b= 361.000000
Called SetLoopLookahead: init: 0, final: 100000000, step: 1, loopDepth: 0, cumulative-num-iterations: 100000000, look-ahead-ns: 518518496
Avg-Compute-Communication-Ratio = 1624.589904
Process 6 contributed MY_TOTAL = -nan, my_a = 360.833333, my_b= 361.000000
Integral: 35 computed

------------------------------------------------------------------------------
Waiting to receive partition information from master !
Process 6 computing itegral over my_a = 370.833333, my_b= 371.000000
Called SetLoopLookahead: init: 0, final: 100000000, step: 1, loopDepth: 0, cumulative-num-iterations: 100000000, look-ahead-ns: 518518496
Avg-Compute-Communication-Ratio = 1624.612922
Process 6 contributed MY_TOTAL = -nan, my_a = 370.833333, my_b= 371.000000
Integral: 36 computed

------------------------------------------------------------------------------
Waiting to receive partition information from master !
Process 6 computing itegral over my_a = 380.833333, my_b= 381.000000
Called SetLoopLookahead: init: 0, final: 100000000, step: 1, loopDepth: 0, cumulative-num-iterations: 100000000, look-ahead-ns: 518518496
Avg-Compute-Communication-Ratio = 1624.500701
Process 6 contributed MY_TOTAL = -nan, my_a = 380.833333, my_b= 381.000000
Integral: 37 computed

------------------------------------------------------------------------------
Waiting to receive partition information from master !
Process 6 computing itegral over my_a = 390.833333, my_b= 391.000000
Called SetLoopLookahead: init: 0, final: 100000000, step: 1, loopDepth: 0, cumulative-num-iterations: 100000000, look-ahead-ns: 518518496
Exp finishing. Stopping stack thread with id: 6!

------------------------- ACTUAL STDOUT FROM EXECUTABLE ENDED -----------------------------

Process: 6 exiting VT experiment !
Main thread exiting. PID = 6
