Attempting to set static arp entries ...
Tracer: 9 >> Using SRC IP: 10.1.38.186 for any spawned virtual tcp-stacks
Tracer: 9 >> Updating firewall rules to drop outgoing TCP-RST packets
Attempting to set firewall rules ...
Tracer: 9 >> CMD TO RUN: /home/vignesh/VT-S3FNet/csudp/mpi_integral/mpi_int 8 61 10.1.38.186 > /home/vignesh/VT-S3FNet/experiment-data/MPI_LA_Enabled_nemus_61_mpi_int/worker8.log
args[0] = /home/vignesh/VT-S3FNet/csudp/mpi_integral/mpi_int
args[1] = 8
args[2] = 61
args[3] = 10.1.38.186
Setting appropriate environment variables ...
HOME DIRECTORY : /home/vignesh
Parsing TTN config file: /home/vignesh/.ttn/projects.db
Setting VT_L1_INS_CACHE_MISS_CYCLES to: 100
Setting VT_L1_INS_CACHE_LINES to: 64
Setting VT_L1_INS_CACHE_SIZE_KB to: 32
Setting VT_L1_INS_CACHE_ASSOC to: 8
Setting VT_L1_INS_CACHE_REPLACEMENT_POLICY to: LRU
Setting VT_L1_DATA_CACHE_MISS_CYCLES to: 100
Setting VT_L1_DATA_CACHE_LINES to: 64
Setting VT_L1_DATA_CACHE_SIZE_KB to: 32
Setting VT_L1_DATA_CACHE_ASSOC to: 8
Setting VT_L1_DATA_CACHE_REPLACEMENT_POLICY to: LRU
Setting VT_CPU_CYLES_NS to: 2.700000
Setting VT_NIC_SPEED_MBPS to: 1000.000000
Setting VT_TIMING_MODEL to: EMPIRICAL
Setting VT_BBL_LOOKAHEAD_FILE to: /home/vignesh/VT-S3FNet/csudp/mpi_integral/.ttn/lookahead/bbl_lookahead.info
Setting VT_LOOP_LOOKAHEAD_FILE to: /home/vignesh/VT-S3FNet/csudp/mpi_integral/.ttn/lookahead/loop_lookahead.info
Starting command: /home/vignesh/VT-S3FNet/csudp/mpi_integral/mpi_int
Loading orig functions !
Starting executable with Pid = 6
Loading pointers to VTL Logic functions
Loaded pointers to all VTL Logic functions
Now Initializing VT-Management 
Extracting env variables !
Extracted tracer-id: 9
Extracted exp-type: 2
Extracted cpu-cycles-ns: 2.700000
Extracted socket-layer-ip: -1171914486
Starting VT-initialization !
Tracer-ID: 9, Timeline-ID: 9
Tracer registration for EXP_CS complete. TimelineID = 9, Return = 9
Tracer Adding to SQ. Tracer ID = 9
Parsing any provided lookahead information ...
Opening file: /home/vignesh/VT-S3FNet/csudp/mpi_integral/.ttn/lookahead/bbl_lookahead.info
File size: 176
mapped memblock size: 176
Finish offset: 18, Number of values: 18
Returning success !
Loaded BBL lookaheads for 18 basic blocks ...
Opening file: /home/vignesh/VT-S3FNet/csudp/mpi_integral/.ttn/lookahead/loop_lookahead.info
File size: 40
mapped memblock size: 40
Finish offset: 1, Number of values: 1
Returning success !
Loaded Loop lookaheads for 1 loops ...
VT initialization successfull !
Finished Initializing VT-Management 
Initializing TCP-stack ...
TCP stack unique-id: 96
Starting virtual socket layer stack-thread !
Pthread_create: vtStackThread special case
Successfully initialized VTL-Logic embedded into the executable

------------------------- ACTUAL STDOUT FROM EXECUTABLE STARTS -----------------------------

Rank = 8, Total = 61, IP = 10.1.38.186
Adding new vt-tcp-socket !
Creating vt-tcp socket !
bind through vt-tcp !
Server socket bound to ip:port: 10.1.38.186:10000
Waiting for OK message from other nodes !
Waiting for OK message !
listen through vt-tcp !
Accept through vt-tcp !
Successfully received OK message !

---------------- Waiting for higher ranked nodes to connect --------------
listen through vt-tcp !
Accepting connection from higher ranked node: 60
Accept through vt-tcp !
Accepted connection from higher ranked node: 60
Successfully connected with higher ranked node: 60
Accepting connection from higher ranked node: 59
Accept through vt-tcp !
Accepted connection from higher ranked node: 59
Successfully connected with higher ranked node: 59
Accepting connection from higher ranked node: 58
Accept through vt-tcp !
Accepted connection from higher ranked node: 58
Successfully connected with higher ranked node: 58
Accepting connection from higher ranked node: 57
Accept through vt-tcp !
Accepted connection from higher ranked node: 57
Successfully connected with higher ranked node: 57
Accepting connection from higher ranked node: 56
Accept through vt-tcp !
Accepted connection from higher ranked node: 56
Successfully connected with higher ranked node: 56
Accepting connection from higher ranked node: 55
Accept through vt-tcp !
Accepted connection from higher ranked node: 55
Successfully connected with higher ranked node: 55
Accepting connection from higher ranked node: 54
Accept through vt-tcp !
Accepted connection from higher ranked node: 54
Successfully connected with higher ranked node: 54
Accepting connection from higher ranked node: 53
Accept through vt-tcp !
Accepted connection from higher ranked node: 53
Successfully connected with higher ranked node: 53
Accepting connection from higher ranked node: 52
Accept through vt-tcp !
Accepted connection from higher ranked node: 52
Successfully connected with higher ranked node: 52
Accepting connection from higher ranked node: 51
Accept through vt-tcp !
Accepted connection from higher ranked node: 51
Successfully connected with higher ranked node: 51
Accepting connection from higher ranked node: 50
Accept through vt-tcp !
Accepted connection from higher ranked node: 50
Successfully connected with higher ranked node: 50
Accepting connection from higher ranked node: 49
Accept through vt-tcp !
Accepted connection from higher ranked node: 49
Successfully connected with higher ranked node: 49
Accepting connection from higher ranked node: 48
Accept through vt-tcp !
Accepted connection from higher ranked node: 48
Successfully connected with higher ranked node: 48
Accepting connection from higher ranked node: 47
Accept through vt-tcp !
Accepted connection from higher ranked node: 47
Successfully connected with higher ranked node: 47
Accepting connection from higher ranked node: 46
Accept through vt-tcp !
Accepted connection from higher ranked node: 46
Successfully connected with higher ranked node: 46
Accepting connection from higher ranked node: 45
Accept through vt-tcp !
Accepted connection from higher ranked node: 45
Successfully connected with higher ranked node: 45
Accepting connection from higher ranked node: 44
Accept through vt-tcp !
Accepted connection from higher ranked node: 44
Successfully connected with higher ranked node: 44
Accepting connection from higher ranked node: 43
Accept through vt-tcp !
Accepted connection from higher ranked node: 43
Successfully connected with higher ranked node: 43
Accepting connection from higher ranked node: 42
Accept through vt-tcp !
Accepted connection from higher ranked node: 42
Successfully connected with higher ranked node: 42
Accepting connection from higher ranked node: 41
Accept through vt-tcp !
Accepted connection from higher ranked node: 41
Successfully connected with higher ranked node: 41
Accepting connection from higher ranked node: 40
Accept through vt-tcp !
Accepted connection from higher ranked node: 40
Successfully connected with higher ranked node: 40
Accepting connection from higher ranked node: 39
Accept through vt-tcp !
Accepted connection from higher ranked node: 39
Successfully connected with higher ranked node: 39
Accepting connection from higher ranked node: 38
Accept through vt-tcp !
Accepted connection from higher ranked node: 38
Successfully connected with higher ranked node: 38
Accepting connection from higher ranked node: 37
Accept through vt-tcp !
Accepted connection from higher ranked node: 37
Successfully connected with higher ranked node: 37
Accepting connection from higher ranked node: 36
Accept through vt-tcp !
Accepted connection from higher ranked node: 36
Successfully connected with higher ranked node: 36
Accepting connection from higher ranked node: 35
Accept through vt-tcp !
Accepted connection from higher ranked node: 35
Successfully connected with higher ranked node: 35
Accepting connection from higher ranked node: 34
Accept through vt-tcp !
Accepted connection from higher ranked node: 34
Successfully connected with higher ranked node: 34
Accepting connection from higher ranked node: 33
Accept through vt-tcp !
Accepted connection from higher ranked node: 33
Successfully connected with higher ranked node: 33
Accepting connection from higher ranked node: 32
Accept through vt-tcp !
Accepted connection from higher ranked node: 32
Successfully connected with higher ranked node: 32
Accepting connection from higher ranked node: 31
Accept through vt-tcp !
Accepted connection from higher ranked node: 31
Successfully connected with higher ranked node: 31
Accepting connection from higher ranked node: 30
Accept through vt-tcp !
Accepted connection from higher ranked node: 30
Successfully connected with higher ranked node: 30
Accepting connection from higher ranked node: 29
Accept through vt-tcp !
Accepted connection from higher ranked node: 29
Successfully connected with higher ranked node: 29
Accepting connection from higher ranked node: 28
Accept through vt-tcp !
Accepted connection from higher ranked node: 28
Successfully connected with higher ranked node: 28
Accepting connection from higher ranked node: 27
Accept through vt-tcp !
Accepted connection from higher ranked node: 27
Successfully connected with higher ranked node: 27
Accepting connection from higher ranked node: 26
Accept through vt-tcp !
Accepted connection from higher ranked node: 26
Successfully connected with higher ranked node: 26
Accepting connection from higher ranked node: 25
Accept through vt-tcp !
Accepted connection from higher ranked node: 25
Successfully connected with higher ranked node: 25
Accepting connection from higher ranked node: 24
Accept through vt-tcp !
Accepted connection from higher ranked node: 24
Successfully connected with higher ranked node: 24
Accepting connection from higher ranked node: 23
Accept through vt-tcp !
Accepted connection from higher ranked node: 23
Successfully connected with higher ranked node: 23
Accepting connection from higher ranked node: 22
Accept through vt-tcp !
Accepted connection from higher ranked node: 22
Successfully connected with higher ranked node: 22
Accepting connection from higher ranked node: 21
Accept through vt-tcp !
Accepted connection from higher ranked node: 21
Successfully connected with higher ranked node: 21
Accepting connection from higher ranked node: 20
Accept through vt-tcp !
Accepted connection from higher ranked node: 20
Successfully connected with higher ranked node: 20
Accepting connection from higher ranked node: 19
Accept through vt-tcp !
Accepted connection from higher ranked node: 19
Successfully connected with higher ranked node: 19
Accepting connection from higher ranked node: 18
Accept through vt-tcp !
Accepted connection from higher ranked node: 18
Successfully connected with higher ranked node: 18
Accepting connection from higher ranked node: 17
Accept through vt-tcp !
Accepted connection from higher ranked node: 17
Successfully connected with higher ranked node: 17
Accepting connection from higher ranked node: 16
Accept through vt-tcp !
Accepted connection from higher ranked node: 16
Successfully connected with higher ranked node: 16
Accepting connection from higher ranked node: 15
Accept through vt-tcp !
Accepted connection from higher ranked node: 15
Successfully connected with higher ranked node: 15
Accepting connection from higher ranked node: 14
Accept through vt-tcp !
Accepted connection from higher ranked node: 14
Successfully connected with higher ranked node: 14
Accepting connection from higher ranked node: 13
Accept through vt-tcp !
Accepted connection from higher ranked node: 13
Successfully connected with higher ranked node: 13
Accepting connection from higher ranked node: 12
Accept through vt-tcp !
Accepted connection from higher ranked node: 12
Successfully connected with higher ranked node: 12
Accepting connection from higher ranked node: 11
Accept through vt-tcp !
Accepted connection from higher ranked node: 11
Successfully connected with higher ranked node: 11
Accepting connection from higher ranked node: 10
Accept through vt-tcp !
Accepted connection from higher ranked node: 10
Successfully connected with higher ranked node: 10
Accepting connection from higher ranked node: 9
Accept through vt-tcp !
Accepted connection from higher ranked node: 9
Successfully connected with higher ranked node: 9
Closing server socket: 4097
Clearing all tcp timers !
TCP-done for socket: 4097, err: -103

---------------- Connecting to lowed ranked nodes ! --------------
Adding new vt-tcp-socket !
Creating vt-tcp socket !
Connecting to lower ranked node: 7 at 10.1.38.82:10000
Connecting .. Socket: 4151, src-port: 40001
Socket: 4097 garbage collection
Freeing socket: 4097
Waking up connected socket !
Socket connect success. socket = 4151
Connecting through vt-tcp success !
Successfully connected to lower ranked node: 7 at 10.1.38.82:10000
Adding new vt-tcp-socket !
Creating vt-tcp socket !
Connecting to lower ranked node: 6 at 10.1.38.50:10000
Connecting .. Socket: 4152, src-port: 40002
Waking up connected socket !
Socket connect success. socket = 4152
Connecting through vt-tcp success !
Successfully connected to lower ranked node: 6 at 10.1.38.50:10000
Adding new vt-tcp-socket !
Creating vt-tcp socket !
Connecting to lower ranked node: 5 at 10.1.38.54:10000
Connecting .. Socket: 4153, src-port: 40003
Waking up connected socket !
Socket connect success. socket = 4153
Connecting through vt-tcp success !
Successfully connected to lower ranked node: 5 at 10.1.38.54:10000
Adding new vt-tcp-socket !
Creating vt-tcp socket !
Connecting to lower ranked node: 4 at 10.1.38.58:10000
Connecting .. Socket: 4154, src-port: 40004
Waking up connected socket !
Socket connect success. socket = 4154
Connecting through vt-tcp success !
Successfully connected to lower ranked node: 4 at 10.1.38.58:10000
Adding new vt-tcp-socket !
Creating vt-tcp socket !
Connecting to lower ranked node: 3 at 10.1.38.62:10000
Connecting .. Socket: 4155, src-port: 40005
Waking up connected socket !
Socket connect success. socket = 4155
Connecting through vt-tcp success !
Successfully connected to lower ranked node: 3 at 10.1.38.62:10000
Adding new vt-tcp-socket !
Creating vt-tcp socket !
Connecting to lower ranked node: 2 at 10.1.38.66:10000
Connecting .. Socket: 4156, src-port: 40006
Waking up connected socket !
Socket connect success. socket = 4156
Connecting through vt-tcp success !
Successfully connected to lower ranked node: 2 at 10.1.38.66:10000
Adding new vt-tcp-socket !
Creating vt-tcp socket !
Connecting to lower ranked node: 1 at 10.1.38.70:10000
Connecting .. Socket: 4157, src-port: 40007
Waking up connected socket !
Socket connect success. socket = 4157
Connecting through vt-tcp success !
Successfully connected to lower ranked node: 1 at 10.1.38.70:10000
Adding new vt-tcp-socket !
Creating vt-tcp socket !
Connecting to lower ranked node: 0 at 10.1.38.74:10000
Connecting .. Socket: 4158, src-port: 40008
Waking up connected socket !
Socket connect success. socket = 4158
Connecting through vt-tcp success !
Successfully connected to lower ranked node: 0 at 10.1.38.74:10000

---------------- Creating listen Thread ! --------------

---------------- MPI-Init success ! --------------
Waiting to receive partition information from master !
Adding new Thread: 8
Resuming new Thread with Burst of length: 5400
Process 8 computing itegral over my_a = 11.166667, my_b= 11.333333
Called SetLoopLookahead: init: 0, final: 100000000, step: 1, loopDepth: 0, cumulative-num-iterations: 100000000, look-ahead-ns: 518518496
Avg-Compute-Communication-Ratio = 3302.643312
Process 8 contributed MY_TOTAL = -nan, my_a = 11.166667, my_b= 11.333333
Integral: 0 computed

------------------------------------------------------------------------------
Waiting to receive partition information from master !
Process 8 computing itegral over my_a = 21.166667, my_b= 21.333333
Called SetLoopLookahead: init: 0, final: 100000000, step: 1, loopDepth: 0, cumulative-num-iterations: 100000000, look-ahead-ns: 518518496
Before rcv-wnd: seq: 1, rcv_nxt: 5
Before rcv-wnd: seq: 1, rcv_nxt: 5
Before rcv-wnd: seq: 1, rcv_nxt: 5
Before rcv-wnd: seq: 1, rcv_nxt: 5
tcp-rto: snd_una: 1, rto: 2000, backoff: 1
tcp-rto: snd_una: 1, rto: 2000, backoff: 1
Avg-Compute-Communication-Ratio = 2169.506276
Process 8 contributed MY_TOTAL = -nan, my_a = 21.166667, my_b= 21.333333
Integral: 1 computed

------------------------------------------------------------------------------
Waiting to receive partition information from master !
Process 8 computing itegral over my_a = 31.166667, my_b= 31.333333
Called SetLoopLookahead: init: 0, final: 100000000, step: 1, loopDepth: 0, cumulative-num-iterations: 100000000, look-ahead-ns: 518518496
Avg-Compute-Communication-Ratio = 1939.574813
Process 8 contributed MY_TOTAL = -nan, my_a = 31.166667, my_b= 31.333333
Integral: 2 computed

------------------------------------------------------------------------------
Waiting to receive partition information from master !
Process 8 computing itegral over my_a = 41.166667, my_b= 41.333333
Called SetLoopLookahead: init: 0, final: 100000000, step: 1, loopDepth: 0, cumulative-num-iterations: 100000000, look-ahead-ns: 518518496
Avg-Compute-Communication-Ratio = 1858.471326
Process 8 contributed MY_TOTAL = -nan, my_a = 41.166667, my_b= 41.333333
Integral: 3 computed

------------------------------------------------------------------------------
Waiting to receive partition information from master !
Process 8 computing itegral over my_a = 51.166667, my_b= 51.333333
Called SetLoopLookahead: init: 0, final: 100000000, step: 1, loopDepth: 0, cumulative-num-iterations: 100000000, look-ahead-ns: 518518496
Avg-Compute-Communication-Ratio = 1789.212560
Process 8 contributed MY_TOTAL = -nan, my_a = 51.166667, my_b= 51.333333
Integral: 4 computed

------------------------------------------------------------------------------
Waiting to receive partition information from master !
Process 8 computing itegral over my_a = 61.166667, my_b= 61.333333
Called SetLoopLookahead: init: 0, final: 100000000, step: 1, loopDepth: 0, cumulative-num-iterations: 100000000, look-ahead-ns: 518518496
Avg-Compute-Communication-Ratio = 1755.690745
Process 8 contributed MY_TOTAL = -nan, my_a = 61.166667, my_b= 61.333333
Integral: 5 computed

------------------------------------------------------------------------------
Waiting to receive partition information from master !
Process 8 computing itegral over my_a = 71.166667, my_b= 71.333333
Called SetLoopLookahead: init: 0, final: 100000000, step: 1, loopDepth: 0, cumulative-num-iterations: 100000000, look-ahead-ns: 518518496
Avg-Compute-Communication-Ratio = 1730.853124
Process 8 contributed MY_TOTAL = -nan, my_a = 71.166667, my_b= 71.333333
Integral: 6 computed

------------------------------------------------------------------------------
Waiting to receive partition information from master !
Process 8 computing itegral over my_a = 81.166667, my_b= 81.333333
Called SetLoopLookahead: init: 0, final: 100000000, step: 1, loopDepth: 0, cumulative-num-iterations: 100000000, look-ahead-ns: 518518496
Avg-Compute-Communication-Ratio = 1712.681255
Process 8 contributed MY_TOTAL = -nan, my_a = 81.166667, my_b= 81.333333
Integral: 7 computed

------------------------------------------------------------------------------
Waiting to receive partition information from master !
Process 8 computing itegral over my_a = 91.166667, my_b= 91.333333
Called SetLoopLookahead: init: 0, final: 100000000, step: 1, loopDepth: 0, cumulative-num-iterations: 100000000, look-ahead-ns: 518518496
Avg-Compute-Communication-Ratio = 1700.046995
Process 8 contributed MY_TOTAL = -nan, my_a = 91.166667, my_b= 91.333333
Integral: 8 computed

------------------------------------------------------------------------------
Waiting to receive partition information from master !
Process 8 computing itegral over my_a = 101.166667, my_b= 101.333333
Called SetLoopLookahead: init: 0, final: 100000000, step: 1, loopDepth: 0, cumulative-num-iterations: 100000000, look-ahead-ns: 518518496
Avg-Compute-Communication-Ratio = 1685.677503
Process 8 contributed MY_TOTAL = -nan, my_a = 101.166667, my_b= 101.333333
Integral: 9 computed

------------------------------------------------------------------------------
Waiting to receive partition information from master !
Process 8 computing itegral over my_a = 111.166667, my_b= 111.333333
Called SetLoopLookahead: init: 0, final: 100000000, step: 1, loopDepth: 0, cumulative-num-iterations: 100000000, look-ahead-ns: 518518496
Avg-Compute-Communication-Ratio = 1681.999115
Process 8 contributed MY_TOTAL = -nan, my_a = 111.166667, my_b= 111.333333
Integral: 10 computed

------------------------------------------------------------------------------
Waiting to receive partition information from master !
Process 8 computing itegral over my_a = 121.166667, my_b= 121.333333
Called SetLoopLookahead: init: 0, final: 100000000, step: 1, loopDepth: 0, cumulative-num-iterations: 100000000, look-ahead-ns: 518518496
Avg-Compute-Communication-Ratio = 1673.527165
Process 8 contributed MY_TOTAL = -nan, my_a = 121.166667, my_b= 121.333333
Integral: 11 computed

------------------------------------------------------------------------------
Waiting to receive partition information from master !
Process 8 computing itegral over my_a = 131.166667, my_b= 131.333333
Called SetLoopLookahead: init: 0, final: 100000000, step: 1, loopDepth: 0, cumulative-num-iterations: 100000000, look-ahead-ns: 518518496
Avg-Compute-Communication-Ratio = 1668.074734
Process 8 contributed MY_TOTAL = -nan, my_a = 131.166667, my_b= 131.333333
Integral: 12 computed

------------------------------------------------------------------------------
Waiting to receive partition information from master !
Process 8 computing itegral over my_a = 141.166667, my_b= 141.333333
Called SetLoopLookahead: init: 0, final: 100000000, step: 1, loopDepth: 0, cumulative-num-iterations: 100000000, look-ahead-ns: 518518496
Avg-Compute-Communication-Ratio = 1664.573492
Process 8 contributed MY_TOTAL = -nan, my_a = 141.166667, my_b= 141.333333
Integral: 13 computed

------------------------------------------------------------------------------
Waiting to receive partition information from master !
Process 8 computing itegral over my_a = 151.166667, my_b= 151.333333
Called SetLoopLookahead: init: 0, final: 100000000, step: 1, loopDepth: 0, cumulative-num-iterations: 100000000, look-ahead-ns: 518518496
Avg-Compute-Communication-Ratio = 1658.362473
Process 8 contributed MY_TOTAL = -nan, my_a = 151.166667, my_b= 151.333333
Integral: 14 computed

------------------------------------------------------------------------------
Waiting to receive partition information from master !
Process 8 computing itegral over my_a = 161.166667, my_b= 161.333333
Called SetLoopLookahead: init: 0, final: 100000000, step: 1, loopDepth: 0, cumulative-num-iterations: 100000000, look-ahead-ns: 518518496
Avg-Compute-Communication-Ratio = 1655.274342
Process 8 contributed MY_TOTAL = -nan, my_a = 161.166667, my_b= 161.333333
Integral: 15 computed

------------------------------------------------------------------------------
Waiting to receive partition information from master !
Process 8 computing itegral over my_a = 171.166667, my_b= 171.333333
Called SetLoopLookahead: init: 0, final: 100000000, step: 1, loopDepth: 0, cumulative-num-iterations: 100000000, look-ahead-ns: 518518496
Avg-Compute-Communication-Ratio = 1653.178920
Process 8 contributed MY_TOTAL = -nan, my_a = 171.166667, my_b= 171.333333
Integral: 16 computed

------------------------------------------------------------------------------
Waiting to receive partition information from master !
Process 8 computing itegral over my_a = 181.166667, my_b= 181.333333
Called SetLoopLookahead: init: 0, final: 100000000, step: 1, loopDepth: 0, cumulative-num-iterations: 100000000, look-ahead-ns: 518518496
Avg-Compute-Communication-Ratio = 1651.028657
Process 8 contributed MY_TOTAL = -nan, my_a = 181.166667, my_b= 181.333333
Integral: 17 computed

------------------------------------------------------------------------------
Waiting to receive partition information from master !
Process 8 computing itegral over my_a = 191.166667, my_b= 191.333333
Called SetLoopLookahead: init: 0, final: 100000000, step: 1, loopDepth: 0, cumulative-num-iterations: 100000000, look-ahead-ns: 518518496
Avg-Compute-Communication-Ratio = 1650.767594
Process 8 contributed MY_TOTAL = -nan, my_a = 191.166667, my_b= 191.333333
Integral: 18 computed

------------------------------------------------------------------------------
Waiting to receive partition information from master !
Process 8 computing itegral over my_a = 201.166667, my_b= 201.333333
Called SetLoopLookahead: init: 0, final: 100000000, step: 1, loopDepth: 0, cumulative-num-iterations: 100000000, look-ahead-ns: 518518496
Avg-Compute-Communication-Ratio = 1649.744830
Process 8 contributed MY_TOTAL = -nan, my_a = 201.166667, my_b= 201.333333
Integral: 19 computed

------------------------------------------------------------------------------
Waiting to receive partition information from master !
Process 8 computing itegral over my_a = 211.166667, my_b= 211.333333
Called SetLoopLookahead: init: 0, final: 100000000, step: 1, loopDepth: 0, cumulative-num-iterations: 100000000, look-ahead-ns: 518518496
Avg-Compute-Communication-Ratio = 1647.573158
Process 8 contributed MY_TOTAL = -nan, my_a = 211.166667, my_b= 211.333333
Integral: 20 computed

------------------------------------------------------------------------------
Waiting to receive partition information from master !
Process 8 computing itegral over my_a = 221.166667, my_b= 221.333333
Called SetLoopLookahead: init: 0, final: 100000000, step: 1, loopDepth: 0, cumulative-num-iterations: 100000000, look-ahead-ns: 518518496
Avg-Compute-Communication-Ratio = 1644.417760
Process 8 contributed MY_TOTAL = -nan, my_a = 221.166667, my_b= 221.333333
Integral: 21 computed

------------------------------------------------------------------------------
Waiting to receive partition information from master !
Process 8 computing itegral over my_a = 231.166667, my_b= 231.333333
Called SetLoopLookahead: init: 0, final: 100000000, step: 1, loopDepth: 0, cumulative-num-iterations: 100000000, look-ahead-ns: 518518496
Avg-Compute-Communication-Ratio = 1643.130477
Process 8 contributed MY_TOTAL = -nan, my_a = 231.166667, my_b= 231.333333
Integral: 22 computed

------------------------------------------------------------------------------
Waiting to receive partition information from master !
Process 8 computing itegral over my_a = 241.166667, my_b= 241.333333
Called SetLoopLookahead: init: 0, final: 100000000, step: 1, loopDepth: 0, cumulative-num-iterations: 100000000, look-ahead-ns: 518518496
Avg-Compute-Communication-Ratio = 1640.653395
Process 8 contributed MY_TOTAL = -nan, my_a = 241.166667, my_b= 241.333333
Integral: 23 computed

------------------------------------------------------------------------------
Waiting to receive partition information from master !
Process 8 computing itegral over my_a = 251.166667, my_b= 251.333333
Called SetLoopLookahead: init: 0, final: 100000000, step: 1, loopDepth: 0, cumulative-num-iterations: 100000000, look-ahead-ns: 518518496
Avg-Compute-Communication-Ratio = 1641.285389
Process 8 contributed MY_TOTAL = -nan, my_a = 251.166667, my_b= 251.333333
Integral: 24 computed

------------------------------------------------------------------------------
Waiting to receive partition information from master !
Process 8 computing itegral over my_a = 261.166667, my_b= 261.333333
Called SetLoopLookahead: init: 0, final: 100000000, step: 1, loopDepth: 0, cumulative-num-iterations: 100000000, look-ahead-ns: 518518496
Avg-Compute-Communication-Ratio = 1639.672464
Process 8 contributed MY_TOTAL = -nan, my_a = 261.166667, my_b= 261.333333
Integral: 25 computed

------------------------------------------------------------------------------
Waiting to receive partition information from master !
Process 8 computing itegral over my_a = 271.166667, my_b= 271.333333
Called SetLoopLookahead: init: 0, final: 100000000, step: 1, loopDepth: 0, cumulative-num-iterations: 100000000, look-ahead-ns: 518518496
Avg-Compute-Communication-Ratio = 1638.757111
Process 8 contributed MY_TOTAL = -nan, my_a = 271.166667, my_b= 271.333333
Integral: 26 computed

------------------------------------------------------------------------------
Waiting to receive partition information from master !
Process 8 computing itegral over my_a = 281.166667, my_b= 281.333333
Called SetLoopLookahead: init: 0, final: 100000000, step: 1, loopDepth: 0, cumulative-num-iterations: 100000000, look-ahead-ns: 518518496
Avg-Compute-Communication-Ratio = 1637.169260
Process 8 contributed MY_TOTAL = -nan, my_a = 281.166667, my_b= 281.333333
Integral: 27 computed

------------------------------------------------------------------------------
Waiting to receive partition information from master !
Process 8 computing itegral over my_a = 291.166667, my_b= 291.333333
Called SetLoopLookahead: init: 0, final: 100000000, step: 1, loopDepth: 0, cumulative-num-iterations: 100000000, look-ahead-ns: 518518496
Avg-Compute-Communication-Ratio = 1635.693680
Process 8 contributed MY_TOTAL = -nan, my_a = 291.166667, my_b= 291.333333
Integral: 28 computed

------------------------------------------------------------------------------
Waiting to receive partition information from master !
Process 8 computing itegral over my_a = 301.166667, my_b= 301.333333
Called SetLoopLookahead: init: 0, final: 100000000, step: 1, loopDepth: 0, cumulative-num-iterations: 100000000, look-ahead-ns: 518518496
Avg-Compute-Communication-Ratio = 1634.318870
Process 8 contributed MY_TOTAL = -nan, my_a = 301.166667, my_b= 301.333333
Integral: 29 computed

------------------------------------------------------------------------------
Waiting to receive partition information from master !
Process 8 computing itegral over my_a = 311.166667, my_b= 311.333333
Called SetLoopLookahead: init: 0, final: 100000000, step: 1, loopDepth: 0, cumulative-num-iterations: 100000000, look-ahead-ns: 518518496
Avg-Compute-Communication-Ratio = 1633.366833
Process 8 contributed MY_TOTAL = -nan, my_a = 311.166667, my_b= 311.333333
Integral: 30 computed

------------------------------------------------------------------------------
Waiting to receive partition information from master !
Process 8 computing itegral over my_a = 321.166667, my_b= 321.333333
Called SetLoopLookahead: init: 0, final: 100000000, step: 1, loopDepth: 0, cumulative-num-iterations: 100000000, look-ahead-ns: 518518496
Avg-Compute-Communication-Ratio = 1632.957189
Process 8 contributed MY_TOTAL = -nan, my_a = 321.166667, my_b= 321.333333
Integral: 31 computed

------------------------------------------------------------------------------
Waiting to receive partition information from master !
Process 8 computing itegral over my_a = 331.166667, my_b= 331.333333
Called SetLoopLookahead: init: 0, final: 100000000, step: 1, loopDepth: 0, cumulative-num-iterations: 100000000, look-ahead-ns: 518518496
Avg-Compute-Communication-Ratio = 1632.416810
Process 8 contributed MY_TOTAL = -nan, my_a = 331.166667, my_b= 331.333333
Integral: 32 computed

------------------------------------------------------------------------------
Waiting to receive partition information from master !
Process 8 computing itegral over my_a = 341.166667, my_b= 341.333333
Called SetLoopLookahead: init: 0, final: 100000000, step: 1, loopDepth: 0, cumulative-num-iterations: 100000000, look-ahead-ns: 518518496
Avg-Compute-Communication-Ratio = 1632.210721
Process 8 contributed MY_TOTAL = -nan, my_a = 341.166667, my_b= 341.333333
Integral: 33 computed

------------------------------------------------------------------------------
Waiting to receive partition information from master !
Process 8 computing itegral over my_a = 351.166667, my_b= 351.333333
Called SetLoopLookahead: init: 0, final: 100000000, step: 1, loopDepth: 0, cumulative-num-iterations: 100000000, look-ahead-ns: 518518496
Avg-Compute-Communication-Ratio = 1632.016457
Process 8 contributed MY_TOTAL = -nan, my_a = 351.166667, my_b= 351.333333
Integral: 34 computed

------------------------------------------------------------------------------
Waiting to receive partition information from master !
Process 8 computing itegral over my_a = 361.166667, my_b= 361.333333
Called SetLoopLookahead: init: 0, final: 100000000, step: 1, loopDepth: 0, cumulative-num-iterations: 100000000, look-ahead-ns: 518518496
Avg-Compute-Communication-Ratio = 1631.262606
Process 8 contributed MY_TOTAL = -nan, my_a = 361.166667, my_b= 361.333333
Integral: 35 computed

------------------------------------------------------------------------------
Waiting to receive partition information from master !
Process 8 computing itegral over my_a = 371.166667, my_b= 371.333333
Called SetLoopLookahead: init: 0, final: 100000000, step: 1, loopDepth: 0, cumulative-num-iterations: 100000000, look-ahead-ns: 518518496
Avg-Compute-Communication-Ratio = 1631.104744
Process 8 contributed MY_TOTAL = -nan, my_a = 371.166667, my_b= 371.333333
Integral: 36 computed

------------------------------------------------------------------------------
Waiting to receive partition information from master !
Process 8 computing itegral over my_a = 381.166667, my_b= 381.333333
Called SetLoopLookahead: init: 0, final: 100000000, step: 1, loopDepth: 0, cumulative-num-iterations: 100000000, look-ahead-ns: 518518496
Avg-Compute-Communication-Ratio = 1631.090149
Process 8 contributed MY_TOTAL = -nan, my_a = 381.166667, my_b= 381.333333
Integral: 37 computed

------------------------------------------------------------------------------
Waiting to receive partition information from master !
Process 8 computing itegral over my_a = 391.166667, my_b= 391.333333
Called SetLoopLookahead: init: 0, final: 100000000, step: 1, loopDepth: 0, cumulative-num-iterations: 100000000, look-ahead-ns: 518518496
Exp finishing. Stopping stack thread with id: 6!

------------------------- ACTUAL STDOUT FROM EXECUTABLE ENDED -----------------------------

Process: 6 exiting VT experiment !
Main thread exiting. PID = 6
