Attempting to set static arp entries ...
Tracer: 3 >> Using SRC IP: 10.1.38.66 for any spawned virtual tcp-stacks
Tracer: 3 >> Updating firewall rules to drop outgoing TCP-RST packets
Attempting to set firewall rules ...
Tracer: 3 >> CMD TO RUN: /home/vignesh/VT-S3FNet/csudp/mpi_integral/mpi_int 2 61 10.1.38.66 > /home/vignesh/VT-S3FNet/experiment-data/MPI_LA_Enabled_nemus_61_mpi_int/worker2.log
args[0] = /home/vignesh/VT-S3FNet/csudp/mpi_integral/mpi_int
args[1] = 2
args[2] = 61
args[3] = 10.1.38.66
Setting appropriate environment variables ...
HOME DIRECTORY : /home/vignesh
Parsing TTN config file: /home/vignesh/.ttn/projects.db
Setting VT_L1_INS_CACHE_MISS_CYCLES to: 100
Setting VT_L1_INS_CACHE_LINES to: 64
Setting VT_L1_INS_CACHE_SIZE_KB to: 32
Setting VT_L1_INS_CACHE_ASSOC to: 8
Setting VT_L1_INS_CACHE_REPLACEMENT_POLICY to: LRU
Setting VT_L1_DATA_CACHE_MISS_CYCLES to: 100
Setting VT_L1_DATA_CACHE_LINES to: 64
Setting VT_L1_DATA_CACHE_SIZE_KB to: 32
Setting VT_L1_DATA_CACHE_ASSOC to: 8
Setting VT_L1_DATA_CACHE_REPLACEMENT_POLICY to: LRU
Setting VT_CPU_CYLES_NS to: 2.700000
Setting VT_NIC_SPEED_MBPS to: 1000.000000
Setting VT_TIMING_MODEL to: EMPIRICAL
Setting VT_BBL_LOOKAHEAD_FILE to: /home/vignesh/VT-S3FNet/csudp/mpi_integral/.ttn/lookahead/bbl_lookahead.info
Setting VT_LOOP_LOOKAHEAD_FILE to: /home/vignesh/VT-S3FNet/csudp/mpi_integral/.ttn/lookahead/loop_lookahead.info
Starting command: /home/vignesh/VT-S3FNet/csudp/mpi_integral/mpi_int
Loading orig functions !
Starting executable with Pid = 6
Loading pointers to VTL Logic functions
Loaded pointers to all VTL Logic functions
Now Initializing VT-Management 
Extracting env variables !
Extracted tracer-id: 3
Extracted exp-type: 2
Extracted cpu-cycles-ns: 2.700000
Extracted socket-layer-ip: 1109786890
Starting VT-initialization !
Tracer-ID: 3, Timeline-ID: 3
Tracer registration for EXP_CS complete. TimelineID = 3, Return = 3
Tracer Adding to SQ. Tracer ID = 3
Parsing any provided lookahead information ...
Opening file: /home/vignesh/VT-S3FNet/csudp/mpi_integral/.ttn/lookahead/bbl_lookahead.info
File size: 176
mapped memblock size: 176
Finish offset: 18, Number of values: 18
Returning success !
Loaded BBL lookaheads for 18 basic blocks ...
Opening file: /home/vignesh/VT-S3FNet/csudp/mpi_integral/.ttn/lookahead/loop_lookahead.info
File size: 40
mapped memblock size: 40
Finish offset: 1, Number of values: 1
Returning success !
Loaded Loop lookaheads for 1 loops ...
VT initialization successfull !
Finished Initializing VT-Management 
Initializing TCP-stack ...
TCP stack unique-id: 36
Starting virtual socket layer stack-thread !
Pthread_create: vtStackThread special case
Successfully initialized VTL-Logic embedded into the executable

------------------------- ACTUAL STDOUT FROM EXECUTABLE STARTS -----------------------------

Rank = 2, Total = 61, IP = 10.1.38.66
Adding new vt-tcp-socket !
Creating vt-tcp socket !
bind through vt-tcp !
Server socket bound to ip:port: 10.1.38.66:10000
Waiting for OK message from other nodes !
Waiting for OK message !
listen through vt-tcp !
Accept through vt-tcp !
Successfully received OK message !

---------------- Waiting for higher ranked nodes to connect --------------
listen through vt-tcp !
Accepting connection from higher ranked node: 60
Accept through vt-tcp !
Entering time-wait from FIN_WAIT_2
Clearing all tcp timers !
Adding TcpLinger !
Accepted connection from higher ranked node: 60
Successfully connected with higher ranked node: 60
Accepting connection from higher ranked node: 59
Accept through vt-tcp !
Accepted connection from higher ranked node: 59
Successfully connected with higher ranked node: 59
Accepting connection from higher ranked node: 58
Accept through vt-tcp !
Accepted connection from higher ranked node: 58
Successfully connected with higher ranked node: 58
Accepting connection from higher ranked node: 57
Accept through vt-tcp !
Accepted connection from higher ranked node: 57
Successfully connected with higher ranked node: 57
Accepting connection from higher ranked node: 56
Accept through vt-tcp !
Accepted connection from higher ranked node: 56
Successfully connected with higher ranked node: 56
Accepting connection from higher ranked node: 55
Accept through vt-tcp !
Accepted connection from higher ranked node: 55
Successfully connected with higher ranked node: 55
Accepting connection from higher ranked node: 54
Accept through vt-tcp !
Accepted connection from higher ranked node: 54
Successfully connected with higher ranked node: 54
Accepting connection from higher ranked node: 53
Accept through vt-tcp !
Accepted connection from higher ranked node: 53
Successfully connected with higher ranked node: 53
Accepting connection from higher ranked node: 52
Accept through vt-tcp !
Accepted connection from higher ranked node: 52
Successfully connected with higher ranked node: 52
Accepting connection from higher ranked node: 51
Accept through vt-tcp !
Accepted connection from higher ranked node: 51
Successfully connected with higher ranked node: 51
Accepting connection from higher ranked node: 50
Accept through vt-tcp !
Accepted connection from higher ranked node: 50
Successfully connected with higher ranked node: 50
Accepting connection from higher ranked node: 49
Accept through vt-tcp !
Accepted connection from higher ranked node: 49
Successfully connected with higher ranked node: 49
Accepting connection from higher ranked node: 48
Accept through vt-tcp !
Accepted connection from higher ranked node: 48
Successfully connected with higher ranked node: 48
Accepting connection from higher ranked node: 47
Accept through vt-tcp !
Accepted connection from higher ranked node: 47
Successfully connected with higher ranked node: 47
Accepting connection from higher ranked node: 46
Accept through vt-tcp !
Accepted connection from higher ranked node: 46
Successfully connected with higher ranked node: 46
Accepting connection from higher ranked node: 45
Accept through vt-tcp !
Accepted connection from higher ranked node: 45
Successfully connected with higher ranked node: 45
Accepting connection from higher ranked node: 44
Accept through vt-tcp !
Accepted connection from higher ranked node: 44
Successfully connected with higher ranked node: 44
Accepting connection from higher ranked node: 43
Accept through vt-tcp !
Accepted connection from higher ranked node: 43
Successfully connected with higher ranked node: 43
Accepting connection from higher ranked node: 42
Accept through vt-tcp !
Accepted connection from higher ranked node: 42
Successfully connected with higher ranked node: 42
Accepting connection from higher ranked node: 41
Accept through vt-tcp !
Accepted connection from higher ranked node: 41
Successfully connected with higher ranked node: 41
Accepting connection from higher ranked node: 40
Accept through vt-tcp !
Accepted connection from higher ranked node: 40
Successfully connected with higher ranked node: 40
Accepting connection from higher ranked node: 39
Accept through vt-tcp !
Accepted connection from higher ranked node: 39
Successfully connected with higher ranked node: 39
Accepting connection from higher ranked node: 38
Accept through vt-tcp !
Accepted connection from higher ranked node: 38
Successfully connected with higher ranked node: 38
Accepting connection from higher ranked node: 37
Accept through vt-tcp !
Accepted connection from higher ranked node: 37
Successfully connected with higher ranked node: 37
Accepting connection from higher ranked node: 36
Accept through vt-tcp !
Accepted connection from higher ranked node: 36
Successfully connected with higher ranked node: 36
Accepting connection from higher ranked node: 35
Accept through vt-tcp !
Accepted connection from higher ranked node: 35
Successfully connected with higher ranked node: 35
Accepting connection from higher ranked node: 34
Accept through vt-tcp !
Accepted connection from higher ranked node: 34
Successfully connected with higher ranked node: 34
Accepting connection from higher ranked node: 33
Accept through vt-tcp !
Accepted connection from higher ranked node: 33
Successfully connected with higher ranked node: 33
Accepting connection from higher ranked node: 32
Accept through vt-tcp !
Accepted connection from higher ranked node: 32
Successfully connected with higher ranked node: 32
Accepting connection from higher ranked node: 31
Accept through vt-tcp !
Accepted connection from higher ranked node: 31
Successfully connected with higher ranked node: 31
Accepting connection from higher ranked node: 30
Accept through vt-tcp !
Accepted connection from higher ranked node: 30
Successfully connected with higher ranked node: 30
Accepting connection from higher ranked node: 29
Accept through vt-tcp !
Accepted connection from higher ranked node: 29
Successfully connected with higher ranked node: 29
Accepting connection from higher ranked node: 28
Accept through vt-tcp !
Accepted connection from higher ranked node: 28
Successfully connected with higher ranked node: 28
Accepting connection from higher ranked node: 27
Accept through vt-tcp !
Accepted connection from higher ranked node: 27
Successfully connected with higher ranked node: 27
Accepting connection from higher ranked node: 26
Accept through vt-tcp !
Accepted connection from higher ranked node: 26
Successfully connected with higher ranked node: 26
Accepting connection from higher ranked node: 25
Accept through vt-tcp !
Accepted connection from higher ranked node: 25
Successfully connected with higher ranked node: 25
Accepting connection from higher ranked node: 24
Accept through vt-tcp !
Accepted connection from higher ranked node: 24
Successfully connected with higher ranked node: 24
Accepting connection from higher ranked node: 23
Accept through vt-tcp !
Accepted connection from higher ranked node: 23
Successfully connected with higher ranked node: 23
Accepting connection from higher ranked node: 22
Accept through vt-tcp !
Accepted connection from higher ranked node: 22
Successfully connected with higher ranked node: 22
Accepting connection from higher ranked node: 21
Accept through vt-tcp !
Accepted connection from higher ranked node: 21
Successfully connected with higher ranked node: 21
Accepting connection from higher ranked node: 20
Accept through vt-tcp !
Accepted connection from higher ranked node: 20
Successfully connected with higher ranked node: 20
Accepting connection from higher ranked node: 19
Accept through vt-tcp !
Accepted connection from higher ranked node: 19
Successfully connected with higher ranked node: 19
Accepting connection from higher ranked node: 18
Accept through vt-tcp !
Accepted connection from higher ranked node: 18
Successfully connected with higher ranked node: 18
Accepting connection from higher ranked node: 17
Accept through vt-tcp !
Accepted connection from higher ranked node: 17
Successfully connected with higher ranked node: 17
Accepting connection from higher ranked node: 16
Accept through vt-tcp !
Accepted connection from higher ranked node: 16
Successfully connected with higher ranked node: 16
Accepting connection from higher ranked node: 15
Accept through vt-tcp !
Accepted connection from higher ranked node: 15
Successfully connected with higher ranked node: 15
Accepting connection from higher ranked node: 14
Accept through vt-tcp !
Accepted connection from higher ranked node: 14
Successfully connected with higher ranked node: 14
Accepting connection from higher ranked node: 13
Accept through vt-tcp !
Accepted connection from higher ranked node: 13
Successfully connected with higher ranked node: 13
Accepting connection from higher ranked node: 12
Accept through vt-tcp !
Accepted connection from higher ranked node: 12
Successfully connected with higher ranked node: 12
Accepting connection from higher ranked node: 11
Accept through vt-tcp !
Accepted connection from higher ranked node: 11
Successfully connected with higher ranked node: 11
Accepting connection from higher ranked node: 10
Accept through vt-tcp !
Accepted connection from higher ranked node: 10
Successfully connected with higher ranked node: 10
Accepting connection from higher ranked node: 9
Accept through vt-tcp !
Accepted connection from higher ranked node: 9
Successfully connected with higher ranked node: 9
Accepting connection from higher ranked node: 8
Accept through vt-tcp !
Accepted connection from higher ranked node: 8
Successfully connected with higher ranked node: 8
Accepting connection from higher ranked node: 7
Accept through vt-tcp !
Accepted connection from higher ranked node: 7
Successfully connected with higher ranked node: 7
Accepting connection from higher ranked node: 6
Accept through vt-tcp !
Accepted connection from higher ranked node: 6
Successfully connected with higher ranked node: 6
Accepting connection from higher ranked node: 5
Accept through vt-tcp !
Accepted connection from higher ranked node: 5
Successfully connected with higher ranked node: 5
Accepting connection from higher ranked node: 4
Accept through vt-tcp !
Accepted connection from higher ranked node: 4
Successfully connected with higher ranked node: 4
Accepting connection from higher ranked node: 3
Accept through vt-tcp !
Accepted connection from higher ranked node: 3
Successfully connected with higher ranked node: 3
Closing server socket: 4097
Clearing all tcp timers !
TCP-done for socket: 4097, err: -103

---------------- Connecting to lowed ranked nodes ! --------------
Adding new vt-tcp-socket !
Creating vt-tcp socket !
Connecting to lower ranked node: 1 at 10.1.38.70:10000
Connecting .. Socket: 4157, src-port: 40001
Socket: 4097 garbage collection
Freeing socket: 4097
Waking up connected socket !
Socket connect success. socket = 4157
Connecting through vt-tcp success !
Successfully connected to lower ranked node: 1 at 10.1.38.70:10000
Adding new vt-tcp-socket !
Creating vt-tcp socket !
Connecting to lower ranked node: 0 at 10.1.38.74:10000
Connecting .. Socket: 4158, src-port: 40002
Waking up connected socket !
Socket connect success. socket = 4158
Connecting through vt-tcp success !
Successfully connected to lower ranked node: 0 at 10.1.38.74:10000

---------------- Creating listen Thread ! --------------

---------------- MPI-Init success ! --------------
Waiting to receive partition information from master !
Adding new Thread: 8
Resuming new Thread with Burst of length: 5400
Process 2 computing itegral over my_a = 10.166667, my_b= 10.333333
Called SetLoopLookahead: init: 0, final: 100000000, step: 1, loopDepth: 0, cumulative-num-iterations: 100000000, look-ahead-ns: 518518496
tcp-linger 
Clearing all tcp timers !
TCP-done for socket: 4098, err: -110
Socket: 4098 garbage collection
Freeing socket: 4098
Avg-Compute-Communication-Ratio = 4757.018349
Process 2 contributed MY_TOTAL = -nan, my_a = 10.166667, my_b= 10.333333
Integral: 0 computed

------------------------------------------------------------------------------
Waiting to receive partition information from master !
Process 2 computing itegral over my_a = 20.166667, my_b= 20.333333
Called SetLoopLookahead: init: 0, final: 100000000, step: 1, loopDepth: 0, cumulative-num-iterations: 100000000, look-ahead-ns: 518518496
Before rcv-wnd: seq: 1, rcv_nxt: 5
Before rcv-wnd: seq: 1, rcv_nxt: 5
Before rcv-wnd: seq: 1, rcv_nxt: 5
Before rcv-wnd: seq: 1, rcv_nxt: 5
Before rcv-wnd: seq: 1, rcv_nxt: 5
Before rcv-wnd: seq: 1, rcv_nxt: 5
Before rcv-wnd: seq: 1, rcv_nxt: 5
Before rcv-wnd: seq: 1, rcv_nxt: 5
Avg-Compute-Communication-Ratio = 2422.953271
Process 2 contributed MY_TOTAL = -nan, my_a = 20.166667, my_b= 20.333333
Integral: 1 computed

------------------------------------------------------------------------------
Waiting to receive partition information from master !
Process 2 computing itegral over my_a = 30.166667, my_b= 30.333333
Called SetLoopLookahead: init: 0, final: 100000000, step: 1, loopDepth: 0, cumulative-num-iterations: 100000000, look-ahead-ns: 518518496
Avg-Compute-Communication-Ratio = 2068.535904
Process 2 contributed MY_TOTAL = -nan, my_a = 30.166667, my_b= 30.333333
Integral: 2 computed

------------------------------------------------------------------------------
Waiting to receive partition information from master !
Process 2 computing itegral over my_a = 40.166667, my_b= 40.333333
Called SetLoopLookahead: init: 0, final: 100000000, step: 1, loopDepth: 0, cumulative-num-iterations: 100000000, look-ahead-ns: 518518496
Avg-Compute-Communication-Ratio = 1927.559480
Process 2 contributed MY_TOTAL = -nan, my_a = 40.166667, my_b= 40.333333
Integral: 3 computed

------------------------------------------------------------------------------
Waiting to receive partition information from master !
Process 2 computing itegral over my_a = 50.166667, my_b= 50.333333
Called SetLoopLookahead: init: 0, final: 100000000, step: 1, loopDepth: 0, cumulative-num-iterations: 100000000, look-ahead-ns: 518518496
Avg-Compute-Communication-Ratio = 1855.811739
Process 2 contributed MY_TOTAL = -nan, my_a = 50.166667, my_b= 50.333333
Integral: 4 computed

------------------------------------------------------------------------------
Waiting to receive partition information from master !
Process 2 computing itegral over my_a = 60.166667, my_b= 60.333333
Called SetLoopLookahead: init: 0, final: 100000000, step: 1, loopDepth: 0, cumulative-num-iterations: 100000000, look-ahead-ns: 518518496
Avg-Compute-Communication-Ratio = 1806.668990
Process 2 contributed MY_TOTAL = -nan, my_a = 60.166667, my_b= 60.333333
Integral: 5 computed

------------------------------------------------------------------------------
Waiting to receive partition information from master !
Process 2 computing itegral over my_a = 70.166667, my_b= 70.333333
Called SetLoopLookahead: init: 0, final: 100000000, step: 1, loopDepth: 0, cumulative-num-iterations: 100000000, look-ahead-ns: 518518496
Avg-Compute-Communication-Ratio = 1774.865037
Process 2 contributed MY_TOTAL = -nan, my_a = 70.166667, my_b= 70.333333
Integral: 6 computed

------------------------------------------------------------------------------
Waiting to receive partition information from master !
Process 2 computing itegral over my_a = 80.166667, my_b= 80.333333
Called SetLoopLookahead: init: 0, final: 100000000, step: 1, loopDepth: 0, cumulative-num-iterations: 100000000, look-ahead-ns: 518518496
Avg-Compute-Communication-Ratio = 1748.783305
Process 2 contributed MY_TOTAL = -nan, my_a = 80.166667, my_b= 80.333333
Integral: 7 computed

------------------------------------------------------------------------------
Waiting to receive partition information from master !
Process 2 computing itegral over my_a = 90.166667, my_b= 90.333333
Called SetLoopLookahead: init: 0, final: 100000000, step: 1, loopDepth: 0, cumulative-num-iterations: 100000000, look-ahead-ns: 518518496
Avg-Compute-Communication-Ratio = 1729.021489
Process 2 contributed MY_TOTAL = -nan, my_a = 90.166667, my_b= 90.333333
Integral: 8 computed

------------------------------------------------------------------------------
Waiting to receive partition information from master !
Process 2 computing itegral over my_a = 100.166667, my_b= 100.333333
Called SetLoopLookahead: init: 0, final: 100000000, step: 1, loopDepth: 0, cumulative-num-iterations: 100000000, look-ahead-ns: 518518496
Avg-Compute-Communication-Ratio = 1715.798809
Process 2 contributed MY_TOTAL = -nan, my_a = 100.166667, my_b= 100.333333
Integral: 9 computed

------------------------------------------------------------------------------
Waiting to receive partition information from master !
Process 2 computing itegral over my_a = 110.166667, my_b= 110.333333
Called SetLoopLookahead: init: 0, final: 100000000, step: 1, loopDepth: 0, cumulative-num-iterations: 100000000, look-ahead-ns: 518518496
Avg-Compute-Communication-Ratio = 1705.129746
Process 2 contributed MY_TOTAL = -nan, my_a = 110.166667, my_b= 110.333333
Integral: 10 computed

------------------------------------------------------------------------------
Waiting to receive partition information from master !
Process 2 computing itegral over my_a = 120.166667, my_b= 120.333333
Called SetLoopLookahead: init: 0, final: 100000000, step: 1, loopDepth: 0, cumulative-num-iterations: 100000000, look-ahead-ns: 518518496
Avg-Compute-Communication-Ratio = 1696.339695
Process 2 contributed MY_TOTAL = -nan, my_a = 120.166667, my_b= 120.333333
Integral: 11 computed

------------------------------------------------------------------------------
Waiting to receive partition information from master !
Process 2 computing itegral over my_a = 130.166667, my_b= 130.333333
Called SetLoopLookahead: init: 0, final: 100000000, step: 1, loopDepth: 0, cumulative-num-iterations: 100000000, look-ahead-ns: 518518496
Avg-Compute-Communication-Ratio = 1688.972689
Process 2 contributed MY_TOTAL = -nan, my_a = 130.166667, my_b= 130.333333
Integral: 12 computed

------------------------------------------------------------------------------
Waiting to receive partition information from master !
Process 2 computing itegral over my_a = 140.166667, my_b= 140.333333
Called SetLoopLookahead: init: 0, final: 100000000, step: 1, loopDepth: 0, cumulative-num-iterations: 100000000, look-ahead-ns: 518518496
Avg-Compute-Communication-Ratio = 1683.879610
Process 2 contributed MY_TOTAL = -nan, my_a = 140.166667, my_b= 140.333333
Integral: 13 computed

------------------------------------------------------------------------------
Waiting to receive partition information from master !
Process 2 computing itegral over my_a = 150.166667, my_b= 150.333333
Called SetLoopLookahead: init: 0, final: 100000000, step: 1, loopDepth: 0, cumulative-num-iterations: 100000000, look-ahead-ns: 518518496
Avg-Compute-Communication-Ratio = 1676.955584
Process 2 contributed MY_TOTAL = -nan, my_a = 150.166667, my_b= 150.333333
Integral: 14 computed

------------------------------------------------------------------------------
Waiting to receive partition information from master !
Process 2 computing itegral over my_a = 160.166667, my_b= 160.333333
Called SetLoopLookahead: init: 0, final: 100000000, step: 1, loopDepth: 0, cumulative-num-iterations: 100000000, look-ahead-ns: 518518496
Avg-Compute-Communication-Ratio = 1672.628024
Process 2 contributed MY_TOTAL = -nan, my_a = 160.166667, my_b= 160.333333
Integral: 15 computed

------------------------------------------------------------------------------
Waiting to receive partition information from master !
Process 2 computing itegral over my_a = 170.166667, my_b= 170.333333
Called SetLoopLookahead: init: 0, final: 100000000, step: 1, loopDepth: 0, cumulative-num-iterations: 100000000, look-ahead-ns: 518518496
Avg-Compute-Communication-Ratio = 1668.828095
Process 2 contributed MY_TOTAL = -nan, my_a = 170.166667, my_b= 170.333333
Integral: 16 computed

------------------------------------------------------------------------------
Waiting to receive partition information from master !
Process 2 computing itegral over my_a = 180.166667, my_b= 180.333333
Called SetLoopLookahead: init: 0, final: 100000000, step: 1, loopDepth: 0, cumulative-num-iterations: 100000000, look-ahead-ns: 518518496
Avg-Compute-Communication-Ratio = 1666.952134
Process 2 contributed MY_TOTAL = -nan, my_a = 180.166667, my_b= 180.333333
Integral: 17 computed

------------------------------------------------------------------------------
Waiting to receive partition information from master !
Process 2 computing itegral over my_a = 190.166667, my_b= 190.333333
Called SetLoopLookahead: init: 0, final: 100000000, step: 1, loopDepth: 0, cumulative-num-iterations: 100000000, look-ahead-ns: 518518496
Avg-Compute-Communication-Ratio = 1664.714600
Process 2 contributed MY_TOTAL = -nan, my_a = 190.166667, my_b= 190.333333
Integral: 18 computed

------------------------------------------------------------------------------
Waiting to receive partition information from master !
Process 2 computing itegral over my_a = 200.166667, my_b= 200.333333
Called SetLoopLookahead: init: 0, final: 100000000, step: 1, loopDepth: 0, cumulative-num-iterations: 100000000, look-ahead-ns: 518518496
Avg-Compute-Communication-Ratio = 1661.373919
Process 2 contributed MY_TOTAL = -nan, my_a = 200.166667, my_b= 200.333333
Integral: 19 computed

------------------------------------------------------------------------------
Waiting to receive partition information from master !
Process 2 computing itegral over my_a = 210.166667, my_b= 210.333333
Called SetLoopLookahead: init: 0, final: 100000000, step: 1, loopDepth: 0, cumulative-num-iterations: 100000000, look-ahead-ns: 518518496
Avg-Compute-Communication-Ratio = 1660.132795
Process 2 contributed MY_TOTAL = -nan, my_a = 210.166667, my_b= 210.333333
Integral: 20 computed

------------------------------------------------------------------------------
Waiting to receive partition information from master !
Process 2 computing itegral over my_a = 220.166667, my_b= 220.333333
Called SetLoopLookahead: init: 0, final: 100000000, step: 1, loopDepth: 0, cumulative-num-iterations: 100000000, look-ahead-ns: 518518496
Avg-Compute-Communication-Ratio = 1656.837473
Process 2 contributed MY_TOTAL = -nan, my_a = 220.166667, my_b= 220.333333
Integral: 21 computed

------------------------------------------------------------------------------
Waiting to receive partition information from master !
Process 2 computing itegral over my_a = 230.166667, my_b= 230.333333
Called SetLoopLookahead: init: 0, final: 100000000, step: 1, loopDepth: 0, cumulative-num-iterations: 100000000, look-ahead-ns: 518518496
Avg-Compute-Communication-Ratio = 1653.610788
Process 2 contributed MY_TOTAL = -nan, my_a = 230.166667, my_b= 230.333333
Integral: 22 computed

------------------------------------------------------------------------------
Waiting to receive partition information from master !
Process 2 computing itegral over my_a = 240.166667, my_b= 240.333333
Called SetLoopLookahead: init: 0, final: 100000000, step: 1, loopDepth: 0, cumulative-num-iterations: 100000000, look-ahead-ns: 518518496
Avg-Compute-Communication-Ratio = 1651.540279
Process 2 contributed MY_TOTAL = -nan, my_a = 240.166667, my_b= 240.333333
Integral: 23 computed

------------------------------------------------------------------------------
Waiting to receive partition information from master !
Process 2 computing itegral over my_a = 250.166667, my_b= 250.333333
Called SetLoopLookahead: init: 0, final: 100000000, step: 1, loopDepth: 0, cumulative-num-iterations: 100000000, look-ahead-ns: 518518496
Avg-Compute-Communication-Ratio = 1650.900662
Process 2 contributed MY_TOTAL = -nan, my_a = 250.166667, my_b= 250.333333
Integral: 24 computed

------------------------------------------------------------------------------
Waiting to receive partition information from master !
Process 2 computing itegral over my_a = 260.166667, my_b= 260.333333
Called SetLoopLookahead: init: 0, final: 100000000, step: 1, loopDepth: 0, cumulative-num-iterations: 100000000, look-ahead-ns: 518518496
Avg-Compute-Communication-Ratio = 1649.704723
Process 2 contributed MY_TOTAL = -nan, my_a = 260.166667, my_b= 260.333333
Integral: 25 computed

------------------------------------------------------------------------------
Waiting to receive partition information from master !
Process 2 computing itegral over my_a = 270.166667, my_b= 270.333333
Called SetLoopLookahead: init: 0, final: 100000000, step: 1, loopDepth: 0, cumulative-num-iterations: 100000000, look-ahead-ns: 518518496
Avg-Compute-Communication-Ratio = 1648.016716
Process 2 contributed MY_TOTAL = -nan, my_a = 270.166667, my_b= 270.333333
Integral: 26 computed

------------------------------------------------------------------------------
Waiting to receive partition information from master !
Process 2 computing itegral over my_a = 280.166667, my_b= 280.333333
Called SetLoopLookahead: init: 0, final: 100000000, step: 1, loopDepth: 0, cumulative-num-iterations: 100000000, look-ahead-ns: 518518496
Avg-Compute-Communication-Ratio = 1646.825885
Process 2 contributed MY_TOTAL = -nan, my_a = 280.166667, my_b= 280.333333
Integral: 27 computed

------------------------------------------------------------------------------
Waiting to receive partition information from master !
Process 2 computing itegral over my_a = 290.166667, my_b= 290.333333
Called SetLoopLookahead: init: 0, final: 100000000, step: 1, loopDepth: 0, cumulative-num-iterations: 100000000, look-ahead-ns: 518518496
Avg-Compute-Communication-Ratio = 1644.279060
Process 2 contributed MY_TOTAL = -nan, my_a = 290.166667, my_b= 290.333333
Integral: 28 computed

------------------------------------------------------------------------------
Waiting to receive partition information from master !
Process 2 computing itegral over my_a = 300.166667, my_b= 300.333333
Called SetLoopLookahead: init: 0, final: 100000000, step: 1, loopDepth: 0, cumulative-num-iterations: 100000000, look-ahead-ns: 518518496
Avg-Compute-Communication-Ratio = 1642.949620
Process 2 contributed MY_TOTAL = -nan, my_a = 300.166667, my_b= 300.333333
Integral: 29 computed

------------------------------------------------------------------------------
Waiting to receive partition information from master !
Process 2 computing itegral over my_a = 310.166667, my_b= 310.333333
Called SetLoopLookahead: init: 0, final: 100000000, step: 1, loopDepth: 0, cumulative-num-iterations: 100000000, look-ahead-ns: 518518496
Avg-Compute-Communication-Ratio = 1641.707997
Process 2 contributed MY_TOTAL = -nan, my_a = 310.166667, my_b= 310.333333
Integral: 30 computed

------------------------------------------------------------------------------
Waiting to receive partition information from master !
Process 2 computing itegral over my_a = 320.166667, my_b= 320.333333
Called SetLoopLookahead: init: 0, final: 100000000, step: 1, loopDepth: 0, cumulative-num-iterations: 100000000, look-ahead-ns: 518518496
Avg-Compute-Communication-Ratio = 1640.707802
Process 2 contributed MY_TOTAL = -nan, my_a = 320.166667, my_b= 320.333333
Integral: 31 computed

------------------------------------------------------------------------------
Waiting to receive partition information from master !
Process 2 computing itegral over my_a = 330.166667, my_b= 330.333333
Called SetLoopLookahead: init: 0, final: 100000000, step: 1, loopDepth: 0, cumulative-num-iterations: 100000000, look-ahead-ns: 518518496
Avg-Compute-Communication-Ratio = 1640.240893
Process 2 contributed MY_TOTAL = -nan, my_a = 330.166667, my_b= 330.333333
Integral: 32 computed

------------------------------------------------------------------------------
Waiting to receive partition information from master !
Process 2 computing itegral over my_a = 340.166667, my_b= 340.333333
Called SetLoopLookahead: init: 0, final: 100000000, step: 1, loopDepth: 0, cumulative-num-iterations: 100000000, look-ahead-ns: 518518496
Avg-Compute-Communication-Ratio = 1639.496699
Process 2 contributed MY_TOTAL = -nan, my_a = 340.166667, my_b= 340.333333
Integral: 33 computed

------------------------------------------------------------------------------
Waiting to receive partition information from master !
Process 2 computing itegral over my_a = 350.166667, my_b= 350.333333
Called SetLoopLookahead: init: 0, final: 100000000, step: 1, loopDepth: 0, cumulative-num-iterations: 100000000, look-ahead-ns: 518518496
Avg-Compute-Communication-Ratio = 1639.387805
Process 2 contributed MY_TOTAL = -nan, my_a = 350.166667, my_b= 350.333333
Integral: 34 computed

------------------------------------------------------------------------------
Waiting to receive partition information from master !
Process 2 computing itegral over my_a = 360.166667, my_b= 360.333333
Called SetLoopLookahead: init: 0, final: 100000000, step: 1, loopDepth: 0, cumulative-num-iterations: 100000000, look-ahead-ns: 518518496
Avg-Compute-Communication-Ratio = 1638.709332
Process 2 contributed MY_TOTAL = -nan, my_a = 360.166667, my_b= 360.333333
Integral: 35 computed

------------------------------------------------------------------------------
Waiting to receive partition information from master !
Process 2 computing itegral over my_a = 370.166667, my_b= 370.333333
Called SetLoopLookahead: init: 0, final: 100000000, step: 1, loopDepth: 0, cumulative-num-iterations: 100000000, look-ahead-ns: 518518496
Avg-Compute-Communication-Ratio = 1637.788458
Process 2 contributed MY_TOTAL = -nan, my_a = 370.166667, my_b= 370.333333
Integral: 36 computed

------------------------------------------------------------------------------
Waiting to receive partition information from master !
Process 2 computing itegral over my_a = 380.166667, my_b= 380.333333
Called SetLoopLookahead: init: 0, final: 100000000, step: 1, loopDepth: 0, cumulative-num-iterations: 100000000, look-ahead-ns: 518518496
Avg-Compute-Communication-Ratio = 1637.597158
Process 2 contributed MY_TOTAL = -nan, my_a = 380.166667, my_b= 380.333333
Integral: 37 computed

------------------------------------------------------------------------------
Waiting to receive partition information from master !
Process 2 computing itegral over my_a = 390.166667, my_b= 390.333333
Called SetLoopLookahead: init: 0, final: 100000000, step: 1, loopDepth: 0, cumulative-num-iterations: 100000000, look-ahead-ns: 518518496
Exp finishing. Stopping stack thread with id: 6!

------------------------- ACTUAL STDOUT FROM EXECUTABLE ENDED -----------------------------

Process: 6 exiting VT experiment !
Main thread exiting. PID = 6
