Attempting to set static arp entries ...
Tracer: 30 >> Using SRC IP: 10.1.21.106 for any spawned virtual tcp-stacks
Tracer: 30 >> Updating firewall rules to drop outgoing TCP-RST packets
Attempting to set firewall rules ...
Tracer: 30 >> CMD TO RUN: /home/vignesh/VT-S3FNet/csudp/tcp_tgen/tgen client 50 10.1.20.206 7891 poisson 200000 8 > /home/vignesh/VT-S3FNet/experiment-data/TCP_LA_Disabled_nemus_60_poisson_mu_200000_txsize_8/client50.log
args[0] = /home/vignesh/VT-S3FNet/csudp/tcp_tgen/tgen
args[1] = client
args[2] = 50
args[3] = 10.1.20.206
args[4] = 7891
args[5] = poisson
args[6] = 200000
args[7] = 8
Setting appropriate environment variables ...
HOME DIRECTORY : /home/vignesh
Parsing TTN config file: /home/vignesh/.ttn/projects.db
Setting VT_L1_INS_CACHE_MISS_CYCLES to: 100
Setting VT_L1_INS_CACHE_LINES to: 64
Setting VT_L1_INS_CACHE_SIZE_KB to: 32
Setting VT_L1_INS_CACHE_ASSOC to: 8
Setting VT_L1_INS_CACHE_REPLACEMENT_POLICY to: LRU
Setting VT_L1_DATA_CACHE_MISS_CYCLES to: 100
Setting VT_L1_DATA_CACHE_LINES to: 64
Setting VT_L1_DATA_CACHE_SIZE_KB to: 32
Setting VT_L1_DATA_CACHE_ASSOC to: 8
Setting VT_L1_DATA_CACHE_REPLACEMENT_POLICY to: LRU
Setting VT_CPU_CYLES_NS to: 2.700000
Setting VT_NIC_SPEED_MBPS to: 1000.000000
Setting VT_TIMING_MODEL to: EMPIRICAL
Setting VT_BBL_LOOKAHEAD_FILE to: /home/vignesh/VT-S3FNet/csudp/tcp_tgen/.ttn/lookahead/bbl_lookahead.info
Setting VT_LOOP_LOOKAHEAD_FILE to: /home/vignesh/VT-S3FNet/csudp/tcp_tgen/.ttn/lookahead/loop_lookahead.info
Starting command: /home/vignesh/VT-S3FNet/csudp/tcp_tgen/tgen
Loading orig functions !
Starting executable with Pid = 6
Loading pointers to VTL Logic functions
Loaded pointers to all VTL Logic functions
Now Initializing VT-Management 
Extracting env variables !
Extracted tracer-id: 30
Extracted exp-type: 2
Extracted cpu-cycles-ns: 2.700000
Extracted socket-layer-ip: 1779761418
Starting VT-initialization !
Tracer-ID: 30, Timeline-ID: 30
Tracer registration for EXP_CS complete. TimelineID = 30, Return = 30
Tracer Adding to SQ. Tracer ID = 30
Parsing any provided lookahead information ...
Opening file: /home/vignesh/VT-S3FNet/csudp/tcp_tgen/.ttn/lookahead/bbl_lookahead.info
File size: 592
mapped memblock size: 592
Finish offset: 70, Number of values: 70
Returning success !
Loaded BBL lookaheads for 70 basic blocks ...
Opening file: /home/vignesh/VT-S3FNet/csudp/tcp_tgen/.ttn/lookahead/loop_lookahead.info
Failed to parse Loop Lookaheads. Ignoring ...
VT initialization successfull !
Finished Initializing VT-Management 
Initializing TCP-stack ...
TCP stack unique-id: 306
Starting virtual socket layer stack-thread !
Pthread_create: vtStackThread special case
Successfully initialized VTL-Logic embedded into the executable

------------------------- ACTUAL STDOUT FROM EXECUTABLE STARTS -----------------------------

Client: MyPid: 6
Adding new vt-tcp-socket !
Creating vt-tcp socket !
Client socket fd = 4097
setsockopt through vt-tcp !
setsockopt through vt-tcp !
Connecting to server ...
Connecting .. Socket: 4097, src-port: 40001
Waking up connected socket !
Socket connect success. socket = 4097
Connecting through vt-tcp success !
Sending data ...
Sending msgs of size: 1460 to server ...
Sent: 8 KB after: 0.032608 secs
Sent: 8 KB after: 0.097866 secs
Sent: 8 KB after: 0.019682 secs
Sent: 8 KB after: 0.551528 secs
Sent: 8 KB after: 0.317877 secs
Sent: 8 KB after: 0.160897 secs
Sent: 8 KB after: 0.609502 secs
Sent: 8 KB after: 0.059522 secs
Sent: 8 KB after: 0.122693 secs
Sent: 8 KB after: 0.097710 secs
Sent: 8 KB after: 0.093621 secs
Sent: 8 KB after: 0.145246 secs
Sent: 8 KB after: 0.064132 secs
Sent: 8 KB after: 0.339307 secs
Sent: 8 KB after: 0.103449 secs
Sent: 8 KB after: 0.025283 secs
Sent: 8 KB after: 0.009040 secs
Sent: 8 KB after: 0.081542 secs
Sent: 8 KB after: 0.021843 secs
Sent: 8 KB after: 1.078125 secs
Sent: 8 KB after: 0.186664 secs
Sent: 8 KB after: 0.016447 secs
Sent: 8 KB after: 0.152442 secs
Sent: 8 KB after: 0.004197 secs
Sent: 8 KB after: 0.056017 secs
Sent: 8 KB after: 0.203586 secs
Sent: 8 KB after: 0.203288 secs
Sent: 8 KB after: 0.074412 secs
Sent: 8 KB after: 0.303561 secs
Sent: 8 KB after: 0.729405 secs
Sent: 8 KB after: 0.132950 secs
Sent: 8 KB after: 0.535451 secs
Sent: 8 KB after: 0.089538 secs
Sent: 8 KB after: 0.173175 secs
Sent: 8 KB after: 0.404699 secs
Sent: 8 KB after: 0.034121 secs
Sent: 8 KB after: 0.028313 secs
Sent: 8 KB after: 0.343327 secs
Sent: 8 KB after: 0.106974 secs
Sent: 8 KB after: 0.178578 secs
Sent: 8 KB after: 0.046340 secs
Sent: 8 KB after: 0.310295 secs
Sent: 8 KB after: 0.022589 secs
Sent: 8 KB after: 0.131226 secs
Sent: 8 KB after: 0.185646 secs
Sent: 8 KB after: 0.142931 secs
Sent: 8 KB after: 0.183206 secs
Sent: 8 KB after: 0.209359 secs
Sent: 8 KB after: 0.373472 secs
Sent: 8 KB after: 0.243045 secs
Sent: 8 KB after: 0.206778 secs
Exp finishing. Stopping stack thread with id: 6!
VT-sleep-for exiting !

------------------------- ACTUAL STDOUT FROM EXECUTABLE ENDED -----------------------------

Process: 6 exiting VT experiment !
Main thread exiting. PID = 6
