Attempting to set static arp entries ...
Tracer: 9 >> Using SRC IP: 10.1.38.174 for any spawned virtual tcp-stacks
Tracer: 9 >> Updating firewall rules to drop outgoing TCP-RST packets
Attempting to set firewall rules ...
Tracer: 9 >> CMD TO RUN: /home/vignesh/VT-S3FNet/csudp/mpi_sat/mpi_csat 8 81 10.1.38.174 > /home/vignesh/VT-S3FNet/experiment-data/MPI_LA_Enabled_nemus_81_mpi_sat/worker8.log
args[0] = /home/vignesh/VT-S3FNet/csudp/mpi_sat/mpi_csat
args[1] = 8
args[2] = 81
args[3] = 10.1.38.174
Setting appropriate environment variables ...
HOME DIRECTORY : /home/vignesh
Parsing TTN config file: /home/vignesh/.ttn/projects.db
Setting VT_L1_INS_CACHE_MISS_CYCLES to: 100
Setting VT_L1_INS_CACHE_LINES to: 64
Setting VT_L1_INS_CACHE_SIZE_KB to: 32
Setting VT_L1_INS_CACHE_ASSOC to: 8
Setting VT_L1_INS_CACHE_REPLACEMENT_POLICY to: LRU
Setting VT_L1_DATA_CACHE_MISS_CYCLES to: 100
Setting VT_L1_DATA_CACHE_LINES to: 64
Setting VT_L1_DATA_CACHE_SIZE_KB to: 32
Setting VT_L1_DATA_CACHE_ASSOC to: 8
Setting VT_L1_DATA_CACHE_REPLACEMENT_POLICY to: LRU
Setting VT_CPU_CYLES_NS to: 2.700000
Setting VT_NIC_SPEED_MBPS to: 1000.000000
Setting VT_TIMING_MODEL to: EMPIRICAL
Setting VT_BBL_LOOKAHEAD_FILE to: /home/vignesh/VT-S3FNet/csudp/mpi_sat/.ttn/lookahead/bbl_lookahead.info
Setting VT_LOOP_LOOKAHEAD_FILE to: /home/vignesh/VT-S3FNet/csudp/mpi_sat/.ttn/lookahead/loop_lookahead.info
Starting command: /home/vignesh/VT-S3FNet/csudp/mpi_sat/mpi_csat
Loading orig functions !
Starting executable with Pid = 6
Loading pointers to VTL Logic functions
Loaded pointers to all VTL Logic functions
Now Initializing VT-Management 
Extracting env variables !
Extracted tracer-id: 9
Extracted exp-type: 2
Extracted cpu-cycles-ns: 2.700000
Extracted socket-layer-ip: -1373241078
Starting VT-initialization !
Tracer-ID: 9, Timeline-ID: 9
Tracer registration for EXP_CS complete. TimelineID = 9, Return = 9
Tracer Adding to SQ. Tracer ID = 9
Parsing any provided lookahead information ...
Opening file: /home/vignesh/VT-S3FNet/csudp/mpi_sat/.ttn/lookahead/bbl_lookahead.info
File size: 840
mapped memblock size: 840
Finish offset: 101, Number of values: 101
Returning success !
Loaded BBL lookaheads for 101 basic blocks ...
Opening file: /home/vignesh/VT-S3FNet/csudp/mpi_sat/.ttn/lookahead/loop_lookahead.info
File size: 64
mapped memblock size: 64
Finish offset: 4, Number of values: 4
Returning success !
Loaded Loop lookaheads for 4 loops ...
VT initialization successfull !
Finished Initializing VT-Management 
Initializing TCP-stack ...
TCP stack unique-id: 96
Starting virtual socket layer stack-thread !
Pthread_create: vtStackThread special case
Successfully initialized VTL-Logic embedded into the executable

------------------------- ACTUAL STDOUT FROM EXECUTABLE STARTS -----------------------------

Rank = 8, Total = 81, IP = 10.1.38.174
Adding new vt-tcp-socket !
Creating vt-tcp socket !
bind through vt-tcp !
Server socket bound to ip:port: 10.1.38.174:10000
Waiting for OK message from other nodes !
Waiting for OK message !
listen through vt-tcp !
Accept through vt-tcp !
Successfully received OK message !

---------------- Waiting for higher ranked nodes to connect --------------
listen through vt-tcp !
Accepting connection from higher ranked node: 80
Accept through vt-tcp !
Entering time-wait from FIN_WAIT_2
Clearing all tcp timers !
Adding TcpLinger !
Accepted connection from higher ranked node: 80
Successfully connected with higher ranked node: 80
Accepting connection from higher ranked node: 79
Accept through vt-tcp !
Accepted connection from higher ranked node: 79
Successfully connected with higher ranked node: 79
Accepting connection from higher ranked node: 78
Accept through vt-tcp !
Accepted connection from higher ranked node: 78
Successfully connected with higher ranked node: 78
Accepting connection from higher ranked node: 77
Accept through vt-tcp !
Accepted connection from higher ranked node: 77
Successfully connected with higher ranked node: 77
Accepting connection from higher ranked node: 76
Accept through vt-tcp !
Accepted connection from higher ranked node: 76
Successfully connected with higher ranked node: 76
Accepting connection from higher ranked node: 75
Accept through vt-tcp !
Accepted connection from higher ranked node: 75
Successfully connected with higher ranked node: 75
Accepting connection from higher ranked node: 74
Accept through vt-tcp !
Accepted connection from higher ranked node: 74
Successfully connected with higher ranked node: 74
Accepting connection from higher ranked node: 73
Accept through vt-tcp !
Accepted connection from higher ranked node: 73
Successfully connected with higher ranked node: 73
Accepting connection from higher ranked node: 72
Accept through vt-tcp !
Accepted connection from higher ranked node: 72
Successfully connected with higher ranked node: 72
Accepting connection from higher ranked node: 71
Accept through vt-tcp !
Accepted connection from higher ranked node: 71
Successfully connected with higher ranked node: 71
Accepting connection from higher ranked node: 70
Accept through vt-tcp !
Accepted connection from higher ranked node: 70
Successfully connected with higher ranked node: 70
Accepting connection from higher ranked node: 69
Accept through vt-tcp !
Accepted connection from higher ranked node: 69
Successfully connected with higher ranked node: 69
Accepting connection from higher ranked node: 68
Accept through vt-tcp !
Accepted connection from higher ranked node: 68
Successfully connected with higher ranked node: 68
Accepting connection from higher ranked node: 67
Accept through vt-tcp !
Accepted connection from higher ranked node: 67
Successfully connected with higher ranked node: 67
Accepting connection from higher ranked node: 66
Accept through vt-tcp !
Accepted connection from higher ranked node: 66
Successfully connected with higher ranked node: 66
Accepting connection from higher ranked node: 65
Accept through vt-tcp !
Accepted connection from higher ranked node: 65
Successfully connected with higher ranked node: 65
Accepting connection from higher ranked node: 64
Accept through vt-tcp !
Accepted connection from higher ranked node: 64
Successfully connected with higher ranked node: 64
Accepting connection from higher ranked node: 63
Accept through vt-tcp !
Accepted connection from higher ranked node: 63
Successfully connected with higher ranked node: 63
Accepting connection from higher ranked node: 62
Accept through vt-tcp !
Accepted connection from higher ranked node: 62
Successfully connected with higher ranked node: 62
Accepting connection from higher ranked node: 61
Accept through vt-tcp !
Accepted connection from higher ranked node: 61
Successfully connected with higher ranked node: 61
Accepting connection from higher ranked node: 60
Accept through vt-tcp !
Accepted connection from higher ranked node: 60
Successfully connected with higher ranked node: 60
Accepting connection from higher ranked node: 59
Accept through vt-tcp !
Accepted connection from higher ranked node: 59
Successfully connected with higher ranked node: 59
Accepting connection from higher ranked node: 58
Accept through vt-tcp !
Accepted connection from higher ranked node: 58
Successfully connected with higher ranked node: 58
Accepting connection from higher ranked node: 57
Accept through vt-tcp !
Accepted connection from higher ranked node: 57
Successfully connected with higher ranked node: 57
Accepting connection from higher ranked node: 56
Accept through vt-tcp !
Accepted connection from higher ranked node: 56
Successfully connected with higher ranked node: 56
Accepting connection from higher ranked node: 55
Accept through vt-tcp !
Accepted connection from higher ranked node: 55
Successfully connected with higher ranked node: 55
Accepting connection from higher ranked node: 54
Accept through vt-tcp !
Accepted connection from higher ranked node: 54
Successfully connected with higher ranked node: 54
Accepting connection from higher ranked node: 53
Accept through vt-tcp !
Accepted connection from higher ranked node: 53
Successfully connected with higher ranked node: 53
Accepting connection from higher ranked node: 52
Accept through vt-tcp !
Accepted connection from higher ranked node: 52
Successfully connected with higher ranked node: 52
Accepting connection from higher ranked node: 51
Accept through vt-tcp !
Accepted connection from higher ranked node: 51
Successfully connected with higher ranked node: 51
Accepting connection from higher ranked node: 50
Accept through vt-tcp !
Accepted connection from higher ranked node: 50
Successfully connected with higher ranked node: 50
Accepting connection from higher ranked node: 49
Accept through vt-tcp !
Accepted connection from higher ranked node: 49
Successfully connected with higher ranked node: 49
Accepting connection from higher ranked node: 48
Accept through vt-tcp !
Accepted connection from higher ranked node: 48
Successfully connected with higher ranked node: 48
Accepting connection from higher ranked node: 47
Accept through vt-tcp !
Accepted connection from higher ranked node: 47
Successfully connected with higher ranked node: 47
Accepting connection from higher ranked node: 46
Accept through vt-tcp !
Accepted connection from higher ranked node: 46
Successfully connected with higher ranked node: 46
Accepting connection from higher ranked node: 45
Accept through vt-tcp !
Accepted connection from higher ranked node: 45
Successfully connected with higher ranked node: 45
Accepting connection from higher ranked node: 44
Accept through vt-tcp !
Accepted connection from higher ranked node: 44
Successfully connected with higher ranked node: 44
Accepting connection from higher ranked node: 43
Accept through vt-tcp !
Accepted connection from higher ranked node: 43
Successfully connected with higher ranked node: 43
Accepting connection from higher ranked node: 42
Accept through vt-tcp !
Accepted connection from higher ranked node: 42
Successfully connected with higher ranked node: 42
Accepting connection from higher ranked node: 41
Accept through vt-tcp !
Accepted connection from higher ranked node: 41
Successfully connected with higher ranked node: 41
Accepting connection from higher ranked node: 40
Accept through vt-tcp !
Accepted connection from higher ranked node: 40
Successfully connected with higher ranked node: 40
Accepting connection from higher ranked node: 39
Accept through vt-tcp !
Accepted connection from higher ranked node: 39
Successfully connected with higher ranked node: 39
Accepting connection from higher ranked node: 38
Accept through vt-tcp !
Accepted connection from higher ranked node: 38
Successfully connected with higher ranked node: 38
Accepting connection from higher ranked node: 37
Accept through vt-tcp !
Accepted connection from higher ranked node: 37
Successfully connected with higher ranked node: 37
Accepting connection from higher ranked node: 36
Accept through vt-tcp !
Accepted connection from higher ranked node: 36
Successfully connected with higher ranked node: 36
Accepting connection from higher ranked node: 35
Accept through vt-tcp !
Accepted connection from higher ranked node: 35
Successfully connected with higher ranked node: 35
Accepting connection from higher ranked node: 34
Accept through vt-tcp !
Accepted connection from higher ranked node: 34
Successfully connected with higher ranked node: 34
Accepting connection from higher ranked node: 33
Accept through vt-tcp !
Accepted connection from higher ranked node: 33
Successfully connected with higher ranked node: 33
Accepting connection from higher ranked node: 32
Accept through vt-tcp !
Accepted connection from higher ranked node: 32
Successfully connected with higher ranked node: 32
Accepting connection from higher ranked node: 31
Accept through vt-tcp !
Accepted connection from higher ranked node: 31
Successfully connected with higher ranked node: 31
Accepting connection from higher ranked node: 30
Accept through vt-tcp !
Accepted connection from higher ranked node: 30
Successfully connected with higher ranked node: 30
Accepting connection from higher ranked node: 29
Accept through vt-tcp !
Accepted connection from higher ranked node: 29
Successfully connected with higher ranked node: 29
Accepting connection from higher ranked node: 28
Accept through vt-tcp !
Accepted connection from higher ranked node: 28
Successfully connected with higher ranked node: 28
Accepting connection from higher ranked node: 27
Accept through vt-tcp !
Accepted connection from higher ranked node: 27
Successfully connected with higher ranked node: 27
Accepting connection from higher ranked node: 26
Accept through vt-tcp !
Accepted connection from higher ranked node: 26
Successfully connected with higher ranked node: 26
Accepting connection from higher ranked node: 25
Accept through vt-tcp !
Accepted connection from higher ranked node: 25
Successfully connected with higher ranked node: 25
Accepting connection from higher ranked node: 24
Accept through vt-tcp !
Accepted connection from higher ranked node: 24
Successfully connected with higher ranked node: 24
Accepting connection from higher ranked node: 23
Accept through vt-tcp !
Accepted connection from higher ranked node: 23
Successfully connected with higher ranked node: 23
Accepting connection from higher ranked node: 22
Accept through vt-tcp !
Accepted connection from higher ranked node: 22
Successfully connected with higher ranked node: 22
Accepting connection from higher ranked node: 21
Accept through vt-tcp !
Accepted connection from higher ranked node: 21
Successfully connected with higher ranked node: 21
Accepting connection from higher ranked node: 20
Accept through vt-tcp !
Accepted connection from higher ranked node: 20
Successfully connected with higher ranked node: 20
Accepting connection from higher ranked node: 19
Accept through vt-tcp !
Accepted connection from higher ranked node: 19
Successfully connected with higher ranked node: 19
Accepting connection from higher ranked node: 18
Accept through vt-tcp !
Accepted connection from higher ranked node: 18
Successfully connected with higher ranked node: 18
Accepting connection from higher ranked node: 17
Accept through vt-tcp !
Accepted connection from higher ranked node: 17
Successfully connected with higher ranked node: 17
Accepting connection from higher ranked node: 16
Accept through vt-tcp !
Accepted connection from higher ranked node: 16
Successfully connected with higher ranked node: 16
Accepting connection from higher ranked node: 15
Accept through vt-tcp !
Accepted connection from higher ranked node: 15
Successfully connected with higher ranked node: 15
Accepting connection from higher ranked node: 14
Accept through vt-tcp !
Accepted connection from higher ranked node: 14
Successfully connected with higher ranked node: 14
Accepting connection from higher ranked node: 13
Accept through vt-tcp !
Accepted connection from higher ranked node: 13
Successfully connected with higher ranked node: 13
Accepting connection from higher ranked node: 12
Accept through vt-tcp !
Accepted connection from higher ranked node: 12
Successfully connected with higher ranked node: 12
Accepting connection from higher ranked node: 11
Accept through vt-tcp !
Accepted connection from higher ranked node: 11
Successfully connected with higher ranked node: 11
Accepting connection from higher ranked node: 10
Accept through vt-tcp !
Accepted connection from higher ranked node: 10
Successfully connected with higher ranked node: 10
Accepting connection from higher ranked node: 9
Accept through vt-tcp !
Accepted connection from higher ranked node: 9
Successfully connected with higher ranked node: 9
Closing server socket: 4097
Clearing all tcp timers !
TCP-done for socket: 4097, err: -103

---------------- Connecting to lowed ranked nodes ! --------------
Adding new vt-tcp-socket !
Creating vt-tcp socket !
Connecting to lower ranked node: 7 at 10.1.37.174:10000
Connecting .. Socket: 4171, src-port: 40001
Socket: 4097 garbage collection
Freeing socket: 4097
Waking up connected socket !
Socket connect success. socket = 4171
Connecting through vt-tcp success !
Successfully connected to lower ranked node: 7 at 10.1.37.174:10000
Adding new vt-tcp-socket !
Creating vt-tcp socket !
Connecting to lower ranked node: 6 at 10.1.36.246:10000
Connecting .. Socket: 4172, src-port: 40002
Waking up connected socket !
Socket connect success. socket = 4172
Connecting through vt-tcp success !
Successfully connected to lower ranked node: 6 at 10.1.36.246:10000
Adding new vt-tcp-socket !
Creating vt-tcp socket !
Connecting to lower ranked node: 5 at 10.1.36.250:10000
Connecting .. Socket: 4173, src-port: 40003
Waking up connected socket !
Socket connect success. socket = 4173
Connecting through vt-tcp success !
Successfully connected to lower ranked node: 5 at 10.1.36.250:10000
Adding new vt-tcp-socket !
Creating vt-tcp socket !
Connecting to lower ranked node: 4 at 10.1.36.254:10000
Connecting .. Socket: 4174, src-port: 40004
Waking up connected socket !
Socket connect success. socket = 4174
Connecting through vt-tcp success !
Successfully connected to lower ranked node: 4 at 10.1.36.254:10000
Adding new vt-tcp-socket !
Creating vt-tcp socket !
Connecting to lower ranked node: 3 at 10.1.37.2:10000
Connecting .. Socket: 4175, src-port: 40005
Waking up connected socket !
Socket connect success. socket = 4175
Connecting through vt-tcp success !
Successfully connected to lower ranked node: 3 at 10.1.37.2:10000
Adding new vt-tcp-socket !
Creating vt-tcp socket !
Connecting to lower ranked node: 2 at 10.1.37.6:10000
Connecting .. Socket: 4176, src-port: 40006
Waking up connected socket !
Socket connect success. socket = 4176
Connecting through vt-tcp success !
Successfully connected to lower ranked node: 2 at 10.1.37.6:10000
Adding new vt-tcp-socket !
Creating vt-tcp socket !
Connecting to lower ranked node: 1 at 10.1.37.10:10000
Connecting .. Socket: 4177, src-port: 40007
Waking up connected socket !
Socket connect success. socket = 4177
Connecting through vt-tcp success !
Successfully connected to lower ranked node: 1 at 10.1.37.10:10000
Adding new vt-tcp-socket !
Creating vt-tcp socket !
Connecting to lower ranked node: 0 at 10.1.37.14:10000
Connecting .. Socket: 4178, src-port: 40008
Waking up connected socket !
Socket connect success. socket = 4178
Connecting through vt-tcp success !
Successfully connected to lower ranked node: 0 at 10.1.37.14:10000

---------------- Creating listen Thread ! --------------

---------------- MPI-Init success ! --------------

-------------------------------------------------------------
  Task no: 1
Waiting for trigger !
Adding new Thread: 8
Resuming new Thread with Burst of length: 5400
  Worker 8 iterates from 106048568 <= I < 119304638

Called SetLoopLookahead: init: 106048568, final: 119304638, step: 1, loopDepth: 0, cumulative-num-iterations: 13256070, look-ahead-ns: 78554488
Called SetLoopLookahead: init: 29, final: -1, step: -1, loopDepth: 1, cumulative-num-iterations: 397682100, look-ahead-ns: 736448320
tcp-linger 
Clearing all tcp timers !
TCP-done for socket: 4098, err: -110
Socket: 4098 garbage collection
Freeing socket: 4098
Before rcv-wnd: seq: 1, rcv_nxt: 5
Before rcv-wnd: seq: 1, rcv_nxt: 5
Before rcv-wnd: seq: 1, rcv_nxt: 5
Before rcv-wnd: seq: 1, rcv_nxt: 5
Before rcv-wnd: seq: 1, rcv_nxt: 5
Before rcv-wnd: seq: 1, rcv_nxt: 5
tcp-rto: snd_una: 1, rto: 400, backoff: 1, sock-fd = 4174
Sending results to master node !
Avg-Compute-Communication-Ratio = 2171.450549

-------------------------------------------------------------
  Task no: 2
Waiting for trigger !
  Worker 8 iterates from 106048568 <= I < 119304638

Called SetLoopLookahead: init: 106048568, final: 119304638, step: 1, loopDepth: 0, cumulative-num-iterations: 13256070, look-ahead-ns: 78554488
Called SetLoopLookahead: init: 29, final: -1, step: -1, loopDepth: 1, cumulative-num-iterations: 397682100, look-ahead-ns: 736448320
Sending results to master node !
Avg-Compute-Communication-Ratio = 20.018020

-------------------------------------------------------------
  Task no: 3
Waiting for trigger !
  Worker 8 iterates from 106048568 <= I < 119304638

Called SetLoopLookahead: init: 106048568, final: 119304638, step: 1, loopDepth: 0, cumulative-num-iterations: 13256070, look-ahead-ns: 78554488
Called SetLoopLookahead: init: 29, final: -1, step: -1, loopDepth: 1, cumulative-num-iterations: 397682100, look-ahead-ns: 736448320
Sending results to master node !
Avg-Compute-Communication-Ratio = 15.048696

-------------------------------------------------------------
  Task no: 4
Waiting for trigger !
  Worker 8 iterates from 106048568 <= I < 119304638

Called SetLoopLookahead: init: 106048568, final: 119304638, step: 1, loopDepth: 0, cumulative-num-iterations: 13256070, look-ahead-ns: 78554488
Called SetLoopLookahead: init: 29, final: -1, step: -1, loopDepth: 1, cumulative-num-iterations: 397682100, look-ahead-ns: 736448320
Sending results to master node !
Avg-Compute-Communication-Ratio = 13.385831

-------------------------------------------------------------
  Task no: 5
Waiting for trigger !
  Worker 8 iterates from 106048568 <= I < 119304638

Called SetLoopLookahead: init: 106048568, final: 119304638, step: 1, loopDepth: 0, cumulative-num-iterations: 13256070, look-ahead-ns: 78554488
Called SetLoopLookahead: init: 29, final: -1, step: -1, loopDepth: 1, cumulative-num-iterations: 397682100, look-ahead-ns: 736448320
Sending results to master node !
Avg-Compute-Communication-Ratio = 12.553620

-------------------------------------------------------------
  Task no: 6
Waiting for trigger !
  Worker 8 iterates from 106048568 <= I < 119304638

Called SetLoopLookahead: init: 106048568, final: 119304638, step: 1, loopDepth: 0, cumulative-num-iterations: 13256070, look-ahead-ns: 78554488
Called SetLoopLookahead: init: 29, final: -1, step: -1, loopDepth: 1, cumulative-num-iterations: 397682100, look-ahead-ns: 736448320
Sending results to master node !
Avg-Compute-Communication-Ratio = 12.054749

-------------------------------------------------------------
  Task no: 7
Waiting for trigger !
  Worker 8 iterates from 106048568 <= I < 119304638

Called SetLoopLookahead: init: 106048568, final: 119304638, step: 1, loopDepth: 0, cumulative-num-iterations: 13256070, look-ahead-ns: 78554488
Called SetLoopLookahead: init: 29, final: -1, step: -1, loopDepth: 1, cumulative-num-iterations: 397682100, look-ahead-ns: 736448320
Sending results to master node !
Avg-Compute-Communication-Ratio = 11.721770

-------------------------------------------------------------
  Task no: 8
Waiting for trigger !
  Worker 8 iterates from 106048568 <= I < 119304638

Called SetLoopLookahead: init: 106048568, final: 119304638, step: 1, loopDepth: 0, cumulative-num-iterations: 13256070, look-ahead-ns: 78554488
Called SetLoopLookahead: init: 29, final: -1, step: -1, loopDepth: 1, cumulative-num-iterations: 397682100, look-ahead-ns: 736448320
Sending results to master node !
Avg-Compute-Communication-Ratio = 11.483779

-------------------------------------------------------------
  Task no: 9
Waiting for trigger !
  Worker 8 iterates from 106048568 <= I < 119304638

Called SetLoopLookahead: init: 106048568, final: 119304638, step: 1, loopDepth: 0, cumulative-num-iterations: 13256070, look-ahead-ns: 78554488
Called SetLoopLookahead: init: 29, final: -1, step: -1, loopDepth: 1, cumulative-num-iterations: 397682100, look-ahead-ns: 736448320
Sending results to master node !
Avg-Compute-Communication-Ratio = 11.305108

-------------------------------------------------------------
  Task no: 10
Waiting for trigger !
  Worker 8 iterates from 106048568 <= I < 119304638

Called SetLoopLookahead: init: 106048568, final: 119304638, step: 1, loopDepth: 0, cumulative-num-iterations: 13256070, look-ahead-ns: 78554488
Called SetLoopLookahead: init: 29, final: -1, step: -1, loopDepth: 1, cumulative-num-iterations: 397682100, look-ahead-ns: 736448320
Sending results to master node !
Avg-Compute-Communication-Ratio = 11.166189

-------------------------------------------------------------
  Task no: 11
Waiting for trigger !
  Worker 8 iterates from 106048568 <= I < 119304638

Called SetLoopLookahead: init: 106048568, final: 119304638, step: 1, loopDepth: 0, cumulative-num-iterations: 13256070, look-ahead-ns: 78554488
Called SetLoopLookahead: init: 29, final: -1, step: -1, loopDepth: 1, cumulative-num-iterations: 397682100, look-ahead-ns: 736448320
Sending results to master node !
Avg-Compute-Communication-Ratio = 11.055210

-------------------------------------------------------------
  Task no: 12
Waiting for trigger !
  Worker 8 iterates from 106048568 <= I < 119304638

Called SetLoopLookahead: init: 106048568, final: 119304638, step: 1, loopDepth: 0, cumulative-num-iterations: 13256070, look-ahead-ns: 78554488
Called SetLoopLookahead: init: 29, final: -1, step: -1, loopDepth: 1, cumulative-num-iterations: 397682100, look-ahead-ns: 736448320
Sending results to master node !
Avg-Compute-Communication-Ratio = 10.964197

-------------------------------------------------------------
  Task no: 13
Waiting for trigger !
  Worker 8 iterates from 106048568 <= I < 119304638

Called SetLoopLookahead: init: 106048568, final: 119304638, step: 1, loopDepth: 0, cumulative-num-iterations: 13256070, look-ahead-ns: 78554488
Called SetLoopLookahead: init: 29, final: -1, step: -1, loopDepth: 1, cumulative-num-iterations: 397682100, look-ahead-ns: 736448320
Sending results to master node !
Avg-Compute-Communication-Ratio = 10.888671

-------------------------------------------------------------
  Task no: 14
Waiting for trigger !
  Worker 8 iterates from 106048568 <= I < 119304638

Called SetLoopLookahead: init: 106048568, final: 119304638, step: 1, loopDepth: 0, cumulative-num-iterations: 13256070, look-ahead-ns: 78554488
Called SetLoopLookahead: init: 29, final: -1, step: -1, loopDepth: 1, cumulative-num-iterations: 397682100, look-ahead-ns: 736448320
Sending results to master node !
Avg-Compute-Communication-Ratio = 10.824567

-------------------------------------------------------------
  Task no: 15
Waiting for trigger !
  Worker 8 iterates from 106048568 <= I < 119304638

Called SetLoopLookahead: init: 106048568, final: 119304638, step: 1, loopDepth: 0, cumulative-num-iterations: 13256070, look-ahead-ns: 78554488
Called SetLoopLookahead: init: 29, final: -1, step: -1, loopDepth: 1, cumulative-num-iterations: 397682100, look-ahead-ns: 736448320
Sending results to master node !
Avg-Compute-Communication-Ratio = 10.769637

-------------------------------------------------------------
  Task no: 16
Waiting for trigger !
  Worker 8 iterates from 106048568 <= I < 119304638

Called SetLoopLookahead: init: 106048568, final: 119304638, step: 1, loopDepth: 0, cumulative-num-iterations: 13256070, look-ahead-ns: 78554488
Called SetLoopLookahead: init: 29, final: -1, step: -1, loopDepth: 1, cumulative-num-iterations: 397682100, look-ahead-ns: 736448320
Sending results to master node !
Avg-Compute-Communication-Ratio = 10.722283

-------------------------------------------------------------
  Task no: 17
Waiting for trigger !
  Worker 8 iterates from 106048568 <= I < 119304638

Called SetLoopLookahead: init: 106048568, final: 119304638, step: 1, loopDepth: 0, cumulative-num-iterations: 13256070, look-ahead-ns: 78554488
Called SetLoopLookahead: init: 29, final: -1, step: -1, loopDepth: 1, cumulative-num-iterations: 397682100, look-ahead-ns: 736448320
Sending results to master node !
Avg-Compute-Communication-Ratio = 10.680777

-------------------------------------------------------------
  Task no: 18
Waiting for trigger !
  Worker 8 iterates from 106048568 <= I < 119304638

Called SetLoopLookahead: init: 106048568, final: 119304638, step: 1, loopDepth: 0, cumulative-num-iterations: 13256070, look-ahead-ns: 78554488
Called SetLoopLookahead: init: 29, final: -1, step: -1, loopDepth: 1, cumulative-num-iterations: 397682100, look-ahead-ns: 736448320
Sending results to master node !
Avg-Compute-Communication-Ratio = 10.644136

-------------------------------------------------------------
  Task no: 19
Waiting for trigger !
  Worker 8 iterates from 106048568 <= I < 119304638

Called SetLoopLookahead: init: 106048568, final: 119304638, step: 1, loopDepth: 0, cumulative-num-iterations: 13256070, look-ahead-ns: 78554488
Called SetLoopLookahead: init: 29, final: -1, step: -1, loopDepth: 1, cumulative-num-iterations: 397682100, look-ahead-ns: 736448320
Sending results to master node !
Avg-Compute-Communication-Ratio = 10.611489

-------------------------------------------------------------
  Task no: 20
Waiting for trigger !
  Worker 8 iterates from 106048568 <= I < 119304638

Called SetLoopLookahead: init: 106048568, final: 119304638, step: 1, loopDepth: 0, cumulative-num-iterations: 13256070, look-ahead-ns: 78554488
Called SetLoopLookahead: init: 29, final: -1, step: -1, loopDepth: 1, cumulative-num-iterations: 397682100, look-ahead-ns: 736448320
Sending results to master node !
Avg-Compute-Communication-Ratio = 10.582292

-------------------------------------------------------------
  Task no: 21
Waiting for trigger !
  Worker 8 iterates from 106048568 <= I < 119304638

Called SetLoopLookahead: init: 106048568, final: 119304638, step: 1, loopDepth: 0, cumulative-num-iterations: 13256070, look-ahead-ns: 78554488
Called SetLoopLookahead: init: 29, final: -1, step: -1, loopDepth: 1, cumulative-num-iterations: 397682100, look-ahead-ns: 736448320
Sending results to master node !
Avg-Compute-Communication-Ratio = 10.555926

-------------------------------------------------------------
  Task no: 22
Waiting for trigger !
  Worker 8 iterates from 106048568 <= I < 119304638

Called SetLoopLookahead: init: 106048568, final: 119304638, step: 1, loopDepth: 0, cumulative-num-iterations: 13256070, look-ahead-ns: 78554488
Called SetLoopLookahead: init: 29, final: -1, step: -1, loopDepth: 1, cumulative-num-iterations: 397682100, look-ahead-ns: 736448320
Sending results to master node !
Avg-Compute-Communication-Ratio = 10.532128

-------------------------------------------------------------
  Task no: 23
Waiting for trigger !
  Worker 8 iterates from 106048568 <= I < 119304638

Called SetLoopLookahead: init: 106048568, final: 119304638, step: 1, loopDepth: 0, cumulative-num-iterations: 13256070, look-ahead-ns: 78554488
Called SetLoopLookahead: init: 29, final: -1, step: -1, loopDepth: 1, cumulative-num-iterations: 397682100, look-ahead-ns: 736448320
Sending results to master node !
Avg-Compute-Communication-Ratio = 10.510493

-------------------------------------------------------------
  Task no: 24
Waiting for trigger !
  Worker 8 iterates from 106048568 <= I < 119304638

Called SetLoopLookahead: init: 106048568, final: 119304638, step: 1, loopDepth: 0, cumulative-num-iterations: 13256070, look-ahead-ns: 78554488
Called SetLoopLookahead: init: 29, final: -1, step: -1, loopDepth: 1, cumulative-num-iterations: 397682100, look-ahead-ns: 736448320
Exp finishing. Stopping stack thread with id: 6!

------------------------- ACTUAL STDOUT FROM EXECUTABLE ENDED -----------------------------

Process: 6 exiting VT experiment !
Main thread exiting. PID = 6
