Attempting to set static arp entries ...
Tracer: 29 >> Using SRC IP: 10.1.37.218 for any spawned virtual tcp-stacks
Tracer: 29 >> Updating firewall rules to drop outgoing TCP-RST packets
Attempting to set firewall rules ...
Tracer: 29 >> CMD TO RUN: /home/vignesh/VT-S3FNet/csudp/mpi_integral/mpi_int 28 61 10.1.37.218 > /home/vignesh/VT-S3FNet/experiment-data/MPI_LA_Disabled_nemus_61_mpi_int/worker28.log
args[0] = /home/vignesh/VT-S3FNet/csudp/mpi_integral/mpi_int
args[1] = 28
args[2] = 61
args[3] = 10.1.37.218
Setting appropriate environment variables ...
HOME DIRECTORY : /home/vignesh
Parsing TTN config file: /home/vignesh/.ttn/projects.db
Setting VT_L1_INS_CACHE_MISS_CYCLES to: 100
Setting VT_L1_INS_CACHE_LINES to: 64
Setting VT_L1_INS_CACHE_SIZE_KB to: 32
Setting VT_L1_INS_CACHE_ASSOC to: 8
Setting VT_L1_INS_CACHE_REPLACEMENT_POLICY to: LRU
Setting VT_L1_DATA_CACHE_MISS_CYCLES to: 100
Setting VT_L1_DATA_CACHE_LINES to: 64
Setting VT_L1_DATA_CACHE_SIZE_KB to: 32
Setting VT_L1_DATA_CACHE_ASSOC to: 8
Setting VT_L1_DATA_CACHE_REPLACEMENT_POLICY to: LRU
Setting VT_CPU_CYLES_NS to: 2.700000
Setting VT_NIC_SPEED_MBPS to: 1000.000000
Setting VT_TIMING_MODEL to: EMPIRICAL
Setting VT_BBL_LOOKAHEAD_FILE to: /home/vignesh/VT-S3FNet/csudp/mpi_integral/.ttn/lookahead/bbl_lookahead.info
Setting VT_LOOP_LOOKAHEAD_FILE to: /home/vignesh/VT-S3FNet/csudp/mpi_integral/.ttn/lookahead/loop_lookahead.info
Starting command: /home/vignesh/VT-S3FNet/csudp/mpi_integral/mpi_int
Loading orig functions !
Starting executable with Pid = 6
Loading pointers to VTL Logic functions
Loaded pointers to all VTL Logic functions
Now Initializing VT-Management 
Extracting env variables !
Extracted tracer-id: 29
Extracted exp-type: 2
Extracted cpu-cycles-ns: 2.700000
Extracted socket-layer-ip: -635109110
Starting VT-initialization !
Tracer-ID: 29, Timeline-ID: 29
Tracer registration for EXP_CS complete. TimelineID = 29, Return = 29
Tracer Adding to SQ. Tracer ID = 29
Parsing any provided lookahead information ...
Opening file: /home/vignesh/VT-S3FNet/csudp/mpi_integral/.ttn/lookahead/bbl_lookahead.info
File size: 176
mapped memblock size: 176
Finish offset: 18, Number of values: 18
Returning success !
Loaded BBL lookaheads for 18 basic blocks ...
Opening file: /home/vignesh/VT-S3FNet/csudp/mpi_integral/.ttn/lookahead/loop_lookahead.info
File size: 40
mapped memblock size: 40
Finish offset: 1, Number of values: 1
Returning success !
Loaded Loop lookaheads for 1 loops ...
VT initialization successfull !
Finished Initializing VT-Management 
Initializing TCP-stack ...
TCP stack unique-id: 296
Starting virtual socket layer stack-thread !
Pthread_create: vtStackThread special case
Successfully initialized VTL-Logic embedded into the executable

------------------------- ACTUAL STDOUT FROM EXECUTABLE STARTS -----------------------------

Rank = 28, Total = 61, IP = 10.1.37.218
Adding new vt-tcp-socket !
Creating vt-tcp socket !
bind through vt-tcp !
Server socket bound to ip:port: 10.1.37.218:10000
Waiting for OK message from other nodes !
Waiting for OK message !
listen through vt-tcp !
Accept through vt-tcp !
Successfully received OK message !

---------------- Waiting for higher ranked nodes to connect --------------
listen through vt-tcp !
Accepting connection from higher ranked node: 60
Accept through vt-tcp !
Accepted connection from higher ranked node: 60
Successfully connected with higher ranked node: 60
Accepting connection from higher ranked node: 59
Accept through vt-tcp !
Accepted connection from higher ranked node: 59
Successfully connected with higher ranked node: 59
Accepting connection from higher ranked node: 58
Accept through vt-tcp !
Accepted connection from higher ranked node: 58
Successfully connected with higher ranked node: 58
Accepting connection from higher ranked node: 57
Accept through vt-tcp !
Accepted connection from higher ranked node: 57
Successfully connected with higher ranked node: 57
Accepting connection from higher ranked node: 56
Accept through vt-tcp !
Accepted connection from higher ranked node: 56
Successfully connected with higher ranked node: 56
Accepting connection from higher ranked node: 55
Accept through vt-tcp !
Accepted connection from higher ranked node: 55
Successfully connected with higher ranked node: 55
Accepting connection from higher ranked node: 54
Accept through vt-tcp !
Accepted connection from higher ranked node: 54
Successfully connected with higher ranked node: 54
Accepting connection from higher ranked node: 53
Accept through vt-tcp !
Accepted connection from higher ranked node: 53
Successfully connected with higher ranked node: 53
Accepting connection from higher ranked node: 52
Accept through vt-tcp !
Accepted connection from higher ranked node: 52
Successfully connected with higher ranked node: 52
Accepting connection from higher ranked node: 51
Accept through vt-tcp !
Accepted connection from higher ranked node: 51
Successfully connected with higher ranked node: 51
Accepting connection from higher ranked node: 50
Accept through vt-tcp !
Accepted connection from higher ranked node: 50
Successfully connected with higher ranked node: 50
Accepting connection from higher ranked node: 49
Accept through vt-tcp !
Accepted connection from higher ranked node: 49
Successfully connected with higher ranked node: 49
Accepting connection from higher ranked node: 48
Accept through vt-tcp !
Accepted connection from higher ranked node: 48
Successfully connected with higher ranked node: 48
Accepting connection from higher ranked node: 47
Accept through vt-tcp !
Accepted connection from higher ranked node: 47
Successfully connected with higher ranked node: 47
Accepting connection from higher ranked node: 46
Accept through vt-tcp !
Accepted connection from higher ranked node: 46
Successfully connected with higher ranked node: 46
Accepting connection from higher ranked node: 45
Accept through vt-tcp !
Accepted connection from higher ranked node: 45
Successfully connected with higher ranked node: 45
Accepting connection from higher ranked node: 44
Accept through vt-tcp !
Accepted connection from higher ranked node: 44
Successfully connected with higher ranked node: 44
Accepting connection from higher ranked node: 43
Accept through vt-tcp !
Accepted connection from higher ranked node: 43
Successfully connected with higher ranked node: 43
Accepting connection from higher ranked node: 42
Accept through vt-tcp !
Accepted connection from higher ranked node: 42
Successfully connected with higher ranked node: 42
Accepting connection from higher ranked node: 41
Accept through vt-tcp !
Accepted connection from higher ranked node: 41
Successfully connected with higher ranked node: 41
Accepting connection from higher ranked node: 40
Accept through vt-tcp !
Accepted connection from higher ranked node: 40
Successfully connected with higher ranked node: 40
Accepting connection from higher ranked node: 39
Accept through vt-tcp !
Accepted connection from higher ranked node: 39
Successfully connected with higher ranked node: 39
Accepting connection from higher ranked node: 38
Accept through vt-tcp !
Accepted connection from higher ranked node: 38
Successfully connected with higher ranked node: 38
Accepting connection from higher ranked node: 37
Accept through vt-tcp !
Accepted connection from higher ranked node: 37
Successfully connected with higher ranked node: 37
Accepting connection from higher ranked node: 36
Accept through vt-tcp !
Accepted connection from higher ranked node: 36
Successfully connected with higher ranked node: 36
Accepting connection from higher ranked node: 35
Accept through vt-tcp !
Accepted connection from higher ranked node: 35
Successfully connected with higher ranked node: 35
Accepting connection from higher ranked node: 34
Accept through vt-tcp !
Accepted connection from higher ranked node: 34
Successfully connected with higher ranked node: 34
Accepting connection from higher ranked node: 33
Accept through vt-tcp !
Accepted connection from higher ranked node: 33
Successfully connected with higher ranked node: 33
Accepting connection from higher ranked node: 32
Accept through vt-tcp !
Accepted connection from higher ranked node: 32
Successfully connected with higher ranked node: 32
Accepting connection from higher ranked node: 31
Accept through vt-tcp !
Accepted connection from higher ranked node: 31
Successfully connected with higher ranked node: 31
Accepting connection from higher ranked node: 30
Accept through vt-tcp !
Accepted connection from higher ranked node: 30
Successfully connected with higher ranked node: 30
Accepting connection from higher ranked node: 29
Accept through vt-tcp !
Accepted connection from higher ranked node: 29
Successfully connected with higher ranked node: 29
Closing server socket: 4097
Clearing all tcp timers !
TCP-done for socket: 4097, err: -103

---------------- Connecting to lowed ranked nodes ! --------------
Adding new vt-tcp-socket !
Creating vt-tcp socket !
Connecting to lower ranked node: 27 at 10.1.37.222:10000
Connecting .. Socket: 4131, src-port: 40001
Socket: 4097 garbage collection
Freeing socket: 4097
Waking up connected socket !
Socket connect success. socket = 4131
Connecting through vt-tcp success !
Successfully connected to lower ranked node: 27 at 10.1.37.222:10000
Adding new vt-tcp-socket !
Creating vt-tcp socket !
Connecting to lower ranked node: 26 at 10.1.37.226:10000
Connecting .. Socket: 4132, src-port: 40002
Waking up connected socket !
Socket connect success. socket = 4132
Connecting through vt-tcp success !
Successfully connected to lower ranked node: 26 at 10.1.37.226:10000
Adding new vt-tcp-socket !
Creating vt-tcp socket !
Connecting to lower ranked node: 25 at 10.1.38.10:10000
Connecting .. Socket: 4133, src-port: 40003
Waking up connected socket !
Socket connect success. socket = 4133
Connecting through vt-tcp success !
Successfully connected to lower ranked node: 25 at 10.1.38.10:10000
Adding new vt-tcp-socket !
Creating vt-tcp socket !
Connecting to lower ranked node: 24 at 10.1.38.122:10000
Connecting .. Socket: 4134, src-port: 40004
Waking up connected socket !
Socket connect success. socket = 4134
Connecting through vt-tcp success !
Successfully connected to lower ranked node: 24 at 10.1.38.122:10000
Adding new vt-tcp-socket !
Creating vt-tcp socket !
Connecting to lower ranked node: 23 at 10.1.38.126:10000
Connecting .. Socket: 4135, src-port: 40005
Waking up connected socket !
Socket connect success. socket = 4135
Connecting through vt-tcp success !
Successfully connected to lower ranked node: 23 at 10.1.38.126:10000
Adding new vt-tcp-socket !
Creating vt-tcp socket !
Connecting to lower ranked node: 22 at 10.1.38.130:10000
Connecting .. Socket: 4136, src-port: 40006
Waking up connected socket !
Socket connect success. socket = 4136
Connecting through vt-tcp success !
Successfully connected to lower ranked node: 22 at 10.1.38.130:10000
Adding new vt-tcp-socket !
Creating vt-tcp socket !
Connecting to lower ranked node: 21 at 10.1.38.134:10000
Connecting .. Socket: 4137, src-port: 40007
Waking up connected socket !
Socket connect success. socket = 4137
Connecting through vt-tcp success !
Successfully connected to lower ranked node: 21 at 10.1.38.134:10000
Adding new vt-tcp-socket !
Creating vt-tcp socket !
Connecting to lower ranked node: 20 at 10.1.38.138:10000
Connecting .. Socket: 4138, src-port: 40008
Waking up connected socket !
Socket connect success. socket = 4138
Connecting through vt-tcp success !
Successfully connected to lower ranked node: 20 at 10.1.38.138:10000
Adding new vt-tcp-socket !
Creating vt-tcp socket !
Connecting to lower ranked node: 19 at 10.1.38.142:10000
Connecting .. Socket: 4139, src-port: 40009
Waking up connected socket !
Socket connect success. socket = 4139
Connecting through vt-tcp success !
Successfully connected to lower ranked node: 19 at 10.1.38.142:10000
Adding new vt-tcp-socket !
Creating vt-tcp socket !
Connecting to lower ranked node: 18 at 10.1.38.146:10000
Connecting .. Socket: 4140, src-port: 40010
Waking up connected socket !
Socket connect success. socket = 4140
Connecting through vt-tcp success !
Successfully connected to lower ranked node: 18 at 10.1.38.146:10000
Adding new vt-tcp-socket !
Creating vt-tcp socket !
Connecting to lower ranked node: 17 at 10.1.38.150:10000
Connecting .. Socket: 4141, src-port: 40011
Waking up connected socket !
Socket connect success. socket = 4141
Connecting through vt-tcp success !
Successfully connected to lower ranked node: 17 at 10.1.38.150:10000
Adding new vt-tcp-socket !
Creating vt-tcp socket !
Connecting to lower ranked node: 16 at 10.1.38.118:10000
Connecting .. Socket: 4142, src-port: 40012
Waking up connected socket !
Socket connect success. socket = 4142
Connecting through vt-tcp success !
Successfully connected to lower ranked node: 16 at 10.1.38.118:10000
Adding new vt-tcp-socket !
Creating vt-tcp socket !
Connecting to lower ranked node: 15 at 10.1.38.158:10000
Connecting .. Socket: 4143, src-port: 40013
Waking up connected socket !
Socket connect success. socket = 4143
Connecting through vt-tcp success !
Successfully connected to lower ranked node: 15 at 10.1.38.158:10000
Adding new vt-tcp-socket !
Creating vt-tcp socket !
Connecting to lower ranked node: 14 at 10.1.38.162:10000
Connecting .. Socket: 4144, src-port: 40014
Waking up connected socket !
Socket connect success. socket = 4144
Connecting through vt-tcp success !
Successfully connected to lower ranked node: 14 at 10.1.38.162:10000
Adding new vt-tcp-socket !
Creating vt-tcp socket !
Connecting to lower ranked node: 13 at 10.1.38.166:10000
Connecting .. Socket: 4145, src-port: 40015
Waking up connected socket !
Socket connect success. socket = 4145
Connecting through vt-tcp success !
Successfully connected to lower ranked node: 13 at 10.1.38.166:10000
Adding new vt-tcp-socket !
Creating vt-tcp socket !
Connecting to lower ranked node: 12 at 10.1.38.170:10000
Connecting .. Socket: 4146, src-port: 40016
Waking up connected socket !
Socket connect success. socket = 4146
Connecting through vt-tcp success !
Successfully connected to lower ranked node: 12 at 10.1.38.170:10000
Adding new vt-tcp-socket !
Creating vt-tcp socket !
Connecting to lower ranked node: 11 at 10.1.38.174:10000
Connecting .. Socket: 4147, src-port: 40017
Waking up connected socket !
Socket connect success. socket = 4147
Connecting through vt-tcp success !
Successfully connected to lower ranked node: 11 at 10.1.38.174:10000
Adding new vt-tcp-socket !
Creating vt-tcp socket !
Connecting to lower ranked node: 10 at 10.1.38.178:10000
Connecting .. Socket: 4148, src-port: 40018
Waking up connected socket !
Socket connect success. socket = 4148
Connecting through vt-tcp success !
Successfully connected to lower ranked node: 10 at 10.1.38.178:10000
Adding new vt-tcp-socket !
Creating vt-tcp socket !
Connecting to lower ranked node: 9 at 10.1.38.182:10000
Connecting .. Socket: 4149, src-port: 40019
Waking up connected socket !
Socket connect success. socket = 4149
Connecting through vt-tcp success !
Successfully connected to lower ranked node: 9 at 10.1.38.182:10000
Adding new vt-tcp-socket !
Creating vt-tcp socket !
Connecting to lower ranked node: 8 at 10.1.38.186:10000
Connecting .. Socket: 4150, src-port: 40020
Waking up connected socket !
Socket connect success. socket = 4150
Connecting through vt-tcp success !
Successfully connected to lower ranked node: 8 at 10.1.38.186:10000
Adding new vt-tcp-socket !
Creating vt-tcp socket !
Connecting to lower ranked node: 7 at 10.1.38.82:10000
Connecting .. Socket: 4151, src-port: 40021
Waking up connected socket !
Socket connect success. socket = 4151
Connecting through vt-tcp success !
Successfully connected to lower ranked node: 7 at 10.1.38.82:10000
Adding new vt-tcp-socket !
Creating vt-tcp socket !
Connecting to lower ranked node: 6 at 10.1.38.50:10000
Connecting .. Socket: 4152, src-port: 40022
Waking up connected socket !
Socket connect success. socket = 4152
Connecting through vt-tcp success !
Successfully connected to lower ranked node: 6 at 10.1.38.50:10000
Adding new vt-tcp-socket !
Creating vt-tcp socket !
Connecting to lower ranked node: 5 at 10.1.38.54:10000
Connecting .. Socket: 4153, src-port: 40023
Waking up connected socket !
Socket connect success. socket = 4153
Connecting through vt-tcp success !
Successfully connected to lower ranked node: 5 at 10.1.38.54:10000
Adding new vt-tcp-socket !
Creating vt-tcp socket !
Connecting to lower ranked node: 4 at 10.1.38.58:10000
Connecting .. Socket: 4154, src-port: 40024
Waking up connected socket !
Socket connect success. socket = 4154
Connecting through vt-tcp success !
Successfully connected to lower ranked node: 4 at 10.1.38.58:10000
Adding new vt-tcp-socket !
Creating vt-tcp socket !
Connecting to lower ranked node: 3 at 10.1.38.62:10000
Connecting .. Socket: 4155, src-port: 40025
Waking up connected socket !
Socket connect success. socket = 4155
Connecting through vt-tcp success !
Successfully connected to lower ranked node: 3 at 10.1.38.62:10000
Adding new vt-tcp-socket !
Creating vt-tcp socket !
Connecting to lower ranked node: 2 at 10.1.38.66:10000
Connecting .. Socket: 4156, src-port: 40026
Waking up connected socket !
Socket connect success. socket = 4156
Connecting through vt-tcp success !
Successfully connected to lower ranked node: 2 at 10.1.38.66:10000
Adding new vt-tcp-socket !
Creating vt-tcp socket !
Connecting to lower ranked node: 1 at 10.1.38.70:10000
Connecting .. Socket: 4157, src-port: 40027
Waking up connected socket !
Socket connect success. socket = 4157
Connecting through vt-tcp success !
Successfully connected to lower ranked node: 1 at 10.1.38.70:10000
Adding new vt-tcp-socket !
Creating vt-tcp socket !
Connecting to lower ranked node: 0 at 10.1.38.74:10000
Connecting .. Socket: 4158, src-port: 40028
Waking up connected socket !
Socket connect success. socket = 4158
Connecting through vt-tcp success !
Successfully connected to lower ranked node: 0 at 10.1.38.74:10000

---------------- Creating listen Thread ! --------------

---------------- MPI-Init success ! --------------
Waiting to receive partition information from master !
Adding new Thread: 8
Signal Burst Completion: Flushing Data Cache !
Resuming new Thread with Burst of length: 5400
Trigger syscall finish: 6, currActiveThreadID = 8, myThreadID = 6. Flushing Data Cache !
Process 28 computing itegral over my_a = 14.500000, my_b= 14.666667
Called SetLoopLookahead: init: 0, final: 100000000, step: 1, loopDepth: 0, cumulative-num-iterations: 100000000, look-ahead-ns: 518518496
Before rcv-wnd: seq: 1, rcv_nxt: 5
Before rcv-wnd: seq: 1, rcv_nxt: 5
Before rcv-wnd: seq: 1, rcv_nxt: 5
Before rcv-wnd: seq: 1, rcv_nxt: 5
tcp-rto: snd_una: 1, rto: 400, backoff: 1, sock-fd = 4150
tcp-rto: snd_una: 1, rto: 400, backoff: 1, sock-fd = 4155
Avg-Compute-Communication-Ratio = 2195.483051
Process 28 contributed MY_TOTAL = 0.391397, my_a = 14.500000, my_b= 14.666667
Integral: 0 computed

------------------------------------------------------------------------------
Waiting to receive partition information from master !
Process 28 computing itegral over my_a = 24.500000, my_b= 24.666667
Called SetLoopLookahead: init: 0, final: 100000000, step: 1, loopDepth: 0, cumulative-num-iterations: 100000000, look-ahead-ns: 518518496
Avg-Compute-Communication-Ratio = 1850.478571
Process 28 contributed MY_TOTAL = 1.107069, my_a = 24.500000, my_b= 24.666667
Integral: 1 computed

------------------------------------------------------------------------------
Waiting to receive partition information from master !
Process 28 computing itegral over my_a = 34.500000, my_b= 34.666667
Called SetLoopLookahead: init: 0, final: 100000000, step: 1, loopDepth: 0, cumulative-num-iterations: 100000000, look-ahead-ns: 518518496
Avg-Compute-Communication-Ratio = 1754.404063
Process 28 contributed MY_TOTAL = 2.186642, my_a = 34.500000, my_b= 34.666667
Integral: 2 computed

------------------------------------------------------------------------------
Waiting to receive partition information from master !
Process 28 computing itegral over my_a = 44.500000, my_b= 44.666667
Called SetLoopLookahead: init: 0, final: 100000000, step: 1, loopDepth: 0, cumulative-num-iterations: 100000000, look-ahead-ns: 518518496
Avg-Compute-Communication-Ratio = 1715.675497
Process 28 contributed MY_TOTAL = 3.630117, my_a = 44.500000, my_b= 44.666667
Integral: 3 computed

------------------------------------------------------------------------------
Waiting to receive partition information from master !
Process 28 computing itegral over my_a = 54.500000, my_b= 54.666667
Called SetLoopLookahead: init: 0, final: 100000000, step: 1, loopDepth: 0, cumulative-num-iterations: 100000000, look-ahead-ns: 518518496
Avg-Compute-Communication-Ratio = 1682.253247
Process 28 contributed MY_TOTAL = 5.437493, my_a = 54.500000, my_b= 54.666667
Integral: 4 computed

------------------------------------------------------------------------------
Waiting to receive partition information from master !
Process 28 computing itegral over my_a = 64.500000, my_b= 64.666667
Called SetLoopLookahead: init: 0, final: 100000000, step: 1, loopDepth: 0, cumulative-num-iterations: 100000000, look-ahead-ns: 518518496
Avg-Compute-Communication-Ratio = 1675.002155
Process 28 contributed MY_TOTAL = 7.608769, my_a = 64.500000, my_b= 64.666667
Integral: 5 computed

------------------------------------------------------------------------------
Waiting to receive partition information from master !
Process 28 computing itegral over my_a = 74.500000, my_b= 74.666667
Called SetLoopLookahead: init: 0, final: 100000000, step: 1, loopDepth: 0, cumulative-num-iterations: 100000000, look-ahead-ns: 518518496
Avg-Compute-Communication-Ratio = 1660.685897
Process 28 contributed MY_TOTAL = 10.143947, my_a = 74.500000, my_b= 74.666667
Integral: 6 computed

------------------------------------------------------------------------------
Waiting to receive partition information from master !
Process 28 computing itegral over my_a = 84.500000, my_b= 84.666667
Called SetLoopLookahead: init: 0, final: 100000000, step: 1, loopDepth: 0, cumulative-num-iterations: 100000000, look-ahead-ns: 518518496
Avg-Compute-Communication-Ratio = 1648.795545
Process 28 contributed MY_TOTAL = 13.043027, my_a = 84.500000, my_b= 84.666667
Integral: 7 computed

------------------------------------------------------------------------------
Waiting to receive partition information from master !
Process 28 computing itegral over my_a = 94.500000, my_b= 94.666667
Called SetLoopLookahead: init: 0, final: 100000000, step: 1, loopDepth: 0, cumulative-num-iterations: 100000000, look-ahead-ns: 518518496
Avg-Compute-Communication-Ratio = 1645.450247
Process 28 contributed MY_TOTAL = 16.306007, my_a = 94.500000, my_b= 94.666667
Integral: 8 computed

------------------------------------------------------------------------------
Waiting to receive partition information from master !
Process 28 computing itegral over my_a = 104.500000, my_b= 104.666667
Called SetLoopLookahead: init: 0, final: 100000000, step: 1, loopDepth: 0, cumulative-num-iterations: 100000000, look-ahead-ns: 518518496
Avg-Compute-Communication-Ratio = 1639.664557
Process 28 contributed MY_TOTAL = 19.932888, my_a = 104.500000, my_b= 104.666667
Integral: 9 computed

------------------------------------------------------------------------------
Waiting to receive partition information from master !
Process 28 computing itegral over my_a = 114.500000, my_b= 114.666667
Called SetLoopLookahead: init: 0, final: 100000000, step: 1, loopDepth: 0, cumulative-num-iterations: 100000000, look-ahead-ns: 518518496
Avg-Compute-Communication-Ratio = 1637.779885
Process 28 contributed MY_TOTAL = 23.923671, my_a = 114.500000, my_b= 114.666667
Integral: 10 computed

------------------------------------------------------------------------------
Waiting to receive partition information from master !
Process 28 computing itegral over my_a = 124.500000, my_b= 124.666667
Called SetLoopLookahead: init: 0, final: 100000000, step: 1, loopDepth: 0, cumulative-num-iterations: 100000000, look-ahead-ns: 518518496
Avg-Compute-Communication-Ratio = 1631.918110
Process 28 contributed MY_TOTAL = 28.278355, my_a = 124.500000, my_b= 124.666667
Integral: 11 computed

------------------------------------------------------------------------------
Waiting to receive partition information from master !
Process 28 computing itegral over my_a = 134.500000, my_b= 134.666667
Called SetLoopLookahead: init: 0, final: 100000000, step: 1, loopDepth: 0, cumulative-num-iterations: 100000000, look-ahead-ns: 518518496
Avg-Compute-Communication-Ratio = 1632.511391
Process 28 contributed MY_TOTAL = 32.996940, my_a = 134.500000, my_b= 134.666667
Integral: 12 computed

------------------------------------------------------------------------------
Waiting to receive partition information from master !
Process 28 computing itegral over my_a = 144.500000, my_b= 144.666667
Called SetLoopLookahead: init: 0, final: 100000000, step: 1, loopDepth: 0, cumulative-num-iterations: 100000000, look-ahead-ns: 518518496
Avg-Compute-Communication-Ratio = 1631.551057
Process 28 contributed MY_TOTAL = 38.079426, my_a = 144.500000, my_b= 144.666667
Integral: 13 computed

------------------------------------------------------------------------------
Waiting to receive partition information from master !
Process 28 computing itegral over my_a = 154.500000, my_b= 154.666667
Called SetLoopLookahead: init: 0, final: 100000000, step: 1, loopDepth: 0, cumulative-num-iterations: 100000000, look-ahead-ns: 518518496
Avg-Compute-Communication-Ratio = 1627.305276
Process 28 contributed MY_TOTAL = 43.525813, my_a = 154.500000, my_b= 154.666667
Integral: 14 computed

------------------------------------------------------------------------------
Waiting to receive partition information from master !
Process 28 computing itegral over my_a = 164.500000, my_b= 164.666667
Called SetLoopLookahead: init: 0, final: 100000000, step: 1, loopDepth: 0, cumulative-num-iterations: 100000000, look-ahead-ns: 518518496
Avg-Compute-Communication-Ratio = 1626.794349
Process 28 contributed MY_TOTAL = 49.336101, my_a = 164.500000, my_b= 164.666667
Integral: 15 computed

------------------------------------------------------------------------------
Waiting to receive partition information from master !
Process 28 computing itegral over my_a = 174.500000, my_b= 174.666667
Called SetLoopLookahead: init: 0, final: 100000000, step: 1, loopDepth: 0, cumulative-num-iterations: 100000000, look-ahead-ns: 518518496
Avg-Compute-Communication-Ratio = 1625.743448
Process 28 contributed MY_TOTAL = 55.510291, my_a = 174.500000, my_b= 174.666667
Integral: 16 computed

------------------------------------------------------------------------------
Waiting to receive partition information from master !
Process 28 computing itegral over my_a = 184.500000, my_b= 184.666667
Called SetLoopLookahead: init: 0, final: 100000000, step: 1, loopDepth: 0, cumulative-num-iterations: 100000000, look-ahead-ns: 518518496
Avg-Compute-Communication-Ratio = 1623.113818
Process 28 contributed MY_TOTAL = 62.048381, my_a = 184.500000, my_b= 184.666667
Integral: 17 computed

------------------------------------------------------------------------------
Waiting to receive partition information from master !
Process 28 computing itegral over my_a = 194.500000, my_b= 194.666667
Called SetLoopLookahead: init: 0, final: 100000000, step: 1, loopDepth: 0, cumulative-num-iterations: 100000000, look-ahead-ns: 518518496
Avg-Compute-Communication-Ratio = 1623.976575
Process 28 contributed MY_TOTAL = 68.950373, my_a = 194.500000, my_b= 194.666667
Integral: 18 computed

------------------------------------------------------------------------------
Waiting to receive partition information from master !
Process 28 computing itegral over my_a = 204.500000, my_b= 204.666667
Called SetLoopLookahead: init: 0, final: 100000000, step: 1, loopDepth: 0, cumulative-num-iterations: 100000000, look-ahead-ns: 518518496
Exp finishing. Stopping stack thread with id: 6!

------------------------- ACTUAL STDOUT FROM EXECUTABLE ENDED -----------------------------

Process: 6 exiting VT experiment !
Main thread exiting. PID = 6
