Attempting to set static arp entries ...
Tracer: 45 >> Using SRC IP: 10.1.38.42 for any spawned virtual tcp-stacks
Tracer: 45 >> Updating firewall rules to drop outgoing TCP-RST packets
Attempting to set firewall rules ...
Tracer: 45 >> CMD TO RUN: /home/vignesh/VT-S3FNet/csudp/mpi_integral/mpi_int 44 61 10.1.38.42 > /home/vignesh/VT-S3FNet/experiment-data/MPI_LA_Disabled_nemus_61_mpi_int/worker44.log
args[0] = /home/vignesh/VT-S3FNet/csudp/mpi_integral/mpi_int
args[1] = 44
args[2] = 61
args[3] = 10.1.38.42
Setting appropriate environment variables ...
HOME DIRECTORY : /home/vignesh
Parsing TTN config file: /home/vignesh/.ttn/projects.db
Setting VT_L1_INS_CACHE_MISS_CYCLES to: 100
Setting VT_L1_INS_CACHE_LINES to: 64
Setting VT_L1_INS_CACHE_SIZE_KB to: 32
Setting VT_L1_INS_CACHE_ASSOC to: 8
Setting VT_L1_INS_CACHE_REPLACEMENT_POLICY to: LRU
Setting VT_L1_DATA_CACHE_MISS_CYCLES to: 100
Setting VT_L1_DATA_CACHE_LINES to: 64
Setting VT_L1_DATA_CACHE_SIZE_KB to: 32
Setting VT_L1_DATA_CACHE_ASSOC to: 8
Setting VT_L1_DATA_CACHE_REPLACEMENT_POLICY to: LRU
Setting VT_CPU_CYLES_NS to: 2.700000
Setting VT_NIC_SPEED_MBPS to: 1000.000000
Setting VT_TIMING_MODEL to: EMPIRICAL
Setting VT_BBL_LOOKAHEAD_FILE to: /home/vignesh/VT-S3FNet/csudp/mpi_integral/.ttn/lookahead/bbl_lookahead.info
Setting VT_LOOP_LOOKAHEAD_FILE to: /home/vignesh/VT-S3FNet/csudp/mpi_integral/.ttn/lookahead/loop_lookahead.info
Starting command: /home/vignesh/VT-S3FNet/csudp/mpi_integral/mpi_int
Loading orig functions !
Starting executable with Pid = 6
Loading pointers to VTL Logic functions
Loaded pointers to all VTL Logic functions
Now Initializing VT-Management 
Extracting env variables !
Extracted tracer-id: 45
Extracted exp-type: 2
Extracted cpu-cycles-ns: 2.700000
Extracted socket-layer-ip: 707133706
Starting VT-initialization !
Tracer-ID: 45, Timeline-ID: 45
Tracer registration for EXP_CS complete. TimelineID = 45, Return = 45
Tracer Adding to SQ. Tracer ID = 45
Parsing any provided lookahead information ...
Opening file: /home/vignesh/VT-S3FNet/csudp/mpi_integral/.ttn/lookahead/bbl_lookahead.info
File size: 176
mapped memblock size: 176
Finish offset: 18, Number of values: 18
Returning success !
Loaded BBL lookaheads for 18 basic blocks ...
Opening file: /home/vignesh/VT-S3FNet/csudp/mpi_integral/.ttn/lookahead/loop_lookahead.info
File size: 40
mapped memblock size: 40
Finish offset: 1, Number of values: 1
Returning success !
Loaded Loop lookaheads for 1 loops ...
VT initialization successfull !
Finished Initializing VT-Management 
Initializing TCP-stack ...
TCP stack unique-id: 456
Starting virtual socket layer stack-thread !
Pthread_create: vtStackThread special case
Successfully initialized VTL-Logic embedded into the executable

------------------------- ACTUAL STDOUT FROM EXECUTABLE STARTS -----------------------------

Rank = 44, Total = 61, IP = 10.1.38.42
Adding new vt-tcp-socket !
Creating vt-tcp socket !
bind through vt-tcp !
Server socket bound to ip:port: 10.1.38.42:10000
Waiting for OK message from other nodes !
Waiting for OK message !
listen through vt-tcp !
Accept through vt-tcp !
Successfully received OK message !

---------------- Waiting for higher ranked nodes to connect --------------
listen through vt-tcp !
Accepting connection from higher ranked node: 60
Accept through vt-tcp !
Entering time-wait from FIN_WAIT_2
Clearing all tcp timers !
Adding TcpLinger !
Accepted connection from higher ranked node: 60
Successfully connected with higher ranked node: 60
Accepting connection from higher ranked node: 59
Accept through vt-tcp !
Accepted connection from higher ranked node: 59
Successfully connected with higher ranked node: 59
Accepting connection from higher ranked node: 58
Accept through vt-tcp !
Accepted connection from higher ranked node: 58
Successfully connected with higher ranked node: 58
Accepting connection from higher ranked node: 57
Accept through vt-tcp !
Accepted connection from higher ranked node: 57
Successfully connected with higher ranked node: 57
Accepting connection from higher ranked node: 56
Accept through vt-tcp !
Accepted connection from higher ranked node: 56
Successfully connected with higher ranked node: 56
Accepting connection from higher ranked node: 55
Accept through vt-tcp !
Accepted connection from higher ranked node: 55
Successfully connected with higher ranked node: 55
Accepting connection from higher ranked node: 54
Accept through vt-tcp !
Accepted connection from higher ranked node: 54
Successfully connected with higher ranked node: 54
Accepting connection from higher ranked node: 53
Accept through vt-tcp !
Accepted connection from higher ranked node: 53
Successfully connected with higher ranked node: 53
Accepting connection from higher ranked node: 52
Accept through vt-tcp !
Accepted connection from higher ranked node: 52
Successfully connected with higher ranked node: 52
Accepting connection from higher ranked node: 51
Accept through vt-tcp !
Accepted connection from higher ranked node: 51
Successfully connected with higher ranked node: 51
Accepting connection from higher ranked node: 50
Accept through vt-tcp !
Accepted connection from higher ranked node: 50
Successfully connected with higher ranked node: 50
Accepting connection from higher ranked node: 49
Accept through vt-tcp !
Accepted connection from higher ranked node: 49
Successfully connected with higher ranked node: 49
Accepting connection from higher ranked node: 48
Accept through vt-tcp !
Accepted connection from higher ranked node: 48
Successfully connected with higher ranked node: 48
Accepting connection from higher ranked node: 47
Accept through vt-tcp !
Accepted connection from higher ranked node: 47
Successfully connected with higher ranked node: 47
Accepting connection from higher ranked node: 46
Accept through vt-tcp !
Accepted connection from higher ranked node: 46
Successfully connected with higher ranked node: 46
Accepting connection from higher ranked node: 45
Accept through vt-tcp !
Accepted connection from higher ranked node: 45
Successfully connected with higher ranked node: 45
Closing server socket: 4097
Clearing all tcp timers !
TCP-done for socket: 4097, err: -103

---------------- Connecting to lowed ranked nodes ! --------------
Adding new vt-tcp-socket !
Creating vt-tcp socket !
Connecting to lower ranked node: 43 at 10.1.37.194:10000
Connecting .. Socket: 4115, src-port: 40001
Socket: 4097 garbage collection
Freeing socket: 4097
Waking up connected socket !
Socket connect success. socket = 4115
Connecting through vt-tcp success !
Successfully connected to lower ranked node: 43 at 10.1.37.194:10000
Adding new vt-tcp-socket !
Creating vt-tcp socket !
Connecting to lower ranked node: 42 at 10.1.37.162:10000
Connecting .. Socket: 4116, src-port: 40002
Waking up connected socket !
Socket connect success. socket = 4116
Connecting through vt-tcp success !
Successfully connected to lower ranked node: 42 at 10.1.37.162:10000
Adding new vt-tcp-socket !
Creating vt-tcp socket !
Connecting to lower ranked node: 41 at 10.1.37.166:10000
Connecting .. Socket: 4117, src-port: 40003
Waking up connected socket !
Socket connect success. socket = 4117
Connecting through vt-tcp success !
Successfully connected to lower ranked node: 41 at 10.1.37.166:10000
Adding new vt-tcp-socket !
Creating vt-tcp socket !
Connecting to lower ranked node: 40 at 10.1.37.170:10000
Connecting .. Socket: 4118, src-port: 40004
Waking up connected socket !
Socket connect success. socket = 4118
Connecting through vt-tcp success !
Successfully connected to lower ranked node: 40 at 10.1.37.170:10000
Adding new vt-tcp-socket !
Creating vt-tcp socket !
Connecting to lower ranked node: 39 at 10.1.37.174:10000
Connecting .. Socket: 4119, src-port: 40005
Waking up connected socket !
Socket connect success. socket = 4119
Connecting through vt-tcp success !
Successfully connected to lower ranked node: 39 at 10.1.37.174:10000
Adding new vt-tcp-socket !
Creating vt-tcp socket !
Connecting to lower ranked node: 38 at 10.1.37.178:10000
Connecting .. Socket: 4120, src-port: 40006
Waking up connected socket !
Socket connect success. socket = 4120
Connecting through vt-tcp success !
Successfully connected to lower ranked node: 38 at 10.1.37.178:10000
Adding new vt-tcp-socket !
Creating vt-tcp socket !
Connecting to lower ranked node: 37 at 10.1.37.182:10000
Connecting .. Socket: 4121, src-port: 40007
Waking up connected socket !
Socket connect success. socket = 4121
Connecting through vt-tcp success !
Successfully connected to lower ranked node: 37 at 10.1.37.182:10000
Adding new vt-tcp-socket !
Creating vt-tcp socket !
Connecting to lower ranked node: 36 at 10.1.37.186:10000
Connecting .. Socket: 4122, src-port: 40008
Waking up connected socket !
Socket connect success. socket = 4122
Connecting through vt-tcp success !
Successfully connected to lower ranked node: 36 at 10.1.37.186:10000
Adding new vt-tcp-socket !
Creating vt-tcp socket !
Connecting to lower ranked node: 35 at 10.1.37.190:10000
Connecting .. Socket: 4123, src-port: 40009
Waking up connected socket !
Socket connect success. socket = 4123
Connecting through vt-tcp success !
Successfully connected to lower ranked node: 35 at 10.1.37.190:10000
Adding new vt-tcp-socket !
Creating vt-tcp socket !
Connecting to lower ranked node: 34 at 10.1.37.158:10000
Connecting .. Socket: 4124, src-port: 40010
Waking up connected socket !
Socket connect success. socket = 4124
Connecting through vt-tcp success !
Successfully connected to lower ranked node: 34 at 10.1.37.158:10000
Adding new vt-tcp-socket !
Creating vt-tcp socket !
Connecting to lower ranked node: 33 at 10.1.37.198:10000
Connecting .. Socket: 4125, src-port: 40011
Waking up connected socket !
Socket connect success. socket = 4125
Connecting through vt-tcp success !
Successfully connected to lower ranked node: 33 at 10.1.37.198:10000
Adding new vt-tcp-socket !
Creating vt-tcp socket !
Connecting to lower ranked node: 32 at 10.1.37.202:10000
Connecting .. Socket: 4126, src-port: 40012
Waking up connected socket !
Socket connect success. socket = 4126
Connecting through vt-tcp success !
Successfully connected to lower ranked node: 32 at 10.1.37.202:10000
Adding new vt-tcp-socket !
Creating vt-tcp socket !
Connecting to lower ranked node: 31 at 10.1.37.206:10000
Connecting .. Socket: 4127, src-port: 40013
Waking up connected socket !
Socket connect success. socket = 4127
Connecting through vt-tcp success !
Successfully connected to lower ranked node: 31 at 10.1.37.206:10000
Adding new vt-tcp-socket !
Creating vt-tcp socket !
Connecting to lower ranked node: 30 at 10.1.37.210:10000
Connecting .. Socket: 4128, src-port: 40014
Waking up connected socket !
Socket connect success. socket = 4128
Connecting through vt-tcp success !
Successfully connected to lower ranked node: 30 at 10.1.37.210:10000
Adding new vt-tcp-socket !
Creating vt-tcp socket !
Connecting to lower ranked node: 29 at 10.1.37.214:10000
Connecting .. Socket: 4129, src-port: 40015
Waking up connected socket !
Socket connect success. socket = 4129
Connecting through vt-tcp success !
Successfully connected to lower ranked node: 29 at 10.1.37.214:10000
Adding new vt-tcp-socket !
Creating vt-tcp socket !
Connecting to lower ranked node: 28 at 10.1.37.218:10000
Connecting .. Socket: 4130, src-port: 40016
Waking up connected socket !
Socket connect success. socket = 4130
Connecting through vt-tcp success !
Successfully connected to lower ranked node: 28 at 10.1.37.218:10000
Adding new vt-tcp-socket !
Creating vt-tcp socket !
Connecting to lower ranked node: 27 at 10.1.37.222:10000
Connecting .. Socket: 4131, src-port: 40017
Waking up connected socket !
Socket connect success. socket = 4131
Connecting through vt-tcp success !
Successfully connected to lower ranked node: 27 at 10.1.37.222:10000
Adding new vt-tcp-socket !
Creating vt-tcp socket !
Connecting to lower ranked node: 26 at 10.1.37.226:10000
Connecting .. Socket: 4132, src-port: 40018
Waking up connected socket !
Socket connect success. socket = 4132
Connecting through vt-tcp success !
Successfully connected to lower ranked node: 26 at 10.1.37.226:10000
Adding new vt-tcp-socket !
Creating vt-tcp socket !
Connecting to lower ranked node: 25 at 10.1.38.10:10000
Connecting .. Socket: 4133, src-port: 40019
Waking up connected socket !
Socket connect success. socket = 4133
Connecting through vt-tcp success !
Successfully connected to lower ranked node: 25 at 10.1.38.10:10000
Adding new vt-tcp-socket !
Creating vt-tcp socket !
Connecting to lower ranked node: 24 at 10.1.38.122:10000
Connecting .. Socket: 4134, src-port: 40020
Waking up connected socket !
Socket connect success. socket = 4134
Connecting through vt-tcp success !
Successfully connected to lower ranked node: 24 at 10.1.38.122:10000
Adding new vt-tcp-socket !
Creating vt-tcp socket !
Connecting to lower ranked node: 23 at 10.1.38.126:10000
Connecting .. Socket: 4135, src-port: 40021
Waking up connected socket !
Socket connect success. socket = 4135
Connecting through vt-tcp success !
Successfully connected to lower ranked node: 23 at 10.1.38.126:10000
Adding new vt-tcp-socket !
Creating vt-tcp socket !
Connecting to lower ranked node: 22 at 10.1.38.130:10000
Connecting .. Socket: 4136, src-port: 40022
Waking up connected socket !
Socket connect success. socket = 4136
Connecting through vt-tcp success !
Successfully connected to lower ranked node: 22 at 10.1.38.130:10000
Adding new vt-tcp-socket !
Creating vt-tcp socket !
Connecting to lower ranked node: 21 at 10.1.38.134:10000
Connecting .. Socket: 4137, src-port: 40023
Waking up connected socket !
Socket connect success. socket = 4137
Connecting through vt-tcp success !
Successfully connected to lower ranked node: 21 at 10.1.38.134:10000
Adding new vt-tcp-socket !
Creating vt-tcp socket !
Connecting to lower ranked node: 20 at 10.1.38.138:10000
Connecting .. Socket: 4138, src-port: 40024
Waking up connected socket !
Socket connect success. socket = 4138
Connecting through vt-tcp success !
Successfully connected to lower ranked node: 20 at 10.1.38.138:10000
Adding new vt-tcp-socket !
Creating vt-tcp socket !
Connecting to lower ranked node: 19 at 10.1.38.142:10000
Connecting .. Socket: 4139, src-port: 40025
Waking up connected socket !
Socket connect success. socket = 4139
Connecting through vt-tcp success !
Successfully connected to lower ranked node: 19 at 10.1.38.142:10000
Adding new vt-tcp-socket !
Creating vt-tcp socket !
Connecting to lower ranked node: 18 at 10.1.38.146:10000
Connecting .. Socket: 4140, src-port: 40026
Waking up connected socket !
Socket connect success. socket = 4140
Connecting through vt-tcp success !
Successfully connected to lower ranked node: 18 at 10.1.38.146:10000
Adding new vt-tcp-socket !
Creating vt-tcp socket !
Connecting to lower ranked node: 17 at 10.1.38.150:10000
Connecting .. Socket: 4141, src-port: 40027
Waking up connected socket !
Socket connect success. socket = 4141
Connecting through vt-tcp success !
Successfully connected to lower ranked node: 17 at 10.1.38.150:10000
Adding new vt-tcp-socket !
Creating vt-tcp socket !
Connecting to lower ranked node: 16 at 10.1.38.118:10000
Connecting .. Socket: 4142, src-port: 40028
Waking up connected socket !
Socket connect success. socket = 4142
Connecting through vt-tcp success !
Successfully connected to lower ranked node: 16 at 10.1.38.118:10000
Adding new vt-tcp-socket !
Creating vt-tcp socket !
Connecting to lower ranked node: 15 at 10.1.38.158:10000
Connecting .. Socket: 4143, src-port: 40029
Waking up connected socket !
Socket connect success. socket = 4143
Connecting through vt-tcp success !
Successfully connected to lower ranked node: 15 at 10.1.38.158:10000
Adding new vt-tcp-socket !
Creating vt-tcp socket !
Connecting to lower ranked node: 14 at 10.1.38.162:10000
Connecting .. Socket: 4144, src-port: 40030
Waking up connected socket !
Socket connect success. socket = 4144
Connecting through vt-tcp success !
Successfully connected to lower ranked node: 14 at 10.1.38.162:10000
Adding new vt-tcp-socket !
Creating vt-tcp socket !
Connecting to lower ranked node: 13 at 10.1.38.166:10000
Connecting .. Socket: 4145, src-port: 40031
Waking up connected socket !
Socket connect success. socket = 4145
Connecting through vt-tcp success !
Successfully connected to lower ranked node: 13 at 10.1.38.166:10000
Adding new vt-tcp-socket !
Creating vt-tcp socket !
Connecting to lower ranked node: 12 at 10.1.38.170:10000
Connecting .. Socket: 4146, src-port: 40032
Waking up connected socket !
Socket connect success. socket = 4146
Connecting through vt-tcp success !
Successfully connected to lower ranked node: 12 at 10.1.38.170:10000
Adding new vt-tcp-socket !
Creating vt-tcp socket !
Connecting to lower ranked node: 11 at 10.1.38.174:10000
Connecting .. Socket: 4147, src-port: 40033
Waking up connected socket !
Socket connect success. socket = 4147
Connecting through vt-tcp success !
Successfully connected to lower ranked node: 11 at 10.1.38.174:10000
Adding new vt-tcp-socket !
Creating vt-tcp socket !
Connecting to lower ranked node: 10 at 10.1.38.178:10000
Connecting .. Socket: 4148, src-port: 40034
Waking up connected socket !
Socket connect success. socket = 4148
Connecting through vt-tcp success !
Successfully connected to lower ranked node: 10 at 10.1.38.178:10000
Adding new vt-tcp-socket !
Creating vt-tcp socket !
Connecting to lower ranked node: 9 at 10.1.38.182:10000
Connecting .. Socket: 4149, src-port: 40035
Waking up connected socket !
Socket connect success. socket = 4149
Connecting through vt-tcp success !
Successfully connected to lower ranked node: 9 at 10.1.38.182:10000
Adding new vt-tcp-socket !
Creating vt-tcp socket !
Connecting to lower ranked node: 8 at 10.1.38.186:10000
Connecting .. Socket: 4150, src-port: 40036
Waking up connected socket !
Socket connect success. socket = 4150
Connecting through vt-tcp success !
Successfully connected to lower ranked node: 8 at 10.1.38.186:10000
Adding new vt-tcp-socket !
Creating vt-tcp socket !
Connecting to lower ranked node: 7 at 10.1.38.82:10000
Connecting .. Socket: 4151, src-port: 40037
Waking up connected socket !
Socket connect success. socket = 4151
Connecting through vt-tcp success !
Successfully connected to lower ranked node: 7 at 10.1.38.82:10000
Adding new vt-tcp-socket !
Creating vt-tcp socket !
Connecting to lower ranked node: 6 at 10.1.38.50:10000
Connecting .. Socket: 4152, src-port: 40038
Waking up connected socket !
Socket connect success. socket = 4152
Connecting through vt-tcp success !
Successfully connected to lower ranked node: 6 at 10.1.38.50:10000
Adding new vt-tcp-socket !
Creating vt-tcp socket !
Connecting to lower ranked node: 5 at 10.1.38.54:10000
Connecting .. Socket: 4153, src-port: 40039
Waking up connected socket !
Socket connect success. socket = 4153
Connecting through vt-tcp success !
Successfully connected to lower ranked node: 5 at 10.1.38.54:10000
Adding new vt-tcp-socket !
Creating vt-tcp socket !
Connecting to lower ranked node: 4 at 10.1.38.58:10000
Connecting .. Socket: 4154, src-port: 40040
Waking up connected socket !
Socket connect success. socket = 4154
Connecting through vt-tcp success !
Successfully connected to lower ranked node: 4 at 10.1.38.58:10000
Adding new vt-tcp-socket !
Creating vt-tcp socket !
Connecting to lower ranked node: 3 at 10.1.38.62:10000
Connecting .. Socket: 4155, src-port: 40041
Waking up connected socket !
Socket connect success. socket = 4155
Connecting through vt-tcp success !
Successfully connected to lower ranked node: 3 at 10.1.38.62:10000
Adding new vt-tcp-socket !
Creating vt-tcp socket !
Connecting to lower ranked node: 2 at 10.1.38.66:10000
Connecting .. Socket: 4156, src-port: 40042
Waking up connected socket !
Socket connect success. socket = 4156
Connecting through vt-tcp success !
Successfully connected to lower ranked node: 2 at 10.1.38.66:10000
Adding new vt-tcp-socket !
Creating vt-tcp socket !
Connecting to lower ranked node: 1 at 10.1.38.70:10000
Connecting .. Socket: 4157, src-port: 40043
Waking up connected socket !
Socket connect success. socket = 4157
Connecting through vt-tcp success !
Successfully connected to lower ranked node: 1 at 10.1.38.70:10000
Adding new vt-tcp-socket !
Creating vt-tcp socket !
Connecting to lower ranked node: 0 at 10.1.38.74:10000
Connecting .. Socket: 4158, src-port: 40044
Waking up connected socket !
Socket connect success. socket = 4158
Connecting through vt-tcp success !
Successfully connected to lower ranked node: 0 at 10.1.38.74:10000

---------------- Creating listen Thread ! --------------

---------------- MPI-Init success ! --------------
Waiting to receive partition information from master !
Adding new Thread: 8
Signal Burst Completion: Flushing Data Cache !
Resuming new Thread with Burst of length: 5400
Trigger syscall finish: 6, currActiveThreadID = 8, myThreadID = 6. Flushing Data Cache !
Process 44 computing itegral over my_a = 17.166667, my_b= 17.333333
Called SetLoopLookahead: init: 0, final: 100000000, step: 1, loopDepth: 0, cumulative-num-iterations: 100000000, look-ahead-ns: 518518496
tcp-linger 
Clearing all tcp timers !
TCP-done for socket: 4098, err: -110
Socket: 4098 garbage collection
Freeing socket: 4098
Before rcv-wnd: seq: 1, rcv_nxt: 5
Before rcv-wnd: seq: 1, rcv_nxt: 5
Before rcv-wnd: seq: 1, rcv_nxt: 5
tcp-rto: snd_una: 1, rto: 400, backoff: 1, sock-fd = 4116
tcp-rto: snd_una: 1, rto: 400, backoff: 1, sock-fd = 4126
tcp-rto: snd_una: 1, rto: 400, backoff: 1, sock-fd = 4153
tcp-rto: snd_una: 1, rto: 400, backoff: 1, sock-fd = 4154
tcp-rto: snd_una: 1, rto: 400, backoff: 1, sock-fd = 4156
Avg-Compute-Communication-Ratio = 1028.043651
Process 44 contributed MY_TOTAL = 0.546661, my_a = 17.166667, my_b= 17.333333
Integral: 0 computed

------------------------------------------------------------------------------
Waiting to receive partition information from master !
Process 44 computing itegral over my_a = 27.166667, my_b= 27.333333
Called SetLoopLookahead: init: 0, final: 100000000, step: 1, loopDepth: 0, cumulative-num-iterations: 100000000, look-ahead-ns: 518518496
Avg-Compute-Communication-Ratio = 1257.606796
Process 44 contributed MY_TOTAL = 1.359374, my_a = 27.166667, my_b= 27.333333
Integral: 1 computed

------------------------------------------------------------------------------
Waiting to receive partition information from master !
Process 44 computing itegral over my_a = 37.166667, my_b= 37.333333
Called SetLoopLookahead: init: 0, final: 100000000, step: 1, loopDepth: 0, cumulative-num-iterations: 100000000, look-ahead-ns: 518518496
Avg-Compute-Communication-Ratio = 1349.307292
Process 44 contributed MY_TOTAL = 2.535987, my_a = 37.166667, my_b= 37.333333
Integral: 2 computed

------------------------------------------------------------------------------
Waiting to receive partition information from master !
Process 44 computing itegral over my_a = 47.166667, my_b= 47.333333
Called SetLoopLookahead: init: 0, final: 100000000, step: 1, loopDepth: 0, cumulative-num-iterations: 100000000, look-ahead-ns: 518518496
Avg-Compute-Communication-Ratio = 1400.362162
Process 44 contributed MY_TOTAL = 4.076502, my_a = 47.166667, my_b= 47.333333
Integral: 3 computed

------------------------------------------------------------------------------
Waiting to receive partition information from master !
Process 44 computing itegral over my_a = 57.166667, my_b= 57.333333
Called SetLoopLookahead: init: 0, final: 100000000, step: 1, loopDepth: 0, cumulative-num-iterations: 100000000, look-ahead-ns: 518518496
Avg-Compute-Communication-Ratio = 1432.892699
Process 44 contributed MY_TOTAL = 5.980918, my_a = 57.166667, my_b= 57.333333
Integral: 4 computed

------------------------------------------------------------------------------
Waiting to receive partition information from master !
Process 44 computing itegral over my_a = 67.166667, my_b= 67.333333
Called SetLoopLookahead: init: 0, final: 100000000, step: 1, loopDepth: 0, cumulative-num-iterations: 100000000, look-ahead-ns: 518518496
Avg-Compute-Communication-Ratio = 1465.034873
Process 44 contributed MY_TOTAL = 8.249235, my_a = 67.166667, my_b= 67.333333
Integral: 5 computed

------------------------------------------------------------------------------
Waiting to receive partition information from master !
Process 44 computing itegral over my_a = 77.166667, my_b= 77.333333
Called SetLoopLookahead: init: 0, final: 100000000, step: 1, loopDepth: 0, cumulative-num-iterations: 100000000, look-ahead-ns: 518518496
Avg-Compute-Communication-Ratio = 1481.592320
Process 44 contributed MY_TOTAL = 10.881454, my_a = 77.166667, my_b= 77.333333
Integral: 6 computed

------------------------------------------------------------------------------
Waiting to receive partition information from master !
Process 44 computing itegral over my_a = 87.166667, my_b= 87.333333
Called SetLoopLookahead: init: 0, final: 100000000, step: 1, loopDepth: 0, cumulative-num-iterations: 100000000, look-ahead-ns: 518518496
Avg-Compute-Communication-Ratio = 1488.890805
Process 44 contributed MY_TOTAL = 13.877573, my_a = 87.166667, my_b= 87.333333
Integral: 7 computed

------------------------------------------------------------------------------
Waiting to receive partition information from master !
Process 44 computing itegral over my_a = 97.166667, my_b= 97.333333
Called SetLoopLookahead: init: 0, final: 100000000, step: 1, loopDepth: 0, cumulative-num-iterations: 100000000, look-ahead-ns: 518518496
Avg-Compute-Communication-Ratio = 1501.354153
Process 44 contributed MY_TOTAL = 17.237594, my_a = 97.166667, my_b= 97.333333
Integral: 8 computed

------------------------------------------------------------------------------
Waiting to receive partition information from master !
Process 44 computing itegral over my_a = 107.166667, my_b= 107.333333
Called SetLoopLookahead: init: 0, final: 100000000, step: 1, loopDepth: 0, cumulative-num-iterations: 100000000, look-ahead-ns: 518518496
Avg-Compute-Communication-Ratio = 1512.358436
Process 44 contributed MY_TOTAL = 20.961516, my_a = 107.166667, my_b= 107.333333
Integral: 9 computed

------------------------------------------------------------------------------
Waiting to receive partition information from master !
Process 44 computing itegral over my_a = 117.166667, my_b= 117.333333
Called SetLoopLookahead: init: 0, final: 100000000, step: 1, loopDepth: 0, cumulative-num-iterations: 100000000, look-ahead-ns: 518518496
Avg-Compute-Communication-Ratio = 1518.240277
Process 44 contributed MY_TOTAL = 25.049338, my_a = 117.166667, my_b= 117.333333
Integral: 10 computed

------------------------------------------------------------------------------
Waiting to receive partition information from master !
Process 44 computing itegral over my_a = 127.166667, my_b= 127.333333
Called SetLoopLookahead: init: 0, final: 100000000, step: 1, loopDepth: 0, cumulative-num-iterations: 100000000, look-ahead-ns: 518518496
Avg-Compute-Communication-Ratio = 1525.419038
Process 44 contributed MY_TOTAL = 29.501062, my_a = 127.166667, my_b= 127.333333
Integral: 11 computed

------------------------------------------------------------------------------
Waiting to receive partition information from master !
Process 44 computing itegral over my_a = 137.166667, my_b= 137.333333
Called SetLoopLookahead: init: 0, final: 100000000, step: 1, loopDepth: 0, cumulative-num-iterations: 100000000, look-ahead-ns: 518518496
Avg-Compute-Communication-Ratio = 1533.638889
Process 44 contributed MY_TOTAL = 34.316688, my_a = 137.166667, my_b= 137.333333
Integral: 12 computed

------------------------------------------------------------------------------
Waiting to receive partition information from master !
Process 44 computing itegral over my_a = 147.166667, my_b= 147.333333
Called SetLoopLookahead: init: 0, final: 100000000, step: 1, loopDepth: 0, cumulative-num-iterations: 100000000, look-ahead-ns: 518518496
Avg-Compute-Communication-Ratio = 1537.489614
Process 44 contributed MY_TOTAL = 39.496214, my_a = 147.166667, my_b= 147.333333
Integral: 13 computed

------------------------------------------------------------------------------
Waiting to receive partition information from master !
Process 44 computing itegral over my_a = 157.166667, my_b= 157.333333
Called SetLoopLookahead: init: 0, final: 100000000, step: 1, loopDepth: 0, cumulative-num-iterations: 100000000, look-ahead-ns: 518518496
Avg-Compute-Communication-Ratio = 1541.453788
Process 44 contributed MY_TOTAL = 45.039642, my_a = 157.166667, my_b= 157.333333
Integral: 14 computed

------------------------------------------------------------------------------
Waiting to receive partition information from master !
Process 44 computing itegral over my_a = 167.166667, my_b= 167.333333
Called SetLoopLookahead: init: 0, final: 100000000, step: 1, loopDepth: 0, cumulative-num-iterations: 100000000, look-ahead-ns: 518518496
Avg-Compute-Communication-Ratio = 1544.939247
Process 44 contributed MY_TOTAL = 50.946970, my_a = 167.166667, my_b= 167.333333
Integral: 15 computed

------------------------------------------------------------------------------
Waiting to receive partition information from master !
Process 44 computing itegral over my_a = 177.166667, my_b= 177.333333
Called SetLoopLookahead: init: 0, final: 100000000, step: 1, loopDepth: 0, cumulative-num-iterations: 100000000, look-ahead-ns: 518518496
Avg-Compute-Communication-Ratio = 1548.572082
Process 44 contributed MY_TOTAL = 57.218200, my_a = 177.166667, my_b= 177.333333
Integral: 16 computed

------------------------------------------------------------------------------
Waiting to receive partition information from master !
Process 44 computing itegral over my_a = 187.166667, my_b= 187.333333
Called SetLoopLookahead: init: 0, final: 100000000, step: 1, loopDepth: 0, cumulative-num-iterations: 100000000, look-ahead-ns: 518518496
Avg-Compute-Communication-Ratio = 1552.332224
Process 44 contributed MY_TOTAL = 63.853331, my_a = 187.166667, my_b= 187.333333
Integral: 17 computed

------------------------------------------------------------------------------
Waiting to receive partition information from master !
Process 44 computing itegral over my_a = 197.166667, my_b= 197.333333
Called SetLoopLookahead: init: 0, final: 100000000, step: 1, loopDepth: 0, cumulative-num-iterations: 100000000, look-ahead-ns: 518518496
Avg-Compute-Communication-Ratio = 1555.712073
Process 44 contributed MY_TOTAL = 70.852363, my_a = 197.166667, my_b= 197.333333
Integral: 18 computed

------------------------------------------------------------------------------
Waiting to receive partition information from master !
Process 44 computing itegral over my_a = 207.166667, my_b= 207.333333
Called SetLoopLookahead: init: 0, final: 100000000, step: 1, loopDepth: 0, cumulative-num-iterations: 100000000, look-ahead-ns: 518518496
Exp finishing. Stopping stack thread with id: 6!

------------------------- ACTUAL STDOUT FROM EXECUTABLE ENDED -----------------------------

Process: 6 exiting VT experiment !
Main thread exiting. PID = 6
