Attempting to set static arp entries ...
Tracer: 61 >> Using SRC IP: 10.1.35.22 for any spawned virtual tcp-stacks
Tracer: 61 >> Updating firewall rules to drop outgoing TCP-RST packets
Attempting to set firewall rules ...
Tracer: 61 >> CMD TO RUN: /home/vignesh/VT-S3FNet/csudp/mpi_matrix/mpi_mm 60 61 10.1.35.22 > /home/vignesh/VT-S3FNet/experiment-data/MPI_LA_Enabled_nemus_61_mpi_mm/worker60.log
args[0] = /home/vignesh/VT-S3FNet/csudp/mpi_matrix/mpi_mm
args[1] = 60
args[2] = 61
args[3] = 10.1.35.22
Setting appropriate environment variables ...
HOME DIRECTORY : /home/vignesh
Parsing TTN config file: /home/vignesh/.ttn/projects.db
Setting VT_L1_INS_CACHE_MISS_CYCLES to: 100
Setting VT_L1_INS_CACHE_LINES to: 64
Setting VT_L1_INS_CACHE_SIZE_KB to: 32
Setting VT_L1_INS_CACHE_ASSOC to: 8
Setting VT_L1_INS_CACHE_REPLACEMENT_POLICY to: LRU
Setting VT_L1_DATA_CACHE_MISS_CYCLES to: 100
Setting VT_L1_DATA_CACHE_LINES to: 64
Setting VT_L1_DATA_CACHE_SIZE_KB to: 32
Setting VT_L1_DATA_CACHE_ASSOC to: 8
Setting VT_L1_DATA_CACHE_REPLACEMENT_POLICY to: LRU
Setting VT_CPU_CYLES_NS to: 2.700000
Setting VT_NIC_SPEED_MBPS to: 1000.000000
Setting VT_TIMING_MODEL to: EMPIRICAL
Setting VT_BBL_LOOKAHEAD_FILE to: /home/vignesh/VT-S3FNet/csudp/mpi_matrix/.ttn/lookahead/bbl_lookahead.info
Setting VT_LOOP_LOOKAHEAD_FILE to: /home/vignesh/VT-S3FNet/csudp/mpi_matrix/.ttn/lookahead/loop_lookahead.info
Starting command: /home/vignesh/VT-S3FNet/csudp/mpi_matrix/mpi_mm
Loading orig functions !
Starting executable with Pid = 6
Loading pointers to VTL Logic functions
Loaded pointers to all VTL Logic functions
Now Initializing VT-Management 
Extracting env variables !
Extracted tracer-id: 61
Extracted exp-type: 2
Extracted cpu-cycles-ns: 2.700000
Extracted socket-layer-ip: 371392778
Starting VT-initialization !
Tracer-ID: 61, Timeline-ID: 61
Tracer registration for EXP_CS complete. TimelineID = 61, Return = 61
Tracer Adding to SQ. Tracer ID = 61
Parsing any provided lookahead information ...
Opening file: /home/vignesh/VT-S3FNet/csudp/mpi_matrix/.ttn/lookahead/bbl_lookahead.info
File size: 344
mapped memblock size: 344
Finish offset: 39, Number of values: 39
Returning success !
Loaded BBL lookaheads for 39 basic blocks ...
Opening file: /home/vignesh/VT-S3FNet/csudp/mpi_matrix/.ttn/lookahead/loop_lookahead.info
File size: 128
mapped memblock size: 128
Finish offset: 12, Number of values: 12
Returning success !
Loaded Loop lookaheads for 12 loops ...
VT initialization successfull !
Finished Initializing VT-Management 
Initializing TCP-stack ...
TCP stack unique-id: 616
Starting virtual socket layer stack-thread !
Pthread_create: vtStackThread special case
Successfully initialized VTL-Logic embedded into the executable

------------------------- ACTUAL STDOUT FROM EXECUTABLE STARTS -----------------------------

Rank = 60, Total = 61, IP = 10.1.35.22
Adding new vt-tcp-socket !
Creating vt-tcp socket !
bind through vt-tcp !
Server socket bound to ip:port: 10.1.35.22:10000
Last node: Sending Ok msg to all nodes!
Adding new vt-tcp-socket !
Creating vt-tcp socket !
Connecting to : 10.1.38.74:10000 to send OK message
Connecting .. Socket: 4098, src-port: 40001
Waking up connected socket !
Socket connect success. socket = 4098
Connecting through vt-tcp success !
Successfully sent OK message !
Adding new vt-tcp-socket !
Creating vt-tcp socket !
Connecting to : 10.1.38.70:10000 to send OK message
Connecting .. Socket: 4099, src-port: 40002
Waking up connected socket !
Socket connect success. socket = 4099
Connecting through vt-tcp success !
Successfully sent OK message !
Adding new vt-tcp-socket !
Creating vt-tcp socket !
Connecting to : 10.1.38.66:10000 to send OK message
Connecting .. Socket: 4100, src-port: 40003
Waking up connected socket !
Socket connect success. socket = 4100
Connecting through vt-tcp success !
Successfully sent OK message !
Adding new vt-tcp-socket !
Creating vt-tcp socket !
Connecting to : 10.1.38.62:10000 to send OK message
Connecting .. Socket: 4101, src-port: 40004
Transmitting fin packet 
Waking up connected socket !
Socket connect success. socket = 4101
Connecting through vt-tcp success !
Successfully sent OK message !
Adding new vt-tcp-socket !
Creating vt-tcp socket !
Connecting to : 10.1.38.58:10000 to send OK message
Connecting .. Socket: 4102, src-port: 40005
Transmitting fin packet 
Waking up connected socket !
Socket connect success. socket = 4102
Connecting through vt-tcp success !
Successfully sent OK message !
Adding new vt-tcp-socket !
Creating vt-tcp socket !
Connecting to : 10.1.38.54:10000 to send OK message
Connecting .. Socket: 4103, src-port: 40006
Waking up connected socket !
Socket connect success. socket = 4103
Connecting through vt-tcp success !
Successfully sent OK message !
Adding new vt-tcp-socket !
Creating vt-tcp socket !
Connecting to : 10.1.38.50:10000 to send OK message
Connecting .. Socket: 4104, src-port: 40007
Waking up connected socket !
Socket connect success. socket = 4104
Connecting through vt-tcp success !
Successfully sent OK message !
Adding new vt-tcp-socket !
Creating vt-tcp socket !
Connecting to : 10.1.38.82:10000 to send OK message
Connecting .. Socket: 4105, src-port: 40008
Waking up connected socket !
Socket connect success. socket = 4105
Connecting through vt-tcp success !
Successfully sent OK message !
Adding new vt-tcp-socket !
Creating vt-tcp socket !
Connecting to : 10.1.38.186:10000 to send OK message
Connecting .. Socket: 4106, src-port: 40009
Transmitting fin packet 
Waking up connected socket !
Socket connect success. socket = 4106
Connecting through vt-tcp success !
Successfully sent OK message !
Adding new vt-tcp-socket !
Creating vt-tcp socket !
Connecting to : 10.1.38.182:10000 to send OK message
Connecting .. Socket: 4107, src-port: 40010
Waking up connected socket !
Socket connect success. socket = 4107
Connecting through vt-tcp success !
Successfully sent OK message !
Adding new vt-tcp-socket !
Creating vt-tcp socket !
Connecting to : 10.1.38.178:10000 to send OK message
Connecting .. Socket: 4108, src-port: 40011
Waking up connected socket !
Socket connect success. socket = 4108
Connecting through vt-tcp success !
Successfully sent OK message !
Adding new vt-tcp-socket !
Creating vt-tcp socket !
Connecting to : 10.1.38.174:10000 to send OK message
Connecting .. Socket: 4109, src-port: 40012
Waking up connected socket !
Socket connect success. socket = 4109
Connecting through vt-tcp success !
Successfully sent OK message !
Adding new vt-tcp-socket !
Creating vt-tcp socket !
Connecting to : 10.1.38.170:10000 to send OK message
Connecting .. Socket: 4110, src-port: 40013
Transmitting fin packet 
Waking up connected socket !
Socket connect success. socket = 4110
Connecting through vt-tcp success !
Successfully sent OK message !
Adding new vt-tcp-socket !
Creating vt-tcp socket !
Connecting to : 10.1.38.166:10000 to send OK message
Connecting .. Socket: 4111, src-port: 40014
Transmitting fin packet 
Waking up connected socket !
Socket connect success. socket = 4111
Connecting through vt-tcp success !
Successfully sent OK message !
Adding new vt-tcp-socket !
Creating vt-tcp socket !
Connecting to : 10.1.38.162:10000 to send OK message
Connecting .. Socket: 4112, src-port: 40015
Waking up connected socket !
Socket connect success. socket = 4112
Connecting through vt-tcp success !
Successfully sent OK message !
Adding new vt-tcp-socket !
Creating vt-tcp socket !
Connecting to : 10.1.38.158:10000 to send OK message
Connecting .. Socket: 4113, src-port: 40016
Transmitting fin packet 
Waking up connected socket !
Socket connect success. socket = 4113
Connecting through vt-tcp success !
Successfully sent OK message !
Adding new vt-tcp-socket !
Creating vt-tcp socket !
Connecting to : 10.1.38.118:10000 to send OK message
Connecting .. Socket: 4114, src-port: 40017
Transmitting fin packet 
Entering time-wait from FIN_WAIT_2
Clearing all tcp timers !
Adding TcpLinger !
Waking up connected socket !
Socket connect success. socket = 4114
Connecting through vt-tcp success !
Successfully sent OK message !
Adding new vt-tcp-socket !
Creating vt-tcp socket !
Connecting to : 10.1.38.150:10000 to send OK message
Connecting .. Socket: 4115, src-port: 40018
Received ack in time_wait !
Clearing all tcp timers !
TCP-done for socket: 4113, err: 0
Socket: 4113 garbage collection
Freeing socket: 4113
Waking up connected socket !
Socket connect success. socket = 4115
Connecting through vt-tcp success !
Successfully sent OK message !
Adding new vt-tcp-socket !
Creating vt-tcp socket !
Connecting to : 10.1.38.146:10000 to send OK message
Connecting .. Socket: 4116, src-port: 40019
Transmitting fin packet 
Waking up connected socket !
Socket connect success. socket = 4116
Connecting through vt-tcp success !
Successfully sent OK message !
Adding new vt-tcp-socket !
Creating vt-tcp socket !
Connecting to : 10.1.38.142:10000 to send OK message
Connecting .. Socket: 4117, src-port: 40020
Waking up connected socket !
Socket connect success. socket = 4117
Connecting through vt-tcp success !
Successfully sent OK message !
Adding new vt-tcp-socket !
Creating vt-tcp socket !
Connecting to : 10.1.38.138:10000 to send OK message
Connecting .. Socket: 4118, src-port: 40021
Waking up connected socket !
Socket connect success. socket = 4118
Connecting through vt-tcp success !
Successfully sent OK message !
Adding new vt-tcp-socket !
Creating vt-tcp socket !
Connecting to : 10.1.38.134:10000 to send OK message
Connecting .. Socket: 4119, src-port: 40022
Transmitting fin packet 
Waking up connected socket !
Socket connect success. socket = 4119
Connecting through vt-tcp success !
Successfully sent OK message !
Adding new vt-tcp-socket !
Creating vt-tcp socket !
Connecting to : 10.1.38.130:10000 to send OK message
Connecting .. Socket: 4120, src-port: 40023
Waking up connected socket !
Socket connect success. socket = 4120
Connecting through vt-tcp success !
Successfully sent OK message !
Adding new vt-tcp-socket !
Creating vt-tcp socket !
Connecting to : 10.1.38.126:10000 to send OK message
Connecting .. Socket: 4121, src-port: 40024
Transmitting fin packet 
Waking up connected socket !
Socket connect success. socket = 4121
Connecting through vt-tcp success !
Successfully sent OK message !
Adding new vt-tcp-socket !
Creating vt-tcp socket !
Connecting to : 10.1.38.122:10000 to send OK message
Connecting .. Socket: 4122, src-port: 40025
Transmitting fin packet 
Waking up connected socket !
Socket connect success. socket = 4122
Connecting through vt-tcp success !
Successfully sent OK message !
Adding new vt-tcp-socket !
Creating vt-tcp socket !
Connecting to : 10.1.38.10:10000 to send OK message
Connecting .. Socket: 4123, src-port: 40026
Transmitting fin packet 
Waking up connected socket !
Socket connect success. socket = 4123
Connecting through vt-tcp success !
Successfully sent OK message !
Adding new vt-tcp-socket !
Creating vt-tcp socket !
Connecting to : 10.1.37.226:10000 to send OK message
Connecting .. Socket: 4124, src-port: 40027
Waking up connected socket !
Socket connect success. socket = 4124
Connecting through vt-tcp success !
Successfully sent OK message !
Adding new vt-tcp-socket !
Creating vt-tcp socket !
Connecting to : 10.1.37.222:10000 to send OK message
Connecting .. Socket: 4125, src-port: 40028
Transmitting fin packet 
Waking up connected socket !
Socket connect success. socket = 4125
Connecting through vt-tcp success !
Successfully sent OK message !
Adding new vt-tcp-socket !
Creating vt-tcp socket !
Connecting to : 10.1.37.218:10000 to send OK message
Connecting .. Socket: 4126, src-port: 40029
Waking up connected socket !
Socket connect success. socket = 4126
Connecting through vt-tcp success !
Successfully sent OK message !
Adding new vt-tcp-socket !
Creating vt-tcp socket !
Connecting to : 10.1.37.214:10000 to send OK message
Connecting .. Socket: 4127, src-port: 40030
Waking up connected socket !
Socket connect success. socket = 4127
Connecting through vt-tcp success !
Successfully sent OK message !
Adding new vt-tcp-socket !
Creating vt-tcp socket !
Connecting to : 10.1.37.210:10000 to send OK message
Connecting .. Socket: 4128, src-port: 40031
Waking up connected socket !
Socket connect success. socket = 4128
Connecting through vt-tcp success !
Successfully sent OK message !
Adding new vt-tcp-socket !
Creating vt-tcp socket !
Connecting to : 10.1.37.206:10000 to send OK message
Connecting .. Socket: 4129, src-port: 40032
Waking up connected socket !
Socket connect success. socket = 4129
Connecting through vt-tcp success !
Successfully sent OK message !
Adding new vt-tcp-socket !
Creating vt-tcp socket !
Connecting to : 10.1.37.202:10000 to send OK message
Connecting .. Socket: 4130, src-port: 40033
Waking up connected socket !
Socket connect success. socket = 4130
Connecting through vt-tcp success !
Successfully sent OK message !
Adding new vt-tcp-socket !
Creating vt-tcp socket !
Connecting to : 10.1.37.198:10000 to send OK message
Connecting .. Socket: 4131, src-port: 40034
Waking up connected socket !
Socket connect success. socket = 4131
Connecting through vt-tcp success !
Successfully sent OK message !
Adding new vt-tcp-socket !
Creating vt-tcp socket !
Connecting to : 10.1.37.158:10000 to send OK message
Connecting .. Socket: 4132, src-port: 40035
Transmitting fin packet 
Waking up connected socket !
Socket connect success. socket = 4132
Connecting through vt-tcp success !
Successfully sent OK message !
Adding new vt-tcp-socket !
Creating vt-tcp socket !
Connecting to : 10.1.37.190:10000 to send OK message
Connecting .. Socket: 4133, src-port: 40036
Transmitting fin packet 
Waking up connected socket !
Socket connect success. socket = 4133
Connecting through vt-tcp success !
Successfully sent OK message !
Adding new vt-tcp-socket !
Creating vt-tcp socket !
Connecting to : 10.1.37.186:10000 to send OK message
Connecting .. Socket: 4134, src-port: 40037
Transmitting fin packet 
Waking up connected socket !
Socket connect success. socket = 4134
Connecting through vt-tcp success !
Successfully sent OK message !
Adding new vt-tcp-socket !
Creating vt-tcp socket !
Connecting to : 10.1.37.182:10000 to send OK message
Connecting .. Socket: 4135, src-port: 40038
Waking up connected socket !
Socket connect success. socket = 4135
Connecting through vt-tcp success !
Successfully sent OK message !
Adding new vt-tcp-socket !
Creating vt-tcp socket !
Connecting to : 10.1.37.178:10000 to send OK message
Connecting .. Socket: 4136, src-port: 40039
Waking up connected socket !
Socket connect success. socket = 4136
Connecting through vt-tcp success !
Successfully sent OK message !
Adding new vt-tcp-socket !
Creating vt-tcp socket !
Connecting to : 10.1.37.174:10000 to send OK message
Connecting .. Socket: 4137, src-port: 40040
Transmitting fin packet 
Waking up connected socket !
Socket connect success. socket = 4137
Connecting through vt-tcp success !
Successfully sent OK message !
Adding new vt-tcp-socket !
Creating vt-tcp socket !
Connecting to : 10.1.37.170:10000 to send OK message
Connecting .. Socket: 4138, src-port: 40041
Transmitting fin packet 
Waking up connected socket !
Socket connect success. socket = 4138
Connecting through vt-tcp success !
Successfully sent OK message !
Adding new vt-tcp-socket !
Creating vt-tcp socket !
Connecting to : 10.1.37.166:10000 to send OK message
Connecting .. Socket: 4139, src-port: 40042
Transmitting fin packet 
Waking up connected socket !
Socket connect success. socket = 4139
Connecting through vt-tcp success !
Successfully sent OK message !
Adding new vt-tcp-socket !
Creating vt-tcp socket !
Connecting to : 10.1.37.162:10000 to send OK message
Connecting .. Socket: 4140, src-port: 40043
Transmitting fin packet 
Waking up connected socket !
Socket connect success. socket = 4140
Connecting through vt-tcp success !
Successfully sent OK message !
Adding new vt-tcp-socket !
Creating vt-tcp socket !
Connecting to : 10.1.37.194:10000 to send OK message
Connecting .. Socket: 4141, src-port: 40044
Waking up connected socket !
Socket connect success. socket = 4141
Connecting through vt-tcp success !
Successfully sent OK message !
Adding new vt-tcp-socket !
Creating vt-tcp socket !
Connecting to : 10.1.38.42:10000 to send OK message
Connecting .. Socket: 4142, src-port: 40045
Transmitting fin packet 
Waking up connected socket !
Socket connect success. socket = 4142
Connecting through vt-tcp success !
Successfully sent OK message !
Adding new vt-tcp-socket !
Creating vt-tcp socket !
Connecting to : 10.1.38.38:10000 to send OK message
Connecting .. Socket: 4143, src-port: 40046
Waking up connected socket !
Socket connect success. socket = 4143
Connecting through vt-tcp success !
Successfully sent OK message !
Adding new vt-tcp-socket !
Creating vt-tcp socket !
Connecting to : 10.1.38.34:10000 to send OK message
Connecting .. Socket: 4144, src-port: 40047
Transmitting fin packet 
Waking up connected socket !
Socket connect success. socket = 4144
Connecting through vt-tcp success !
Successfully sent OK message !
Adding new vt-tcp-socket !
Creating vt-tcp socket !
Connecting to : 10.1.38.30:10000 to send OK message
Connecting .. Socket: 4145, src-port: 40048
Transmitting fin packet 
Waking up connected socket !
Socket connect success. socket = 4145
Connecting through vt-tcp success !
Successfully sent OK message !
Adding new vt-tcp-socket !
Creating vt-tcp socket !
Connecting to : 10.1.38.26:10000 to send OK message
Connecting .. Socket: 4146, src-port: 40049
Waking up connected socket !
Socket connect success. socket = 4146
Connecting through vt-tcp success !
Successfully sent OK message !
Adding new vt-tcp-socket !
Creating vt-tcp socket !
Connecting to : 10.1.38.22:10000 to send OK message
Connecting .. Socket: 4147, src-port: 40050
Waking up connected socket !
Socket connect success. socket = 4147
Connecting through vt-tcp success !
Successfully sent OK message !
Adding new vt-tcp-socket !
Creating vt-tcp socket !
Connecting to : 10.1.38.18:10000 to send OK message
Connecting .. Socket: 4148, src-port: 40051
Transmitting fin packet 
Waking up connected socket !
Socket connect success. socket = 4148
Connecting through vt-tcp success !
Successfully sent OK message !
Adding new vt-tcp-socket !
Creating vt-tcp socket !
Connecting to : 10.1.38.14:10000 to send OK message
Connecting .. Socket: 4149, src-port: 40052
Transmitting fin packet 
Waking up connected socket !
Socket connect success. socket = 4149
Connecting through vt-tcp success !
Successfully sent OK message !
Adding new vt-tcp-socket !
Creating vt-tcp socket !
Connecting to : 10.1.37.230:10000 to send OK message
Connecting .. Socket: 4150, src-port: 40053
Waking up connected socket !
Socket connect success. socket = 4150
Connecting through vt-tcp success !
Successfully sent OK message !
Adding new vt-tcp-socket !
Creating vt-tcp socket !
Connecting to : 10.1.38.6:10000 to send OK message
Connecting .. Socket: 4151, src-port: 40054
Transmitting fin packet 
Waking up connected socket !
Socket connect success. socket = 4151
Connecting through vt-tcp success !
Successfully sent OK message !
Adding new vt-tcp-socket !
Creating vt-tcp socket !
Connecting to : 10.1.38.2:10000 to send OK message
Connecting .. Socket: 4152, src-port: 40055
Transmitting fin packet 
Waking up connected socket !
Socket connect success. socket = 4152
Connecting through vt-tcp success !
Successfully sent OK message !
Adding new vt-tcp-socket !
Creating vt-tcp socket !
Connecting to : 10.1.37.254:10000 to send OK message
Connecting .. Socket: 4153, src-port: 40056
Waking up connected socket !
Socket connect success. socket = 4153
Connecting through vt-tcp success !
Successfully sent OK message !
Adding new vt-tcp-socket !
Creating vt-tcp socket !
Connecting to : 10.1.37.250:10000 to send OK message
Connecting .. Socket: 4154, src-port: 40057
Transmitting fin packet 
Entering time-wait from FIN_WAIT_2
Clearing all tcp timers !
Adding TcpLinger !
Transmitting fin packet 
Waking up connected socket !
Socket connect success. socket = 4154
Connecting through vt-tcp success !
Successfully sent OK message !
Adding new vt-tcp-socket !
Creating vt-tcp socket !
Connecting to : 10.1.37.246:10000 to send OK message
Connecting .. Socket: 4155, src-port: 40058
Received ack in time_wait !
Clearing all tcp timers !
TCP-done for socket: 4152, err: 0
Socket: 4152 garbage collection
Freeing socket: 4152
Transmitting fin packet 
Waking up connected socket !
Socket connect success. socket = 4155
Connecting through vt-tcp success !
Successfully sent OK message !
Adding new vt-tcp-socket !
Creating vt-tcp socket !
Connecting to : 10.1.37.242:10000 to send OK message
Connecting .. Socket: 4156, src-port: 40059
Waking up connected socket !
Socket connect success. socket = 4156
Connecting through vt-tcp success !
Successfully sent OK message !
Adding new vt-tcp-socket !
Creating vt-tcp socket !
Connecting to : 10.1.37.238:10000 to send OK message
Connecting .. Socket: 4157, src-port: 40060
Transmitting fin packet 
Entering time-wait from FIN_WAIT_2
Clearing all tcp timers !
Adding TcpLinger !
Transmitting fin packet 
Waking up connected socket !
Socket connect success. socket = 4157
Connecting through vt-tcp success !
Successfully sent OK message !

---------------- Waiting for higher ranked nodes to connect --------------
listen through vt-tcp !
Closing server socket: 4097
Clearing all tcp timers !
TCP-done for socket: 4097, err: -103

---------------- Connecting to lowed ranked nodes ! --------------
Adding new vt-tcp-socket !
Creating vt-tcp socket !
Connecting to lower ranked node: 59 at 10.1.37.238:10000
Connecting .. Socket: 4158, src-port: 40061
Socket: 4097 garbage collection
Freeing socket: 4097
Received ack in time_wait !
Clearing all tcp timers !
TCP-done for socket: 4155, err: 0
Socket: 4155 garbage collection
Freeing socket: 4155
Transmitting fin packet 
Entering time-wait from FIN_WAIT_2
Clearing all tcp timers !
Adding TcpLinger !
Waking up connected socket !
Socket connect success. socket = 4158
Connecting through vt-tcp success !
Successfully connected to lower ranked node: 59 at 10.1.37.238:10000
Adding new vt-tcp-socket !
Creating vt-tcp socket !
Connecting to lower ranked node: 58 at 10.1.37.242:10000
Connecting .. Socket: 4159, src-port: 40062
Received ack in time_wait !
Clearing all tcp timers !
TCP-done for socket: 4157, err: 0
Socket: 4157 garbage collection
Freeing socket: 4157
Waking up connected socket !
Socket connect success. socket = 4159
Connecting through vt-tcp success !
Successfully connected to lower ranked node: 58 at 10.1.37.242:10000
Adding new vt-tcp-socket !
Creating vt-tcp socket !
Connecting to lower ranked node: 57 at 10.1.37.246:10000
Connecting .. Socket: 4160, src-port: 40063
Waking up connected socket !
Socket connect success. socket = 4160
Connecting through vt-tcp success !
Successfully connected to lower ranked node: 57 at 10.1.37.246:10000
Adding new vt-tcp-socket !
Creating vt-tcp socket !
Connecting to lower ranked node: 56 at 10.1.37.250:10000
Connecting .. Socket: 4161, src-port: 40064
Waking up connected socket !
Socket connect success. socket = 4161
Connecting through vt-tcp success !
Successfully connected to lower ranked node: 56 at 10.1.37.250:10000
Adding new vt-tcp-socket !
Creating vt-tcp socket !
Connecting to lower ranked node: 55 at 10.1.37.254:10000
Connecting .. Socket: 4162, src-port: 40065
Waking up connected socket !
Socket connect success. socket = 4162
Connecting through vt-tcp success !
Successfully connected to lower ranked node: 55 at 10.1.37.254:10000
Adding new vt-tcp-socket !
Creating vt-tcp socket !
Connecting to lower ranked node: 54 at 10.1.38.2:10000
Connecting .. Socket: 4163, src-port: 40066
Waking up connected socket !
Socket connect success. socket = 4163
Connecting through vt-tcp success !
Successfully connected to lower ranked node: 54 at 10.1.38.2:10000
Adding new vt-tcp-socket !
Creating vt-tcp socket !
Connecting to lower ranked node: 53 at 10.1.38.6:10000
Connecting .. Socket: 4164, src-port: 40067
Waking up connected socket !
Socket connect success. socket = 4164
Connecting through vt-tcp success !
Successfully connected to lower ranked node: 53 at 10.1.38.6:10000
Adding new vt-tcp-socket !
Creating vt-tcp socket !
Connecting to lower ranked node: 52 at 10.1.37.230:10000
Connecting .. Socket: 4165, src-port: 40068
Waking up connected socket !
Socket connect success. socket = 4165
Connecting through vt-tcp success !
Successfully connected to lower ranked node: 52 at 10.1.37.230:10000
Adding new vt-tcp-socket !
Creating vt-tcp socket !
Connecting to lower ranked node: 51 at 10.1.38.14:10000
Connecting .. Socket: 4166, src-port: 40069
Waking up connected socket !
Socket connect success. socket = 4166
Connecting through vt-tcp success !
Successfully connected to lower ranked node: 51 at 10.1.38.14:10000
Adding new vt-tcp-socket !
Creating vt-tcp socket !
Connecting to lower ranked node: 50 at 10.1.38.18:10000
Connecting .. Socket: 4167, src-port: 40070
Waking up connected socket !
Socket connect success. socket = 4167
Connecting through vt-tcp success !
Successfully connected to lower ranked node: 50 at 10.1.38.18:10000
Adding new vt-tcp-socket !
Creating vt-tcp socket !
Connecting to lower ranked node: 49 at 10.1.38.22:10000
Connecting .. Socket: 4168, src-port: 40071
Waking up connected socket !
Socket connect success. socket = 4168
Connecting through vt-tcp success !
Successfully connected to lower ranked node: 49 at 10.1.38.22:10000
Adding new vt-tcp-socket !
Creating vt-tcp socket !
Connecting to lower ranked node: 48 at 10.1.38.26:10000
Connecting .. Socket: 4169, src-port: 40072
Waking up connected socket !
Socket connect success. socket = 4169
Connecting through vt-tcp success !
Successfully connected to lower ranked node: 48 at 10.1.38.26:10000
Adding new vt-tcp-socket !
Creating vt-tcp socket !
Connecting to lower ranked node: 47 at 10.1.38.30:10000
Connecting .. Socket: 4170, src-port: 40073
Waking up connected socket !
Socket connect success. socket = 4170
Connecting through vt-tcp success !
Successfully connected to lower ranked node: 47 at 10.1.38.30:10000
Adding new vt-tcp-socket !
Creating vt-tcp socket !
Connecting to lower ranked node: 46 at 10.1.38.34:10000
Connecting .. Socket: 4171, src-port: 40074
Waking up connected socket !
Socket connect success. socket = 4171
Connecting through vt-tcp success !
Successfully connected to lower ranked node: 46 at 10.1.38.34:10000
Adding new vt-tcp-socket !
Creating vt-tcp socket !
Connecting to lower ranked node: 45 at 10.1.38.38:10000
Connecting .. Socket: 4172, src-port: 40075
Waking up connected socket !
Socket connect success. socket = 4172
Connecting through vt-tcp success !
Successfully connected to lower ranked node: 45 at 10.1.38.38:10000
Adding new vt-tcp-socket !
Creating vt-tcp socket !
Connecting to lower ranked node: 44 at 10.1.38.42:10000
Connecting .. Socket: 4173, src-port: 40076
Waking up connected socket !
Socket connect success. socket = 4173
Connecting through vt-tcp success !
Successfully connected to lower ranked node: 44 at 10.1.38.42:10000
Adding new vt-tcp-socket !
Creating vt-tcp socket !
Connecting to lower ranked node: 43 at 10.1.37.194:10000
Connecting .. Socket: 4174, src-port: 40077
Waking up connected socket !
Socket connect success. socket = 4174
Connecting through vt-tcp success !
Successfully connected to lower ranked node: 43 at 10.1.37.194:10000
Adding new vt-tcp-socket !
Creating vt-tcp socket !
Connecting to lower ranked node: 42 at 10.1.37.162:10000
Connecting .. Socket: 4175, src-port: 40078
Waking up connected socket !
Socket connect success. socket = 4175
Connecting through vt-tcp success !
Successfully connected to lower ranked node: 42 at 10.1.37.162:10000
Adding new vt-tcp-socket !
Creating vt-tcp socket !
Connecting to lower ranked node: 41 at 10.1.37.166:10000
Connecting .. Socket: 4176, src-port: 40079
Waking up connected socket !
Socket connect success. socket = 4176
Connecting through vt-tcp success !
Successfully connected to lower ranked node: 41 at 10.1.37.166:10000
Adding new vt-tcp-socket !
Creating vt-tcp socket !
Connecting to lower ranked node: 40 at 10.1.37.170:10000
Connecting .. Socket: 4177, src-port: 40080
Waking up connected socket !
Socket connect success. socket = 4177
Connecting through vt-tcp success !
Successfully connected to lower ranked node: 40 at 10.1.37.170:10000
Adding new vt-tcp-socket !
Creating vt-tcp socket !
Connecting to lower ranked node: 39 at 10.1.37.174:10000
Connecting .. Socket: 4178, src-port: 40081
Waking up connected socket !
Socket connect success. socket = 4178
Connecting through vt-tcp success !
Successfully connected to lower ranked node: 39 at 10.1.37.174:10000
Adding new vt-tcp-socket !
Creating vt-tcp socket !
Connecting to lower ranked node: 38 at 10.1.37.178:10000
Connecting .. Socket: 4179, src-port: 40082
Waking up connected socket !
Socket connect success. socket = 4179
Connecting through vt-tcp success !
Successfully connected to lower ranked node: 38 at 10.1.37.178:10000
Adding new vt-tcp-socket !
Creating vt-tcp socket !
Connecting to lower ranked node: 37 at 10.1.37.182:10000
Connecting .. Socket: 4180, src-port: 40083
Waking up connected socket !
Socket connect success. socket = 4180
Connecting through vt-tcp success !
Successfully connected to lower ranked node: 37 at 10.1.37.182:10000
Adding new vt-tcp-socket !
Creating vt-tcp socket !
Connecting to lower ranked node: 36 at 10.1.37.186:10000
Connecting .. Socket: 4181, src-port: 40084
Waking up connected socket !
Socket connect success. socket = 4181
Connecting through vt-tcp success !
Successfully connected to lower ranked node: 36 at 10.1.37.186:10000
Adding new vt-tcp-socket !
Creating vt-tcp socket !
Connecting to lower ranked node: 35 at 10.1.37.190:10000
Connecting .. Socket: 4182, src-port: 40085
Waking up connected socket !
Socket connect success. socket = 4182
Connecting through vt-tcp success !
Successfully connected to lower ranked node: 35 at 10.1.37.190:10000
Adding new vt-tcp-socket !
Creating vt-tcp socket !
Connecting to lower ranked node: 34 at 10.1.37.158:10000
Connecting .. Socket: 4183, src-port: 40086
Waking up connected socket !
Socket connect success. socket = 4183
Connecting through vt-tcp success !
Successfully connected to lower ranked node: 34 at 10.1.37.158:10000
Adding new vt-tcp-socket !
Creating vt-tcp socket !
Connecting to lower ranked node: 33 at 10.1.37.198:10000
Connecting .. Socket: 4184, src-port: 40087
Waking up connected socket !
Socket connect success. socket = 4184
Connecting through vt-tcp success !
Successfully connected to lower ranked node: 33 at 10.1.37.198:10000
Adding new vt-tcp-socket !
Creating vt-tcp socket !
Connecting to lower ranked node: 32 at 10.1.37.202:10000
Connecting .. Socket: 4185, src-port: 40088
Waking up connected socket !
Socket connect success. socket = 4185
Connecting through vt-tcp success !
Successfully connected to lower ranked node: 32 at 10.1.37.202:10000
Adding new vt-tcp-socket !
Creating vt-tcp socket !
Connecting to lower ranked node: 31 at 10.1.37.206:10000
Connecting .. Socket: 4186, src-port: 40089
Waking up connected socket !
Socket connect success. socket = 4186
Connecting through vt-tcp success !
Successfully connected to lower ranked node: 31 at 10.1.37.206:10000
Adding new vt-tcp-socket !
Creating vt-tcp socket !
Connecting to lower ranked node: 30 at 10.1.37.210:10000
Connecting .. Socket: 4187, src-port: 40090
Waking up connected socket !
Socket connect success. socket = 4187
Connecting through vt-tcp success !
Successfully connected to lower ranked node: 30 at 10.1.37.210:10000
Adding new vt-tcp-socket !
Creating vt-tcp socket !
Connecting to lower ranked node: 29 at 10.1.37.214:10000
Connecting .. Socket: 4188, src-port: 40091
Waking up connected socket !
Socket connect success. socket = 4188
Connecting through vt-tcp success !
Successfully connected to lower ranked node: 29 at 10.1.37.214:10000
Adding new vt-tcp-socket !
Creating vt-tcp socket !
Connecting to lower ranked node: 28 at 10.1.37.218:10000
Connecting .. Socket: 4189, src-port: 40092
Waking up connected socket !
Socket connect success. socket = 4189
Connecting through vt-tcp success !
Successfully connected to lower ranked node: 28 at 10.1.37.218:10000
Adding new vt-tcp-socket !
Creating vt-tcp socket !
Connecting to lower ranked node: 27 at 10.1.37.222:10000
Connecting .. Socket: 4190, src-port: 40093
Waking up connected socket !
Socket connect success. socket = 4190
Connecting through vt-tcp success !
Successfully connected to lower ranked node: 27 at 10.1.37.222:10000
Adding new vt-tcp-socket !
Creating vt-tcp socket !
Connecting to lower ranked node: 26 at 10.1.37.226:10000
Connecting .. Socket: 4191, src-port: 40094
Waking up connected socket !
Socket connect success. socket = 4191
Connecting through vt-tcp success !
Successfully connected to lower ranked node: 26 at 10.1.37.226:10000
Adding new vt-tcp-socket !
Creating vt-tcp socket !
Connecting to lower ranked node: 25 at 10.1.38.10:10000
Connecting .. Socket: 4192, src-port: 40095
Waking up connected socket !
Socket connect success. socket = 4192
Connecting through vt-tcp success !
Successfully connected to lower ranked node: 25 at 10.1.38.10:10000
Adding new vt-tcp-socket !
Creating vt-tcp socket !
Connecting to lower ranked node: 24 at 10.1.38.122:10000
Connecting .. Socket: 4193, src-port: 40096
Waking up connected socket !
Socket connect success. socket = 4193
Connecting through vt-tcp success !
Successfully connected to lower ranked node: 24 at 10.1.38.122:10000
Adding new vt-tcp-socket !
Creating vt-tcp socket !
Connecting to lower ranked node: 23 at 10.1.38.126:10000
Connecting .. Socket: 4194, src-port: 40097
Waking up connected socket !
Socket connect success. socket = 4194
Connecting through vt-tcp success !
Successfully connected to lower ranked node: 23 at 10.1.38.126:10000
Adding new vt-tcp-socket !
Creating vt-tcp socket !
Connecting to lower ranked node: 22 at 10.1.38.130:10000
Connecting .. Socket: 4195, src-port: 40098
Waking up connected socket !
Socket connect success. socket = 4195
Connecting through vt-tcp success !
Successfully connected to lower ranked node: 22 at 10.1.38.130:10000
Adding new vt-tcp-socket !
Creating vt-tcp socket !
Connecting to lower ranked node: 21 at 10.1.38.134:10000
Connecting .. Socket: 4196, src-port: 40099
Waking up connected socket !
Socket connect success. socket = 4196
Connecting through vt-tcp success !
Successfully connected to lower ranked node: 21 at 10.1.38.134:10000
Adding new vt-tcp-socket !
Creating vt-tcp socket !
Connecting to lower ranked node: 20 at 10.1.38.138:10000
Connecting .. Socket: 4197, src-port: 40100
Waking up connected socket !
Socket connect success. socket = 4197
Connecting through vt-tcp success !
Successfully connected to lower ranked node: 20 at 10.1.38.138:10000
Adding new vt-tcp-socket !
Creating vt-tcp socket !
Connecting to lower ranked node: 19 at 10.1.38.142:10000
Connecting .. Socket: 4198, src-port: 40101
Waking up connected socket !
Socket connect success. socket = 4198
Connecting through vt-tcp success !
Successfully connected to lower ranked node: 19 at 10.1.38.142:10000
Adding new vt-tcp-socket !
Creating vt-tcp socket !
Connecting to lower ranked node: 18 at 10.1.38.146:10000
Connecting .. Socket: 4199, src-port: 40102
Waking up connected socket !
Socket connect success. socket = 4199
Connecting through vt-tcp success !
Successfully connected to lower ranked node: 18 at 10.1.38.146:10000
Adding new vt-tcp-socket !
Creating vt-tcp socket !
Connecting to lower ranked node: 17 at 10.1.38.150:10000
Connecting .. Socket: 4200, src-port: 40103
Waking up connected socket !
Socket connect success. socket = 4200
Connecting through vt-tcp success !
Successfully connected to lower ranked node: 17 at 10.1.38.150:10000
Adding new vt-tcp-socket !
Creating vt-tcp socket !
Connecting to lower ranked node: 16 at 10.1.38.118:10000
Connecting .. Socket: 4201, src-port: 40104
Waking up connected socket !
Socket connect success. socket = 4201
Connecting through vt-tcp success !
Successfully connected to lower ranked node: 16 at 10.1.38.118:10000
Adding new vt-tcp-socket !
Creating vt-tcp socket !
Connecting to lower ranked node: 15 at 10.1.38.158:10000
Connecting .. Socket: 4202, src-port: 40105
Waking up connected socket !
Socket connect success. socket = 4202
Connecting through vt-tcp success !
Successfully connected to lower ranked node: 15 at 10.1.38.158:10000
Adding new vt-tcp-socket !
Creating vt-tcp socket !
Connecting to lower ranked node: 14 at 10.1.38.162:10000
Connecting .. Socket: 4203, src-port: 40106
Waking up connected socket !
Socket connect success. socket = 4203
Connecting through vt-tcp success !
Successfully connected to lower ranked node: 14 at 10.1.38.162:10000
Adding new vt-tcp-socket !
Creating vt-tcp socket !
Connecting to lower ranked node: 13 at 10.1.38.166:10000
Connecting .. Socket: 4204, src-port: 40107
Waking up connected socket !
Socket connect success. socket = 4204
Connecting through vt-tcp success !
Successfully connected to lower ranked node: 13 at 10.1.38.166:10000
Adding new vt-tcp-socket !
Creating vt-tcp socket !
Connecting to lower ranked node: 12 at 10.1.38.170:10000
Connecting .. Socket: 4205, src-port: 40108
Waking up connected socket !
Socket connect success. socket = 4205
Connecting through vt-tcp success !
Successfully connected to lower ranked node: 12 at 10.1.38.170:10000
Adding new vt-tcp-socket !
Creating vt-tcp socket !
Connecting to lower ranked node: 11 at 10.1.38.174:10000
Connecting .. Socket: 4206, src-port: 40109
Waking up connected socket !
Socket connect success. socket = 4206
Connecting through vt-tcp success !
Successfully connected to lower ranked node: 11 at 10.1.38.174:10000
Adding new vt-tcp-socket !
Creating vt-tcp socket !
Connecting to lower ranked node: 10 at 10.1.38.178:10000
Connecting .. Socket: 4207, src-port: 40110
Waking up connected socket !
Socket connect success. socket = 4207
Connecting through vt-tcp success !
Successfully connected to lower ranked node: 10 at 10.1.38.178:10000
Adding new vt-tcp-socket !
Creating vt-tcp socket !
Connecting to lower ranked node: 9 at 10.1.38.182:10000
Connecting .. Socket: 4208, src-port: 40111
Waking up connected socket !
Socket connect success. socket = 4208
Connecting through vt-tcp success !
Successfully connected to lower ranked node: 9 at 10.1.38.182:10000
Adding new vt-tcp-socket !
Creating vt-tcp socket !
Connecting to lower ranked node: 8 at 10.1.38.186:10000
Connecting .. Socket: 4209, src-port: 40112
Waking up connected socket !
Socket connect success. socket = 4209
Connecting through vt-tcp success !
Successfully connected to lower ranked node: 8 at 10.1.38.186:10000
Adding new vt-tcp-socket !
Creating vt-tcp socket !
Connecting to lower ranked node: 7 at 10.1.38.82:10000
Connecting .. Socket: 4210, src-port: 40113
Waking up connected socket !
Socket connect success. socket = 4210
Connecting through vt-tcp success !
Successfully connected to lower ranked node: 7 at 10.1.38.82:10000
Adding new vt-tcp-socket !
Creating vt-tcp socket !
Connecting to lower ranked node: 6 at 10.1.38.50:10000
Connecting .. Socket: 4211, src-port: 40114
Waking up connected socket !
Socket connect success. socket = 4211
Connecting through vt-tcp success !
Successfully connected to lower ranked node: 6 at 10.1.38.50:10000
Adding new vt-tcp-socket !
Creating vt-tcp socket !
Connecting to lower ranked node: 5 at 10.1.38.54:10000
Connecting .. Socket: 4212, src-port: 40115
Waking up connected socket !
Socket connect success. socket = 4212
Connecting through vt-tcp success !
Successfully connected to lower ranked node: 5 at 10.1.38.54:10000
Adding new vt-tcp-socket !
Creating vt-tcp socket !
Connecting to lower ranked node: 4 at 10.1.38.58:10000
Connecting .. Socket: 4213, src-port: 40116
Waking up connected socket !
Socket connect success. socket = 4213
Connecting through vt-tcp success !
Successfully connected to lower ranked node: 4 at 10.1.38.58:10000
Adding new vt-tcp-socket !
Creating vt-tcp socket !
Connecting to lower ranked node: 3 at 10.1.38.62:10000
Connecting .. Socket: 4214, src-port: 40117
Waking up connected socket !
Socket connect success. socket = 4214
Connecting through vt-tcp success !
Successfully connected to lower ranked node: 3 at 10.1.38.62:10000
Adding new vt-tcp-socket !
Creating vt-tcp socket !
Connecting to lower ranked node: 2 at 10.1.38.66:10000
Connecting .. Socket: 4215, src-port: 40118
Waking up connected socket !
Socket connect success. socket = 4215
Connecting through vt-tcp success !
Successfully connected to lower ranked node: 2 at 10.1.38.66:10000
Adding new vt-tcp-socket !
Creating vt-tcp socket !
Connecting to lower ranked node: 1 at 10.1.38.70:10000
Connecting .. Socket: 4216, src-port: 40119
Waking up connected socket !
Socket connect success. socket = 4216
Connecting through vt-tcp success !
Successfully connected to lower ranked node: 1 at 10.1.38.70:10000
Adding new vt-tcp-socket !
Creating vt-tcp socket !
Connecting to lower ranked node: 0 at 10.1.38.74:10000
Connecting .. Socket: 4217, src-port: 40120
Waking up connected socket !
Socket connect success. socket = 4217
Connecting through vt-tcp success !
Successfully connected to lower ranked node: 0 at 10.1.38.74:10000

---------------- Creating listen Thread ! --------------

---------------- MPI-Init success ! --------------
Adding new Thread: 8
Resuming new Thread with Burst of length: 5400
Received matrix-A partition size: 33 from master !

******************************************************
Received vector X and V from master 
Called SetLoopLookahead: init: 0, final: 16000, step: 8, loopDepth: 1, cumulative-num-iterations: 66000, look-ahead-ns: 122222
Called SetLoopLookahead: init: 0, final: 33, step: 1, loopDepth: 1, cumulative-num-iterations: 66000, look-ahead-ns: 391111
Called SetLoopLookahead: init: 0, final: 2000, step: 1, loopDepth: 2, cumulative-num-iterations: 132000000, look-ahead-ns: 293333344
tcp-rto: snd_una: 1, rto: 400, backoff: 1, sock-fd = 4160
tcp-rto: snd_una: 1, rto: 400, backoff: 1, sock-fd = 4161
tcp-rto: snd_una: 1, rto: 400, backoff: 1, sock-fd = 4164
tcp-rto: snd_una: 1, rto: 400, backoff: 1, sock-fd = 4166
tcp-rto: snd_una: 1, rto: 400, backoff: 1, sock-fd = 4172
tcp-rto: snd_una: 1, rto: 400, backoff: 1, sock-fd = 4179
tcp-rto: snd_una: 1, rto: 400, backoff: 1, sock-fd = 4184
tcp-rto: snd_una: 1, rto: 400, backoff: 1, sock-fd = 4185
tcp-rto: snd_una: 1, rto: 400, backoff: 1, sock-fd = 4190
tcp-rto: snd_una: 1, rto: 400, backoff: 1, sock-fd = 4191
tcp-rto: snd_una: 1, rto: 400, backoff: 1, sock-fd = 4198
tcp-rto: snd_una: 1, rto: 400, backoff: 1, sock-fd = 4199
tcp-rto: snd_una: 1, rto: 400, backoff: 1, sock-fd = 4200
tcp-rto: snd_una: 1, rto: 400, backoff: 1, sock-fd = 4202
tcp-rto: snd_una: 1, rto: 400, backoff: 1, sock-fd = 4203
tcp-rto: snd_una: 1, rto: 400, backoff: 1, sock-fd = 4214
tcp-rto: snd_una: 1, rto: 400, backoff: 1, sock-fd = 4215
Sending offset = 1967 to master !
Sending rows = 33 to master !
Sending result vector partition to master!
Sent results to master 
MSG: 0 Done.
Avg-Compute-Communication-Ratio = 14.637674

******************************************************
Received vector X and V from master 
Called SetLoopLookahead: init: 0, final: 16000, step: 8, loopDepth: 1, cumulative-num-iterations: 66000, look-ahead-ns: 122222
Called SetLoopLookahead: init: 0, final: 33, step: 1, loopDepth: 1, cumulative-num-iterations: 66000, look-ahead-ns: 391111
Called SetLoopLookahead: init: 0, final: 2000, step: 1, loopDepth: 2, cumulative-num-iterations: 132000000, look-ahead-ns: 293333344
Sending offset = 1967 to master !
Sending rows = 33 to master !
Sending result vector partition to master!
Sent results to master 
MSG: 1 Done.
Avg-Compute-Communication-Ratio = 10.484460

******************************************************
Received vector X and V from master 
Called SetLoopLookahead: init: 0, final: 16000, step: 8, loopDepth: 1, cumulative-num-iterations: 66000, look-ahead-ns: 122222
Called SetLoopLookahead: init: 0, final: 33, step: 1, loopDepth: 1, cumulative-num-iterations: 66000, look-ahead-ns: 391111
Called SetLoopLookahead: init: 0, final: 2000, step: 1, loopDepth: 2, cumulative-num-iterations: 132000000, look-ahead-ns: 293333344
Sending offset = 1967 to master !
Sending rows = 33 to master !
Sending result vector partition to master!
Sent results to master 
MSG: 2 Done.
Avg-Compute-Communication-Ratio = 9.660707

******************************************************
Received vector X and V from master 
Called SetLoopLookahead: init: 0, final: 16000, step: 8, loopDepth: 1, cumulative-num-iterations: 66000, look-ahead-ns: 122222
Called SetLoopLookahead: init: 0, final: 33, step: 1, loopDepth: 1, cumulative-num-iterations: 66000, look-ahead-ns: 391111
Called SetLoopLookahead: init: 0, final: 2000, step: 1, loopDepth: 2, cumulative-num-iterations: 132000000, look-ahead-ns: 293333344
Sending offset = 1967 to master !
Sending rows = 33 to master !
Sending result vector partition to master!
Sent results to master 
MSG: 3 Done.
Avg-Compute-Communication-Ratio = 9.313714

******************************************************
Received vector X and V from master 
Called SetLoopLookahead: init: 0, final: 16000, step: 8, loopDepth: 1, cumulative-num-iterations: 66000, look-ahead-ns: 122222
Called SetLoopLookahead: init: 0, final: 33, step: 1, loopDepth: 1, cumulative-num-iterations: 66000, look-ahead-ns: 391111
Called SetLoopLookahead: init: 0, final: 2000, step: 1, loopDepth: 2, cumulative-num-iterations: 132000000, look-ahead-ns: 293333344
Sending offset = 1967 to master !
Sending rows = 33 to master !
Sending result vector partition to master!
Sent results to master 
MSG: 4 Done.
Avg-Compute-Communication-Ratio = 9.085367

******************************************************
Received vector X and V from master 
Called SetLoopLookahead: init: 0, final: 16000, step: 8, loopDepth: 1, cumulative-num-iterations: 66000, look-ahead-ns: 122222
Called SetLoopLookahead: init: 0, final: 33, step: 1, loopDepth: 1, cumulative-num-iterations: 66000, look-ahead-ns: 391111
Called SetLoopLookahead: init: 0, final: 2000, step: 1, loopDepth: 2, cumulative-num-iterations: 132000000, look-ahead-ns: 293333344
Sending offset = 1967 to master !
Sending rows = 33 to master !
Sending result vector partition to master!
Sent results to master 
MSG: 5 Done.
Avg-Compute-Communication-Ratio = 8.949656

******************************************************
Received vector X and V from master 
Called SetLoopLookahead: init: 0, final: 16000, step: 8, loopDepth: 1, cumulative-num-iterations: 66000, look-ahead-ns: 122222
Called SetLoopLookahead: init: 0, final: 33, step: 1, loopDepth: 1, cumulative-num-iterations: 66000, look-ahead-ns: 391111
Called SetLoopLookahead: init: 0, final: 2000, step: 1, loopDepth: 2, cumulative-num-iterations: 132000000, look-ahead-ns: 293333344
Sending offset = 1967 to master !
Sending rows = 33 to master !
Sending result vector partition to master!
Sent results to master 
MSG: 6 Done.
Avg-Compute-Communication-Ratio = 8.878299

******************************************************
Received vector X and V from master 
Called SetLoopLookahead: init: 0, final: 16000, step: 8, loopDepth: 1, cumulative-num-iterations: 66000, look-ahead-ns: 122222
Called SetLoopLookahead: init: 0, final: 33, step: 1, loopDepth: 1, cumulative-num-iterations: 66000, look-ahead-ns: 391111
Called SetLoopLookahead: init: 0, final: 2000, step: 1, loopDepth: 2, cumulative-num-iterations: 132000000, look-ahead-ns: 293333344
Sending offset = 1967 to master !
Sending rows = 33 to master !
Sending result vector partition to master!
Sent results to master 
MSG: 7 Done.
Avg-Compute-Communication-Ratio = 8.802226

******************************************************
Received vector X and V from master 
Called SetLoopLookahead: init: 0, final: 16000, step: 8, loopDepth: 1, cumulative-num-iterations: 66000, look-ahead-ns: 122222
Called SetLoopLookahead: init: 0, final: 33, step: 1, loopDepth: 1, cumulative-num-iterations: 66000, look-ahead-ns: 391111
Called SetLoopLookahead: init: 0, final: 2000, step: 1, loopDepth: 2, cumulative-num-iterations: 132000000, look-ahead-ns: 293333344
Sending offset = 1967 to master !
Sending rows = 33 to master !
Sending result vector partition to master!
Sent results to master 
MSG: 8 Done.
Avg-Compute-Communication-Ratio = 8.751256

******************************************************
Received vector X and V from master 
Called SetLoopLookahead: init: 0, final: 16000, step: 8, loopDepth: 1, cumulative-num-iterations: 66000, look-ahead-ns: 122222
Called SetLoopLookahead: init: 0, final: 33, step: 1, loopDepth: 1, cumulative-num-iterations: 66000, look-ahead-ns: 391111
Called SetLoopLookahead: init: 0, final: 2000, step: 1, loopDepth: 2, cumulative-num-iterations: 132000000, look-ahead-ns: 293333344
Sending offset = 1967 to master !
Sending rows = 33 to master !
Sending result vector partition to master!
Sent results to master 
MSG: 9 Done.
Avg-Compute-Communication-Ratio = 8.727635

******************************************************
Received vector X and V from master 
Called SetLoopLookahead: init: 0, final: 16000, step: 8, loopDepth: 1, cumulative-num-iterations: 66000, look-ahead-ns: 122222
Called SetLoopLookahead: init: 0, final: 33, step: 1, loopDepth: 1, cumulative-num-iterations: 66000, look-ahead-ns: 391111
Called SetLoopLookahead: init: 0, final: 2000, step: 1, loopDepth: 2, cumulative-num-iterations: 132000000, look-ahead-ns: 293333344
Sending offset = 1967 to master !
Sending rows = 33 to master !
Sending result vector partition to master!
Sent results to master 
MSG: 10 Done.
Avg-Compute-Communication-Ratio = 8.697666

******************************************************
Received vector X and V from master 
Called SetLoopLookahead: init: 0, final: 16000, step: 8, loopDepth: 1, cumulative-num-iterations: 66000, look-ahead-ns: 122222
Called SetLoopLookahead: init: 0, final: 33, step: 1, loopDepth: 1, cumulative-num-iterations: 66000, look-ahead-ns: 391111
Called SetLoopLookahead: init: 0, final: 2000, step: 1, loopDepth: 2, cumulative-num-iterations: 132000000, look-ahead-ns: 293333344
Sending offset = 1967 to master !
Sending rows = 33 to master !
Sending result vector partition to master!
Sent results to master 
MSG: 11 Done.
Avg-Compute-Communication-Ratio = 8.659674

******************************************************
Received vector X and V from master 
Called SetLoopLookahead: init: 0, final: 16000, step: 8, loopDepth: 1, cumulative-num-iterations: 66000, look-ahead-ns: 122222
Called SetLoopLookahead: init: 0, final: 33, step: 1, loopDepth: 1, cumulative-num-iterations: 66000, look-ahead-ns: 391111
Called SetLoopLookahead: init: 0, final: 2000, step: 1, loopDepth: 2, cumulative-num-iterations: 132000000, look-ahead-ns: 293333344
Sending offset = 1967 to master !
Sending rows = 33 to master !
Sending result vector partition to master!
Sent results to master 
MSG: 12 Done.
Avg-Compute-Communication-Ratio = 8.668870

******************************************************
Received vector X and V from master 
Called SetLoopLookahead: init: 0, final: 16000, step: 8, loopDepth: 1, cumulative-num-iterations: 66000, look-ahead-ns: 122222
Called SetLoopLookahead: init: 0, final: 33, step: 1, loopDepth: 1, cumulative-num-iterations: 66000, look-ahead-ns: 391111
Called SetLoopLookahead: init: 0, final: 2000, step: 1, loopDepth: 2, cumulative-num-iterations: 132000000, look-ahead-ns: 293333344
Sending offset = 1967 to master !
Sending rows = 33 to master !
Sending result vector partition to master!
Sent results to master 
MSG: 13 Done.
Avg-Compute-Communication-Ratio = 8.640279

******************************************************
Received vector X and V from master 
Called SetLoopLookahead: init: 0, final: 16000, step: 8, loopDepth: 1, cumulative-num-iterations: 66000, look-ahead-ns: 122222
Called SetLoopLookahead: init: 0, final: 33, step: 1, loopDepth: 1, cumulative-num-iterations: 66000, look-ahead-ns: 391111
Called SetLoopLookahead: init: 0, final: 2000, step: 1, loopDepth: 2, cumulative-num-iterations: 132000000, look-ahead-ns: 293333344
Sending offset = 1967 to master !
Sending rows = 33 to master !
Sending result vector partition to master!
Sent results to master 
MSG: 14 Done.
Avg-Compute-Communication-Ratio = 8.627064

******************************************************
Received vector X and V from master 
Called SetLoopLookahead: init: 0, final: 16000, step: 8, loopDepth: 1, cumulative-num-iterations: 66000, look-ahead-ns: 122222
Called SetLoopLookahead: init: 0, final: 33, step: 1, loopDepth: 1, cumulative-num-iterations: 66000, look-ahead-ns: 391111
Called SetLoopLookahead: init: 0, final: 2000, step: 1, loopDepth: 2, cumulative-num-iterations: 132000000, look-ahead-ns: 293333344
Sending offset = 1967 to master !
Sending rows = 33 to master !
Sending result vector partition to master!
Sent results to master 
MSG: 15 Done.
Avg-Compute-Communication-Ratio = 8.615843

******************************************************
Received vector X and V from master 
Called SetLoopLookahead: init: 0, final: 16000, step: 8, loopDepth: 1, cumulative-num-iterations: 66000, look-ahead-ns: 122222
Called SetLoopLookahead: init: 0, final: 33, step: 1, loopDepth: 1, cumulative-num-iterations: 66000, look-ahead-ns: 391111
Called SetLoopLookahead: init: 0, final: 2000, step: 1, loopDepth: 2, cumulative-num-iterations: 132000000, look-ahead-ns: 293333344
Sending offset = 1967 to master !
Sending rows = 33 to master !
Sending result vector partition to master!
Sent results to master 
MSG: 16 Done.
Avg-Compute-Communication-Ratio = 8.591131

******************************************************
Received vector X and V from master 
Called SetLoopLookahead: init: 0, final: 16000, step: 8, loopDepth: 1, cumulative-num-iterations: 66000, look-ahead-ns: 122222
Called SetLoopLookahead: init: 0, final: 33, step: 1, loopDepth: 1, cumulative-num-iterations: 66000, look-ahead-ns: 391111
Called SetLoopLookahead: init: 0, final: 2000, step: 1, loopDepth: 2, cumulative-num-iterations: 132000000, look-ahead-ns: 293333344
Sending offset = 1967 to master !
Sending rows = 33 to master !
Sending result vector partition to master!
Sent results to master 
MSG: 17 Done.
Avg-Compute-Communication-Ratio = 8.585236

******************************************************
Received vector X and V from master 
Called SetLoopLookahead: init: 0, final: 16000, step: 8, loopDepth: 1, cumulative-num-iterations: 66000, look-ahead-ns: 122222
Called SetLoopLookahead: init: 0, final: 33, step: 1, loopDepth: 1, cumulative-num-iterations: 66000, look-ahead-ns: 391111
Called SetLoopLookahead: init: 0, final: 2000, step: 1, loopDepth: 2, cumulative-num-iterations: 132000000, look-ahead-ns: 293333344
Sending offset = 1967 to master !
Sending rows = 33 to master !
Sending result vector partition to master!
Sent results to master 
MSG: 18 Done.
Avg-Compute-Communication-Ratio = 8.569533

******************************************************
Received vector X and V from master 
Called SetLoopLookahead: init: 0, final: 16000, step: 8, loopDepth: 1, cumulative-num-iterations: 66000, look-ahead-ns: 122222
Called SetLoopLookahead: init: 0, final: 33, step: 1, loopDepth: 1, cumulative-num-iterations: 66000, look-ahead-ns: 391111
Called SetLoopLookahead: init: 0, final: 2000, step: 1, loopDepth: 2, cumulative-num-iterations: 132000000, look-ahead-ns: 293333344
Sending offset = 1967 to master !
Sending rows = 33 to master !
Sending result vector partition to master!
Sent results to master 
MSG: 19 Done.
Avg-Compute-Communication-Ratio = 8.562942

******************************************************
Received vector X and V from master 
Called SetLoopLookahead: init: 0, final: 16000, step: 8, loopDepth: 1, cumulative-num-iterations: 66000, look-ahead-ns: 122222
Called SetLoopLookahead: init: 0, final: 33, step: 1, loopDepth: 1, cumulative-num-iterations: 66000, look-ahead-ns: 391111
Called SetLoopLookahead: init: 0, final: 2000, step: 1, loopDepth: 2, cumulative-num-iterations: 132000000, look-ahead-ns: 293333344
Sending offset = 1967 to master !
Sending rows = 33 to master !
Sending result vector partition to master!
Sent results to master 
MSG: 20 Done.
Avg-Compute-Communication-Ratio = -nan

******************************************************
Received vector X and V from master 
Called SetLoopLookahead: init: 0, final: 16000, step: 8, loopDepth: 1, cumulative-num-iterations: 66000, look-ahead-ns: 122222
Called SetLoopLookahead: init: 0, final: 33, step: 1, loopDepth: 1, cumulative-num-iterations: 66000, look-ahead-ns: 391111
Called SetLoopLookahead: init: 0, final: 2000, step: 1, loopDepth: 2, cumulative-num-iterations: 132000000, look-ahead-ns: 293333344
Sending offset = 1967 to master !
Sending rows = 33 to master !
Sending result vector partition to master!
Sent results to master 
MSG: 21 Done.
Avg-Compute-Communication-Ratio = 8.562350

******************************************************
Received vector X and V from master 
Called SetLoopLookahead: init: 0, final: 16000, step: 8, loopDepth: 1, cumulative-num-iterations: 66000, look-ahead-ns: 122222
Called SetLoopLookahead: init: 0, final: 33, step: 1, loopDepth: 1, cumulative-num-iterations: 66000, look-ahead-ns: 391111
Called SetLoopLookahead: init: 0, final: 2000, step: 1, loopDepth: 2, cumulative-num-iterations: 132000000, look-ahead-ns: 293333344
Sending offset = 1967 to master !
Sending rows = 33 to master !
Sending result vector partition to master!
Sent results to master 
MSG: 22 Done.
Avg-Compute-Communication-Ratio = 8.547838

******************************************************
Received vector X and V from master 
Called SetLoopLookahead: init: 0, final: 16000, step: 8, loopDepth: 1, cumulative-num-iterations: 66000, look-ahead-ns: 122222
Called SetLoopLookahead: init: 0, final: 33, step: 1, loopDepth: 1, cumulative-num-iterations: 66000, look-ahead-ns: 391111
Called SetLoopLookahead: init: 0, final: 2000, step: 1, loopDepth: 2, cumulative-num-iterations: 132000000, look-ahead-ns: 293333344
Sending offset = 1967 to master !
Sending rows = 33 to master !
Sending result vector partition to master!
Sent results to master 
MSG: 23 Done.
Avg-Compute-Communication-Ratio = 8.531842

******************************************************
Received vector X and V from master 
Called SetLoopLookahead: init: 0, final: 16000, step: 8, loopDepth: 1, cumulative-num-iterations: 66000, look-ahead-ns: 122222
Called SetLoopLookahead: init: 0, final: 33, step: 1, loopDepth: 1, cumulative-num-iterations: 66000, look-ahead-ns: 391111
Called SetLoopLookahead: init: 0, final: 2000, step: 1, loopDepth: 2, cumulative-num-iterations: 132000000, look-ahead-ns: 293333344
Sending offset = 1967 to master !
Sending rows = 33 to master !
Sending result vector partition to master!
Sent results to master 
MSG: 24 Done.
Avg-Compute-Communication-Ratio = 8.530220

******************************************************
Received vector X and V from master 
Called SetLoopLookahead: init: 0, final: 16000, step: 8, loopDepth: 1, cumulative-num-iterations: 66000, look-ahead-ns: 122222
Called SetLoopLookahead: init: 0, final: 33, step: 1, loopDepth: 1, cumulative-num-iterations: 66000, look-ahead-ns: 391111
Called SetLoopLookahead: init: 0, final: 2000, step: 1, loopDepth: 2, cumulative-num-iterations: 132000000, look-ahead-ns: 293333344
Sending offset = 1967 to master !
Sending rows = 33 to master !
Sending result vector partition to master!
Sent results to master 
MSG: 25 Done.
Avg-Compute-Communication-Ratio = 8.528289

******************************************************
Received vector X and V from master 
Called SetLoopLookahead: init: 0, final: 16000, step: 8, loopDepth: 1, cumulative-num-iterations: 66000, look-ahead-ns: 122222
Called SetLoopLookahead: init: 0, final: 33, step: 1, loopDepth: 1, cumulative-num-iterations: 66000, look-ahead-ns: 391111
Called SetLoopLookahead: init: 0, final: 2000, step: 1, loopDepth: 2, cumulative-num-iterations: 132000000, look-ahead-ns: 293333344
Sending offset = 1967 to master !
Sending rows = 33 to master !
Sending result vector partition to master!
Sent results to master 
MSG: 26 Done.
Avg-Compute-Communication-Ratio = 8.526956

******************************************************
Received vector X and V from master 
Called SetLoopLookahead: init: 0, final: 16000, step: 8, loopDepth: 1, cumulative-num-iterations: 66000, look-ahead-ns: 122222
Called SetLoopLookahead: init: 0, final: 33, step: 1, loopDepth: 1, cumulative-num-iterations: 66000, look-ahead-ns: 391111
Called SetLoopLookahead: init: 0, final: 2000, step: 1, loopDepth: 2, cumulative-num-iterations: 132000000, look-ahead-ns: 293333344
Sending offset = 1967 to master !
Sending rows = 33 to master !
Sending result vector partition to master!
Sent results to master 
MSG: 27 Done.
Avg-Compute-Communication-Ratio = 8.521869

******************************************************
Received vector X and V from master 
Called SetLoopLookahead: init: 0, final: 16000, step: 8, loopDepth: 1, cumulative-num-iterations: 66000, look-ahead-ns: 122222
Called SetLoopLookahead: init: 0, final: 33, step: 1, loopDepth: 1, cumulative-num-iterations: 66000, look-ahead-ns: 391111
Called SetLoopLookahead: init: 0, final: 2000, step: 1, loopDepth: 2, cumulative-num-iterations: 132000000, look-ahead-ns: 293333344
Sending offset = 1967 to master !
Sending rows = 33 to master !
Sending result vector partition to master!
Sent results to master 
MSG: 28 Done.
Avg-Compute-Communication-Ratio = 8.520180

******************************************************
Received vector X and V from master 
Called SetLoopLookahead: init: 0, final: 16000, step: 8, loopDepth: 1, cumulative-num-iterations: 66000, look-ahead-ns: 122222
Called SetLoopLookahead: init: 0, final: 33, step: 1, loopDepth: 1, cumulative-num-iterations: 66000, look-ahead-ns: 391111
Called SetLoopLookahead: init: 0, final: 2000, step: 1, loopDepth: 2, cumulative-num-iterations: 132000000, look-ahead-ns: 293333344
Sending offset = 1967 to master !
Sending rows = 33 to master !
Sending result vector partition to master!
Sent results to master 
MSG: 29 Done.
Avg-Compute-Communication-Ratio = 8.519341

******************************************************
Received vector X and V from master 
Called SetLoopLookahead: init: 0, final: 16000, step: 8, loopDepth: 1, cumulative-num-iterations: 66000, look-ahead-ns: 122222
Called SetLoopLookahead: init: 0, final: 33, step: 1, loopDepth: 1, cumulative-num-iterations: 66000, look-ahead-ns: 391111
Called SetLoopLookahead: init: 0, final: 2000, step: 1, loopDepth: 2, cumulative-num-iterations: 132000000, look-ahead-ns: 293333344
Sending offset = 1967 to master !
Sending rows = 33 to master !
Sending result vector partition to master!
Sent results to master 
MSG: 30 Done.
Avg-Compute-Communication-Ratio = 8.519237

******************************************************
Received vector X and V from master 
Called SetLoopLookahead: init: 0, final: 16000, step: 8, loopDepth: 1, cumulative-num-iterations: 66000, look-ahead-ns: 122222
Called SetLoopLookahead: init: 0, final: 33, step: 1, loopDepth: 1, cumulative-num-iterations: 66000, look-ahead-ns: 391111
Called SetLoopLookahead: init: 0, final: 2000, step: 1, loopDepth: 2, cumulative-num-iterations: 132000000, look-ahead-ns: 293333344
Sending offset = 1967 to master !
Sending rows = 33 to master !
Sending result vector partition to master!
Sent results to master 
MSG: 31 Done.
Avg-Compute-Communication-Ratio = 8.523571

******************************************************
Received vector X and V from master 
Called SetLoopLookahead: init: 0, final: 16000, step: 8, loopDepth: 1, cumulative-num-iterations: 66000, look-ahead-ns: 122222
Called SetLoopLookahead: init: 0, final: 33, step: 1, loopDepth: 1, cumulative-num-iterations: 66000, look-ahead-ns: 391111
Called SetLoopLookahead: init: 0, final: 2000, step: 1, loopDepth: 2, cumulative-num-iterations: 132000000, look-ahead-ns: 293333344
Sending offset = 1967 to master !
Sending rows = 33 to master !
Sending result vector partition to master!
Sent results to master 
MSG: 32 Done.
Avg-Compute-Communication-Ratio = 8.518909

******************************************************
Received vector X and V from master 
Called SetLoopLookahead: init: 0, final: 16000, step: 8, loopDepth: 1, cumulative-num-iterations: 66000, look-ahead-ns: 122222
Called SetLoopLookahead: init: 0, final: 33, step: 1, loopDepth: 1, cumulative-num-iterations: 66000, look-ahead-ns: 391111
Called SetLoopLookahead: init: 0, final: 2000, step: 1, loopDepth: 2, cumulative-num-iterations: 132000000, look-ahead-ns: 293333344
Sending offset = 1967 to master !
Sending rows = 33 to master !
Sending result vector partition to master!
Sent results to master 
MSG: 33 Done.
Avg-Compute-Communication-Ratio = 8.513567

******************************************************
Received vector X and V from master 
Called SetLoopLookahead: init: 0, final: 16000, step: 8, loopDepth: 1, cumulative-num-iterations: 66000, look-ahead-ns: 122222
Called SetLoopLookahead: init: 0, final: 33, step: 1, loopDepth: 1, cumulative-num-iterations: 66000, look-ahead-ns: 391111
Called SetLoopLookahead: init: 0, final: 2000, step: 1, loopDepth: 2, cumulative-num-iterations: 132000000, look-ahead-ns: 293333344
Sending offset = 1967 to master !
Sending rows = 33 to master !
Sending result vector partition to master!
Sent results to master 
MSG: 34 Done.
Avg-Compute-Communication-Ratio = 8.512770

******************************************************
Received vector X and V from master 
Called SetLoopLookahead: init: 0, final: 16000, step: 8, loopDepth: 1, cumulative-num-iterations: 66000, look-ahead-ns: 122222
Called SetLoopLookahead: init: 0, final: 33, step: 1, loopDepth: 1, cumulative-num-iterations: 66000, look-ahead-ns: 391111
Called SetLoopLookahead: init: 0, final: 2000, step: 1, loopDepth: 2, cumulative-num-iterations: 132000000, look-ahead-ns: 293333344
Sending offset = 1967 to master !
Sending rows = 33 to master !
Sending result vector partition to master!
Sent results to master 
MSG: 35 Done.
Avg-Compute-Communication-Ratio = 8.519867

******************************************************
Received vector X and V from master 
Called SetLoopLookahead: init: 0, final: 16000, step: 8, loopDepth: 1, cumulative-num-iterations: 66000, look-ahead-ns: 122222
Called SetLoopLookahead: init: 0, final: 33, step: 1, loopDepth: 1, cumulative-num-iterations: 66000, look-ahead-ns: 391111
Called SetLoopLookahead: init: 0, final: 2000, step: 1, loopDepth: 2, cumulative-num-iterations: 132000000, look-ahead-ns: 293333344
Sending offset = 1967 to master !
Sending rows = 33 to master !
Sending result vector partition to master!
Sent results to master 
MSG: 36 Done.
Avg-Compute-Communication-Ratio = 8.521127

******************************************************
Received vector X and V from master 
Called SetLoopLookahead: init: 0, final: 16000, step: 8, loopDepth: 1, cumulative-num-iterations: 66000, look-ahead-ns: 122222
Called SetLoopLookahead: init: 0, final: 33, step: 1, loopDepth: 1, cumulative-num-iterations: 66000, look-ahead-ns: 391111
Called SetLoopLookahead: init: 0, final: 2000, step: 1, loopDepth: 2, cumulative-num-iterations: 132000000, look-ahead-ns: 293333344
Sending offset = 1967 to master !
Sending rows = 33 to master !
Sending result vector partition to master!
Sent results to master 
MSG: 37 Done.
Avg-Compute-Communication-Ratio = 8.522334

******************************************************
Received vector X and V from master 
Called SetLoopLookahead: init: 0, final: 16000, step: 8, loopDepth: 1, cumulative-num-iterations: 66000, look-ahead-ns: 122222
Called SetLoopLookahead: init: 0, final: 33, step: 1, loopDepth: 1, cumulative-num-iterations: 66000, look-ahead-ns: 391111
Called SetLoopLookahead: init: 0, final: 2000, step: 1, loopDepth: 2, cumulative-num-iterations: 132000000, look-ahead-ns: 293333344
Sending offset = 1967 to master !
Sending rows = 33 to master !
Sending result vector partition to master!
Sent results to master 
MSG: 38 Done.
Avg-Compute-Communication-Ratio = 8.528647

******************************************************
Received vector X and V from master 
Called SetLoopLookahead: init: 0, final: 16000, step: 8, loopDepth: 1, cumulative-num-iterations: 66000, look-ahead-ns: 122222
Called SetLoopLookahead: init: 0, final: 33, step: 1, loopDepth: 1, cumulative-num-iterations: 66000, look-ahead-ns: 391111
Called SetLoopLookahead: init: 0, final: 2000, step: 1, loopDepth: 2, cumulative-num-iterations: 132000000, look-ahead-ns: 293333344
Sending offset = 1967 to master !
Sending rows = 33 to master !
Sending result vector partition to master!
Sent results to master 
MSG: 39 Done.
Avg-Compute-Communication-Ratio = 8.527937

******************************************************
Received vector X and V from master 
Called SetLoopLookahead: init: 0, final: 16000, step: 8, loopDepth: 1, cumulative-num-iterations: 66000, look-ahead-ns: 122222
Called SetLoopLookahead: init: 0, final: 33, step: 1, loopDepth: 1, cumulative-num-iterations: 66000, look-ahead-ns: 391111
Called SetLoopLookahead: init: 0, final: 2000, step: 1, loopDepth: 2, cumulative-num-iterations: 132000000, look-ahead-ns: 293333344
Sending offset = 1967 to master !
Sending rows = 33 to master !
Sending result vector partition to master!
Sent results to master 
MSG: 40 Done.
Avg-Compute-Communication-Ratio = 8.521317

******************************************************
Received vector X and V from master 
Called SetLoopLookahead: init: 0, final: 16000, step: 8, loopDepth: 1, cumulative-num-iterations: 66000, look-ahead-ns: 122222
Called SetLoopLookahead: init: 0, final: 33, step: 1, loopDepth: 1, cumulative-num-iterations: 66000, look-ahead-ns: 391111
Called SetLoopLookahead: init: 0, final: 2000, step: 1, loopDepth: 2, cumulative-num-iterations: 132000000, look-ahead-ns: 293333344
Sending offset = 1967 to master !
Sending rows = 33 to master !
Sending result vector partition to master!
Sent results to master 
MSG: 41 Done.
Avg-Compute-Communication-Ratio = 8.519485

******************************************************
Received vector X and V from master 
Called SetLoopLookahead: init: 0, final: 16000, step: 8, loopDepth: 1, cumulative-num-iterations: 66000, look-ahead-ns: 122222
Called SetLoopLookahead: init: 0, final: 33, step: 1, loopDepth: 1, cumulative-num-iterations: 66000, look-ahead-ns: 391111
Called SetLoopLookahead: init: 0, final: 2000, step: 1, loopDepth: 2, cumulative-num-iterations: 132000000, look-ahead-ns: 293333344
Sending offset = 1967 to master !
Sending rows = 33 to master !
Sending result vector partition to master!
Sent results to master 
MSG: 42 Done.
Avg-Compute-Communication-Ratio = 8.516986

******************************************************
Received vector X and V from master 
Called SetLoopLookahead: init: 0, final: 16000, step: 8, loopDepth: 1, cumulative-num-iterations: 66000, look-ahead-ns: 122222
Called SetLoopLookahead: init: 0, final: 33, step: 1, loopDepth: 1, cumulative-num-iterations: 66000, look-ahead-ns: 391111
Called SetLoopLookahead: init: 0, final: 2000, step: 1, loopDepth: 2, cumulative-num-iterations: 132000000, look-ahead-ns: 293333344
Sending offset = 1967 to master !
Sending rows = 33 to master !
Sending result vector partition to master!
Sent results to master 
MSG: 43 Done.
Avg-Compute-Communication-Ratio = 8.517599

******************************************************
Received vector X and V from master 
Called SetLoopLookahead: init: 0, final: 16000, step: 8, loopDepth: 1, cumulative-num-iterations: 66000, look-ahead-ns: 122222
Called SetLoopLookahead: init: 0, final: 33, step: 1, loopDepth: 1, cumulative-num-iterations: 66000, look-ahead-ns: 391111
Called SetLoopLookahead: init: 0, final: 2000, step: 1, loopDepth: 2, cumulative-num-iterations: 132000000, look-ahead-ns: 293333344
Sending offset = 1967 to master !
Sending rows = 33 to master !
Sending result vector partition to master!
Sent results to master 
MSG: 44 Done.
Avg-Compute-Communication-Ratio = 8.513492

******************************************************
Received vector X and V from master 
Called SetLoopLookahead: init: 0, final: 16000, step: 8, loopDepth: 1, cumulative-num-iterations: 66000, look-ahead-ns: 122222
Called SetLoopLookahead: init: 0, final: 33, step: 1, loopDepth: 1, cumulative-num-iterations: 66000, look-ahead-ns: 391111
Called SetLoopLookahead: init: 0, final: 2000, step: 1, loopDepth: 2, cumulative-num-iterations: 132000000, look-ahead-ns: 293333344
Sending offset = 1967 to master !
Sending rows = 33 to master !
Sending result vector partition to master!
Sent results to master 
MSG: 45 Done.
Avg-Compute-Communication-Ratio = 8.510306

******************************************************
Received vector X and V from master 
Called SetLoopLookahead: init: 0, final: 16000, step: 8, loopDepth: 1, cumulative-num-iterations: 66000, look-ahead-ns: 122222
Called SetLoopLookahead: init: 0, final: 33, step: 1, loopDepth: 1, cumulative-num-iterations: 66000, look-ahead-ns: 391111
Called SetLoopLookahead: init: 0, final: 2000, step: 1, loopDepth: 2, cumulative-num-iterations: 132000000, look-ahead-ns: 293333344
Sending offset = 1967 to master !
Sending rows = 33 to master !
Sending result vector partition to master!
Sent results to master 
MSG: 46 Done.
Avg-Compute-Communication-Ratio = 8.506642

******************************************************
Received vector X and V from master 
Called SetLoopLookahead: init: 0, final: 16000, step: 8, loopDepth: 1, cumulative-num-iterations: 66000, look-ahead-ns: 122222
Called SetLoopLookahead: init: 0, final: 33, step: 1, loopDepth: 1, cumulative-num-iterations: 66000, look-ahead-ns: 391111
Called SetLoopLookahead: init: 0, final: 2000, step: 1, loopDepth: 2, cumulative-num-iterations: 132000000, look-ahead-ns: 293333344
Sending offset = 1967 to master !
Sending rows = 33 to master !
Sending result vector partition to master!
Sent results to master 
MSG: 47 Done.
Avg-Compute-Communication-Ratio = 8.500993

******************************************************
Received vector X and V from master 
Called SetLoopLookahead: init: 0, final: 16000, step: 8, loopDepth: 1, cumulative-num-iterations: 66000, look-ahead-ns: 122222
Called SetLoopLookahead: init: 0, final: 33, step: 1, loopDepth: 1, cumulative-num-iterations: 66000, look-ahead-ns: 391111
Called SetLoopLookahead: init: 0, final: 2000, step: 1, loopDepth: 2, cumulative-num-iterations: 132000000, look-ahead-ns: 293333344
Sending offset = 1967 to master !
Sending rows = 33 to master !
Sending result vector partition to master!
Sent results to master 
MSG: 48 Done.
Avg-Compute-Communication-Ratio = 8.496332

******************************************************
Received vector X and V from master 
Called SetLoopLookahead: init: 0, final: 16000, step: 8, loopDepth: 1, cumulative-num-iterations: 66000, look-ahead-ns: 122222
Called SetLoopLookahead: init: 0, final: 33, step: 1, loopDepth: 1, cumulative-num-iterations: 66000, look-ahead-ns: 391111
Called SetLoopLookahead: init: 0, final: 2000, step: 1, loopDepth: 2, cumulative-num-iterations: 132000000, look-ahead-ns: 293333344
Sending offset = 1967 to master !
Sending rows = 33 to master !
Sending result vector partition to master!
Sent results to master 
MSG: 49 Done.
Avg-Compute-Communication-Ratio = 8.490743

******************************************************
Received vector X and V from master 
Called SetLoopLookahead: init: 0, final: 16000, step: 8, loopDepth: 1, cumulative-num-iterations: 66000, look-ahead-ns: 122222
Called SetLoopLookahead: init: 0, final: 33, step: 1, loopDepth: 1, cumulative-num-iterations: 66000, look-ahead-ns: 391111
Called SetLoopLookahead: init: 0, final: 2000, step: 1, loopDepth: 2, cumulative-num-iterations: 132000000, look-ahead-ns: 293333344
Sending offset = 1967 to master !
Sending rows = 33 to master !
Sending result vector partition to master!
Sent results to master 
MSG: 50 Done.
Avg-Compute-Communication-Ratio = 8.491005

******************************************************
Received vector X and V from master 
Called SetLoopLookahead: init: 0, final: 16000, step: 8, loopDepth: 1, cumulative-num-iterations: 66000, look-ahead-ns: 122222
Called SetLoopLookahead: init: 0, final: 33, step: 1, loopDepth: 1, cumulative-num-iterations: 66000, look-ahead-ns: 391111
Called SetLoopLookahead: init: 0, final: 2000, step: 1, loopDepth: 2, cumulative-num-iterations: 132000000, look-ahead-ns: 293333344
Sending offset = 1967 to master !
Sending rows = 33 to master !
Sending result vector partition to master!
Sent results to master 
MSG: 51 Done.
Avg-Compute-Communication-Ratio = 8.494910

******************************************************
Received vector X and V from master 
Called SetLoopLookahead: init: 0, final: 16000, step: 8, loopDepth: 1, cumulative-num-iterations: 66000, look-ahead-ns: 122222
Called SetLoopLookahead: init: 0, final: 33, step: 1, loopDepth: 1, cumulative-num-iterations: 66000, look-ahead-ns: 391111
Called SetLoopLookahead: init: 0, final: 2000, step: 1, loopDepth: 2, cumulative-num-iterations: 132000000, look-ahead-ns: 293333344
Sending offset = 1967 to master !
Sending rows = 33 to master !
Sending result vector partition to master!
Sent results to master 
MSG: 52 Done.
Avg-Compute-Communication-Ratio = 8.488937

******************************************************
Received vector X and V from master 
Called SetLoopLookahead: init: 0, final: 16000, step: 8, loopDepth: 1, cumulative-num-iterations: 66000, look-ahead-ns: 122222
Called SetLoopLookahead: init: 0, final: 33, step: 1, loopDepth: 1, cumulative-num-iterations: 66000, look-ahead-ns: 391111
Called SetLoopLookahead: init: 0, final: 2000, step: 1, loopDepth: 2, cumulative-num-iterations: 132000000, look-ahead-ns: 293333344
Sending offset = 1967 to master !
Sending rows = 33 to master !
Sending result vector partition to master!
Sent results to master 
MSG: 53 Done.
Avg-Compute-Communication-Ratio = 8.484616

******************************************************
Received vector X and V from master 
Called SetLoopLookahead: init: 0, final: 16000, step: 8, loopDepth: 1, cumulative-num-iterations: 66000, look-ahead-ns: 122222
Called SetLoopLookahead: init: 0, final: 33, step: 1, loopDepth: 1, cumulative-num-iterations: 66000, look-ahead-ns: 391111
Called SetLoopLookahead: init: 0, final: 2000, step: 1, loopDepth: 2, cumulative-num-iterations: 132000000, look-ahead-ns: 293333344
Sending offset = 1967 to master !
Sending rows = 33 to master !
Sending result vector partition to master!
Sent results to master 
MSG: 54 Done.
Avg-Compute-Communication-Ratio = 8.481580

******************************************************
Received vector X and V from master 
Called SetLoopLookahead: init: 0, final: 16000, step: 8, loopDepth: 1, cumulative-num-iterations: 66000, look-ahead-ns: 122222
Called SetLoopLookahead: init: 0, final: 33, step: 1, loopDepth: 1, cumulative-num-iterations: 66000, look-ahead-ns: 391111
Called SetLoopLookahead: init: 0, final: 2000, step: 1, loopDepth: 2, cumulative-num-iterations: 132000000, look-ahead-ns: 293333344
Sending offset = 1967 to master !
Sending rows = 33 to master !
Sending result vector partition to master!
Sent results to master 
MSG: 55 Done.
Avg-Compute-Communication-Ratio = 8.478607

******************************************************
Received vector X and V from master 
Called SetLoopLookahead: init: 0, final: 16000, step: 8, loopDepth: 1, cumulative-num-iterations: 66000, look-ahead-ns: 122222
Called SetLoopLookahead: init: 0, final: 33, step: 1, loopDepth: 1, cumulative-num-iterations: 66000, look-ahead-ns: 391111
Called SetLoopLookahead: init: 0, final: 2000, step: 1, loopDepth: 2, cumulative-num-iterations: 132000000, look-ahead-ns: 293333344
Sending offset = 1967 to master !
Sending rows = 33 to master !
Sending result vector partition to master!
Sent results to master 
MSG: 56 Done.
Avg-Compute-Communication-Ratio = 8.473310

******************************************************
Received vector X and V from master 
Called SetLoopLookahead: init: 0, final: 16000, step: 8, loopDepth: 1, cumulative-num-iterations: 66000, look-ahead-ns: 122222
Called SetLoopLookahead: init: 0, final: 33, step: 1, loopDepth: 1, cumulative-num-iterations: 66000, look-ahead-ns: 391111
Called SetLoopLookahead: init: 0, final: 2000, step: 1, loopDepth: 2, cumulative-num-iterations: 132000000, look-ahead-ns: 293333344
Sending offset = 1967 to master !
Sending rows = 33 to master !
Sending result vector partition to master!
Sent results to master 
MSG: 57 Done.
Avg-Compute-Communication-Ratio = 8.471778

******************************************************
Received vector X and V from master 
Called SetLoopLookahead: init: 0, final: 16000, step: 8, loopDepth: 1, cumulative-num-iterations: 66000, look-ahead-ns: 122222
Called SetLoopLookahead: init: 0, final: 33, step: 1, loopDepth: 1, cumulative-num-iterations: 66000, look-ahead-ns: 391111
Called SetLoopLookahead: init: 0, final: 2000, step: 1, loopDepth: 2, cumulative-num-iterations: 132000000, look-ahead-ns: 293333344
Sending offset = 1967 to master !
Sending rows = 33 to master !
Sending result vector partition to master!
Sent results to master 
MSG: 58 Done.
Avg-Compute-Communication-Ratio = 8.469591

******************************************************
Received vector X and V from master 
Called SetLoopLookahead: init: 0, final: 16000, step: 8, loopDepth: 1, cumulative-num-iterations: 66000, look-ahead-ns: 122222
Called SetLoopLookahead: init: 0, final: 33, step: 1, loopDepth: 1, cumulative-num-iterations: 66000, look-ahead-ns: 391111
Called SetLoopLookahead: init: 0, final: 2000, step: 1, loopDepth: 2, cumulative-num-iterations: 132000000, look-ahead-ns: 293333344
Exp finishing. Stopping stack thread with id: 6!

------------------------- ACTUAL STDOUT FROM EXECUTABLE ENDED -----------------------------

Process: 6 exiting VT experiment !
Main thread exiting. PID = 6
