Attempting to set static arp entries ...
Tracer: 41 >> Using SRC IP: 10.1.37.170 for any spawned virtual tcp-stacks
Tracer: 41 >> Updating firewall rules to drop outgoing TCP-RST packets
Attempting to set firewall rules ...
Tracer: 41 >> CMD TO RUN: /home/vignesh/VT-S3FNet/csudp/mpi_matrix/mpi_mm 40 61 10.1.37.170 > /home/vignesh/VT-S3FNet/experiment-data/MPI_LA_Enabled_nemus_61_mpi_mm/worker40.log
args[0] = /home/vignesh/VT-S3FNet/csudp/mpi_matrix/mpi_mm
args[1] = 40
args[2] = 61
args[3] = 10.1.37.170
Setting appropriate environment variables ...
HOME DIRECTORY : /home/vignesh
Parsing TTN config file: /home/vignesh/.ttn/projects.db
Setting VT_L1_INS_CACHE_MISS_CYCLES to: 100
Setting VT_L1_INS_CACHE_LINES to: 64
Setting VT_L1_INS_CACHE_SIZE_KB to: 32
Setting VT_L1_INS_CACHE_ASSOC to: 8
Setting VT_L1_INS_CACHE_REPLACEMENT_POLICY to: LRU
Setting VT_L1_DATA_CACHE_MISS_CYCLES to: 100
Setting VT_L1_DATA_CACHE_LINES to: 64
Setting VT_L1_DATA_CACHE_SIZE_KB to: 32
Setting VT_L1_DATA_CACHE_ASSOC to: 8
Setting VT_L1_DATA_CACHE_REPLACEMENT_POLICY to: LRU
Setting VT_CPU_CYLES_NS to: 2.700000
Setting VT_NIC_SPEED_MBPS to: 1000.000000
Setting VT_TIMING_MODEL to: EMPIRICAL
Setting VT_BBL_LOOKAHEAD_FILE to: /home/vignesh/VT-S3FNet/csudp/mpi_matrix/.ttn/lookahead/bbl_lookahead.info
Setting VT_LOOP_LOOKAHEAD_FILE to: /home/vignesh/VT-S3FNet/csudp/mpi_matrix/.ttn/lookahead/loop_lookahead.info
Starting command: /home/vignesh/VT-S3FNet/csudp/mpi_matrix/mpi_mm
Loading orig functions !
Starting executable with Pid = 6
Loading pointers to VTL Logic functions
Loaded pointers to all VTL Logic functions
Now Initializing VT-Management 
Extracting env variables !
Extracted tracer-id: 41
Extracted exp-type: 2
Extracted cpu-cycles-ns: 2.700000
Extracted socket-layer-ip: -1440415478
Starting VT-initialization !
Tracer-ID: 41, Timeline-ID: 41
Tracer registration for EXP_CS complete. TimelineID = 41, Return = 41
Tracer Adding to SQ. Tracer ID = 41
Parsing any provided lookahead information ...
Opening file: /home/vignesh/VT-S3FNet/csudp/mpi_matrix/.ttn/lookahead/bbl_lookahead.info
File size: 344
mapped memblock size: 344
Finish offset: 39, Number of values: 39
Returning success !
Loaded BBL lookaheads for 39 basic blocks ...
Opening file: /home/vignesh/VT-S3FNet/csudp/mpi_matrix/.ttn/lookahead/loop_lookahead.info
File size: 128
mapped memblock size: 128
Finish offset: 12, Number of values: 12
Returning success !
Loaded Loop lookaheads for 12 loops ...
VT initialization successfull !
Finished Initializing VT-Management 
Initializing TCP-stack ...
TCP stack unique-id: 416
Starting virtual socket layer stack-thread !
Pthread_create: vtStackThread special case
Successfully initialized VTL-Logic embedded into the executable

------------------------- ACTUAL STDOUT FROM EXECUTABLE STARTS -----------------------------

Rank = 40, Total = 61, IP = 10.1.37.170
Adding new vt-tcp-socket !
Creating vt-tcp socket !
bind through vt-tcp !
Server socket bound to ip:port: 10.1.37.170:10000
Waiting for OK message from other nodes !
Waiting for OK message !
listen through vt-tcp !
Accept through vt-tcp !
Successfully received OK message !

---------------- Waiting for higher ranked nodes to connect --------------
listen through vt-tcp !
Accepting connection from higher ranked node: 60
Accept through vt-tcp !
Entering time-wait from FIN_WAIT_2
Clearing all tcp timers !
Adding TcpLinger !
Accepted connection from higher ranked node: 60
Successfully connected with higher ranked node: 60
Accepting connection from higher ranked node: 59
Accept through vt-tcp !
Accepted connection from higher ranked node: 59
Successfully connected with higher ranked node: 59
Accepting connection from higher ranked node: 58
Accept through vt-tcp !
Accepted connection from higher ranked node: 58
Successfully connected with higher ranked node: 58
Accepting connection from higher ranked node: 57
Accept through vt-tcp !
Accepted connection from higher ranked node: 57
Successfully connected with higher ranked node: 57
Accepting connection from higher ranked node: 56
Accept through vt-tcp !
Accepted connection from higher ranked node: 56
Successfully connected with higher ranked node: 56
Accepting connection from higher ranked node: 55
Accept through vt-tcp !
Accepted connection from higher ranked node: 55
Successfully connected with higher ranked node: 55
Accepting connection from higher ranked node: 54
Accept through vt-tcp !
Accepted connection from higher ranked node: 54
Successfully connected with higher ranked node: 54
Accepting connection from higher ranked node: 53
Accept through vt-tcp !
Accepted connection from higher ranked node: 53
Successfully connected with higher ranked node: 53
Accepting connection from higher ranked node: 52
Accept through vt-tcp !
Accepted connection from higher ranked node: 52
Successfully connected with higher ranked node: 52
Accepting connection from higher ranked node: 51
Accept through vt-tcp !
Accepted connection from higher ranked node: 51
Successfully connected with higher ranked node: 51
Accepting connection from higher ranked node: 50
Accept through vt-tcp !
Accepted connection from higher ranked node: 50
Successfully connected with higher ranked node: 50
Accepting connection from higher ranked node: 49
Accept through vt-tcp !
Accepted connection from higher ranked node: 49
Successfully connected with higher ranked node: 49
Accepting connection from higher ranked node: 48
Accept through vt-tcp !
Accepted connection from higher ranked node: 48
Successfully connected with higher ranked node: 48
Accepting connection from higher ranked node: 47
Accept through vt-tcp !
Accepted connection from higher ranked node: 47
Successfully connected with higher ranked node: 47
Accepting connection from higher ranked node: 46
Accept through vt-tcp !
Accepted connection from higher ranked node: 46
Successfully connected with higher ranked node: 46
Accepting connection from higher ranked node: 45
Accept through vt-tcp !
Accepted connection from higher ranked node: 45
Successfully connected with higher ranked node: 45
Accepting connection from higher ranked node: 44
Accept through vt-tcp !
Accepted connection from higher ranked node: 44
Successfully connected with higher ranked node: 44
Accepting connection from higher ranked node: 43
Accept through vt-tcp !
Accepted connection from higher ranked node: 43
Successfully connected with higher ranked node: 43
Accepting connection from higher ranked node: 42
Accept through vt-tcp !
Accepted connection from higher ranked node: 42
Successfully connected with higher ranked node: 42
Accepting connection from higher ranked node: 41
Accept through vt-tcp !
Accepted connection from higher ranked node: 41
Successfully connected with higher ranked node: 41
Closing server socket: 4097
Clearing all tcp timers !
TCP-done for socket: 4097, err: -103

---------------- Connecting to lowed ranked nodes ! --------------
Adding new vt-tcp-socket !
Creating vt-tcp socket !
Connecting to lower ranked node: 39 at 10.1.37.174:10000
Connecting .. Socket: 4119, src-port: 40001
Socket: 4097 garbage collection
Freeing socket: 4097
Waking up connected socket !
Socket connect success. socket = 4119
Connecting through vt-tcp success !
Successfully connected to lower ranked node: 39 at 10.1.37.174:10000
Adding new vt-tcp-socket !
Creating vt-tcp socket !
Connecting to lower ranked node: 38 at 10.1.37.178:10000
Connecting .. Socket: 4120, src-port: 40002
Waking up connected socket !
Socket connect success. socket = 4120
Connecting through vt-tcp success !
Successfully connected to lower ranked node: 38 at 10.1.37.178:10000
Adding new vt-tcp-socket !
Creating vt-tcp socket !
Connecting to lower ranked node: 37 at 10.1.37.182:10000
Connecting .. Socket: 4121, src-port: 40003
Waking up connected socket !
Socket connect success. socket = 4121
Connecting through vt-tcp success !
Successfully connected to lower ranked node: 37 at 10.1.37.182:10000
Adding new vt-tcp-socket !
Creating vt-tcp socket !
Connecting to lower ranked node: 36 at 10.1.37.186:10000
Connecting .. Socket: 4122, src-port: 40004
Waking up connected socket !
Socket connect success. socket = 4122
Connecting through vt-tcp success !
Successfully connected to lower ranked node: 36 at 10.1.37.186:10000
Adding new vt-tcp-socket !
Creating vt-tcp socket !
Connecting to lower ranked node: 35 at 10.1.37.190:10000
Connecting .. Socket: 4123, src-port: 40005
Waking up connected socket !
Socket connect success. socket = 4123
Connecting through vt-tcp success !
Successfully connected to lower ranked node: 35 at 10.1.37.190:10000
Adding new vt-tcp-socket !
Creating vt-tcp socket !
Connecting to lower ranked node: 34 at 10.1.37.158:10000
Connecting .. Socket: 4124, src-port: 40006
Waking up connected socket !
Socket connect success. socket = 4124
Connecting through vt-tcp success !
Successfully connected to lower ranked node: 34 at 10.1.37.158:10000
Adding new vt-tcp-socket !
Creating vt-tcp socket !
Connecting to lower ranked node: 33 at 10.1.37.198:10000
Connecting .. Socket: 4125, src-port: 40007
Waking up connected socket !
Socket connect success. socket = 4125
Connecting through vt-tcp success !
Successfully connected to lower ranked node: 33 at 10.1.37.198:10000
Adding new vt-tcp-socket !
Creating vt-tcp socket !
Connecting to lower ranked node: 32 at 10.1.37.202:10000
Connecting .. Socket: 4126, src-port: 40008
Waking up connected socket !
Socket connect success. socket = 4126
Connecting through vt-tcp success !
Successfully connected to lower ranked node: 32 at 10.1.37.202:10000
Adding new vt-tcp-socket !
Creating vt-tcp socket !
Connecting to lower ranked node: 31 at 10.1.37.206:10000
Connecting .. Socket: 4127, src-port: 40009
Waking up connected socket !
Socket connect success. socket = 4127
Connecting through vt-tcp success !
Successfully connected to lower ranked node: 31 at 10.1.37.206:10000
Adding new vt-tcp-socket !
Creating vt-tcp socket !
Connecting to lower ranked node: 30 at 10.1.37.210:10000
Connecting .. Socket: 4128, src-port: 40010
Waking up connected socket !
Socket connect success. socket = 4128
Connecting through vt-tcp success !
Successfully connected to lower ranked node: 30 at 10.1.37.210:10000
Adding new vt-tcp-socket !
Creating vt-tcp socket !
Connecting to lower ranked node: 29 at 10.1.37.214:10000
Connecting .. Socket: 4129, src-port: 40011
Waking up connected socket !
Socket connect success. socket = 4129
Connecting through vt-tcp success !
Successfully connected to lower ranked node: 29 at 10.1.37.214:10000
Adding new vt-tcp-socket !
Creating vt-tcp socket !
Connecting to lower ranked node: 28 at 10.1.37.218:10000
Connecting .. Socket: 4130, src-port: 40012
Waking up connected socket !
Socket connect success. socket = 4130
Connecting through vt-tcp success !
Successfully connected to lower ranked node: 28 at 10.1.37.218:10000
Adding new vt-tcp-socket !
Creating vt-tcp socket !
Connecting to lower ranked node: 27 at 10.1.37.222:10000
Connecting .. Socket: 4131, src-port: 40013
Waking up connected socket !
Socket connect success. socket = 4131
Connecting through vt-tcp success !
Successfully connected to lower ranked node: 27 at 10.1.37.222:10000
Adding new vt-tcp-socket !
Creating vt-tcp socket !
Connecting to lower ranked node: 26 at 10.1.37.226:10000
Connecting .. Socket: 4132, src-port: 40014
Waking up connected socket !
Socket connect success. socket = 4132
Connecting through vt-tcp success !
Successfully connected to lower ranked node: 26 at 10.1.37.226:10000
Adding new vt-tcp-socket !
Creating vt-tcp socket !
Connecting to lower ranked node: 25 at 10.1.38.10:10000
Connecting .. Socket: 4133, src-port: 40015
Waking up connected socket !
Socket connect success. socket = 4133
Connecting through vt-tcp success !
Successfully connected to lower ranked node: 25 at 10.1.38.10:10000
Adding new vt-tcp-socket !
Creating vt-tcp socket !
Connecting to lower ranked node: 24 at 10.1.38.122:10000
Connecting .. Socket: 4134, src-port: 40016
Waking up connected socket !
Socket connect success. socket = 4134
Connecting through vt-tcp success !
Successfully connected to lower ranked node: 24 at 10.1.38.122:10000
Adding new vt-tcp-socket !
Creating vt-tcp socket !
Connecting to lower ranked node: 23 at 10.1.38.126:10000
Connecting .. Socket: 4135, src-port: 40017
Waking up connected socket !
Socket connect success. socket = 4135
Connecting through vt-tcp success !
Successfully connected to lower ranked node: 23 at 10.1.38.126:10000
Adding new vt-tcp-socket !
Creating vt-tcp socket !
Connecting to lower ranked node: 22 at 10.1.38.130:10000
Connecting .. Socket: 4136, src-port: 40018
Waking up connected socket !
Socket connect success. socket = 4136
Connecting through vt-tcp success !
Successfully connected to lower ranked node: 22 at 10.1.38.130:10000
Adding new vt-tcp-socket !
Creating vt-tcp socket !
Connecting to lower ranked node: 21 at 10.1.38.134:10000
Connecting .. Socket: 4137, src-port: 40019
Waking up connected socket !
Socket connect success. socket = 4137
Connecting through vt-tcp success !
Successfully connected to lower ranked node: 21 at 10.1.38.134:10000
Adding new vt-tcp-socket !
Creating vt-tcp socket !
Connecting to lower ranked node: 20 at 10.1.38.138:10000
Connecting .. Socket: 4138, src-port: 40020
Waking up connected socket !
Socket connect success. socket = 4138
Connecting through vt-tcp success !
Successfully connected to lower ranked node: 20 at 10.1.38.138:10000
Adding new vt-tcp-socket !
Creating vt-tcp socket !
Connecting to lower ranked node: 19 at 10.1.38.142:10000
Connecting .. Socket: 4139, src-port: 40021
Waking up connected socket !
Socket connect success. socket = 4139
Connecting through vt-tcp success !
Successfully connected to lower ranked node: 19 at 10.1.38.142:10000
Adding new vt-tcp-socket !
Creating vt-tcp socket !
Connecting to lower ranked node: 18 at 10.1.38.146:10000
Connecting .. Socket: 4140, src-port: 40022
Waking up connected socket !
Socket connect success. socket = 4140
Connecting through vt-tcp success !
Successfully connected to lower ranked node: 18 at 10.1.38.146:10000
Adding new vt-tcp-socket !
Creating vt-tcp socket !
Connecting to lower ranked node: 17 at 10.1.38.150:10000
Connecting .. Socket: 4141, src-port: 40023
Waking up connected socket !
Socket connect success. socket = 4141
Connecting through vt-tcp success !
Successfully connected to lower ranked node: 17 at 10.1.38.150:10000
Adding new vt-tcp-socket !
Creating vt-tcp socket !
Connecting to lower ranked node: 16 at 10.1.38.118:10000
Connecting .. Socket: 4142, src-port: 40024
Waking up connected socket !
Socket connect success. socket = 4142
Connecting through vt-tcp success !
Successfully connected to lower ranked node: 16 at 10.1.38.118:10000
Adding new vt-tcp-socket !
Creating vt-tcp socket !
Connecting to lower ranked node: 15 at 10.1.38.158:10000
Connecting .. Socket: 4143, src-port: 40025
Waking up connected socket !
Socket connect success. socket = 4143
Connecting through vt-tcp success !
Successfully connected to lower ranked node: 15 at 10.1.38.158:10000
Adding new vt-tcp-socket !
Creating vt-tcp socket !
Connecting to lower ranked node: 14 at 10.1.38.162:10000
Connecting .. Socket: 4144, src-port: 40026
Waking up connected socket !
Socket connect success. socket = 4144
Connecting through vt-tcp success !
Successfully connected to lower ranked node: 14 at 10.1.38.162:10000
Adding new vt-tcp-socket !
Creating vt-tcp socket !
Connecting to lower ranked node: 13 at 10.1.38.166:10000
Connecting .. Socket: 4145, src-port: 40027
Waking up connected socket !
Socket connect success. socket = 4145
Connecting through vt-tcp success !
Successfully connected to lower ranked node: 13 at 10.1.38.166:10000
Adding new vt-tcp-socket !
Creating vt-tcp socket !
Connecting to lower ranked node: 12 at 10.1.38.170:10000
Connecting .. Socket: 4146, src-port: 40028
Waking up connected socket !
Socket connect success. socket = 4146
Connecting through vt-tcp success !
Successfully connected to lower ranked node: 12 at 10.1.38.170:10000
Adding new vt-tcp-socket !
Creating vt-tcp socket !
Connecting to lower ranked node: 11 at 10.1.38.174:10000
Connecting .. Socket: 4147, src-port: 40029
Waking up connected socket !
Socket connect success. socket = 4147
Connecting through vt-tcp success !
Successfully connected to lower ranked node: 11 at 10.1.38.174:10000
Adding new vt-tcp-socket !
Creating vt-tcp socket !
Connecting to lower ranked node: 10 at 10.1.38.178:10000
Connecting .. Socket: 4148, src-port: 40030
Waking up connected socket !
Socket connect success. socket = 4148
Connecting through vt-tcp success !
Successfully connected to lower ranked node: 10 at 10.1.38.178:10000
Adding new vt-tcp-socket !
Creating vt-tcp socket !
Connecting to lower ranked node: 9 at 10.1.38.182:10000
Connecting .. Socket: 4149, src-port: 40031
Waking up connected socket !
Socket connect success. socket = 4149
Connecting through vt-tcp success !
Successfully connected to lower ranked node: 9 at 10.1.38.182:10000
Adding new vt-tcp-socket !
Creating vt-tcp socket !
Connecting to lower ranked node: 8 at 10.1.38.186:10000
Connecting .. Socket: 4150, src-port: 40032
Waking up connected socket !
Socket connect success. socket = 4150
Connecting through vt-tcp success !
Successfully connected to lower ranked node: 8 at 10.1.38.186:10000
Adding new vt-tcp-socket !
Creating vt-tcp socket !
Connecting to lower ranked node: 7 at 10.1.38.82:10000
Connecting .. Socket: 4151, src-port: 40033
Waking up connected socket !
Socket connect success. socket = 4151
Connecting through vt-tcp success !
Successfully connected to lower ranked node: 7 at 10.1.38.82:10000
Adding new vt-tcp-socket !
Creating vt-tcp socket !
Connecting to lower ranked node: 6 at 10.1.38.50:10000
Connecting .. Socket: 4152, src-port: 40034
Waking up connected socket !
Socket connect success. socket = 4152
Connecting through vt-tcp success !
Successfully connected to lower ranked node: 6 at 10.1.38.50:10000
Adding new vt-tcp-socket !
Creating vt-tcp socket !
Connecting to lower ranked node: 5 at 10.1.38.54:10000
Connecting .. Socket: 4153, src-port: 40035
Waking up connected socket !
Socket connect success. socket = 4153
Connecting through vt-tcp success !
Successfully connected to lower ranked node: 5 at 10.1.38.54:10000
Adding new vt-tcp-socket !
Creating vt-tcp socket !
Connecting to lower ranked node: 4 at 10.1.38.58:10000
Connecting .. Socket: 4154, src-port: 40036
Waking up connected socket !
Socket connect success. socket = 4154
Connecting through vt-tcp success !
Successfully connected to lower ranked node: 4 at 10.1.38.58:10000
Adding new vt-tcp-socket !
Creating vt-tcp socket !
Connecting to lower ranked node: 3 at 10.1.38.62:10000
Connecting .. Socket: 4155, src-port: 40037
Waking up connected socket !
Socket connect success. socket = 4155
Connecting through vt-tcp success !
Successfully connected to lower ranked node: 3 at 10.1.38.62:10000
Adding new vt-tcp-socket !
Creating vt-tcp socket !
Connecting to lower ranked node: 2 at 10.1.38.66:10000
Connecting .. Socket: 4156, src-port: 40038
Waking up connected socket !
Socket connect success. socket = 4156
Connecting through vt-tcp success !
Successfully connected to lower ranked node: 2 at 10.1.38.66:10000
Adding new vt-tcp-socket !
Creating vt-tcp socket !
Connecting to lower ranked node: 1 at 10.1.38.70:10000
Connecting .. Socket: 4157, src-port: 40039
Waking up connected socket !
Socket connect success. socket = 4157
Connecting through vt-tcp success !
Successfully connected to lower ranked node: 1 at 10.1.38.70:10000
Adding new vt-tcp-socket !
Creating vt-tcp socket !
Connecting to lower ranked node: 0 at 10.1.38.74:10000
Connecting .. Socket: 4158, src-port: 40040
Waking up connected socket !
Socket connect success. socket = 4158
Connecting through vt-tcp success !
Successfully connected to lower ranked node: 0 at 10.1.38.74:10000

---------------- Creating listen Thread ! --------------

---------------- MPI-Init success ! --------------
Adding new Thread: 8
Resuming new Thread with Burst of length: 5400
Received matrix-A partition size: 33 from master !

******************************************************
Received vector X and V from master 
Called SetLoopLookahead: init: 0, final: 16000, step: 8, loopDepth: 1, cumulative-num-iterations: 66000, look-ahead-ns: 122222
Called SetLoopLookahead: init: 0, final: 33, step: 1, loopDepth: 1, cumulative-num-iterations: 66000, look-ahead-ns: 391111
Called SetLoopLookahead: init: 0, final: 2000, step: 1, loopDepth: 2, cumulative-num-iterations: 132000000, look-ahead-ns: 293333344
tcp-linger 
Clearing all tcp timers !
TCP-done for socket: 4098, err: -110
Socket: 4098 garbage collection
Freeing socket: 4098
Before rcv-wnd: seq: 1, rcv_nxt: 5
tcp-rto: snd_una: 1, rto: 400, backoff: 1, sock-fd = 4130
tcp-rto: snd_una: 1, rto: 400, backoff: 1, sock-fd = 4145
tcp-rto: snd_una: 1, rto: 400, backoff: 1, sock-fd = 4155
Sending offset = 1307 to master !
Sending rows = 33 to master !
Sending result vector partition to master!
Sent results to master 
MSG: 0 Done.
Avg-Compute-Communication-Ratio = 14.152947

******************************************************
Received vector X and V from master 
Called SetLoopLookahead: init: 0, final: 16000, step: 8, loopDepth: 1, cumulative-num-iterations: 66000, look-ahead-ns: 122222
Called SetLoopLookahead: init: 0, final: 33, step: 1, loopDepth: 1, cumulative-num-iterations: 66000, look-ahead-ns: 391111
Called SetLoopLookahead: init: 0, final: 2000, step: 1, loopDepth: 2, cumulative-num-iterations: 132000000, look-ahead-ns: 293333344
Sending offset = 1307 to master !
Sending rows = 33 to master !
Sending result vector partition to master!
Sent results to master 
MSG: 1 Done.
Avg-Compute-Communication-Ratio = 10.446815

******************************************************
Received vector X and V from master 
Called SetLoopLookahead: init: 0, final: 16000, step: 8, loopDepth: 1, cumulative-num-iterations: 66000, look-ahead-ns: 122222
Called SetLoopLookahead: init: 0, final: 33, step: 1, loopDepth: 1, cumulative-num-iterations: 66000, look-ahead-ns: 391111
Called SetLoopLookahead: init: 0, final: 2000, step: 1, loopDepth: 2, cumulative-num-iterations: 132000000, look-ahead-ns: 293333344
Sending offset = 1307 to master !
Sending rows = 33 to master !
Sending result vector partition to master!
Sent results to master 
MSG: 2 Done.
Avg-Compute-Communication-Ratio = 9.660090

******************************************************
Received vector X and V from master 
Called SetLoopLookahead: init: 0, final: 16000, step: 8, loopDepth: 1, cumulative-num-iterations: 66000, look-ahead-ns: 122222
Called SetLoopLookahead: init: 0, final: 33, step: 1, loopDepth: 1, cumulative-num-iterations: 66000, look-ahead-ns: 391111
Called SetLoopLookahead: init: 0, final: 2000, step: 1, loopDepth: 2, cumulative-num-iterations: 132000000, look-ahead-ns: 293333344
Sending offset = 1307 to master !
Sending rows = 33 to master !
Sending result vector partition to master!
Sent results to master 
MSG: 3 Done.
Avg-Compute-Communication-Ratio = 9.289838

******************************************************
Received vector X and V from master 
Called SetLoopLookahead: init: 0, final: 16000, step: 8, loopDepth: 1, cumulative-num-iterations: 66000, look-ahead-ns: 122222
Called SetLoopLookahead: init: 0, final: 33, step: 1, loopDepth: 1, cumulative-num-iterations: 66000, look-ahead-ns: 391111
Called SetLoopLookahead: init: 0, final: 2000, step: 1, loopDepth: 2, cumulative-num-iterations: 132000000, look-ahead-ns: 293333344
Sending offset = 1307 to master !
Sending rows = 33 to master !
Sending result vector partition to master!
Sent results to master 
MSG: 4 Done.
Avg-Compute-Communication-Ratio = 9.078498

******************************************************
Received vector X and V from master 
Called SetLoopLookahead: init: 0, final: 16000, step: 8, loopDepth: 1, cumulative-num-iterations: 66000, look-ahead-ns: 122222
Called SetLoopLookahead: init: 0, final: 33, step: 1, loopDepth: 1, cumulative-num-iterations: 66000, look-ahead-ns: 391111
Called SetLoopLookahead: init: 0, final: 2000, step: 1, loopDepth: 2, cumulative-num-iterations: 132000000, look-ahead-ns: 293333344
Sending offset = 1307 to master !
Sending rows = 33 to master !
Sending result vector partition to master!
Sent results to master 
MSG: 5 Done.
Avg-Compute-Communication-Ratio = 8.961141

******************************************************
Received vector X and V from master 
Called SetLoopLookahead: init: 0, final: 16000, step: 8, loopDepth: 1, cumulative-num-iterations: 66000, look-ahead-ns: 122222
Called SetLoopLookahead: init: 0, final: 33, step: 1, loopDepth: 1, cumulative-num-iterations: 66000, look-ahead-ns: 391111
Called SetLoopLookahead: init: 0, final: 2000, step: 1, loopDepth: 2, cumulative-num-iterations: 132000000, look-ahead-ns: 293333344
Sending offset = 1307 to master !
Sending rows = 33 to master !
Sending result vector partition to master!
Sent results to master 
MSG: 6 Done.
Avg-Compute-Communication-Ratio = 8.863661

******************************************************
Received vector X and V from master 
Called SetLoopLookahead: init: 0, final: 16000, step: 8, loopDepth: 1, cumulative-num-iterations: 66000, look-ahead-ns: 122222
Called SetLoopLookahead: init: 0, final: 33, step: 1, loopDepth: 1, cumulative-num-iterations: 66000, look-ahead-ns: 391111
Called SetLoopLookahead: init: 0, final: 2000, step: 1, loopDepth: 2, cumulative-num-iterations: 132000000, look-ahead-ns: 293333344
Sending offset = 1307 to master !
Sending rows = 33 to master !
Sending result vector partition to master!
Sent results to master 
MSG: 7 Done.
Avg-Compute-Communication-Ratio = 8.801710

******************************************************
Received vector X and V from master 
Called SetLoopLookahead: init: 0, final: 16000, step: 8, loopDepth: 1, cumulative-num-iterations: 66000, look-ahead-ns: 122222
Called SetLoopLookahead: init: 0, final: 33, step: 1, loopDepth: 1, cumulative-num-iterations: 66000, look-ahead-ns: 391111
Called SetLoopLookahead: init: 0, final: 2000, step: 1, loopDepth: 2, cumulative-num-iterations: 132000000, look-ahead-ns: 293333344
Sending offset = 1307 to master !
Sending rows = 33 to master !
Sending result vector partition to master!
Sent results to master 
MSG: 8 Done.
Avg-Compute-Communication-Ratio = 8.738143

******************************************************
Received vector X and V from master 
Called SetLoopLookahead: init: 0, final: 16000, step: 8, loopDepth: 1, cumulative-num-iterations: 66000, look-ahead-ns: 122222
Called SetLoopLookahead: init: 0, final: 33, step: 1, loopDepth: 1, cumulative-num-iterations: 66000, look-ahead-ns: 391111
Called SetLoopLookahead: init: 0, final: 2000, step: 1, loopDepth: 2, cumulative-num-iterations: 132000000, look-ahead-ns: 293333344
Sending offset = 1307 to master !
Sending rows = 33 to master !
Sending result vector partition to master!
Sent results to master 
MSG: 9 Done.
Avg-Compute-Communication-Ratio = 8.725672

******************************************************
Received vector X and V from master 
Called SetLoopLookahead: init: 0, final: 16000, step: 8, loopDepth: 1, cumulative-num-iterations: 66000, look-ahead-ns: 122222
Called SetLoopLookahead: init: 0, final: 33, step: 1, loopDepth: 1, cumulative-num-iterations: 66000, look-ahead-ns: 391111
Called SetLoopLookahead: init: 0, final: 2000, step: 1, loopDepth: 2, cumulative-num-iterations: 132000000, look-ahead-ns: 293333344
Sending offset = 1307 to master !
Sending rows = 33 to master !
Sending result vector partition to master!
Sent results to master 
MSG: 10 Done.
Avg-Compute-Communication-Ratio = 8.694576

******************************************************
Received vector X and V from master 
Called SetLoopLookahead: init: 0, final: 16000, step: 8, loopDepth: 1, cumulative-num-iterations: 66000, look-ahead-ns: 122222
Called SetLoopLookahead: init: 0, final: 33, step: 1, loopDepth: 1, cumulative-num-iterations: 66000, look-ahead-ns: 391111
Called SetLoopLookahead: init: 0, final: 2000, step: 1, loopDepth: 2, cumulative-num-iterations: 132000000, look-ahead-ns: 293333344
Sending offset = 1307 to master !
Sending rows = 33 to master !
Sending result vector partition to master!
Sent results to master 
MSG: 11 Done.
Avg-Compute-Communication-Ratio = 8.655545

******************************************************
Received vector X and V from master 
Called SetLoopLookahead: init: 0, final: 16000, step: 8, loopDepth: 1, cumulative-num-iterations: 66000, look-ahead-ns: 122222
Called SetLoopLookahead: init: 0, final: 33, step: 1, loopDepth: 1, cumulative-num-iterations: 66000, look-ahead-ns: 391111
Called SetLoopLookahead: init: 0, final: 2000, step: 1, loopDepth: 2, cumulative-num-iterations: 132000000, look-ahead-ns: 293333344
Sending offset = 1307 to master !
Sending rows = 33 to master !
Sending result vector partition to master!
Sent results to master 
MSG: 12 Done.
Avg-Compute-Communication-Ratio = 8.656889

******************************************************
Received vector X and V from master 
Called SetLoopLookahead: init: 0, final: 16000, step: 8, loopDepth: 1, cumulative-num-iterations: 66000, look-ahead-ns: 122222
Called SetLoopLookahead: init: 0, final: 33, step: 1, loopDepth: 1, cumulative-num-iterations: 66000, look-ahead-ns: 391111
Called SetLoopLookahead: init: 0, final: 2000, step: 1, loopDepth: 2, cumulative-num-iterations: 132000000, look-ahead-ns: 293333344
Sending offset = 1307 to master !
Sending rows = 33 to master !
Sending result vector partition to master!
Sent results to master 
MSG: 13 Done.
Avg-Compute-Communication-Ratio = 8.635030

******************************************************
Received vector X and V from master 
Called SetLoopLookahead: init: 0, final: 16000, step: 8, loopDepth: 1, cumulative-num-iterations: 66000, look-ahead-ns: 122222
Called SetLoopLookahead: init: 0, final: 33, step: 1, loopDepth: 1, cumulative-num-iterations: 66000, look-ahead-ns: 391111
Called SetLoopLookahead: init: 0, final: 2000, step: 1, loopDepth: 2, cumulative-num-iterations: 132000000, look-ahead-ns: 293333344
Sending offset = 1307 to master !
Sending rows = 33 to master !
Sending result vector partition to master!
Sent results to master 
MSG: 14 Done.
Avg-Compute-Communication-Ratio = 8.629852

******************************************************
Received vector X and V from master 
Called SetLoopLookahead: init: 0, final: 16000, step: 8, loopDepth: 1, cumulative-num-iterations: 66000, look-ahead-ns: 122222
Called SetLoopLookahead: init: 0, final: 33, step: 1, loopDepth: 1, cumulative-num-iterations: 66000, look-ahead-ns: 391111
Called SetLoopLookahead: init: 0, final: 2000, step: 1, loopDepth: 2, cumulative-num-iterations: 132000000, look-ahead-ns: 293333344
Sending offset = 1307 to master !
Sending rows = 33 to master !
Sending result vector partition to master!
Sent results to master 
MSG: 15 Done.
Avg-Compute-Communication-Ratio = 8.613421

******************************************************
Received vector X and V from master 
Called SetLoopLookahead: init: 0, final: 16000, step: 8, loopDepth: 1, cumulative-num-iterations: 66000, look-ahead-ns: 122222
Called SetLoopLookahead: init: 0, final: 33, step: 1, loopDepth: 1, cumulative-num-iterations: 66000, look-ahead-ns: 391111
Called SetLoopLookahead: init: 0, final: 2000, step: 1, loopDepth: 2, cumulative-num-iterations: 132000000, look-ahead-ns: 293333344
Sending offset = 1307 to master !
Sending rows = 33 to master !
Sending result vector partition to master!
Sent results to master 
MSG: 16 Done.
Avg-Compute-Communication-Ratio = 8.591276

******************************************************
Received vector X and V from master 
Called SetLoopLookahead: init: 0, final: 16000, step: 8, loopDepth: 1, cumulative-num-iterations: 66000, look-ahead-ns: 122222
Called SetLoopLookahead: init: 0, final: 33, step: 1, loopDepth: 1, cumulative-num-iterations: 66000, look-ahead-ns: 391111
Called SetLoopLookahead: init: 0, final: 2000, step: 1, loopDepth: 2, cumulative-num-iterations: 132000000, look-ahead-ns: 293333344
Sending offset = 1307 to master !
Sending rows = 33 to master !
Sending result vector partition to master!
Sent results to master 
MSG: 17 Done.
Avg-Compute-Communication-Ratio = 8.585522

******************************************************
Received vector X and V from master 
Called SetLoopLookahead: init: 0, final: 16000, step: 8, loopDepth: 1, cumulative-num-iterations: 66000, look-ahead-ns: 122222
Called SetLoopLookahead: init: 0, final: 33, step: 1, loopDepth: 1, cumulative-num-iterations: 66000, look-ahead-ns: 391111
Called SetLoopLookahead: init: 0, final: 2000, step: 1, loopDepth: 2, cumulative-num-iterations: 132000000, look-ahead-ns: 293333344
Sending offset = 1307 to master !
Sending rows = 33 to master !
Sending result vector partition to master!
Sent results to master 
MSG: 18 Done.
Avg-Compute-Communication-Ratio = 8.568423

******************************************************
Received vector X and V from master 
Called SetLoopLookahead: init: 0, final: 16000, step: 8, loopDepth: 1, cumulative-num-iterations: 66000, look-ahead-ns: 122222
Called SetLoopLookahead: init: 0, final: 33, step: 1, loopDepth: 1, cumulative-num-iterations: 66000, look-ahead-ns: 391111
Called SetLoopLookahead: init: 0, final: 2000, step: 1, loopDepth: 2, cumulative-num-iterations: 132000000, look-ahead-ns: 293333344
Sending offset = 1307 to master !
Sending rows = 33 to master !
Sending result vector partition to master!
Sent results to master 
MSG: 19 Done.
Avg-Compute-Communication-Ratio = 8.564070

******************************************************
Received vector X and V from master 
Called SetLoopLookahead: init: 0, final: 16000, step: 8, loopDepth: 1, cumulative-num-iterations: 66000, look-ahead-ns: 122222
Called SetLoopLookahead: init: 0, final: 33, step: 1, loopDepth: 1, cumulative-num-iterations: 66000, look-ahead-ns: 391111
Called SetLoopLookahead: init: 0, final: 2000, step: 1, loopDepth: 2, cumulative-num-iterations: 132000000, look-ahead-ns: 293333344
Sending offset = 1307 to master !
Sending rows = 33 to master !
Sending result vector partition to master!
Sent results to master 
MSG: 20 Done.
Avg-Compute-Communication-Ratio = 8.557923

******************************************************
Received vector X and V from master 
Called SetLoopLookahead: init: 0, final: 16000, step: 8, loopDepth: 1, cumulative-num-iterations: 66000, look-ahead-ns: 122222
Called SetLoopLookahead: init: 0, final: 33, step: 1, loopDepth: 1, cumulative-num-iterations: 66000, look-ahead-ns: 391111
Called SetLoopLookahead: init: 0, final: 2000, step: 1, loopDepth: 2, cumulative-num-iterations: 132000000, look-ahead-ns: 293333344
Sending offset = 1307 to master !
Sending rows = 33 to master !
Sending result vector partition to master!
Sent results to master 
MSG: 21 Done.
Avg-Compute-Communication-Ratio = 8.555551

******************************************************
Received vector X and V from master 
Called SetLoopLookahead: init: 0, final: 16000, step: 8, loopDepth: 1, cumulative-num-iterations: 66000, look-ahead-ns: 122222
Called SetLoopLookahead: init: 0, final: 33, step: 1, loopDepth: 1, cumulative-num-iterations: 66000, look-ahead-ns: 391111
Called SetLoopLookahead: init: 0, final: 2000, step: 1, loopDepth: 2, cumulative-num-iterations: 132000000, look-ahead-ns: 293333344
Sending offset = 1307 to master !
Sending rows = 33 to master !
Sending result vector partition to master!
Sent results to master 
MSG: 22 Done.
Avg-Compute-Communication-Ratio = 8.546497

******************************************************
Received vector X and V from master 
Called SetLoopLookahead: init: 0, final: 16000, step: 8, loopDepth: 1, cumulative-num-iterations: 66000, look-ahead-ns: 122222
Called SetLoopLookahead: init: 0, final: 33, step: 1, loopDepth: 1, cumulative-num-iterations: 66000, look-ahead-ns: 391111
Called SetLoopLookahead: init: 0, final: 2000, step: 1, loopDepth: 2, cumulative-num-iterations: 132000000, look-ahead-ns: 293333344
Sending offset = 1307 to master !
Sending rows = 33 to master !
Sending result vector partition to master!
Sent results to master 
MSG: 23 Done.
Avg-Compute-Communication-Ratio = 8.528008

******************************************************
Received vector X and V from master 
Called SetLoopLookahead: init: 0, final: 16000, step: 8, loopDepth: 1, cumulative-num-iterations: 66000, look-ahead-ns: 122222
Called SetLoopLookahead: init: 0, final: 33, step: 1, loopDepth: 1, cumulative-num-iterations: 66000, look-ahead-ns: 391111
Called SetLoopLookahead: init: 0, final: 2000, step: 1, loopDepth: 2, cumulative-num-iterations: 132000000, look-ahead-ns: 293333344
Sending offset = 1307 to master !
Sending rows = 33 to master !
Sending result vector partition to master!
Sent results to master 
MSG: 24 Done.
Avg-Compute-Communication-Ratio = 8.528627

******************************************************
Received vector X and V from master 
Called SetLoopLookahead: init: 0, final: 16000, step: 8, loopDepth: 1, cumulative-num-iterations: 66000, look-ahead-ns: 122222
Called SetLoopLookahead: init: 0, final: 33, step: 1, loopDepth: 1, cumulative-num-iterations: 66000, look-ahead-ns: 391111
Called SetLoopLookahead: init: 0, final: 2000, step: 1, loopDepth: 2, cumulative-num-iterations: 132000000, look-ahead-ns: 293333344
Sending offset = 1307 to master !
Sending rows = 33 to master !
Sending result vector partition to master!
Sent results to master 
MSG: 25 Done.
Avg-Compute-Communication-Ratio = 8.527423

******************************************************
Received vector X and V from master 
Called SetLoopLookahead: init: 0, final: 16000, step: 8, loopDepth: 1, cumulative-num-iterations: 66000, look-ahead-ns: 122222
Called SetLoopLookahead: init: 0, final: 33, step: 1, loopDepth: 1, cumulative-num-iterations: 66000, look-ahead-ns: 391111
Called SetLoopLookahead: init: 0, final: 2000, step: 1, loopDepth: 2, cumulative-num-iterations: 132000000, look-ahead-ns: 293333344
Sending offset = 1307 to master !
Sending rows = 33 to master !
Sending result vector partition to master!
Sent results to master 
MSG: 26 Done.
Avg-Compute-Communication-Ratio = 8.526283

******************************************************
Received vector X and V from master 
Called SetLoopLookahead: init: 0, final: 16000, step: 8, loopDepth: 1, cumulative-num-iterations: 66000, look-ahead-ns: 122222
Called SetLoopLookahead: init: 0, final: 33, step: 1, loopDepth: 1, cumulative-num-iterations: 66000, look-ahead-ns: 391111
Called SetLoopLookahead: init: 0, final: 2000, step: 1, loopDepth: 2, cumulative-num-iterations: 132000000, look-ahead-ns: 293333344
Sending offset = 1307 to master !
Sending rows = 33 to master !
Sending result vector partition to master!
Sent results to master 
MSG: 27 Done.
Avg-Compute-Communication-Ratio = 8.520107

******************************************************
Received vector X and V from master 
Called SetLoopLookahead: init: 0, final: 16000, step: 8, loopDepth: 1, cumulative-num-iterations: 66000, look-ahead-ns: 122222
Called SetLoopLookahead: init: 0, final: 33, step: 1, loopDepth: 1, cumulative-num-iterations: 66000, look-ahead-ns: 391111
Called SetLoopLookahead: init: 0, final: 2000, step: 1, loopDepth: 2, cumulative-num-iterations: 132000000, look-ahead-ns: 293333344
Sending offset = 1307 to master !
Sending rows = 33 to master !
Sending result vector partition to master!
Sent results to master 
MSG: 28 Done.
Avg-Compute-Communication-Ratio = 8.518480

******************************************************
Received vector X and V from master 
Called SetLoopLookahead: init: 0, final: 16000, step: 8, loopDepth: 1, cumulative-num-iterations: 66000, look-ahead-ns: 122222
Called SetLoopLookahead: init: 0, final: 33, step: 1, loopDepth: 1, cumulative-num-iterations: 66000, look-ahead-ns: 391111
Called SetLoopLookahead: init: 0, final: 2000, step: 1, loopDepth: 2, cumulative-num-iterations: 132000000, look-ahead-ns: 293333344
Sending offset = 1307 to master !
Sending rows = 33 to master !
Sending result vector partition to master!
Sent results to master 
MSG: 29 Done.
Avg-Compute-Communication-Ratio = 8.520809

******************************************************
Received vector X and V from master 
Called SetLoopLookahead: init: 0, final: 16000, step: 8, loopDepth: 1, cumulative-num-iterations: 66000, look-ahead-ns: 122222
Called SetLoopLookahead: init: 0, final: 33, step: 1, loopDepth: 1, cumulative-num-iterations: 66000, look-ahead-ns: 391111
Called SetLoopLookahead: init: 0, final: 2000, step: 1, loopDepth: 2, cumulative-num-iterations: 132000000, look-ahead-ns: 293333344
Sending offset = 1307 to master !
Sending rows = 33 to master !
Sending result vector partition to master!
Sent results to master 
MSG: 30 Done.
Avg-Compute-Communication-Ratio = 8.519907

******************************************************
Received vector X and V from master 
Called SetLoopLookahead: init: 0, final: 16000, step: 8, loopDepth: 1, cumulative-num-iterations: 66000, look-ahead-ns: 122222
Called SetLoopLookahead: init: 0, final: 33, step: 1, loopDepth: 1, cumulative-num-iterations: 66000, look-ahead-ns: 391111
Called SetLoopLookahead: init: 0, final: 2000, step: 1, loopDepth: 2, cumulative-num-iterations: 132000000, look-ahead-ns: 293333344
Sending offset = 1307 to master !
Sending rows = 33 to master !
Sending result vector partition to master!
Sent results to master 
MSG: 31 Done.
Avg-Compute-Communication-Ratio = 8.518836

******************************************************
Received vector X and V from master 
Called SetLoopLookahead: init: 0, final: 16000, step: 8, loopDepth: 1, cumulative-num-iterations: 66000, look-ahead-ns: 122222
Called SetLoopLookahead: init: 0, final: 33, step: 1, loopDepth: 1, cumulative-num-iterations: 66000, look-ahead-ns: 391111
Called SetLoopLookahead: init: 0, final: 2000, step: 1, loopDepth: 2, cumulative-num-iterations: 132000000, look-ahead-ns: 293333344
Sending offset = 1307 to master !
Sending rows = 33 to master !
Sending result vector partition to master!
Sent results to master 
MSG: 32 Done.
Avg-Compute-Communication-Ratio = 8.516254

******************************************************
Received vector X and V from master 
Called SetLoopLookahead: init: 0, final: 16000, step: 8, loopDepth: 1, cumulative-num-iterations: 66000, look-ahead-ns: 122222
Called SetLoopLookahead: init: 0, final: 33, step: 1, loopDepth: 1, cumulative-num-iterations: 66000, look-ahead-ns: 391111
Called SetLoopLookahead: init: 0, final: 2000, step: 1, loopDepth: 2, cumulative-num-iterations: 132000000, look-ahead-ns: 293333344
Sending offset = 1307 to master !
Sending rows = 33 to master !
Sending result vector partition to master!
Sent results to master 
MSG: 33 Done.
Avg-Compute-Communication-Ratio = 8.514248

******************************************************
Received vector X and V from master 
Called SetLoopLookahead: init: 0, final: 16000, step: 8, loopDepth: 1, cumulative-num-iterations: 66000, look-ahead-ns: 122222
Called SetLoopLookahead: init: 0, final: 33, step: 1, loopDepth: 1, cumulative-num-iterations: 66000, look-ahead-ns: 391111
Called SetLoopLookahead: init: 0, final: 2000, step: 1, loopDepth: 2, cumulative-num-iterations: 132000000, look-ahead-ns: 293333344
Sending offset = 1307 to master !
Sending rows = 33 to master !
Sending result vector partition to master!
Sent results to master 
MSG: 34 Done.
Avg-Compute-Communication-Ratio = 8.511926

******************************************************
Received vector X and V from master 
Called SetLoopLookahead: init: 0, final: 16000, step: 8, loopDepth: 1, cumulative-num-iterations: 66000, look-ahead-ns: 122222
Called SetLoopLookahead: init: 0, final: 33, step: 1, loopDepth: 1, cumulative-num-iterations: 66000, look-ahead-ns: 391111
Called SetLoopLookahead: init: 0, final: 2000, step: 1, loopDepth: 2, cumulative-num-iterations: 132000000, look-ahead-ns: 293333344
Sending offset = 1307 to master !
Sending rows = 33 to master !
Sending result vector partition to master!
Sent results to master 
MSG: 35 Done.
Avg-Compute-Communication-Ratio = 8.516847

******************************************************
Received vector X and V from master 
Called SetLoopLookahead: init: 0, final: 16000, step: 8, loopDepth: 1, cumulative-num-iterations: 66000, look-ahead-ns: 122222
Called SetLoopLookahead: init: 0, final: 33, step: 1, loopDepth: 1, cumulative-num-iterations: 66000, look-ahead-ns: 391111
Called SetLoopLookahead: init: 0, final: 2000, step: 1, loopDepth: 2, cumulative-num-iterations: 132000000, look-ahead-ns: 293333344
Sending offset = 1307 to master !
Sending rows = 33 to master !
Sending result vector partition to master!
Sent results to master 
MSG: 36 Done.
Avg-Compute-Communication-Ratio = 8.519289

******************************************************
Received vector X and V from master 
Called SetLoopLookahead: init: 0, final: 16000, step: 8, loopDepth: 1, cumulative-num-iterations: 66000, look-ahead-ns: 122222
Called SetLoopLookahead: init: 0, final: 33, step: 1, loopDepth: 1, cumulative-num-iterations: 66000, look-ahead-ns: 391111
Called SetLoopLookahead: init: 0, final: 2000, step: 1, loopDepth: 2, cumulative-num-iterations: 132000000, look-ahead-ns: 293333344
Sending offset = 1307 to master !
Sending rows = 33 to master !
Sending result vector partition to master!
Sent results to master 
MSG: 37 Done.
Avg-Compute-Communication-Ratio = 8.522994

******************************************************
Received vector X and V from master 
Called SetLoopLookahead: init: 0, final: 16000, step: 8, loopDepth: 1, cumulative-num-iterations: 66000, look-ahead-ns: 122222
Called SetLoopLookahead: init: 0, final: 33, step: 1, loopDepth: 1, cumulative-num-iterations: 66000, look-ahead-ns: 391111
Called SetLoopLookahead: init: 0, final: 2000, step: 1, loopDepth: 2, cumulative-num-iterations: 132000000, look-ahead-ns: 293333344
Sending offset = 1307 to master !
Sending rows = 33 to master !
Sending result vector partition to master!
Sent results to master 
MSG: 38 Done.
Avg-Compute-Communication-Ratio = 8.524196

******************************************************
Received vector X and V from master 
Called SetLoopLookahead: init: 0, final: 16000, step: 8, loopDepth: 1, cumulative-num-iterations: 66000, look-ahead-ns: 122222
Called SetLoopLookahead: init: 0, final: 33, step: 1, loopDepth: 1, cumulative-num-iterations: 66000, look-ahead-ns: 391111
Called SetLoopLookahead: init: 0, final: 2000, step: 1, loopDepth: 2, cumulative-num-iterations: 132000000, look-ahead-ns: 293333344
Sending offset = 1307 to master !
Sending rows = 33 to master !
Sending result vector partition to master!
Sent results to master 
MSG: 39 Done.
Avg-Compute-Communication-Ratio = 8.522529

******************************************************
Received vector X and V from master 
Called SetLoopLookahead: init: 0, final: 16000, step: 8, loopDepth: 1, cumulative-num-iterations: 66000, look-ahead-ns: 122222
Called SetLoopLookahead: init: 0, final: 33, step: 1, loopDepth: 1, cumulative-num-iterations: 66000, look-ahead-ns: 391111
Called SetLoopLookahead: init: 0, final: 2000, step: 1, loopDepth: 2, cumulative-num-iterations: 132000000, look-ahead-ns: 293333344
Sending offset = 1307 to master !
Sending rows = 33 to master !
Sending result vector partition to master!
Sent results to master 
MSG: 40 Done.
Avg-Compute-Communication-Ratio = 8.518604

******************************************************
Received vector X and V from master 
Called SetLoopLookahead: init: 0, final: 16000, step: 8, loopDepth: 1, cumulative-num-iterations: 66000, look-ahead-ns: 122222
Called SetLoopLookahead: init: 0, final: 33, step: 1, loopDepth: 1, cumulative-num-iterations: 66000, look-ahead-ns: 391111
Called SetLoopLookahead: init: 0, final: 2000, step: 1, loopDepth: 2, cumulative-num-iterations: 132000000, look-ahead-ns: 293333344
Sending offset = 1307 to master !
Sending rows = 33 to master !
Sending result vector partition to master!
Sent results to master 
MSG: 41 Done.
Avg-Compute-Communication-Ratio = 8.519053

******************************************************
Received vector X and V from master 
Called SetLoopLookahead: init: 0, final: 16000, step: 8, loopDepth: 1, cumulative-num-iterations: 66000, look-ahead-ns: 122222
Called SetLoopLookahead: init: 0, final: 33, step: 1, loopDepth: 1, cumulative-num-iterations: 66000, look-ahead-ns: 391111
Called SetLoopLookahead: init: 0, final: 2000, step: 1, loopDepth: 2, cumulative-num-iterations: 132000000, look-ahead-ns: 293333344
Sending offset = 1307 to master !
Sending rows = 33 to master !
Sending result vector partition to master!
Sent results to master 
MSG: 42 Done.
Avg-Compute-Communication-Ratio = 8.517066

******************************************************
Received vector X and V from master 
Called SetLoopLookahead: init: 0, final: 16000, step: 8, loopDepth: 1, cumulative-num-iterations: 66000, look-ahead-ns: 122222
Called SetLoopLookahead: init: 0, final: 33, step: 1, loopDepth: 1, cumulative-num-iterations: 66000, look-ahead-ns: 391111
Called SetLoopLookahead: init: 0, final: 2000, step: 1, loopDepth: 2, cumulative-num-iterations: 132000000, look-ahead-ns: 293333344
Sending offset = 1307 to master !
Sending rows = 33 to master !
Sending result vector partition to master!
Sent results to master 
MSG: 43 Done.
Avg-Compute-Communication-Ratio = 8.518494

******************************************************
Received vector X and V from master 
Called SetLoopLookahead: init: 0, final: 16000, step: 8, loopDepth: 1, cumulative-num-iterations: 66000, look-ahead-ns: 122222
Called SetLoopLookahead: init: 0, final: 33, step: 1, loopDepth: 1, cumulative-num-iterations: 66000, look-ahead-ns: 391111
Called SetLoopLookahead: init: 0, final: 2000, step: 1, loopDepth: 2, cumulative-num-iterations: 132000000, look-ahead-ns: 293333344
Sending offset = 1307 to master !
Sending rows = 33 to master !
Sending result vector partition to master!
Sent results to master 
MSG: 44 Done.
Avg-Compute-Communication-Ratio = 8.512392

******************************************************
Received vector X and V from master 
Called SetLoopLookahead: init: 0, final: 16000, step: 8, loopDepth: 1, cumulative-num-iterations: 66000, look-ahead-ns: 122222
Called SetLoopLookahead: init: 0, final: 33, step: 1, loopDepth: 1, cumulative-num-iterations: 66000, look-ahead-ns: 391111
Called SetLoopLookahead: init: 0, final: 2000, step: 1, loopDepth: 2, cumulative-num-iterations: 132000000, look-ahead-ns: 293333344
Sending offset = 1307 to master !
Sending rows = 33 to master !
Sending result vector partition to master!
Sent results to master 
MSG: 45 Done.
Avg-Compute-Communication-Ratio = 8.509230

******************************************************
Received vector X and V from master 
Called SetLoopLookahead: init: 0, final: 16000, step: 8, loopDepth: 1, cumulative-num-iterations: 66000, look-ahead-ns: 122222
Called SetLoopLookahead: init: 0, final: 33, step: 1, loopDepth: 1, cumulative-num-iterations: 66000, look-ahead-ns: 391111
Called SetLoopLookahead: init: 0, final: 2000, step: 1, loopDepth: 2, cumulative-num-iterations: 132000000, look-ahead-ns: 293333344
Sending offset = 1307 to master !
Sending rows = 33 to master !
Sending result vector partition to master!
Sent results to master 
MSG: 46 Done.
Avg-Compute-Communication-Ratio = 8.505509

******************************************************
Received vector X and V from master 
Called SetLoopLookahead: init: 0, final: 16000, step: 8, loopDepth: 1, cumulative-num-iterations: 66000, look-ahead-ns: 122222
Called SetLoopLookahead: init: 0, final: 33, step: 1, loopDepth: 1, cumulative-num-iterations: 66000, look-ahead-ns: 391111
Called SetLoopLookahead: init: 0, final: 2000, step: 1, loopDepth: 2, cumulative-num-iterations: 132000000, look-ahead-ns: 293333344
Sending offset = 1307 to master !
Sending rows = 33 to master !
Sending result vector partition to master!
Sent results to master 
MSG: 47 Done.
Avg-Compute-Communication-Ratio = 8.501413

******************************************************
Received vector X and V from master 
Called SetLoopLookahead: init: 0, final: 16000, step: 8, loopDepth: 1, cumulative-num-iterations: 66000, look-ahead-ns: 122222
Called SetLoopLookahead: init: 0, final: 33, step: 1, loopDepth: 1, cumulative-num-iterations: 66000, look-ahead-ns: 391111
Called SetLoopLookahead: init: 0, final: 2000, step: 1, loopDepth: 2, cumulative-num-iterations: 132000000, look-ahead-ns: 293333344
Sending offset = 1307 to master !
Sending rows = 33 to master !
Sending result vector partition to master!
Sent results to master 
MSG: 48 Done.
Avg-Compute-Communication-Ratio = 8.494864

******************************************************
Received vector X and V from master 
Called SetLoopLookahead: init: 0, final: 16000, step: 8, loopDepth: 1, cumulative-num-iterations: 66000, look-ahead-ns: 122222
Called SetLoopLookahead: init: 0, final: 33, step: 1, loopDepth: 1, cumulative-num-iterations: 66000, look-ahead-ns: 391111
Called SetLoopLookahead: init: 0, final: 2000, step: 1, loopDepth: 2, cumulative-num-iterations: 132000000, look-ahead-ns: 293333344
Sending offset = 1307 to master !
Sending rows = 33 to master !
Sending result vector partition to master!
Sent results to master 
MSG: 49 Done.
Avg-Compute-Communication-Ratio = 8.491198

******************************************************
Received vector X and V from master 
Called SetLoopLookahead: init: 0, final: 16000, step: 8, loopDepth: 1, cumulative-num-iterations: 66000, look-ahead-ns: 122222
Called SetLoopLookahead: init: 0, final: 33, step: 1, loopDepth: 1, cumulative-num-iterations: 66000, look-ahead-ns: 391111
Called SetLoopLookahead: init: 0, final: 2000, step: 1, loopDepth: 2, cumulative-num-iterations: 132000000, look-ahead-ns: 293333344
Sending offset = 1307 to master !
Sending rows = 33 to master !
Sending result vector partition to master!
Sent results to master 
MSG: 50 Done.
Avg-Compute-Communication-Ratio = 8.488873

******************************************************
Received vector X and V from master 
Called SetLoopLookahead: init: 0, final: 16000, step: 8, loopDepth: 1, cumulative-num-iterations: 66000, look-ahead-ns: 122222
Called SetLoopLookahead: init: 0, final: 33, step: 1, loopDepth: 1, cumulative-num-iterations: 66000, look-ahead-ns: 391111
Called SetLoopLookahead: init: 0, final: 2000, step: 1, loopDepth: 2, cumulative-num-iterations: 132000000, look-ahead-ns: 293333344
Sending offset = 1307 to master !
Sending rows = 33 to master !
Sending result vector partition to master!
Sent results to master 
MSG: 51 Done.
Avg-Compute-Communication-Ratio = 8.487164

******************************************************
Received vector X and V from master 
Called SetLoopLookahead: init: 0, final: 16000, step: 8, loopDepth: 1, cumulative-num-iterations: 66000, look-ahead-ns: 122222
Called SetLoopLookahead: init: 0, final: 33, step: 1, loopDepth: 1, cumulative-num-iterations: 66000, look-ahead-ns: 391111
Called SetLoopLookahead: init: 0, final: 2000, step: 1, loopDepth: 2, cumulative-num-iterations: 132000000, look-ahead-ns: 293333344
Sending offset = 1307 to master !
Sending rows = 33 to master !
Sending result vector partition to master!
Sent results to master 
MSG: 52 Done.
Avg-Compute-Communication-Ratio = 8.486895

******************************************************
Received vector X and V from master 
Called SetLoopLookahead: init: 0, final: 16000, step: 8, loopDepth: 1, cumulative-num-iterations: 66000, look-ahead-ns: 122222
Called SetLoopLookahead: init: 0, final: 33, step: 1, loopDepth: 1, cumulative-num-iterations: 66000, look-ahead-ns: 391111
Called SetLoopLookahead: init: 0, final: 2000, step: 1, loopDepth: 2, cumulative-num-iterations: 132000000, look-ahead-ns: 293333344
Sending offset = 1307 to master !
Sending rows = 33 to master !
Sending result vector partition to master!
Sent results to master 
MSG: 53 Done.
Avg-Compute-Communication-Ratio = 8.484596

******************************************************
Received vector X and V from master 
Called SetLoopLookahead: init: 0, final: 16000, step: 8, loopDepth: 1, cumulative-num-iterations: 66000, look-ahead-ns: 122222
Called SetLoopLookahead: init: 0, final: 33, step: 1, loopDepth: 1, cumulative-num-iterations: 66000, look-ahead-ns: 391111
Called SetLoopLookahead: init: 0, final: 2000, step: 1, loopDepth: 2, cumulative-num-iterations: 132000000, look-ahead-ns: 293333344
Sending offset = 1307 to master !
Sending rows = 33 to master !
Sending result vector partition to master!
Sent results to master 
MSG: 54 Done.
Avg-Compute-Communication-Ratio = 8.480696

******************************************************
Received vector X and V from master 
Called SetLoopLookahead: init: 0, final: 16000, step: 8, loopDepth: 1, cumulative-num-iterations: 66000, look-ahead-ns: 122222
Called SetLoopLookahead: init: 0, final: 33, step: 1, loopDepth: 1, cumulative-num-iterations: 66000, look-ahead-ns: 391111
Called SetLoopLookahead: init: 0, final: 2000, step: 1, loopDepth: 2, cumulative-num-iterations: 132000000, look-ahead-ns: 293333344
Sending offset = 1307 to master !
Sending rows = 33 to master !
Sending result vector partition to master!
Sent results to master 
MSG: 55 Done.
Avg-Compute-Communication-Ratio = 8.477703

******************************************************
Received vector X and V from master 
Called SetLoopLookahead: init: 0, final: 16000, step: 8, loopDepth: 1, cumulative-num-iterations: 66000, look-ahead-ns: 122222
Called SetLoopLookahead: init: 0, final: 33, step: 1, loopDepth: 1, cumulative-num-iterations: 66000, look-ahead-ns: 391111
Called SetLoopLookahead: init: 0, final: 2000, step: 1, loopDepth: 2, cumulative-num-iterations: 132000000, look-ahead-ns: 293333344
Sending offset = 1307 to master !
Sending rows = 33 to master !
Sending result vector partition to master!
Sent results to master 
MSG: 56 Done.
Avg-Compute-Communication-Ratio = 8.472468

******************************************************
Received vector X and V from master 
Called SetLoopLookahead: init: 0, final: 16000, step: 8, loopDepth: 1, cumulative-num-iterations: 66000, look-ahead-ns: 122222
Called SetLoopLookahead: init: 0, final: 33, step: 1, loopDepth: 1, cumulative-num-iterations: 66000, look-ahead-ns: 391111
Called SetLoopLookahead: init: 0, final: 2000, step: 1, loopDepth: 2, cumulative-num-iterations: 132000000, look-ahead-ns: 293333344
Sending offset = 1307 to master !
Sending rows = 33 to master !
Sending result vector partition to master!
Sent results to master 
MSG: 57 Done.
Avg-Compute-Communication-Ratio = 8.471769

******************************************************
Received vector X and V from master 
Called SetLoopLookahead: init: 0, final: 16000, step: 8, loopDepth: 1, cumulative-num-iterations: 66000, look-ahead-ns: 122222
Called SetLoopLookahead: init: 0, final: 33, step: 1, loopDepth: 1, cumulative-num-iterations: 66000, look-ahead-ns: 391111
Called SetLoopLookahead: init: 0, final: 2000, step: 1, loopDepth: 2, cumulative-num-iterations: 132000000, look-ahead-ns: 293333344
Sending offset = 1307 to master !
Sending rows = 33 to master !
Sending result vector partition to master!
Sent results to master 
MSG: 58 Done.
Avg-Compute-Communication-Ratio = 8.469622

******************************************************
Received vector X and V from master 
Called SetLoopLookahead: init: 0, final: 16000, step: 8, loopDepth: 1, cumulative-num-iterations: 66000, look-ahead-ns: 122222
Called SetLoopLookahead: init: 0, final: 33, step: 1, loopDepth: 1, cumulative-num-iterations: 66000, look-ahead-ns: 391111
Called SetLoopLookahead: init: 0, final: 2000, step: 1, loopDepth: 2, cumulative-num-iterations: 132000000, look-ahead-ns: 293333344
Exp finishing. Stopping stack thread with id: 6!

------------------------- ACTUAL STDOUT FROM EXECUTABLE ENDED -----------------------------

Process: 6 exiting VT experiment !
Main thread exiting. PID = 6
