Attempting to set static arp entries ...
Tracer: 11 >> Using SRC IP: 10.1.0.206 for any spawned virtual tcp-stacks
Tracer: 11 >> Updating firewall rules to drop outgoing TCP-RST packets
Attempting to set firewall rules ...
Tracer: 11 >> CMD TO RUN: /home/vignesh/VT-S3FNet/csudp/mpi_sat/mpi_csat 10 16 10.1.0.206 > /home/vignesh/VT-S3FNet/experiment-data/MPI_LA_Enabled_nemus_16_mpi_sat/worker10.log
args[0] = /home/vignesh/VT-S3FNet/csudp/mpi_sat/mpi_csat
args[1] = 10
args[2] = 16
args[3] = 10.1.0.206
Setting appropriate environment variables ...
HOME DIRECTORY : /home/vignesh
Parsing TTN config file: /home/vignesh/.ttn/projects.db
Setting VT_L1_INS_CACHE_MISS_CYCLES to: 100
Setting VT_L1_INS_CACHE_LINES to: 64
Setting VT_L1_INS_CACHE_SIZE_KB to: 32
Setting VT_L1_INS_CACHE_ASSOC to: 8
Setting VT_L1_INS_CACHE_REPLACEMENT_POLICY to: LRU
Setting VT_L1_DATA_CACHE_MISS_CYCLES to: 100
Setting VT_L1_DATA_CACHE_LINES to: 64
Setting VT_L1_DATA_CACHE_SIZE_KB to: 32
Setting VT_L1_DATA_CACHE_ASSOC to: 8
Setting VT_L1_DATA_CACHE_REPLACEMENT_POLICY to: LRU
Setting VT_CPU_CYLES_NS to: 2.700000
Setting VT_NIC_SPEED_MBPS to: 1000.000000
Setting VT_TIMING_MODEL to: EMPIRICAL
Setting VT_BBL_LOOKAHEAD_FILE to: /home/vignesh/VT-S3FNet/csudp/mpi_sat/.ttn/lookahead/bbl_lookahead.info
Setting VT_LOOP_LOOKAHEAD_FILE to: /home/vignesh/VT-S3FNet/csudp/mpi_sat/.ttn/lookahead/loop_lookahead.info
Starting command: /home/vignesh/VT-S3FNet/csudp/mpi_sat/mpi_csat
Loading orig functions !
Starting executable with Pid = 6
Loading pointers to VTL Logic functions
Loaded pointers to all VTL Logic functions
Now Initializing VT-Management 
Extracting env variables !
Extracted tracer-id: 11
Extracted exp-type: 2
Extracted cpu-cycles-ns: 2.700000
Extracted socket-layer-ip: -838860534
Starting VT-initialization !
Tracer-ID: 11, Timeline-ID: 11
Tracer registration for EXP_CS complete. TimelineID = 11, Return = 11
Tracer Adding to SQ. Tracer ID = 11
Parsing any provided lookahead information ...
Opening file: /home/vignesh/VT-S3FNet/csudp/mpi_sat/.ttn/lookahead/bbl_lookahead.info
File size: 808
mapped memblock size: 808
Finish offset: 97, Number of values: 97
Returning success !
Loaded BBL lookaheads for 97 basic blocks ...
Opening file: /home/vignesh/VT-S3FNet/csudp/mpi_sat/.ttn/lookahead/loop_lookahead.info
File size: 56
mapped memblock size: 56
Finish offset: 3, Number of values: 3
Returning success !
Loaded Loop lookaheads for 3 loops ...
VT initialization successfull !
Finished Initializing VT-Management 
Initializing TCP-stack ...
TCP stack unique-id: 116
Starting virtual socket layer stack-thread !
Pthread_create: vtStackThread special case
Successfully initialized VTL-Logic embedded into the executable

------------------------- ACTUAL STDOUT FROM EXECUTABLE STARTS -----------------------------

Rank = 10, Total = 16, IP = 10.1.0.206
Adding new vt-tcp-socket !
Creating vt-tcp socket !
bind through vt-tcp !
Server socket bound to ip:port: 10.1.0.206:10000
Waiting for OK message from other nodes !
Waiting for OK message !
listen through vt-tcp !
Accept through vt-tcp !
Successfully received OK message !

---------------- Waiting for higher ranked nodes to connect --------------
listen through vt-tcp !
Accepting connection from higher ranked node: 15
Accept through vt-tcp !
Entering time-wait from FIN_WAIT_2
Clearing all tcp timers !
Adding TcpLinger !
Accepted connection from higher ranked node: 15
Successfully connected with higher ranked node: 15
Accepting connection from higher ranked node: 14
Accept through vt-tcp !
Accepted connection from higher ranked node: 14
Successfully connected with higher ranked node: 14
Accepting connection from higher ranked node: 13
Accept through vt-tcp !
Accepted connection from higher ranked node: 13
Successfully connected with higher ranked node: 13
Accepting connection from higher ranked node: 12
Accept through vt-tcp !
Accepted connection from higher ranked node: 12
Successfully connected with higher ranked node: 12
Accepting connection from higher ranked node: 11
Accept through vt-tcp !
Accepted connection from higher ranked node: 11
Successfully connected with higher ranked node: 11
Closing server socket: 4097
Clearing all tcp timers !
TCP-done for socket: 4097, err: -103

---------------- Connecting to lowed ranked nodes ! --------------
Adding new vt-tcp-socket !
Creating vt-tcp socket !
Connecting to lower ranked node: 9 at 10.1.0.202:10000
Connecting .. Socket: 4104, src-port: 40001
Socket: 4097 garbage collection
Freeing socket: 4097
Waking up connected socket !
Socket connect success. socket = 4104
Connecting through vt-tcp success !
Successfully connected to lower ranked node: 9 at 10.1.0.202:10000
Adding new vt-tcp-socket !
Creating vt-tcp socket !
Connecting to lower ranked node: 8 at 10.1.0.198:10000
Connecting .. Socket: 4105, src-port: 40002
Waking up connected socket !
Socket connect success. socket = 4105
Connecting through vt-tcp success !
Successfully connected to lower ranked node: 8 at 10.1.0.198:10000
Adding new vt-tcp-socket !
Creating vt-tcp socket !
Connecting to lower ranked node: 7 at 10.1.0.194:10000
Connecting .. Socket: 4106, src-port: 40003
Waking up connected socket !
Socket connect success. socket = 4106
Connecting through vt-tcp success !
Successfully connected to lower ranked node: 7 at 10.1.0.194:10000
Adding new vt-tcp-socket !
Creating vt-tcp socket !
Connecting to lower ranked node: 6 at 10.1.0.190:10000
Connecting .. Socket: 4107, src-port: 40004
Waking up connected socket !
Socket connect success. socket = 4107
Connecting through vt-tcp success !
Successfully connected to lower ranked node: 6 at 10.1.0.190:10000
Adding new vt-tcp-socket !
Creating vt-tcp socket !
Connecting to lower ranked node: 5 at 10.1.0.186:10000
Connecting .. Socket: 4108, src-port: 40005
Waking up connected socket !
Socket connect success. socket = 4108
Connecting through vt-tcp success !
Successfully connected to lower ranked node: 5 at 10.1.0.186:10000
Adding new vt-tcp-socket !
Creating vt-tcp socket !
Connecting to lower ranked node: 4 at 10.1.0.182:10000
Connecting .. Socket: 4109, src-port: 40006
Waking up connected socket !
Socket connect success. socket = 4109
Connecting through vt-tcp success !
Successfully connected to lower ranked node: 4 at 10.1.0.182:10000
Adding new vt-tcp-socket !
Creating vt-tcp socket !
Connecting to lower ranked node: 3 at 10.1.0.130:10000
Connecting .. Socket: 4110, src-port: 40007
Waking up connected socket !
Socket connect success. socket = 4110
Connecting through vt-tcp success !
Successfully connected to lower ranked node: 3 at 10.1.0.130:10000
Adding new vt-tcp-socket !
Creating vt-tcp socket !
Connecting to lower ranked node: 2 at 10.1.0.138:10000
Connecting .. Socket: 4111, src-port: 40008
Waking up connected socket !
Socket connect success. socket = 4111
Connecting through vt-tcp success !
Successfully connected to lower ranked node: 2 at 10.1.0.138:10000
Adding new vt-tcp-socket !
Creating vt-tcp socket !
Connecting to lower ranked node: 1 at 10.1.0.142:10000
Connecting .. Socket: 4112, src-port: 40009
Waking up connected socket !
Socket connect success. socket = 4112
Connecting through vt-tcp success !
Successfully connected to lower ranked node: 1 at 10.1.0.142:10000
Adding new vt-tcp-socket !
Creating vt-tcp socket !
Connecting to lower ranked node: 0 at 10.1.0.146:10000
Connecting .. Socket: 4113, src-port: 40010
Waking up connected socket !
Socket connect success. socket = 4113
Connecting through vt-tcp success !
Successfully connected to lower ranked node: 0 at 10.1.0.146:10000

---------------- Creating listen Thread ! --------------

---------------- MPI-Init success ! --------------

-------------------------------------------------------------
  Task no: 1
Waiting for trigger !
Adding new Thread: 8
Signal Burst Completion: Flushing Data Cache !
Resuming new Thread with Burst of length: 5400
Trigger syscall finish: 6, currActiveThreadID = 8, myThreadID = 6. Flushing Data Cache !
  Worker 10 iterates from 671088640 <= I < 738197503

Called SetLoopLookahead: init: 671088640, final: 738197503, step: 1, loopDepth: 0, cumulative-num-iterations: 67108863, look-ahead-ns: 546812928
Called SetLoopLookahead: init: 29, final: -1, step: -1, loopDepth: 1, cumulative-num-iterations: 2013265890, look-ahead-ns: 5965232128
tcp-linger 
Clearing all tcp timers !
TCP-done for socket: 4098, err: -110
Socket: 4098 garbage collection
Freeing socket: 4098
Before rcv-wnd: seq: 1, rcv_nxt: 5
Before rcv-wnd: seq: 1, rcv_nxt: 5
tcp-rto: snd_una: 1, rto: 400, backoff: 1, sock-fd = 4104
tcp-rto: snd_una: 1, rto: 400, backoff: 1, sock-fd = 4108
tcp-rto: snd_una: 1, rto: 400, backoff: 1, sock-fd = 4111
   1        10   736525360:   1 0 1 0 1 1 1 1 1 0 0 1 1 0 0 1 1 1 1 1 0 0 0 0 1 1 0 0 0 0
Called SetLoopLookahead: init: 29, final: -1, step: -1, loopDepth: 1, cumulative-num-iterations: 900, look-ahead-ns: 2666
   2        10   736525361:   1 0 1 0 1 1 1 1 1 0 0 1 1 0 0 1 1 1 1 1 0 0 0 0 1 1 0 0 0 1
Called SetLoopLookahead: init: 29, final: -1, step: -1, loopDepth: 1, cumulative-num-iterations: 900, look-ahead-ns: 2666
   3        10   736525362:   1 0 1 0 1 1 1 1 1 0 0 1 1 0 0 1 1 1 1 1 0 0 0 0 1 1 0 0 1 0
Called SetLoopLookahead: init: 29, final: -1, step: -1, loopDepth: 1, cumulative-num-iterations: 900, look-ahead-ns: 2666
   4        10   736525363:   1 0 1 0 1 1 1 1 1 0 0 1 1 0 0 1 1 1 1 1 0 0 0 0 1 1 0 0 1 1
Called SetLoopLookahead: init: 29, final: -1, step: -1, loopDepth: 1, cumulative-num-iterations: 900, look-ahead-ns: 2666
   5        10   736525364:   1 0 1 0 1 1 1 1 1 0 0 1 1 0 0 1 1 1 1 1 0 0 0 0 1 1 0 1 0 0
Called SetLoopLookahead: init: 29, final: -1, step: -1, loopDepth: 1, cumulative-num-iterations: 900, look-ahead-ns: 2666
   6        10   736525365:   1 0 1 0 1 1 1 1 1 0 0 1 1 0 0 1 1 1 1 1 0 0 0 0 1 1 0 1 0 1
Called SetLoopLookahead: init: 29, final: -1, step: -1, loopDepth: 1, cumulative-num-iterations: 900, look-ahead-ns: 2666
   7        10   736525366:   1 0 1 0 1 1 1 1 1 0 0 1 1 0 0 1 1 1 1 1 0 0 0 0 1 1 0 1 1 0
Called SetLoopLookahead: init: 29, final: -1, step: -1, loopDepth: 1, cumulative-num-iterations: 900, look-ahead-ns: 2666
   8        10   736525367:   1 0 1 0 1 1 1 1 1 0 0 1 1 0 0 1 1 1 1 1 0 0 0 0 1 1 0 1 1 1
Called SetLoopLookahead: init: 29, final: -1, step: -1, loopDepth: 1, cumulative-num-iterations: 900, look-ahead-ns: 2666
   9        10   736525384:   1 0 1 0 1 1 1 1 1 0 0 1 1 0 0 1 1 1 1 1 0 0 0 1 0 0 1 0 0 0
Called SetLoopLookahead: init: 29, final: -1, step: -1, loopDepth: 1, cumulative-num-iterations: 900, look-ahead-ns: 2666
  10        10   736525385:   1 0 1 0 1 1 1 1 1 0 0 1 1 0 0 1 1 1 1 1 0 0 0 1 0 0 1 0 0 1
Called SetLoopLookahead: init: 29, final: -1, step: -1, loopDepth: 1, cumulative-num-iterations: 900, look-ahead-ns: 2666
  11        10   736525386:   1 0 1 0 1 1 1 1 1 0 0 1 1 0 0 1 1 1 1 1 0 0 0 1 0 0 1 0 1 0
Called SetLoopLookahead: init: 29, final: -1, step: -1, loopDepth: 1, cumulative-num-iterations: 900, look-ahead-ns: 2666
  12        10   736525387:   1 0 1 0 1 1 1 1 1 0 0 1 1 0 0 1 1 1 1 1 0 0 0 1 0 0 1 0 1 1
Called SetLoopLookahead: init: 29, final: -1, step: -1, loopDepth: 1, cumulative-num-iterations: 900, look-ahead-ns: 2666
  13        10   736525392:   1 0 1 0 1 1 1 1 1 0 0 1 1 0 0 1 1 1 1 1 0 0 0 1 0 1 0 0 0 0
Called SetLoopLookahead: init: 29, final: -1, step: -1, loopDepth: 1, cumulative-num-iterations: 900, look-ahead-ns: 2666
  14        10   736525393:   1 0 1 0 1 1 1 1 1 0 0 1 1 0 0 1 1 1 1 1 0 0 0 1 0 1 0 0 0 1
Called SetLoopLookahead: init: 29, final: -1, step: -1, loopDepth: 1, cumulative-num-iterations: 900, look-ahead-ns: 2666
  15        10   736525394:   1 0 1 0 1 1 1 1 1 0 0 1 1 0 0 1 1 1 1 1 0 0 0 1 0 1 0 0 1 0
Called SetLoopLookahead: init: 29, final: -1, step: -1, loopDepth: 1, cumulative-num-iterations: 900, look-ahead-ns: 2666
  16        10   736525395:   1 0 1 0 1 1 1 1 1 0 0 1 1 0 0 1 1 1 1 1 0 0 0 1 0 1 0 0 1 1
Called SetLoopLookahead: init: 29, final: -1, step: -1, loopDepth: 1, cumulative-num-iterations: 900, look-ahead-ns: 2666
  17        10   736525396:   1 0 1 0 1 1 1 1 1 0 0 1 1 0 0 1 1 1 1 1 0 0 0 1 0 1 0 1 0 0
Called SetLoopLookahead: init: 29, final: -1, step: -1, loopDepth: 1, cumulative-num-iterations: 900, look-ahead-ns: 2666
  18        10   736525397:   1 0 1 0 1 1 1 1 1 0 0 1 1 0 0 1 1 1 1 1 0 0 0 1 0 1 0 1 0 1
Called SetLoopLookahead: init: 29, final: -1, step: -1, loopDepth: 1, cumulative-num-iterations: 900, look-ahead-ns: 2666
  19        10   736525398:   1 0 1 0 1 1 1 1 1 0 0 1 1 0 0 1 1 1 1 1 0 0 0 1 0 1 0 1 1 0
Called SetLoopLookahead: init: 29, final: -1, step: -1, loopDepth: 1, cumulative-num-iterations: 900, look-ahead-ns: 2666
  20        10   736525399:   1 0 1 0 1 1 1 1 1 0 0 1 1 0 0 1 1 1 1 1 0 0 0 1 0 1 0 1 1 1
Called SetLoopLookahead: init: 29, final: -1, step: -1, loopDepth: 1, cumulative-num-iterations: 900, look-ahead-ns: 2666
  21        10   736525400:   1 0 1 0 1 1 1 1 1 0 0 1 1 0 0 1 1 1 1 1 0 0 0 1 0 1 1 0 0 0
Called SetLoopLookahead: init: 29, final: -1, step: -1, loopDepth: 1, cumulative-num-iterations: 900, look-ahead-ns: 2666
  22        10   736525401:   1 0 1 0 1 1 1 1 1 0 0 1 1 0 0 1 1 1 1 1 0 0 0 1 0 1 1 0 0 1
Called SetLoopLookahead: init: 29, final: -1, step: -1, loopDepth: 1, cumulative-num-iterations: 900, look-ahead-ns: 2666
  23        10   736525402:   1 0 1 0 1 1 1 1 1 0 0 1 1 0 0 1 1 1 1 1 0 0 0 1 0 1 1 0 1 0
Called SetLoopLookahead: init: 29, final: -1, step: -1, loopDepth: 1, cumulative-num-iterations: 900, look-ahead-ns: 2666
  24        10   736525403:   1 0 1 0 1 1 1 1 1 0 0 1 1 0 0 1 1 1 1 1 0 0 0 1 0 1 1 0 1 1
Called SetLoopLookahead: init: 29, final: -1, step: -1, loopDepth: 1, cumulative-num-iterations: 900, look-ahead-ns: 2666
  25        10   736525424:   1 0 1 0 1 1 1 1 1 0 0 1 1 0 0 1 1 1 1 1 0 0 0 1 1 1 0 0 0 0
Called SetLoopLookahead: init: 29, final: -1, step: -1, loopDepth: 1, cumulative-num-iterations: 900, look-ahead-ns: 2666
  26        10   736525425:   1 0 1 0 1 1 1 1 1 0 0 1 1 0 0 1 1 1 1 1 0 0 0 1 1 1 0 0 0 1
Called SetLoopLookahead: init: 29, final: -1, step: -1, loopDepth: 1, cumulative-num-iterations: 900, look-ahead-ns: 2666
  27        10   736525426:   1 0 1 0 1 1 1 1 1 0 0 1 1 0 0 1 1 1 1 1 0 0 0 1 1 1 0 0 1 0
Called SetLoopLookahead: init: 29, final: -1, step: -1, loopDepth: 1, cumulative-num-iterations: 900, look-ahead-ns: 2666
  28        10   736525427:   1 0 1 0 1 1 1 1 1 0 0 1 1 0 0 1 1 1 1 1 0 0 0 1 1 1 0 0 1 1
Called SetLoopLookahead: init: 29, final: -1, step: -1, loopDepth: 1, cumulative-num-iterations: 900, look-ahead-ns: 2666
  29        10   736525428:   1 0 1 0 1 1 1 1 1 0 0 1 1 0 0 1 1 1 1 1 0 0 0 1 1 1 0 1 0 0
Called SetLoopLookahead: init: 29, final: -1, step: -1, loopDepth: 1, cumulative-num-iterations: 900, look-ahead-ns: 2666
  30        10   736525429:   1 0 1 0 1 1 1 1 1 0 0 1 1 0 0 1 1 1 1 1 0 0 0 1 1 1 0 1 0 1
Called SetLoopLookahead: init: 29, final: -1, step: -1, loopDepth: 1, cumulative-num-iterations: 900, look-ahead-ns: 2666
  31        10   736525430:   1 0 1 0 1 1 1 1 1 0 0 1 1 0 0 1 1 1 1 1 0 0 0 1 1 1 0 1 1 0
Called SetLoopLookahead: init: 29, final: -1, step: -1, loopDepth: 1, cumulative-num-iterations: 900, look-ahead-ns: 2666
  32        10   736525431:   1 0 1 0 1 1 1 1 1 0 0 1 1 0 0 1 1 1 1 1 0 0 0 1 1 1 0 1 1 1
Called SetLoopLookahead: init: 29, final: -1, step: -1, loopDepth: 1, cumulative-num-iterations: 900, look-ahead-ns: 2666
  33        10   736526000:   1 0 1 0 1 1 1 1 1 0 0 1 1 0 0 1 1 1 1 1 1 0 1 0 1 1 0 0 0 0
Called SetLoopLookahead: init: 29, final: -1, step: -1, loopDepth: 1, cumulative-num-iterations: 900, look-ahead-ns: 2666
  34        10   736526001:   1 0 1 0 1 1 1 1 1 0 0 1 1 0 0 1 1 1 1 1 1 0 1 0 1 1 0 0 0 1
Called SetLoopLookahead: init: 29, final: -1, step: -1, loopDepth: 1, cumulative-num-iterations: 900, look-ahead-ns: 2666
  35        10   736526002:   1 0 1 0 1 1 1 1 1 0 0 1 1 0 0 1 1 1 1 1 1 0 1 0 1 1 0 0 1 0
Called SetLoopLookahead: init: 29, final: -1, step: -1, loopDepth: 1, cumulative-num-iterations: 900, look-ahead-ns: 2666
  36        10   736526003:   1 0 1 0 1 1 1 1 1 0 0 1 1 0 0 1 1 1 1 1 1 0 1 0 1 1 0 0 1 1
Called SetLoopLookahead: init: 29, final: -1, step: -1, loopDepth: 1, cumulative-num-iterations: 900, look-ahead-ns: 2666
  37        10   736526004:   1 0 1 0 1 1 1 1 1 0 0 1 1 0 0 1 1 1 1 1 1 0 1 0 1 1 0 1 0 0
Called SetLoopLookahead: init: 29, final: -1, step: -1, loopDepth: 1, cumulative-num-iterations: 900, look-ahead-ns: 2666
  38        10   736526005:   1 0 1 0 1 1 1 1 1 0 0 1 1 0 0 1 1 1 1 1 1 0 1 0 1 1 0 1 0 1
Called SetLoopLookahead: init: 29, final: -1, step: -1, loopDepth: 1, cumulative-num-iterations: 900, look-ahead-ns: 2666
  39        10   736526006:   1 0 1 0 1 1 1 1 1 0 0 1 1 0 0 1 1 1 1 1 1 0 1 0 1 1 0 1 1 0
Called SetLoopLookahead: init: 29, final: -1, step: -1, loopDepth: 1, cumulative-num-iterations: 900, look-ahead-ns: 2666
  40        10   736526007:   1 0 1 0 1 1 1 1 1 0 0 1 1 0 0 1 1 1 1 1 1 0 1 0 1 1 0 1 1 1
Called SetLoopLookahead: init: 29, final: -1, step: -1, loopDepth: 1, cumulative-num-iterations: 900, look-ahead-ns: 2666
  41        10   736526024:   1 0 1 0 1 1 1 1 1 0 0 1 1 0 0 1 1 1 1 1 1 0 1 1 0 0 1 0 0 0
Called SetLoopLookahead: init: 29, final: -1, step: -1, loopDepth: 1, cumulative-num-iterations: 900, look-ahead-ns: 2666
  42        10   736526025:   1 0 1 0 1 1 1 1 1 0 0 1 1 0 0 1 1 1 1 1 1 0 1 1 0 0 1 0 0 1
Called SetLoopLookahead: init: 29, final: -1, step: -1, loopDepth: 1, cumulative-num-iterations: 900, look-ahead-ns: 2666
  43        10   736526026:   1 0 1 0 1 1 1 1 1 0 0 1 1 0 0 1 1 1 1 1 1 0 1 1 0 0 1 0 1 0
Called SetLoopLookahead: init: 29, final: -1, step: -1, loopDepth: 1, cumulative-num-iterations: 900, look-ahead-ns: 2666
  44        10   736526027:   1 0 1 0 1 1 1 1 1 0 0 1 1 0 0 1 1 1 1 1 1 0 1 1 0 0 1 0 1 1
Called SetLoopLookahead: init: 29, final: -1, step: -1, loopDepth: 1, cumulative-num-iterations: 900, look-ahead-ns: 2666
  45        10   736526032:   1 0 1 0 1 1 1 1 1 0 0 1 1 0 0 1 1 1 1 1 1 0 1 1 0 1 0 0 0 0
Called SetLoopLookahead: init: 29, final: -1, step: -1, loopDepth: 1, cumulative-num-iterations: 900, look-ahead-ns: 2666
  46        10   736526033:   1 0 1 0 1 1 1 1 1 0 0 1 1 0 0 1 1 1 1 1 1 0 1 1 0 1 0 0 0 1
Called SetLoopLookahead: init: 29, final: -1, step: -1, loopDepth: 1, cumulative-num-iterations: 900, look-ahead-ns: 2666
  47        10   736526034:   1 0 1 0 1 1 1 1 1 0 0 1 1 0 0 1 1 1 1 1 1 0 1 1 0 1 0 0 1 0
Called SetLoopLookahead: init: 29, final: -1, step: -1, loopDepth: 1, cumulative-num-iterations: 900, look-ahead-ns: 2666
  48        10   736526035:   1 0 1 0 1 1 1 1 1 0 0 1 1 0 0 1 1 1 1 1 1 0 1 1 0 1 0 0 1 1
Called SetLoopLookahead: init: 29, final: -1, step: -1, loopDepth: 1, cumulative-num-iterations: 900, look-ahead-ns: 2666
  49        10   736526036:   1 0 1 0 1 1 1 1 1 0 0 1 1 0 0 1 1 1 1 1 1 0 1 1 0 1 0 1 0 0
Called SetLoopLookahead: init: 29, final: -1, step: -1, loopDepth: 1, cumulative-num-iterations: 900, look-ahead-ns: 2666
  50        10   736526037:   1 0 1 0 1 1 1 1 1 0 0 1 1 0 0 1 1 1 1 1 1 0 1 1 0 1 0 1 0 1
Called SetLoopLookahead: init: 29, final: -1, step: -1, loopDepth: 1, cumulative-num-iterations: 900, look-ahead-ns: 2666
  51        10   736526038:   1 0 1 0 1 1 1 1 1 0 0 1 1 0 0 1 1 1 1 1 1 0 1 1 0 1 0 1 1 0
Called SetLoopLookahead: init: 29, final: -1, step: -1, loopDepth: 1, cumulative-num-iterations: 900, look-ahead-ns: 2666
  52        10   736526039:   1 0 1 0 1 1 1 1 1 0 0 1 1 0 0 1 1 1 1 1 1 0 1 1 0 1 0 1 1 1
Called SetLoopLookahead: init: 29, final: -1, step: -1, loopDepth: 1, cumulative-num-iterations: 900, look-ahead-ns: 2666
  53        10   736526040:   1 0 1 0 1 1 1 1 1 0 0 1 1 0 0 1 1 1 1 1 1 0 1 1 0 1 1 0 0 0
Called SetLoopLookahead: init: 29, final: -1, step: -1, loopDepth: 1, cumulative-num-iterations: 900, look-ahead-ns: 2666
  54        10   736526041:   1 0 1 0 1 1 1 1 1 0 0 1 1 0 0 1 1 1 1 1 1 0 1 1 0 1 1 0 0 1
Called SetLoopLookahead: init: 29, final: -1, step: -1, loopDepth: 1, cumulative-num-iterations: 900, look-ahead-ns: 2666
  55        10   736526042:   1 0 1 0 1 1 1 1 1 0 0 1 1 0 0 1 1 1 1 1 1 0 1 1 0 1 1 0 1 0
Called SetLoopLookahead: init: 29, final: -1, step: -1, loopDepth: 1, cumulative-num-iterations: 900, look-ahead-ns: 2666
  56        10   736526043:   1 0 1 0 1 1 1 1 1 0 0 1 1 0 0 1 1 1 1 1 1 0 1 1 0 1 1 0 1 1
Called SetLoopLookahead: init: 29, final: -1, step: -1, loopDepth: 1, cumulative-num-iterations: 900, look-ahead-ns: 2666
  57        10   736526064:   1 0 1 0 1 1 1 1 1 0 0 1 1 0 0 1 1 1 1 1 1 0 1 1 1 1 0 0 0 0
Called SetLoopLookahead: init: 29, final: -1, step: -1, loopDepth: 1, cumulative-num-iterations: 900, look-ahead-ns: 2666
  58        10   736526065:   1 0 1 0 1 1 1 1 1 0 0 1 1 0 0 1 1 1 1 1 1 0 1 1 1 1 0 0 0 1
Called SetLoopLookahead: init: 29, final: -1, step: -1, loopDepth: 1, cumulative-num-iterations: 900, look-ahead-ns: 2666
  59        10   736526066:   1 0 1 0 1 1 1 1 1 0 0 1 1 0 0 1 1 1 1 1 1 0 1 1 1 1 0 0 1 0
Called SetLoopLookahead: init: 29, final: -1, step: -1, loopDepth: 1, cumulative-num-iterations: 900, look-ahead-ns: 2666
  60        10   736526067:   1 0 1 0 1 1 1 1 1 0 0 1 1 0 0 1 1 1 1 1 1 0 1 1 1 1 0 0 1 1
Called SetLoopLookahead: init: 29, final: -1, step: -1, loopDepth: 1, cumulative-num-iterations: 900, look-ahead-ns: 2666
  61        10   736526068:   1 0 1 0 1 1 1 1 1 0 0 1 1 0 0 1 1 1 1 1 1 0 1 1 1 1 0 1 0 0
Called SetLoopLookahead: init: 29, final: -1, step: -1, loopDepth: 1, cumulative-num-iterations: 900, look-ahead-ns: 2666
  62        10   736526069:   1 0 1 0 1 1 1 1 1 0 0 1 1 0 0 1 1 1 1 1 1 0 1 1 1 1 0 1 0 1
Called SetLoopLookahead: init: 29, final: -1, step: -1, loopDepth: 1, cumulative-num-iterations: 900, look-ahead-ns: 2666
  63        10   736526070:   1 0 1 0 1 1 1 1 1 0 0 1 1 0 0 1 1 1 1 1 1 0 1 1 1 1 0 1 1 0
Called SetLoopLookahead: init: 29, final: -1, step: -1, loopDepth: 1, cumulative-num-iterations: 900, look-ahead-ns: 2666
  64        10   736526071:   1 0 1 0 1 1 1 1 1 0 0 1 1 0 0 1 1 1 1 1 1 0 1 1 1 1 0 1 1 1
Called SetLoopLookahead: init: 29, final: -1, step: -1, loopDepth: 1, cumulative-num-iterations: 900, look-ahead-ns: 2666
  65        10   737049648:   1 0 1 0 1 1 1 1 1 0 1 1 1 0 0 1 1 1 1 1 0 0 0 0 1 1 0 0 0 0
Called SetLoopLookahead: init: 29, final: -1, step: -1, loopDepth: 1, cumulative-num-iterations: 900, look-ahead-ns: 2666
  66        10   737049649:   1 0 1 0 1 1 1 1 1 0 1 1 1 0 0 1 1 1 1 1 0 0 0 0 1 1 0 0 0 1
Called SetLoopLookahead: init: 29, final: -1, step: -1, loopDepth: 1, cumulative-num-iterations: 900, look-ahead-ns: 2666
  67        10   737049650:   1 0 1 0 1 1 1 1 1 0 1 1 1 0 0 1 1 1 1 1 0 0 0 0 1 1 0 0 1 0
Called SetLoopLookahead: init: 29, final: -1, step: -1, loopDepth: 1, cumulative-num-iterations: 900, look-ahead-ns: 2666
  68        10   737049651:   1 0 1 0 1 1 1 1 1 0 1 1 1 0 0 1 1 1 1 1 0 0 0 0 1 1 0 0 1 1
Called SetLoopLookahead: init: 29, final: -1, step: -1, loopDepth: 1, cumulative-num-iterations: 900, look-ahead-ns: 2666
  69        10   737049652:   1 0 1 0 1 1 1 1 1 0 1 1 1 0 0 1 1 1 1 1 0 0 0 0 1 1 0 1 0 0
Called SetLoopLookahead: init: 29, final: -1, step: -1, loopDepth: 1, cumulative-num-iterations: 900, look-ahead-ns: 2666
  70        10   737049653:   1 0 1 0 1 1 1 1 1 0 1 1 1 0 0 1 1 1 1 1 0 0 0 0 1 1 0 1 0 1
Called SetLoopLookahead: init: 29, final: -1, step: -1, loopDepth: 1, cumulative-num-iterations: 900, look-ahead-ns: 2666
  71        10   737049654:   1 0 1 0 1 1 1 1 1 0 1 1 1 0 0 1 1 1 1 1 0 0 0 0 1 1 0 1 1 0
Called SetLoopLookahead: init: 29, final: -1, step: -1, loopDepth: 1, cumulative-num-iterations: 900, look-ahead-ns: 2666
  72        10   737049655:   1 0 1 0 1 1 1 1 1 0 1 1 1 0 0 1 1 1 1 1 0 0 0 0 1 1 0 1 1 1
Called SetLoopLookahead: init: 29, final: -1, step: -1, loopDepth: 1, cumulative-num-iterations: 900, look-ahead-ns: 2666
  73        10   737049672:   1 0 1 0 1 1 1 1 1 0 1 1 1 0 0 1 1 1 1 1 0 0 0 1 0 0 1 0 0 0
Called SetLoopLookahead: init: 29, final: -1, step: -1, loopDepth: 1, cumulative-num-iterations: 900, look-ahead-ns: 2666
  74        10   737049673:   1 0 1 0 1 1 1 1 1 0 1 1 1 0 0 1 1 1 1 1 0 0 0 1 0 0 1 0 0 1
Called SetLoopLookahead: init: 29, final: -1, step: -1, loopDepth: 1, cumulative-num-iterations: 900, look-ahead-ns: 2666
  75        10   737049674:   1 0 1 0 1 1 1 1 1 0 1 1 1 0 0 1 1 1 1 1 0 0 0 1 0 0 1 0 1 0
Called SetLoopLookahead: init: 29, final: -1, step: -1, loopDepth: 1, cumulative-num-iterations: 900, look-ahead-ns: 2666
  76        10   737049675:   1 0 1 0 1 1 1 1 1 0 1 1 1 0 0 1 1 1 1 1 0 0 0 1 0 0 1 0 1 1
Called SetLoopLookahead: init: 29, final: -1, step: -1, loopDepth: 1, cumulative-num-iterations: 900, look-ahead-ns: 2666
  77        10   737049680:   1 0 1 0 1 1 1 1 1 0 1 1 1 0 0 1 1 1 1 1 0 0 0 1 0 1 0 0 0 0
Called SetLoopLookahead: init: 29, final: -1, step: -1, loopDepth: 1, cumulative-num-iterations: 900, look-ahead-ns: 2666
  78        10   737049681:   1 0 1 0 1 1 1 1 1 0 1 1 1 0 0 1 1 1 1 1 0 0 0 1 0 1 0 0 0 1
Called SetLoopLookahead: init: 29, final: -1, step: -1, loopDepth: 1, cumulative-num-iterations: 900, look-ahead-ns: 2666
  79        10   737049682:   1 0 1 0 1 1 1 1 1 0 1 1 1 0 0 1 1 1 1 1 0 0 0 1 0 1 0 0 1 0
Called SetLoopLookahead: init: 29, final: -1, step: -1, loopDepth: 1, cumulative-num-iterations: 900, look-ahead-ns: 2666
  80        10   737049683:   1 0 1 0 1 1 1 1 1 0 1 1 1 0 0 1 1 1 1 1 0 0 0 1 0 1 0 0 1 1
Called SetLoopLookahead: init: 29, final: -1, step: -1, loopDepth: 1, cumulative-num-iterations: 900, look-ahead-ns: 2666
  81        10   737049684:   1 0 1 0 1 1 1 1 1 0 1 1 1 0 0 1 1 1 1 1 0 0 0 1 0 1 0 1 0 0
Called SetLoopLookahead: init: 29, final: -1, step: -1, loopDepth: 1, cumulative-num-iterations: 900, look-ahead-ns: 2666
  82        10   737049685:   1 0 1 0 1 1 1 1 1 0 1 1 1 0 0 1 1 1 1 1 0 0 0 1 0 1 0 1 0 1
Called SetLoopLookahead: init: 29, final: -1, step: -1, loopDepth: 1, cumulative-num-iterations: 900, look-ahead-ns: 2666
  83        10   737049686:   1 0 1 0 1 1 1 1 1 0 1 1 1 0 0 1 1 1 1 1 0 0 0 1 0 1 0 1 1 0
Called SetLoopLookahead: init: 29, final: -1, step: -1, loopDepth: 1, cumulative-num-iterations: 900, look-ahead-ns: 2666
  84        10   737049687:   1 0 1 0 1 1 1 1 1 0 1 1 1 0 0 1 1 1 1 1 0 0 0 1 0 1 0 1 1 1
Called SetLoopLookahead: init: 29, final: -1, step: -1, loopDepth: 1, cumulative-num-iterations: 900, look-ahead-ns: 2666
  85        10   737049688:   1 0 1 0 1 1 1 1 1 0 1 1 1 0 0 1 1 1 1 1 0 0 0 1 0 1 1 0 0 0
Called SetLoopLookahead: init: 29, final: -1, step: -1, loopDepth: 1, cumulative-num-iterations: 900, look-ahead-ns: 2666
  86        10   737049689:   1 0 1 0 1 1 1 1 1 0 1 1 1 0 0 1 1 1 1 1 0 0 0 1 0 1 1 0 0 1
Called SetLoopLookahead: init: 29, final: -1, step: -1, loopDepth: 1, cumulative-num-iterations: 900, look-ahead-ns: 2666
  87        10   737049690:   1 0 1 0 1 1 1 1 1 0 1 1 1 0 0 1 1 1 1 1 0 0 0 1 0 1 1 0 1 0
Called SetLoopLookahead: init: 29, final: -1, step: -1, loopDepth: 1, cumulative-num-iterations: 900, look-ahead-ns: 2666
  88        10   737049691:   1 0 1 0 1 1 1 1 1 0 1 1 1 0 0 1 1 1 1 1 0 0 0 1 0 1 1 0 1 1
Called SetLoopLookahead: init: 29, final: -1, step: -1, loopDepth: 1, cumulative-num-iterations: 900, look-ahead-ns: 2666
  89        10   737049712:   1 0 1 0 1 1 1 1 1 0 1 1 1 0 0 1 1 1 1 1 0 0 0 1 1 1 0 0 0 0
Called SetLoopLookahead: init: 29, final: -1, step: -1, loopDepth: 1, cumulative-num-iterations: 900, look-ahead-ns: 2666
  90        10   737049713:   1 0 1 0 1 1 1 1 1 0 1 1 1 0 0 1 1 1 1 1 0 0 0 1 1 1 0 0 0 1
Called SetLoopLookahead: init: 29, final: -1, step: -1, loopDepth: 1, cumulative-num-iterations: 900, look-ahead-ns: 2666
  91        10   737049714:   1 0 1 0 1 1 1 1 1 0 1 1 1 0 0 1 1 1 1 1 0 0 0 1 1 1 0 0 1 0
Called SetLoopLookahead: init: 29, final: -1, step: -1, loopDepth: 1, cumulative-num-iterations: 900, look-ahead-ns: 2666
  92        10   737049715:   1 0 1 0 1 1 1 1 1 0 1 1 1 0 0 1 1 1 1 1 0 0 0 1 1 1 0 0 1 1
Called SetLoopLookahead: init: 29, final: -1, step: -1, loopDepth: 1, cumulative-num-iterations: 900, look-ahead-ns: 2666
  93        10   737049716:   1 0 1 0 1 1 1 1 1 0 1 1 1 0 0 1 1 1 1 1 0 0 0 1 1 1 0 1 0 0
Called SetLoopLookahead: init: 29, final: -1, step: -1, loopDepth: 1, cumulative-num-iterations: 900, look-ahead-ns: 2666
  94        10   737049717:   1 0 1 0 1 1 1 1 1 0 1 1 1 0 0 1 1 1 1 1 0 0 0 1 1 1 0 1 0 1
Called SetLoopLookahead: init: 29, final: -1, step: -1, loopDepth: 1, cumulative-num-iterations: 900, look-ahead-ns: 2666
  95        10   737049718:   1 0 1 0 1 1 1 1 1 0 1 1 1 0 0 1 1 1 1 1 0 0 0 1 1 1 0 1 1 0
Called SetLoopLookahead: init: 29, final: -1, step: -1, loopDepth: 1, cumulative-num-iterations: 900, look-ahead-ns: 2666
  96        10   737049719:   1 0 1 0 1 1 1 1 1 0 1 1 1 0 0 1 1 1 1 1 0 0 0 1 1 1 0 1 1 1
Called SetLoopLookahead: init: 29, final: -1, step: -1, loopDepth: 1, cumulative-num-iterations: 900, look-ahead-ns: 2666
  97        10   737050288:   1 0 1 0 1 1 1 1 1 0 1 1 1 0 0 1 1 1 1 1 1 0 1 0 1 1 0 0 0 0
Called SetLoopLookahead: init: 29, final: -1, step: -1, loopDepth: 1, cumulative-num-iterations: 900, look-ahead-ns: 2666
  98        10   737050289:   1 0 1 0 1 1 1 1 1 0 1 1 1 0 0 1 1 1 1 1 1 0 1 0 1 1 0 0 0 1
Called SetLoopLookahead: init: 29, final: -1, step: -1, loopDepth: 1, cumulative-num-iterations: 900, look-ahead-ns: 2666
  99        10   737050290:   1 0 1 0 1 1 1 1 1 0 1 1 1 0 0 1 1 1 1 1 1 0 1 0 1 1 0 0 1 0
Called SetLoopLookahead: init: 29, final: -1, step: -1, loopDepth: 1, cumulative-num-iterations: 900, look-ahead-ns: 2666
  100        10   737050291:   1 0 1 0 1 1 1 1 1 0 1 1 1 0 0 1 1 1 1 1 1 0 1 0 1 1 0 0 1 1
Called SetLoopLookahead: init: 29, final: -1, step: -1, loopDepth: 1, cumulative-num-iterations: 900, look-ahead-ns: 2666
  101        10   737050292:   1 0 1 0 1 1 1 1 1 0 1 1 1 0 0 1 1 1 1 1 1 0 1 0 1 1 0 1 0 0
Called SetLoopLookahead: init: 29, final: -1, step: -1, loopDepth: 1, cumulative-num-iterations: 900, look-ahead-ns: 2666
  102        10   737050293:   1 0 1 0 1 1 1 1 1 0 1 1 1 0 0 1 1 1 1 1 1 0 1 0 1 1 0 1 0 1
Called SetLoopLookahead: init: 29, final: -1, step: -1, loopDepth: 1, cumulative-num-iterations: 900, look-ahead-ns: 2666
  103        10   737050294:   1 0 1 0 1 1 1 1 1 0 1 1 1 0 0 1 1 1 1 1 1 0 1 0 1 1 0 1 1 0
Called SetLoopLookahead: init: 29, final: -1, step: -1, loopDepth: 1, cumulative-num-iterations: 900, look-ahead-ns: 2666
  104        10   737050295:   1 0 1 0 1 1 1 1 1 0 1 1 1 0 0 1 1 1 1 1 1 0 1 0 1 1 0 1 1 1
Called SetLoopLookahead: init: 29, final: -1, step: -1, loopDepth: 1, cumulative-num-iterations: 900, look-ahead-ns: 2666
  105        10   737050312:   1 0 1 0 1 1 1 1 1 0 1 1 1 0 0 1 1 1 1 1 1 0 1 1 0 0 1 0 0 0
Called SetLoopLookahead: init: 29, final: -1, step: -1, loopDepth: 1, cumulative-num-iterations: 900, look-ahead-ns: 2666
  106        10   737050313:   1 0 1 0 1 1 1 1 1 0 1 1 1 0 0 1 1 1 1 1 1 0 1 1 0 0 1 0 0 1
Called SetLoopLookahead: init: 29, final: -1, step: -1, loopDepth: 1, cumulative-num-iterations: 900, look-ahead-ns: 2666
  107        10   737050314:   1 0 1 0 1 1 1 1 1 0 1 1 1 0 0 1 1 1 1 1 1 0 1 1 0 0 1 0 1 0
Called SetLoopLookahead: init: 29, final: -1, step: -1, loopDepth: 1, cumulative-num-iterations: 900, look-ahead-ns: 2666
  108        10   737050315:   1 0 1 0 1 1 1 1 1 0 1 1 1 0 0 1 1 1 1 1 1 0 1 1 0 0 1 0 1 1
Called SetLoopLookahead: init: 29, final: -1, step: -1, loopDepth: 1, cumulative-num-iterations: 900, look-ahead-ns: 2666
  109        10   737050320:   1 0 1 0 1 1 1 1 1 0 1 1 1 0 0 1 1 1 1 1 1 0 1 1 0 1 0 0 0 0
Called SetLoopLookahead: init: 29, final: -1, step: -1, loopDepth: 1, cumulative-num-iterations: 900, look-ahead-ns: 2666
  110        10   737050321:   1 0 1 0 1 1 1 1 1 0 1 1 1 0 0 1 1 1 1 1 1 0 1 1 0 1 0 0 0 1
Called SetLoopLookahead: init: 29, final: -1, step: -1, loopDepth: 1, cumulative-num-iterations: 900, look-ahead-ns: 2666
  111        10   737050322:   1 0 1 0 1 1 1 1 1 0 1 1 1 0 0 1 1 1 1 1 1 0 1 1 0 1 0 0 1 0
Called SetLoopLookahead: init: 29, final: -1, step: -1, loopDepth: 1, cumulative-num-iterations: 900, look-ahead-ns: 2666
  112        10   737050323:   1 0 1 0 1 1 1 1 1 0 1 1 1 0 0 1 1 1 1 1 1 0 1 1 0 1 0 0 1 1
Called SetLoopLookahead: init: 29, final: -1, step: -1, loopDepth: 1, cumulative-num-iterations: 900, look-ahead-ns: 2666
  113        10   737050324:   1 0 1 0 1 1 1 1 1 0 1 1 1 0 0 1 1 1 1 1 1 0 1 1 0 1 0 1 0 0
Called SetLoopLookahead: init: 29, final: -1, step: -1, loopDepth: 1, cumulative-num-iterations: 900, look-ahead-ns: 2666
  114        10   737050325:   1 0 1 0 1 1 1 1 1 0 1 1 1 0 0 1 1 1 1 1 1 0 1 1 0 1 0 1 0 1
Called SetLoopLookahead: init: 29, final: -1, step: -1, loopDepth: 1, cumulative-num-iterations: 900, look-ahead-ns: 2666
  115        10   737050326:   1 0 1 0 1 1 1 1 1 0 1 1 1 0 0 1 1 1 1 1 1 0 1 1 0 1 0 1 1 0
Called SetLoopLookahead: init: 29, final: -1, step: -1, loopDepth: 1, cumulative-num-iterations: 900, look-ahead-ns: 2666
  116        10   737050327:   1 0 1 0 1 1 1 1 1 0 1 1 1 0 0 1 1 1 1 1 1 0 1 1 0 1 0 1 1 1
Called SetLoopLookahead: init: 29, final: -1, step: -1, loopDepth: 1, cumulative-num-iterations: 900, look-ahead-ns: 2666
  117        10   737050328:   1 0 1 0 1 1 1 1 1 0 1 1 1 0 0 1 1 1 1 1 1 0 1 1 0 1 1 0 0 0
Called SetLoopLookahead: init: 29, final: -1, step: -1, loopDepth: 1, cumulative-num-iterations: 900, look-ahead-ns: 2666
  118        10   737050329:   1 0 1 0 1 1 1 1 1 0 1 1 1 0 0 1 1 1 1 1 1 0 1 1 0 1 1 0 0 1
Called SetLoopLookahead: init: 29, final: -1, step: -1, loopDepth: 1, cumulative-num-iterations: 900, look-ahead-ns: 2666
  119        10   737050330:   1 0 1 0 1 1 1 1 1 0 1 1 1 0 0 1 1 1 1 1 1 0 1 1 0 1 1 0 1 0
Called SetLoopLookahead: init: 29, final: -1, step: -1, loopDepth: 1, cumulative-num-iterations: 900, look-ahead-ns: 2666
  120        10   737050331:   1 0 1 0 1 1 1 1 1 0 1 1 1 0 0 1 1 1 1 1 1 0 1 1 0 1 1 0 1 1
Called SetLoopLookahead: init: 29, final: -1, step: -1, loopDepth: 1, cumulative-num-iterations: 900, look-ahead-ns: 2666
  121        10   737050352:   1 0 1 0 1 1 1 1 1 0 1 1 1 0 0 1 1 1 1 1 1 0 1 1 1 1 0 0 0 0
Called SetLoopLookahead: init: 29, final: -1, step: -1, loopDepth: 1, cumulative-num-iterations: 900, look-ahead-ns: 2666
  122        10   737050353:   1 0 1 0 1 1 1 1 1 0 1 1 1 0 0 1 1 1 1 1 1 0 1 1 1 1 0 0 0 1
Called SetLoopLookahead: init: 29, final: -1, step: -1, loopDepth: 1, cumulative-num-iterations: 900, look-ahead-ns: 2666
  123        10   737050354:   1 0 1 0 1 1 1 1 1 0 1 1 1 0 0 1 1 1 1 1 1 0 1 1 1 1 0 0 1 0
Called SetLoopLookahead: init: 29, final: -1, step: -1, loopDepth: 1, cumulative-num-iterations: 900, look-ahead-ns: 2666
  124        10   737050355:   1 0 1 0 1 1 1 1 1 0 1 1 1 0 0 1 1 1 1 1 1 0 1 1 1 1 0 0 1 1
Called SetLoopLookahead: init: 29, final: -1, step: -1, loopDepth: 1, cumulative-num-iterations: 900, look-ahead-ns: 2666
  125        10   737050356:   1 0 1 0 1 1 1 1 1 0 1 1 1 0 0 1 1 1 1 1 1 0 1 1 1 1 0 1 0 0
Called SetLoopLookahead: init: 29, final: -1, step: -1, loopDepth: 1, cumulative-num-iterations: 900, look-ahead-ns: 2666
  126        10   737050357:   1 0 1 0 1 1 1 1 1 0 1 1 1 0 0 1 1 1 1 1 1 0 1 1 1 1 0 1 0 1
Called SetLoopLookahead: init: 29, final: -1, step: -1, loopDepth: 1, cumulative-num-iterations: 900, look-ahead-ns: 2666
  127        10   737050358:   1 0 1 0 1 1 1 1 1 0 1 1 1 0 0 1 1 1 1 1 1 0 1 1 1 1 0 1 1 0
Called SetLoopLookahead: init: 29, final: -1, step: -1, loopDepth: 1, cumulative-num-iterations: 900, look-ahead-ns: 2666
  128        10   737050359:   1 0 1 0 1 1 1 1 1 0 1 1 1 0 0 1 1 1 1 1 1 0 1 1 1 1 0 1 1 1
Called SetLoopLookahead: init: 29, final: -1, step: -1, loopDepth: 1, cumulative-num-iterations: 900, look-ahead-ns: 2666
Sending results to master node !
Avg-Compute-Communication-Ratio = 60466.453697

-------------------------------------------------------------
  Task no: 2
Waiting for trigger !
  Worker 10 iterates from 671088640 <= I < 738197503

Called SetLoopLookahead: init: 671088640, final: 738197503, step: 1, loopDepth: 0, cumulative-num-iterations: 67108863, look-ahead-ns: 546812928
Called SetLoopLookahead: init: 29, final: -1, step: -1, loopDepth: 1, cumulative-num-iterations: 2013265890, look-ahead-ns: 5965232128
Exp finishing. Stopping stack thread with id: 6!

------------------------- ACTUAL STDOUT FROM EXECUTABLE ENDED -----------------------------

Process: 6 exiting VT experiment !
Main thread exiting. PID = 6
