Attempting to set static arp entries ...
Tracer: 2 >> Using SRC IP: 10.1.37.70 for any spawned virtual tcp-stacks
Tracer: 2 >> Updating firewall rules to drop outgoing TCP-RST packets
Attempting to set firewall rules ...
Tracer: 2 >> CMD TO RUN: /home/vignesh/VT-S3FNet/csudp/mpi_integral/mpi_int 1 21 10.1.37.70 > /home/vignesh/VT-S3FNet/experiment-data/MPI_LA_Enabled_nemus_21_mpi_int/worker1.log
args[0] = /home/vignesh/VT-S3FNet/csudp/mpi_integral/mpi_int
args[1] = 1
args[2] = 21
args[3] = 10.1.37.70
Setting appropriate environment variables ...
HOME DIRECTORY : /home/vignesh
Parsing TTN config file: /home/vignesh/.ttn/projects.db
Setting VT_L1_INS_CACHE_MISS_CYCLES to: 100
Setting VT_L1_INS_CACHE_LINES to: 64
Setting VT_L1_INS_CACHE_SIZE_KB to: 32
Setting VT_L1_INS_CACHE_ASSOC to: 8
Setting VT_L1_INS_CACHE_REPLACEMENT_POLICY to: LRU
Setting VT_L1_DATA_CACHE_MISS_CYCLES to: 100
Setting VT_L1_DATA_CACHE_LINES to: 64
Setting VT_L1_DATA_CACHE_SIZE_KB to: 32
Setting VT_L1_DATA_CACHE_ASSOC to: 8
Setting VT_L1_DATA_CACHE_REPLACEMENT_POLICY to: LRU
Setting VT_CPU_CYLES_NS to: 2.700000
Setting VT_NIC_SPEED_MBPS to: 1000.000000
Setting VT_TIMING_MODEL to: EMPIRICAL
Setting VT_BBL_LOOKAHEAD_FILE to: /home/vignesh/VT-S3FNet/csudp/mpi_integral/.ttn/lookahead/bbl_lookahead.info
Setting VT_LOOP_LOOKAHEAD_FILE to: /home/vignesh/VT-S3FNet/csudp/mpi_integral/.ttn/lookahead/loop_lookahead.info
Starting command: /home/vignesh/VT-S3FNet/csudp/mpi_integral/mpi_int
Loading orig functions !
Starting executable with Pid = 6
Loading pointers to VTL Logic functions
Loaded pointers to all VTL Logic functions
Now Initializing VT-Management 
Extracting env variables !
Extracted tracer-id: 2
Extracted exp-type: 2
Extracted cpu-cycles-ns: 2.700000
Extracted socket-layer-ip: 1176830218
Starting VT-initialization !
Tracer-ID: 2, Timeline-ID: 2
Tracer registration for EXP_CS complete. TimelineID = 2, Return = 2
Tracer Adding to SQ. Tracer ID = 2
Parsing any provided lookahead information ...
Opening file: /home/vignesh/VT-S3FNet/csudp/mpi_integral/.ttn/lookahead/bbl_lookahead.info
File size: 208
mapped memblock size: 208
Finish offset: 22, Number of values: 22
Returning success !
Loaded BBL lookaheads for 22 basic blocks ...
Opening file: /home/vignesh/VT-S3FNet/csudp/mpi_integral/.ttn/lookahead/loop_lookahead.info
File size: 56
mapped memblock size: 56
Finish offset: 3, Number of values: 3
Returning success !
Loaded Loop lookaheads for 3 loops ...
VT initialization successfull !
Finished Initializing VT-Management 
Initializing TCP-stack ...
TCP stack unique-id: 26
Starting virtual socket layer stack-thread !
Pthread_create: vtStackThread special case
Successfully initialized VTL-Logic embedded into the executable

------------------------- ACTUAL STDOUT FROM EXECUTABLE STARTS -----------------------------

Rank = 1, Total = 21, IP = 10.1.37.70
Adding new vt-tcp-socket !
Creating vt-tcp socket !
bind through vt-tcp !
Server socket bound to ip:port: 10.1.37.70:10000
Waiting for OK message from other nodes !
Waiting for OK message !
listen through vt-tcp !
Accept through vt-tcp !
Successfully received OK message !

---------------- Waiting for higher ranked nodes to connect --------------
listen through vt-tcp !
Accepting connection from higher ranked node: 20
Accept through vt-tcp !
Entering time-wait from FIN_WAIT_2
Clearing all tcp timers !
Adding TcpLinger !
Accepted connection from higher ranked node: 20
Successfully connected with higher ranked node: 20
Accepting connection from higher ranked node: 19
Accept through vt-tcp !
Accepted connection from higher ranked node: 19
Successfully connected with higher ranked node: 19
Accepting connection from higher ranked node: 18
Accept through vt-tcp !
Accepted connection from higher ranked node: 18
Successfully connected with higher ranked node: 18
Accepting connection from higher ranked node: 17
Accept through vt-tcp !
Accepted connection from higher ranked node: 17
Successfully connected with higher ranked node: 17
Accepting connection from higher ranked node: 16
Accept through vt-tcp !
Accepted connection from higher ranked node: 16
Successfully connected with higher ranked node: 16
Accepting connection from higher ranked node: 15
Accept through vt-tcp !
Accepted connection from higher ranked node: 15
Successfully connected with higher ranked node: 15
Accepting connection from higher ranked node: 14
Accept through vt-tcp !
Accepted connection from higher ranked node: 14
Successfully connected with higher ranked node: 14
Accepting connection from higher ranked node: 13
Accept through vt-tcp !
Accepted connection from higher ranked node: 13
Successfully connected with higher ranked node: 13
Accepting connection from higher ranked node: 12
Accept through vt-tcp !
Accepted connection from higher ranked node: 12
Successfully connected with higher ranked node: 12
Accepting connection from higher ranked node: 11
Accept through vt-tcp !
Accepted connection from higher ranked node: 11
Successfully connected with higher ranked node: 11
Accepting connection from higher ranked node: 10
Accept through vt-tcp !
Accepted connection from higher ranked node: 10
Successfully connected with higher ranked node: 10
Accepting connection from higher ranked node: 9
Accept through vt-tcp !
Accepted connection from higher ranked node: 9
Successfully connected with higher ranked node: 9
Accepting connection from higher ranked node: 8
Accept through vt-tcp !
Accepted connection from higher ranked node: 8
Successfully connected with higher ranked node: 8
Accepting connection from higher ranked node: 7
Accept through vt-tcp !
Accepted connection from higher ranked node: 7
Successfully connected with higher ranked node: 7
Accepting connection from higher ranked node: 6
Accept through vt-tcp !
Accepted connection from higher ranked node: 6
Successfully connected with higher ranked node: 6
Accepting connection from higher ranked node: 5
Accept through vt-tcp !
Accepted connection from higher ranked node: 5
Successfully connected with higher ranked node: 5
Accepting connection from higher ranked node: 4
Accept through vt-tcp !
Accepted connection from higher ranked node: 4
Successfully connected with higher ranked node: 4
Accepting connection from higher ranked node: 3
Accept through vt-tcp !
Accepted connection from higher ranked node: 3
Successfully connected with higher ranked node: 3
Accepting connection from higher ranked node: 2
Accept through vt-tcp !
Accepted connection from higher ranked node: 2
Successfully connected with higher ranked node: 2
Closing server socket: 4097
Clearing all tcp timers !
TCP-done for socket: 4097, err: -103

---------------- Connecting to lowed ranked nodes ! --------------
Adding new vt-tcp-socket !
Creating vt-tcp socket !
Connecting to lower ranked node: 0 at 10.1.37.74:10000
Connecting .. Socket: 4118, src-port: 40001
Socket: 4097 garbage collection
Freeing socket: 4097
Waking up connected socket !
Socket connect success. socket = 4118
Connecting through vt-tcp success !
Successfully connected to lower ranked node: 0 at 10.1.37.74:10000

---------------- Creating listen Thread ! --------------

---------------- MPI-Init success ! --------------
Waiting to receive partition information from master !
Adding new Thread: 8
Signal Burst Completion: Flushing Data Cache !
Resuming new Thread with Burst of length: 5400
Trigger syscall finish: 6, currActiveThreadID = 8, myThreadID = 6. Flushing Data Cache !
Process 1 computing itegral over z = [10.000000, 10.500000], y = [10.000000, 20.000000], x = [10.000000, 20.000000]
Called SetLoopLookahead: init: 1, final: 1001, step: 1, loopDepth: 1, cumulative-num-iterations: 1000000, look-ahead-ns: 10740741
Called SetLoopLookahead: init: 0, final: 1000, step: 1, loopDepth: 2, cumulative-num-iterations: 1000000000, look-ahead-ns: 4814814720
tcp-linger 
Clearing all tcp timers !
TCP-done for socket: 4098, err: -110
Socket: 4098 garbage collection
Freeing socket: 4098
Avg-Compute-Communication-Ratio = 80344.916660
Process 1 contributed MY_TOTAL = 7.732812, my_a = 10.000000, my_b= 10.500000
Integral: 0 computed

------------------------------------------------------------------------------
Waiting to receive partition information from master !
Process 1 computing itegral over z = [20.000000, 20.500000], y = [20.000000, 30.000000], x = [20.000000, 30.000000]
Called SetLoopLookahead: init: 1, final: 1001, step: 1, loopDepth: 1, cumulative-num-iterations: 1000000, look-ahead-ns: 10740741
Called SetLoopLookahead: init: 0, final: 1000, step: 1, loopDepth: 2, cumulative-num-iterations: 1000000000, look-ahead-ns: 4814814720
Avg-Compute-Communication-Ratio = 32031.205979
Process 1 contributed MY_TOTAL = 26.256555, my_a = 20.000000, my_b= 20.500000
Integral: 1 computed

------------------------------------------------------------------------------
Waiting to receive partition information from master !
Process 1 computing itegral over z = [30.000000, 30.500000], y = [30.000000, 40.000000], x = [30.000000, 40.000000]
Called SetLoopLookahead: init: 1, final: 1001, step: 1, loopDepth: 1, cumulative-num-iterations: 1000000, look-ahead-ns: 10740741
Called SetLoopLookahead: init: 0, final: 1000, step: 1, loopDepth: 2, cumulative-num-iterations: 1000000000, look-ahead-ns: 4814814720
Avg-Compute-Communication-Ratio = 26633.685083
Process 1 contributed MY_TOTAL = 62.309986, my_a = 30.000000, my_b= 30.500000
Integral: 2 computed

------------------------------------------------------------------------------
Waiting to receive partition information from master !
Process 1 computing itegral over z = [40.000000, 40.500000], y = [40.000000, 50.000000], x = [40.000000, 50.000000]
Called SetLoopLookahead: init: 1, final: 1001, step: 1, loopDepth: 1, cumulative-num-iterations: 1000000, look-ahead-ns: 10740741
Called SetLoopLookahead: init: 0, final: 1000, step: 1, loopDepth: 2, cumulative-num-iterations: 1000000000, look-ahead-ns: 4814814720
Avg-Compute-Communication-Ratio = 24439.529784
Process 1 contributed MY_TOTAL = 114.416327, my_a = 40.000000, my_b= 40.500000
Integral: 3 computed

------------------------------------------------------------------------------
Waiting to receive partition information from master !
Process 1 computing itegral over z = [50.000000, 50.500000], y = [50.000000, 60.000000], x = [50.000000, 60.000000]
Called SetLoopLookahead: init: 1, final: 1001, step: 1, loopDepth: 1, cumulative-num-iterations: 1000000, look-ahead-ns: 10740741
Called SetLoopLookahead: init: 0, final: 1000, step: 1, loopDepth: 2, cumulative-num-iterations: 1000000000, look-ahead-ns: 4814814720
Exp finishing. Stopping stack thread with id: 6!

------------------------- ACTUAL STDOUT FROM EXECUTABLE ENDED -----------------------------

Process: 6 exiting VT experiment !
Main thread exiting. PID = 6
