Attempting to set static arp entries ...
Tracer: 20 >> Using SRC IP: 10.1.37.134 for any spawned virtual tcp-stacks
Tracer: 20 >> Updating firewall rules to drop outgoing TCP-RST packets
Attempting to set firewall rules ...
Tracer: 20 >> CMD TO RUN: /home/vignesh/VT-S3FNet/csudp/mpi_integral/mpi_int 19 21 10.1.37.134 > /home/vignesh/VT-S3FNet/experiment-data/MPI_LA_Enabled_nemus_21_mpi_int/worker19.log
args[0] = /home/vignesh/VT-S3FNet/csudp/mpi_integral/mpi_int
args[1] = 19
args[2] = 21
args[3] = 10.1.37.134
Setting appropriate environment variables ...
HOME DIRECTORY : /home/vignesh
Parsing TTN config file: /home/vignesh/.ttn/projects.db
Setting VT_L1_INS_CACHE_MISS_CYCLES to: 100
Setting VT_L1_INS_CACHE_LINES to: 64
Setting VT_L1_INS_CACHE_SIZE_KB to: 32
Setting VT_L1_INS_CACHE_ASSOC to: 8
Setting VT_L1_INS_CACHE_REPLACEMENT_POLICY to: LRU
Setting VT_L1_DATA_CACHE_MISS_CYCLES to: 100
Setting VT_L1_DATA_CACHE_LINES to: 64
Setting VT_L1_DATA_CACHE_SIZE_KB to: 32
Setting VT_L1_DATA_CACHE_ASSOC to: 8
Setting VT_L1_DATA_CACHE_REPLACEMENT_POLICY to: LRU
Setting VT_CPU_CYLES_NS to: 2.700000
Setting VT_NIC_SPEED_MBPS to: 1000.000000
Setting VT_TIMING_MODEL to: EMPIRICAL
Setting VT_BBL_LOOKAHEAD_FILE to: /home/vignesh/VT-S3FNet/csudp/mpi_integral/.ttn/lookahead/bbl_lookahead.info
Setting VT_LOOP_LOOKAHEAD_FILE to: /home/vignesh/VT-S3FNet/csudp/mpi_integral/.ttn/lookahead/loop_lookahead.info
Starting command: /home/vignesh/VT-S3FNet/csudp/mpi_integral/mpi_int
Loading orig functions !
Starting executable with Pid = 6
Loading pointers to VTL Logic functions
Loaded pointers to all VTL Logic functions
Now Initializing VT-Management 
Extracting env variables !
Extracted tracer-id: 20
Extracted exp-type: 2
Extracted cpu-cycles-ns: 2.700000
Extracted socket-layer-ip: -2044395254
Starting VT-initialization !
Tracer-ID: 20, Timeline-ID: 20
Tracer registration for EXP_CS complete. TimelineID = 20, Return = 20
Tracer Adding to SQ. Tracer ID = 20
Parsing any provided lookahead information ...
Opening file: /home/vignesh/VT-S3FNet/csudp/mpi_integral/.ttn/lookahead/bbl_lookahead.info
File size: 176
mapped memblock size: 176
Finish offset: 18, Number of values: 18
Returning success !
Loaded BBL lookaheads for 18 basic blocks ...
Opening file: /home/vignesh/VT-S3FNet/csudp/mpi_integral/.ttn/lookahead/loop_lookahead.info
File size: 40
mapped memblock size: 40
Finish offset: 1, Number of values: 1
Returning success !
Loaded Loop lookaheads for 1 loops ...
VT initialization successfull !
Finished Initializing VT-Management 
Initializing TCP-stack ...
TCP stack unique-id: 206
Starting virtual socket layer stack-thread !
Pthread_create: vtStackThread special case
Successfully initialized VTL-Logic embedded into the executable

------------------------- ACTUAL STDOUT FROM EXECUTABLE STARTS -----------------------------

Rank = 19, Total = 21, IP = 10.1.37.134
Adding new vt-tcp-socket !
Creating vt-tcp socket !
bind through vt-tcp !
Server socket bound to ip:port: 10.1.37.134:10000
Waiting for OK message from other nodes !
Waiting for OK message !
listen through vt-tcp !
Accept through vt-tcp !
Successfully received OK message !

---------------- Waiting for higher ranked nodes to connect --------------
listen through vt-tcp !
Accepting connection from higher ranked node: 20
Accept through vt-tcp !
Entering time-wait from FIN_WAIT_2
Clearing all tcp timers !
Adding TcpLinger !
Received ack in time_wait !
Clearing all tcp timers !
TCP-done for socket: 4098, err: 0
Socket: 4098 garbage collection
Freeing socket: 4098
Accepted connection from higher ranked node: 20
Successfully connected with higher ranked node: 20
Closing server socket: 4097
Clearing all tcp timers !
TCP-done for socket: 4097, err: -103

---------------- Connecting to lowed ranked nodes ! --------------
Adding new vt-tcp-socket !
Creating vt-tcp socket !
Connecting to lower ranked node: 18 at 10.1.37.138:10000
Connecting .. Socket: 4100, src-port: 40001
Socket: 4097 garbage collection
Freeing socket: 4097
Waking up connected socket !
Socket connect success. socket = 4100
Connecting through vt-tcp success !
Successfully connected to lower ranked node: 18 at 10.1.37.138:10000
Adding new vt-tcp-socket !
Creating vt-tcp socket !
Connecting to lower ranked node: 17 at 10.1.37.142:10000
Connecting .. Socket: 4101, src-port: 40002
Waking up connected socket !
Socket connect success. socket = 4101
Connecting through vt-tcp success !
Successfully connected to lower ranked node: 17 at 10.1.37.142:10000
Adding new vt-tcp-socket !
Creating vt-tcp socket !
Connecting to lower ranked node: 16 at 10.1.37.146:10000
Connecting .. Socket: 4102, src-port: 40003
Waking up connected socket !
Socket connect success. socket = 4102
Connecting through vt-tcp success !
Successfully connected to lower ranked node: 16 at 10.1.37.146:10000
Adding new vt-tcp-socket !
Creating vt-tcp socket !
Connecting to lower ranked node: 15 at 10.1.37.150:10000
Connecting .. Socket: 4103, src-port: 40004
Waking up connected socket !
Socket connect success. socket = 4103
Connecting through vt-tcp success !
Successfully connected to lower ranked node: 15 at 10.1.37.150:10000
Adding new vt-tcp-socket !
Creating vt-tcp socket !
Connecting to lower ranked node: 14 at 10.1.37.154:10000
Connecting .. Socket: 4104, src-port: 40005
Waking up connected socket !
Socket connect success. socket = 4104
Connecting through vt-tcp success !
Successfully connected to lower ranked node: 14 at 10.1.37.154:10000
Adding new vt-tcp-socket !
Creating vt-tcp socket !
Connecting to lower ranked node: 13 at 10.1.37.158:10000
Connecting .. Socket: 4105, src-port: 40006
Waking up connected socket !
Socket connect success. socket = 4105
Connecting through vt-tcp success !
Successfully connected to lower ranked node: 13 at 10.1.37.158:10000
Adding new vt-tcp-socket !
Creating vt-tcp socket !
Connecting to lower ranked node: 12 at 10.1.37.126:10000
Connecting .. Socket: 4106, src-port: 40007
Waking up connected socket !
Socket connect success. socket = 4106
Connecting through vt-tcp success !
Successfully connected to lower ranked node: 12 at 10.1.37.126:10000
Adding new vt-tcp-socket !
Creating vt-tcp socket !
Connecting to lower ranked node: 11 at 10.1.37.166:10000
Connecting .. Socket: 4107, src-port: 40008
Waking up connected socket !
Socket connect success. socket = 4107
Connecting through vt-tcp success !
Successfully connected to lower ranked node: 11 at 10.1.37.166:10000
Adding new vt-tcp-socket !
Creating vt-tcp socket !
Connecting to lower ranked node: 10 at 10.1.37.170:10000
Connecting .. Socket: 4108, src-port: 40009
Waking up connected socket !
Socket connect success. socket = 4108
Connecting through vt-tcp success !
Successfully connected to lower ranked node: 10 at 10.1.37.170:10000
Adding new vt-tcp-socket !
Creating vt-tcp socket !
Connecting to lower ranked node: 9 at 10.1.37.174:10000
Connecting .. Socket: 4109, src-port: 40010
Waking up connected socket !
Socket connect success. socket = 4109
Connecting through vt-tcp success !
Successfully connected to lower ranked node: 9 at 10.1.37.174:10000
Adding new vt-tcp-socket !
Creating vt-tcp socket !
Connecting to lower ranked node: 8 at 10.1.37.178:10000
Connecting .. Socket: 4110, src-port: 40011
Waking up connected socket !
Socket connect success. socket = 4110
Connecting through vt-tcp success !
Successfully connected to lower ranked node: 8 at 10.1.37.178:10000
Adding new vt-tcp-socket !
Creating vt-tcp socket !
Connecting to lower ranked node: 7 at 10.1.37.182:10000
Connecting .. Socket: 4111, src-port: 40012
Waking up connected socket !
Socket connect success. socket = 4111
Connecting through vt-tcp success !
Successfully connected to lower ranked node: 7 at 10.1.37.182:10000
Adding new vt-tcp-socket !
Creating vt-tcp socket !
Connecting to lower ranked node: 6 at 10.1.37.186:10000
Connecting .. Socket: 4112, src-port: 40013
Waking up connected socket !
Socket connect success. socket = 4112
Connecting through vt-tcp success !
Successfully connected to lower ranked node: 6 at 10.1.37.186:10000
Adding new vt-tcp-socket !
Creating vt-tcp socket !
Connecting to lower ranked node: 5 at 10.1.37.190:10000
Connecting .. Socket: 4113, src-port: 40014
Waking up connected socket !
Socket connect success. socket = 4113
Connecting through vt-tcp success !
Successfully connected to lower ranked node: 5 at 10.1.37.190:10000
Adding new vt-tcp-socket !
Creating vt-tcp socket !
Connecting to lower ranked node: 4 at 10.1.37.94:10000
Connecting .. Socket: 4114, src-port: 40015
Waking up connected socket !
Socket connect success. socket = 4114
Connecting through vt-tcp success !
Successfully connected to lower ranked node: 4 at 10.1.37.94:10000
Adding new vt-tcp-socket !
Creating vt-tcp socket !
Connecting to lower ranked node: 3 at 10.1.37.62:10000
Connecting .. Socket: 4115, src-port: 40016
Waking up connected socket !
Socket connect success. socket = 4115
Connecting through vt-tcp success !
Successfully connected to lower ranked node: 3 at 10.1.37.62:10000
Adding new vt-tcp-socket !
Creating vt-tcp socket !
Connecting to lower ranked node: 2 at 10.1.37.66:10000
Connecting .. Socket: 4116, src-port: 40017
Waking up connected socket !
Socket connect success. socket = 4116
Connecting through vt-tcp success !
Successfully connected to lower ranked node: 2 at 10.1.37.66:10000
Adding new vt-tcp-socket !
Creating vt-tcp socket !
Connecting to lower ranked node: 1 at 10.1.37.70:10000
Connecting .. Socket: 4117, src-port: 40018
Waking up connected socket !
Socket connect success. socket = 4117
Connecting through vt-tcp success !
Successfully connected to lower ranked node: 1 at 10.1.37.70:10000
Adding new vt-tcp-socket !
Creating vt-tcp socket !
Connecting to lower ranked node: 0 at 10.1.37.74:10000
Connecting .. Socket: 4118, src-port: 40019
Waking up connected socket !
Socket connect success. socket = 4118
Connecting through vt-tcp success !
Successfully connected to lower ranked node: 0 at 10.1.37.74:10000

---------------- Creating listen Thread ! --------------

---------------- MPI-Init success ! --------------
Waiting to receive partition information from master !
Adding new Thread: 8
Resuming new Thread with Burst of length: 5400
Process 19 computing itegral over my_a = 19.000000, my_b= 19.500000
Called SetLoopLookahead: init: 0, final: 100000000, step: 1, loopDepth: 0, cumulative-num-iterations: 100000000, look-ahead-ns: 518518496
Avg-Compute-Communication-Ratio = 1525.047059
Process 19 contributed MY_TOTAL = -nan, my_a = 19.000000, my_b= 19.500000
Integral: 0 computed

------------------------------------------------------------------------------
Waiting to receive partition information from master !
Process 19 computing itegral over my_a = 29.000000, my_b= 29.500000
Called SetLoopLookahead: init: 0, final: 100000000, step: 1, loopDepth: 0, cumulative-num-iterations: 100000000, look-ahead-ns: 518518496
Avg-Compute-Communication-Ratio = 2049.468379
Process 19 contributed MY_TOTAL = -nan, my_a = 29.000000, my_b= 29.500000
Integral: 1 computed

------------------------------------------------------------------------------
Waiting to receive partition information from master !
Process 19 computing itegral over my_a = 39.000000, my_b= 39.500000
Called SetLoopLookahead: init: 0, final: 100000000, step: 1, loopDepth: 0, cumulative-num-iterations: 100000000, look-ahead-ns: 518518496
Avg-Compute-Communication-Ratio = 2311.361070
Process 19 contributed MY_TOTAL = -nan, my_a = 39.000000, my_b= 39.500000
Integral: 2 computed

------------------------------------------------------------------------------
Waiting to receive partition information from master !
Process 19 computing itegral over my_a = 49.000000, my_b= 49.500000
Called SetLoopLookahead: init: 0, final: 100000000, step: 1, loopDepth: 0, cumulative-num-iterations: 100000000, look-ahead-ns: 518518496
Avg-Compute-Communication-Ratio = 2475.014320
Process 19 contributed MY_TOTAL = -nan, my_a = 49.000000, my_b= 49.500000
Integral: 3 computed

------------------------------------------------------------------------------
Waiting to receive partition information from master !
Process 19 computing itegral over my_a = 59.000000, my_b= 59.500000
Called SetLoopLookahead: init: 0, final: 100000000, step: 1, loopDepth: 0, cumulative-num-iterations: 100000000, look-ahead-ns: 518518496
Avg-Compute-Communication-Ratio = 2577.114314
Process 19 contributed MY_TOTAL = -nan, my_a = 59.000000, my_b= 59.500000
Integral: 4 computed

------------------------------------------------------------------------------
Waiting to receive partition information from master !
Process 19 computing itegral over my_a = 69.000000, my_b= 69.500000
Called SetLoopLookahead: init: 0, final: 100000000, step: 1, loopDepth: 0, cumulative-num-iterations: 100000000, look-ahead-ns: 518518496
Avg-Compute-Communication-Ratio = 2661.327630
Process 19 contributed MY_TOTAL = -nan, my_a = 69.000000, my_b= 69.500000
Integral: 5 computed

------------------------------------------------------------------------------
Waiting to receive partition information from master !
Process 19 computing itegral over my_a = 79.000000, my_b= 79.500000
Called SetLoopLookahead: init: 0, final: 100000000, step: 1, loopDepth: 0, cumulative-num-iterations: 100000000, look-ahead-ns: 518518496
Avg-Compute-Communication-Ratio = 2714.739716
Process 19 contributed MY_TOTAL = -nan, my_a = 79.000000, my_b= 79.500000
Integral: 6 computed

------------------------------------------------------------------------------
Waiting to receive partition information from master !
Process 19 computing itegral over my_a = 89.000000, my_b= 89.500000
Called SetLoopLookahead: init: 0, final: 100000000, step: 1, loopDepth: 0, cumulative-num-iterations: 100000000, look-ahead-ns: 518518496
Avg-Compute-Communication-Ratio = 2756.227242
Process 19 contributed MY_TOTAL = -nan, my_a = 89.000000, my_b= 89.500000
Integral: 7 computed

------------------------------------------------------------------------------
Waiting to receive partition information from master !
Process 19 computing itegral over my_a = 99.000000, my_b= 99.500000
Called SetLoopLookahead: init: 0, final: 100000000, step: 1, loopDepth: 0, cumulative-num-iterations: 100000000, look-ahead-ns: 518518496
Avg-Compute-Communication-Ratio = 2794.393413
Process 19 contributed MY_TOTAL = -nan, my_a = 99.000000, my_b= 99.500000
Integral: 8 computed

------------------------------------------------------------------------------
Waiting to receive partition information from master !
Process 19 computing itegral over my_a = 109.000000, my_b= 109.500000
Called SetLoopLookahead: init: 0, final: 100000000, step: 1, loopDepth: 0, cumulative-num-iterations: 100000000, look-ahead-ns: 518518496
Avg-Compute-Communication-Ratio = 2822.619488
Process 19 contributed MY_TOTAL = -nan, my_a = 109.000000, my_b= 109.500000
Integral: 9 computed

------------------------------------------------------------------------------
Waiting to receive partition information from master !
Process 19 computing itegral over my_a = 119.000000, my_b= 119.500000
Called SetLoopLookahead: init: 0, final: 100000000, step: 1, loopDepth: 0, cumulative-num-iterations: 100000000, look-ahead-ns: 518518496
Avg-Compute-Communication-Ratio = 2846.141218
Process 19 contributed MY_TOTAL = -nan, my_a = 119.000000, my_b= 119.500000
Integral: 10 computed

------------------------------------------------------------------------------
Waiting to receive partition information from master !
Process 19 computing itegral over my_a = 129.000000, my_b= 129.500000
Called SetLoopLookahead: init: 0, final: 100000000, step: 1, loopDepth: 0, cumulative-num-iterations: 100000000, look-ahead-ns: 518518496
Avg-Compute-Communication-Ratio = 2868.686952
Process 19 contributed MY_TOTAL = -nan, my_a = 129.000000, my_b= 129.500000
Integral: 11 computed

------------------------------------------------------------------------------
Waiting to receive partition information from master !
Process 19 computing itegral over my_a = 139.000000, my_b= 139.500000
Called SetLoopLookahead: init: 0, final: 100000000, step: 1, loopDepth: 0, cumulative-num-iterations: 100000000, look-ahead-ns: 518518496
Avg-Compute-Communication-Ratio = 2890.521870
Process 19 contributed MY_TOTAL = -nan, my_a = 139.000000, my_b= 139.500000
Integral: 12 computed

------------------------------------------------------------------------------
Waiting to receive partition information from master !
Process 19 computing itegral over my_a = 149.000000, my_b= 149.500000
Called SetLoopLookahead: init: 0, final: 100000000, step: 1, loopDepth: 0, cumulative-num-iterations: 100000000, look-ahead-ns: 518518496
Avg-Compute-Communication-Ratio = 2903.685200
Process 19 contributed MY_TOTAL = -nan, my_a = 149.000000, my_b= 149.500000
Integral: 13 computed

------------------------------------------------------------------------------
Waiting to receive partition information from master !
Process 19 computing itegral over my_a = 159.000000, my_b= 159.500000
Called SetLoopLookahead: init: 0, final: 100000000, step: 1, loopDepth: 0, cumulative-num-iterations: 100000000, look-ahead-ns: 518518496
Avg-Compute-Communication-Ratio = 2915.190405
Process 19 contributed MY_TOTAL = -nan, my_a = 159.000000, my_b= 159.500000
Integral: 14 computed

------------------------------------------------------------------------------
Waiting to receive partition information from master !
Process 19 computing itegral over my_a = 169.000000, my_b= 169.500000
Called SetLoopLookahead: init: 0, final: 100000000, step: 1, loopDepth: 0, cumulative-num-iterations: 100000000, look-ahead-ns: 518518496
Avg-Compute-Communication-Ratio = 2926.364374
Process 19 contributed MY_TOTAL = -nan, my_a = 169.000000, my_b= 169.500000
Integral: 15 computed

------------------------------------------------------------------------------
Waiting to receive partition information from master !
Process 19 computing itegral over my_a = 179.000000, my_b= 179.500000
Called SetLoopLookahead: init: 0, final: 100000000, step: 1, loopDepth: 0, cumulative-num-iterations: 100000000, look-ahead-ns: 518518496
Avg-Compute-Communication-Ratio = 2940.213142
Process 19 contributed MY_TOTAL = -nan, my_a = 179.000000, my_b= 179.500000
Integral: 16 computed

------------------------------------------------------------------------------
Waiting to receive partition information from master !
Process 19 computing itegral over my_a = 189.000000, my_b= 189.500000
Called SetLoopLookahead: init: 0, final: 100000000, step: 1, loopDepth: 0, cumulative-num-iterations: 100000000, look-ahead-ns: 518518496
Avg-Compute-Communication-Ratio = 2949.833755
Process 19 contributed MY_TOTAL = -nan, my_a = 189.000000, my_b= 189.500000
Integral: 17 computed

------------------------------------------------------------------------------
Waiting to receive partition information from master !
Process 19 computing itegral over my_a = 199.000000, my_b= 199.500000
Called SetLoopLookahead: init: 0, final: 100000000, step: 1, loopDepth: 0, cumulative-num-iterations: 100000000, look-ahead-ns: 518518496
Avg-Compute-Communication-Ratio = 2965.619807
Process 19 contributed MY_TOTAL = -nan, my_a = 199.000000, my_b= 199.500000
Integral: 18 computed

------------------------------------------------------------------------------
Waiting to receive partition information from master !
Process 19 computing itegral over my_a = 209.000000, my_b= 209.500000
Called SetLoopLookahead: init: 0, final: 100000000, step: 1, loopDepth: 0, cumulative-num-iterations: 100000000, look-ahead-ns: 518518496
Avg-Compute-Communication-Ratio = 2970.582928
Process 19 contributed MY_TOTAL = -nan, my_a = 209.000000, my_b= 209.500000
Integral: 19 computed

------------------------------------------------------------------------------
Waiting to receive partition information from master !
Process 19 computing itegral over my_a = 219.000000, my_b= 219.500000
Called SetLoopLookahead: init: 0, final: 100000000, step: 1, loopDepth: 0, cumulative-num-iterations: 100000000, look-ahead-ns: 518518496
Avg-Compute-Communication-Ratio = 2977.528028
Process 19 contributed MY_TOTAL = -nan, my_a = 219.000000, my_b= 219.500000
Integral: 20 computed

------------------------------------------------------------------------------
Waiting to receive partition information from master !
Process 19 computing itegral over my_a = 229.000000, my_b= 229.500000
Called SetLoopLookahead: init: 0, final: 100000000, step: 1, loopDepth: 0, cumulative-num-iterations: 100000000, look-ahead-ns: 518518496
Avg-Compute-Communication-Ratio = 2983.089697
Process 19 contributed MY_TOTAL = -nan, my_a = 229.000000, my_b= 229.500000
Integral: 21 computed

------------------------------------------------------------------------------
Waiting to receive partition information from master !
Process 19 computing itegral over my_a = 239.000000, my_b= 239.500000
Called SetLoopLookahead: init: 0, final: 100000000, step: 1, loopDepth: 0, cumulative-num-iterations: 100000000, look-ahead-ns: 518518496
Avg-Compute-Communication-Ratio = 2989.684382
Process 19 contributed MY_TOTAL = -nan, my_a = 239.000000, my_b= 239.500000
Integral: 22 computed

------------------------------------------------------------------------------
Waiting to receive partition information from master !
Process 19 computing itegral over my_a = 249.000000, my_b= 249.500000
Called SetLoopLookahead: init: 0, final: 100000000, step: 1, loopDepth: 0, cumulative-num-iterations: 100000000, look-ahead-ns: 518518496
Avg-Compute-Communication-Ratio = 2992.153402
Process 19 contributed MY_TOTAL = -nan, my_a = 249.000000, my_b= 249.500000
Integral: 23 computed

------------------------------------------------------------------------------
Waiting to receive partition information from master !
Process 19 computing itegral over my_a = 259.000000, my_b= 259.500000
Called SetLoopLookahead: init: 0, final: 100000000, step: 1, loopDepth: 0, cumulative-num-iterations: 100000000, look-ahead-ns: 518518496
Avg-Compute-Communication-Ratio = 2997.891073
Process 19 contributed MY_TOTAL = -nan, my_a = 259.000000, my_b= 259.500000
Integral: 24 computed

------------------------------------------------------------------------------
Waiting to receive partition information from master !
Process 19 computing itegral over my_a = 269.000000, my_b= 269.500000
Called SetLoopLookahead: init: 0, final: 100000000, step: 1, loopDepth: 0, cumulative-num-iterations: 100000000, look-ahead-ns: 518518496
Avg-Compute-Communication-Ratio = 3003.207173
Process 19 contributed MY_TOTAL = -nan, my_a = 269.000000, my_b= 269.500000
Integral: 25 computed

------------------------------------------------------------------------------
Waiting to receive partition information from master !
Process 19 computing itegral over my_a = 279.000000, my_b= 279.500000
Called SetLoopLookahead: init: 0, final: 100000000, step: 1, loopDepth: 0, cumulative-num-iterations: 100000000, look-ahead-ns: 518518496
Avg-Compute-Communication-Ratio = 3010.086433
Process 19 contributed MY_TOTAL = -nan, my_a = 279.000000, my_b= 279.500000
Integral: 26 computed

------------------------------------------------------------------------------
Waiting to receive partition information from master !
Process 19 computing itegral over my_a = 289.000000, my_b= 289.500000
Called SetLoopLookahead: init: 0, final: 100000000, step: 1, loopDepth: 0, cumulative-num-iterations: 100000000, look-ahead-ns: 518518496
Avg-Compute-Communication-Ratio = 3009.624171
Process 19 contributed MY_TOTAL = -nan, my_a = 289.000000, my_b= 289.500000
Integral: 27 computed

------------------------------------------------------------------------------
Waiting to receive partition information from master !
Process 19 computing itegral over my_a = 299.000000, my_b= 299.500000
Called SetLoopLookahead: init: 0, final: 100000000, step: 1, loopDepth: 0, cumulative-num-iterations: 100000000, look-ahead-ns: 518518496
Avg-Compute-Communication-Ratio = 3014.019443
Process 19 contributed MY_TOTAL = -nan, my_a = 299.000000, my_b= 299.500000
Integral: 28 computed

------------------------------------------------------------------------------
Waiting to receive partition information from master !
Process 19 computing itegral over my_a = 309.000000, my_b= 309.500000
Called SetLoopLookahead: init: 0, final: 100000000, step: 1, loopDepth: 0, cumulative-num-iterations: 100000000, look-ahead-ns: 518518496
Avg-Compute-Communication-Ratio = 3018.718805
Process 19 contributed MY_TOTAL = -nan, my_a = 309.000000, my_b= 309.500000
Integral: 29 computed

------------------------------------------------------------------------------
Waiting to receive partition information from master !
Process 19 computing itegral over my_a = 319.000000, my_b= 319.500000
Called SetLoopLookahead: init: 0, final: 100000000, step: 1, loopDepth: 0, cumulative-num-iterations: 100000000, look-ahead-ns: 518518496
Avg-Compute-Communication-Ratio = 3021.423496
Process 19 contributed MY_TOTAL = -nan, my_a = 319.000000, my_b= 319.500000
Integral: 30 computed

------------------------------------------------------------------------------
Waiting to receive partition information from master !
Process 19 computing itegral over my_a = 329.000000, my_b= 329.500000
Called SetLoopLookahead: init: 0, final: 100000000, step: 1, loopDepth: 0, cumulative-num-iterations: 100000000, look-ahead-ns: 518518496
Avg-Compute-Communication-Ratio = 3025.066180
Process 19 contributed MY_TOTAL = -nan, my_a = 329.000000, my_b= 329.500000
Integral: 31 computed

------------------------------------------------------------------------------
Waiting to receive partition information from master !
Process 19 computing itegral over my_a = 339.000000, my_b= 339.500000
Called SetLoopLookahead: init: 0, final: 100000000, step: 1, loopDepth: 0, cumulative-num-iterations: 100000000, look-ahead-ns: 518518496
Avg-Compute-Communication-Ratio = 3028.496106
Process 19 contributed MY_TOTAL = -nan, my_a = 339.000000, my_b= 339.500000
Integral: 32 computed

------------------------------------------------------------------------------
Waiting to receive partition information from master !
Process 19 computing itegral over my_a = 349.000000, my_b= 349.500000
Called SetLoopLookahead: init: 0, final: 100000000, step: 1, loopDepth: 0, cumulative-num-iterations: 100000000, look-ahead-ns: 518518496
Avg-Compute-Communication-Ratio = 3031.731384
Process 19 contributed MY_TOTAL = -nan, my_a = 349.000000, my_b= 349.500000
Integral: 33 computed

------------------------------------------------------------------------------
Waiting to receive partition information from master !
Process 19 computing itegral over my_a = 359.000000, my_b= 359.500000
Called SetLoopLookahead: init: 0, final: 100000000, step: 1, loopDepth: 0, cumulative-num-iterations: 100000000, look-ahead-ns: 518518496
Avg-Compute-Communication-Ratio = 3034.280722
Process 19 contributed MY_TOTAL = -nan, my_a = 359.000000, my_b= 359.500000
Integral: 34 computed

------------------------------------------------------------------------------
Waiting to receive partition information from master !
Process 19 computing itegral over my_a = 369.000000, my_b= 369.500000
Called SetLoopLookahead: init: 0, final: 100000000, step: 1, loopDepth: 0, cumulative-num-iterations: 100000000, look-ahead-ns: 518518496
Avg-Compute-Communication-Ratio = 3036.692370
Process 19 contributed MY_TOTAL = -nan, my_a = 369.000000, my_b= 369.500000
Integral: 35 computed

------------------------------------------------------------------------------
Waiting to receive partition information from master !
Process 19 computing itegral over my_a = 379.000000, my_b= 379.500000
Called SetLoopLookahead: init: 0, final: 100000000, step: 1, loopDepth: 0, cumulative-num-iterations: 100000000, look-ahead-ns: 518518496
Avg-Compute-Communication-Ratio = 3039.458650
Process 19 contributed MY_TOTAL = -nan, my_a = 379.000000, my_b= 379.500000
Integral: 36 computed

------------------------------------------------------------------------------
Waiting to receive partition information from master !
Process 19 computing itegral over my_a = 389.000000, my_b= 389.500000
Called SetLoopLookahead: init: 0, final: 100000000, step: 1, loopDepth: 0, cumulative-num-iterations: 100000000, look-ahead-ns: 518518496
Avg-Compute-Communication-Ratio = 3042.553737
Process 19 contributed MY_TOTAL = -nan, my_a = 389.000000, my_b= 389.500000
Integral: 37 computed

------------------------------------------------------------------------------
Waiting to receive partition information from master !
Process 19 computing itegral over my_a = 399.000000, my_b= 399.500000
Called SetLoopLookahead: init: 0, final: 100000000, step: 1, loopDepth: 0, cumulative-num-iterations: 100000000, look-ahead-ns: 518518496
Exp finishing. Stopping stack thread with id: 6!

------------------------- ACTUAL STDOUT FROM EXECUTABLE ENDED -----------------------------

Process: 6 exiting VT experiment !
Main thread exiting. PID = 6
