Attempting to set static arp entries ...
Tracer: 7 >> Using SRC IP: 10.1.52.146 for any spawned virtual tcp-stacks
Tracer: 7 >> Updating firewall rules to drop outgoing TCP-RST packets
Attempting to set firewall rules ...
Tracer: 7 >> CMD TO RUN: /home/vignesh/VT-S3FNet/csudp/tcp_incast_tgen/incast_tgen client 6 10.1.55.126 7896 200000 8 > /home/vignesh/VT-S3FNet/experiment-data/TCP_LA_Disabled_incast_tgen_nemus_7_txSize_8_mu_200000/client6.log
args[0] = /home/vignesh/VT-S3FNet/csudp/tcp_incast_tgen/incast_tgen
args[1] = client
args[2] = 6
args[3] = 10.1.55.126
args[4] = 7896
args[5] = 200000
args[6] = 8
Setting appropriate environment variables ...
HOME DIRECTORY : /home/vignesh
Parsing TTN config file: /home/vignesh/.ttn/projects.db
Setting VT_L1_INS_CACHE_MISS_CYCLES to: 100
Setting VT_L1_INS_CACHE_LINES to: 64
Setting VT_L1_INS_CACHE_SIZE_KB to: 32
Setting VT_L1_INS_CACHE_ASSOC to: 8
Setting VT_L1_INS_CACHE_REPLACEMENT_POLICY to: LRU
Setting VT_L1_DATA_CACHE_MISS_CYCLES to: 100
Setting VT_L1_DATA_CACHE_LINES to: 64
Setting VT_L1_DATA_CACHE_SIZE_KB to: 32
Setting VT_L1_DATA_CACHE_ASSOC to: 8
Setting VT_L1_DATA_CACHE_REPLACEMENT_POLICY to: LRU
Setting VT_CPU_CYLES_NS to: 2.700000
Setting VT_NIC_SPEED_MBPS to: 1000.000000
Setting VT_TIMING_MODEL to: EMPIRICAL
Setting VT_BBL_LOOKAHEAD_FILE to: /home/vignesh/VT-S3FNet/csudp/tcp_incast_tgen/.ttn/lookahead/bbl_lookahead.info
Setting VT_LOOP_LOOKAHEAD_FILE to: /home/vignesh/VT-S3FNet/csudp/tcp_incast_tgen/.ttn/lookahead/loop_lookahead.info
Starting command: /home/vignesh/VT-S3FNet/csudp/tcp_incast_tgen/incast_tgen
Loading orig functions !
Starting executable with Pid = 6
Loading pointers to VTL Logic functions
Loaded pointers to all VTL Logic functions
Now Initializing VT-Management 
Extracting env variables !
Extracted tracer-id: 7
Extracted exp-type: 2
Extracted cpu-cycles-ns: 2.700000
Extracted socket-layer-ip: -1842085622
Starting VT-initialization !
Tracer-ID: 7, Timeline-ID: 7
Tracer registration for EXP_CS complete. TimelineID = 7, Return = 7
Tracer Adding to SQ. Tracer ID = 7
Parsing any provided lookahead information ...
Opening file: /home/vignesh/VT-S3FNet/csudp/tcp_incast_tgen/.ttn/lookahead/bbl_lookahead.info
File size: 368
mapped memblock size: 368
Finish offset: 42, Number of values: 42
Returning success !
Loaded BBL lookaheads for 42 basic blocks ...
Opening file: /home/vignesh/VT-S3FNet/csudp/tcp_incast_tgen/.ttn/lookahead/loop_lookahead.info
File size: 48
mapped memblock size: 48
Finish offset: 2, Number of values: 2
Returning success !
Loaded Loop lookaheads for 2 loops ...
VT initialization successfull !
Finished Initializing VT-Management 
Initializing TCP-stack ...
TCP stack unique-id: 76
Starting virtual socket layer stack-thread !
Pthread_create: vtStackThread special case
Successfully initialized VTL-Logic embedded into the executable

------------------------- ACTUAL STDOUT FROM EXECUTABLE STARTS -----------------------------

Client: MyPid: 6
Adding new vt-tcp-socket !
Creating vt-tcp socket !
Client socket fd = 4097
setsockopt through vt-tcp !
setsockopt through vt-tcp !
Connecting to server ...
Connecting .. Socket: 4097, src-port: 40001
Waking up connected socket !
Socket connect success. socket = 4097
Connecting through vt-tcp success !
Sending data ...
Sending msgs of size: 1460 to server ...
Sent: 8 KB after: 0.049377 secs
Sent: 8 KB after: 0.093846 secs
Sent: 8 KB after: 0.130476 secs
Sent: 8 KB after: 0.328482 secs
Sent: 8 KB after: 0.124491 secs
Sent: 8 KB after: 0.282461 secs
Sent: 8 KB after: 0.106028 secs
Sent: 8 KB after: 0.100430 secs
Sent: 8 KB after: 0.041277 secs
Sent: 8 KB after: 0.468439 secs
Sent: 8 KB after: 0.041531 secs
Sent: 8 KB after: 0.062368 secs
Sent: 8 KB after: 0.124132 secs
Sent: 8 KB after: 0.454860 secs
Sent: 8 KB after: 0.076909 secs
Sent: 8 KB after: 0.098275 secs
Sent: 8 KB after: 0.283908 secs
Sent: 8 KB after: 0.152675 secs
Sent: 8 KB after: 0.029057 secs
Sent: 8 KB after: 0.057212 secs
Sent: 8 KB after: 0.115915 secs
Sent: 8 KB after: 0.013392 secs
Sent: 8 KB after: 0.385222 secs
Sent: 8 KB after: 0.028899 secs
Sent: 8 KB after: 0.096534 secs
Sent: 8 KB after: 0.088378 secs
Sent: 8 KB after: 0.088750 secs
Sent: 8 KB after: 0.301843 secs
Sent: 8 KB after: 0.594760 secs
Sent: 8 KB after: 0.278905 secs
Exp finishing. Stopping stack thread with id: 6!
VT-sleep-for exiting !

------------------------- ACTUAL STDOUT FROM EXECUTABLE ENDED -----------------------------

Process: 6 exiting VT experiment !
Main thread exiting. PID = 6
