Attempting to set static arp entries ...
Tracer: 8 >> Using SRC IP: 10.1.0.194 for any spawned virtual tcp-stacks
Tracer: 8 >> Updating firewall rules to drop outgoing TCP-RST packets
Attempting to set firewall rules ...
Tracer: 8 >> CMD TO RUN: /home/vignesh/VT-S3FNet/csudp/mpi_integral/mpi_int 7 16 10.1.0.194 > /home/vignesh/VT-S3FNet/experiment-data/MPI_LA_Enabled_nemus_16_mpi_int/worker7.log
args[0] = /home/vignesh/VT-S3FNet/csudp/mpi_integral/mpi_int
args[1] = 7
args[2] = 16
args[3] = 10.1.0.194
Setting appropriate environment variables ...
HOME DIRECTORY : /home/vignesh
Parsing TTN config file: /home/vignesh/.ttn/projects.db
Setting VT_L1_INS_CACHE_MISS_CYCLES to: 100
Setting VT_L1_INS_CACHE_LINES to: 64
Setting VT_L1_INS_CACHE_SIZE_KB to: 32
Setting VT_L1_INS_CACHE_ASSOC to: 8
Setting VT_L1_INS_CACHE_REPLACEMENT_POLICY to: LRU
Setting VT_L1_DATA_CACHE_MISS_CYCLES to: 100
Setting VT_L1_DATA_CACHE_LINES to: 64
Setting VT_L1_DATA_CACHE_SIZE_KB to: 32
Setting VT_L1_DATA_CACHE_ASSOC to: 8
Setting VT_L1_DATA_CACHE_REPLACEMENT_POLICY to: LRU
Setting VT_CPU_CYLES_NS to: 2.700000
Setting VT_NIC_SPEED_MBPS to: 1000.000000
Setting VT_TIMING_MODEL to: EMPIRICAL
Setting VT_BBL_LOOKAHEAD_FILE to: /home/vignesh/VT-S3FNet/csudp/mpi_integral/.ttn/lookahead/bbl_lookahead.info
Setting VT_LOOP_LOOKAHEAD_FILE to: /home/vignesh/VT-S3FNet/csudp/mpi_integral/.ttn/lookahead/loop_lookahead.info
Starting command: /home/vignesh/VT-S3FNet/csudp/mpi_integral/mpi_int
Loading orig functions !
Starting executable with Pid = 6
Loading pointers to VTL Logic functions
Loaded pointers to all VTL Logic functions
Now Initializing VT-Management 
Extracting env variables !
Extracted tracer-id: 8
Extracted exp-type: 2
Extracted cpu-cycles-ns: 2.700000
Extracted socket-layer-ip: -1040187126
Starting VT-initialization !
Tracer-ID: 8, Timeline-ID: 8
Tracer registration for EXP_CS complete. TimelineID = 8, Return = 8
Tracer Adding to SQ. Tracer ID = 8
Parsing any provided lookahead information ...
Opening file: /home/vignesh/VT-S3FNet/csudp/mpi_integral/.ttn/lookahead/bbl_lookahead.info
File size: 176
mapped memblock size: 176
Finish offset: 18, Number of values: 18
Returning success !
Loaded BBL lookaheads for 18 basic blocks ...
Opening file: /home/vignesh/VT-S3FNet/csudp/mpi_integral/.ttn/lookahead/loop_lookahead.info
File size: 40
mapped memblock size: 40
Finish offset: 1, Number of values: 1
Returning success !
Loaded Loop lookaheads for 1 loops ...
VT initialization successfull !
Finished Initializing VT-Management 
Initializing TCP-stack ...
TCP stack unique-id: 86
Starting virtual socket layer stack-thread !
Pthread_create: vtStackThread special case
Successfully initialized VTL-Logic embedded into the executable

------------------------- ACTUAL STDOUT FROM EXECUTABLE STARTS -----------------------------

Rank = 7, Total = 16, IP = 10.1.0.194
Adding new vt-tcp-socket !
Creating vt-tcp socket !
bind through vt-tcp !
Server socket bound to ip:port: 10.1.0.194:10000
Waiting for OK message from other nodes !
Waiting for OK message !
listen through vt-tcp !
Accept through vt-tcp !
Successfully received OK message !

---------------- Waiting for higher ranked nodes to connect --------------
listen through vt-tcp !
Accepting connection from higher ranked node: 15
Accept through vt-tcp !
Accepted connection from higher ranked node: 15
Successfully connected with higher ranked node: 15
Accepting connection from higher ranked node: 14
Accept through vt-tcp !
Accepted connection from higher ranked node: 14
Successfully connected with higher ranked node: 14
Accepting connection from higher ranked node: 13
Accept through vt-tcp !
Accepted connection from higher ranked node: 13
Successfully connected with higher ranked node: 13
Accepting connection from higher ranked node: 12
Accept through vt-tcp !
Accepted connection from higher ranked node: 12
Successfully connected with higher ranked node: 12
Accepting connection from higher ranked node: 11
Accept through vt-tcp !
Accepted connection from higher ranked node: 11
Successfully connected with higher ranked node: 11
Accepting connection from higher ranked node: 10
Accept through vt-tcp !
Accepted connection from higher ranked node: 10
Successfully connected with higher ranked node: 10
Accepting connection from higher ranked node: 9
Accept through vt-tcp !
Accepted connection from higher ranked node: 9
Successfully connected with higher ranked node: 9
Accepting connection from higher ranked node: 8
Accept through vt-tcp !
Accepted connection from higher ranked node: 8
Successfully connected with higher ranked node: 8
Closing server socket: 4097
Clearing all tcp timers !
TCP-done for socket: 4097, err: -103

---------------- Connecting to lowed ranked nodes ! --------------
Adding new vt-tcp-socket !
Creating vt-tcp socket !
Connecting to lower ranked node: 6 at 10.1.0.190:10000
Connecting .. Socket: 4107, src-port: 40001
Socket: 4097 garbage collection
Freeing socket: 4097
Waking up connected socket !
Socket connect success. socket = 4107
Connecting through vt-tcp success !
Successfully connected to lower ranked node: 6 at 10.1.0.190:10000
Adding new vt-tcp-socket !
Creating vt-tcp socket !
Connecting to lower ranked node: 5 at 10.1.0.186:10000
Connecting .. Socket: 4108, src-port: 40002
Waking up connected socket !
Socket connect success. socket = 4108
Connecting through vt-tcp success !
Successfully connected to lower ranked node: 5 at 10.1.0.186:10000
Adding new vt-tcp-socket !
Creating vt-tcp socket !
Connecting to lower ranked node: 4 at 10.1.0.182:10000
Connecting .. Socket: 4109, src-port: 40003
Waking up connected socket !
Socket connect success. socket = 4109
Connecting through vt-tcp success !
Successfully connected to lower ranked node: 4 at 10.1.0.182:10000
Adding new vt-tcp-socket !
Creating vt-tcp socket !
Connecting to lower ranked node: 3 at 10.1.0.130:10000
Connecting .. Socket: 4110, src-port: 40004
Waking up connected socket !
Socket connect success. socket = 4110
Connecting through vt-tcp success !
Successfully connected to lower ranked node: 3 at 10.1.0.130:10000
Adding new vt-tcp-socket !
Creating vt-tcp socket !
Connecting to lower ranked node: 2 at 10.1.0.138:10000
Connecting .. Socket: 4111, src-port: 40005
Waking up connected socket !
Socket connect success. socket = 4111
Connecting through vt-tcp success !
Successfully connected to lower ranked node: 2 at 10.1.0.138:10000
Adding new vt-tcp-socket !
Creating vt-tcp socket !
Connecting to lower ranked node: 1 at 10.1.0.142:10000
Connecting .. Socket: 4112, src-port: 40006
Waking up connected socket !
Socket connect success. socket = 4112
Connecting through vt-tcp success !
Successfully connected to lower ranked node: 1 at 10.1.0.142:10000
Adding new vt-tcp-socket !
Creating vt-tcp socket !
Connecting to lower ranked node: 0 at 10.1.0.146:10000
Connecting .. Socket: 4113, src-port: 40007
Waking up connected socket !
Socket connect success. socket = 4113
Connecting through vt-tcp success !
Successfully connected to lower ranked node: 0 at 10.1.0.146:10000

---------------- Creating listen Thread ! --------------

---------------- MPI-Init success ! --------------
Waiting to receive partition information from master !
Adding new Thread: 8
Signal Burst Completion: Flushing Data Cache !
Resuming new Thread with Burst of length: 5400
Trigger syscall finish: 6, currActiveThreadID = 8, myThreadID = 6. Flushing Data Cache !
Process 7 computing itegral over my_a = 14.000000, my_b= 14.666667
Called SetLoopLookahead: init: 0, final: 100000000, step: 1, loopDepth: 0, cumulative-num-iterations: 100000000, look-ahead-ns: 481481472
Before rcv-wnd: seq: 1, rcv_nxt: 5
tcp-rto: snd_una: 1, rto: 400, backoff: 1, sock-fd = 4110
Avg-Compute-Communication-Ratio = 3946.500000
Process 7 contributed MY_TOTAL = 1.903483, my_a = 14.000000, my_b= 14.666667
Integral: 0 computed

------------------------------------------------------------------------------
Waiting to receive partition information from master !
Process 7 computing itegral over my_a = 24.000000, my_b= 24.666667
Called SetLoopLookahead: init: 0, final: 100000000, step: 1, loopDepth: 0, cumulative-num-iterations: 100000000, look-ahead-ns: 481481472
Avg-Compute-Communication-Ratio = 3882.858871
Process 7 contributed MY_TOTAL = 7.677801, my_a = 24.000000, my_b= 24.666667
Integral: 1 computed

------------------------------------------------------------------------------
Waiting to receive partition information from master !
Process 7 computing itegral over my_a = 34.000000, my_b= 34.666667
Called SetLoopLookahead: init: 0, final: 100000000, step: 1, loopDepth: 0, cumulative-num-iterations: 100000000, look-ahead-ns: 481481472
Avg-Compute-Communication-Ratio = 3831.368700
Process 7 contributed MY_TOTAL = 0.566325, my_a = 34.000000, my_b= 34.666667
Integral: 2 computed

------------------------------------------------------------------------------
Waiting to receive partition information from master !
Process 7 computing itegral over my_a = 44.000000, my_b= 44.666667
Called SetLoopLookahead: init: 0, final: 100000000, step: 1, loopDepth: 0, cumulative-num-iterations: 100000000, look-ahead-ns: 481481472
Avg-Compute-Communication-Ratio = 3798.623274
Process 7 contributed MY_TOTAL = 31.861456, my_a = 44.000000, my_b= 44.666667
Integral: 3 computed

------------------------------------------------------------------------------
Waiting to receive partition information from master !
Process 7 computing itegral over my_a = 54.000000, my_b= 54.666667
Called SetLoopLookahead: init: 0, final: 100000000, step: 1, loopDepth: 0, cumulative-num-iterations: 100000000, look-ahead-ns: 481481472
Avg-Compute-Communication-Ratio = 3797.127760
Process 7 contributed MY_TOTAL = 11.422646, my_a = 54.000000, my_b= 54.666667
Integral: 4 computed

------------------------------------------------------------------------------
Waiting to receive partition information from master !
Process 7 computing itegral over my_a = 64.000000, my_b= 64.666667
Called SetLoopLookahead: init: 0, final: 100000000, step: 1, loopDepth: 0, cumulative-num-iterations: 100000000, look-ahead-ns: 481481472
Avg-Compute-Communication-Ratio = 3791.148294
Process 7 contributed MY_TOTAL = 80.795275, my_a = 64.000000, my_b= 64.666667
Integral: 5 computed

------------------------------------------------------------------------------
Waiting to receive partition information from master !
Process 7 computing itegral over my_a = 74.000000, my_b= 74.666667
Called SetLoopLookahead: init: 0, final: 100000000, step: 1, loopDepth: 0, cumulative-num-iterations: 100000000, look-ahead-ns: 481481472
Avg-Compute-Communication-Ratio = 3791.148481
Process 7 contributed MY_TOTAL = 71.810389, my_a = 74.000000, my_b= 74.666667
Integral: 6 computed

------------------------------------------------------------------------------
Waiting to receive partition information from master !
Process 7 computing itegral over my_a = 84.000000, my_b= 84.666667
Called SetLoopLookahead: init: 0, final: 100000000, step: 1, loopDepth: 0, cumulative-num-iterations: 100000000, look-ahead-ns: 481481472
Avg-Compute-Communication-Ratio = 3783.701375
Process 7 contributed MY_TOTAL = 5.254745, my_a = 84.000000, my_b= 84.666667
Integral: 7 computed

------------------------------------------------------------------------------
Waiting to receive partition information from master !
Process 7 computing itegral over my_a = 94.000000, my_b= 94.666667
Called SetLoopLookahead: init: 0, final: 100000000, step: 1, loopDepth: 0, cumulative-num-iterations: 100000000, look-ahead-ns: 481481472
Avg-Compute-Communication-Ratio = 3774.637631
Process 7 contributed MY_TOTAL = 145.463655, my_a = 94.000000, my_b= 94.666667
Integral: 8 computed

------------------------------------------------------------------------------
Waiting to receive partition information from master !
Process 7 computing itegral over my_a = 104.000000, my_b= 104.666667
Called SetLoopLookahead: init: 0, final: 100000000, step: 1, loopDepth: 0, cumulative-num-iterations: 100000000, look-ahead-ns: 481481472
Avg-Compute-Communication-Ratio = 3782.216025
Process 7 contributed MY_TOTAL = 44.167839, my_a = 104.000000, my_b= 104.666667
Integral: 9 computed

------------------------------------------------------------------------------
Waiting to receive partition information from master !
Process 7 computing itegral over my_a = 114.000000, my_b= 114.666667
Called SetLoopLookahead: init: 0, final: 100000000, step: 1, loopDepth: 0, cumulative-num-iterations: 100000000, look-ahead-ns: 481481472
Avg-Compute-Communication-Ratio = 3774.937277
Process 7 contributed MY_TOTAL = 256.792203, my_a = 114.000000, my_b= 114.666667
Integral: 10 computed

------------------------------------------------------------------------------
Waiting to receive partition information from master !
Process 7 computing itegral over my_a = 124.000000, my_b= 124.666667
Called SetLoopLookahead: init: 0, final: 100000000, step: 1, loopDepth: 0, cumulative-num-iterations: 100000000, look-ahead-ns: 481481472
Avg-Compute-Communication-Ratio = 3776.283007
Process 7 contributed MY_TOTAL = 204.255163, my_a = 124.000000, my_b= 124.666667
Integral: 11 computed

------------------------------------------------------------------------------
Waiting to receive partition information from master !
Process 7 computing itegral over my_a = 134.000000, my_b= 134.666667
Called SetLoopLookahead: init: 0, final: 100000000, step: 1, loopDepth: 0, cumulative-num-iterations: 100000000, look-ahead-ns: 481481472
Avg-Compute-Communication-Ratio = 3777.423054
Process 7 contributed MY_TOTAL = 18.041492, my_a = 134.000000, my_b= 134.666667
Integral: 12 computed

------------------------------------------------------------------------------
Waiting to receive partition information from master !
Process 7 computing itegral over my_a = 144.000000, my_b= 144.666667
Called SetLoopLookahead: init: 0, final: 100000000, step: 1, loopDepth: 0, cumulative-num-iterations: 100000000, look-ahead-ns: 481481472
Avg-Compute-Communication-Ratio = 3772.057079
Process 7 contributed MY_TOTAL = 345.180400, my_a = 144.000000, my_b= 144.666667
Integral: 13 computed

------------------------------------------------------------------------------
Waiting to receive partition information from master !
Process 7 computing itegral over my_a = 154.000000, my_b= 154.666667
Called SetLoopLookahead: init: 0, final: 100000000, step: 1, loopDepth: 0, cumulative-num-iterations: 100000000, look-ahead-ns: 481481472
Avg-Compute-Communication-Ratio = 3773.324451
Process 7 contributed MY_TOTAL = 103.960934, my_a = 154.000000, my_b= 154.666667
Integral: 14 computed

------------------------------------------------------------------------------
Waiting to receive partition information from master !
Process 7 computing itegral over my_a = 164.000000, my_b= 164.666667
Called SetLoopLookahead: init: 0, final: 100000000, step: 1, loopDepth: 0, cumulative-num-iterations: 100000000, look-ahead-ns: 481481472
Avg-Compute-Communication-Ratio = 3768.893836
Process 7 contributed MY_TOTAL = 538.082937, my_a = 164.000000, my_b= 164.666667
Integral: 15 computed

------------------------------------------------------------------------------
Waiting to receive partition information from master !
Process 7 computing itegral over my_a = 174.000000, my_b= 174.666667
Called SetLoopLookahead: init: 0, final: 100000000, step: 1, loopDepth: 0, cumulative-num-iterations: 100000000, look-ahead-ns: 481481472
Avg-Compute-Communication-Ratio = 3770.195762
Process 7 contributed MY_TOTAL = 408.939116, my_a = 174.000000, my_b= 174.666667
Integral: 16 computed

------------------------------------------------------------------------------
Waiting to receive partition information from master !
Process 7 computing itegral over my_a = 184.000000, my_b= 184.666667
Called SetLoopLookahead: init: 0, final: 100000000, step: 1, loopDepth: 0, cumulative-num-iterations: 100000000, look-ahead-ns: 481481472
Avg-Compute-Communication-Ratio = 3771.354221
Process 7 contributed MY_TOTAL = 41.067993, my_a = 184.000000, my_b= 184.666667
Integral: 17 computed

------------------------------------------------------------------------------
Waiting to receive partition information from master !
Process 7 computing itegral over my_a = 194.000000, my_b= 194.666667
Called SetLoopLookahead: init: 0, final: 100000000, step: 1, loopDepth: 0, cumulative-num-iterations: 100000000, look-ahead-ns: 481481472
Avg-Compute-Communication-Ratio = 3770.835944
Process 7 contributed MY_TOTAL = 634.938681, my_a = 194.000000, my_b= 194.666667
Integral: 18 computed

------------------------------------------------------------------------------
Waiting to receive partition information from master !
Process 7 computing itegral over my_a = 204.000000, my_b= 204.666667
Called SetLoopLookahead: init: 0, final: 100000000, step: 1, loopDepth: 0, cumulative-num-iterations: 100000000, look-ahead-ns: 481481472
Avg-Compute-Communication-Ratio = 3765.946422
Process 7 contributed MY_TOTAL = 193.008098, my_a = 204.000000, my_b= 204.666667
Integral: 19 computed

------------------------------------------------------------------------------
Waiting to receive partition information from master !
Process 7 computing itegral over my_a = 214.000000, my_b= 214.666667
Called SetLoopLookahead: init: 0, final: 100000000, step: 1, loopDepth: 0, cumulative-num-iterations: 100000000, look-ahead-ns: 481481472
Exp finishing. Stopping stack thread with id: 6!

------------------------- ACTUAL STDOUT FROM EXECUTABLE ENDED -----------------------------

Process: 6 exiting VT experiment !
Main thread exiting. PID = 6
