Attempting to set static arp entries ...
Tracer: 10 >> Using SRC IP: 10.1.0.202 for any spawned virtual tcp-stacks
Tracer: 10 >> Updating firewall rules to drop outgoing TCP-RST packets
Attempting to set firewall rules ...
Tracer: 10 >> CMD TO RUN: /home/vignesh/VT-S3FNet/csudp/mpi_integral/mpi_int 9 16 10.1.0.202 > /home/vignesh/VT-S3FNet/experiment-data/MPI_LA_Enabled_nemus_16_mpi_int/worker9.log
args[0] = /home/vignesh/VT-S3FNet/csudp/mpi_integral/mpi_int
args[1] = 9
args[2] = 16
args[3] = 10.1.0.202
Setting appropriate environment variables ...
HOME DIRECTORY : /home/vignesh
Parsing TTN config file: /home/vignesh/.ttn/projects.db
Setting VT_L1_INS_CACHE_MISS_CYCLES to: 100
Setting VT_L1_INS_CACHE_LINES to: 64
Setting VT_L1_INS_CACHE_SIZE_KB to: 32
Setting VT_L1_INS_CACHE_ASSOC to: 8
Setting VT_L1_INS_CACHE_REPLACEMENT_POLICY to: LRU
Setting VT_L1_DATA_CACHE_MISS_CYCLES to: 100
Setting VT_L1_DATA_CACHE_LINES to: 64
Setting VT_L1_DATA_CACHE_SIZE_KB to: 32
Setting VT_L1_DATA_CACHE_ASSOC to: 8
Setting VT_L1_DATA_CACHE_REPLACEMENT_POLICY to: LRU
Setting VT_CPU_CYLES_NS to: 2.700000
Setting VT_NIC_SPEED_MBPS to: 1000.000000
Setting VT_TIMING_MODEL to: EMPIRICAL
Setting VT_BBL_LOOKAHEAD_FILE to: /home/vignesh/VT-S3FNet/csudp/mpi_integral/.ttn/lookahead/bbl_lookahead.info
Setting VT_LOOP_LOOKAHEAD_FILE to: /home/vignesh/VT-S3FNet/csudp/mpi_integral/.ttn/lookahead/loop_lookahead.info
Starting command: /home/vignesh/VT-S3FNet/csudp/mpi_integral/mpi_int
Loading orig functions !
Starting executable with Pid = 6
Loading pointers to VTL Logic functions
Loaded pointers to all VTL Logic functions
Now Initializing VT-Management 
Extracting env variables !
Extracted tracer-id: 10
Extracted exp-type: 2
Extracted cpu-cycles-ns: 2.700000
Extracted socket-layer-ip: -905969398
Starting VT-initialization !
Tracer-ID: 10, Timeline-ID: 10
Tracer registration for EXP_CS complete. TimelineID = 10, Return = 10
Tracer Adding to SQ. Tracer ID = 10
Parsing any provided lookahead information ...
Opening file: /home/vignesh/VT-S3FNet/csudp/mpi_integral/.ttn/lookahead/bbl_lookahead.info
File size: 176
mapped memblock size: 176
Finish offset: 18, Number of values: 18
Returning success !
Loaded BBL lookaheads for 18 basic blocks ...
Opening file: /home/vignesh/VT-S3FNet/csudp/mpi_integral/.ttn/lookahead/loop_lookahead.info
File size: 40
mapped memblock size: 40
Finish offset: 1, Number of values: 1
Returning success !
Loaded Loop lookaheads for 1 loops ...
VT initialization successfull !
Finished Initializing VT-Management 
Initializing TCP-stack ...
TCP stack unique-id: 106
Starting virtual socket layer stack-thread !
Pthread_create: vtStackThread special case
Successfully initialized VTL-Logic embedded into the executable

------------------------- ACTUAL STDOUT FROM EXECUTABLE STARTS -----------------------------

Rank = 9, Total = 16, IP = 10.1.0.202
Adding new vt-tcp-socket !
Creating vt-tcp socket !
bind through vt-tcp !
Server socket bound to ip:port: 10.1.0.202:10000
Waiting for OK message from other nodes !
Waiting for OK message !
listen through vt-tcp !
Accept through vt-tcp !
Successfully received OK message !

---------------- Waiting for higher ranked nodes to connect --------------
listen through vt-tcp !
Accepting connection from higher ranked node: 15
Accept through vt-tcp !
Entering time-wait from FIN_WAIT_2
Clearing all tcp timers !
Adding TcpLinger !
Accepted connection from higher ranked node: 15
Successfully connected with higher ranked node: 15
Accepting connection from higher ranked node: 14
Accept through vt-tcp !
Accepted connection from higher ranked node: 14
Successfully connected with higher ranked node: 14
Accepting connection from higher ranked node: 13
Accept through vt-tcp !
Accepted connection from higher ranked node: 13
Successfully connected with higher ranked node: 13
Accepting connection from higher ranked node: 12
Accept through vt-tcp !
Accepted connection from higher ranked node: 12
Successfully connected with higher ranked node: 12
Accepting connection from higher ranked node: 11
Accept through vt-tcp !
Accepted connection from higher ranked node: 11
Successfully connected with higher ranked node: 11
Accepting connection from higher ranked node: 10
Accept through vt-tcp !
Accepted connection from higher ranked node: 10
Successfully connected with higher ranked node: 10
Closing server socket: 4097
Clearing all tcp timers !
TCP-done for socket: 4097, err: -103

---------------- Connecting to lowed ranked nodes ! --------------
Adding new vt-tcp-socket !
Creating vt-tcp socket !
Connecting to lower ranked node: 8 at 10.1.0.198:10000
Connecting .. Socket: 4105, src-port: 40001
Socket: 4097 garbage collection
Freeing socket: 4097
Waking up connected socket !
Socket connect success. socket = 4105
Connecting through vt-tcp success !
Successfully connected to lower ranked node: 8 at 10.1.0.198:10000
Adding new vt-tcp-socket !
Creating vt-tcp socket !
Connecting to lower ranked node: 7 at 10.1.0.194:10000
Connecting .. Socket: 4106, src-port: 40002
Waking up connected socket !
Socket connect success. socket = 4106
Connecting through vt-tcp success !
Successfully connected to lower ranked node: 7 at 10.1.0.194:10000
Adding new vt-tcp-socket !
Creating vt-tcp socket !
Connecting to lower ranked node: 6 at 10.1.0.190:10000
Connecting .. Socket: 4107, src-port: 40003
Waking up connected socket !
Socket connect success. socket = 4107
Connecting through vt-tcp success !
Successfully connected to lower ranked node: 6 at 10.1.0.190:10000
Adding new vt-tcp-socket !
Creating vt-tcp socket !
Connecting to lower ranked node: 5 at 10.1.0.186:10000
Connecting .. Socket: 4108, src-port: 40004
Waking up connected socket !
Socket connect success. socket = 4108
Connecting through vt-tcp success !
Successfully connected to lower ranked node: 5 at 10.1.0.186:10000
Adding new vt-tcp-socket !
Creating vt-tcp socket !
Connecting to lower ranked node: 4 at 10.1.0.182:10000
Connecting .. Socket: 4109, src-port: 40005
Waking up connected socket !
Socket connect success. socket = 4109
Connecting through vt-tcp success !
Successfully connected to lower ranked node: 4 at 10.1.0.182:10000
Adding new vt-tcp-socket !
Creating vt-tcp socket !
Connecting to lower ranked node: 3 at 10.1.0.130:10000
Connecting .. Socket: 4110, src-port: 40006
Waking up connected socket !
Socket connect success. socket = 4110
Connecting through vt-tcp success !
Successfully connected to lower ranked node: 3 at 10.1.0.130:10000
Adding new vt-tcp-socket !
Creating vt-tcp socket !
Connecting to lower ranked node: 2 at 10.1.0.138:10000
Connecting .. Socket: 4111, src-port: 40007
Waking up connected socket !
Socket connect success. socket = 4111
Connecting through vt-tcp success !
Successfully connected to lower ranked node: 2 at 10.1.0.138:10000
Adding new vt-tcp-socket !
Creating vt-tcp socket !
Connecting to lower ranked node: 1 at 10.1.0.142:10000
Connecting .. Socket: 4112, src-port: 40008
Waking up connected socket !
Socket connect success. socket = 4112
Connecting through vt-tcp success !
Successfully connected to lower ranked node: 1 at 10.1.0.142:10000
Adding new vt-tcp-socket !
Creating vt-tcp socket !
Connecting to lower ranked node: 0 at 10.1.0.146:10000
Connecting .. Socket: 4113, src-port: 40009
Waking up connected socket !
Socket connect success. socket = 4113
Connecting through vt-tcp success !
Successfully connected to lower ranked node: 0 at 10.1.0.146:10000

---------------- Creating listen Thread ! --------------

---------------- MPI-Init success ! --------------
Waiting to receive partition information from master !
Adding new Thread: 8
Signal Burst Completion: Flushing Data Cache !
Resuming new Thread with Burst of length: 5400
Trigger syscall finish: 6, currActiveThreadID = 8, myThreadID = 6. Flushing Data Cache !
Process 9 computing itegral over my_a = 15.333333, my_b= 16.000000
Called SetLoopLookahead: init: 0, final: 100000000, step: 1, loopDepth: 0, cumulative-num-iterations: 100000000, look-ahead-ns: 481481472
tcp-linger 
Clearing all tcp timers !
TCP-done for socket: 4098, err: -110
Socket: 4098 garbage collection
Freeing socket: 4098
Before rcv-wnd: seq: 1, rcv_nxt: 5
Before rcv-wnd: seq: 1, rcv_nxt: 5
Before rcv-wnd: seq: 1, rcv_nxt: 5
Before rcv-wnd: seq: 1, rcv_nxt: 5
Avg-Compute-Communication-Ratio = 4150.629310
Process 9 contributed MY_TOTAL = 2.265301, my_a = 15.333333, my_b= 16.000000
Integral: 0 computed

------------------------------------------------------------------------------
Waiting to receive partition information from master !
Process 9 computing itegral over my_a = 25.333333, my_b= 26.000000
Called SetLoopLookahead: init: 0, final: 100000000, step: 1, loopDepth: 0, cumulative-num-iterations: 100000000, look-ahead-ns: 481481472
Avg-Compute-Communication-Ratio = 3979.128099
Process 9 contributed MY_TOTAL = 8.530266, my_a = 25.333333, my_b= 26.000000
Integral: 1 computed

------------------------------------------------------------------------------
Waiting to receive partition information from master !
Process 9 computing itegral over my_a = 35.333333, my_b= 36.000000
Called SetLoopLookahead: init: 0, final: 100000000, step: 1, loopDepth: 0, cumulative-num-iterations: 100000000, look-ahead-ns: 481481472
Avg-Compute-Communication-Ratio = 3914.433604
Process 9 contributed MY_TOTAL = 0.610726, my_a = 35.333333, my_b= 36.000000
Integral: 2 computed

------------------------------------------------------------------------------
Waiting to receive partition information from master !
Process 9 computing itegral over my_a = 45.333333, my_b= 46.000000
Called SetLoopLookahead: init: 0, final: 100000000, step: 1, loopDepth: 0, cumulative-num-iterations: 100000000, look-ahead-ns: 481481472
Avg-Compute-Communication-Ratio = 3844.115768
Process 9 contributed MY_TOTAL = 33.792023, my_a = 45.333333, my_b= 46.000000
Integral: 3 computed

------------------------------------------------------------------------------
Waiting to receive partition information from master !
Process 9 computing itegral over my_a = 55.333333, my_b= 56.000000
Called SetLoopLookahead: init: 0, final: 100000000, step: 1, loopDepth: 0, cumulative-num-iterations: 100000000, look-ahead-ns: 481481472
Avg-Compute-Communication-Ratio = 3833.406051
Process 9 contributed MY_TOTAL = 11.986643, my_a = 55.333333, my_b= 56.000000
Integral: 4 computed

------------------------------------------------------------------------------
Waiting to receive partition information from master !
Process 9 computing itegral over my_a = 65.333333, my_b= 66.000000
Called SetLoopLookahead: init: 0, final: 100000000, step: 1, loopDepth: 0, cumulative-num-iterations: 100000000, look-ahead-ns: 481481472
Avg-Compute-Communication-Ratio = 3821.236772
Process 9 contributed MY_TOTAL = 84.161387, my_a = 65.333333, my_b= 66.000000
Integral: 5 computed

------------------------------------------------------------------------------
Waiting to receive partition information from master !
Process 9 computing itegral over my_a = 75.333333, my_b= 76.000000
Called SetLoopLookahead: init: 0, final: 100000000, step: 1, loopDepth: 0, cumulative-num-iterations: 100000000, look-ahead-ns: 481481472
Avg-Compute-Communication-Ratio = 3816.909400
Process 9 contributed MY_TOTAL = 74.397944, my_a = 75.333333, my_b= 76.000000
Integral: 6 computed

------------------------------------------------------------------------------
Waiting to receive partition information from master !
Process 9 computing itegral over my_a = 85.333333, my_b= 86.000000
Called SetLoopLookahead: init: 0, final: 100000000, step: 1, loopDepth: 0, cumulative-num-iterations: 100000000, look-ahead-ns: 481481472
Avg-Compute-Communication-Ratio = 3813.671287
Process 9 contributed MY_TOTAL = 5.421551, my_a = 85.333333, my_b= 86.000000
Integral: 7 computed

------------------------------------------------------------------------------
Waiting to receive partition information from master !
Process 9 computing itegral over my_a = 95.333333, my_b= 96.000000
Called SetLoopLookahead: init: 0, final: 100000000, step: 1, loopDepth: 0, cumulative-num-iterations: 100000000, look-ahead-ns: 481481472
Avg-Compute-Communication-Ratio = 3794.469352
Process 9 contributed MY_TOTAL = 149.590079, my_a = 95.333333, my_b= 96.000000
Integral: 8 computed

------------------------------------------------------------------------------
Waiting to receive partition information from master !
Process 9 computing itegral over my_a = 105.333333, my_b= 106.000000
Called SetLoopLookahead: init: 0, final: 100000000, step: 1, loopDepth: 0, cumulative-num-iterations: 100000000, look-ahead-ns: 481481472
Avg-Compute-Communication-Ratio = 3794.137904
Process 9 contributed MY_TOTAL = 45.300301, my_a = 105.333333, my_b= 106.000000
Integral: 9 computed

------------------------------------------------------------------------------
Waiting to receive partition information from master !
Process 9 computing itegral over my_a = 115.333333, my_b= 116.000000
Called SetLoopLookahead: init: 0, final: 100000000, step: 1, loopDepth: 0, cumulative-num-iterations: 100000000, look-ahead-ns: 481481472
Avg-Compute-Communication-Ratio = 3796.585663
Process 9 contributed MY_TOTAL = 262.798835, my_a = 115.333333, my_b= 116.000000
Integral: 10 computed

------------------------------------------------------------------------------
Waiting to receive partition information from master !
Process 9 computing itegral over my_a = 125.333333, my_b= 126.000000
Called SetLoopLookahead: init: 0, final: 100000000, step: 1, loopDepth: 0, cumulative-num-iterations: 100000000, look-ahead-ns: 481481472
Avg-Compute-Communication-Ratio = 3791.150262
Process 9 contributed MY_TOTAL = 208.647622, my_a = 125.333333, my_b= 126.000000
Integral: 11 computed

------------------------------------------------------------------------------
Waiting to receive partition information from master !
Process 9 computing itegral over my_a = 135.333333, my_b= 136.000000
Called SetLoopLookahead: init: 0, final: 100000000, step: 1, loopDepth: 0, cumulative-num-iterations: 100000000, look-ahead-ns: 481481472
Avg-Compute-Communication-Ratio = 3786.563823
Process 9 contributed MY_TOTAL = 18.400518, my_a = 135.333333, my_b= 136.000000
Integral: 12 computed

------------------------------------------------------------------------------
Waiting to receive partition information from master !
Process 9 computing itegral over my_a = 145.333333, my_b= 146.000000
Called SetLoopLookahead: init: 0, final: 100000000, step: 1, loopDepth: 0, cumulative-num-iterations: 100000000, look-ahead-ns: 481481472
Avg-Compute-Communication-Ratio = 3789.019674
Process 9 contributed MY_TOTAL = 351.572494, my_a = 145.333333, my_b= 146.000000
Integral: 13 computed

------------------------------------------------------------------------------
Waiting to receive partition information from master !
Process 9 computing itegral over my_a = 155.333333, my_b= 156.000000
Called SetLoopLookahead: init: 0, final: 100000000, step: 1, loopDepth: 0, cumulative-num-iterations: 100000000, look-ahead-ns: 481481472
Avg-Compute-Communication-Ratio = 3785.190252
Process 9 contributed MY_TOTAL = 105.761090, my_a = 155.333333, my_b= 156.000000
Integral: 14 computed

------------------------------------------------------------------------------
Waiting to receive partition information from master !
Process 9 computing itegral over my_a = 165.333333, my_b= 166.000000
Called SetLoopLookahead: init: 0, final: 100000000, step: 1, loopDepth: 0, cumulative-num-iterations: 100000000, look-ahead-ns: 481481472
Avg-Compute-Communication-Ratio = 3787.423304
Process 9 contributed MY_TOTAL = 546.832110, my_a = 165.333333, my_b= 166.000000
Integral: 15 computed

------------------------------------------------------------------------------
Waiting to receive partition information from master !
Process 9 computing itegral over my_a = 175.333333, my_b= 176.000000
Called SetLoopLookahead: init: 0, final: 100000000, step: 1, loopDepth: 0, cumulative-num-iterations: 100000000, look-ahead-ns: 481481472
Avg-Compute-Communication-Ratio = 3780.644342
Process 9 contributed MY_TOTAL = 415.206291, my_a = 175.333333, my_b= 176.000000
Integral: 16 computed

------------------------------------------------------------------------------
Waiting to receive partition information from master !
Process 9 computing itegral over my_a = 185.333333, my_b= 186.000000
Called SetLoopLookahead: init: 0, final: 100000000, step: 1, loopDepth: 0, cumulative-num-iterations: 100000000, look-ahead-ns: 481481472
Avg-Compute-Communication-Ratio = 3784.529258
Process 9 contributed MY_TOTAL = 41.663174, my_a = 185.333333, my_b= 186.000000
Integral: 17 computed

------------------------------------------------------------------------------
Waiting to receive partition information from master !
Process 9 computing itegral over my_a = 195.333333, my_b= 196.000000
Called SetLoopLookahead: init: 0, final: 100000000, step: 1, loopDepth: 0, cumulative-num-iterations: 100000000, look-ahead-ns: 481481472
Avg-Compute-Communication-Ratio = 3780.185124
Process 9 contributed MY_TOTAL = 643.666258, my_a = 195.333333, my_b= 196.000000
Integral: 18 computed

------------------------------------------------------------------------------
Waiting to receive partition information from master !
Process 9 computing itegral over my_a = 205.333333, my_b= 206.000000
Called SetLoopLookahead: init: 0, final: 100000000, step: 1, loopDepth: 0, cumulative-num-iterations: 100000000, look-ahead-ns: 481481472
Avg-Compute-Communication-Ratio = 3777.765790
Process 9 contributed MY_TOTAL = 195.531053, my_a = 205.333333, my_b= 206.000000
Integral: 19 computed

------------------------------------------------------------------------------
Waiting to receive partition information from master !
Process 9 computing itegral over my_a = 215.333333, my_b= 216.000000
Called SetLoopLookahead: init: 0, final: 100000000, step: 1, loopDepth: 0, cumulative-num-iterations: 100000000, look-ahead-ns: 481481472
Exp finishing. Stopping stack thread with id: 6!

------------------------- ACTUAL STDOUT FROM EXECUTABLE ENDED -----------------------------

Process: 6 exiting VT experiment !
Main thread exiting. PID = 6
