Attempting to set static arp entries ...
Tracer: 17 >> Using SRC IP: 10.1.37.146 for any spawned virtual tcp-stacks
Tracer: 17 >> Updating firewall rules to drop outgoing TCP-RST packets
Attempting to set firewall rules ...
Tracer: 17 >> CMD TO RUN: /home/vignesh/VT-S3FNet/csudp/mpi_integral/mpi_int 16 21 10.1.37.146 > /home/vignesh/VT-S3FNet/experiment-data/MPI_LA_Disabled_nemus_21_mpi_int/worker16.log
args[0] = /home/vignesh/VT-S3FNet/csudp/mpi_integral/mpi_int
args[1] = 16
args[2] = 21
args[3] = 10.1.37.146
Setting appropriate environment variables ...
HOME DIRECTORY : /home/vignesh
Parsing TTN config file: /home/vignesh/.ttn/projects.db
Setting VT_L1_INS_CACHE_MISS_CYCLES to: 100
Setting VT_L1_INS_CACHE_LINES to: 64
Setting VT_L1_INS_CACHE_SIZE_KB to: 32
Setting VT_L1_INS_CACHE_ASSOC to: 8
Setting VT_L1_INS_CACHE_REPLACEMENT_POLICY to: LRU
Setting VT_L1_DATA_CACHE_MISS_CYCLES to: 100
Setting VT_L1_DATA_CACHE_LINES to: 64
Setting VT_L1_DATA_CACHE_SIZE_KB to: 32
Setting VT_L1_DATA_CACHE_ASSOC to: 8
Setting VT_L1_DATA_CACHE_REPLACEMENT_POLICY to: LRU
Setting VT_CPU_CYLES_NS to: 2.700000
Setting VT_NIC_SPEED_MBPS to: 1000.000000
Setting VT_TIMING_MODEL to: EMPIRICAL
Setting VT_BBL_LOOKAHEAD_FILE to: /home/vignesh/VT-S3FNet/csudp/mpi_integral/.ttn/lookahead/bbl_lookahead.info
Setting VT_LOOP_LOOKAHEAD_FILE to: /home/vignesh/VT-S3FNet/csudp/mpi_integral/.ttn/lookahead/loop_lookahead.info
Starting command: /home/vignesh/VT-S3FNet/csudp/mpi_integral/mpi_int
Loading orig functions !
Starting executable with Pid = 6
Loading pointers to VTL Logic functions
Loaded pointers to all VTL Logic functions
Now Initializing VT-Management 
Extracting env variables !
Extracted tracer-id: 17
Extracted exp-type: 2
Extracted cpu-cycles-ns: 2.700000
Extracted socket-layer-ip: -1843068662
Starting VT-initialization !
Tracer-ID: 17, Timeline-ID: 17
Tracer registration for EXP_CS complete. TimelineID = 17, Return = 17
Tracer Adding to SQ. Tracer ID = 17
Parsing any provided lookahead information ...
Opening file: /home/vignesh/VT-S3FNet/csudp/mpi_integral/.ttn/lookahead/bbl_lookahead.info
File size: 176
mapped memblock size: 176
Finish offset: 18, Number of values: 18
Returning success !
Loaded BBL lookaheads for 18 basic blocks ...
Opening file: /home/vignesh/VT-S3FNet/csudp/mpi_integral/.ttn/lookahead/loop_lookahead.info
File size: 40
mapped memblock size: 40
Finish offset: 1, Number of values: 1
Returning success !
Loaded Loop lookaheads for 1 loops ...
VT initialization successfull !
Finished Initializing VT-Management 
Initializing TCP-stack ...
TCP stack unique-id: 176
Starting virtual socket layer stack-thread !
Pthread_create: vtStackThread special case
Successfully initialized VTL-Logic embedded into the executable

------------------------- ACTUAL STDOUT FROM EXECUTABLE STARTS -----------------------------

Rank = 16, Total = 21, IP = 10.1.37.146
Adding new vt-tcp-socket !
Creating vt-tcp socket !
bind through vt-tcp !
Server socket bound to ip:port: 10.1.37.146:10000
Waiting for OK message from other nodes !
Waiting for OK message !
listen through vt-tcp !
Accept through vt-tcp !
Successfully received OK message !

---------------- Waiting for higher ranked nodes to connect --------------
listen through vt-tcp !
Accepting connection from higher ranked node: 20
Accept through vt-tcp !
Entering time-wait from FIN_WAIT_2
Clearing all tcp timers !
Adding TcpLinger !
Accepted connection from higher ranked node: 20
Successfully connected with higher ranked node: 20
Accepting connection from higher ranked node: 19
Accept through vt-tcp !
Accepted connection from higher ranked node: 19
Successfully connected with higher ranked node: 19
Accepting connection from higher ranked node: 18
Accept through vt-tcp !
Accepted connection from higher ranked node: 18
Successfully connected with higher ranked node: 18
Accepting connection from higher ranked node: 17
Accept through vt-tcp !
Accepted connection from higher ranked node: 17
Successfully connected with higher ranked node: 17
Closing server socket: 4097
Clearing all tcp timers !
TCP-done for socket: 4097, err: -103

---------------- Connecting to lowed ranked nodes ! --------------
Adding new vt-tcp-socket !
Creating vt-tcp socket !
Connecting to lower ranked node: 15 at 10.1.37.150:10000
Connecting .. Socket: 4103, src-port: 40001
Socket: 4097 garbage collection
Freeing socket: 4097
Waking up connected socket !
Socket connect success. socket = 4103
Connecting through vt-tcp success !
Successfully connected to lower ranked node: 15 at 10.1.37.150:10000
Adding new vt-tcp-socket !
Creating vt-tcp socket !
Connecting to lower ranked node: 14 at 10.1.37.154:10000
Connecting .. Socket: 4104, src-port: 40002
Waking up connected socket !
Socket connect success. socket = 4104
Connecting through vt-tcp success !
Successfully connected to lower ranked node: 14 at 10.1.37.154:10000
Adding new vt-tcp-socket !
Creating vt-tcp socket !
Connecting to lower ranked node: 13 at 10.1.37.158:10000
Connecting .. Socket: 4105, src-port: 40003
Waking up connected socket !
Socket connect success. socket = 4105
Connecting through vt-tcp success !
Successfully connected to lower ranked node: 13 at 10.1.37.158:10000
Adding new vt-tcp-socket !
Creating vt-tcp socket !
Connecting to lower ranked node: 12 at 10.1.37.126:10000
Connecting .. Socket: 4106, src-port: 40004
Waking up connected socket !
Socket connect success. socket = 4106
Connecting through vt-tcp success !
Successfully connected to lower ranked node: 12 at 10.1.37.126:10000
Adding new vt-tcp-socket !
Creating vt-tcp socket !
Connecting to lower ranked node: 11 at 10.1.37.166:10000
Connecting .. Socket: 4107, src-port: 40005
Waking up connected socket !
Socket connect success. socket = 4107
Connecting through vt-tcp success !
Successfully connected to lower ranked node: 11 at 10.1.37.166:10000
Adding new vt-tcp-socket !
Creating vt-tcp socket !
Connecting to lower ranked node: 10 at 10.1.37.170:10000
Connecting .. Socket: 4108, src-port: 40006
Waking up connected socket !
Socket connect success. socket = 4108
Connecting through vt-tcp success !
Successfully connected to lower ranked node: 10 at 10.1.37.170:10000
Adding new vt-tcp-socket !
Creating vt-tcp socket !
Connecting to lower ranked node: 9 at 10.1.37.174:10000
Connecting .. Socket: 4109, src-port: 40007
Waking up connected socket !
Socket connect success. socket = 4109
Connecting through vt-tcp success !
Successfully connected to lower ranked node: 9 at 10.1.37.174:10000
Adding new vt-tcp-socket !
Creating vt-tcp socket !
Connecting to lower ranked node: 8 at 10.1.37.178:10000
Connecting .. Socket: 4110, src-port: 40008
Waking up connected socket !
Socket connect success. socket = 4110
Connecting through vt-tcp success !
Successfully connected to lower ranked node: 8 at 10.1.37.178:10000
Adding new vt-tcp-socket !
Creating vt-tcp socket !
Connecting to lower ranked node: 7 at 10.1.37.182:10000
Connecting .. Socket: 4111, src-port: 40009
Waking up connected socket !
Socket connect success. socket = 4111
Connecting through vt-tcp success !
Successfully connected to lower ranked node: 7 at 10.1.37.182:10000
Adding new vt-tcp-socket !
Creating vt-tcp socket !
Connecting to lower ranked node: 6 at 10.1.37.186:10000
Connecting .. Socket: 4112, src-port: 40010
Waking up connected socket !
Socket connect success. socket = 4112
Connecting through vt-tcp success !
Successfully connected to lower ranked node: 6 at 10.1.37.186:10000
Adding new vt-tcp-socket !
Creating vt-tcp socket !
Connecting to lower ranked node: 5 at 10.1.37.190:10000
Connecting .. Socket: 4113, src-port: 40011
Waking up connected socket !
Socket connect success. socket = 4113
Connecting through vt-tcp success !
Successfully connected to lower ranked node: 5 at 10.1.37.190:10000
Adding new vt-tcp-socket !
Creating vt-tcp socket !
Connecting to lower ranked node: 4 at 10.1.37.94:10000
Connecting .. Socket: 4114, src-port: 40012
Waking up connected socket !
Socket connect success. socket = 4114
Connecting through vt-tcp success !
Successfully connected to lower ranked node: 4 at 10.1.37.94:10000
Adding new vt-tcp-socket !
Creating vt-tcp socket !
Connecting to lower ranked node: 3 at 10.1.37.62:10000
Connecting .. Socket: 4115, src-port: 40013
Waking up connected socket !
Socket connect success. socket = 4115
Connecting through vt-tcp success !
Successfully connected to lower ranked node: 3 at 10.1.37.62:10000
Adding new vt-tcp-socket !
Creating vt-tcp socket !
Connecting to lower ranked node: 2 at 10.1.37.66:10000
Connecting .. Socket: 4116, src-port: 40014
Waking up connected socket !
Socket connect success. socket = 4116
Connecting through vt-tcp success !
Successfully connected to lower ranked node: 2 at 10.1.37.66:10000
Adding new vt-tcp-socket !
Creating vt-tcp socket !
Connecting to lower ranked node: 1 at 10.1.37.70:10000
Connecting .. Socket: 4117, src-port: 40015
Waking up connected socket !
Socket connect success. socket = 4117
Connecting through vt-tcp success !
Successfully connected to lower ranked node: 1 at 10.1.37.70:10000
Adding new vt-tcp-socket !
Creating vt-tcp socket !
Connecting to lower ranked node: 0 at 10.1.37.74:10000
Connecting .. Socket: 4118, src-port: 40016
Waking up connected socket !
Socket connect success. socket = 4118
Connecting through vt-tcp success !
Successfully connected to lower ranked node: 0 at 10.1.37.74:10000

---------------- Creating listen Thread ! --------------

---------------- MPI-Init success ! --------------
Waiting to receive partition information from master !
Adding new Thread: 8
Signal Burst Completion: Flushing Data Cache !
Resuming new Thread with Burst of length: 5400
Trigger syscall finish: 6, currActiveThreadID = 8, myThreadID = 6. Flushing Data Cache !
Process 16 computing itegral over my_a = 17.500000, my_b= 18.000000
Called SetLoopLookahead: init: 0, final: 100000000, step: 1, loopDepth: 0, cumulative-num-iterations: 100000000, look-ahead-ns: 518518496
tcp-linger 
Clearing all tcp timers !
TCP-done for socket: 4098, err: -110
Socket: 4098 garbage collection
Freeing socket: 4098
tcp-rto: snd_una: 1, rto: 400, backoff: 1, sock-fd = 4107
tcp-rto: snd_una: 1, rto: 400, backoff: 1, sock-fd = 4108
tcp-rto: snd_una: 1, rto: 400, backoff: 1, sock-fd = 4114
Avg-Compute-Communication-Ratio = 1919.014815
Process 16 contributed MY_TOTAL = 1.768562, my_a = 17.500000, my_b= 18.000000
Integral: 0 computed

------------------------------------------------------------------------------
Waiting to receive partition information from master !
Process 16 computing itegral over my_a = 27.500000, my_b= 28.000000
Called SetLoopLookahead: init: 0, final: 100000000, step: 1, loopDepth: 0, cumulative-num-iterations: 100000000, look-ahead-ns: 518518496
Avg-Compute-Communication-Ratio = 2355.154545
Process 16 contributed MY_TOTAL = 4.279480, my_a = 27.500000, my_b= 28.000000
Integral: 1 computed

------------------------------------------------------------------------------
Waiting to receive partition information from master !
Process 16 computing itegral over my_a = 37.500000, my_b= 38.000000
Called SetLoopLookahead: init: 0, final: 100000000, step: 1, loopDepth: 0, cumulative-num-iterations: 100000000, look-ahead-ns: 518518496
Avg-Compute-Communication-Ratio = 2573.513245
Process 16 contributed MY_TOTAL = 7.882101, my_a = 37.500000, my_b= 38.000000
Integral: 2 computed

------------------------------------------------------------------------------
Waiting to receive partition information from master !
Process 16 computing itegral over my_a = 47.500000, my_b= 48.000000
Called SetLoopLookahead: init: 0, final: 100000000, step: 1, loopDepth: 0, cumulative-num-iterations: 100000000, look-ahead-ns: 518518496
Avg-Compute-Communication-Ratio = 2705.660574
Process 16 contributed MY_TOTAL = 12.576426, my_a = 47.500000, my_b= 48.000000
Integral: 3 computed

------------------------------------------------------------------------------
Waiting to receive partition information from master !
Process 16 computing itegral over my_a = 57.500000, my_b= 58.000000
Called SetLoopLookahead: init: 0, final: 100000000, step: 1, loopDepth: 0, cumulative-num-iterations: 100000000, look-ahead-ns: 518518496
Avg-Compute-Communication-Ratio = 2750.180467
Process 16 contributed MY_TOTAL = 18.362454, my_a = 57.500000, my_b= 58.000000
Integral: 4 computed

------------------------------------------------------------------------------
Waiting to receive partition information from master !
Process 16 computing itegral over my_a = 67.500000, my_b= 68.000000
Called SetLoopLookahead: init: 0, final: 100000000, step: 1, loopDepth: 0, cumulative-num-iterations: 100000000, look-ahead-ns: 518518496
Avg-Compute-Communication-Ratio = 2800.724324
Process 16 contributed MY_TOTAL = 25.240186, my_a = 67.500000, my_b= 68.000000
Integral: 5 computed

------------------------------------------------------------------------------
Waiting to receive partition information from master !
Process 16 computing itegral over my_a = 77.500000, my_b= 78.000000
Called SetLoopLookahead: init: 0, final: 100000000, step: 1, loopDepth: 0, cumulative-num-iterations: 100000000, look-ahead-ns: 518518496
Avg-Compute-Communication-Ratio = 2851.366352
Process 16 contributed MY_TOTAL = 33.209621, my_a = 77.500000, my_b= 78.000000
Integral: 6 computed

------------------------------------------------------------------------------
Waiting to receive partition information from master !
Process 16 computing itegral over my_a = 87.500000, my_b= 88.000000
Called SetLoopLookahead: init: 0, final: 100000000, step: 1, loopDepth: 0, cumulative-num-iterations: 100000000, look-ahead-ns: 518518496
Avg-Compute-Communication-Ratio = 2882.525730
Process 16 contributed MY_TOTAL = 42.270759, my_a = 87.500000, my_b= 88.000000
Integral: 7 computed

------------------------------------------------------------------------------
Waiting to receive partition information from master !
Process 16 computing itegral over my_a = 97.500000, my_b= 98.000000
Called SetLoopLookahead: init: 0, final: 100000000, step: 1, loopDepth: 0, cumulative-num-iterations: 100000000, look-ahead-ns: 518518496
Avg-Compute-Communication-Ratio = 2903.615193
Process 16 contributed MY_TOTAL = 52.423601, my_a = 97.500000, my_b= 98.000000
Integral: 8 computed

------------------------------------------------------------------------------
Waiting to receive partition information from master !
Process 16 computing itegral over my_a = 107.500000, my_b= 108.000000
Called SetLoopLookahead: init: 0, final: 100000000, step: 1, loopDepth: 0, cumulative-num-iterations: 100000000, look-ahead-ns: 518518496
Avg-Compute-Communication-Ratio = 2910.865169
Process 16 contributed MY_TOTAL = 63.668147, my_a = 107.500000, my_b= 108.000000
Integral: 9 computed

------------------------------------------------------------------------------
Waiting to receive partition information from master !
Process 16 computing itegral over my_a = 117.500000, my_b= 118.000000
Called SetLoopLookahead: init: 0, final: 100000000, step: 1, loopDepth: 0, cumulative-num-iterations: 100000000, look-ahead-ns: 518518496
Avg-Compute-Communication-Ratio = 2931.828189
Process 16 contributed MY_TOTAL = 76.004396, my_a = 117.500000, my_b= 118.000000
Integral: 10 computed

------------------------------------------------------------------------------
Waiting to receive partition information from master !
Process 16 computing itegral over my_a = 127.500000, my_b= 128.000000
Called SetLoopLookahead: init: 0, final: 100000000, step: 1, loopDepth: 0, cumulative-num-iterations: 100000000, look-ahead-ns: 518518496
Avg-Compute-Communication-Ratio = 2946.733649
Process 16 contributed MY_TOTAL = 89.432348, my_a = 127.500000, my_b= 128.000000
Integral: 11 computed

------------------------------------------------------------------------------
Waiting to receive partition information from master !
Process 16 computing itegral over my_a = 137.500000, my_b= 138.000000
Called SetLoopLookahead: init: 0, final: 100000000, step: 1, loopDepth: 0, cumulative-num-iterations: 100000000, look-ahead-ns: 518518496
Avg-Compute-Communication-Ratio = 2962.067722
Process 16 contributed MY_TOTAL = 103.952004, my_a = 137.500000, my_b= 138.000000
Integral: 12 computed

------------------------------------------------------------------------------
Waiting to receive partition information from master !
Process 16 computing itegral over my_a = 147.500000, my_b= 148.000000
Called SetLoopLookahead: init: 0, final: 100000000, step: 1, loopDepth: 0, cumulative-num-iterations: 100000000, look-ahead-ns: 518518496
Avg-Compute-Communication-Ratio = 2970.465192
Process 16 contributed MY_TOTAL = 119.563363, my_a = 147.500000, my_b= 148.000000
Integral: 13 computed

------------------------------------------------------------------------------
Waiting to receive partition information from master !
Process 16 computing itegral over my_a = 157.500000, my_b= 158.000000
Called SetLoopLookahead: init: 0, final: 100000000, step: 1, loopDepth: 0, cumulative-num-iterations: 100000000, look-ahead-ns: 518518496
Avg-Compute-Communication-Ratio = 2975.501531
Process 16 contributed MY_TOTAL = 136.266426, my_a = 157.500000, my_b= 158.000000
Integral: 14 computed

------------------------------------------------------------------------------
Waiting to receive partition information from master !
Process 16 computing itegral over my_a = 167.500000, my_b= 168.000000
Called SetLoopLookahead: init: 0, final: 100000000, step: 1, loopDepth: 0, cumulative-num-iterations: 100000000, look-ahead-ns: 518518496
Avg-Compute-Communication-Ratio = 2984.213103
Process 16 contributed MY_TOTAL = 154.061192, my_a = 167.500000, my_b= 168.000000
Integral: 15 computed

------------------------------------------------------------------------------
Waiting to receive partition information from master !
Process 16 computing itegral over my_a = 177.500000, my_b= 178.000000
Called SetLoopLookahead: init: 0, final: 100000000, step: 1, loopDepth: 0, cumulative-num-iterations: 100000000, look-ahead-ns: 518518496
Avg-Compute-Communication-Ratio = 2996.012925
Process 16 contributed MY_TOTAL = 172.947662, my_a = 177.500000, my_b= 178.000000
Integral: 16 computed

------------------------------------------------------------------------------
Waiting to receive partition information from master !
Process 16 computing itegral over my_a = 187.500000, my_b= 188.000000
Called SetLoopLookahead: init: 0, final: 100000000, step: 1, loopDepth: 0, cumulative-num-iterations: 100000000, look-ahead-ns: 518518496
Avg-Compute-Communication-Ratio = 3006.580271
Process 16 contributed MY_TOTAL = 192.925835, my_a = 187.500000, my_b= 188.000000
Integral: 17 computed

------------------------------------------------------------------------------
Waiting to receive partition information from master !
Process 16 computing itegral over my_a = 197.500000, my_b= 198.000000
Called SetLoopLookahead: init: 0, final: 100000000, step: 1, loopDepth: 0, cumulative-num-iterations: 100000000, look-ahead-ns: 518518496
Avg-Compute-Communication-Ratio = 3006.886378
Process 16 contributed MY_TOTAL = 213.995711, my_a = 197.500000, my_b= 198.000000
Integral: 18 computed

------------------------------------------------------------------------------
Waiting to receive partition information from master !
Process 16 computing itegral over my_a = 207.500000, my_b= 208.000000
Called SetLoopLookahead: init: 0, final: 100000000, step: 1, loopDepth: 0, cumulative-num-iterations: 100000000, look-ahead-ns: 518518496
Exp finishing. Stopping stack thread with id: 6!

------------------------- ACTUAL STDOUT FROM EXECUTABLE ENDED -----------------------------

Process: 6 exiting VT experiment !
Main thread exiting. PID = 6
