Attempting to set static arp entries ...
Tracer: 10 >> Using SRC IP: 10.1.37.174 for any spawned virtual tcp-stacks
Tracer: 10 >> Updating firewall rules to drop outgoing TCP-RST packets
Attempting to set firewall rules ...
Tracer: 10 >> CMD TO RUN: /home/vignesh/VT-S3FNet/csudp/mpi_integral/mpi_int 9 21 10.1.37.174 > /home/vignesh/VT-S3FNet/experiment-data/MPI_LA_Disabled_nemus_21_mpi_int/worker9.log
args[0] = /home/vignesh/VT-S3FNet/csudp/mpi_integral/mpi_int
args[1] = 9
args[2] = 21
args[3] = 10.1.37.174
Setting appropriate environment variables ...
HOME DIRECTORY : /home/vignesh
Parsing TTN config file: /home/vignesh/.ttn/projects.db
Setting VT_L1_INS_CACHE_MISS_CYCLES to: 100
Setting VT_L1_INS_CACHE_LINES to: 64
Setting VT_L1_INS_CACHE_SIZE_KB to: 32
Setting VT_L1_INS_CACHE_ASSOC to: 8
Setting VT_L1_INS_CACHE_REPLACEMENT_POLICY to: LRU
Setting VT_L1_DATA_CACHE_MISS_CYCLES to: 100
Setting VT_L1_DATA_CACHE_LINES to: 64
Setting VT_L1_DATA_CACHE_SIZE_KB to: 32
Setting VT_L1_DATA_CACHE_ASSOC to: 8
Setting VT_L1_DATA_CACHE_REPLACEMENT_POLICY to: LRU
Setting VT_CPU_CYLES_NS to: 2.700000
Setting VT_NIC_SPEED_MBPS to: 1000.000000
Setting VT_TIMING_MODEL to: EMPIRICAL
Setting VT_BBL_LOOKAHEAD_FILE to: /home/vignesh/VT-S3FNet/csudp/mpi_integral/.ttn/lookahead/bbl_lookahead.info
Setting VT_LOOP_LOOKAHEAD_FILE to: /home/vignesh/VT-S3FNet/csudp/mpi_integral/.ttn/lookahead/loop_lookahead.info
Starting command: /home/vignesh/VT-S3FNet/csudp/mpi_integral/mpi_int
Loading orig functions !
Starting executable with Pid = 6
Loading pointers to VTL Logic functions
Loaded pointers to all VTL Logic functions
Now Initializing VT-Management 
Extracting env variables !
Extracted tracer-id: 10
Extracted exp-type: 2
Extracted cpu-cycles-ns: 2.700000
Extracted socket-layer-ip: -1373306614
Starting VT-initialization !
Tracer-ID: 10, Timeline-ID: 10
Tracer registration for EXP_CS complete. TimelineID = 10, Return = 10
Tracer Adding to SQ. Tracer ID = 10
Parsing any provided lookahead information ...
Opening file: /home/vignesh/VT-S3FNet/csudp/mpi_integral/.ttn/lookahead/bbl_lookahead.info
File size: 176
mapped memblock size: 176
Finish offset: 18, Number of values: 18
Returning success !
Loaded BBL lookaheads for 18 basic blocks ...
Opening file: /home/vignesh/VT-S3FNet/csudp/mpi_integral/.ttn/lookahead/loop_lookahead.info
File size: 40
mapped memblock size: 40
Finish offset: 1, Number of values: 1
Returning success !
Loaded Loop lookaheads for 1 loops ...
VT initialization successfull !
Finished Initializing VT-Management 
Initializing TCP-stack ...
TCP stack unique-id: 106
Starting virtual socket layer stack-thread !
Pthread_create: vtStackThread special case
Successfully initialized VTL-Logic embedded into the executable

------------------------- ACTUAL STDOUT FROM EXECUTABLE STARTS -----------------------------

Rank = 9, Total = 21, IP = 10.1.37.174
Adding new vt-tcp-socket !
Creating vt-tcp socket !
bind through vt-tcp !
Server socket bound to ip:port: 10.1.37.174:10000
Waiting for OK message from other nodes !
Waiting for OK message !
listen through vt-tcp !
Accept through vt-tcp !
Successfully received OK message !

---------------- Waiting for higher ranked nodes to connect --------------
listen through vt-tcp !
Accepting connection from higher ranked node: 20
Accept through vt-tcp !
Accepted connection from higher ranked node: 20
Successfully connected with higher ranked node: 20
Accepting connection from higher ranked node: 19
Accept through vt-tcp !
Accepted connection from higher ranked node: 19
Successfully connected with higher ranked node: 19
Accepting connection from higher ranked node: 18
Accept through vt-tcp !
Accepted connection from higher ranked node: 18
Successfully connected with higher ranked node: 18
Accepting connection from higher ranked node: 17
Accept through vt-tcp !
Accepted connection from higher ranked node: 17
Successfully connected with higher ranked node: 17
Accepting connection from higher ranked node: 16
Accept through vt-tcp !
Accepted connection from higher ranked node: 16
Successfully connected with higher ranked node: 16
Accepting connection from higher ranked node: 15
Accept through vt-tcp !
Accepted connection from higher ranked node: 15
Successfully connected with higher ranked node: 15
Accepting connection from higher ranked node: 14
Accept through vt-tcp !
Accepted connection from higher ranked node: 14
Successfully connected with higher ranked node: 14
Accepting connection from higher ranked node: 13
Accept through vt-tcp !
Accepted connection from higher ranked node: 13
Successfully connected with higher ranked node: 13
Accepting connection from higher ranked node: 12
Accept through vt-tcp !
Accepted connection from higher ranked node: 12
Successfully connected with higher ranked node: 12
Accepting connection from higher ranked node: 11
Accept through vt-tcp !
Accepted connection from higher ranked node: 11
Successfully connected with higher ranked node: 11
Accepting connection from higher ranked node: 10
Accept through vt-tcp !
Accepted connection from higher ranked node: 10
Successfully connected with higher ranked node: 10
Closing server socket: 4097
Clearing all tcp timers !
TCP-done for socket: 4097, err: -103

---------------- Connecting to lowed ranked nodes ! --------------
Adding new vt-tcp-socket !
Creating vt-tcp socket !
Connecting to lower ranked node: 8 at 10.1.37.178:10000
Connecting .. Socket: 4110, src-port: 40001
Socket: 4097 garbage collection
Freeing socket: 4097
Waking up connected socket !
Socket connect success. socket = 4110
Connecting through vt-tcp success !
Successfully connected to lower ranked node: 8 at 10.1.37.178:10000
Adding new vt-tcp-socket !
Creating vt-tcp socket !
Connecting to lower ranked node: 7 at 10.1.37.182:10000
Connecting .. Socket: 4111, src-port: 40002
Waking up connected socket !
Socket connect success. socket = 4111
Connecting through vt-tcp success !
Successfully connected to lower ranked node: 7 at 10.1.37.182:10000
Adding new vt-tcp-socket !
Creating vt-tcp socket !
Connecting to lower ranked node: 6 at 10.1.37.186:10000
Connecting .. Socket: 4112, src-port: 40003
Waking up connected socket !
Socket connect success. socket = 4112
Connecting through vt-tcp success !
Successfully connected to lower ranked node: 6 at 10.1.37.186:10000
Adding new vt-tcp-socket !
Creating vt-tcp socket !
Connecting to lower ranked node: 5 at 10.1.37.190:10000
Connecting .. Socket: 4113, src-port: 40004
Waking up connected socket !
Socket connect success. socket = 4113
Connecting through vt-tcp success !
Successfully connected to lower ranked node: 5 at 10.1.37.190:10000
Adding new vt-tcp-socket !
Creating vt-tcp socket !
Connecting to lower ranked node: 4 at 10.1.37.94:10000
Connecting .. Socket: 4114, src-port: 40005
Waking up connected socket !
Socket connect success. socket = 4114
Connecting through vt-tcp success !
Successfully connected to lower ranked node: 4 at 10.1.37.94:10000
Adding new vt-tcp-socket !
Creating vt-tcp socket !
Connecting to lower ranked node: 3 at 10.1.37.62:10000
Connecting .. Socket: 4115, src-port: 40006
Waking up connected socket !
Socket connect success. socket = 4115
Connecting through vt-tcp success !
Successfully connected to lower ranked node: 3 at 10.1.37.62:10000
Adding new vt-tcp-socket !
Creating vt-tcp socket !
Connecting to lower ranked node: 2 at 10.1.37.66:10000
Connecting .. Socket: 4116, src-port: 40007
Waking up connected socket !
Socket connect success. socket = 4116
Connecting through vt-tcp success !
Successfully connected to lower ranked node: 2 at 10.1.37.66:10000
Adding new vt-tcp-socket !
Creating vt-tcp socket !
Connecting to lower ranked node: 1 at 10.1.37.70:10000
Connecting .. Socket: 4117, src-port: 40008
Waking up connected socket !
Socket connect success. socket = 4117
Connecting through vt-tcp success !
Successfully connected to lower ranked node: 1 at 10.1.37.70:10000
Adding new vt-tcp-socket !
Creating vt-tcp socket !
Connecting to lower ranked node: 0 at 10.1.37.74:10000
Connecting .. Socket: 4118, src-port: 40009
Waking up connected socket !
Socket connect success. socket = 4118
Connecting through vt-tcp success !
Successfully connected to lower ranked node: 0 at 10.1.37.74:10000

---------------- Creating listen Thread ! --------------

---------------- MPI-Init success ! --------------
Waiting to receive partition information from master !
Adding new Thread: 8
Signal Burst Completion: Flushing Data Cache !
Resuming new Thread with Burst of length: 5400
Trigger syscall finish: 6, currActiveThreadID = 8, myThreadID = 6. Flushing Data Cache !
Process 9 computing itegral over my_a = 14.000000, my_b= 14.500000
Called SetLoopLookahead: init: 0, final: 100000000, step: 1, loopDepth: 0, cumulative-num-iterations: 100000000, look-ahead-ns: 518518496
tcp-rto: snd_una: 1, rto: 400, backoff: 1, sock-fd = 4113
tcp-rto: snd_una: 1, rto: 400, backoff: 1, sock-fd = 4116
Avg-Compute-Communication-Ratio = 2910.865168
Process 9 contributed MY_TOTAL = 1.147655, my_a = 14.000000, my_b= 14.500000
Integral: 0 computed

------------------------------------------------------------------------------
Waiting to receive partition information from master !
Process 9 computing itegral over my_a = 24.000000, my_b= 24.500000
Called SetLoopLookahead: init: 0, final: 100000000, step: 1, loopDepth: 0, cumulative-num-iterations: 100000000, look-ahead-ns: 518518496
Avg-Compute-Communication-Ratio = 2994.994220
Process 9 contributed MY_TOTAL = 3.276477, my_a = 24.000000, my_b= 24.500000
Integral: 1 computed

------------------------------------------------------------------------------
Waiting to receive partition information from master !
Process 9 computing itegral over my_a = 34.000000, my_b= 34.500000
Called SetLoopLookahead: init: 0, final: 100000000, step: 1, loopDepth: 0, cumulative-num-iterations: 100000000, look-ahead-ns: 518518496
Avg-Compute-Communication-Ratio = 3035.941406
Process 9 contributed MY_TOTAL = 6.497002, my_a = 34.000000, my_b= 34.500000
Integral: 2 computed

------------------------------------------------------------------------------
Waiting to receive partition information from master !
Process 9 computing itegral over my_a = 44.000000, my_b= 44.500000
Called SetLoopLookahead: init: 0, final: 100000000, step: 1, loopDepth: 0, cumulative-num-iterations: 100000000, look-ahead-ns: 518518496
Avg-Compute-Communication-Ratio = 3065.881657
Process 9 contributed MY_TOTAL = 10.809231, my_a = 44.000000, my_b= 44.500000
Integral: 3 computed

------------------------------------------------------------------------------
Waiting to receive partition information from master !
Process 9 computing itegral over my_a = 54.000000, my_b= 54.500000
Called SetLoopLookahead: init: 0, final: 100000000, step: 1, loopDepth: 0, cumulative-num-iterations: 100000000, look-ahead-ns: 518518496
Avg-Compute-Communication-Ratio = 3069.514218
Process 9 contributed MY_TOTAL = 16.213163, my_a = 54.000000, my_b= 54.500000
Integral: 4 computed

------------------------------------------------------------------------------
Waiting to receive partition information from master !
Process 9 computing itegral over my_a = 64.000000, my_b= 64.500000
Called SetLoopLookahead: init: 0, final: 100000000, step: 1, loopDepth: 0, cumulative-num-iterations: 100000000, look-ahead-ns: 518518496
Avg-Compute-Communication-Ratio = 3078.023762
Process 9 contributed MY_TOTAL = 22.708798, my_a = 64.000000, my_b= 64.500000
Integral: 5 computed

------------------------------------------------------------------------------
Waiting to receive partition information from master !
Process 9 computing itegral over my_a = 74.000000, my_b= 74.500000
Called SetLoopLookahead: init: 0, final: 100000000, step: 1, loopDepth: 0, cumulative-num-iterations: 100000000, look-ahead-ns: 518518496
Avg-Compute-Communication-Ratio = 3078.894737
Process 9 contributed MY_TOTAL = 30.296137, my_a = 74.000000, my_b= 74.500000
Integral: 6 computed

------------------------------------------------------------------------------
Waiting to receive partition information from master !
Process 9 computing itegral over my_a = 84.000000, my_b= 84.500000
Called SetLoopLookahead: init: 0, final: 100000000, step: 1, loopDepth: 0, cumulative-num-iterations: 100000000, look-ahead-ns: 518518496
Avg-Compute-Communication-Ratio = 3074.979229
Process 9 contributed MY_TOTAL = 38.975180, my_a = 84.000000, my_b= 84.500000
Integral: 7 computed

------------------------------------------------------------------------------
Waiting to receive partition information from master !
Process 9 computing itegral over my_a = 94.000000, my_b= 94.500000
Called SetLoopLookahead: init: 0, final: 100000000, step: 1, loopDepth: 0, cumulative-num-iterations: 100000000, look-ahead-ns: 518518496
Avg-Compute-Communication-Ratio = 3080.056803
Process 9 contributed MY_TOTAL = 48.745925, my_a = 94.000000, my_b= 94.500000
Integral: 8 computed

------------------------------------------------------------------------------
Waiting to receive partition information from master !
Process 9 computing itegral over my_a = 104.000000, my_b= 104.500000
Called SetLoopLookahead: init: 0, final: 100000000, step: 1, loopDepth: 0, cumulative-num-iterations: 100000000, look-ahead-ns: 518518496
Avg-Compute-Communication-Ratio = 3080.463734
Process 9 contributed MY_TOTAL = 59.608375, my_a = 104.000000, my_b= 104.500000
Integral: 9 computed

------------------------------------------------------------------------------
Waiting to receive partition information from master !
Process 9 computing itegral over my_a = 114.000000, my_b= 114.500000
Called SetLoopLookahead: init: 0, final: 100000000, step: 1, loopDepth: 0, cumulative-num-iterations: 100000000, look-ahead-ns: 518518496
Avg-Compute-Communication-Ratio = 3080.796757
Process 9 contributed MY_TOTAL = 71.562527, my_a = 114.000000, my_b= 114.500000
Integral: 10 computed

------------------------------------------------------------------------------
Waiting to receive partition information from master !
Process 9 computing itegral over my_a = 124.000000, my_b= 124.500000
Called SetLoopLookahead: init: 0, final: 100000000, step: 1, loopDepth: 0, cumulative-num-iterations: 100000000, look-ahead-ns: 518518496
Avg-Compute-Communication-Ratio = 3087.193644
Process 9 contributed MY_TOTAL = 84.608383, my_a = 124.000000, my_b= 124.500000
Integral: 11 computed

------------------------------------------------------------------------------
Waiting to receive partition information from master !
Process 9 computing itegral over my_a = 134.000000, my_b= 134.500000
Called SetLoopLookahead: init: 0, final: 100000000, step: 1, loopDepth: 0, cumulative-num-iterations: 100000000, look-ahead-ns: 518518496
Avg-Compute-Communication-Ratio = 3089.789908
Process 9 contributed MY_TOTAL = 98.745943, my_a = 134.000000, my_b= 134.500000
Integral: 12 computed

------------------------------------------------------------------------------
Waiting to receive partition information from master !
Process 9 computing itegral over my_a = 144.000000, my_b= 144.500000
Called SetLoopLookahead: init: 0, final: 100000000, step: 1, loopDepth: 0, cumulative-num-iterations: 100000000, look-ahead-ns: 518518496
Avg-Compute-Communication-Ratio = 3089.385009
Process 9 contributed MY_TOTAL = 113.975206, my_a = 144.000000, my_b= 144.500000
Integral: 13 computed

------------------------------------------------------------------------------
Waiting to receive partition information from master !
Process 9 computing itegral over my_a = 154.000000, my_b= 154.500000
Called SetLoopLookahead: init: 0, final: 100000000, step: 1, loopDepth: 0, cumulative-num-iterations: 100000000, look-ahead-ns: 518518496
Avg-Compute-Communication-Ratio = 3091.491647
Process 9 contributed MY_TOTAL = 130.296173, my_a = 154.000000, my_b= 154.500000
Integral: 14 computed

------------------------------------------------------------------------------
Waiting to receive partition information from master !
Process 9 computing itegral over my_a = 164.000000, my_b= 164.500000
Called SetLoopLookahead: init: 0, final: 100000000, step: 1, loopDepth: 0, cumulative-num-iterations: 100000000, look-ahead-ns: 518518496
Avg-Compute-Communication-Ratio = 3093.337313
Process 9 contributed MY_TOTAL = 147.708843, my_a = 164.000000, my_b= 164.500000
Integral: 15 computed

------------------------------------------------------------------------------
Waiting to receive partition information from master !
Process 9 computing itegral over my_a = 174.000000, my_b= 174.500000
Called SetLoopLookahead: init: 0, final: 100000000, step: 1, loopDepth: 0, cumulative-num-iterations: 100000000, look-ahead-ns: 518518496
Avg-Compute-Communication-Ratio = 3094.967674
Process 9 contributed MY_TOTAL = 166.213216, my_a = 174.000000, my_b= 174.500000
Integral: 16 computed

------------------------------------------------------------------------------
Waiting to receive partition information from master !
Process 9 computing itegral over my_a = 184.000000, my_b= 184.500000
Called SetLoopLookahead: init: 0, final: 100000000, step: 1, loopDepth: 0, cumulative-num-iterations: 100000000, look-ahead-ns: 518518496
Avg-Compute-Communication-Ratio = 3098.475748
Process 9 contributed MY_TOTAL = 185.809293, my_a = 184.000000, my_b= 184.500000
Integral: 17 computed

------------------------------------------------------------------------------
Waiting to receive partition information from master !
Process 9 computing itegral over my_a = 194.000000, my_b= 194.500000
Called SetLoopLookahead: init: 0, final: 100000000, step: 1, loopDepth: 0, cumulative-num-iterations: 100000000, look-ahead-ns: 518518496
Avg-Compute-Communication-Ratio = 3099.668136
Process 9 contributed MY_TOTAL = 206.497073, my_a = 194.000000, my_b= 194.500000
Integral: 18 computed

------------------------------------------------------------------------------
Waiting to receive partition information from master !
Process 9 computing itegral over my_a = 204.000000, my_b= 204.500000
Called SetLoopLookahead: init: 0, final: 100000000, step: 1, loopDepth: 0, cumulative-num-iterations: 100000000, look-ahead-ns: 518518496
Exp finishing. Stopping stack thread with id: 6!

------------------------- ACTUAL STDOUT FROM EXECUTABLE ENDED -----------------------------

Process: 6 exiting VT experiment !
Main thread exiting. PID = 6
