Attempting to set static arp entries ...
Tracer: 10 >> Using SRC IP: 10.1.37.174 for any spawned virtual tcp-stacks
Tracer: 10 >> Updating firewall rules to drop outgoing TCP-RST packets
Attempting to set firewall rules ...
Tracer: 10 >> CMD TO RUN: /home/vignesh/VT-S3FNet/csudp/mpi_integral/mpi_int 9 21 10.1.37.174 > /home/vignesh/VT-S3FNet/experiment-data/MPI_LA_Enabled_nemus_21_mpi_int/worker9.log
args[0] = /home/vignesh/VT-S3FNet/csudp/mpi_integral/mpi_int
args[1] = 9
args[2] = 21
args[3] = 10.1.37.174
Setting appropriate environment variables ...
HOME DIRECTORY : /home/vignesh
Parsing TTN config file: /home/vignesh/.ttn/projects.db
Setting VT_L1_INS_CACHE_MISS_CYCLES to: 100
Setting VT_L1_INS_CACHE_LINES to: 64
Setting VT_L1_INS_CACHE_SIZE_KB to: 32
Setting VT_L1_INS_CACHE_ASSOC to: 8
Setting VT_L1_INS_CACHE_REPLACEMENT_POLICY to: LRU
Setting VT_L1_DATA_CACHE_MISS_CYCLES to: 100
Setting VT_L1_DATA_CACHE_LINES to: 64
Setting VT_L1_DATA_CACHE_SIZE_KB to: 32
Setting VT_L1_DATA_CACHE_ASSOC to: 8
Setting VT_L1_DATA_CACHE_REPLACEMENT_POLICY to: LRU
Setting VT_CPU_CYLES_NS to: 2.700000
Setting VT_NIC_SPEED_MBPS to: 1000.000000
Setting VT_TIMING_MODEL to: EMPIRICAL
Setting VT_BBL_LOOKAHEAD_FILE to: /home/vignesh/VT-S3FNet/csudp/mpi_integral/.ttn/lookahead/bbl_lookahead.info
Setting VT_LOOP_LOOKAHEAD_FILE to: /home/vignesh/VT-S3FNet/csudp/mpi_integral/.ttn/lookahead/loop_lookahead.info
Starting command: /home/vignesh/VT-S3FNet/csudp/mpi_integral/mpi_int
Loading orig functions !
Starting executable with Pid = 6
Loading pointers to VTL Logic functions
Loaded pointers to all VTL Logic functions
Now Initializing VT-Management 
Extracting env variables !
Extracted tracer-id: 10
Extracted exp-type: 2
Extracted cpu-cycles-ns: 2.700000
Extracted socket-layer-ip: -1373306614
Starting VT-initialization !
Tracer-ID: 10, Timeline-ID: 10
Tracer registration for EXP_CS complete. TimelineID = 10, Return = 10
Tracer Adding to SQ. Tracer ID = 10
Parsing any provided lookahead information ...
Opening file: /home/vignesh/VT-S3FNet/csudp/mpi_integral/.ttn/lookahead/bbl_lookahead.info
File size: 176
mapped memblock size: 176
Finish offset: 18, Number of values: 18
Returning success !
Loaded BBL lookaheads for 18 basic blocks ...
Opening file: /home/vignesh/VT-S3FNet/csudp/mpi_integral/.ttn/lookahead/loop_lookahead.info
File size: 40
mapped memblock size: 40
Finish offset: 1, Number of values: 1
Returning success !
Loaded Loop lookaheads for 1 loops ...
VT initialization successfull !
Finished Initializing VT-Management 
Initializing TCP-stack ...
TCP stack unique-id: 106
Starting virtual socket layer stack-thread !
Pthread_create: vtStackThread special case
Successfully initialized VTL-Logic embedded into the executable

------------------------- ACTUAL STDOUT FROM EXECUTABLE STARTS -----------------------------

Rank = 9, Total = 21, IP = 10.1.37.174
Adding new vt-tcp-socket !
Creating vt-tcp socket !
bind through vt-tcp !
Server socket bound to ip:port: 10.1.37.174:10000
Waiting for OK message from other nodes !
Waiting for OK message !
listen through vt-tcp !
Accept through vt-tcp !
Successfully received OK message !

---------------- Waiting for higher ranked nodes to connect --------------
listen through vt-tcp !
Accepting connection from higher ranked node: 20
Accept through vt-tcp !
Accepted connection from higher ranked node: 20
Successfully connected with higher ranked node: 20
Accepting connection from higher ranked node: 19
Accept through vt-tcp !
Accepted connection from higher ranked node: 19
Successfully connected with higher ranked node: 19
Accepting connection from higher ranked node: 18
Accept through vt-tcp !
Accepted connection from higher ranked node: 18
Successfully connected with higher ranked node: 18
Accepting connection from higher ranked node: 17
Accept through vt-tcp !
Accepted connection from higher ranked node: 17
Successfully connected with higher ranked node: 17
Accepting connection from higher ranked node: 16
Accept through vt-tcp !
Accepted connection from higher ranked node: 16
Successfully connected with higher ranked node: 16
Accepting connection from higher ranked node: 15
Accept through vt-tcp !
Accepted connection from higher ranked node: 15
Successfully connected with higher ranked node: 15
Accepting connection from higher ranked node: 14
Accept through vt-tcp !
Accepted connection from higher ranked node: 14
Successfully connected with higher ranked node: 14
Accepting connection from higher ranked node: 13
Accept through vt-tcp !
Accepted connection from higher ranked node: 13
Successfully connected with higher ranked node: 13
Accepting connection from higher ranked node: 12
Accept through vt-tcp !
Accepted connection from higher ranked node: 12
Successfully connected with higher ranked node: 12
Accepting connection from higher ranked node: 11
Accept through vt-tcp !
Accepted connection from higher ranked node: 11
Successfully connected with higher ranked node: 11
Accepting connection from higher ranked node: 10
Accept through vt-tcp !
Accepted connection from higher ranked node: 10
Successfully connected with higher ranked node: 10
Closing server socket: 4097
Clearing all tcp timers !
TCP-done for socket: 4097, err: -103

---------------- Connecting to lowed ranked nodes ! --------------
Adding new vt-tcp-socket !
Creating vt-tcp socket !
Connecting to lower ranked node: 8 at 10.1.37.178:10000
Connecting .. Socket: 4110, src-port: 40001
Socket: 4097 garbage collection
Freeing socket: 4097
Waking up connected socket !
Socket connect success. socket = 4110
Connecting through vt-tcp success !
Successfully connected to lower ranked node: 8 at 10.1.37.178:10000
Adding new vt-tcp-socket !
Creating vt-tcp socket !
Connecting to lower ranked node: 7 at 10.1.37.182:10000
Connecting .. Socket: 4111, src-port: 40002
Waking up connected socket !
Socket connect success. socket = 4111
Connecting through vt-tcp success !
Successfully connected to lower ranked node: 7 at 10.1.37.182:10000
Adding new vt-tcp-socket !
Creating vt-tcp socket !
Connecting to lower ranked node: 6 at 10.1.37.186:10000
Connecting .. Socket: 4112, src-port: 40003
Waking up connected socket !
Socket connect success. socket = 4112
Connecting through vt-tcp success !
Successfully connected to lower ranked node: 6 at 10.1.37.186:10000
Adding new vt-tcp-socket !
Creating vt-tcp socket !
Connecting to lower ranked node: 5 at 10.1.37.190:10000
Connecting .. Socket: 4113, src-port: 40004
Waking up connected socket !
Socket connect success. socket = 4113
Connecting through vt-tcp success !
Successfully connected to lower ranked node: 5 at 10.1.37.190:10000
Adding new vt-tcp-socket !
Creating vt-tcp socket !
Connecting to lower ranked node: 4 at 10.1.37.94:10000
Connecting .. Socket: 4114, src-port: 40005
Waking up connected socket !
Socket connect success. socket = 4114
Connecting through vt-tcp success !
Successfully connected to lower ranked node: 4 at 10.1.37.94:10000
Adding new vt-tcp-socket !
Creating vt-tcp socket !
Connecting to lower ranked node: 3 at 10.1.37.62:10000
Connecting .. Socket: 4115, src-port: 40006
Waking up connected socket !
Socket connect success. socket = 4115
Connecting through vt-tcp success !
Successfully connected to lower ranked node: 3 at 10.1.37.62:10000
Adding new vt-tcp-socket !
Creating vt-tcp socket !
Connecting to lower ranked node: 2 at 10.1.37.66:10000
Connecting .. Socket: 4116, src-port: 40007
Waking up connected socket !
Socket connect success. socket = 4116
Connecting through vt-tcp success !
Successfully connected to lower ranked node: 2 at 10.1.37.66:10000
Adding new vt-tcp-socket !
Creating vt-tcp socket !
Connecting to lower ranked node: 1 at 10.1.37.70:10000
Connecting .. Socket: 4117, src-port: 40008
Waking up connected socket !
Socket connect success. socket = 4117
Connecting through vt-tcp success !
Successfully connected to lower ranked node: 1 at 10.1.37.70:10000
Adding new vt-tcp-socket !
Creating vt-tcp socket !
Connecting to lower ranked node: 0 at 10.1.37.74:10000
Connecting .. Socket: 4118, src-port: 40009
Waking up connected socket !
Socket connect success. socket = 4118
Connecting through vt-tcp success !
Successfully connected to lower ranked node: 0 at 10.1.37.74:10000

---------------- Creating listen Thread ! --------------

---------------- MPI-Init success ! --------------
Waiting to receive partition information from master !
Adding new Thread: 8
Resuming new Thread with Burst of length: 5400
Process 9 computing itegral over my_a = 14.000000, my_b= 14.500000
Called SetLoopLookahead: init: 0, final: 100000000, step: 1, loopDepth: 0, cumulative-num-iterations: 100000000, look-ahead-ns: 518518496
Avg-Compute-Communication-Ratio = 2772.812834
Process 9 contributed MY_TOTAL = -nan, my_a = 14.000000, my_b= 14.500000
Integral: 0 computed

------------------------------------------------------------------------------
Waiting to receive partition information from master !
Process 9 computing itegral over my_a = 24.000000, my_b= 24.500000
Called SetLoopLookahead: init: 0, final: 100000000, step: 1, loopDepth: 0, cumulative-num-iterations: 100000000, look-ahead-ns: 518518496
tcp-rto: snd_una: 1, rto: 2000, backoff: 1
tcp-rto: snd_una: 1, rto: 2000, backoff: 1
Avg-Compute-Communication-Ratio = 2937.762040
Process 9 contributed MY_TOTAL = -nan, my_a = 24.000000, my_b= 24.500000
Integral: 1 computed

------------------------------------------------------------------------------
Waiting to receive partition information from master !
Process 9 computing itegral over my_a = 34.000000, my_b= 34.500000
Called SetLoopLookahead: init: 0, final: 100000000, step: 1, loopDepth: 0, cumulative-num-iterations: 100000000, look-ahead-ns: 518518496
Avg-Compute-Communication-Ratio = 2985.690979
Process 9 contributed MY_TOTAL = -nan, my_a = 34.000000, my_b= 34.500000
Integral: 2 computed

------------------------------------------------------------------------------
Waiting to receive partition information from master !
Process 9 computing itegral over my_a = 44.000000, my_b= 44.500000
Called SetLoopLookahead: init: 0, final: 100000000, step: 1, loopDepth: 0, cumulative-num-iterations: 100000000, look-ahead-ns: 518518496
Avg-Compute-Communication-Ratio = 3032.252924
Process 9 contributed MY_TOTAL = -nan, my_a = 44.000000, my_b= 44.500000
Integral: 3 computed

------------------------------------------------------------------------------
Waiting to receive partition information from master !
Process 9 computing itegral over my_a = 54.000000, my_b= 54.500000
Called SetLoopLookahead: init: 0, final: 100000000, step: 1, loopDepth: 0, cumulative-num-iterations: 100000000, look-ahead-ns: 518518496
Avg-Compute-Communication-Ratio = 3042.929577
Process 9 contributed MY_TOTAL = -nan, my_a = 54.000000, my_b= 54.500000
Integral: 4 computed

------------------------------------------------------------------------------
Waiting to receive partition information from master !
Process 9 computing itegral over my_a = 64.000000, my_b= 64.500000
Called SetLoopLookahead: init: 0, final: 100000000, step: 1, loopDepth: 0, cumulative-num-iterations: 100000000, look-ahead-ns: 518518496
Avg-Compute-Communication-Ratio = 3053.082434
Process 9 contributed MY_TOTAL = -nan, my_a = 64.000000, my_b= 64.500000
Integral: 5 computed

------------------------------------------------------------------------------
Waiting to receive partition information from master !
Process 9 computing itegral over my_a = 74.000000, my_b= 74.500000
Called SetLoopLookahead: init: 0, final: 100000000, step: 1, loopDepth: 0, cumulative-num-iterations: 100000000, look-ahead-ns: 518518496
Avg-Compute-Communication-Ratio = 3065.545608
Process 9 contributed MY_TOTAL = -nan, my_a = 74.000000, my_b= 74.500000
Integral: 6 computed

------------------------------------------------------------------------------
Waiting to receive partition information from master !
Process 9 computing itegral over my_a = 84.000000, my_b= 84.500000
Called SetLoopLookahead: init: 0, final: 100000000, step: 1, loopDepth: 0, cumulative-num-iterations: 100000000, look-ahead-ns: 518518496
Avg-Compute-Communication-Ratio = 3061.343911
Process 9 contributed MY_TOTAL = -nan, my_a = 84.000000, my_b= 84.500000
Integral: 7 computed

------------------------------------------------------------------------------
Waiting to receive partition information from master !
Process 9 computing itegral over my_a = 94.000000, my_b= 94.500000
Called SetLoopLookahead: init: 0, final: 100000000, step: 1, loopDepth: 0, cumulative-num-iterations: 100000000, look-ahead-ns: 518518496
Avg-Compute-Communication-Ratio = 3070.155263
Process 9 contributed MY_TOTAL = -nan, my_a = 94.000000, my_b= 94.500000
Integral: 8 computed

------------------------------------------------------------------------------
Waiting to receive partition information from master !
Process 9 computing itegral over my_a = 104.000000, my_b= 104.500000
Called SetLoopLookahead: init: 0, final: 100000000, step: 1, loopDepth: 0, cumulative-num-iterations: 100000000, look-ahead-ns: 518518496
Avg-Compute-Communication-Ratio = 3077.240949
Process 9 contributed MY_TOTAL = -nan, my_a = 104.000000, my_b= 104.500000
Integral: 9 computed

------------------------------------------------------------------------------
Waiting to receive partition information from master !
Process 9 computing itegral over my_a = 114.000000, my_b= 114.500000
Called SetLoopLookahead: init: 0, final: 100000000, step: 1, loopDepth: 0, cumulative-num-iterations: 100000000, look-ahead-ns: 518518496
Avg-Compute-Communication-Ratio = 3083.062703
Process 9 contributed MY_TOTAL = -nan, my_a = 114.000000, my_b= 114.500000
Integral: 10 computed

------------------------------------------------------------------------------
Waiting to receive partition information from master !
Process 9 computing itegral over my_a = 124.000000, my_b= 124.500000
Called SetLoopLookahead: init: 0, final: 100000000, step: 1, loopDepth: 0, cumulative-num-iterations: 100000000, look-ahead-ns: 518518496
Avg-Compute-Communication-Ratio = 3084.869112
Process 9 contributed MY_TOTAL = -nan, my_a = 124.000000, my_b= 124.500000
Integral: 11 computed

------------------------------------------------------------------------------
Waiting to receive partition information from master !
Process 9 computing itegral over my_a = 134.000000, my_b= 134.500000
Called SetLoopLookahead: init: 0, final: 100000000, step: 1, loopDepth: 0, cumulative-num-iterations: 100000000, look-ahead-ns: 518518496
Avg-Compute-Communication-Ratio = 3086.399267
Process 9 contributed MY_TOTAL = -nan, my_a = 134.000000, my_b= 134.500000
Integral: 12 computed

------------------------------------------------------------------------------
Waiting to receive partition information from master !
Process 9 computing itegral over my_a = 144.000000, my_b= 144.500000
Called SetLoopLookahead: init: 0, final: 100000000, step: 1, loopDepth: 0, cumulative-num-iterations: 100000000, look-ahead-ns: 518518496
Avg-Compute-Communication-Ratio = 3094.292839
Process 9 contributed MY_TOTAL = -nan, my_a = 144.000000, my_b= 144.500000
Integral: 13 computed

------------------------------------------------------------------------------
Waiting to receive partition information from master !
Process 9 computing itegral over my_a = 154.000000, my_b= 154.500000
Called SetLoopLookahead: init: 0, final: 100000000, step: 1, loopDepth: 0, cumulative-num-iterations: 100000000, look-ahead-ns: 518518496
Avg-Compute-Communication-Ratio = 3091.306041
Process 9 contributed MY_TOTAL = -nan, my_a = 154.000000, my_b= 154.500000
Integral: 14 computed

------------------------------------------------------------------------------
Waiting to receive partition information from master !
Process 9 computing itegral over my_a = 164.000000, my_b= 164.500000
Called SetLoopLookahead: init: 0, final: 100000000, step: 1, loopDepth: 0, cumulative-num-iterations: 100000000, look-ahead-ns: 518518496
Avg-Compute-Communication-Ratio = 3092.150950
Process 9 contributed MY_TOTAL = -nan, my_a = 164.000000, my_b= 164.500000
Integral: 15 computed

------------------------------------------------------------------------------
Waiting to receive partition information from master !
Process 9 computing itegral over my_a = 174.000000, my_b= 174.500000
Called SetLoopLookahead: init: 0, final: 100000000, step: 1, loopDepth: 0, cumulative-num-iterations: 100000000, look-ahead-ns: 518518496
Avg-Compute-Communication-Ratio = 3090.728261
Process 9 contributed MY_TOTAL = -nan, my_a = 174.000000, my_b= 174.500000
Integral: 16 computed

------------------------------------------------------------------------------
Waiting to receive partition information from master !
Process 9 computing itegral over my_a = 184.000000, my_b= 184.500000
Called SetLoopLookahead: init: 0, final: 100000000, step: 1, loopDepth: 0, cumulative-num-iterations: 100000000, look-ahead-ns: 518518496
Avg-Compute-Communication-Ratio = 3098.695883
Process 9 contributed MY_TOTAL = -nan, my_a = 184.000000, my_b= 184.500000
Integral: 17 computed

------------------------------------------------------------------------------
Waiting to receive partition information from master !
Process 9 computing itegral over my_a = 194.000000, my_b= 194.500000
Called SetLoopLookahead: init: 0, final: 100000000, step: 1, loopDepth: 0, cumulative-num-iterations: 100000000, look-ahead-ns: 518518496
Avg-Compute-Communication-Ratio = 3107.819243
Process 9 contributed MY_TOTAL = -nan, my_a = 194.000000, my_b= 194.500000
Integral: 18 computed

------------------------------------------------------------------------------
Waiting to receive partition information from master !
Process 9 computing itegral over my_a = 204.000000, my_b= 204.500000
Called SetLoopLookahead: init: 0, final: 100000000, step: 1, loopDepth: 0, cumulative-num-iterations: 100000000, look-ahead-ns: 518518496
Avg-Compute-Communication-Ratio = 3105.811021
Process 9 contributed MY_TOTAL = -nan, my_a = 204.000000, my_b= 204.500000
Integral: 19 computed

------------------------------------------------------------------------------
Waiting to receive partition information from master !
Process 9 computing itegral over my_a = 214.000000, my_b= 214.500000
Called SetLoopLookahead: init: 0, final: 100000000, step: 1, loopDepth: 0, cumulative-num-iterations: 100000000, look-ahead-ns: 518518496
Avg-Compute-Communication-Ratio = 3106.652782
Process 9 contributed MY_TOTAL = -nan, my_a = 214.000000, my_b= 214.500000
Integral: 20 computed

------------------------------------------------------------------------------
Waiting to receive partition information from master !
Process 9 computing itegral over my_a = 224.000000, my_b= 224.500000
Called SetLoopLookahead: init: 0, final: 100000000, step: 1, loopDepth: 0, cumulative-num-iterations: 100000000, look-ahead-ns: 518518496
Avg-Compute-Communication-Ratio = 3108.265123
Process 9 contributed MY_TOTAL = -nan, my_a = 224.000000, my_b= 224.500000
Integral: 21 computed

------------------------------------------------------------------------------
Waiting to receive partition information from master !
Process 9 computing itegral over my_a = 234.000000, my_b= 234.500000
Called SetLoopLookahead: init: 0, final: 100000000, step: 1, loopDepth: 0, cumulative-num-iterations: 100000000, look-ahead-ns: 518518496
Avg-Compute-Communication-Ratio = 3109.738983
Process 9 contributed MY_TOTAL = -nan, my_a = 234.000000, my_b= 234.500000
Integral: 22 computed

------------------------------------------------------------------------------
Waiting to receive partition information from master !
Process 9 computing itegral over my_a = 244.000000, my_b= 244.500000
Called SetLoopLookahead: init: 0, final: 100000000, step: 1, loopDepth: 0, cumulative-num-iterations: 100000000, look-ahead-ns: 518518496
Avg-Compute-Communication-Ratio = 3107.206991
Process 9 contributed MY_TOTAL = -nan, my_a = 244.000000, my_b= 244.500000
Integral: 23 computed

------------------------------------------------------------------------------
Waiting to receive partition information from master !
Process 9 computing itegral over my_a = 254.000000, my_b= 254.500000
Called SetLoopLookahead: init: 0, final: 100000000, step: 1, loopDepth: 0, cumulative-num-iterations: 100000000, look-ahead-ns: 518518496
Avg-Compute-Communication-Ratio = 3107.113854
Process 9 contributed MY_TOTAL = -nan, my_a = 254.000000, my_b= 254.500000
Integral: 24 computed

------------------------------------------------------------------------------
Waiting to receive partition information from master !
Process 9 computing itegral over my_a = 264.000000, my_b= 264.500000
Called SetLoopLookahead: init: 0, final: 100000000, step: 1, loopDepth: 0, cumulative-num-iterations: 100000000, look-ahead-ns: 518518496
Avg-Compute-Communication-Ratio = 3107.028117
Process 9 contributed MY_TOTAL = -nan, my_a = 264.000000, my_b= 264.500000
Integral: 25 computed

------------------------------------------------------------------------------
Waiting to receive partition information from master !
Process 9 computing itegral over my_a = 274.000000, my_b= 274.500000
Called SetLoopLookahead: init: 0, final: 100000000, step: 1, loopDepth: 0, cumulative-num-iterations: 100000000, look-ahead-ns: 518518496
Avg-Compute-Communication-Ratio = 3109.018432
Process 9 contributed MY_TOTAL = -nan, my_a = 274.000000, my_b= 274.500000
Integral: 26 computed

------------------------------------------------------------------------------
Waiting to receive partition information from master !
Process 9 computing itegral over my_a = 284.000000, my_b= 284.500000
Called SetLoopLookahead: init: 0, final: 100000000, step: 1, loopDepth: 0, cumulative-num-iterations: 100000000, look-ahead-ns: 518518496
Avg-Compute-Communication-Ratio = 3107.539598
Process 9 contributed MY_TOTAL = -nan, my_a = 284.000000, my_b= 284.500000
Integral: 27 computed

------------------------------------------------------------------------------
Waiting to receive partition information from master !
Process 9 computing itegral over my_a = 294.000000, my_b= 294.500000
Called SetLoopLookahead: init: 0, final: 100000000, step: 1, loopDepth: 0, cumulative-num-iterations: 100000000, look-ahead-ns: 518518496
Avg-Compute-Communication-Ratio = 3108.732892
Process 9 contributed MY_TOTAL = -nan, my_a = 294.000000, my_b= 294.500000
Integral: 28 computed

------------------------------------------------------------------------------
Waiting to receive partition information from master !
Process 9 computing itegral over my_a = 304.000000, my_b= 304.500000
Called SetLoopLookahead: init: 0, final: 100000000, step: 1, loopDepth: 0, cumulative-num-iterations: 100000000, look-ahead-ns: 518518496
Avg-Compute-Communication-Ratio = 3110.469106
Process 9 contributed MY_TOTAL = -nan, my_a = 304.000000, my_b= 304.500000
Integral: 29 computed

------------------------------------------------------------------------------
Waiting to receive partition information from master !
Process 9 computing itegral over my_a = 314.000000, my_b= 314.500000
Called SetLoopLookahead: init: 0, final: 100000000, step: 1, loopDepth: 0, cumulative-num-iterations: 100000000, look-ahead-ns: 518518496
Avg-Compute-Communication-Ratio = 3107.883024
Process 9 contributed MY_TOTAL = -nan, my_a = 314.000000, my_b= 314.500000
Integral: 30 computed

------------------------------------------------------------------------------
Waiting to receive partition information from master !
Process 9 computing itegral over my_a = 324.000000, my_b= 324.500000
Called SetLoopLookahead: init: 0, final: 100000000, step: 1, loopDepth: 0, cumulative-num-iterations: 100000000, look-ahead-ns: 518518496
Avg-Compute-Communication-Ratio = 3111.285580
Process 9 contributed MY_TOTAL = -nan, my_a = 324.000000, my_b= 324.500000
Integral: 31 computed

------------------------------------------------------------------------------
Waiting to receive partition information from master !
Process 9 computing itegral over my_a = 334.000000, my_b= 334.500000
Called SetLoopLookahead: init: 0, final: 100000000, step: 1, loopDepth: 0, cumulative-num-iterations: 100000000, look-ahead-ns: 518518496
Avg-Compute-Communication-Ratio = 3112.222808
Process 9 contributed MY_TOTAL = -nan, my_a = 334.000000, my_b= 334.500000
Integral: 32 computed

------------------------------------------------------------------------------
Waiting to receive partition information from master !
Process 9 computing itegral over my_a = 344.000000, my_b= 344.500000
Called SetLoopLookahead: init: 0, final: 100000000, step: 1, loopDepth: 0, cumulative-num-iterations: 100000000, look-ahead-ns: 518518496
Avg-Compute-Communication-Ratio = 3113.105421
Process 9 contributed MY_TOTAL = -nan, my_a = 344.000000, my_b= 344.500000
Integral: 33 computed

------------------------------------------------------------------------------
Waiting to receive partition information from master !
Process 9 computing itegral over my_a = 354.000000, my_b= 354.500000
Called SetLoopLookahead: init: 0, final: 100000000, step: 1, loopDepth: 0, cumulative-num-iterations: 100000000, look-ahead-ns: 518518496
Avg-Compute-Communication-Ratio = 3115.007037
Process 9 contributed MY_TOTAL = -nan, my_a = 354.000000, my_b= 354.500000
Integral: 34 computed

------------------------------------------------------------------------------
Waiting to receive partition information from master !
Process 9 computing itegral over my_a = 364.000000, my_b= 364.500000
Called SetLoopLookahead: init: 0, final: 100000000, step: 1, loopDepth: 0, cumulative-num-iterations: 100000000, look-ahead-ns: 518518496
Avg-Compute-Communication-Ratio = 3113.685738
Process 9 contributed MY_TOTAL = -nan, my_a = 364.000000, my_b= 364.500000
Integral: 35 computed

------------------------------------------------------------------------------
Waiting to receive partition information from master !
Process 9 computing itegral over my_a = 374.000000, my_b= 374.500000
Called SetLoopLookahead: init: 0, final: 100000000, step: 1, loopDepth: 0, cumulative-num-iterations: 100000000, look-ahead-ns: 518518496
Avg-Compute-Communication-Ratio = 3114.457955
Process 9 contributed MY_TOTAL = -nan, my_a = 374.000000, my_b= 374.500000
Integral: 36 computed

------------------------------------------------------------------------------
Waiting to receive partition information from master !
Process 9 computing itegral over my_a = 384.000000, my_b= 384.500000
Called SetLoopLookahead: init: 0, final: 100000000, step: 1, loopDepth: 0, cumulative-num-iterations: 100000000, look-ahead-ns: 518518496
Avg-Compute-Communication-Ratio = 3115.189881
Process 9 contributed MY_TOTAL = -nan, my_a = 384.000000, my_b= 384.500000
Integral: 37 computed

------------------------------------------------------------------------------
Waiting to receive partition information from master !
Process 9 computing itegral over my_a = 394.000000, my_b= 394.500000
Called SetLoopLookahead: init: 0, final: 100000000, step: 1, loopDepth: 0, cumulative-num-iterations: 100000000, look-ahead-ns: 518518496
Exp finishing. Stopping stack thread with id: 6!

------------------------- ACTUAL STDOUT FROM EXECUTABLE ENDED -----------------------------

Process: 6 exiting VT experiment !
Main thread exiting. PID = 6
