Attempting to set static arp entries ...
Tracer: 4 >> Using SRC IP: 10.1.37.62 for any spawned virtual tcp-stacks
Tracer: 4 >> Updating firewall rules to drop outgoing TCP-RST packets
Attempting to set firewall rules ...
Tracer: 4 >> CMD TO RUN: /home/vignesh/VT-S3FNet/csudp/mpi_integral/mpi_int 3 21 10.1.37.62 > /home/vignesh/VT-S3FNet/experiment-data/MPI_LA_Enabled_nemus_21_mpi_int/worker3.log
args[0] = /home/vignesh/VT-S3FNet/csudp/mpi_integral/mpi_int
args[1] = 3
args[2] = 21
args[3] = 10.1.37.62
Setting appropriate environment variables ...
HOME DIRECTORY : /home/vignesh
Parsing TTN config file: /home/vignesh/.ttn/projects.db
Setting VT_L1_INS_CACHE_MISS_CYCLES to: 100
Setting VT_L1_INS_CACHE_LINES to: 64
Setting VT_L1_INS_CACHE_SIZE_KB to: 32
Setting VT_L1_INS_CACHE_ASSOC to: 8
Setting VT_L1_INS_CACHE_REPLACEMENT_POLICY to: LRU
Setting VT_L1_DATA_CACHE_MISS_CYCLES to: 100
Setting VT_L1_DATA_CACHE_LINES to: 64
Setting VT_L1_DATA_CACHE_SIZE_KB to: 32
Setting VT_L1_DATA_CACHE_ASSOC to: 8
Setting VT_L1_DATA_CACHE_REPLACEMENT_POLICY to: LRU
Setting VT_CPU_CYLES_NS to: 2.700000
Setting VT_NIC_SPEED_MBPS to: 1000.000000
Setting VT_TIMING_MODEL to: EMPIRICAL
Setting VT_BBL_LOOKAHEAD_FILE to: /home/vignesh/VT-S3FNet/csudp/mpi_integral/.ttn/lookahead/bbl_lookahead.info
Setting VT_LOOP_LOOKAHEAD_FILE to: /home/vignesh/VT-S3FNet/csudp/mpi_integral/.ttn/lookahead/loop_lookahead.info
Starting command: /home/vignesh/VT-S3FNet/csudp/mpi_integral/mpi_int
Loading orig functions !
Starting executable with Pid = 6
Loading pointers to VTL Logic functions
Loaded pointers to all VTL Logic functions
Now Initializing VT-Management 
Extracting env variables !
Extracted tracer-id: 4
Extracted exp-type: 2
Extracted cpu-cycles-ns: 2.700000
Extracted socket-layer-ip: 1042612490
Starting VT-initialization !
Tracer-ID: 4, Timeline-ID: 4
Tracer registration for EXP_CS complete. TimelineID = 4, Return = 4
Tracer Adding to SQ. Tracer ID = 4
Parsing any provided lookahead information ...
Opening file: /home/vignesh/VT-S3FNet/csudp/mpi_integral/.ttn/lookahead/bbl_lookahead.info
File size: 176
mapped memblock size: 176
Finish offset: 18, Number of values: 18
Returning success !
Loaded BBL lookaheads for 18 basic blocks ...
Opening file: /home/vignesh/VT-S3FNet/csudp/mpi_integral/.ttn/lookahead/loop_lookahead.info
File size: 40
mapped memblock size: 40
Finish offset: 1, Number of values: 1
Returning success !
Loaded Loop lookaheads for 1 loops ...
VT initialization successfull !
Finished Initializing VT-Management 
Initializing TCP-stack ...
TCP stack unique-id: 46
Starting virtual socket layer stack-thread !
Pthread_create: vtStackThread special case
Successfully initialized VTL-Logic embedded into the executable

------------------------- ACTUAL STDOUT FROM EXECUTABLE STARTS -----------------------------

Rank = 3, Total = 21, IP = 10.1.37.62
Adding new vt-tcp-socket !
Creating vt-tcp socket !
bind through vt-tcp !
Server socket bound to ip:port: 10.1.37.62:10000
Waiting for OK message from other nodes !
Waiting for OK message !
listen through vt-tcp !
Accept through vt-tcp !
Successfully received OK message !

---------------- Waiting for higher ranked nodes to connect --------------
listen through vt-tcp !
Accepting connection from higher ranked node: 20
Accept through vt-tcp !
Accepted connection from higher ranked node: 20
Successfully connected with higher ranked node: 20
Accepting connection from higher ranked node: 19
Accept through vt-tcp !
Accepted connection from higher ranked node: 19
Successfully connected with higher ranked node: 19
Accepting connection from higher ranked node: 18
Accept through vt-tcp !
Accepted connection from higher ranked node: 18
Successfully connected with higher ranked node: 18
Accepting connection from higher ranked node: 17
Accept through vt-tcp !
Accepted connection from higher ranked node: 17
Successfully connected with higher ranked node: 17
Accepting connection from higher ranked node: 16
Accept through vt-tcp !
Accepted connection from higher ranked node: 16
Successfully connected with higher ranked node: 16
Accepting connection from higher ranked node: 15
Accept through vt-tcp !
Accepted connection from higher ranked node: 15
Successfully connected with higher ranked node: 15
Accepting connection from higher ranked node: 14
Accept through vt-tcp !
Accepted connection from higher ranked node: 14
Successfully connected with higher ranked node: 14
Accepting connection from higher ranked node: 13
Accept through vt-tcp !
Accepted connection from higher ranked node: 13
Successfully connected with higher ranked node: 13
Accepting connection from higher ranked node: 12
Accept through vt-tcp !
Accepted connection from higher ranked node: 12
Successfully connected with higher ranked node: 12
Accepting connection from higher ranked node: 11
Accept through vt-tcp !
Accepted connection from higher ranked node: 11
Successfully connected with higher ranked node: 11
Accepting connection from higher ranked node: 10
Accept through vt-tcp !
Accepted connection from higher ranked node: 10
Successfully connected with higher ranked node: 10
Accepting connection from higher ranked node: 9
Accept through vt-tcp !
Accepted connection from higher ranked node: 9
Successfully connected with higher ranked node: 9
Accepting connection from higher ranked node: 8
Accept through vt-tcp !
Accepted connection from higher ranked node: 8
Successfully connected with higher ranked node: 8
Accepting connection from higher ranked node: 7
Accept through vt-tcp !
Accepted connection from higher ranked node: 7
Successfully connected with higher ranked node: 7
Accepting connection from higher ranked node: 6
Accept through vt-tcp !
Accepted connection from higher ranked node: 6
Successfully connected with higher ranked node: 6
Accepting connection from higher ranked node: 5
Accept through vt-tcp !
Accepted connection from higher ranked node: 5
Successfully connected with higher ranked node: 5
Accepting connection from higher ranked node: 4
Accept through vt-tcp !
Accepted connection from higher ranked node: 4
Successfully connected with higher ranked node: 4
Closing server socket: 4097
Clearing all tcp timers !
TCP-done for socket: 4097, err: -103

---------------- Connecting to lowed ranked nodes ! --------------
Adding new vt-tcp-socket !
Creating vt-tcp socket !
Connecting to lower ranked node: 2 at 10.1.37.66:10000
Connecting .. Socket: 4116, src-port: 40001
Socket: 4097 garbage collection
Freeing socket: 4097
Waking up connected socket !
Socket connect success. socket = 4116
Connecting through vt-tcp success !
Successfully connected to lower ranked node: 2 at 10.1.37.66:10000
Adding new vt-tcp-socket !
Creating vt-tcp socket !
Connecting to lower ranked node: 1 at 10.1.37.70:10000
Connecting .. Socket: 4117, src-port: 40002
Waking up connected socket !
Socket connect success. socket = 4117
Connecting through vt-tcp success !
Successfully connected to lower ranked node: 1 at 10.1.37.70:10000
Adding new vt-tcp-socket !
Creating vt-tcp socket !
Connecting to lower ranked node: 0 at 10.1.37.74:10000
Connecting .. Socket: 4118, src-port: 40003
Waking up connected socket !
Socket connect success. socket = 4118
Connecting through vt-tcp success !
Successfully connected to lower ranked node: 0 at 10.1.37.74:10000

---------------- Creating listen Thread ! --------------

---------------- MPI-Init success ! --------------
Waiting to receive partition information from master !
Adding new Thread: 8
Resuming new Thread with Burst of length: 5400
Process 3 computing itegral over my_a = 11.000000, my_b= 11.500000
Called SetLoopLookahead: init: 0, final: 100000000, step: 1, loopDepth: 0, cumulative-num-iterations: 100000000, look-ahead-ns: 518518496
Avg-Compute-Communication-Ratio = 5959.954023
Process 3 contributed MY_TOTAL = -nan, my_a = 11.000000, my_b= 11.500000
Integral: 0 computed

------------------------------------------------------------------------------
Waiting to receive partition information from master !
Process 3 computing itegral over my_a = 21.000000, my_b= 21.500000
Called SetLoopLookahead: init: 0, final: 100000000, step: 1, loopDepth: 0, cumulative-num-iterations: 100000000, look-ahead-ns: 518518496
Before rcv-wnd: seq: 1, rcv_nxt: 5
Before rcv-wnd: seq: 1, rcv_nxt: 5
Before rcv-wnd: seq: 1, rcv_nxt: 5
Before rcv-wnd: seq: 1, rcv_nxt: 5
Before rcv-wnd: seq: 1, rcv_nxt: 5
Before rcv-wnd: seq: 1, rcv_nxt: 5
Avg-Compute-Communication-Ratio = 4098.932807
Process 3 contributed MY_TOTAL = -nan, my_a = 21.000000, my_b= 21.500000
Integral: 1 computed

------------------------------------------------------------------------------
Waiting to receive partition information from master !
Process 3 computing itegral over my_a = 31.000000, my_b= 31.500000
Called SetLoopLookahead: init: 0, final: 100000000, step: 1, loopDepth: 0, cumulative-num-iterations: 100000000, look-ahead-ns: 518518496
Avg-Compute-Communication-Ratio = 3712.517900
Process 3 contributed MY_TOTAL = -nan, my_a = 31.000000, my_b= 31.500000
Integral: 2 computed

------------------------------------------------------------------------------
Waiting to receive partition information from master !
Process 3 computing itegral over my_a = 41.000000, my_b= 41.500000
Called SetLoopLookahead: init: 0, final: 100000000, step: 1, loopDepth: 0, cumulative-num-iterations: 100000000, look-ahead-ns: 518518496
Avg-Compute-Communication-Ratio = 3527.314626
Process 3 contributed MY_TOTAL = -nan, my_a = 41.000000, my_b= 41.500000
Integral: 3 computed

------------------------------------------------------------------------------
Waiting to receive partition information from master !
Process 3 computing itegral over my_a = 51.000000, my_b= 51.500000
Called SetLoopLookahead: init: 0, final: 100000000, step: 1, loopDepth: 0, cumulative-num-iterations: 100000000, look-ahead-ns: 518518496
Avg-Compute-Communication-Ratio = 3429.333333
Process 3 contributed MY_TOTAL = -nan, my_a = 51.000000, my_b= 51.500000
Integral: 4 computed

------------------------------------------------------------------------------
Waiting to receive partition information from master !
Process 3 computing itegral over my_a = 61.000000, my_b= 61.500000
Called SetLoopLookahead: init: 0, final: 100000000, step: 1, loopDepth: 0, cumulative-num-iterations: 100000000, look-ahead-ns: 518518496
Avg-Compute-Communication-Ratio = 3370.629469
Process 3 contributed MY_TOTAL = -nan, my_a = 61.000000, my_b= 61.500000
Integral: 5 computed

------------------------------------------------------------------------------
Waiting to receive partition information from master !
Process 3 computing itegral over my_a = 71.000000, my_b= 71.500000
Called SetLoopLookahead: init: 0, final: 100000000, step: 1, loopDepth: 0, cumulative-num-iterations: 100000000, look-ahead-ns: 518518496
Avg-Compute-Communication-Ratio = 3329.913762
Process 3 contributed MY_TOTAL = -nan, my_a = 71.000000, my_b= 71.500000
Integral: 6 computed

------------------------------------------------------------------------------
Waiting to receive partition information from master !
Process 3 computing itegral over my_a = 81.000000, my_b= 81.500000
Called SetLoopLookahead: init: 0, final: 100000000, step: 1, loopDepth: 0, cumulative-num-iterations: 100000000, look-ahead-ns: 518518496
Avg-Compute-Communication-Ratio = 3294.774424
Process 3 contributed MY_TOTAL = -nan, my_a = 81.000000, my_b= 81.500000
Integral: 7 computed

------------------------------------------------------------------------------
Waiting to receive partition information from master !
Process 3 computing itegral over my_a = 91.000000, my_b= 91.500000
Called SetLoopLookahead: init: 0, final: 100000000, step: 1, loopDepth: 0, cumulative-num-iterations: 100000000, look-ahead-ns: 518518496
Avg-Compute-Communication-Ratio = 3281.741210
Process 3 contributed MY_TOTAL = -nan, my_a = 91.000000, my_b= 91.500000
Integral: 8 computed

------------------------------------------------------------------------------
Waiting to receive partition information from master !
Process 3 computing itegral over my_a = 101.000000, my_b= 101.500000
Called SetLoopLookahead: init: 0, final: 100000000, step: 1, loopDepth: 0, cumulative-num-iterations: 100000000, look-ahead-ns: 518518496
Avg-Compute-Communication-Ratio = 3271.388644
Process 3 contributed MY_TOTAL = -nan, my_a = 101.000000, my_b= 101.500000
Integral: 9 computed

------------------------------------------------------------------------------
Waiting to receive partition information from master !
Process 3 computing itegral over my_a = 111.000000, my_b= 111.500000
Called SetLoopLookahead: init: 0, final: 100000000, step: 1, loopDepth: 0, cumulative-num-iterations: 100000000, look-ahead-ns: 518518496
Avg-Compute-Communication-Ratio = 3259.237714
Process 3 contributed MY_TOTAL = -nan, my_a = 111.000000, my_b= 111.500000
Integral: 10 computed

------------------------------------------------------------------------------
Waiting to receive partition information from master !
Process 3 computing itegral over my_a = 121.000000, my_b= 121.500000
Called SetLoopLookahead: init: 0, final: 100000000, step: 1, loopDepth: 0, cumulative-num-iterations: 100000000, look-ahead-ns: 518518496
Avg-Compute-Communication-Ratio = 3245.790819
Process 3 contributed MY_TOTAL = -nan, my_a = 121.000000, my_b= 121.500000
Integral: 11 computed

------------------------------------------------------------------------------
Waiting to receive partition information from master !
Process 3 computing itegral over my_a = 131.000000, my_b= 131.500000
Called SetLoopLookahead: init: 0, final: 100000000, step: 1, loopDepth: 0, cumulative-num-iterations: 100000000, look-ahead-ns: 518518496
Avg-Compute-Communication-Ratio = 3229.849545
Process 3 contributed MY_TOTAL = -nan, my_a = 131.000000, my_b= 131.500000
Integral: 12 computed

------------------------------------------------------------------------------
Waiting to receive partition information from master !
Process 3 computing itegral over my_a = 141.000000, my_b= 141.500000
Called SetLoopLookahead: init: 0, final: 100000000, step: 1, loopDepth: 0, cumulative-num-iterations: 100000000, look-ahead-ns: 518518496
Avg-Compute-Communication-Ratio = 3223.450711
Process 3 contributed MY_TOTAL = -nan, my_a = 141.000000, my_b= 141.500000
Integral: 13 computed

------------------------------------------------------------------------------
Waiting to receive partition information from master !
Process 3 computing itegral over my_a = 151.000000, my_b= 151.500000
Called SetLoopLookahead: init: 0, final: 100000000, step: 1, loopDepth: 0, cumulative-num-iterations: 100000000, look-ahead-ns: 518518496
Avg-Compute-Communication-Ratio = 3213.936364
Process 3 contributed MY_TOTAL = -nan, my_a = 151.000000, my_b= 151.500000
Integral: 14 computed

------------------------------------------------------------------------------
Waiting to receive partition information from master !
Process 3 computing itegral over my_a = 161.000000, my_b= 161.500000
Called SetLoopLookahead: init: 0, final: 100000000, step: 1, loopDepth: 0, cumulative-num-iterations: 100000000, look-ahead-ns: 518518496
Avg-Compute-Communication-Ratio = 3214.351414
Process 3 contributed MY_TOTAL = -nan, my_a = 161.000000, my_b= 161.500000
Integral: 15 computed

------------------------------------------------------------------------------
Waiting to receive partition information from master !
Process 3 computing itegral over my_a = 171.000000, my_b= 171.500000
Called SetLoopLookahead: init: 0, final: 100000000, step: 1, loopDepth: 0, cumulative-num-iterations: 100000000, look-ahead-ns: 518518496
Avg-Compute-Communication-Ratio = 3200.710603
Process 3 contributed MY_TOTAL = -nan, my_a = 171.000000, my_b= 171.500000
Integral: 16 computed

------------------------------------------------------------------------------
Waiting to receive partition information from master !
Process 3 computing itegral over my_a = 181.000000, my_b= 181.500000
Called SetLoopLookahead: init: 0, final: 100000000, step: 1, loopDepth: 0, cumulative-num-iterations: 100000000, look-ahead-ns: 518518496
Avg-Compute-Communication-Ratio = 3198.516792
Process 3 contributed MY_TOTAL = -nan, my_a = 181.000000, my_b= 181.500000
Integral: 17 computed

------------------------------------------------------------------------------
Waiting to receive partition information from master !
Process 3 computing itegral over my_a = 191.000000, my_b= 191.500000
Called SetLoopLookahead: init: 0, final: 100000000, step: 1, loopDepth: 0, cumulative-num-iterations: 100000000, look-ahead-ns: 518518496
Avg-Compute-Communication-Ratio = 3204.875407
Process 3 contributed MY_TOTAL = -nan, my_a = 191.000000, my_b= 191.500000
Integral: 18 computed

------------------------------------------------------------------------------
Waiting to receive partition information from master !
Process 3 computing itegral over my_a = 201.000000, my_b= 201.500000
Called SetLoopLookahead: init: 0, final: 100000000, step: 1, loopDepth: 0, cumulative-num-iterations: 100000000, look-ahead-ns: 518518496
Avg-Compute-Communication-Ratio = 3199.723234
Process 3 contributed MY_TOTAL = -nan, my_a = 201.000000, my_b= 201.500000
Integral: 19 computed

------------------------------------------------------------------------------
Waiting to receive partition information from master !
Process 3 computing itegral over my_a = 211.000000, my_b= 211.500000
Called SetLoopLookahead: init: 0, final: 100000000, step: 1, loopDepth: 0, cumulative-num-iterations: 100000000, look-ahead-ns: 518518496
Avg-Compute-Communication-Ratio = 3194.138457
Process 3 contributed MY_TOTAL = -nan, my_a = 211.000000, my_b= 211.500000
Integral: 20 computed

------------------------------------------------------------------------------
Waiting to receive partition information from master !
Process 3 computing itegral over my_a = 221.000000, my_b= 221.500000
Called SetLoopLookahead: init: 0, final: 100000000, step: 1, loopDepth: 0, cumulative-num-iterations: 100000000, look-ahead-ns: 518518496
Avg-Compute-Communication-Ratio = 3189.970078
Process 3 contributed MY_TOTAL = -nan, my_a = 221.000000, my_b= 221.500000
Integral: 21 computed

------------------------------------------------------------------------------
Waiting to receive partition information from master !
Process 3 computing itegral over my_a = 231.000000, my_b= 231.500000
Called SetLoopLookahead: init: 0, final: 100000000, step: 1, loopDepth: 0, cumulative-num-iterations: 100000000, look-ahead-ns: 518518496
Avg-Compute-Communication-Ratio = 3186.173925
Process 3 contributed MY_TOTAL = -nan, my_a = 231.000000, my_b= 231.500000
Integral: 22 computed

------------------------------------------------------------------------------
Waiting to receive partition information from master !
Process 3 computing itegral over my_a = 241.000000, my_b= 241.500000
Called SetLoopLookahead: init: 0, final: 100000000, step: 1, loopDepth: 0, cumulative-num-iterations: 100000000, look-ahead-ns: 518518496
Avg-Compute-Communication-Ratio = 3180.261692
Process 3 contributed MY_TOTAL = -nan, my_a = 241.000000, my_b= 241.500000
Integral: 23 computed

------------------------------------------------------------------------------
Waiting to receive partition information from master !
Process 3 computing itegral over my_a = 251.000000, my_b= 251.500000
Called SetLoopLookahead: init: 0, final: 100000000, step: 1, loopDepth: 0, cumulative-num-iterations: 100000000, look-ahead-ns: 518518496
Avg-Compute-Communication-Ratio = 3183.418222
Process 3 contributed MY_TOTAL = -nan, my_a = 251.000000, my_b= 251.500000
Integral: 24 computed

------------------------------------------------------------------------------
Waiting to receive partition information from master !
Process 3 computing itegral over my_a = 261.000000, my_b= 261.500000
Called SetLoopLookahead: init: 0, final: 100000000, step: 1, loopDepth: 0, cumulative-num-iterations: 100000000, look-ahead-ns: 518518496
Avg-Compute-Communication-Ratio = 3177.326184
Process 3 contributed MY_TOTAL = -nan, my_a = 261.000000, my_b= 261.500000
Integral: 25 computed

------------------------------------------------------------------------------
Waiting to receive partition information from master !
Process 3 computing itegral over my_a = 271.000000, my_b= 271.500000
Called SetLoopLookahead: init: 0, final: 100000000, step: 1, loopDepth: 0, cumulative-num-iterations: 100000000, look-ahead-ns: 518518496
Avg-Compute-Communication-Ratio = 3179.629798
Process 3 contributed MY_TOTAL = -nan, my_a = 271.000000, my_b= 271.500000
Integral: 26 computed

------------------------------------------------------------------------------
Waiting to receive partition information from master !
Process 3 computing itegral over my_a = 281.000000, my_b= 281.500000
Called SetLoopLookahead: init: 0, final: 100000000, step: 1, loopDepth: 0, cumulative-num-iterations: 100000000, look-ahead-ns: 518518496
Avg-Compute-Communication-Ratio = 3172.732736
Process 3 contributed MY_TOTAL = -nan, my_a = 281.000000, my_b= 281.500000
Integral: 27 computed

------------------------------------------------------------------------------
Waiting to receive partition information from master !
Process 3 computing itegral over my_a = 291.000000, my_b= 291.500000
Called SetLoopLookahead: init: 0, final: 100000000, step: 1, loopDepth: 0, cumulative-num-iterations: 100000000, look-ahead-ns: 518518496
Avg-Compute-Communication-Ratio = 3173.019835
Process 3 contributed MY_TOTAL = -nan, my_a = 291.000000, my_b= 291.500000
Integral: 28 computed

------------------------------------------------------------------------------
Waiting to receive partition information from master !
Process 3 computing itegral over my_a = 301.000000, my_b= 301.500000
Called SetLoopLookahead: init: 0, final: 100000000, step: 1, loopDepth: 0, cumulative-num-iterations: 100000000, look-ahead-ns: 518518496
Avg-Compute-Communication-Ratio = 3170.054208
Process 3 contributed MY_TOTAL = -nan, my_a = 301.000000, my_b= 301.500000
Integral: 29 computed

------------------------------------------------------------------------------
Waiting to receive partition information from master !
Process 3 computing itegral over my_a = 311.000000, my_b= 311.500000
Called SetLoopLookahead: init: 0, final: 100000000, step: 1, loopDepth: 0, cumulative-num-iterations: 100000000, look-ahead-ns: 518518496
Avg-Compute-Communication-Ratio = 3167.909145
Process 3 contributed MY_TOTAL = -nan, my_a = 311.000000, my_b= 311.500000
Integral: 30 computed

------------------------------------------------------------------------------
Waiting to receive partition information from master !
Process 3 computing itegral over my_a = 321.000000, my_b= 321.500000
Called SetLoopLookahead: init: 0, final: 100000000, step: 1, loopDepth: 0, cumulative-num-iterations: 100000000, look-ahead-ns: 518518496
Avg-Compute-Communication-Ratio = 3167.109372
Process 3 contributed MY_TOTAL = -nan, my_a = 321.000000, my_b= 321.500000
Integral: 31 computed

------------------------------------------------------------------------------
Waiting to receive partition information from master !
Process 3 computing itegral over my_a = 331.000000, my_b= 331.500000
Called SetLoopLookahead: init: 0, final: 100000000, step: 1, loopDepth: 0, cumulative-num-iterations: 100000000, look-ahead-ns: 518518496
Avg-Compute-Communication-Ratio = 3169.877918
Process 3 contributed MY_TOTAL = -nan, my_a = 331.000000, my_b= 331.500000
Integral: 32 computed

------------------------------------------------------------------------------
Waiting to receive partition information from master !
Process 3 computing itegral over my_a = 341.000000, my_b= 341.500000
Called SetLoopLookahead: init: 0, final: 100000000, step: 1, loopDepth: 0, cumulative-num-iterations: 100000000, look-ahead-ns: 518518496
Avg-Compute-Communication-Ratio = 3169.066331
Process 3 contributed MY_TOTAL = -nan, my_a = 341.000000, my_b= 341.500000
Integral: 33 computed

------------------------------------------------------------------------------
Waiting to receive partition information from master !
Process 3 computing itegral over my_a = 351.000000, my_b= 351.500000
Called SetLoopLookahead: init: 0, final: 100000000, step: 1, loopDepth: 0, cumulative-num-iterations: 100000000, look-ahead-ns: 518518496
Avg-Compute-Communication-Ratio = 3169.408138
Process 3 contributed MY_TOTAL = -nan, my_a = 351.000000, my_b= 351.500000
Integral: 34 computed

------------------------------------------------------------------------------
Waiting to receive partition information from master !
Process 3 computing itegral over my_a = 361.000000, my_b= 361.500000
Called SetLoopLookahead: init: 0, final: 100000000, step: 1, loopDepth: 0, cumulative-num-iterations: 100000000, look-ahead-ns: 518518496
Avg-Compute-Communication-Ratio = 3166.504835
Process 3 contributed MY_TOTAL = -nan, my_a = 361.000000, my_b= 361.500000
Integral: 35 computed

------------------------------------------------------------------------------
Waiting to receive partition information from master !
Process 3 computing itegral over my_a = 371.000000, my_b= 371.500000
Called SetLoopLookahead: init: 0, final: 100000000, step: 1, loopDepth: 0, cumulative-num-iterations: 100000000, look-ahead-ns: 518518496
Avg-Compute-Communication-Ratio = 3162.720244
Process 3 contributed MY_TOTAL = -nan, my_a = 371.000000, my_b= 371.500000
Integral: 36 computed

------------------------------------------------------------------------------
Waiting to receive partition information from master !
Process 3 computing itegral over my_a = 381.000000, my_b= 381.500000
Called SetLoopLookahead: init: 0, final: 100000000, step: 1, loopDepth: 0, cumulative-num-iterations: 100000000, look-ahead-ns: 518518496
Avg-Compute-Communication-Ratio = 3164.216477
Process 3 contributed MY_TOTAL = -nan, my_a = 381.000000, my_b= 381.500000
Integral: 37 computed

------------------------------------------------------------------------------
Waiting to receive partition information from master !
Process 3 computing itegral over my_a = 391.000000, my_b= 391.500000
Called SetLoopLookahead: init: 0, final: 100000000, step: 1, loopDepth: 0, cumulative-num-iterations: 100000000, look-ahead-ns: 518518496
Exp finishing. Stopping stack thread with id: 6!

------------------------- ACTUAL STDOUT FROM EXECUTABLE ENDED -----------------------------

Process: 6 exiting VT experiment !
Main thread exiting. PID = 6
